                          Options
                          seed: 1122
                          batch_size: 256
                          no_cuda: False
                          max_frames: 1400000
                          buffer_size: 100000
                          update_target: 1000
                          train_freq: 1000
                          gamma: 0.99
                          eta: 0.1
                          rl_start: 10000
                          sl_start: 1000
                          dueling: False
                          multi_step: 1
                          env: pong_v1
                          negative: False
                          load_model: None
                          save_model: model
                          evaluate: False
                          render: False
                          evaluation_interval: 10000
                          lr: 0.0001
                          max_tag_interval: 1000
                          eps_start: 1.0
                          eps_final: 0.01
                          eps_decay: 30000
                          cuda: True
                          device: cuda
Box(0, 1, (12, 84, 84), uint8) Discrete(18)
Frame: 10000    FPS: 31.51 Avg. Tagging Interval Length: 1.00
Player 1 Avg. Reward: -5.71 Avg. RL/SL Loss: 0.00/0.00
Player 2 Avg. Reward: 5.71 Avg. RL/SL Loss: 0.00/0.00
Frame: 20000    FPS: 31.57 Avg. Tagging Interval Length: 1.00
Player 1 Avg. Reward: 5.00 Avg. RL/SL Loss: 0.03/2.86
Player 2 Avg. Reward: -5.00 Avg. RL/SL Loss: 0.03/2.86
Frame: 30000    FPS: 31.09 Avg. Tagging Interval Length: 1.00
Player 1 Avg. Reward: 1.57 Avg. RL/SL Loss: 0.09/2.82
Player 2 Avg. Reward: -1.57 Avg. RL/SL Loss: 0.09/2.81
Frame: 40000    FPS: 31.08 Avg. Tagging Interval Length: 1.00
Player 1 Avg. Reward: 8.25 Avg. RL/SL Loss: 0.27/2.64
Player 2 Avg. Reward: -8.25 Avg. RL/SL Loss: 0.54/2.74
Frame: 50000    FPS: 31.46 Avg. Tagging Interval Length: 1.00
Player 1 Avg. Reward: 6.67 Avg. RL/SL Loss: 0.84/2.60
Player 2 Avg. Reward: -6.67 Avg. RL/SL Loss: 1.70/2.62
Frame: 60000    FPS: 31.46 Avg. Tagging Interval Length: 1.00
Player 1 Avg. Reward: 4.67 Avg. RL/SL Loss: 2.95/2.64
Player 2 Avg. Reward: -4.67 Avg. RL/SL Loss: 4.24/2.55
Frame: 70000    FPS: 31.48 Avg. Tagging Interval Length: 1.00
Player 1 Avg. Reward: 8.62 Avg. RL/SL Loss: 8.54/2.72
Player 2 Avg. Reward: -8.62 Avg. RL/SL Loss: 8.57/2.68
Frame: 80000    FPS: 31.21 Avg. Tagging Interval Length: 1.00
Player 1 Avg. Reward: 7.83 Avg. RL/SL Loss: 18.74/2.67
Player 2 Avg. Reward: -7.83 Avg. RL/SL Loss: 16.30/2.71
Frame: 90000    FPS: 31.25 Avg. Tagging Interval Length: 1.00
Player 1 Avg. Reward: 5.00 Avg. RL/SL Loss: 37.37/2.62
Player 2 Avg. Reward: -5.00 Avg. RL/SL Loss: 26.54/2.65
Frame: 100000   FPS: 31.40 Avg. Tagging Interval Length: 1.00
Player 1 Avg. Reward: 7.71 Avg. RL/SL Loss: 65.34/2.54
Player 2 Avg. Reward: -7.71 Avg. RL/SL Loss: 41.27/2.72
Frame: 110000   FPS: 31.19 Avg. Tagging Interval Length: 1.00
Player 1 Avg. Reward: 2.33 Avg. RL/SL Loss: 85.69/2.50
Player 2 Avg. Reward: -2.33 Avg. RL/SL Loss: 61.05/2.71
Frame: 120000   FPS: 31.21 Avg. Tagging Interval Length: 1.00
Player 1 Avg. Reward: 6.14 Avg. RL/SL Loss: 119.84/2.66
Player 2 Avg. Reward: -6.14 Avg. RL/SL Loss: 63.68/2.75
Frame: 130000   FPS: 31.37 Avg. Tagging Interval Length: 1.00
Player 1 Avg. Reward: -0.14 Avg. RL/SL Loss: 160.52/2.63
Player 2 Avg. Reward: 0.14 Avg. RL/SL Loss: 68.59/2.75
Frame: 140000   FPS: 31.44 Avg. Tagging Interval Length: 1.00
Player 1 Avg. Reward: 2.33 Avg. RL/SL Loss: 174.62/2.62
Player 2 Avg. Reward: -2.33 Avg. RL/SL Loss: 56.10/2.73
Frame: 150000   FPS: 31.41 Avg. Tagging Interval Length: 1.00
Player 1 Avg. Reward: 2.29 Avg. RL/SL Loss: 172.75/2.56
Player 2 Avg. Reward: -2.29 Avg. RL/SL Loss: 52.98/2.72
Frame: 160000   FPS: 31.39 Avg. Tagging Interval Length: 1.00
Player 1 Avg. Reward: 6.71 Avg. RL/SL Loss: 162.00/2.53
Player 2 Avg. Reward: -6.71 Avg. RL/SL Loss: 69.72/2.75
Frame: 170000   FPS: 31.48 Avg. Tagging Interval Length: 1.00
Player 1 Avg. Reward: 6.29 Avg. RL/SL Loss: 193.05/2.63
Player 2 Avg. Reward: -6.29 Avg. RL/SL Loss: 73.76/2.73
Frame: 180000   FPS: 31.39 Avg. Tagging Interval Length: 1.00
Player 1 Avg. Reward: 9.00 Avg. RL/SL Loss: 201.18/2.59
Player 2 Avg. Reward: -9.00 Avg. RL/SL Loss: 76.27/2.72
Frame: 190000   FPS: 31.39 Avg. Tagging Interval Length: 1.00
Player 1 Avg. Reward: 11.38 Avg. RL/SL Loss: 193.89/2.51
Player 2 Avg. Reward: -11.38 Avg. RL/SL Loss: 72.44/2.73
Frame: 200000   FPS: 31.41 Avg. Tagging Interval Length: 1.00
Player 1 Avg. Reward: 9.14 Avg. RL/SL Loss: 176.05/2.46
Player 2 Avg. Reward: -9.14 Avg. RL/SL Loss: 78.81/2.77
Frame: 210000   FPS: 31.46 Avg. Tagging Interval Length: 1.00
Player 1 Avg. Reward: 7.88 Avg. RL/SL Loss: 140.75/2.41
Player 2 Avg. Reward: -7.88 Avg. RL/SL Loss: 64.20/2.77
Frame: 220000   FPS: 31.44 Avg. Tagging Interval Length: 1.00
Player 1 Avg. Reward: 7.71 Avg. RL/SL Loss: 130.78/2.46
Player 2 Avg. Reward: -7.71 Avg. RL/SL Loss: 65.09/2.77
Frame: 230000   FPS: 31.36 Avg. Tagging Interval Length: 1.00
Player 1 Avg. Reward: 11.12 Avg. RL/SL Loss: 113.14/2.47
Player 2 Avg. Reward: -11.12 Avg. RL/SL Loss: 55.52/2.79
Frame: 240000   FPS: 31.38 Avg. Tagging Interval Length: 1.00
Player 1 Avg. Reward: 9.43 Avg. RL/SL Loss: 114.36/2.48
Player 2 Avg. Reward: -9.43 Avg. RL/SL Loss: 45.94/2.76
Frame: 250000   FPS: 31.38 Avg. Tagging Interval Length: 1.00
Player 1 Avg. Reward: 6.67 Avg. RL/SL Loss: 131.02/2.46
Player 2 Avg. Reward: -6.67 Avg. RL/SL Loss: 43.11/2.80
Frame: 260000   FPS: 31.52 Avg. Tagging Interval Length: 1.00
Player 1 Avg. Reward: 2.71 Avg. RL/SL Loss: 110.28/2.49
Player 2 Avg. Reward: -2.71 Avg. RL/SL Loss: 41.80/2.81
Frame: 270000   FPS: 31.53 Avg. Tagging Interval Length: 1.00
Player 1 Avg. Reward: 6.86 Avg. RL/SL Loss: 88.17/2.53
Player 2 Avg. Reward: -6.86 Avg. RL/SL Loss: 35.12/2.82
Frame: 280000   FPS: 31.36 Avg. Tagging Interval Length: 1.00
Player 1 Avg. Reward: 8.14 Avg. RL/SL Loss: 80.04/2.52
Player 2 Avg. Reward: -8.14 Avg. RL/SL Loss: 28.12/2.84
Frame: 290000   FPS: 31.42 Avg. Tagging Interval Length: 1.00
Player 1 Avg. Reward: 10.25 Avg. RL/SL Loss: 64.59/2.54
Player 2 Avg. Reward: -10.25 Avg. RL/SL Loss: 21.75/2.83
Frame: 300000   FPS: 31.63 Avg. Tagging Interval Length: 1.00
Player 1 Avg. Reward: 1.00 Avg. RL/SL Loss: 56.48/2.55
Player 2 Avg. Reward: -1.00 Avg. RL/SL Loss: 16.04/2.83
Frame: 310000   FPS: 31.55 Avg. Tagging Interval Length: 1.00
Player 1 Avg. Reward: 8.88 Avg. RL/SL Loss: 61.66/2.60
Player 2 Avg. Reward: -8.88 Avg. RL/SL Loss: 12.50/2.83
Frame: 320000   FPS: 31.51 Avg. Tagging Interval Length: 1.00
Player 1 Avg. Reward: 3.86 Avg. RL/SL Loss: 61.12/2.60
Player 2 Avg. Reward: -3.86 Avg. RL/SL Loss: 8.68/2.83
Frame: 330000   FPS: 31.53 Avg. Tagging Interval Length: 1.00
Player 1 Avg. Reward: 13.50 Avg. RL/SL Loss: 53.80/2.58
Player 2 Avg. Reward: -13.50 Avg. RL/SL Loss: 7.42/2.84
Frame: 340000   FPS: 31.72 Avg. Tagging Interval Length: 1.00
Player 1 Avg. Reward: 9.75 Avg. RL/SL Loss: 40.39/2.62
Player 2 Avg. Reward: -9.75 Avg. RL/SL Loss: 6.47/2.83
Frame: 350000   FPS: 31.52 Avg. Tagging Interval Length: 1.00
Player 1 Avg. Reward: 11.50 Avg. RL/SL Loss: 34.90/2.65
Player 2 Avg. Reward: -11.50 Avg. RL/SL Loss: 5.78/2.81
Frame: 360000   FPS: 31.59 Avg. Tagging Interval Length: 1.00
Player 1 Avg. Reward: 9.71 Avg. RL/SL Loss: 28.59/2.62
Player 2 Avg. Reward: -9.71 Avg. RL/SL Loss: 4.48/2.80
Frame: 370000   FPS: 31.52 Avg. Tagging Interval Length: 1.00
Player 1 Avg. Reward: 6.71 Avg. RL/SL Loss: 22.01/2.63
Player 2 Avg. Reward: -6.71 Avg. RL/SL Loss: 3.89/2.80
Frame: 380000   FPS: 31.56 Avg. Tagging Interval Length: 1.00
Player 1 Avg. Reward: 12.25 Avg. RL/SL Loss: 20.28/2.61
Player 2 Avg. Reward: -12.25 Avg. RL/SL Loss: 3.47/2.77
Frame: 390000   FPS: 31.61 Avg. Tagging Interval Length: 1.00
Player 1 Avg. Reward: 14.11 Avg. RL/SL Loss: 18.83/2.60
Player 2 Avg. Reward: -14.11 Avg. RL/SL Loss: 2.70/2.76
Frame: 400000   FPS: 31.65 Avg. Tagging Interval Length: 1.00
Player 1 Avg. Reward: 10.00 Avg. RL/SL Loss: 15.57/2.62
Player 2 Avg. Reward: -10.00 Avg. RL/SL Loss: 2.93/2.78
Frame: 410000   FPS: 31.49 Avg. Tagging Interval Length: 1.00
Player 1 Avg. Reward: 8.71 Avg. RL/SL Loss: 12.72/2.61
Player 2 Avg. Reward: -8.71 Avg. RL/SL Loss: 2.59/2.77
Frame: 420000   FPS: 31.51 Avg. Tagging Interval Length: 1.00
Player 1 Avg. Reward: 9.22 Avg. RL/SL Loss: 11.20/2.61
Player 2 Avg. Reward: -9.22 Avg. RL/SL Loss: 2.09/2.77
Frame: 430000   FPS: 31.44 Avg. Tagging Interval Length: 1.00
Player 1 Avg. Reward: 5.62 Avg. RL/SL Loss: 9.44/2.62
Player 2 Avg. Reward: -5.62 Avg. RL/SL Loss: 2.62/2.80
Frame: 440000   FPS: 31.50 Avg. Tagging Interval Length: 1.00
Player 1 Avg. Reward: 2.67 Avg. RL/SL Loss: 8.75/2.63
Player 2 Avg. Reward: -2.67 Avg. RL/SL Loss: 1.89/2.80
Frame: 450000   FPS: 31.45 Avg. Tagging Interval Length: 1.00
Player 1 Avg. Reward: 11.25 Avg. RL/SL Loss: 7.16/2.60
Player 2 Avg. Reward: -11.25 Avg. RL/SL Loss: 2.05/2.78
Frame: 460000   FPS: 31.42 Avg. Tagging Interval Length: 1.00
Player 1 Avg. Reward: 10.14 Avg. RL/SL Loss: 7.06/2.57
Player 2 Avg. Reward: -10.14 Avg. RL/SL Loss: 1.97/2.78
Frame: 470000   FPS: 31.52 Avg. Tagging Interval Length: 1.00
Player 1 Avg. Reward: 0.00 Avg. RL/SL Loss: 6.42/2.55
Player 2 Avg. Reward: 0.00 Avg. RL/SL Loss: 1.82/2.76
Frame: 480000   FPS: 31.56 Avg. Tagging Interval Length: 1.00
Player 1 Avg. Reward: 2.88 Avg. RL/SL Loss: 5.82/2.55
Player 2 Avg. Reward: -2.88 Avg. RL/SL Loss: 1.52/2.76
Frame: 490000   FPS: 31.59 Avg. Tagging Interval Length: 1.00
Player 1 Avg. Reward: 6.43 Avg. RL/SL Loss: 5.49/2.53
Player 2 Avg. Reward: -6.43 Avg. RL/SL Loss: 1.66/2.72
Frame: 500000   FPS: 31.78 Avg. Tagging Interval Length: 1.00
Player 1 Avg. Reward: 8.00 Avg. RL/SL Loss: 5.06/2.52
Player 2 Avg. Reward: -8.00 Avg. RL/SL Loss: 1.48/2.72
Frame: 510000   FPS: 31.47 Avg. Tagging Interval Length: 1.00
Player 1 Avg. Reward: 10.25 Avg. RL/SL Loss: 4.67/2.48
Player 2 Avg. Reward: -10.25 Avg. RL/SL Loss: 1.33/2.75
Frame: 520000   FPS: 31.48 Avg. Tagging Interval Length: 1.00
Player 1 Avg. Reward: 3.83 Avg. RL/SL Loss: 4.08/2.51
Player 2 Avg. Reward: -3.83 Avg. RL/SL Loss: 1.36/2.72
Frame: 530000   FPS: 31.56 Avg. Tagging Interval Length: 1.00
Player 1 Avg. Reward: 9.50 Avg. RL/SL Loss: 4.04/2.48
Player 2 Avg. Reward: -9.50 Avg. RL/SL Loss: 1.33/2.73
Frame: 540000   FPS: 31.41 Avg. Tagging Interval Length: 1.00
Player 1 Avg. Reward: 7.17 Avg. RL/SL Loss: 3.50/2.47
Player 2 Avg. Reward: -7.17 Avg. RL/SL Loss: 1.29/2.72
Frame: 550000   FPS: 31.38 Avg. Tagging Interval Length: 1.00
Player 1 Avg. Reward: 9.25 Avg. RL/SL Loss: 3.13/2.46
Player 2 Avg. Reward: -9.25 Avg. RL/SL Loss: 1.15/2.72
Frame: 560000   FPS: 31.50 Avg. Tagging Interval Length: 1.00
Player 1 Avg. Reward: 12.38 Avg. RL/SL Loss: 3.15/2.48
Player 2 Avg. Reward: -12.38 Avg. RL/SL Loss: 0.94/2.73
Frame: 570000   FPS: 31.36 Avg. Tagging Interval Length: 1.00
Player 1 Avg. Reward: 12.00 Avg. RL/SL Loss: 2.81/2.47
Player 2 Avg. Reward: -12.00 Avg. RL/SL Loss: 0.93/2.77
Frame: 580000   FPS: 31.28 Avg. Tagging Interval Length: 1.00
Player 1 Avg. Reward: 3.00 Avg. RL/SL Loss: 2.54/2.44
Player 2 Avg. Reward: -3.00 Avg. RL/SL Loss: 0.99/2.75
Frame: 590000   FPS: 31.08 Avg. Tagging Interval Length: 1.00
Player 1 Avg. Reward: 9.57 Avg. RL/SL Loss: 2.32/2.42
Player 2 Avg. Reward: -9.57 Avg. RL/SL Loss: 0.95/2.73
Frame: 600000   FPS: 31.04 Avg. Tagging Interval Length: 1.00
Player 1 Avg. Reward: 0.71 Avg. RL/SL Loss: 2.25/2.40
Player 2 Avg. Reward: -0.71 Avg. RL/SL Loss: 0.95/2.75
Frame: 610000   FPS: 31.07 Avg. Tagging Interval Length: 1.00
Player 1 Avg. Reward: 3.00 Avg. RL/SL Loss: 2.38/2.40
Player 2 Avg. Reward: -3.00 Avg. RL/SL Loss: 0.91/2.74
Frame: 620000   FPS: 31.46 Avg. Tagging Interval Length: 1.00
Player 1 Avg. Reward: 3.29 Avg. RL/SL Loss: 1.86/2.35
Player 2 Avg. Reward: -3.29 Avg. RL/SL Loss: 0.99/2.74
Frame: 630000   FPS: 31.34 Avg. Tagging Interval Length: 1.00
Player 1 Avg. Reward: 5.50 Avg. RL/SL Loss: 2.10/2.37
Player 2 Avg. Reward: -5.50 Avg. RL/SL Loss: 0.71/2.72
Frame: 640000   FPS: 31.51 Avg. Tagging Interval Length: 1.00
Player 1 Avg. Reward: 1.57 Avg. RL/SL Loss: 1.59/2.34
Player 2 Avg. Reward: -1.57 Avg. RL/SL Loss: 0.65/2.71
Frame: 650000   FPS: 31.49 Avg. Tagging Interval Length: 1.00
Player 1 Avg. Reward: -0.83 Avg. RL/SL Loss: 1.50/2.32
Player 2 Avg. Reward: 0.83 Avg. RL/SL Loss: 0.73/2.71
Frame: 660000   FPS: 31.51 Avg. Tagging Interval Length: 1.00
Player 1 Avg. Reward: 3.62 Avg. RL/SL Loss: 1.33/2.31
Player 2 Avg. Reward: -3.62 Avg. RL/SL Loss: 0.78/2.72
Frame: 670000   FPS: 31.33 Avg. Tagging Interval Length: 1.00
Player 1 Avg. Reward: 7.38 Avg. RL/SL Loss: 1.36/2.27
Player 2 Avg. Reward: -7.38 Avg. RL/SL Loss: 0.78/2.72
Frame: 680000   FPS: 29.77 Avg. Tagging Interval Length: 1.00
Player 1 Avg. Reward: 2.00 Avg. RL/SL Loss: 1.16/2.29
Player 2 Avg. Reward: -2.00 Avg. RL/SL Loss: 0.68/2.73
Frame: 690000   FPS: 28.79 Avg. Tagging Interval Length: 1.00
Player 1 Avg. Reward: 2.29 Avg. RL/SL Loss: 1.05/2.25
Player 2 Avg. Reward: -2.29 Avg. RL/SL Loss: 0.67/2.76
Frame: 700000   FPS: 28.81 Avg. Tagging Interval Length: 1.00
Player 1 Avg. Reward: 3.50 Avg. RL/SL Loss: 1.15/2.25
Player 2 Avg. Reward: -3.50 Avg. RL/SL Loss: 0.69/2.73
Frame: 710000   FPS: 28.44 Avg. Tagging Interval Length: 1.00
Player 1 Avg. Reward: 7.14 Avg. RL/SL Loss: 1.05/2.21
Player 2 Avg. Reward: -7.14 Avg. RL/SL Loss: 0.55/2.72
Frame: 720000   FPS: 28.91 Avg. Tagging Interval Length: 1.00
Player 1 Avg. Reward: 10.00 Avg. RL/SL Loss: 0.97/2.23
Player 2 Avg. Reward: -10.00 Avg. RL/SL Loss: 0.65/2.71
Frame: 730000   FPS: 28.97 Avg. Tagging Interval Length: 1.00
Player 1 Avg. Reward: 9.62 Avg. RL/SL Loss: 0.96/2.20
Player 2 Avg. Reward: -9.62 Avg. RL/SL Loss: 0.52/2.70
Frame: 740000   FPS: 28.99 Avg. Tagging Interval Length: 1.00
Player 1 Avg. Reward: 9.14 Avg. RL/SL Loss: 0.70/2.20
Player 2 Avg. Reward: -9.14 Avg. RL/SL Loss: 0.63/2.67
Frame: 750000   FPS: 28.76 Avg. Tagging Interval Length: 1.00
Player 1 Avg. Reward: -1.71 Avg. RL/SL Loss: 0.73/2.14
Player 2 Avg. Reward: 1.71 Avg. RL/SL Loss: 0.53/2.67
Frame: 760000   FPS: 28.74 Avg. Tagging Interval Length: 1.00
Player 1 Avg. Reward: 0.62 Avg. RL/SL Loss: 0.66/2.15
Player 2 Avg. Reward: -0.62 Avg. RL/SL Loss: 0.56/2.67
Frame: 770000   FPS: 28.42 Avg. Tagging Interval Length: 1.00
Player 1 Avg. Reward: 4.25 Avg. RL/SL Loss: 0.58/2.15
Player 2 Avg. Reward: -4.25 Avg. RL/SL Loss: 0.52/2.69
Frame: 780000   FPS: 28.36 Avg. Tagging Interval Length: 1.00
Player 1 Avg. Reward: -2.71 Avg. RL/SL Loss: 0.55/2.12
Player 2 Avg. Reward: 2.71 Avg. RL/SL Loss: 0.53/2.68
Frame: 790000   FPS: 31.36 Avg. Tagging Interval Length: 1.00
Player 1 Avg. Reward: 1.12 Avg. RL/SL Loss: 0.43/2.14
Player 2 Avg. Reward: -1.12 Avg. RL/SL Loss: 0.61/2.66
Frame: 800000   FPS: 31.60 Avg. Tagging Interval Length: 1.00
Player 1 Avg. Reward: 5.88 Avg. RL/SL Loss: 0.47/2.10
Player 2 Avg. Reward: -5.88 Avg. RL/SL Loss: 0.47/2.71
Frame: 810000   FPS: 31.63 Avg. Tagging Interval Length: 1.00
Player 1 Avg. Reward: -2.57 Avg. RL/SL Loss: 0.45/2.13
Player 2 Avg. Reward: 2.57 Avg. RL/SL Loss: 0.42/2.68
Frame: 820000   FPS: 30.99 Avg. Tagging Interval Length: 1.00
Player 1 Avg. Reward: 1.00 Avg. RL/SL Loss: 0.48/2.13
Player 2 Avg. Reward: -1.00 Avg. RL/SL Loss: 0.46/2.70
Frame: 830000   FPS: 29.19 Avg. Tagging Interval Length: 1.00
Player 1 Avg. Reward: 1.86 Avg. RL/SL Loss: 0.44/2.12
Player 2 Avg. Reward: -1.86 Avg. RL/SL Loss: 0.44/2.71
Frame: 840000   FPS: 28.98 Avg. Tagging Interval Length: 1.00
Player 1 Avg. Reward: 1.43 Avg. RL/SL Loss: 0.38/2.06
Player 2 Avg. Reward: -1.43 Avg. RL/SL Loss: 0.43/2.71
Frame: 850000   FPS: 28.82 Avg. Tagging Interval Length: 1.00
Player 1 Avg. Reward: 11.62 Avg. RL/SL Loss: 0.33/2.05
Player 2 Avg. Reward: -11.62 Avg. RL/SL Loss: 0.46/2.70
Frame: 860000   FPS: 28.85 Avg. Tagging Interval Length: 1.00
Player 1 Avg. Reward: 7.00 Avg. RL/SL Loss: 0.28/2.04
Player 2 Avg. Reward: -7.00 Avg. RL/SL Loss: 0.46/2.67
Frame: 870000   FPS: 28.45 Avg. Tagging Interval Length: 1.00
Player 1 Avg. Reward: 9.75 Avg. RL/SL Loss: 0.35/2.05
Player 2 Avg. Reward: -9.75 Avg. RL/SL Loss: 0.47/2.66
Frame: 880000   FPS: 28.12 Avg. Tagging Interval Length: 1.00
Player 1 Avg. Reward: 3.57 Avg. RL/SL Loss: 0.32/2.07
Player 2 Avg. Reward: -3.57 Avg. RL/SL Loss: 0.35/2.67
Frame: 890000   FPS: 28.45 Avg. Tagging Interval Length: 1.00
Player 1 Avg. Reward: 3.57 Avg. RL/SL Loss: 0.26/2.04
Player 2 Avg. Reward: -3.57 Avg. RL/SL Loss: 0.50/2.65
Frame: 900000   FPS: 28.59 Avg. Tagging Interval Length: 1.00
Player 1 Avg. Reward: 4.00 Avg. RL/SL Loss: 0.24/2.06
Player 2 Avg. Reward: -4.00 Avg. RL/SL Loss: 0.37/2.64
Frame: 910000   FPS: 28.54 Avg. Tagging Interval Length: 1.00
Player 1 Avg. Reward: 8.50 Avg. RL/SL Loss: 0.24/2.01
Player 2 Avg. Reward: -8.50 Avg. RL/SL Loss: 0.44/2.65
Frame: 920000   FPS: 28.92 Avg. Tagging Interval Length: 1.00
Player 1 Avg. Reward: 4.29 Avg. RL/SL Loss: 0.23/2.06
Player 2 Avg. Reward: -4.29 Avg. RL/SL Loss: 0.40/2.64
Frame: 930000   FPS: 28.84 Avg. Tagging Interval Length: 1.00
Player 1 Avg. Reward: 6.86 Avg. RL/SL Loss: 0.17/2.02
Player 2 Avg. Reward: -6.86 Avg. RL/SL Loss: 0.39/2.62
Frame: 940000   FPS: 28.68 Avg. Tagging Interval Length: 1.00
Player 1 Avg. Reward: 5.25 Avg. RL/SL Loss: 0.18/2.00
Player 2 Avg. Reward: -5.25 Avg. RL/SL Loss: 0.34/2.65
Frame: 950000   FPS: 28.47 Avg. Tagging Interval Length: 1.00
Player 1 Avg. Reward: 10.43 Avg. RL/SL Loss: 0.27/2.01
Player 2 Avg. Reward: -10.43 Avg. RL/SL Loss: 0.35/2.63
Frame: 960000   FPS: 28.77 Avg. Tagging Interval Length: 1.00
Player 1 Avg. Reward: 2.29 Avg. RL/SL Loss: 0.21/2.00
Player 2 Avg. Reward: -2.29 Avg. RL/SL Loss: 0.33/2.64
Frame: 970000   FPS: 28.93 Avg. Tagging Interval Length: 1.00
Player 1 Avg. Reward: 3.00 Avg. RL/SL Loss: 0.19/2.01
Player 2 Avg. Reward: -3.00 Avg. RL/SL Loss: 0.36/2.65
Frame: 980000   FPS: 28.98 Avg. Tagging Interval Length: 1.00
Player 1 Avg. Reward: 3.00 Avg. RL/SL Loss: 0.15/2.01
Player 2 Avg. Reward: -3.00 Avg. RL/SL Loss: 0.30/2.65
Frame: 990000   FPS: 28.89 Avg. Tagging Interval Length: 1.00
Player 1 Avg. Reward: 5.57 Avg. RL/SL Loss: 0.16/2.01
Player 2 Avg. Reward: -5.57 Avg. RL/SL Loss: 0.35/2.64
Frame: 1000000  FPS: 28.45 Avg. Tagging Interval Length: 1.00
Player 1 Avg. Reward: 8.12 Avg. RL/SL Loss: 0.13/1.96
Player 2 Avg. Reward: -8.12 Avg. RL/SL Loss: 0.23/2.61
Frame: 1010000  FPS: 28.54 Avg. Tagging Interval Length: 1.00
Player 1 Avg. Reward: 2.57 Avg. RL/SL Loss: 0.13/1.96
Player 2 Avg. Reward: -2.57 Avg. RL/SL Loss: 0.29/2.63
Frame: 1020000  FPS: 28.47 Avg. Tagging Interval Length: 1.00
Player 1 Avg. Reward: 2.29 Avg. RL/SL Loss: 0.21/1.92
Player 2 Avg. Reward: -2.29 Avg. RL/SL Loss: 0.24/2.63
Frame: 1030000  FPS: 28.79 Avg. Tagging Interval Length: 1.00
Player 1 Avg. Reward: -0.25 Avg. RL/SL Loss: 0.11/1.87
Player 2 Avg. Reward: 0.25 Avg. RL/SL Loss: 0.24/2.65
Frame: 1040000  FPS: 28.86 Avg. Tagging Interval Length: 1.00
Player 1 Avg. Reward: 1.67 Avg. RL/SL Loss: 0.14/1.87
Player 2 Avg. Reward: -1.67 Avg. RL/SL Loss: 0.30/2.65
Frame: 1050000  FPS: 29.09 Avg. Tagging Interval Length: 1.00
Player 1 Avg. Reward: -0.71 Avg. RL/SL Loss: 0.08/1.93
Player 2 Avg. Reward: 0.71 Avg. RL/SL Loss: 0.30/2.62
Frame: 1060000  FPS: 28.98 Avg. Tagging Interval Length: 1.00
Player 1 Avg. Reward: 0.33 Avg. RL/SL Loss: 0.10/1.94
Player 2 Avg. Reward: -0.33 Avg. RL/SL Loss: 0.33/2.65
Frame: 1070000  FPS: 28.56 Avg. Tagging Interval Length: 1.00
Player 1 Avg. Reward: -2.25 Avg. RL/SL Loss: 0.09/1.95
Player 2 Avg. Reward: 2.25 Avg. RL/SL Loss: 0.28/2.64
Frame: 1080000  FPS: 28.32 Avg. Tagging Interval Length: 1.00
Player 1 Avg. Reward: 5.00 Avg. RL/SL Loss: 0.10/1.96
Player 2 Avg. Reward: -5.00 Avg. RL/SL Loss: 0.23/2.64
Frame: 1090000  FPS: 28.68 Avg. Tagging Interval Length: 1.00
Player 1 Avg. Reward: 2.38 Avg. RL/SL Loss: 0.11/2.00
Player 2 Avg. Reward: -2.38 Avg. RL/SL Loss: 0.20/2.65
Frame: 1100000  FPS: 29.10 Avg. Tagging Interval Length: 1.00
Player 1 Avg. Reward: 2.88 Avg. RL/SL Loss: 0.10/1.98
Player 2 Avg. Reward: -2.88 Avg. RL/SL Loss: 0.28/2.64
Frame: 1110000  FPS: 29.20 Avg. Tagging Interval Length: 1.00
Player 1 Avg. Reward: 3.86 Avg. RL/SL Loss: 0.11/1.99
Player 2 Avg. Reward: -3.86 Avg. RL/SL Loss: 0.26/2.62
Frame: 1120000  FPS: 29.34 Avg. Tagging Interval Length: 1.00
Player 1 Avg. Reward: 8.29 Avg. RL/SL Loss: 0.11/1.98
Player 2 Avg. Reward: -8.29 Avg. RL/SL Loss: 0.27/2.63
Frame: 1130000  FPS: 28.94 Avg. Tagging Interval Length: 1.00
Player 1 Avg. Reward: 5.43 Avg. RL/SL Loss: 0.13/2.00
Player 2 Avg. Reward: -5.43 Avg. RL/SL Loss: 0.22/2.62
Frame: 1140000  FPS: 28.50 Avg. Tagging Interval Length: 1.00
Player 1 Avg. Reward: 4.88 Avg. RL/SL Loss: 0.10/2.03
Player 2 Avg. Reward: -4.88 Avg. RL/SL Loss: 0.23/2.59
Frame: 1150000  FPS: 28.65 Avg. Tagging Interval Length: 1.00
Player 1 Avg. Reward: 6.43 Avg. RL/SL Loss: 0.12/2.06
Player 2 Avg. Reward: -6.43 Avg. RL/SL Loss: 0.23/2.60
Frame: 1160000  FPS: 28.37 Avg. Tagging Interval Length: 1.00
Player 1 Avg. Reward: 0.86 Avg. RL/SL Loss: 0.12/2.03
Player 2 Avg. Reward: -0.86 Avg. RL/SL Loss: 0.25/2.59
Frame: 1170000  FPS: 28.39 Avg. Tagging Interval Length: 1.00
Player 1 Avg. Reward: 1.29 Avg. RL/SL Loss: 0.16/1.98
Player 2 Avg. Reward: -1.29 Avg. RL/SL Loss: 0.22/2.57
Frame: 1180000  FPS: 28.74 Avg. Tagging Interval Length: 1.00
Player 1 Avg. Reward: 7.14 Avg. RL/SL Loss: 0.16/1.96
Player 2 Avg. Reward: -7.14 Avg. RL/SL Loss: 0.24/2.57
Frame: 1190000  FPS: 28.30 Avg. Tagging Interval Length: 1.00
Player 1 Avg. Reward: 3.50 Avg. RL/SL Loss: 0.11/1.97
Player 2 Avg. Reward: -3.50 Avg. RL/SL Loss: 0.19/2.53
Frame: 1200000  FPS: 28.45 Avg. Tagging Interval Length: 1.00
Player 1 Avg. Reward: 0.12 Avg. RL/SL Loss: 0.15/1.96
Player 2 Avg. Reward: -0.12 Avg. RL/SL Loss: 0.16/2.54
Frame: 1210000  FPS: 28.43 Avg. Tagging Interval Length: 1.00
Player 1 Avg. Reward: -2.14 Avg. RL/SL Loss: 0.09/1.88
Player 2 Avg. Reward: 2.14 Avg. RL/SL Loss: 0.18/2.51
Frame: 1220000  FPS: 28.62 Avg. Tagging Interval Length: 1.00
Player 1 Avg. Reward: 4.43 Avg. RL/SL Loss: 0.09/1.91
Player 2 Avg. Reward: -4.43 Avg. RL/SL Loss: 0.16/2.55
Frame: 1230000  FPS: 28.64 Avg. Tagging Interval Length: 1.00
Player 1 Avg. Reward: 2.17 Avg. RL/SL Loss: 0.10/1.93
Player 2 Avg. Reward: -2.17 Avg. RL/SL Loss: 0.15/2.54
Frame: 1240000  FPS: 28.69 Avg. Tagging Interval Length: 1.00
Player 1 Avg. Reward: 3.29 Avg. RL/SL Loss: 0.09/1.96
Player 2 Avg. Reward: -3.29 Avg. RL/SL Loss: 0.15/2.52
Frame: 1250000  FPS: 28.84 Avg. Tagging Interval Length: 1.00
Player 1 Avg. Reward: 0.71 Avg. RL/SL Loss: 0.11/1.94
Player 2 Avg. Reward: -0.71 Avg. RL/SL Loss: 0.19/2.48
Frame: 1260000  FPS: 28.47 Avg. Tagging Interval Length: 1.00
Player 1 Avg. Reward: 3.12 Avg. RL/SL Loss: 0.08/1.94
Player 2 Avg. Reward: -3.12 Avg. RL/SL Loss: 0.12/2.52
Frame: 1270000  FPS: 28.43 Avg. Tagging Interval Length: 1.00
Player 1 Avg. Reward: 5.14 Avg. RL/SL Loss: 0.09/1.92
Player 2 Avg. Reward: -5.14 Avg. RL/SL Loss: 0.14/2.49
Frame: 1280000  FPS: 28.57 Avg. Tagging Interval Length: 1.00
Player 1 Avg. Reward: -1.83 Avg. RL/SL Loss: 0.09/1.93
Player 2 Avg. Reward: 1.83 Avg. RL/SL Loss: 0.12/2.46
Frame: 1290000  FPS: 28.54 Avg. Tagging Interval Length: 1.00
Player 1 Avg. Reward: 2.86 Avg. RL/SL Loss: 0.10/1.91
Player 2 Avg. Reward: -2.86 Avg. RL/SL Loss: 0.12/2.44
Frame: 1300000  FPS: 28.35 Avg. Tagging Interval Length: 1.00
Player 1 Avg. Reward: -1.14 Avg. RL/SL Loss: 0.09/1.89
Player 2 Avg. Reward: 1.14 Avg. RL/SL Loss: 0.17/2.44
Frame: 1310000  FPS: 28.85 Avg. Tagging Interval Length: 1.00
Player 1 Avg. Reward: -3.88 Avg. RL/SL Loss: 0.10/1.91
Player 2 Avg. Reward: 3.88 Avg. RL/SL Loss: 0.12/2.44
Frame: 1320000  FPS: 28.53 Avg. Tagging Interval Length: 1.00
Player 1 Avg. Reward: 10.86 Avg. RL/SL Loss: 0.07/1.89
Player 2 Avg. Reward: -10.86 Avg. RL/SL Loss: 0.11/2.44
Frame: 1330000  FPS: 28.63 Avg. Tagging Interval Length: 1.00
Player 1 Avg. Reward: 3.71 Avg. RL/SL Loss: 0.08/1.91
Player 2 Avg. Reward: -3.71 Avg. RL/SL Loss: 0.13/2.41
Frame: 1340000  FPS: 28.45 Avg. Tagging Interval Length: 1.00
Player 1 Avg. Reward: -4.22 Avg. RL/SL Loss: 0.09/1.90
Player 2 Avg. Reward: 4.22 Avg. RL/SL Loss: 0.13/2.39
Frame: 1350000  FPS: 28.69 Avg. Tagging Interval Length: 1.00
Player 1 Avg. Reward: 1.67 Avg. RL/SL Loss: 0.06/1.89
Player 2 Avg. Reward: -1.67 Avg. RL/SL Loss: 0.12/2.40
Frame: 1360000  FPS: 28.94 Avg. Tagging Interval Length: 1.00
Player 1 Avg. Reward: -3.38 Avg. RL/SL Loss: 0.07/1.91
Player 2 Avg. Reward: 3.38 Avg. RL/SL Loss: 0.13/2.38
Frame: 1370000  FPS: 28.91 Avg. Tagging Interval Length: 1.00/home/zihan/anaconda3/envs/x/lib/python3.7/site-packages/tensorflow/python/framework/dtypes.py:516: FutureWarning: Passing (type, 1) or '1type' as a synonym of type is deprecated; in a future version of numpy, it will be understood as (type, (1,)) / '(1,)type'.
  _np_qint8 = np.dtype([("qint8", np.int8, 1)])
/home/zihan/anaconda3/envs/x/lib/python3.7/site-packages/tensorflow/python/framework/dtypes.py:517: FutureWarning: Passing (type, 1) or '1type' as a synonym of type is deprecated; in a future version of numpy, it will be understood as (type, (1,)) / '(1,)type'.
  _np_quint8 = np.dtype([("quint8", np.uint8, 1)])
/home/zihan/anaconda3/envs/x/lib/python3.7/site-packages/tensorflow/python/framework/dtypes.py:518: FutureWarning: Passing (type, 1) or '1type' as a synonym of type is deprecated; in a future version of numpy, it will be understood as (type, (1,)) / '(1,)type'.
  _np_qint16 = np.dtype([("qint16", np.int16, 1)])
/home/zihan/anaconda3/envs/x/lib/python3.7/site-packages/tensorflow/python/framework/dtypes.py:519: FutureWarning: Passing (type, 1) or '1type' as a synonym of type is deprecated; in a future version of numpy, it will be understood as (type, (1,)) / '(1,)type'.
  _np_quint16 = np.dtype([("quint16", np.uint16, 1)])
/home/zihan/anaconda3/envs/x/lib/python3.7/site-packages/tensorflow/python/framework/dtypes.py:520: FutureWarning: Passing (type, 1) or '1type' as a synonym of type is deprecated; in a future version of numpy, it will be understood as (type, (1,)) / '(1,)type'.
  _np_qint32 = np.dtype([("qint32", np.int32, 1)])
/home/zihan/anaconda3/envs/x/lib/python3.7/site-packages/tensorflow/python/framework/dtypes.py:525: FutureWarning: Passing (type, 1) or '1type' as a synonym of type is deprecated; in a future version of numpy, it will be understood as (type, (1,)) / '(1,)type'.
  np_resource = np.dtype([("resource", np.ubyte, 1)])
/home/zihan/anaconda3/envs/x/lib/python3.7/site-packages/tensorboard/compat/tensorflow_stub/dtypes.py:541: FutureWarning: Passing (type, 1) or '1type' as a synonym of type is deprecated; in a future version of numpy, it will be understood as (type, (1,)) / '(1,)type'.
  _np_qint8 = np.dtype([("qint8", np.int8, 1)])
/home/zihan/anaconda3/envs/x/lib/python3.7/site-packages/tensorboard/compat/tensorflow_stub/dtypes.py:542: FutureWarning: Passing (type, 1) or '1type' as a synonym of type is deprecated; in a future version of numpy, it will be understood as (type, (1,)) / '(1,)type'.
  _np_quint8 = np.dtype([("quint8", np.uint8, 1)])
/home/zihan/anaconda3/envs/x/lib/python3.7/site-packages/tensorboard/compat/tensorflow_stub/dtypes.py:543: FutureWarning: Passing (type, 1) or '1type' as a synonym of type is deprecated; in a future version of numpy, it will be understood as (type, (1,)) / '(1,)type'.
  _np_qint16 = np.dtype([("qint16", np.int16, 1)])
/home/zihan/anaconda3/envs/x/lib/python3.7/site-packages/tensorboard/compat/tensorflow_stub/dtypes.py:544: FutureWarning: Passing (type, 1) or '1type' as a synonym of type is deprecated; in a future version of numpy, it will be understood as (type, (1,)) / '(1,)type'.
  _np_quint16 = np.dtype([("quint16", np.uint16, 1)])
/home/zihan/anaconda3/envs/x/lib/python3.7/site-packages/tensorboard/compat/tensorflow_stub/dtypes.py:545: FutureWarning: Passing (type, 1) or '1type' as a synonym of type is deprecated; in a future version of numpy, it will be understood as (type, (1,)) / '(1,)type'.
  _np_qint32 = np.dtype([("qint32", np.int32, 1)])
/home/zihan/anaconda3/envs/x/lib/python3.7/site-packages/tensorboard/compat/tensorflow_stub/dtypes.py:550: FutureWarning: Passing (type, 1) or '1type' as a synonym of type is deprecated; in a future version of numpy, it will be understood as (type, (1,)) / '(1,)type'.
  np_resource = np.dtype([("resource", np.ubyte, 1)])
/home/zihan/anaconda3/envs/x/lib/python3.7/site-packages/stable_baselines/__init__.py:33: UserWarning: stable-baselines is in maintenance mode, please use [Stable-Baselines3 (SB3)](https://github.com/DLR-RM/stable-baselines3) for an up-to-date version. You can find a [migration guide](https://stable-baselines3.readthedocs.io/en/master/guide/migration.html) in SB3 documentation.
  "stable-baselines is in maintenance mode, please use [Stable-Baselines3 (SB3)](https://github.com/DLR-RM/stable-baselines3) for an up-to-date version. You can find a [migration guide](https://stable-baselines3.readthedocs.io/en/master/guide/migration.html) in SB3 documentation."

Player 1 Avg. Reward: 2.43 Avg. RL/SL Loss: 0.07/1.95
Player 2 Avg. Reward: -2.43 Avg. RL/SL Loss: 0.09/2.39
Frame: 1380000  FPS: 28.57 Avg. Tagging Interval Length: 1.00
Player 1 Avg. Reward: -3.00 Avg. RL/SL Loss: 0.06/1.94
Player 2 Avg. Reward: 3.00 Avg. RL/SL Loss: 0.09/2.40
Frame: 1390000  FPS: 28.46 Avg. Tagging Interval Length: 1.00
Player 1 Avg. Reward: -7.71 Avg. RL/SL Loss: 0.08/1.91
Player 2 Avg. Reward: 7.71 Avg. RL/SL Loss: 0.08/2.38
Frame: 1400000  FPS: 28.50 Avg. Tagging Interval Length: 1.00
Player 1 Avg. Reward: -3.50 Avg. RL/SL Loss: 0.06/1.92
Player 2 Avg. Reward: 3.50 Avg. RL/SL Loss: 0.11/2.39
