                          Options
                          seed: 1122
                          batch_size: 32
                          no_cuda: False
                          max_frames: 20000000
                          buffer_size: 100000
                          update_target: 1000
                          train_freq: 1
                          gamma: 0.99
                          eta: 0.1
                          rl_start: 10000
                          sl_start: 1000
                          hidden_dim: 256
                          dueling: False
                          multi_step: 1
                          env: SlimeVolley-v0
                          ram: False
                          negative: False
                          load_model: None
                          save_model: model
                          evaluate: False
                          render: False
                          evaluation_interval: 10000
                          lr: 0.0001
                          max_tag_interval: 1000
                          eps_start: 1.0
                          eps_final: 0.01
                          eps_decay: 30000
                          cuda: True
                          device: cuda:0
Load SlimeVolley env: SlimeVolley-v0
Box(-3.4028234663852886e+38, 3.4028234663852886e+38, (12,), float32) Discrete(6)
Frame: 10000    FPS: 136.14 Avg. Tagging Interval Length: 580.82
Player 1 Avg. Reward: -1.47 Avg. RL/SL Loss: 0.00/0.00
Player 2 Avg. Reward: 1.47 Avg. RL/SL Loss: 0.00/0.00
Frame: 20000    FPS: 29.91 Avg. Tagging Interval Length: 595.35
Player 1 Avg. Reward: -0.29 Avg. RL/SL Loss: 0.01/1.76
Player 2 Avg. Reward: 0.29 Avg. RL/SL Loss: 0.01/1.77
Frame: 30000    FPS: 28.27 Avg. Tagging Interval Length: 645.67
Player 1 Avg. Reward: -1.33 Avg. RL/SL Loss: 0.01/1.77
Player 2 Avg. Reward: 1.33 Avg. RL/SL Loss: 0.01/1.78
Frame: 40000    FPS: 27.84 Avg. Tagging Interval Length: 628.75
Player 1 Avg. Reward: 0.12 Avg. RL/SL Loss: 0.01/1.78
Player 2 Avg. Reward: -0.12 Avg. RL/SL Loss: 0.01/1.78
Frame: 50000    FPS: 28.12 Avg. Tagging Interval Length: 672.73
Player 1 Avg. Reward: 0.20 Avg. RL/SL Loss: 0.01/1.77
Player 2 Avg. Reward: -0.20 Avg. RL/SL Loss: 0.01/1.79
Frame: 60000    FPS: 27.64 Avg. Tagging Interval Length: 651.53
Player 1 Avg. Reward: -0.27 Avg. RL/SL Loss: 0.01/1.77
Player 2 Avg. Reward: 0.27 Avg. RL/SL Loss: 0.01/1.78
Frame: 70000    FPS: 27.25 Avg. Tagging Interval Length: 609.38
Player 1 Avg. Reward: 0.94 Avg. RL/SL Loss: 0.01/1.77
Player 2 Avg. Reward: -0.94 Avg. RL/SL Loss: 0.01/1.78
Frame: 80000    FPS: 27.62 Avg. Tagging Interval Length: 658.25
Player 1 Avg. Reward: -0.19 Avg. RL/SL Loss: 0.01/1.77
Player 2 Avg. Reward: 0.19 Avg. RL/SL Loss: 0.01/1.78
Frame: 90000    FPS: 27.14 Avg. Tagging Interval Length: 607.94
Player 1 Avg. Reward: -0.62 Avg. RL/SL Loss: 0.01/1.77
Player 2 Avg. Reward: 0.62 Avg. RL/SL Loss: 0.01/1.77
Frame: 100000   FPS: 26.90 Avg. Tagging Interval Length: 714.79
Player 1 Avg. Reward: 1.43 Avg. RL/SL Loss: 0.01/1.77
Player 2 Avg. Reward: -1.43 Avg. RL/SL Loss: 0.01/1.76
Frame: 110000   FPS: 26.97 Avg. Tagging Interval Length: 635.75
Player 1 Avg. Reward: -0.38 Avg. RL/SL Loss: 0.01/1.77
Player 2 Avg. Reward: 0.38 Avg. RL/SL Loss: 0.01/1.76
Frame: 120000   FPS: 28.34 Avg. Tagging Interval Length: 643.00
Player 1 Avg. Reward: 0.40 Avg. RL/SL Loss: 0.01/1.77
Player 2 Avg. Reward: -0.40 Avg. RL/SL Loss: 0.01/1.75
Frame: 130000   FPS: 29.04 Avg. Tagging Interval Length: 680.73
Player 1 Avg. Reward: 0.67 Avg. RL/SL Loss: 0.01/1.77
Player 2 Avg. Reward: -0.67 Avg. RL/SL Loss: 0.01/1.75
Frame: 140000   FPS: 28.50 Avg. Tagging Interval Length: 682.40
Player 1 Avg. Reward: 0.53 Avg. RL/SL Loss: 0.01/1.77
Player 2 Avg. Reward: -0.53 Avg. RL/SL Loss: 0.01/1.75
Frame: 150000   FPS: 29.23 Avg. Tagging Interval Length: 665.87
Player 1 Avg. Reward: -0.33 Avg. RL/SL Loss: 0.01/1.78
Player 2 Avg. Reward: 0.33 Avg. RL/SL Loss: 0.01/1.75
Frame: 160000   FPS: 29.21 Avg. Tagging Interval Length: 630.00
Player 1 Avg. Reward: -0.19 Avg. RL/SL Loss: 0.01/1.78
Player 2 Avg. Reward: 0.19 Avg. RL/SL Loss: 0.01/1.75
Frame: 170000   FPS: 29.20 Avg. Tagging Interval Length: 659.53
Player 1 Avg. Reward: 0.73 Avg. RL/SL Loss: 0.01/1.78
Player 2 Avg. Reward: -0.73 Avg. RL/SL Loss: 0.01/1.75
Frame: 180000   FPS: 30.19 Avg. Tagging Interval Length: 671.00
Player 1 Avg. Reward: -0.53 Avg. RL/SL Loss: 0.01/1.78
Player 2 Avg. Reward: 0.53 Avg. RL/SL Loss: 0.02/1.75
Frame: 190000   FPS: 30.16 Avg. Tagging Interval Length: 655.93
Player 1 Avg. Reward: -1.60 Avg. RL/SL Loss: 0.01/1.78
Player 2 Avg. Reward: 1.60 Avg. RL/SL Loss: 0.02/1.75
Frame: 200000   FPS: 30.06 Avg. Tagging Interval Length: 654.53
Player 1 Avg. Reward: 0.13 Avg. RL/SL Loss: 0.01/1.78
Player 2 Avg. Reward: -0.13 Avg. RL/SL Loss: 0.02/1.76
Frame: 210000   FPS: 30.09 Avg. Tagging Interval Length: 684.73
Player 1 Avg. Reward: -0.53 Avg. RL/SL Loss: 0.01/1.78
Player 2 Avg. Reward: 0.53 Avg. RL/SL Loss: 0.02/1.76
Frame: 220000   FPS: 29.85 Avg. Tagging Interval Length: 657.87
Player 1 Avg. Reward: -0.40 Avg. RL/SL Loss: 0.01/1.78
Player 2 Avg. Reward: 0.40 Avg. RL/SL Loss: 0.02/1.76
Frame: 230000   FPS: 29.67 Avg. Tagging Interval Length: 669.47
Player 1 Avg. Reward: 0.13 Avg. RL/SL Loss: 0.01/1.78
Player 2 Avg. Reward: -0.13 Avg. RL/SL Loss: 0.02/1.77
Frame: 240000   FPS: 29.52 Avg. Tagging Interval Length: 650.53
Player 1 Avg. Reward: -1.07 Avg. RL/SL Loss: 0.01/1.78
Player 2 Avg. Reward: 1.07 Avg. RL/SL Loss: 0.02/1.77
Frame: 250000   FPS: 29.90 Avg. Tagging Interval Length: 693.67
Player 1 Avg. Reward: -1.00 Avg. RL/SL Loss: 0.01/1.77
Player 2 Avg. Reward: 1.00 Avg. RL/SL Loss: 0.02/1.77
Frame: 260000   FPS: 30.04 Avg. Tagging Interval Length: 653.00
Player 1 Avg. Reward: -0.13 Avg. RL/SL Loss: 0.01/1.77
Player 2 Avg. Reward: 0.13 Avg. RL/SL Loss: 0.01/1.77
Frame: 270000   FPS: 29.88 Avg. Tagging Interval Length: 622.12
Player 1 Avg. Reward: -0.25 Avg. RL/SL Loss: 0.01/1.77
Player 2 Avg. Reward: 0.25 Avg. RL/SL Loss: 0.01/1.77
Frame: 280000   FPS: 29.85 Avg. Tagging Interval Length: 635.94
Player 1 Avg. Reward: 0.75 Avg. RL/SL Loss: 0.01/1.77
Player 2 Avg. Reward: -0.75 Avg. RL/SL Loss: 0.01/1.77
Frame: 290000   FPS: 29.67 Avg. Tagging Interval Length: 647.87
Player 1 Avg. Reward: -1.00 Avg. RL/SL Loss: 0.01/1.77
Player 2 Avg. Reward: 1.00 Avg. RL/SL Loss: 0.01/1.77
Frame: 300000   FPS: 29.67 Avg. Tagging Interval Length: 694.14
Player 1 Avg. Reward: 1.14 Avg. RL/SL Loss: 0.01/1.76
Player 2 Avg. Reward: -1.14 Avg. RL/SL Loss: 0.01/1.77
Frame: 310000   FPS: 30.13 Avg. Tagging Interval Length: 627.24
Player 1 Avg. Reward: -0.35 Avg. RL/SL Loss: 0.01/1.76
Player 2 Avg. Reward: 0.35 Avg. RL/SL Loss: 0.01/1.77
Frame: 320000   FPS: 29.73 Avg. Tagging Interval Length: 658.67
Player 1 Avg. Reward: 0.93 Avg. RL/SL Loss: 0.01/1.76
Player 2 Avg. Reward: -0.93 Avg. RL/SL Loss: 0.01/1.77
Frame: 330000   FPS: 29.21 Avg. Tagging Interval Length: 643.33
Player 1 Avg. Reward: 0.60 Avg. RL/SL Loss: 0.01/1.76
Player 2 Avg. Reward: -0.60 Avg. RL/SL Loss: 0.01/1.77
Frame: 340000   FPS: 29.75 Avg. Tagging Interval Length: 646.81
Player 1 Avg. Reward: 0.31 Avg. RL/SL Loss: 0.01/1.76
Player 2 Avg. Reward: -0.31 Avg. RL/SL Loss: 0.01/1.77
Frame: 350000   FPS: 29.68 Avg. Tagging Interval Length: 658.13
Player 1 Avg. Reward: -0.07 Avg. RL/SL Loss: 0.01/1.76
Player 2 Avg. Reward: 0.07 Avg. RL/SL Loss: 0.01/1.77
Frame: 360000   FPS: 29.64 Avg. Tagging Interval Length: 649.07
Player 1 Avg. Reward: 0.40 Avg. RL/SL Loss: 0.01/1.77
Player 2 Avg. Reward: -0.40 Avg. RL/SL Loss: 0.01/1.77
Frame: 370000   FPS: 29.48 Avg. Tagging Interval Length: 604.35
Player 1 Avg. Reward: -0.18 Avg. RL/SL Loss: 0.01/1.77
Player 2 Avg. Reward: 0.18 Avg. RL/SL Loss: 0.01/1.77
Frame: 380000   FPS: 29.43 Avg. Tagging Interval Length: 600.06
Player 1 Avg. Reward: 0.47 Avg. RL/SL Loss: 0.01/1.77
Player 2 Avg. Reward: -0.47 Avg. RL/SL Loss: 0.01/1.77
Frame: 390000   FPS: 30.15 Avg. Tagging Interval Length: 654.27
Player 1 Avg. Reward: -0.20 Avg. RL/SL Loss: 0.01/1.77
Player 2 Avg. Reward: 0.20 Avg. RL/SL Loss: 0.01/1.77
Frame: 400000   FPS: 29.36 Avg. Tagging Interval Length: 624.25
Player 1 Avg. Reward: -1.25 Avg. RL/SL Loss: 0.01/1.77
Player 2 Avg. Reward: 1.25 Avg. RL/SL Loss: 0.01/1.77
Frame: 410000   FPS: 29.69 Avg. Tagging Interval Length: 706.29
Player 1 Avg. Reward: -0.64 Avg. RL/SL Loss: 0.01/1.77
Player 2 Avg. Reward: 0.64 Avg. RL/SL Loss: 0.01/1.77
Frame: 420000   FPS: 29.62 Avg. Tagging Interval Length: 607.82
Player 1 Avg. Reward: -0.29 Avg. RL/SL Loss: 0.01/1.77
Player 2 Avg. Reward: 0.29 Avg. RL/SL Loss: 0.01/1.77
Frame: 430000   FPS: 29.51 Avg. Tagging Interval Length: 639.00
Player 1 Avg. Reward: -0.07 Avg. RL/SL Loss: 0.01/1.77
Player 2 Avg. Reward: 0.07 Avg. RL/SL Loss: 0.01/1.77
Frame: 440000   FPS: 29.41 Avg. Tagging Interval Length: 623.69
Player 1 Avg. Reward: -0.06 Avg. RL/SL Loss: 0.01/1.77
Player 2 Avg. Reward: 0.06 Avg. RL/SL Loss: 0.01/1.77
Frame: 450000   FPS: 30.43 Avg. Tagging Interval Length: 640.38
Player 1 Avg. Reward: 0.25 Avg. RL/SL Loss: 0.01/1.77
Player 2 Avg. Reward: -0.25 Avg. RL/SL Loss: 0.01/1.77
Frame: 460000   FPS: 29.63 Avg. Tagging Interval Length: 603.75
Player 1 Avg. Reward: -0.56 Avg. RL/SL Loss: 0.01/1.77
Player 2 Avg. Reward: 0.56 Avg. RL/SL Loss: 0.01/1.77
Frame: 470000   FPS: 29.46 Avg. Tagging Interval Length: 591.24
Player 1 Avg. Reward: 0.18 Avg. RL/SL Loss: 0.01/1.77
Player 2 Avg. Reward: -0.18 Avg. RL/SL Loss: 0.01/1.77
Frame: 480000   FPS: 29.65 Avg. Tagging Interval Length: 628.94
Player 1 Avg. Reward: 0.25 Avg. RL/SL Loss: 0.02/1.77
Player 2 Avg. Reward: -0.25 Avg. RL/SL Loss: 0.01/1.77
Frame: 490000   FPS: 29.65 Avg. Tagging Interval Length: 662.93
Player 1 Avg. Reward: 0.67 Avg. RL/SL Loss: 0.02/1.77
Player 2 Avg. Reward: -0.67 Avg. RL/SL Loss: 0.01/1.77
Frame: 500000   FPS: 29.33 Avg. Tagging Interval Length: 633.38
Player 1 Avg. Reward: 1.12 Avg. RL/SL Loss: 0.02/1.77
Player 2 Avg. Reward: -1.12 Avg. RL/SL Loss: 0.01/1.77
Frame: 510000   FPS: 29.39 Avg. Tagging Interval Length: 634.88
Player 1 Avg. Reward: -0.81 Avg. RL/SL Loss: 0.02/1.77
Player 2 Avg. Reward: 0.81 Avg. RL/SL Loss: 0.01/1.77
Frame: 520000   FPS: 29.73 Avg. Tagging Interval Length: 583.47
Player 1 Avg. Reward: -0.24 Avg. RL/SL Loss: 0.02/1.77
Player 2 Avg. Reward: 0.24 Avg. RL/SL Loss: 0.01/1.77
Frame: 530000   FPS: 29.39 Avg. Tagging Interval Length: 604.65
Player 1 Avg. Reward: 0.24 Avg. RL/SL Loss: 0.02/1.77
Player 2 Avg. Reward: -0.24 Avg. RL/SL Loss: 0.01/1.77
Frame: 540000   FPS: 29.69 Avg. Tagging Interval Length: 711.21
Player 1 Avg. Reward: 0.07 Avg. RL/SL Loss: 0.02/1.77
Player 2 Avg. Reward: -0.07 Avg. RL/SL Loss: 0.02/1.76
Frame: 550000   FPS: 29.30 Avg. Tagging Interval Length: 644.40
Player 1 Avg. Reward: -1.00 Avg. RL/SL Loss: 0.02/1.77
Player 2 Avg. Reward: 1.00 Avg. RL/SL Loss: 0.02/1.76
Frame: 560000   FPS: 29.99 Avg. Tagging Interval Length: 619.56
Player 1 Avg. Reward: -0.06 Avg. RL/SL Loss: 0.02/1.77
Player 2 Avg. Reward: 0.06 Avg. RL/SL Loss: 0.02/1.76
Frame: 570000   FPS: 29.56 Avg. Tagging Interval Length: 623.50
Player 1 Avg. Reward: 0.94 Avg. RL/SL Loss: 0.02/1.77
Player 2 Avg. Reward: -0.94 Avg. RL/SL Loss: 0.02/1.76
Frame: 580000   FPS: 29.59 Avg. Tagging Interval Length: 715.29
Player 1 Avg. Reward: -0.29 Avg. RL/SL Loss: 0.02/1.77
Player 2 Avg. Reward: 0.29 Avg. RL/SL Loss: 0.02/1.76
Frame: 590000   FPS: 29.50 Avg. Tagging Interval Length: 647.62
Player 1 Avg. Reward: 0.31 Avg. RL/SL Loss: 0.02/1.77
Player 2 Avg. Reward: -0.31 Avg. RL/SL Loss: 0.02/1.76
Frame: 600000   FPS: 29.22 Avg. Tagging Interval Length: 682.21
Player 1 Avg. Reward: 0.29 Avg. RL/SL Loss: 0.02/1.77
Player 2 Avg. Reward: -0.29 Avg. RL/SL Loss: 0.02/1.76
Frame: 610000   FPS: 29.33 Avg. Tagging Interval Length: 695.20
Player 1 Avg. Reward: -0.73 Avg. RL/SL Loss: 0.02/1.77
Player 2 Avg. Reward: 0.73 Avg. RL/SL Loss: 0.02/1.76
Frame: 620000   FPS: 29.27 Avg. Tagging Interval Length: 636.69
Player 1 Avg. Reward: 0.38 Avg. RL/SL Loss: 0.02/1.77
Player 2 Avg. Reward: -0.38 Avg. RL/SL Loss: 0.02/1.76
Frame: 630000   FPS: 29.53 Avg. Tagging Interval Length: 594.88
Player 1 Avg. Reward: -0.38 Avg. RL/SL Loss: 0.02/1.77
Player 2 Avg. Reward: 0.38 Avg. RL/SL Loss: 0.02/1.76
Frame: 640000   FPS: 29.27 Avg. Tagging Interval Length: 625.56
Player 1 Avg. Reward: 0.62 Avg. RL/SL Loss: 0.02/1.77
Player 2 Avg. Reward: -0.62 Avg. RL/SL Loss: 0.02/1.76
Frame: 650000   FPS: 29.09 Avg. Tagging Interval Length: 643.12
Player 1 Avg. Reward: -0.50 Avg. RL/SL Loss: 0.02/1.77
Player 2 Avg. Reward: 0.50 Avg. RL/SL Loss: 0.02/1.76
Frame: 660000   FPS: 29.18 Avg. Tagging Interval Length: 654.20
Player 1 Avg. Reward: 0.60 Avg. RL/SL Loss: 0.02/1.77
Player 2 Avg. Reward: -0.60 Avg. RL/SL Loss: 0.02/1.76
Frame: 670000   FPS: 29.40 Avg. Tagging Interval Length: 628.56
Player 1 Avg. Reward: 0.44 Avg. RL/SL Loss: 0.02/1.77
Player 2 Avg. Reward: -0.44 Avg. RL/SL Loss: 0.02/1.76
Frame: 680000   FPS: 28.11 Avg. Tagging Interval Length: 683.60
Player 1 Avg. Reward: -0.67 Avg. RL/SL Loss: 0.02/1.77
Player 2 Avg. Reward: 0.67 Avg. RL/SL Loss: 0.02/1.76
Frame: 690000   FPS: 29.15 Avg. Tagging Interval Length: 608.62
Player 1 Avg. Reward: 0.62 Avg. RL/SL Loss: 0.02/1.77
Player 2 Avg. Reward: -0.62 Avg. RL/SL Loss: 0.02/1.76
Frame: 700000   FPS: 29.07 Avg. Tagging Interval Length: 623.06
Player 1 Avg. Reward: -0.62 Avg. RL/SL Loss: 0.02/1.77
Player 2 Avg. Reward: 0.62 Avg. RL/SL Loss: 0.02/1.76
Frame: 710000   FPS: 29.25 Avg. Tagging Interval Length: 642.00
Player 1 Avg. Reward: 0.12 Avg. RL/SL Loss: 0.02/1.77
Player 2 Avg. Reward: -0.12 Avg. RL/SL Loss: 0.02/1.76
Frame: 720000   FPS: 29.49 Avg. Tagging Interval Length: 671.00
Player 1 Avg. Reward: 0.00 Avg. RL/SL Loss: 0.02/1.77
Player 2 Avg. Reward: 0.00 Avg. RL/SL Loss: 0.02/1.76
Frame: 730000   FPS: 29.36 Avg. Tagging Interval Length: 579.76
Player 1 Avg. Reward: 0.41 Avg. RL/SL Loss: 0.02/1.77
Player 2 Avg. Reward: -0.41 Avg. RL/SL Loss: 0.02/1.76
Frame: 740000   FPS: 29.14 Avg. Tagging Interval Length: 625.56
Player 1 Avg. Reward: 0.38 Avg. RL/SL Loss: 0.02/1.77
Player 2 Avg. Reward: -0.38 Avg. RL/SL Loss: 0.02/1.76
Frame: 750000   FPS: 29.09 Avg. Tagging Interval Length: 624.56
Player 1 Avg. Reward: -0.38 Avg. RL/SL Loss: 0.02/1.77
Player 2 Avg. Reward: 0.38 Avg. RL/SL Loss: 0.02/1.76
Frame: 760000   FPS: 29.38 Avg. Tagging Interval Length: 638.00
Player 1 Avg. Reward: 0.47 Avg. RL/SL Loss: 0.02/1.77
Player 2 Avg. Reward: -0.47 Avg. RL/SL Loss: 0.02/1.76
Frame: 770000   FPS: 29.22 Avg. Tagging Interval Length: 636.19
Player 1 Avg. Reward: 0.25 Avg. RL/SL Loss: 0.02/1.77
Player 2 Avg. Reward: -0.25 Avg. RL/SL Loss: 0.02/1.76
Frame: 780000   FPS: 29.47 Avg. Tagging Interval Length: 622.06
Player 1 Avg. Reward: 0.38 Avg. RL/SL Loss: 0.02/1.77
Player 2 Avg. Reward: -0.38 Avg. RL/SL Loss: 0.02/1.76
Frame: 790000   FPS: 29.51 Avg. Tagging Interval Length: 645.88
Player 1 Avg. Reward: 1.19 Avg. RL/SL Loss: 0.02/1.77
Player 2 Avg. Reward: -1.19 Avg. RL/SL Loss: 0.02/1.76
Frame: 800000   FPS: 29.36 Avg. Tagging Interval Length: 663.80
Player 1 Avg. Reward: 0.67 Avg. RL/SL Loss: 0.02/1.77
Player 2 Avg. Reward: -0.67 Avg. RL/SL Loss: 0.02/1.76
Frame: 810000   FPS: 29.11 Avg. Tagging Interval Length: 626.31
Player 1 Avg. Reward: 0.44 Avg. RL/SL Loss: 0.02/1.77
Player 2 Avg. Reward: -0.44 Avg. RL/SL Loss: 0.02/1.76
Frame: 820000   FPS: 29.16 Avg. Tagging Interval Length: 584.71
Player 1 Avg. Reward: -0.53 Avg. RL/SL Loss: 0.02/1.77
Player 2 Avg. Reward: 0.53 Avg. RL/SL Loss: 0.02/1.76
Frame: 830000   FPS: 29.16 Avg. Tagging Interval Length: 634.60
Player 1 Avg. Reward: 0.00 Avg. RL/SL Loss: 0.02/1.77
Player 2 Avg. Reward: 0.00 Avg. RL/SL Loss: 0.02/1.76
Frame: 840000   FPS: 29.45 Avg. Tagging Interval Length: 676.47
Player 1 Avg. Reward: -0.27 Avg. RL/SL Loss: 0.02/1.76
Player 2 Avg. Reward: 0.27 Avg. RL/SL Loss: 0.02/1.76
Frame: 850000   FPS: 29.46 Avg. Tagging Interval Length: 601.76
Player 1 Avg. Reward: 0.59 Avg. RL/SL Loss: 0.02/1.76
Player 2 Avg. Reward: -0.59 Avg. RL/SL Loss: 0.02/1.76
Frame: 860000   FPS: 29.52 Avg. Tagging Interval Length: 643.19
Player 1 Avg. Reward: -0.25 Avg. RL/SL Loss: 0.02/1.77
Player 2 Avg. Reward: 0.25 Avg. RL/SL Loss: 0.02/1.75
Frame: 870000   FPS: 28.89 Avg. Tagging Interval Length: 644.60
Player 1 Avg. Reward: 0.40 Avg. RL/SL Loss: 0.02/1.76
Player 2 Avg. Reward: -0.40 Avg. RL/SL Loss: 0.02/1.76
Frame: 880000   FPS: 29.50 Avg. Tagging Interval Length: 613.88
Player 1 Avg. Reward: 0.38 Avg. RL/SL Loss: 0.02/1.76
Player 2 Avg. Reward: -0.38 Avg. RL/SL Loss: 0.02/1.75
Frame: 890000   FPS: 29.37 Avg. Tagging Interval Length: 663.80
Player 1 Avg. Reward: 1.00 Avg. RL/SL Loss: 0.02/1.76
Player 2 Avg. Reward: -1.00 Avg. RL/SL Loss: 0.02/1.75
Frame: 900000   FPS: 29.00 Avg. Tagging Interval Length: 598.76
Player 1 Avg. Reward: -0.24 Avg. RL/SL Loss: 0.02/1.76
Player 2 Avg. Reward: 0.24 Avg. RL/SL Loss: 0.02/1.75
Frame: 910000   FPS: 29.28 Avg. Tagging Interval Length: 656.13
Player 1 Avg. Reward: 0.07 Avg. RL/SL Loss: 0.02/1.76
Player 2 Avg. Reward: -0.07 Avg. RL/SL Loss: 0.02/1.75
Frame: 920000   FPS: 29.16 Avg. Tagging Interval Length: 598.59
Player 1 Avg. Reward: 0.82 Avg. RL/SL Loss: 0.02/1.76
Player 2 Avg. Reward: -0.82 Avg. RL/SL Loss: 0.02/1.75
Frame: 930000   FPS: 29.32 Avg. Tagging Interval Length: 644.67
Player 1 Avg. Reward: 1.33 Avg. RL/SL Loss: 0.02/1.76
Player 2 Avg. Reward: -1.33 Avg. RL/SL Loss: 0.02/1.75
Frame: 940000   FPS: 29.65 Avg. Tagging Interval Length: 626.71
Player 1 Avg. Reward: 0.53 Avg. RL/SL Loss: 0.02/1.76
Player 2 Avg. Reward: -0.53 Avg. RL/SL Loss: 0.02/1.75
Frame: 950000   FPS: 28.99 Avg. Tagging Interval Length: 643.87
Player 1 Avg. Reward: 0.47 Avg. RL/SL Loss: 0.02/1.76
Player 2 Avg. Reward: -0.47 Avg. RL/SL Loss: 0.02/1.75
Frame: 960000   FPS: 29.15 Avg. Tagging Interval Length: 638.62
Player 1 Avg. Reward: 0.06 Avg. RL/SL Loss: 0.02/1.76
Player 2 Avg. Reward: -0.06 Avg. RL/SL Loss: 0.02/1.75
Frame: 970000   FPS: 29.20 Avg. Tagging Interval Length: 691.43
Player 1 Avg. Reward: 0.29 Avg. RL/SL Loss: 0.02/1.76
Player 2 Avg. Reward: -0.29 Avg. RL/SL Loss: 0.02/1.75
Frame: 980000   FPS: 28.94 Avg. Tagging Interval Length: 603.71
Player 1 Avg. Reward: 0.12 Avg. RL/SL Loss: 0.02/1.76
Player 2 Avg. Reward: -0.12 Avg. RL/SL Loss: 0.02/1.75
Frame: 990000   FPS: 28.79 Avg. Tagging Interval Length: 660.53
Player 1 Avg. Reward: 0.33 Avg. RL/SL Loss: 0.02/1.76
Player 2 Avg. Reward: -0.33 Avg. RL/SL Loss: 0.02/1.75
Frame: 1000000  FPS: 28.29 Avg. Tagging Interval Length: 637.38
Player 1 Avg. Reward: 0.62 Avg. RL/SL Loss: 0.02/1.76
Player 2 Avg. Reward: -0.62 Avg. RL/SL Loss: 0.02/1.75
Frame: 1010000  FPS: 26.23 Avg. Tagging Interval Length: 629.81
Player 1 Avg. Reward: 0.19 Avg. RL/SL Loss: 0.02/1.76
Player 2 Avg. Reward: -0.19 Avg. RL/SL Loss: 0.02/1.75
Frame: 1020000  FPS: 26.32 Avg. Tagging Interval Length: 664.60
Player 1 Avg. Reward: -0.33 Avg. RL/SL Loss: 0.02/1.76
Player 2 Avg. Reward: 0.33 Avg. RL/SL Loss: 0.02/1.75
Frame: 1030000  FPS: 26.42 Avg. Tagging Interval Length: 596.00
Player 1 Avg. Reward: -0.44 Avg. RL/SL Loss: 0.02/1.76
Player 2 Avg. Reward: 0.44 Avg. RL/SL Loss: 0.02/1.75
Frame: 1040000  FPS: 26.48 Avg. Tagging Interval Length: 657.38
Player 1 Avg. Reward: 0.62 Avg. RL/SL Loss: 0.02/1.76
Player 2 Avg. Reward: -0.62 Avg. RL/SL Loss: 0.02/1.74
Frame: 1050000  FPS: 27.14 Avg. Tagging Interval Length: 644.40
Player 1 Avg. Reward: -0.33 Avg. RL/SL Loss: 0.02/1.76
Player 2 Avg. Reward: 0.33 Avg. RL/SL Loss: 0.02/1.74
Frame: 1060000  FPS: 29.12 Avg. Tagging Interval Length: 641.94
Player 1 Avg. Reward: 0.56 Avg. RL/SL Loss: 0.02/1.76
Player 2 Avg. Reward: -0.56 Avg. RL/SL Loss: 0.02/1.74
Frame: 1070000  FPS: 29.17 Avg. Tagging Interval Length: 630.38
Player 1 Avg. Reward: 1.00 Avg. RL/SL Loss: 0.02/1.76
Player 2 Avg. Reward: -1.00 Avg. RL/SL Loss: 0.02/1.74
Frame: 1080000  FPS: 29.37 Avg. Tagging Interval Length: 648.80
Player 1 Avg. Reward: 0.33 Avg. RL/SL Loss: 0.02/1.76
Player 2 Avg. Reward: -0.33 Avg. RL/SL Loss: 0.02/1.74
Frame: 1090000  FPS: 29.45 Avg. Tagging Interval Length: 628.81
Player 1 Avg. Reward: -0.62 Avg. RL/SL Loss: 0.02/1.76
Player 2 Avg. Reward: 0.62 Avg. RL/SL Loss: 0.02/1.74
Frame: 1100000  FPS: 29.65 Avg. Tagging Interval Length: 649.07
Player 1 Avg. Reward: 0.80 Avg. RL/SL Loss: 0.02/1.76
Player 2 Avg. Reward: -0.80 Avg. RL/SL Loss: 0.02/1.74
Frame: 1110000  FPS: 29.10 Avg. Tagging Interval Length: 649.88
Player 1 Avg. Reward: 0.25 Avg. RL/SL Loss: 0.02/1.75
Player 2 Avg. Reward: -0.25 Avg. RL/SL Loss: 0.02/1.74
Frame: 1120000  FPS: 29.21 Avg. Tagging Interval Length: 632.73
Player 1 Avg. Reward: -0.67 Avg. RL/SL Loss: 0.02/1.75
Player 2 Avg. Reward: 0.67 Avg. RL/SL Loss: 0.02/1.74
Frame: 1130000  FPS: 29.61 Avg. Tagging Interval Length: 623.75
Player 1 Avg. Reward: -0.44 Avg. RL/SL Loss: 0.02/1.75
Player 2 Avg. Reward: 0.44 Avg. RL/SL Loss: 0.02/1.74
Frame: 1140000  FPS: 29.31 Avg. Tagging Interval Length: 647.31
Player 1 Avg. Reward: 0.12 Avg. RL/SL Loss: 0.02/1.75
Player 2 Avg. Reward: -0.12 Avg. RL/SL Loss: 0.02/1.74
Frame: 1150000  FPS: 29.37 Avg. Tagging Interval Length: 643.93
Player 1 Avg. Reward: 0.07 Avg. RL/SL Loss: 0.02/1.75
Player 2 Avg. Reward: -0.07 Avg. RL/SL Loss: 0.02/1.74
Frame: 1160000  FPS: 29.12 Avg. Tagging Interval Length: 628.94
Player 1 Avg. Reward: -0.31 Avg. RL/SL Loss: 0.02/1.75
Player 2 Avg. Reward: 0.31 Avg. RL/SL Loss: 0.02/1.74
Frame: 1170000  FPS: 29.26 Avg. Tagging Interval Length: 612.76
Player 1 Avg. Reward: -0.12 Avg. RL/SL Loss: 0.02/1.75
Player 2 Avg. Reward: 0.12 Avg. RL/SL Loss: 0.02/1.74
Frame: 1180000  FPS: 28.95 Avg. Tagging Interval Length: 593.71
Player 1 Avg. Reward: 0.12 Avg. RL/SL Loss: 0.02/1.75
Player 2 Avg. Reward: -0.12 Avg. RL/SL Loss: 0.02/1.74
Frame: 1190000  FPS: 29.40 Avg. Tagging Interval Length: 610.75
Player 1 Avg. Reward: -0.62 Avg. RL/SL Loss: 0.02/1.75
Player 2 Avg. Reward: 0.62 Avg. RL/SL Loss: 0.02/1.74
Frame: 1200000  FPS: 29.34 Avg. Tagging Interval Length: 646.47
Player 1 Avg. Reward: -0.33 Avg. RL/SL Loss: 0.02/1.75
Player 2 Avg. Reward: 0.33 Avg. RL/SL Loss: 0.02/1.73
Frame: 1210000  FPS: 29.02 Avg. Tagging Interval Length: 642.31
Player 1 Avg. Reward: 0.38 Avg. RL/SL Loss: 0.02/1.75
Player 2 Avg. Reward: -0.38 Avg. RL/SL Loss: 0.02/1.73
Frame: 1220000  FPS: 29.62 Avg. Tagging Interval Length: 642.20
Player 1 Avg. Reward: -0.07 Avg. RL/SL Loss: 0.02/1.75
Player 2 Avg. Reward: 0.07 Avg. RL/SL Loss: 0.02/1.73
Frame: 1230000  FPS: 29.13 Avg. Tagging Interval Length: 624.35
Player 1 Avg. Reward: -0.12 Avg. RL/SL Loss: 0.02/1.75
Player 2 Avg. Reward: 0.12 Avg. RL/SL Loss: 0.02/1.73
Frame: 1240000  FPS: 29.05 Avg. Tagging Interval Length: 629.07
Player 1 Avg. Reward: -0.53 Avg. RL/SL Loss: 0.02/1.75
Player 2 Avg. Reward: 0.53 Avg. RL/SL Loss: 0.02/1.73
Frame: 1250000  FPS: 29.27 Avg. Tagging Interval Length: 632.94
Player 1 Avg. Reward: -0.62 Avg. RL/SL Loss: 0.02/1.75
Player 2 Avg. Reward: 0.62 Avg. RL/SL Loss: 0.02/1.73
Frame: 1260000  FPS: 29.33 Avg. Tagging Interval Length: 676.13
Player 1 Avg. Reward: 0.93 Avg. RL/SL Loss: 0.02/1.75
Player 2 Avg. Reward: -0.93 Avg. RL/SL Loss: 0.02/1.73
Frame: 1270000  FPS: 29.13 Avg. Tagging Interval Length: 607.00
Player 1 Avg. Reward: -0.47 Avg. RL/SL Loss: 0.02/1.75
Player 2 Avg. Reward: 0.47 Avg. RL/SL Loss: 0.02/1.73
Frame: 1280000  FPS: 29.23 Avg. Tagging Interval Length: 645.27
Player 1 Avg. Reward: -0.93 Avg. RL/SL Loss: 0.02/1.75
Player 2 Avg. Reward: 0.93 Avg. RL/SL Loss: 0.02/1.73
Frame: 1290000  FPS: 29.44 Avg. Tagging Interval Length: 614.12
Player 1 Avg. Reward: -0.88 Avg. RL/SL Loss: 0.02/1.75
Player 2 Avg. Reward: 0.88 Avg. RL/SL Loss: 0.02/1.73
Frame: 1300000  FPS: 29.23 Avg. Tagging Interval Length: 653.25
Player 1 Avg. Reward: -0.69 Avg. RL/SL Loss: 0.02/1.75
Player 2 Avg. Reward: 0.69 Avg. RL/SL Loss: 0.02/1.72
Frame: 1310000  FPS: 28.99 Avg. Tagging Interval Length: 630.47
Player 1 Avg. Reward: -0.80 Avg. RL/SL Loss: 0.02/1.75
Player 2 Avg. Reward: 0.80 Avg. RL/SL Loss: 0.02/1.72
Frame: 1320000  FPS: 29.36 Avg. Tagging Interval Length: 646.88
Player 1 Avg. Reward: -1.44 Avg. RL/SL Loss: 0.02/1.75
Player 2 Avg. Reward: 1.44 Avg. RL/SL Loss: 0.02/1.72
Frame: 1330000  FPS: 29.49 Avg. Tagging Interval Length: 687.57
Player 1 Avg. Reward: -0.79 Avg. RL/SL Loss: 0.02/1.75
Player 2 Avg. Reward: 0.79 Avg. RL/SL Loss: 0.02/1.72
Frame: 1340000  FPS: 29.25 Avg. Tagging Interval Length: 701.47
Player 1 Avg. Reward: -0.07 Avg. RL/SL Loss: 0.02/1.75
Player 2 Avg. Reward: 0.07 Avg. RL/SL Loss: 0.02/1.72
Frame: 1350000  FPS: 29.59 Avg. Tagging Interval Length: 665.33
Player 1 Avg. Reward: -0.73 Avg. RL/SL Loss: 0.02/1.75
Player 2 Avg. Reward: 0.73 Avg. RL/SL Loss: 0.02/1.72
Frame: 1360000  FPS: 29.25 Avg. Tagging Interval Length: 668.87
Player 1 Avg. Reward: -0.67 Avg. RL/SL Loss: 0.02/1.75
Player 2 Avg. Reward: 0.67 Avg. RL/SL Loss: 0.02/1.72
Frame: 1370000  FPS: 28.61 Avg. Tagging Interval Length: 650.73
Player 1 Avg. Reward: 0.33 Avg. RL/SL Loss: 0.02/1.75
Player 2 Avg. Reward: -0.33 Avg. RL/SL Loss: 0.02/1.72
Frame: 1380000  FPS: 28.98 Avg. Tagging Interval Length: 668.53
Player 1 Avg. Reward: 0.33 Avg. RL/SL Loss: 0.02/1.74
Player 2 Avg. Reward: -0.33 Avg. RL/SL Loss: 0.02/1.71
Frame: 1390000  FPS: 28.92 Avg. Tagging Interval Length: 650.07
Player 1 Avg. Reward: 1.00 Avg. RL/SL Loss: 0.02/1.74
Player 2 Avg. Reward: -1.00 Avg. RL/SL Loss: 0.02/1.71
Frame: 1400000  FPS: 29.24 Avg. Tagging Interval Length: 615.59
Player 1 Avg. Reward: -0.47 Avg. RL/SL Loss: 0.02/1.74
Player 2 Avg. Reward: 0.47 Avg. RL/SL Loss: 0.02/1.71
Frame: 1410000  FPS: 28.82 Avg. Tagging Interval Length: 584.69
Player 1 Avg. Reward: -0.62 Avg. RL/SL Loss: 0.02/1.74
Player 2 Avg. Reward: 0.62 Avg. RL/SL Loss: 0.03/1.71
Frame: 1420000  FPS: 29.44 Avg. Tagging Interval Length: 660.81
Player 1 Avg. Reward: 0.50 Avg. RL/SL Loss: 0.02/1.74
Player 2 Avg. Reward: -0.50 Avg. RL/SL Loss: 0.03/1.71
Frame: 1430000  FPS: 29.25 Avg. Tagging Interval Length: 576.65
Player 1 Avg. Reward: 0.65 Avg. RL/SL Loss: 0.02/1.74
Player 2 Avg. Reward: -0.65 Avg. RL/SL Loss: 0.03/1.71
Frame: 1440000  FPS: 29.41 Avg. Tagging Interval Length: 624.44
Player 1 Avg. Reward: 0.31 Avg. RL/SL Loss: 0.02/1.74
Player 2 Avg. Reward: -0.31 Avg. RL/SL Loss: 0.03/1.71
Frame: 1450000  FPS: 29.05 Avg. Tagging Interval Length: 602.24
Player 1 Avg. Reward: -0.18 Avg. RL/SL Loss: 0.02/1.74
Player 2 Avg. Reward: 0.18 Avg. RL/SL Loss: 0.03/1.71
Frame: 1460000  FPS: 29.33 Avg. Tagging Interval Length: 654.73
Player 1 Avg. Reward: -0.20 Avg. RL/SL Loss: 0.02/1.74
Player 2 Avg. Reward: 0.20 Avg. RL/SL Loss: 0.03/1.71
Frame: 1470000  FPS: 29.13 Avg. Tagging Interval Length: 600.56
Player 1 Avg. Reward: 0.69 Avg. RL/SL Loss: 0.02/1.74
Player 2 Avg. Reward: -0.69 Avg. RL/SL Loss: 0.03/1.71
Frame: 1480000  FPS: 29.44 Avg. Tagging Interval Length: 627.47
Player 1 Avg. Reward: 1.12 Avg. RL/SL Loss: 0.02/1.74
Player 2 Avg. Reward: -1.12 Avg. RL/SL Loss: 0.03/1.71
Frame: 1490000  FPS: 29.41 Avg. Tagging Interval Length: 647.93
Player 1 Avg. Reward: -1.07 Avg. RL/SL Loss: 0.02/1.74
Player 2 Avg. Reward: 1.07 Avg. RL/SL Loss: 0.03/1.70
Frame: 1500000  FPS: 29.21 Avg. Tagging Interval Length: 641.81
Player 1 Avg. Reward: 0.25 Avg. RL/SL Loss: 0.02/1.74
Player 2 Avg. Reward: -0.25 Avg. RL/SL Loss: 0.03/1.70
Frame: 1510000  FPS: 29.56 Avg. Tagging Interval Length: 643.93
Player 1 Avg. Reward: 0.80 Avg. RL/SL Loss: 0.02/1.73
Player 2 Avg. Reward: -0.80 Avg. RL/SL Loss: 0.03/1.70
Frame: 1520000  FPS: 29.36 Avg. Tagging Interval Length: 605.71
Player 1 Avg. Reward: 0.94 Avg. RL/SL Loss: 0.02/1.73
Player 2 Avg. Reward: -0.94 Avg. RL/SL Loss: 0.03/1.70
Frame: 1530000  FPS: 29.26 Avg. Tagging Interval Length: 639.20
Player 1 Avg. Reward: 0.73 Avg. RL/SL Loss: 0.02/1.73
Player 2 Avg. Reward: -0.73 Avg. RL/SL Loss: 0.03/1.70
Frame: 1540000  FPS: 29.78 Avg. Tagging Interval Length: 652.87
Player 1 Avg. Reward: 0.00 Avg. RL/SL Loss: 0.02/1.73
Player 2 Avg. Reward: 0.00 Avg. RL/SL Loss: 0.03/1.70
Frame: 1550000  FPS: 29.24 Avg. Tagging Interval Length: 635.50
Player 1 Avg. Reward: 1.44 Avg. RL/SL Loss: 0.02/1.73
Player 2 Avg. Reward: -1.44 Avg. RL/SL Loss: 0.03/1.70
Frame: 1560000  FPS: 28.62 Avg. Tagging Interval Length: 618.50
Player 1 Avg. Reward: 0.81 Avg. RL/SL Loss: 0.02/1.73
Player 2 Avg. Reward: -0.81 Avg. RL/SL Loss: 0.03/1.70
Frame: 1570000  FPS: 29.51 Avg. Tagging Interval Length: 615.12
Player 1 Avg. Reward: -0.65 Avg. RL/SL Loss: 0.02/1.73
Player 2 Avg. Reward: 0.65 Avg. RL/SL Loss: 0.03/1.69
Frame: 1580000  FPS: 29.40 Avg. Tagging Interval Length: 643.20
Player 1 Avg. Reward: 0.27 Avg. RL/SL Loss: 0.02/1.73
Player 2 Avg. Reward: -0.27 Avg. RL/SL Loss: 0.03/1.70
Frame: 1590000  FPS: 29.12 Avg. Tagging Interval Length: 639.69
Player 1 Avg. Reward: 0.31 Avg. RL/SL Loss: 0.02/1.73
Player 2 Avg. Reward: -0.31 Avg. RL/SL Loss: 0.03/1.69
Frame: 1600000  FPS: 28.95 Avg. Tagging Interval Length: 592.29
Player 1 Avg. Reward: -0.24 Avg. RL/SL Loss: 0.02/1.73
Player 2 Avg. Reward: 0.24 Avg. RL/SL Loss: 0.03/1.69
Frame: 1610000  FPS: 29.14 Avg. Tagging Interval Length: 632.50
Player 1 Avg. Reward: 1.31 Avg. RL/SL Loss: 0.02/1.73
Player 2 Avg. Reward: -1.31 Avg. RL/SL Loss: 0.02/1.69
Frame: 1620000  FPS: 29.65 Avg. Tagging Interval Length: 616.25
Player 1 Avg. Reward: 1.00 Avg. RL/SL Loss: 0.02/1.73
Player 2 Avg. Reward: -1.00 Avg. RL/SL Loss: 0.02/1.69
Frame: 1630000  FPS: 29.67 Avg. Tagging Interval Length: 597.06
Player 1 Avg. Reward: -1.06 Avg. RL/SL Loss: 0.02/1.73
Player 2 Avg. Reward: 1.06 Avg. RL/SL Loss: 0.02/1.69
Frame: 1640000  FPS: 29.26 Avg. Tagging Interval Length: 664.73
Player 1 Avg. Reward: -0.40 Avg. RL/SL Loss: 0.02/1.73
Player 2 Avg. Reward: 0.40 Avg. RL/SL Loss: 0.03/1.69
Frame: 1650000  FPS: 29.35 Avg. Tagging Interval Length: 621.69
Player 1 Avg. Reward: 0.38 Avg. RL/SL Loss: 0.02/1.73
Player 2 Avg. Reward: -0.38 Avg. RL/SL Loss: 0.03/1.69
Frame: 1660000  FPS: 29.91 Avg. Tagging Interval Length: 640.53
Player 1 Avg. Reward: -0.07 Avg. RL/SL Loss: 0.02/1.73
Player 2 Avg. Reward: 0.07 Avg. RL/SL Loss: 0.03/1.69
Frame: 1670000  FPS: 29.20 Avg. Tagging Interval Length: 649.00
Player 1 Avg. Reward: 0.12 Avg. RL/SL Loss: 0.02/1.73
Player 2 Avg. Reward: -0.12 Avg. RL/SL Loss: 0.03/1.69
Frame: 1680000  FPS: 29.14 Avg. Tagging Interval Length: 633.56
Player 1 Avg. Reward: 1.81 Avg. RL/SL Loss: 0.02/1.73
Player 2 Avg. Reward: -1.81 Avg. RL/SL Loss: 0.03/1.69
Frame: 1690000  FPS: 29.16 Avg. Tagging Interval Length: 642.60
Player 1 Avg. Reward: -0.47 Avg. RL/SL Loss: 0.02/1.73
Player 2 Avg. Reward: 0.47 Avg. RL/SL Loss: 0.03/1.69
Frame: 1700000  FPS: 29.43 Avg. Tagging Interval Length: 617.94
Player 1 Avg. Reward: 1.56 Avg. RL/SL Loss: 0.02/1.72
Player 2 Avg. Reward: -1.56 Avg. RL/SL Loss: 0.03/1.69
Frame: 1710000  FPS: 28.96 Avg. Tagging Interval Length: 651.94
Player 1 Avg. Reward: 1.19 Avg. RL/SL Loss: 0.02/1.73
Player 2 Avg. Reward: -1.19 Avg. RL/SL Loss: 0.03/1.68
Frame: 1720000  FPS: 28.95 Avg. Tagging Interval Length: 635.07
Player 1 Avg. Reward: -1.27 Avg. RL/SL Loss: 0.02/1.73
Player 2 Avg. Reward: 1.27 Avg. RL/SL Loss: 0.03/1.68
Frame: 1730000  FPS: 28.97 Avg. Tagging Interval Length: 642.12
Player 1 Avg. Reward: 0.31 Avg. RL/SL Loss: 0.03/1.73
Player 2 Avg. Reward: -0.31 Avg. RL/SL Loss: 0.03/1.68
Frame: 1740000  FPS: 28.77 Avg. Tagging Interval Length: 639.62
Player 1 Avg. Reward: 0.06 Avg. RL/SL Loss: 0.03/1.72
Player 2 Avg. Reward: -0.06 Avg. RL/SL Loss: 0.03/1.68
Frame: 1750000  FPS: 29.22 Avg. Tagging Interval Length: 606.31
Player 1 Avg. Reward: 0.81 Avg. RL/SL Loss: 0.02/1.72
Player 2 Avg. Reward: -0.81 Avg. RL/SL Loss: 0.03/1.67
Frame: 1760000  FPS: 29.20 Avg. Tagging Interval Length: 630.69
Player 1 Avg. Reward: 0.19 Avg. RL/SL Loss: 0.02/1.72
Player 2 Avg. Reward: -0.19 Avg. RL/SL Loss: 0.03/1.67
Frame: 1770000  FPS: 29.27 Avg. Tagging Interval Length: 663.40
Player 1 Avg. Reward: -1.07 Avg. RL/SL Loss: 0.02/1.72
Player 2 Avg. Reward: 1.07 Avg. RL/SL Loss: 0.03/1.67
Frame: 1780000  FPS: 28.88 Avg. Tagging Interval Length: 618.38
Player 1 Avg. Reward: 0.81 Avg. RL/SL Loss: 0.02/1.72
Player 2 Avg. Reward: -0.81 Avg. RL/SL Loss: 0.03/1.67
Frame: 1790000  FPS: 28.43 Avg. Tagging Interval Length: 667.13
Player 1 Avg. Reward: 0.00 Avg. RL/SL Loss: 0.02/1.72
Player 2 Avg. Reward: 0.00 Avg. RL/SL Loss: 0.03/1.67
Frame: 1800000  FPS: 29.09 Avg. Tagging Interval Length: 625.94
Player 1 Avg. Reward: -0.44 Avg. RL/SL Loss: 0.02/1.72
Player 2 Avg. Reward: 0.44 Avg. RL/SL Loss: 0.03/1.67
Frame: 1810000  FPS: 29.28 Avg. Tagging Interval Length: 621.31
Player 1 Avg. Reward: -0.12 Avg. RL/SL Loss: 0.03/1.72
Player 2 Avg. Reward: 0.12 Avg. RL/SL Loss: 0.03/1.67
Frame: 1820000  FPS: 29.01 Avg. Tagging Interval Length: 634.75
Player 1 Avg. Reward: -0.69 Avg. RL/SL Loss: 0.03/1.72
Player 2 Avg. Reward: 0.69 Avg. RL/SL Loss: 0.03/1.67
Frame: 1830000  FPS: 29.24 Avg. Tagging Interval Length: 583.00
Player 1 Avg. Reward: 0.41 Avg. RL/SL Loss: 0.03/1.72
Player 2 Avg. Reward: -0.41 Avg. RL/SL Loss: 0.03/1.67
Frame: 1840000  FPS: 29.32 Avg. Tagging Interval Length: 563.12
Player 1 Avg. Reward: 0.59 Avg. RL/SL Loss: 0.03/1.72
Player 2 Avg. Reward: -0.59 Avg. RL/SL Loss: 0.03/1.67
Frame: 1850000  FPS: 29.32 Avg. Tagging Interval Length: 682.13
Player 1 Avg. Reward: 0.47 Avg. RL/SL Loss: 0.03/1.72
Player 2 Avg. Reward: -0.47 Avg. RL/SL Loss: 0.03/1.67
Frame: 1860000  FPS: 29.40 Avg. Tagging Interval Length: 608.71
Player 1 Avg. Reward: 0.41 Avg. RL/SL Loss: 0.03/1.72
Player 2 Avg. Reward: -0.41 Avg. RL/SL Loss: 0.03/1.67
Frame: 1870000  FPS: 28.96 Avg. Tagging Interval Length: 659.20
Player 1 Avg. Reward: -0.13 Avg. RL/SL Loss: 0.03/1.72
Player 2 Avg. Reward: 0.13 Avg. RL/SL Loss: 0.03/1.67
Frame: 1880000  FPS: 29.05 Avg. Tagging Interval Length: 628.31
Player 1 Avg. Reward: 0.19 Avg. RL/SL Loss: 0.03/1.72
Player 2 Avg. Reward: -0.19 Avg. RL/SL Loss: 0.03/1.67
Frame: 1890000  FPS: 29.22 Avg. Tagging Interval Length: 587.71
Player 1 Avg. Reward: -0.18 Avg. RL/SL Loss: 0.03/1.72
Player 2 Avg. Reward: 0.18 Avg. RL/SL Loss: 0.02/1.67
Frame: 1900000  FPS: 29.40 Avg. Tagging Interval Length: 631.69
Player 1 Avg. Reward: 0.12 Avg. RL/SL Loss: 0.02/1.72
Player 2 Avg. Reward: -0.12 Avg. RL/SL Loss: 0.02/1.67
Frame: 1910000  FPS: 29.24 Avg. Tagging Interval Length: 637.00
Player 1 Avg. Reward: -0.60 Avg. RL/SL Loss: 0.02/1.72
Player 2 Avg. Reward: 0.60 Avg. RL/SL Loss: 0.02/1.67
Frame: 1920000  FPS: 28.84 Avg. Tagging Interval Length: 635.50
Player 1 Avg. Reward: 0.00 Avg. RL/SL Loss: 0.02/1.72
Player 2 Avg. Reward: 0.00 Avg. RL/SL Loss: 0.02/1.67
Frame: 1930000  FPS: 29.43 Avg. Tagging Interval Length: 647.19
Player 1 Avg. Reward: 0.69 Avg. RL/SL Loss: 0.02/1.72
Player 2 Avg. Reward: -0.69 Avg. RL/SL Loss: 0.02/1.67
Frame: 1940000  FPS: 29.36 Avg. Tagging Interval Length: 619.19
Player 1 Avg. Reward: 0.19 Avg. RL/SL Loss: 0.02/1.72
Player 2 Avg. Reward: -0.19 Avg. RL/SL Loss: 0.02/1.67
Frame: 1950000  FPS: 29.10 Avg. Tagging Interval Length: 644.87
Player 1 Avg. Reward: 0.40 Avg. RL/SL Loss: 0.02/1.72
Player 2 Avg. Reward: -0.40 Avg. RL/SL Loss: 0.02/1.67
Frame: 1960000  FPS: 28.78 Avg. Tagging Interval Length: 639.50
Player 1 Avg. Reward: 0.25 Avg. RL/SL Loss: 0.02/1.72
Player 2 Avg. Reward: -0.25 Avg. RL/SL Loss: 0.02/1.67
Frame: 1970000  FPS: 28.80 Avg. Tagging Interval Length: 629.44
Player 1 Avg. Reward: -0.56 Avg. RL/SL Loss: 0.02/1.72
Player 2 Avg. Reward: 0.56 Avg. RL/SL Loss: 0.02/1.67
Frame: 1980000  FPS: 29.11 Avg. Tagging Interval Length: 641.00
Player 1 Avg. Reward: 0.00 Avg. RL/SL Loss: 0.02/1.72
Player 2 Avg. Reward: 0.00 Avg. RL/SL Loss: 0.02/1.67
Frame: 1990000  FPS: 29.02 Avg. Tagging Interval Length: 665.07
Player 1 Avg. Reward: -0.13 Avg. RL/SL Loss: 0.02/1.72
Player 2 Avg. Reward: 0.13 Avg. RL/SL Loss: 0.02/1.67
Frame: 2000000  FPS: 29.03 Avg. Tagging Interval Length: 588.94
Player 1 Avg. Reward: -0.67 Avg. RL/SL Loss: 0.02/1.72
Player 2 Avg. Reward: 0.67 Avg. RL/SL Loss: 0.02/1.67
Frame: 2010000  FPS: 29.31 Avg. Tagging Interval Length: 667.80
Player 1 Avg. Reward: 0.47 Avg. RL/SL Loss: 0.02/1.72
Player 2 Avg. Reward: -0.47 Avg. RL/SL Loss: 0.02/1.67
Frame: 2020000  FPS: 28.86 Avg. Tagging Interval Length: 658.20
Player 1 Avg. Reward: -0.87 Avg. RL/SL Loss: 0.02/1.72
Player 2 Avg. Reward: 0.87 Avg. RL/SL Loss: 0.02/1.67
Frame: 2030000  FPS: 29.26 Avg. Tagging Interval Length: 667.27
Player 1 Avg. Reward: 0.40 Avg. RL/SL Loss: 0.03/1.72
Player 2 Avg. Reward: -0.40 Avg. RL/SL Loss: 0.02/1.67
Frame: 2040000  FPS: 29.45 Avg. Tagging Interval Length: 669.47
Player 1 Avg. Reward: 0.13 Avg. RL/SL Loss: 0.02/1.72
Player 2 Avg. Reward: -0.13 Avg. RL/SL Loss: 0.02/1.67
Frame: 2050000  FPS: 29.49 Avg. Tagging Interval Length: 587.94
Player 1 Avg. Reward: 0.24 Avg. RL/SL Loss: 0.02/1.72
Player 2 Avg. Reward: -0.24 Avg. RL/SL Loss: 0.02/1.67
Frame: 2060000  FPS: 28.92 Avg. Tagging Interval Length: 638.00
Player 1 Avg. Reward: 0.13 Avg. RL/SL Loss: 0.02/1.72
Player 2 Avg. Reward: -0.13 Avg. RL/SL Loss: 0.02/1.67
Frame: 2070000  FPS: 29.21 Avg. Tagging Interval Length: 590.53
Player 1 Avg. Reward: -0.35 Avg. RL/SL Loss: 0.02/1.71
Player 2 Avg. Reward: 0.35 Avg. RL/SL Loss: 0.02/1.67
Frame: 2080000  FPS: 29.00 Avg. Tagging Interval Length: 622.31
Player 1 Avg. Reward: 0.06 Avg. RL/SL Loss: 0.02/1.72
Player 2 Avg. Reward: -0.06 Avg. RL/SL Loss: 0.02/1.67
Frame: 2090000  FPS: 29.15 Avg. Tagging Interval Length: 616.29
Player 1 Avg. Reward: -0.82 Avg. RL/SL Loss: 0.02/1.72
Player 2 Avg. Reward: 0.82 Avg. RL/SL Loss: 0.02/1.67
Frame: 2100000  FPS: 28.88 Avg. Tagging Interval Length: 603.75
Player 1 Avg. Reward: 0.94 Avg. RL/SL Loss: 0.02/1.71
Player 2 Avg. Reward: -0.94 Avg. RL/SL Loss: 0.02/1.67
Frame: 2110000  FPS: 29.63 Avg. Tagging Interval Length: 627.31
Player 1 Avg. Reward: 0.88 Avg. RL/SL Loss: 0.02/1.71
Player 2 Avg. Reward: -0.88 Avg. RL/SL Loss: 0.02/1.67
Frame: 2120000  FPS: 29.22 Avg. Tagging Interval Length: 611.88
Player 1 Avg. Reward: 0.69 Avg. RL/SL Loss: 0.02/1.72
Player 2 Avg. Reward: -0.69 Avg. RL/SL Loss: 0.02/1.67
Frame: 2130000  FPS: 28.87 Avg. Tagging Interval Length: 646.81
Player 1 Avg. Reward: 0.75 Avg. RL/SL Loss: 0.02/1.72
Player 2 Avg. Reward: -0.75 Avg. RL/SL Loss: 0.02/1.67
Frame: 2140000  FPS: 29.05 Avg. Tagging Interval Length: 619.06
Player 1 Avg. Reward: 0.50 Avg. RL/SL Loss: 0.02/1.72
Player 2 Avg. Reward: -0.50 Avg. RL/SL Loss: 0.02/1.67
Frame: 2150000  FPS: 29.17 Avg. Tagging Interval Length: 675.07
Player 1 Avg. Reward: -0.33 Avg. RL/SL Loss: 0.02/1.72
Player 2 Avg. Reward: 0.33 Avg. RL/SL Loss: 0.02/1.67
Frame: 2160000  FPS: 28.91 Avg. Tagging Interval Length: 602.06
Player 1 Avg. Reward: 0.94 Avg. RL/SL Loss: 0.02/1.72
Player 2 Avg. Reward: -0.94 Avg. RL/SL Loss: 0.02/1.67
Frame: 2170000  FPS: 29.01 Avg. Tagging Interval Length: 626.19
Player 1 Avg. Reward: 0.12 Avg. RL/SL Loss: 0.02/1.72
Player 2 Avg. Reward: -0.12 Avg. RL/SL Loss: 0.02/1.67
Frame: 2180000  FPS: 28.81 Avg. Tagging Interval Length: 657.94
Player 1 Avg. Reward: -1.19 Avg. RL/SL Loss: 0.02/1.72
Player 2 Avg. Reward: 1.19 Avg. RL/SL Loss: 0.02/1.67
Frame: 2190000  FPS: 29.34 Avg. Tagging Interval Length: 676.21
Player 1 Avg. Reward: 0.50 Avg. RL/SL Loss: 0.02/1.72
Player 2 Avg. Reward: -0.50 Avg. RL/SL Loss: 0.02/1.67
Frame: 2200000  FPS: 29.32 Avg. Tagging Interval Length: 691.47
Player 1 Avg. Reward: 0.93 Avg. RL/SL Loss: 0.02/1.72
Player 2 Avg. Reward: -0.93 Avg. RL/SL Loss: 0.02/1.67
Frame: 2210000  FPS: 29.07 Avg. Tagging Interval Length: 622.31
Player 1 Avg. Reward: -0.06 Avg. RL/SL Loss: 0.02/1.72
Player 2 Avg. Reward: 0.06 Avg. RL/SL Loss: 0.02/1.67
Frame: 2220000  FPS: 28.84 Avg. Tagging Interval Length: 615.31
Player 1 Avg. Reward: 0.88 Avg. RL/SL Loss: 0.02/1.72
Player 2 Avg. Reward: -0.88 Avg. RL/SL Loss: 0.02/1.67
Frame: 2230000  FPS: 29.19 Avg. Tagging Interval Length: 630.19
Player 1 Avg. Reward: -0.88 Avg. RL/SL Loss: 0.02/1.72
Player 2 Avg. Reward: 0.88 Avg. RL/SL Loss: 0.02/1.67
Frame: 2240000  FPS: 28.87 Avg. Tagging Interval Length: 628.44
Player 1 Avg. Reward: 0.38 Avg. RL/SL Loss: 0.02/1.72
Player 2 Avg. Reward: -0.38 Avg. RL/SL Loss: 0.02/1.67
Frame: 2250000  FPS: 29.46 Avg. Tagging Interval Length: 650.33
Player 1 Avg. Reward: 1.47 Avg. RL/SL Loss: 0.02/1.72
Player 2 Avg. Reward: -1.47 Avg. RL/SL Loss: 0.02/1.67
Frame: 2260000  FPS: 29.22 Avg. Tagging Interval Length: 671.47
Player 1 Avg. Reward: 0.20 Avg. RL/SL Loss: 0.02/1.72
Player 2 Avg. Reward: -0.20 Avg. RL/SL Loss: 0.02/1.68
Frame: 2270000  FPS: 29.34 Avg. Tagging Interval Length: 667.40
Player 1 Avg. Reward: 0.00 Avg. RL/SL Loss: 0.02/1.72
Player 2 Avg. Reward: 0.00 Avg. RL/SL Loss: 0.02/1.67
Frame: 2280000  FPS: 29.18 Avg. Tagging Interval Length: 605.59
Player 1 Avg. Reward: 0.59 Avg. RL/SL Loss: 0.02/1.72
Player 2 Avg. Reward: -0.59 Avg. RL/SL Loss: 0.02/1.68
Frame: 2290000  FPS: 29.09 Avg. Tagging Interval Length: 648.13
Player 1 Avg. Reward: -0.40 Avg. RL/SL Loss: 0.02/1.72
Player 2 Avg. Reward: 0.40 Avg. RL/SL Loss: 0.02/1.67
Frame: 2300000  FPS: 28.79 Avg. Tagging Interval Length: 643.94
Player 1 Avg. Reward: -0.88 Avg. RL/SL Loss: 0.02/1.72
Player 2 Avg. Reward: 0.88 Avg. RL/SL Loss: 0.02/1.67
Frame: 2310000  FPS: 28.97 Avg. Tagging Interval Length: 615.44
Player 1 Avg. Reward: 0.94 Avg. RL/SL Loss: 0.02/1.71
Player 2 Avg. Reward: -0.94 Avg. RL/SL Loss: 0.02/1.68
Frame: 2320000  FPS: 29.38 Avg. Tagging Interval Length: 637.60
Player 1 Avg. Reward: 1.00 Avg. RL/SL Loss: 0.03/1.71
Player 2 Avg. Reward: -1.00 Avg. RL/SL Loss: 0.02/1.68
Frame: 2330000  FPS: 29.21 Avg. Tagging Interval Length: 627.69
Player 1 Avg. Reward: -0.25 Avg. RL/SL Loss: 0.03/1.72
Player 2 Avg. Reward: 0.25 Avg. RL/SL Loss: 0.02/1.68
Frame: 2340000  FPS: 28.85 Avg. Tagging Interval Length: 622.35
Player 1 Avg. Reward: -0.18 Avg. RL/SL Loss: 0.03/1.71
Player 2 Avg. Reward: 0.18 Avg. RL/SL Loss: 0.02/1.68
Frame: 2350000  FPS: 29.16 Avg. Tagging Interval Length: 646.80
Player 1 Avg. Reward: 0.80 Avg. RL/SL Loss: 0.03/1.71
Player 2 Avg. Reward: -0.80 Avg. RL/SL Loss: 0.02/1.68
Frame: 2360000  FPS: 29.15 Avg. Tagging Interval Length: 678.13
Player 1 Avg. Reward: 0.40 Avg. RL/SL Loss: 0.03/1.71
Player 2 Avg. Reward: -0.40 Avg. RL/SL Loss: 0.02/1.67
Frame: 2370000  FPS: 29.17 Avg. Tagging Interval Length: 627.69
Player 1 Avg. Reward: 0.44 Avg. RL/SL Loss: 0.02/1.71
Player 2 Avg. Reward: -0.44 Avg. RL/SL Loss: 0.02/1.68
Frame: 2380000  FPS: 28.77 Avg. Tagging Interval Length: 579.18
Player 1 Avg. Reward: 0.59 Avg. RL/SL Loss: 0.02/1.71
Player 2 Avg. Reward: -0.59 Avg. RL/SL Loss: 0.02/1.67
Frame: 2390000  FPS: 29.44 Avg. Tagging Interval Length: 634.19
Player 1 Avg. Reward: -0.44 Avg. RL/SL Loss: 0.02/1.71
Player 2 Avg. Reward: 0.44 Avg. RL/SL Loss: 0.02/1.68
Frame: 2400000  FPS: 29.21 Avg. Tagging Interval Length: 632.13
Player 1 Avg. Reward: 0.40 Avg. RL/SL Loss: 0.02/1.71
Player 2 Avg. Reward: -0.40 Avg. RL/SL Loss: 0.02/1.67
Frame: 2410000  FPS: 29.27 Avg. Tagging Interval Length: 662.56
Player 1 Avg. Reward: -0.06 Avg. RL/SL Loss: 0.03/1.71
Player 2 Avg. Reward: 0.06 Avg. RL/SL Loss: 0.02/1.67
Frame: 2420000  FPS: 29.13 Avg. Tagging Interval Length: 619.31
Player 1 Avg. Reward: -0.75 Avg. RL/SL Loss: 0.03/1.71
Player 2 Avg. Reward: 0.75 Avg. RL/SL Loss: 0.02/1.67
Frame: 2430000  FPS: 28.94 Avg. Tagging Interval Length: 658.60
Player 1 Avg. Reward: -0.20 Avg. RL/SL Loss: 0.02/1.71
Player 2 Avg. Reward: 0.20 Avg. RL/SL Loss: 0.02/1.67
Frame: 2440000  FPS: 28.88 Avg. Tagging Interval Length: 636.38
Player 1 Avg. Reward: 0.06 Avg. RL/SL Loss: 0.02/1.71
Player 2 Avg. Reward: -0.06 Avg. RL/SL Loss: 0.02/1.67
Frame: 2450000  FPS: 29.05 Avg. Tagging Interval Length: 586.76
Player 1 Avg. Reward: -0.18 Avg. RL/SL Loss: 0.02/1.71
Player 2 Avg. Reward: 0.18 Avg. RL/SL Loss: 0.02/1.67
Frame: 2460000  FPS: 29.20 Avg. Tagging Interval Length: 667.40
Player 1 Avg. Reward: 0.07 Avg. RL/SL Loss: 0.02/1.71
Player 2 Avg. Reward: -0.07 Avg. RL/SL Loss: 0.02/1.67
Frame: 2470000  FPS: 29.56 Avg. Tagging Interval Length: 624.62
Player 1 Avg. Reward: -0.06 Avg. RL/SL Loss: 0.02/1.71
Player 2 Avg. Reward: 0.06 Avg. RL/SL Loss: 0.02/1.67
Frame: 2480000  FPS: 29.32 Avg. Tagging Interval Length: 644.00
Player 1 Avg. Reward: -1.00 Avg. RL/SL Loss: 0.02/1.71
Player 2 Avg. Reward: 1.00 Avg. RL/SL Loss: 0.02/1.67
Frame: 2490000  FPS: 29.48 Avg. Tagging Interval Length: 605.88
Player 1 Avg. Reward: 0.76 Avg. RL/SL Loss: 0.02/1.71
Player 2 Avg. Reward: -0.76 Avg. RL/SL Loss: 0.02/1.67
Frame: 2500000  FPS: 29.07 Avg. Tagging Interval Length: 687.86
Player 1 Avg. Reward: 0.64 Avg. RL/SL Loss: 0.02/1.70
Player 2 Avg. Reward: -0.64 Avg. RL/SL Loss: 0.02/1.67
Frame: 2510000  FPS: 29.45 Avg. Tagging Interval Length: 664.80
Player 1 Avg. Reward: -0.53 Avg. RL/SL Loss: 0.02/1.70
Player 2 Avg. Reward: 0.53 Avg. RL/SL Loss: 0.02/1.67
Frame: 2520000  FPS: 29.07 Avg. Tagging Interval Length: 630.00
Player 1 Avg. Reward: -0.25 Avg. RL/SL Loss: 0.02/1.70
Player 2 Avg. Reward: 0.25 Avg. RL/SL Loss: 0.02/1.67
Frame: 2530000  FPS: 29.15 Avg. Tagging Interval Length: 637.44
Player 1 Avg. Reward: 0.00 Avg. RL/SL Loss: 0.02/1.70
Player 2 Avg. Reward: 0.00 Avg. RL/SL Loss: 0.02/1.67
Frame: 2540000  FPS: 28.72 Avg. Tagging Interval Length: 640.62
Player 1 Avg. Reward: -0.69 Avg. RL/SL Loss: 0.02/1.70
Player 2 Avg. Reward: 0.69 Avg. RL/SL Loss: 0.02/1.67
Frame: 2550000  FPS: 29.26 Avg. Tagging Interval Length: 636.93
Player 1 Avg. Reward: 0.53 Avg. RL/SL Loss: 0.02/1.70
Player 2 Avg. Reward: -0.53 Avg. RL/SL Loss: 0.02/1.67
Frame: 2560000  FPS: 29.27 Avg. Tagging Interval Length: 649.93
Player 1 Avg. Reward: 0.33 Avg. RL/SL Loss: 0.02/1.70
Player 2 Avg. Reward: -0.33 Avg. RL/SL Loss: 0.02/1.67
Frame: 2570000  FPS: 28.49 Avg. Tagging Interval Length: 692.33
Player 1 Avg. Reward: 0.07 Avg. RL/SL Loss: 0.02/1.70
Player 2 Avg. Reward: -0.07 Avg. RL/SL Loss: 0.02/1.67
Frame: 2580000  FPS: 27.72 Avg. Tagging Interval Length: 643.20
Player 1 Avg. Reward: -0.33 Avg. RL/SL Loss: 0.02/1.70
Player 2 Avg. Reward: 0.33 Avg. RL/SL Loss: 0.02/1.67
Frame: 2590000  FPS: 27.65 Avg. Tagging Interval Length: 622.06
Player 1 Avg. Reward: 0.18 Avg. RL/SL Loss: 0.02/1.70
Player 2 Avg. Reward: -0.18 Avg. RL/SL Loss: 0.02/1.67
Frame: 2600000  FPS: 27.33 Avg. Tagging Interval Length: 609.88
Player 1 Avg. Reward: 0.62 Avg. RL/SL Loss: 0.02/1.70
Player 2 Avg. Reward: -0.62 Avg. RL/SL Loss: 0.02/1.67
Frame: 2610000  FPS: 27.73 Avg. Tagging Interval Length: 644.69
Player 1 Avg. Reward: -0.94 Avg. RL/SL Loss: 0.02/1.69
Player 2 Avg. Reward: 0.94 Avg. RL/SL Loss: 0.02/1.67
Frame: 2620000  FPS: 28.19 Avg. Tagging Interval Length: 708.64
Player 1 Avg. Reward: -0.29 Avg. RL/SL Loss: 0.02/1.69
Player 2 Avg. Reward: 0.29 Avg. RL/SL Loss: 0.02/1.67
Frame: 2630000  FPS: 27.59 Avg. Tagging Interval Length: 618.88
Player 1 Avg. Reward: 0.25 Avg. RL/SL Loss: 0.02/1.69
Player 2 Avg. Reward: -0.25 Avg. RL/SL Loss: 0.02/1.67
Frame: 2640000  FPS: 27.43 Avg. Tagging Interval Length: 642.53
Player 1 Avg. Reward: 0.87 Avg. RL/SL Loss: 0.02/1.69
Player 2 Avg. Reward: -0.87 Avg. RL/SL Loss: 0.02/1.67
Frame: 2650000  FPS: 28.03 Avg. Tagging Interval Length: 681.47
Player 1 Avg. Reward: -0.87 Avg. RL/SL Loss: 0.02/1.69
Player 2 Avg. Reward: 0.87 Avg. RL/SL Loss: 0.02/1.67
Frame: 2660000  FPS: 27.84 Avg. Tagging Interval Length: 628.12
Player 1 Avg. Reward: 0.50 Avg. RL/SL Loss: 0.02/1.69
Player 2 Avg. Reward: -0.50 Avg. RL/SL Loss: 0.02/1.67
Frame: 2670000  FPS: 27.96 Avg. Tagging Interval Length: 625.00
Player 1 Avg. Reward: 0.40 Avg. RL/SL Loss: 0.02/1.70
Player 2 Avg. Reward: -0.40 Avg. RL/SL Loss: 0.02/1.67
Frame: 2680000  FPS: 28.17 Avg. Tagging Interval Length: 690.80
Player 1 Avg. Reward: 0.80 Avg. RL/SL Loss: 0.03/1.69
Player 2 Avg. Reward: -0.80 Avg. RL/SL Loss: 0.02/1.67
Frame: 2690000  FPS: 27.73 Avg. Tagging Interval Length: 583.78
Player 1 Avg. Reward: 1.06 Avg. RL/SL Loss: 0.03/1.70
Player 2 Avg. Reward: -1.06 Avg. RL/SL Loss: 0.02/1.67
Frame: 2700000  FPS: 27.79 Avg. Tagging Interval Length: 655.08
Player 1 Avg. Reward: -0.21 Avg. RL/SL Loss: 0.02/1.70
Player 2 Avg. Reward: 0.21 Avg. RL/SL Loss: 0.02/1.67
Frame: 2710000  FPS: 27.79 Avg. Tagging Interval Length: 677.47
Player 1 Avg. Reward: -0.73 Avg. RL/SL Loss: 0.02/1.70
Player 2 Avg. Reward: 0.73 Avg. RL/SL Loss: 0.02/1.67
Frame: 2720000  FPS: 27.38 Avg. Tagging Interval Length: 657.47
Player 1 Avg. Reward: 1.33 Avg. RL/SL Loss: 0.02/1.70
Player 2 Avg. Reward: -1.33 Avg. RL/SL Loss: 0.02/1.67
Frame: 2730000  FPS: 27.76 Avg. Tagging Interval Length: 641.56
Player 1 Avg. Reward: 0.81 Avg. RL/SL Loss: 0.02/1.70
Player 2 Avg. Reward: -0.81 Avg. RL/SL Loss: 0.02/1.67
Frame: 2740000  FPS: 28.23 Avg. Tagging Interval Length: 633.88
Player 1 Avg. Reward: 1.25 Avg. RL/SL Loss: 0.02/1.70
Player 2 Avg. Reward: -1.25 Avg. RL/SL Loss: 0.02/1.67
Frame: 2750000  FPS: 28.55 Avg. Tagging Interval Length: 648.40
Player 1 Avg. Reward: 0.53 Avg. RL/SL Loss: 0.02/1.70
Player 2 Avg. Reward: -0.53 Avg. RL/SL Loss: 0.02/1.67
Frame: 2760000  FPS: 28.77 Avg. Tagging Interval Length: 640.25
Player 1 Avg. Reward: 0.06 Avg. RL/SL Loss: 0.02/1.70
Player 2 Avg. Reward: -0.06 Avg. RL/SL Loss: 0.02/1.67
Frame: 2770000  FPS: 28.29 Avg. Tagging Interval Length: 628.67
Player 1 Avg. Reward: -0.27 Avg. RL/SL Loss: 0.02/1.70
Player 2 Avg. Reward: 0.27 Avg. RL/SL Loss: 0.02/1.67
Frame: 2780000  FPS: 29.06 Avg. Tagging Interval Length: 624.00