Cannot import pettingzoo env:  pong_v2
                          Options
                          seed: 1122
                          batch_size: 1024
                          no_cuda: False
                          training_id: 0
                          max_frames: 500000000
                          buffer_size: 100000
                          update_target: 1000
                          train_freq: 100
                          gamma: 0.99
                          eta: 0.1
                          rl_start: 10000
                          sl_start: 1000
                          num_envs: 5
                          hidden_dim: 256
                          dueling: False
                          multi_step: 1
                          cce: False
                          env: SlimeVolley-v0
                          ram: False
                          negative: False
                          against_baseline: False
                          load_model: 0
                          save_model: 20210624_2329
                          evaluate: False
                          render: False
                          evaluation_interval: 100000
                          lr: 0.0001
                          max_tag_interval: 10000
                          eps_start: 1.0
                          eps_final: 0.01
                          eps_decay: 1000000
                          cuda: True
                          device: cuda:0
[Box(-3.4028234663852886e+38, 3.4028234663852886e+38, (12,), float32), Box(-3.4028234663852886e+38, 3.4028234663852886e+38, (12,), float32), Box(-3.4028234663852886e+38, 3.4028234663852886e+38, (12,), float32), Box(-3.4028234663852886e+38, 3.4028234663852886e+38, (12,), float32), Box(-3.4028234663852886e+38, 3.4028234663852886e+38, (12,), float32)] [Discrete(6), Discrete(6), Discrete(6), Discrete(6), Discrete(6)]
(12,)
(12,)
Frame: 500000, Avg. RL Loss: 0.009, Avg. Q value: 0.002, Avg. Length: 496.0, P0 Avg. Reward: -0.059, P1 Avg. Reward: 0.059
Q table: 
 [[0.85  0.872 0.882 0.89  0.916 0.891]
 [0.886 0.873 0.888 0.901 0.891 0.945]
 [0.879 0.92  0.89  0.893 0.911 0.949]
 [0.877 0.905 0.898 0.913 0.915 0.912]
 [0.906 0.911 0.872 0.869 0.913 0.919]
 [0.864 0.872 0.885 0.922 0.907 0.888]]
Nash policies:  [(array([0.   , 0.   , 0.   , 0.629, 0.371, 0.   ]), array([0.463, 0.   , 0.537, 0.   , 0.   , 0.   ]))]
Frame: 1000000, Avg. RL Loss: 0.011, Avg. Q value: -0.046, Avg. Length: 506.1, P0 Avg. Reward: -0.163, P1 Avg. Reward: 0.163
Q table: 
 [[0.47  0.488 0.483 0.49  0.482 0.475]
 [0.458 0.481 0.48  0.501 0.478 0.49 ]
 [0.49  0.492 0.482 0.499 0.486 0.479]
 [0.481 0.491 0.475 0.491 0.476 0.457]
 [0.487 0.498 0.482 0.498 0.478 0.506]
 [0.48  0.491 0.488 0.48  0.492 0.476]]
Nash policies:  [(array([0.   , 0.   , 0.295, 0.   , 0.255, 0.45 ]), array([0.385, 0.   , 0.579, 0.   , 0.   , 0.037]))]
Frame: 1500000, Avg. RL Loss: 0.014, Avg. Q value: 0.002, Avg. Length: 510.5, P0 Avg. Reward: -0.014, P1 Avg. Reward: 0.014
Q table: 
 [[-0.241 -0.244 -0.224 -0.227 -0.224 -0.247]
 [-0.234 -0.221 -0.196 -0.262 -0.238 -0.189]
 [-0.24  -0.241 -0.211 -0.207 -0.23  -0.23 ]
 [-0.225 -0.206 -0.257 -0.244 -0.232 -0.219]
 [-0.223 -0.211 -0.232 -0.203 -0.241 -0.218]
 [-0.193 -0.252 -0.223 -0.24  -0.233 -0.191]]
Nash policies:  [(array([0.479, 0.067, 0.   , 0.206, 0.161, 0.087]), array([0.139, 0.187, 0.123, 0.042, 0.509, 0.   ]))]
Frame: 2000000, Avg. RL Loss: 0.015, Avg. Q value: -0.012, Avg. Length: 496.0, P0 Avg. Reward: 0.058, P1 Avg. Reward: -0.058
Q table: 
 [[-1.096 -1.099 -1.106 -1.098 -1.103 -1.096]
 [-1.092 -1.122 -1.109 -1.107 -1.086 -1.068]
 [-1.105 -1.077 -1.08  -1.089 -1.097 -1.083]
 [-1.1   -1.125 -1.109 -1.085 -1.1   -1.093]
 [-1.118 -1.109 -1.115 -1.087 -1.133 -1.106]
 [-1.133 -1.089 -1.119 -1.082 -1.118 -1.135]]
Nash policies:  [(array([0.361, 0.287, 0.351, 0.   , 0.   , 0.   ]), array([0.74 , 0.096, 0.164, 0.   , 0.   , 0.   ]))]
Frame: 2500000, Avg. RL Loss: 0.017, Avg. Q value: 0.018, Avg. Length: 501.1, P0 Avg. Reward: 0.035, P1 Avg. Reward: -0.035
Q table: 
 [[0.813 0.812 0.802 0.826 0.809 0.84 ]
 [0.793 0.804 0.786 0.827 0.821 0.807]
 [0.81  0.802 0.807 0.841 0.838 0.833]
 [0.808 0.801 0.787 0.8   0.795 0.81 ]
 [0.809 0.785 0.812 0.796 0.826 0.813]
 [0.781 0.82  0.834 0.804 0.816 0.778]]
Nash policies:  [(array([0.692, 0.   , 0.   , 0.   , 0.177, 0.132]), array([0.46 , 0.099, 0.442, 0.   , 0.   , 0.   ]))]
Frame: 3000000, Avg. RL Loss: 0.017, Avg. Q value: 0.014, Avg. Length: 496.7, P0 Avg. Reward: 0.034, P1 Avg. Reward: -0.034
Q table: 
 [[0.89  0.877 0.858 0.88  0.863 0.858]
 [0.867 0.857 0.864 0.848 0.853 0.852]
 [0.843 0.865 0.85  0.86  0.85  0.844]
 [0.874 0.86  0.839 0.873 0.886 0.863]
 [0.88  0.859 0.872 0.868 0.87  0.859]
 [0.888 0.863 0.871 0.88  0.863 0.856]]
Nash policies:  [(array([0.052, 0.   , 0.   , 0.332, 0.616, 0.   ]), array([0.   , 0.114, 0.087, 0.   , 0.   , 0.8  ]))]
Frame: 3500000, Avg. RL Loss: 0.018, Avg. Q value: -0.116, Avg. Length: 492.0, P0 Avg. Reward: -0.073, P1 Avg. Reward: 0.073
Q table: 
 [[-1.279 -1.274 -1.275 -1.261 -1.317 -1.285]
 [-1.264 -1.288 -1.248 -1.243 -1.268 -1.281]
 [-1.264 -1.257 -1.23  -1.25  -1.233 -1.258]
 [-1.276 -1.306 -1.285 -1.246 -1.296 -1.305]
 [-1.277 -1.243 -1.254 -1.279 -1.242 -1.281]
 [-1.219 -1.247 -1.263 -1.239 -1.28  -1.281]]
Nash policies:  [(array([0.   , 0.   , 0.916, 0.   , 0.   , 0.084]), array([0.336, 0.   , 0.   , 0.   , 0.   , 0.664]))]
Frame: 4000000, Avg. RL Loss: 0.020, Avg. Q value: -0.094, Avg. Length: 511.1, P0 Avg. Reward: 0.106, P1 Avg. Reward: -0.106
Q table: 
 [[1.011 1.022 1.038 0.981 1.045 0.999]
 [0.995 1.017 1.    1.014 1.033 1.01 ]
 [1.031 0.998 1.013 0.996 1.011 1.006]
 [1.014 0.981 1.005 0.986 1.006 1.006]
 [1.004 1.009 1.005 1.027 0.994 1.009]
 [1.015 1.034 1.03  1.012 1.018 1.03 ]]
Nash policies:  [(array([0.   , 0.   , 0.034, 0.   , 0.161, 0.805]), array([0.497, 0.   , 0.   , 0.458, 0.045, 0.   ]))]
Frame: 4500000, Avg. RL Loss: 0.019, Avg. Q value: -0.083, Avg. Length: 488.5, P0 Avg. Reward: 0.127, P1 Avg. Reward: -0.127
Q table: 
 [[-0.814 -0.821 -0.796 -0.838 -0.84  -0.834]
 [-0.822 -0.804 -0.807 -0.796 -0.846 -0.841]
 [-0.855 -0.837 -0.814 -0.811 -0.863 -0.854]
 [-0.822 -0.832 -0.819 -0.822 -0.839 -0.85 ]
 [-0.834 -0.83  -0.83  -0.857 -0.838 -0.85 ]
 [-0.822 -0.835 -0.794 -0.813 -0.822 -0.855]]
Nash policies:  [(array([0.84, 0.  , 0.  , 0.  , 0.  , 0.16]), array([0.   , 0.   , 0.   , 0.   , 0.537, 0.463]))]
Frame: 5000000, Avg. RL Loss: 0.022, Avg. Q value: -0.209, Avg. Length: 490.0, P0 Avg. Reward: 0.053, P1 Avg. Reward: -0.053
Q table: 
 [[-1.467 -1.476 -1.446 -1.474 -1.478 -1.463]
 [-1.484 -1.441 -1.461 -1.461 -1.463 -1.488]
 [-1.453 -1.482 -1.424 -1.465 -1.45  -1.464]
 [-1.447 -1.461 -1.459 -1.487 -1.502 -1.471]
 [-1.438 -1.474 -1.444 -1.501 -1.473 -1.504]
 [-1.465 -1.471 -1.477 -1.481 -1.474 -1.446]]
Nash policies:  [(array([0.   , 0.3  , 0.486, 0.   , 0.   , 0.214]), array([0.   , 0.158, 0.   , 0.489, 0.   , 0.353]))]
Frame: 5500000, Avg. RL Loss: 0.023, Avg. Q value: -0.105, Avg. Length: 489.0, P0 Avg. Reward: -0.015, P1 Avg. Reward: 0.015
Q table: 
 [[-0.869 -0.877 -0.868 -0.879 -0.881 -0.877]
 [-0.868 -0.887 -0.877 -0.888 -0.896 -0.884]
 [-0.894 -0.901 -0.877 -0.875 -0.887 -0.884]
 [-0.887 -0.888 -0.887 -0.866 -0.882 -0.878]
 [-0.905 -0.89  -0.886 -0.888 -0.88  -0.87 ]
 [-0.881 -0.862 -0.872 -0.895 -0.877 -0.905]]
Nash policies:  [(array([0.488, 0.   , 0.   , 0.202, 0.159, 0.151]), array([0.006, 0.   , 0.   , 0.07 , 0.851, 0.073]))]
Frame: 6000000, Avg. RL Loss: 0.021, Avg. Q value: -0.030, Avg. Length: 487.3, P0 Avg. Reward: 0.040, P1 Avg. Reward: -0.040
Q table: 
 [[-0.651 -0.652 -0.646 -0.63  -0.651 -0.649]
 [-0.647 -0.64  -0.642 -0.663 -0.653 -0.641]
 [-0.662 -0.643 -0.644 -0.643 -0.658 -0.645]
 [-0.652 -0.65  -0.654 -0.634 -0.644 -0.661]
 [-0.657 -0.648 -0.645 -0.672 -0.642 -0.643]
 [-0.661 -0.648 -0.649 -0.633 -0.632 -0.645]]
Nash policies:  [(array([0.062, 0.542, 0.   , 0.396, 0.   , 0.   ]), array([0.741, 0.   , 0.   , 0.072, 0.187, 0.   ]))]
Frame: 6500000, Avg. RL Loss: 0.023, Avg. Q value: -0.077, Avg. Length: 487.6, P0 Avg. Reward: -0.121, P1 Avg. Reward: 0.121
Q table: 
 [[-1.15  -1.111 -1.149 -1.128 -1.109 -1.119]
 [-1.133 -1.108 -1.125 -1.116 -1.117 -1.122]
 [-1.111 -1.118 -1.126 -1.111 -1.104 -1.13 ]
 [-1.099 -1.114 -1.153 -1.097 -1.107 -1.133]
 [-1.108 -1.141 -1.133 -1.109 -1.103 -1.137]
 [-1.126 -1.124 -1.158 -1.128 -1.128 -1.128]]
Nash policies:  [(array([0.   , 0.651, 0.349, 0.   , 0.   , 0.   ]), array([0.054, 0.   , 0.946, 0.   , 0.   , 0.   ]))]
Frame: 7000000, Avg. RL Loss: 0.023, Avg. Q value: -0.050, Avg. Length: 499.1, P0 Avg. Reward: -0.237, P1 Avg. Reward: 0.237
Q table: 
 [[0.934 0.921 0.925 0.916 0.904 0.902]
 [0.916 0.92  0.914 0.926 0.92  0.913]
 [0.914 0.916 0.89  0.904 0.927 0.92 ]
 [0.927 0.901 0.905 0.899 0.899 0.897]
 [0.918 0.906 0.92  0.896 0.914 0.9  ]
 [0.927 0.919 0.897 0.929 0.932 0.918]]
Nash policies:  [(array([0.  , 0.94, 0.  , 0.  , 0.  , 0.06]), array([0.   , 0.   , 0.239, 0.   , 0.   , 0.761]))]
Frame: 7500000, Avg. RL Loss: 0.022, Avg. Q value: 0.033, Avg. Length: 487.3, P0 Avg. Reward: -0.116, P1 Avg. Reward: 0.116
Q table: 
 [[-1.748 -1.749 -1.739 -1.718 -1.766 -1.797]
 [-1.763 -1.749 -1.737 -1.778 -1.743 -1.752]
 [-1.751 -1.696 -1.739 -1.743 -1.781 -1.775]
 [-1.771 -1.733 -1.753 -1.697 -1.767 -1.758]
 [-1.758 -1.773 -1.777 -1.767 -1.795 -1.745]
 [-1.746 -1.746 -1.74  -1.743 -1.736 -1.741]]
Nash policies:  [(array([0., 0., 0., 0., 0., 1.]), array([1., 0., 0., 0., 0., 0.]))]
Frame: 8000000, Avg. RL Loss: 0.020, Avg. Q value: -0.001, Avg. Length: 489.3, P0 Avg. Reward: -0.070, P1 Avg. Reward: 0.070
Q table: 
 [[1.757 1.704 1.676 1.708 1.733 1.756]
 [1.723 1.696 1.74  1.719 1.708 1.752]
 [1.746 1.697 1.745 1.714 1.723 1.763]
 [1.729 1.678 1.707 1.7   1.754 1.724]
 [1.748 1.705 1.723 1.687 1.737 1.765]
 [1.713 1.719 1.731 1.723 1.701 1.765]]
Nash policies:  [(array([0.176, 0.   , 0.   , 0.   , 0.191, 0.633]), array([0.   , 0.607, 0.   , 0.073, 0.32 , 0.   ]))]
Frame: 8500000, Avg. RL Loss: 0.023, Avg. Q value: -0.146, Avg. Length: 490.6, P0 Avg. Reward: -0.075, P1 Avg. Reward: 0.075
Q table: 
 [[1.098 1.132 1.105 1.076 1.134 1.106]
 [1.117 1.112 1.115 1.093 1.097 1.087]
 [1.069 1.118 1.108 1.11  1.074 1.116]
 [1.121 1.122 1.115 1.092 1.12  1.1  ]
 [1.132 1.118 1.118 1.121 1.115 1.13 ]
 [1.105 1.109 1.111 1.118 1.112 1.119]]
Nash policies:  [(array([0.086, 0.   , 0.   , 0.   , 0.914, 0.   ]), array([0.   , 0.   , 0.   , 0.286, 0.714, 0.   ]))]
Frame: 9000000, Avg. RL Loss: 0.024, Avg. Q value: -0.081, Avg. Length: 489.6, P0 Avg. Reward: -0.057, P1 Avg. Reward: 0.057
Q table: 
 [[1.232 1.195 1.221 1.209 1.178 1.228]
 [1.217 1.194 1.19  1.208 1.158 1.234]
 [1.23  1.218 1.156 1.178 1.166 1.202]
 [1.184 1.233 1.238 1.218 1.221 1.224]
 [1.215 1.248 1.241 1.231 1.207 1.217]
 [1.234 1.236 1.205 1.22  1.205 1.218]]
Nash policies:  [(array([0.   , 0.   , 0.   , 0.444, 0.   , 0.556]), array([0.244, 0.   , 0.   , 0.   , 0.756, 0.   ]))]
Frame: 9500000, Avg. RL Loss: 0.024, Avg. Q value: -0.107, Avg. Length: 501.4, P0 Avg. Reward: 0.027, P1 Avg. Reward: -0.027
Q table: 
 [[-1.015 -1.014 -1.021 -1.023 -0.978 -0.991]
 [-0.991 -1.008 -1.019 -1.028 -0.998 -1.016]
 [-1.03  -1.038 -1.029 -1.033 -1.023 -1.009]
 [-1.03  -1.02  -1.012 -1.029 -0.997 -0.996]
 [-1.056 -1.004 -1.023 -1.023 -1.014 -1.041]
 [-1.02  -1.023 -1.01  -1.024 -1.022 -1.033]]
Nash policies:  [(array([0.803, 0.   , 0.   , 0.   , 0.197, 0.   ]), array([0.014, 0.   , 0.   , 0.986, 0.   , 0.   ]))]
Frame: 10000000, Avg. RL Loss: 0.023, Avg. Q value: -0.037, Avg. Length: 490.6, P0 Avg. Reward: -0.072, P1 Avg. Reward: 0.072
Q table: 
 [[-1.565 -1.539 -1.552 -1.5   -1.532 -1.548]
 [-1.471 -1.541 -1.561 -1.542 -1.56  -1.561]
 [-1.526 -1.543 -1.524 -1.533 -1.573 -1.575]
 [-1.586 -1.555 -1.504 -1.56  -1.579 -1.53 ]
 [-1.591 -1.577 -1.577 -1.581 -1.56  -1.538]
 [-1.541 -1.54  -1.555 -1.506 -1.585 -1.526]]
Nash policies:  [(array([0.598, 0.209, 0.   , 0.144, 0.   , 0.049]), array([0.155, 0.   , 0.137, 0.   , 0.251, 0.456]))]
Frame: 10500000, Avg. RL Loss: 0.025, Avg. Q value: -0.009, Avg. Length: 486.7, P0 Avg. Reward: -0.149, P1 Avg. Reward: 0.149
Q table: 
 [[-1.017 -1.034 -0.998 -1.031 -1.05  -1.04 ]
 [-1.045 -1.021 -1.071 -1.036 -1.049 -1.041]
 [-1.058 -1.035 -1.048 -1.055 -1.036 -1.026]
 [-1.029 -1.025 -1.039 -1.024 -1.048 -1.045]
 [-1.029 -1.04  -1.04  -1.036 -1.048 -1.041]
 [-1.028 -1.039 -1.039 -1.05  -1.036 -1.051]]
Nash policies:  [(array([0.013, 0.   , 0.293, 0.386, 0.   , 0.308]), array([0.   , 0.   , 0.06 , 0.261, 0.606, 0.072]))]
Frame: 11000000, Avg. RL Loss: 0.025, Avg. Q value: -0.123, Avg. Length: 497.4, P0 Avg. Reward: -0.061, P1 Avg. Reward: 0.061
Q table: 
 [[1.657 1.669 1.68  1.68  1.762 1.681]
 [1.654 1.691 1.636 1.638 1.678 1.639]
 [1.622 1.675 1.618 1.653 1.637 1.66 ]
 [1.662 1.678 1.686 1.686 1.699 1.605]
 [1.661 1.672 1.675 1.668 1.689 1.685]
 [1.689 1.715 1.696 1.68  1.715 1.703]]
Nash policies:  [(array([0.   , 0.   , 0.   , 0.225, 0.   , 0.775]), array([0.   , 0.   , 0.   , 0.938, 0.   , 0.062]))]
Frame: 11500000, Avg. RL Loss: 0.021, Avg. Q value: -0.018, Avg. Length: 493.6, P0 Avg. Reward: -0.068, P1 Avg. Reward: 0.068
Q table: 
 [[1.05  1.06  1.053 1.056 1.047 1.06 ]
 [1.077 1.079 1.056 1.081 1.043 1.068]
 [1.063 1.061 1.055 1.047 1.043 1.045]
 [1.076 1.081 1.057 1.052 1.059 1.042]
 [1.063 1.062 1.067 1.038 1.07  1.034]
 [1.033 1.039 1.052 1.056 1.079 1.03 ]]
Nash policies:  [(array([0.   , 0.647, 0.   , 0.   , 0.045, 0.307]), array([0.   , 0.   , 0.179, 0.   , 0.428, 0.394]))]
Frame: 12000000, Avg. RL Loss: 0.023, Avg. Q value: 0.093, Avg. Length: 492.4, P0 Avg. Reward: 0.025, P1 Avg. Reward: -0.025
Q table: 
 [[-1.277 -1.272 -1.246 -1.26  -1.264 -1.278]
 [-1.247 -1.27  -1.243 -1.26  -1.257 -1.272]
 [-1.293 -1.268 -1.244 -1.243 -1.277 -1.256]
 [-1.255 -1.211 -1.223 -1.268 -1.277 -1.279]
 [-1.274 -1.24  -1.239 -1.25  -1.258 -1.278]
 [-1.267 -1.254 -1.237 -1.261 -1.262 -1.27 ]]
Nash policies:  [(array([0.   , 0.514, 0.386, 0.038, 0.   , 0.062]), array([0.142, 0.137, 0.   , 0.   , 0.148, 0.573]))]
Frame: 12500000, Avg. RL Loss: 0.023, Avg. Q value: -0.094, Avg. Length: 486.8, P0 Avg. Reward: -0.096, P1 Avg. Reward: 0.096
Q table: 
 [[-1.25  -1.209 -1.211 -1.259 -1.255 -1.245]
 [-1.231 -1.222 -1.226 -1.242 -1.256 -1.266]
 [-1.249 -1.236 -1.241 -1.235 -1.248 -1.239]
 [-1.244 -1.232 -1.237 -1.211 -1.274 -1.26 ]
 [-1.222 -1.263 -1.249 -1.253 -1.265 -1.266]
 [-1.238 -1.223 -1.247 -1.246 -1.245 -1.262]]
Nash policies:  [(array([0.   , 0.   , 0.658, 0.   , 0.   , 0.342]), array([0.   , 0.   , 0.   , 0.   , 0.876, 0.124]))]
Frame: 13000000, Avg. RL Loss: 0.024, Avg. Q value: -0.089, Avg. Length: 491.3, P0 Avg. Reward: -0.108, P1 Avg. Reward: 0.108
Q table: 
 [[1.184 1.155 1.136 1.14  1.142 1.136]
 [1.128 1.162 1.154 1.13  1.143 1.115]
 [1.165 1.136 1.146 1.137 1.136 1.119]
 [1.177 1.143 1.119 1.131 1.152 1.121]
 [1.139 1.156 1.152 1.122 1.138 1.133]
 [1.144 1.121 1.164 1.133 1.091 1.137]]
Nash policies:  [(array([0.882, 0.   , 0.   , 0.   , 0.   , 0.118]), array([0.   , 0.   , 0.   , 0.   , 0.027, 0.973]))]
Frame: 13500000, Avg. RL Loss: 0.024, Avg. Q value: 0.037, Avg. Length: 498.5, P0 Avg. Reward: 0.054, P1 Avg. Reward: -0.054
Q table: 
 [[-0.962 -0.939 -0.916 -0.957 -0.962 -0.973]
 [-0.933 -0.899 -0.934 -0.933 -0.966 -0.986]
 [-0.953 -0.928 -0.907 -0.93  -0.937 -0.96 ]
 [-0.94  -0.949 -0.932 -0.931 -0.946 -0.948]
 [-0.928 -0.931 -0.956 -0.935 -0.951 -0.969]
 [-0.943 -0.944 -0.94  -0.98  -0.948 -0.97 ]]
Nash policies:  [(array([0.   , 0.   , 0.036, 0.964, 0.   , 0.   ]), array([0.   , 0.349, 0.   , 0.   , 0.   , 0.651]))]
Frame: 14000000, Avg. RL Loss: 0.023, Avg. Q value: 0.175, Avg. Length: 494.2, P0 Avg. Reward: -0.024, P1 Avg. Reward: 0.024
Q table: 
 [[1.183 1.174 1.185 1.176 1.195 1.201]
 [1.174 1.209 1.203 1.196 1.16  1.18 ]
 [1.194 1.19  1.166 1.164 1.21  1.195]
 [1.174 1.192 1.191 1.193 1.213 1.211]
 [1.184 1.203 1.191 1.188 1.187 1.173]
 [1.196 1.189 1.183 1.171 1.199 1.19 ]]
Nash policies:  [(array([0.   , 0.   , 0.   , 0.203, 0.549, 0.248]), array([0.503, 0.   , 0.   , 0.419, 0.   , 0.078]))]
Frame: 14500000, Avg. RL Loss: 0.023, Avg. Q value: 0.112, Avg. Length: 484.5, P0 Avg. Reward: 0.027, P1 Avg. Reward: -0.027
Q table: 
 [[-1.462 -1.472 -1.521 -1.498 -1.503 -1.494]
 [-1.515 -1.459 -1.48  -1.445 -1.48  -1.469]
 [-1.475 -1.502 -1.486 -1.486 -1.498 -1.46 ]
 [-1.509 -1.47  -1.497 -1.457 -1.473 -1.494]
 [-1.497 -1.479 -1.474 -1.469 -1.46  -1.504]
 [-1.487 -1.531 -1.465 -1.428 -1.492 -1.516]]
Nash policies:  [(array([0.138, 0.054, 0.358, 0.   , 0.45 , 0.   ]), array([0.338, 0.288, 0.311, 0.   , 0.   , 0.062]))]
Frame: 15000000, Avg. RL Loss: 0.024, Avg. Q value: 0.045, Avg. Length: 488.4, P0 Avg. Reward: 0.149, P1 Avg. Reward: -0.149
Q table: 
 [[2.08  2.12  2.133 2.197 2.18  2.156]
 [2.134 2.062 2.141 2.098 2.105 2.106]
 [2.116 2.135 2.139 2.127 2.036 2.118]
 [2.122 2.116 2.112 2.111 2.128 2.144]
 [2.186 2.2   2.168 2.12  2.205 2.203]
 [2.108 2.158 2.144 2.121 2.114 2.156]]
Nash policies:  [(array([0.361, 0.   , 0.   , 0.   , 0.639, 0.   ]), array([0.419, 0.   , 0.   , 0.581, 0.   , 0.   ]))]
Frame: 15500000, Avg. RL Loss: 0.024, Avg. Q value: 0.059, Avg. Length: 489.6, P0 Avg. Reward: -0.064, P1 Avg. Reward: 0.064
Q table: 
 [[-0.828 -0.817 -0.844 -0.841 -0.855 -0.859]
 [-0.836 -0.825 -0.813 -0.847 -0.835 -0.848]
 [-0.849 -0.849 -0.827 -0.843 -0.852 -0.847]
 [-0.839 -0.837 -0.837 -0.847 -0.827 -0.846]
 [-0.869 -0.806 -0.807 -0.833 -0.847 -0.841]
 [-0.833 -0.838 -0.82  -0.848 -0.833 -0.846]]
Nash policies:  [(array([0.   , 0.   , 0.   , 0.   , 0.317, 0.683]), array([0.112, 0.   , 0.   , 0.   , 0.   , 0.888]))]
Frame: 16000000, Avg. RL Loss: 0.024, Avg. Q value: 0.051, Avg. Length: 488.9, P0 Avg. Reward: 0.084, P1 Avg. Reward: -0.084
Q table: 
 [[1.738 1.721 1.721 1.727 1.748 1.742]
 [1.747 1.696 1.709 1.707 1.752 1.71 ]
 [1.724 1.715 1.725 1.708 1.733 1.721]
 [1.745 1.75  1.723 1.72  1.724 1.762]
 [1.722 1.731 1.711 1.694 1.697 1.731]
 [1.732 1.749 1.722 1.708 1.747 1.732]]
Nash policies:  [(array([0.354, 0.   , 0.   , 0.646, 0.   , 0.   ]), array([0.   , 0.   , 0.795, 0.205, 0.   , 0.   ]))]
Frame: 16500000, Avg. RL Loss: 0.024, Avg. Q value: 0.006, Avg. Length: 482.8, P0 Avg. Reward: 0.144, P1 Avg. Reward: -0.144
Q table: 
 [[1.419 1.394 1.419 1.432 1.429 1.427]
 [1.411 1.438 1.421 1.405 1.41  1.397]
 [1.428 1.404 1.397 1.416 1.421 1.415]
 [1.391 1.414 1.427 1.426 1.417 1.426]
 [1.391 1.428 1.431 1.443 1.419 1.397]
 [1.413 1.426 1.409 1.395 1.409 1.397]]
Nash policies:  [(array([0.203, 0.298, 0.316, 0.183, 0.   , 0.   ]), array([0.218, 0.338, 0.005, 0.   , 0.   , 0.439]))]
Frame: 17000000, Avg. RL Loss: 0.023, Avg. Q value: 0.068, Avg. Length: 485.8, P0 Avg. Reward: 0.087, P1 Avg. Reward: -0.087
Q table: 
 [[-0.728 -0.723 -0.774 -0.75  -0.776 -0.791]
 [-0.786 -0.738 -0.757 -0.769 -0.749 -0.8  ]
 [-0.75  -0.712 -0.763 -0.771 -0.783 -0.782]
 [-0.76  -0.728 -0.728 -0.792 -0.758 -0.751]
 [-0.744 -0.697 -0.724 -0.769 -0.765 -0.77 ]
 [-0.749 -0.705 -0.777 -0.733 -0.79  -0.776]]
Nash policies:  [(array([0.   , 0.   , 0.   , 0.181, 0.662, 0.157]), array([0.   , 0.   , 0.   , 0.333, 0.403, 0.264]))]
Frame: 17500000, Avg. RL Loss: 0.023, Avg. Q value: 0.064, Avg. Length: 493.7, P0 Avg. Reward: -0.086, P1 Avg. Reward: 0.086
Q table: 
 [[1.281 1.256 1.34  1.358 1.29  1.319]
 [1.336 1.313 1.355 1.358 1.375 1.314]
 [1.319 1.32  1.354 1.327 1.331 1.306]
 [1.304 1.34  1.307 1.337 1.327 1.31 ]
 [1.32  1.33  1.321 1.372 1.263 1.307]
 [1.328 1.313 1.319 1.298 1.216 1.345]]
Nash policies:  [(array([0.   , 0.457, 0.   , 0.287, 0.   , 0.256]), array([0.   , 0.288, 0.   , 0.   , 0.116, 0.596]))]
Frame: 18000000, Avg. RL Loss: 0.022, Avg. Q value: -0.029, Avg. Length: 482.6, P0 Avg. Reward: -0.016, P1 Avg. Reward: 0.016
Q table: 
 [[-1.585 -1.59  -1.581 -1.547 -1.567 -1.584]
 [-1.551 -1.574 -1.57  -1.555 -1.541 -1.558]
 [-1.557 -1.599 -1.567 -1.563 -1.584 -1.532]
 [-1.591 -1.572 -1.587 -1.561 -1.554 -1.573]
 [-1.595 -1.556 -1.572 -1.539 -1.546 -1.578]
 [-1.569 -1.594 -1.562 -1.57  -1.569 -1.565]]
Nash policies:  [(array([0.   , 0.515, 0.   , 0.   , 0.371, 0.114]), array([0.06 , 0.229, 0.711, 0.   , 0.   , 0.   ]))]
Frame: 18500000, Avg. RL Loss: 0.023, Avg. Q value: 0.047, Avg. Length: 486.9, P0 Avg. Reward: 0.093, P1 Avg. Reward: -0.093
Q table: 
 [[1.024 1.033 1.016 1.021 1.004 1.009]
 [1.006 1.008 1.014 0.992 1.01  1.019]
 [1.007 1.003 1.01  1.024 1.027 1.012]
 [1.002 1.003 0.998 1.003 1.005 1.024]
 [1.026 1.008 1.027 1.025 1.037 1.029]
 [1.021 1.012 1.021 1.03  1.024 1.032]]
Nash policies:  [(array([0.464, 0.   , 0.   , 0.   , 0.401, 0.135]), array([0.   , 0.506, 0.   , 0.   , 0.218, 0.276]))]
Frame: 19000000, Avg. RL Loss: 0.021, Avg. Q value: 0.100, Avg. Length: 485.6, P0 Avg. Reward: -0.008, P1 Avg. Reward: 0.008
Q table: 
 [[-0.823 -0.778 -0.824 -0.801 -0.801 -0.798]
 [-0.778 -0.81  -0.806 -0.81  -0.793 -0.81 ]
 [-0.803 -0.767 -0.804 -0.798 -0.811 -0.806]
 [-0.805 -0.788 -0.807 -0.805 -0.809 -0.816]
 [-0.787 -0.769 -0.814 -0.813 -0.797 -0.805]
 [-0.798 -0.808 -0.818 -0.798 -0.815 -0.795]]
Nash policies:  [(array([0.   , 0.309, 0.605, 0.   , 0.   , 0.086]), array([0.   , 0.   , 0.326, 0.   , 0.155, 0.519]))]
Frame: 19500000, Avg. RL Loss: 0.022, Avg. Q value: 0.068, Avg. Length: 491.9, P0 Avg. Reward: 0.071, P1 Avg. Reward: -0.071
Q table: 
 [[-2.115 -2.09  -2.069 -2.109 -2.165 -2.114]
 [-2.157 -2.113 -2.094 -2.172 -2.148 -2.14 ]
 [-2.185 -2.157 -2.12  -2.161 -2.104 -2.099]
 [-2.098 -2.106 -2.162 -2.158 -2.143 -2.172]
 [-2.192 -2.122 -2.13  -2.086 -2.135 -2.127]
 [-2.118 -2.076 -2.153 -2.153 -2.119 -2.09 ]]
Nash policies:  [(array([0.202, 0.   , 0.003, 0.   , 0.191, 0.604]), array([0.153, 0.   , 0.136, 0.228, 0.482, 0.   ]))]
Frame: 20000000, Avg. RL Loss: 0.023, Avg. Q value: 0.022, Avg. Length: 497.3, P0 Avg. Reward: 0.006, P1 Avg. Reward: -0.006
Q table: 
 [[1.28  1.312 1.277 1.244 1.288 1.286]
 [1.293 1.305 1.287 1.264 1.302 1.269]
 [1.283 1.257 1.296 1.292 1.285 1.295]
 [1.283 1.26  1.274 1.272 1.284 1.2  ]
 [1.291 1.283 1.276 1.291 1.283 1.25 ]
 [1.259 1.275 1.269 1.28  1.278 1.271]]
Nash policies:  [(array([0.   , 0.427, 0.484, 0.   , 0.089, 0.   ]), array([0.   , 0.362, 0.   , 0.44 , 0.   , 0.199]))]
Frame: 20500000, Avg. RL Loss: 0.023, Avg. Q value: -0.031, Avg. Length: 496.2, P0 Avg. Reward: -0.025, P1 Avg. Reward: 0.025
Q table: 
 [[1.165 1.189 1.22  1.192 1.196 1.193]
 [1.188 1.175 1.21  1.22  1.195 1.192]
 [1.195 1.189 1.208 1.176 1.185 1.164]
 [1.176 1.201 1.179 1.196 1.181 1.171]
 [1.169 1.196 1.18  1.177 1.177 1.2  ]
 [1.177 1.179 1.179 1.195 1.164 1.207]]
Nash policies:  [(array([0.   , 0.353, 0.347, 0.   , 0.238, 0.062]), array([0.441, 0.3  , 0.   , 0.   , 0.   , 0.258]))]
Frame: 21000000, Avg. RL Loss: 0.023, Avg. Q value: -0.009, Avg. Length: 492.6, P0 Avg. Reward: 0.090, P1 Avg. Reward: -0.090
Q table: 
 [[1.656 1.691 1.682 1.685 1.704 1.709]
 [1.644 1.672 1.691 1.677 1.699 1.699]
 [1.657 1.687 1.667 1.66  1.659 1.685]
 [1.694 1.671 1.698 1.698 1.693 1.702]
 [1.687 1.691 1.699 1.718 1.695 1.72 ]
 [1.7   1.67  1.69  1.711 1.703 1.683]]
Nash policies:  [(array([0.  , 0.  , 0.  , 0.  , 0.89, 0.11]), array([0.616, 0.384, 0.   , 0.   , 0.   , 0.   ]))]
Frame: 21500000, Avg. RL Loss: 0.023, Avg. Q value: -0.089, Avg. Length: 487.5, P0 Avg. Reward: -0.125, P1 Avg. Reward: 0.125
Q table: 
 [[0.574 0.592 0.573 0.587 0.571 0.61 ]
 [0.574 0.579 0.583 0.564 0.56  0.598]
 [0.574 0.574 0.59  0.583 0.606 0.59 ]
 [0.578 0.574 0.59  0.614 0.598 0.591]
 [0.587 0.585 0.567 0.575 0.593 0.594]
 [0.588 0.59  0.583 0.591 0.579 0.604]]
Nash policies:  [(array([0.   , 0.   , 0.007, 0.288, 0.   , 0.705]), array([0.114, 0.207, 0.679, 0.   , 0.   , 0.   ]))]
Frame: 22000000, Avg. RL Loss: 0.020, Avg. Q value: 0.007, Avg. Length: 482.3, P0 Avg. Reward: -0.015, P1 Avg. Reward: 0.015
Q table: 
 [[1.408 1.41  1.39  1.405 1.413 1.399]
 [1.384 1.347 1.365 1.388 1.414 1.38 ]
 [1.403 1.381 1.373 1.384 1.388 1.395]
 [1.394 1.399 1.407 1.396 1.424 1.394]
 [1.42  1.404 1.404 1.403 1.413 1.399]
 [1.407 1.399 1.389 1.41  1.404 1.389]]
Nash policies:  [(array([0.346, 0.   , 0.   , 0.   , 0.654, 0.   ]), array([0.   , 0.   , 0.013, 0.   , 0.   , 0.987]))]
Frame: 22500000, Avg. RL Loss: 0.022, Avg. Q value: -0.055, Avg. Length: 487.6, P0 Avg. Reward: 0.052, P1 Avg. Reward: -0.052
Q table: 
 [[1.106 1.099 1.084 1.101 1.092 1.106]
 [1.087 1.11  1.098 1.096 1.076 1.094]
 [1.099 1.104 1.098 1.111 1.106 1.104]
 [1.09  1.098 1.076 1.083 1.103 1.091]
 [1.09  1.075 1.084 1.066 1.08  1.088]
 [1.065 1.076 1.079 1.088 1.06  1.075]]
Nash policies:  [(array([0., 0., 1., 0., 0., 0.]), array([0., 0., 1., 0., 0., 0.]))]
Frame: 23000000, Avg. RL Loss: 0.023, Avg. Q value: -0.245, Avg. Length: 490.6, P0 Avg. Reward: -0.125, P1 Avg. Reward: 0.125
Q table: 
 [[-2.627 -2.603 -2.613 -2.586 -2.692 -2.679]
 [-2.628 -2.583 -2.574 -2.582 -2.646 -2.658]
 [-2.684 -2.649 -2.664 -2.643 -2.654 -2.664]
 [-2.649 -2.64  -2.636 -2.669 -2.679 -2.679]
 [-2.629 -2.632 -2.611 -2.609 -2.656 -2.655]
 [-2.622 -2.587 -2.601 -2.68  -2.673 -2.679]]
Nash policies:  [(array([0.   , 0.096, 0.   , 0.   , 0.904, 0.   ]), array([0.   , 0.   , 0.   , 0.   , 0.244, 0.756]))]
Frame: 23500000, Avg. RL Loss: 0.025, Avg. Q value: -0.243, Avg. Length: 498.5, P0 Avg. Reward: -0.025, P1 Avg. Reward: 0.025
Q table: 
 [[1.151 1.185 1.168 1.179 1.158 1.151]
 [1.155 1.163 1.145 1.165 1.17  1.153]
 [1.134 1.158 1.151 1.145 1.115 1.154]
 [1.163 1.154 1.191 1.159 1.185 1.148]
 [1.15  1.125 1.141 1.134 1.156 1.144]
 [1.156 1.146 1.13  1.155 1.137 1.144]]
Nash policies:  [(array([0.   , 0.699, 0.149, 0.152, 0.   , 0.   ]), array([0.053, 0.   , 0.09 , 0.   , 0.   , 0.857]))]
Frame: 24000000, Avg. RL Loss: 0.023, Avg. Q value: -0.029, Avg. Length: 496.8, P0 Avg. Reward: -0.037, P1 Avg. Reward: 0.037
Q table: 
 [[-0.836 -0.831 -0.769 -0.829 -0.817 -0.828]
 [-0.816 -0.838 -0.832 -0.812 -0.812 -0.827]
 [-0.826 -0.822 -0.845 -0.826 -0.814 -0.837]
 [-0.826 -0.819 -0.791 -0.817 -0.826 -0.823]
 [-0.823 -0.842 -0.831 -0.832 -0.834 -0.83 ]
 [-0.832 -0.833 -0.832 -0.83  -0.833 -0.823]]
Nash policies:  [(array([0.   , 0.201, 0.   , 0.799, 0.   , 0.   ]), array([0.292, 0.   , 0.   , 0.   , 0.   , 0.708]))]
Frame: 24500000, Avg. RL Loss: 0.023, Avg. Q value: -0.036, Avg. Length: 493.5, P0 Avg. Reward: -0.016, P1 Avg. Reward: 0.016
Q table: 
 [[2.008 1.965 1.999 2.005 2.048 2.069]
 [1.922 1.988 1.934 1.939 1.992 2.004]
 [2.033 1.982 1.94  2.011 2.045 2.029]
 [2.032 2.021 2.028 2.11  2.008 2.097]
 [2.065 2.016 2.016 2.085 2.025 2.044]
 [2.017 2.    2.044 2.076 2.072 2.104]]
Nash policies:  [(array([0.   , 0.   , 0.   , 0.403, 0.597, 0.   ]), array([0.   , 0.776, 0.   , 0.   , 0.224, 0.   ]))]
Frame: 25000000, Avg. RL Loss: 0.022, Avg. Q value: 0.049, Avg. Length: 489.5, P0 Avg. Reward: -0.018, P1 Avg. Reward: 0.018
Q table: 
 [[-1.621 -1.596 -1.605 -1.59  -1.629 -1.652]
 [-1.629 -1.603 -1.593 -1.587 -1.615 -1.641]
 [-1.594 -1.606 -1.62  -1.582 -1.63  -1.632]
 [-1.619 -1.607 -1.604 -1.618 -1.622 -1.644]
 [-1.618 -1.556 -1.625 -1.626 -1.617 -1.651]
 [-1.639 -1.621 -1.637 -1.619 -1.617 -1.676]]
Nash policies:  [(array([0., 0., 1., 0., 0., 0.]), array([0., 0., 0., 0., 0., 1.]))]
Frame: 25500000, Avg. RL Loss: 0.022, Avg. Q value: -0.024, Avg. Length: 478.1, P0 Avg. Reward: 0.021, P1 Avg. Reward: -0.021
Q table: 
 [[0.821 0.816 0.778 0.804 0.795 0.802]
 [0.782 0.825 0.774 0.788 0.792 0.755]
 [0.746 0.769 0.788 0.804 0.749 0.773]
 [0.82  0.789 0.81  0.792 0.796 0.776]
 [0.798 0.798 0.787 0.809 0.795 0.772]
 [0.805 0.808 0.792 0.812 0.807 0.805]]
Nash policies:  [(array([0.  , 0.  , 0.  , 0.27, 0.  , 0.73]), array([0.   , 0.   , 0.628, 0.   , 0.   , 0.372]))]
Frame: 26000000, Avg. RL Loss: 0.027, Avg. Q value: -0.086, Avg. Length: 491.9, P0 Avg. Reward: -0.058, P1 Avg. Reward: 0.058
Q table: 
 [[-1.465 -1.482 -1.454 -1.537 -1.499 -1.502]
 [-1.512 -1.502 -1.498 -1.498 -1.502 -1.496]
 [-1.516 -1.558 -1.52  -1.499 -1.532 -1.511]
 [-1.506 -1.482 -1.51  -1.518 -1.539 -1.527]
 [-1.508 -1.483 -1.479 -1.466 -1.532 -1.511]
 [-1.494 -1.537 -1.466 -1.501 -1.505 -1.496]]
Nash policies:  [(array([0.143, 0.715, 0.   , 0.   , 0.022, 0.12 ]), array([0.223, 0.047, 0.   , 0.324, 0.405, 0.   ]))]
Frame: 26500000, Avg. RL Loss: 0.022, Avg. Q value: -0.048, Avg. Length: 495.6, P0 Avg. Reward: 0.097, P1 Avg. Reward: -0.097
Q table: 
 [[0.827 0.799 0.819 0.817 0.819 0.816]
 [0.834 0.818 0.81  0.823 0.818 0.823]
 [0.823 0.828 0.824 0.809 0.822 0.808]
 [0.8   0.81  0.802 0.822 0.816 0.822]
 [0.817 0.817 0.805 0.818 0.811 0.807]
 [0.828 0.808 0.798 0.813 0.813 0.824]]
Nash policies:  [(array([0.235, 0.449, 0.316, 0.   , 0.   , 0.   ]), array([0.   , 0.036, 0.48 , 0.   , 0.   , 0.484]))]
Frame: 27000000, Avg. RL Loss: 0.021, Avg. Q value: -0.036, Avg. Length: 499.5, P0 Avg. Reward: 0.095, P1 Avg. Reward: -0.095
Q table: 
 [[1.473 1.531 1.505 1.483 1.497 1.521]
 [1.506 1.485 1.487 1.487 1.508 1.501]
 [1.49  1.478 1.43  1.516 1.522 1.514]
 [1.479 1.504 1.501 1.537 1.495 1.525]
 [1.511 1.528 1.499 1.495 1.512 1.521]
 [1.503 1.551 1.501 1.522 1.509 1.525]]
Nash policies:  [(array([0.078, 0.   , 0.   , 0.   , 0.   , 0.922]), array([0.111, 0.   , 0.889, 0.   , 0.   , 0.   ]))]
Frame: 27500000, Avg. RL Loss: 0.022, Avg. Q value: -0.166, Avg. Length: 494.7, P0 Avg. Reward: 0.066, P1 Avg. Reward: -0.066
Q table: 
 [[-2.217 -2.157 -2.188 -2.195 -2.22  -2.252]
 [-2.221 -2.157 -2.187 -2.172 -2.21  -2.197]
 [-2.192 -2.187 -2.11  -2.218 -2.234 -2.192]
 [-2.242 -2.18  -2.163 -2.243 -2.255 -2.241]
 [-2.261 -2.208 -2.164 -2.254 -2.316 -2.239]
 [-2.252 -2.215 -2.201 -2.278 -2.257 -2.245]]
Nash policies:  [(array([0.   , 0.787, 0.213, 0.   , 0.   , 0.   ]), array([0.458, 0.   , 0.   , 0.   , 0.542, 0.   ]))]
Frame: 28000000, Avg. RL Loss: 0.023, Avg. Q value: -0.068, Avg. Length: 503.8, P0 Avg. Reward: 0.057, P1 Avg. Reward: -0.057
Q table: 
 [[-1.899 -1.892 -1.97  -1.929 -1.921 -1.901]
 [-1.936 -1.875 -1.891 -1.906 -1.913 -1.922]
 [-1.884 -1.901 -1.931 -1.913 -1.932 -1.955]
 [-1.922 -1.92  -1.917 -1.912 -1.923 -1.922]
 [-1.903 -1.914 -1.92  -1.939 -1.928 -1.936]
 [-1.938 -1.887 -1.915 -1.918 -1.926 -1.927]]
Nash policies:  [(array([0.274, 0.514, 0.003, 0.   , 0.209, 0.   ]), array([0.393, 0.   , 0.257, 0.042, 0.   , 0.309]))]
Frame: 28500000, Avg. RL Loss: 0.023, Avg. Q value: -0.064, Avg. Length: 483.6, P0 Avg. Reward: 0.053, P1 Avg. Reward: -0.053
Q table: 
 [[-1.447 -1.431 -1.42  -1.388 -1.411 -1.405]
 [-1.409 -1.422 -1.414 -1.413 -1.424 -1.428]
 [-1.437 -1.44  -1.434 -1.442 -1.467 -1.422]
 [-1.423 -1.435 -1.399 -1.445 -1.44  -1.428]
 [-1.421 -1.414 -1.421 -1.431 -1.424 -1.465]
 [-1.425 -1.435 -1.463 -1.418 -1.423 -1.43 ]]
Nash policies:  [(array([0.173, 0.827, 0.   , 0.   , 0.   , 0.   ]), array([0.   , 0.729, 0.   , 0.   , 0.   , 0.271]))]
Frame: 29000000, Avg. RL Loss: 0.022, Avg. Q value: -0.112, Avg. Length: 489.8, P0 Avg. Reward: 0.095, P1 Avg. Reward: -0.095
Q table: 
 [[-1.264 -1.263 -1.293 -1.25  -1.252 -1.244]
 [-1.25  -1.256 -1.245 -1.256 -1.233 -1.246]
 [-1.245 -1.277 -1.26  -1.229 -1.238 -1.244]
 [-1.243 -1.255 -1.259 -1.218 -1.232 -1.249]
 [-1.247 -1.276 -1.262 -1.265 -1.253 -1.246]
 [-1.242 -1.292 -1.246 -1.269 -1.26  -1.255]]
Nash policies:  [(array([0.   , 0.293, 0.   , 0.707, 0.   , 0.   ]), array([0.   , 0.915, 0.085, 0.   , 0.   , 0.   ]))]
Frame: 29500000, Avg. RL Loss: 0.020, Avg. Q value: -0.097, Avg. Length: 488.1, P0 Avg. Reward: -0.058, P1 Avg. Reward: 0.058
Q table: 
 [[-1.166 -1.172 -1.164 -1.161 -1.162 -1.18 ]
 [-1.173 -1.154 -1.139 -1.171 -1.171 -1.18 ]
 [-1.196 -1.169 -1.152 -1.173 -1.205 -1.18 ]
 [-1.179 -1.159 -1.172 -1.176 -1.185 -1.183]
 [-1.202 -1.189 -1.187 -1.181 -1.192 -1.193]
 [-1.183 -1.173 -1.156 -1.189 -1.207 -1.183]]
Nash policies:  [(array([1., 0., 0., 0., 0., 0.]), array([0., 0., 0., 0., 0., 1.]))]
Frame: 30000000, Avg. RL Loss: 0.022, Avg. Q value: -0.038, Avg. Length: 494.6, P0 Avg. Reward: -0.068, P1 Avg. Reward: 0.068
Q table: 
 [[0.443 0.438 0.463 0.407 0.366 0.375]
 [0.346 0.39  0.419 0.314 0.339 0.375]
 [0.322 0.429 0.382 0.347 0.339 0.37 ]
 [0.453 0.42  0.446 0.365 0.371 0.361]
 [0.417 0.449 0.437 0.408 0.37  0.417]
 [0.387 0.447 0.426 0.407 0.42  0.419]]
Nash policies:  [(array([0.241, 0.   , 0.   , 0.059, 0.   , 0.7  ]), array([0.418, 0.   , 0.   , 0.148, 0.434, 0.   ]))]
Frame: 30500000, Avg. RL Loss: 0.022, Avg. Q value: 0.167, Avg. Length: 486.7, P0 Avg. Reward: 0.166, P1 Avg. Reward: -0.166
Q table: 
 [[1.434 1.432 1.442 1.452 1.427 1.435]
 [1.434 1.431 1.431 1.424 1.441 1.427]
 [1.437 1.439 1.439 1.433 1.438 1.418]
 [1.425 1.431 1.399 1.444 1.432 1.43 ]
 [1.451 1.441 1.439 1.432 1.431 1.44 ]
 [1.407 1.448 1.445 1.416 1.425 1.459]]
Nash policies:  [(array([0.245, 0.376, 0.   , 0.   , 0.38 , 0.   ]), array([0.   , 0.   , 0.   , 0.181, 0.528, 0.291]))]
Frame: 31000000, Avg. RL Loss: 0.021, Avg. Q value: -0.073, Avg. Length: 499.6, P0 Avg. Reward: 0.011, P1 Avg. Reward: -0.011
Q table: 
 [[0.879 0.892 0.917 0.878 0.879 0.883]
 [0.893 0.872 0.847 0.873 0.869 0.872]
 [0.878 0.905 0.901 0.886 0.896 0.837]
 [0.93  0.887 0.891 0.895 0.891 0.849]
 [0.889 0.874 0.896 0.886 0.864 0.9  ]
 [0.874 0.9   0.892 0.869 0.881 0.884]]
Nash policies:  [(array([0.836, 0.   , 0.   , 0.12 , 0.044, 0.   ]), array([0.   , 0.   , 0.   , 0.257, 0.458, 0.286]))]
Frame: 31500000, Avg. RL Loss: 0.021, Avg. Q value: -0.067, Avg. Length: 494.1, P0 Avg. Reward: 0.043, P1 Avg. Reward: -0.043
Q table: 
 [[1.467 1.492 1.474 1.439 1.489 1.483]
 [1.452 1.482 1.485 1.48  1.466 1.46 ]
 [1.478 1.487 1.472 1.477 1.489 1.499]
 [1.489 1.477 1.473 1.444 1.471 1.498]
 [1.499 1.497 1.473 1.499 1.475 1.475]
 [1.485 1.493 1.479 1.471 1.483 1.479]]
Nash policies:  [(array([0.   , 0.222, 0.186, 0.   , 0.136, 0.456]), array([0.049, 0.   , 0.631, 0.125, 0.   , 0.195]))]
Frame: 32000000, Avg. RL Loss: 0.022, Avg. Q value: -0.022, Avg. Length: 487.2, P0 Avg. Reward: 0.049, P1 Avg. Reward: -0.049
Q table: 
 [[-1.324 -1.302 -1.276 -1.295 -1.323 -1.319]
 [-1.307 -1.318 -1.301 -1.311 -1.308 -1.314]
 [-1.332 -1.317 -1.293 -1.295 -1.329 -1.317]
 [-1.313 -1.311 -1.287 -1.313 -1.314 -1.333]
 [-1.316 -1.332 -1.273 -1.318 -1.31  -1.324]
 [-1.32  -1.31  -1.304 -1.257 -1.329 -1.327]]
Nash policies:  [(array([0.215, 0.785, 0.   , 0.   , 0.   , 0.   ]), array([0.   , 0.262, 0.   , 0.   , 0.   , 0.738]))]
Frame: 32500000, Avg. RL Loss: 0.020, Avg. Q value: -0.040, Avg. Length: 487.6, P0 Avg. Reward: -0.011, P1 Avg. Reward: 0.011
Q table: 
 [[1.454 1.444 1.467 1.456 1.483 1.456]
 [1.453 1.437 1.392 1.424 1.463 1.421]
 [1.457 1.371 1.444 1.433 1.451 1.455]
 [1.425 1.463 1.467 1.475 1.453 1.462]
 [1.418 1.451 1.436 1.467 1.456 1.456]
 [1.465 1.463 1.451 1.458 1.452 1.469]]
Nash policies:  [(array([0.287, 0.   , 0.   , 0.105, 0.   , 0.609]), array([0.203, 0.299, 0.499, 0.   , 0.   , 0.   ]))]
Frame: 33000000, Avg. RL Loss: 0.020, Avg. Q value: -0.023, Avg. Length: 489.5, P0 Avg. Reward: -0.101, P1 Avg. Reward: 0.101
Q table: 
 [[1.409 1.431 1.433 1.397 1.402 1.398]
 [1.412 1.392 1.39  1.398 1.426 1.402]
 [1.404 1.364 1.402 1.4   1.386 1.403]
 [1.407 1.387 1.405 1.381 1.373 1.384]
 [1.386 1.407 1.397 1.396 1.397 1.398]
 [1.412 1.395 1.402 1.393 1.393 1.384]]
Nash policies:  [(array([0.458, 0.122, 0.42 , 0.   , 0.   , 0.   ]), array([0.   , 0.045, 0.   , 0.94 , 0.015, 0.   ]))]
Frame: 33500000, Avg. RL Loss: 0.026, Avg. Q value: 0.185, Avg. Length: 499.4, P0 Avg. Reward: 0.072, P1 Avg. Reward: -0.072
Q table: 
 [[0.866 0.888 0.876 0.873 0.866 0.886]
 [0.862 0.905 0.896 0.889 0.876 0.881]
 [0.906 0.899 0.878 0.908 0.862 0.87 ]
 [0.878 0.908 0.88  0.868 0.862 0.864]
 [0.873 0.886 0.869 0.861 0.863 0.862]
 [0.859 0.847 0.858 0.872 0.862 0.856]]
Nash policies:  [(array([0.   , 0.749, 0.251, 0.   , 0.   , 0.   ]), array([0.244, 0.   , 0.   , 0.   , 0.756, 0.   ]))]
Frame: 34000000, Avg. RL Loss: 0.023, Avg. Q value: 0.088, Avg. Length: 492.5, P0 Avg. Reward: 0.099, P1 Avg. Reward: -0.099
Q table: 
 [[1.103 1.111 1.109 1.127 1.118 1.111]
 [1.106 1.078 1.086 1.091 1.104 1.133]
 [1.115 1.08  1.087 1.102 1.082 1.112]
 [1.121 1.118 1.114 1.126 1.112 1.12 ]
 [1.115 1.126 1.115 1.118 1.12  1.123]
 [1.107 1.121 1.115 1.129 1.125 1.107]]
Nash policies:  [(array([0.   , 0.   , 0.   , 0.067, 0.933, 0.   ]), array([0.091, 0.   , 0.909, 0.   , 0.   , 0.   ]))]
Frame: 34500000, Avg. RL Loss: 0.022, Avg. Q value: 0.021, Avg. Length: 490.7, P0 Avg. Reward: -0.006, P1 Avg. Reward: 0.006
Q table: 
 [[1.152 1.143 1.125 1.122 1.133 1.136]
 [1.134 1.139 1.131 1.142 1.137 1.126]
 [1.119 1.127 1.136 1.128 1.127 1.143]
 [1.134 1.12  1.135 1.135 1.128 1.149]
 [1.128 1.132 1.112 1.13  1.13  1.118]
 [1.143 1.139 1.139 1.133 1.133 1.142]]
Nash policies:  [(array([0.   , 0.436, 0.   , 0.   , 0.   , 0.564]), array([0.   , 0.   , 0.   , 0.   , 0.802, 0.198]))]
Frame: 35000000, Avg. RL Loss: 0.022, Avg. Q value: 0.025, Avg. Length: 487.8, P0 Avg. Reward: -0.109, P1 Avg. Reward: 0.109
Q table: 
 [[-1.747 -1.684 -1.768 -1.761 -1.795 -1.777]
 [-1.779 -1.739 -1.723 -1.765 -1.788 -1.732]
 [-1.799 -1.734 -1.764 -1.751 -1.774 -1.786]
 [-1.81  -1.716 -1.766 -1.759 -1.749 -1.764]
 [-1.794 -1.763 -1.758 -1.758 -1.748 -1.787]
 [-1.771 -1.754 -1.757 -1.734 -1.816 -1.796]]
Nash policies:  [(array([0.383, 0.182, 0.   , 0.   , 0.436, 0.   ]), array([0.38 , 0.   , 0.   , 0.   , 0.418, 0.202]))]
Frame: 35500000, Avg. RL Loss: 0.021, Avg. Q value: -0.051, Avg. Length: 493.1, P0 Avg. Reward: 0.111, P1 Avg. Reward: -0.111
Q table: 
 [[-1.845 -1.798 -1.838 -1.818 -1.857 -1.832]
 [-1.834 -1.822 -1.805 -1.794 -1.847 -1.842]
 [-1.808 -1.806 -1.818 -1.787 -1.853 -1.825]
 [-1.822 -1.804 -1.78  -1.842 -1.849 -1.844]
 [-1.831 -1.804 -1.816 -1.832 -1.852 -1.844]
 [-1.872 -1.816 -1.82  -1.861 -1.842 -1.864]]
Nash policies:  [(array([0.   , 0.824, 0.   , 0.   , 0.   , 0.176]), array([0.  , 0.  , 0.  , 0.  , 0.82, 0.18]))]
Frame: 36000000, Avg. RL Loss: 0.022, Avg. Q value: 0.009, Avg. Length: 488.1, P0 Avg. Reward: -0.004, P1 Avg. Reward: 0.004
Q table: 
 [[1.342 1.324 1.326 1.33  1.333 1.322]
 [1.382 1.31  1.333 1.355 1.333 1.338]
 [1.318 1.333 1.329 1.326 1.33  1.338]
 [1.298 1.319 1.339 1.325 1.347 1.301]
 [1.344 1.339 1.341 1.339 1.329 1.34 ]
 [1.333 1.318 1.301 1.317 1.35  1.353]]
Nash policies:  [(array([0.   , 0.   , 0.   , 0.07 , 0.749, 0.18 ]), array([0.   , 0.454, 0.024, 0.   , 0.522, 0.   ]))]
Frame: 36500000, Avg. RL Loss: 0.022, Avg. Q value: -0.109, Avg. Length: 496.7, P0 Avg. Reward: -0.035, P1 Avg. Reward: 0.035
Q table: 
 [[1.916 1.892 1.937 1.934 1.961 1.952]
 [1.922 1.93  1.923 1.909 1.919 1.928]
 [1.863 1.86  1.947 1.96  1.944 1.901]
 [1.898 1.897 1.919 1.914 1.946 1.955]
 [1.956 1.936 1.922 1.942 1.925 1.949]
 [1.947 1.924 1.92  1.937 1.927 1.947]]
Nash policies:  [(array([0.247, 0.   , 0.   , 0.   , 0.753, 0.   ]), array([0.   , 0.255, 0.745, 0.   , 0.   , 0.   ]))]
Frame: 37000000, Avg. RL Loss: 0.023, Avg. Q value: -0.078, Avg. Length: 492.8, P0 Avg. Reward: -0.064, P1 Avg. Reward: 0.064
Q table: 
 [[1.27  1.253 1.265 1.26  1.249 1.269]
 [1.275 1.258 1.232 1.25  1.269 1.28 ]
 [1.233 1.259 1.255 1.258 1.244 1.268]
 [1.268 1.267 1.279 1.271 1.263 1.245]
 [1.27  1.26  1.276 1.257 1.261 1.276]
 [1.241 1.26  1.26  1.26  1.279 1.248]]
Nash policies:  [(array([0.   , 0.   , 0.   , 0.394, 0.565, 0.041]), array([0.   , 0.   , 0.   , 0.481, 0.28 , 0.239]))]
Frame: 37500000, Avg. RL Loss: 0.021, Avg. Q value: -0.070, Avg. Length: 487.8, P0 Avg. Reward: 0.047, P1 Avg. Reward: -0.047
Q table: 
 [[0.908 0.909 0.893 0.899 0.903 0.9  ]
 [0.889 0.879 0.902 0.901 0.914 0.893]
 [0.89  0.849 0.913 0.882 0.893 0.904]
 [0.911 0.868 0.898 0.888 0.913 0.921]
 [0.903 0.935 0.885 0.899 0.885 0.885]
 [0.907 0.91  0.931 0.929 0.914 0.921]]
Nash policies:  [(array([0.539, 0.   , 0.   , 0.045, 0.   , 0.416]), array([0.827, 0.078, 0.   , 0.   , 0.094, 0.   ]))]
Frame: 38000000, Avg. RL Loss: 0.025, Avg. Q value: -0.224, Avg. Length: 495.1, P0 Avg. Reward: 0.061, P1 Avg. Reward: -0.061
Q table: 
 [[-1.653 -1.634 -1.637 -1.635 -1.635 -1.649]
 [-1.656 -1.637 -1.646 -1.672 -1.666 -1.664]
 [-1.65  -1.631 -1.621 -1.66  -1.659 -1.661]
 [-1.673 -1.645 -1.658 -1.645 -1.661 -1.666]
 [-1.654 -1.641 -1.643 -1.648 -1.684 -1.683]
 [-1.678 -1.658 -1.642 -1.694 -1.681 -1.679]]
Nash policies:  [(array([0.751, 0.   , 0.249, 0.   , 0.   , 0.   ]), array([0.817, 0.   , 0.   , 0.   , 0.   , 0.183]))]
Frame: 38500000, Avg. RL Loss: 0.022, Avg. Q value: -0.144, Avg. Length: 479.0, P0 Avg. Reward: -0.070, P1 Avg. Reward: 0.070
Q table: 
 [[1.656 1.65  1.667 1.653 1.649 1.597]
 [1.616 1.654 1.646 1.633 1.653 1.649]
 [1.683 1.697 1.671 1.645 1.66  1.662]
 [1.66  1.647 1.663 1.673 1.665 1.678]
 [1.703 1.664 1.668 1.644 1.617 1.662]
 [1.656 1.673 1.633 1.658 1.67  1.632]]
Nash policies:  [(array([0.   , 0.   , 0.323, 0.666, 0.   , 0.011]), array([0.   , 0.344, 0.   , 0.625, 0.031, 0.   ]))]
Frame: 39000000, Avg. RL Loss: 0.022, Avg. Q value: -0.056, Avg. Length: 491.6, P0 Avg. Reward: -0.044, P1 Avg. Reward: 0.044
Q table: 
 [[-0.474 -0.455 -0.497 -0.464 -0.487 -0.49 ]
 [-0.482 -0.476 -0.448 -0.521 -0.483 -0.487]
 [-0.499 -0.484 -0.492 -0.511 -0.501 -0.496]
 [-0.485 -0.493 -0.471 -0.474 -0.475 -0.474]
 [-0.48  -0.487 -0.485 -0.472 -0.493 -0.482]
 [-0.451 -0.472 -0.451 -0.455 -0.486 -0.458]]
Nash policies:  [(array([0.331, 0.   , 0.   , 0.629, 0.   , 0.04 ]), array([0.118, 0.188, 0.   , 0.   , 0.694, 0.   ]))]
Frame: 39500000, Avg. RL Loss: 0.022, Avg. Q value: -0.018, Avg. Length: 490.7, P0 Avg. Reward: -0.027, P1 Avg. Reward: 0.027
Q table: 
 [[-0.866 -0.872 -0.868 -0.816 -0.848 -0.867]
 [-0.852 -0.872 -0.861 -0.864 -0.841 -0.872]
 [-0.865 -0.868 -0.877 -0.876 -0.845 -0.862]
 [-0.853 -0.867 -0.858 -0.855 -0.861 -0.859]
 [-0.852 -0.867 -0.864 -0.875 -0.844 -0.852]
 [-0.861 -0.864 -0.867 -0.849 -0.855 -0.866]]
Nash policies:  [(array([0.   , 0.   , 0.   , 0.265, 0.   , 0.735]), array([0.   , 0.798, 0.202, 0.   , 0.   , 0.   ]))]
Frame: 40000000, Avg. RL Loss: 0.021, Avg. Q value: -0.082, Avg. Length: 489.9, P0 Avg. Reward: -0.074, P1 Avg. Reward: 0.074
Q table: 
 [[-1.454 -1.439 -1.516 -1.436 -1.425 -1.443]
 [-1.442 -1.442 -1.44  -1.458 -1.459 -1.434]
 [-1.48  -1.465 -1.479 -1.472 -1.398 -1.419]
 [-1.463 -1.436 -1.478 -1.448 -1.455 -1.452]
 [-1.451 -1.451 -1.436 -1.431 -1.389 -1.485]
 [-1.464 -1.492 -1.452 -1.435 -1.506 -1.455]]
Nash policies:  [(array([0.102, 0.593, 0.   , 0.   , 0.222, 0.084]), array([0.   , 0.096, 0.121, 0.518, 0.   , 0.265]))]
Frame: 40500000, Avg. RL Loss: 0.021, Avg. Q value: -0.102, Avg. Length: 495.0, P0 Avg. Reward: -0.016, P1 Avg. Reward: 0.016
Q table: 
 [[1.624 1.594 1.584 1.6   1.565 1.579]
 [1.574 1.527 1.594 1.566 1.583 1.571]
 [1.584 1.525 1.556 1.56  1.564 1.596]
 [1.568 1.534 1.572 1.56  1.595 1.578]
 [1.592 1.556 1.595 1.573 1.607 1.605]
 [1.597 1.547 1.579 1.588 1.577 1.54 ]]
Nash policies:  [(array([0.635, 0.   , 0.   , 0.   , 0.365, 0.   ]), array([0.   , 0.525, 0.   , 0.   , 0.475, 0.   ]))]
Frame: 41000000, Avg. RL Loss: 0.021, Avg. Q value: -0.122, Avg. Length: 491.8, P0 Avg. Reward: -0.081, P1 Avg. Reward: 0.081
Q table: 
 [[-1.784 -1.782 -1.762 -1.757 -1.76  -1.772]
 [-1.768 -1.732 -1.766 -1.771 -1.789 -1.756]
 [-1.74  -1.74  -1.781 -1.784 -1.848 -1.773]
 [-1.757 -1.749 -1.75  -1.745 -1.773 -1.803]
 [-1.777 -1.749 -1.784 -1.762 -1.788 -1.731]
 [-1.747 -1.769 -1.743 -1.706 -1.74  -1.741]]
Nash policies:  [(array([0.   , 0.335, 0.   , 0.   , 0.   , 0.665]), array([0.   , 0.568, 0.   , 0.   , 0.432, 0.   ]))]
Frame: 41500000, Avg. RL Loss: 0.022, Avg. Q value: -0.011, Avg. Length: 486.3, P0 Avg. Reward: -0.111, P1 Avg. Reward: 0.111
Q table: 
 [[-1.965 -1.977 -1.967 -1.947 -1.951 -1.946]
 [-1.957 -1.979 -1.998 -1.97  -1.972 -1.995]
 [-1.974 -1.948 -1.965 -1.969 -2.004 -1.933]
 [-1.947 -1.966 -1.964 -1.933 -1.942 -1.952]
 [-1.951 -1.965 -1.982 -1.954 -1.989 -2.006]
 [-1.98  -2.002 -2.023 -1.961 -2.    -1.98 ]]
Nash policies:  [(array([0.   , 0.   , 0.086, 0.914, 0.   , 0.   ]), array([0.   , 0.054, 0.946, 0.   , 0.   , 0.   ]))]
Frame: 42000000, Avg. RL Loss: 0.022, Avg. Q value: -0.098, Avg. Length: 487.2, P0 Avg. Reward: -0.068, P1 Avg. Reward: 0.068
Q table: 
 [[1.087 1.104 1.105 1.069 1.095 1.075]
 [1.077 1.079 1.074 1.061 1.091 1.065]
 [1.051 1.081 1.071 1.069 1.057 1.075]
 [1.066 1.078 1.081 1.076 1.062 1.056]
 [1.073 1.073 1.078 1.09  1.082 1.074]
 [1.083 1.083 1.071 1.076 1.083 1.075]]
Nash policies:  [(array([0.747, 0.   , 0.   , 0.   , 0.253, 0.   ]), array([0.   , 0.   , 0.   , 0.037, 0.   , 0.963]))]
Frame: 42500000, Avg. RL Loss: 0.021, Avg. Q value: 0.171, Avg. Length: 488.5, P0 Avg. Reward: -0.017, P1 Avg. Reward: 0.017
Q table: 
 [[1.071 1.062 1.074 1.064 1.076 1.069]
 [1.058 1.083 1.06  1.059 1.05  1.052]
 [1.055 1.071 1.044 1.071 1.038 1.054]
 [1.07  1.075 1.055 1.062 1.082 1.053]
 [1.052 1.074 1.075 1.057 1.084 1.081]
 [1.071 1.066 1.046 1.063 1.078 1.073]]
Nash policies:  [(array([0.651, 0.014, 0.274, 0.014, 0.047, 0.   ]), array([0.098, 0.279, 0.096, 0.431, 0.   , 0.095]))]
Frame: 43000000, Avg. RL Loss: 0.023, Avg. Q value: 0.013, Avg. Length: 492.5, P0 Avg. Reward: -0.035, P1 Avg. Reward: 0.035
Q table: 
 [[-1.881 -1.925 -1.879 -1.894 -1.883 -1.874]
 [-1.902 -1.882 -1.855 -1.885 -1.865 -1.876]
 [-1.93  -1.907 -1.897 -1.897 -1.865 -1.883]
 [-1.857 -1.915 -1.882 -1.898 -1.87  -1.876]
 [-1.872 -1.896 -1.872 -1.885 -1.881 -1.85 ]
 [-1.907 -1.885 -1.9   -1.892 -1.868 -1.87 ]]
Nash policies:  [(array([0.   , 0.552, 0.   , 0.   , 0.448, 0.   ]), array([0.324, 0.676, 0.   , 0.   , 0.   , 0.   ]))]
Frame: 43500000, Avg. RL Loss: 0.022, Avg. Q value: -0.027, Avg. Length: 482.2, P0 Avg. Reward: 0.114, P1 Avg. Reward: -0.114
Q table: 
 [[1.35  1.341 1.352 1.331 1.333 1.328]
 [1.343 1.357 1.343 1.346 1.348 1.352]
 [1.35  1.324 1.347 1.345 1.356 1.35 ]
 [1.343 1.354 1.338 1.348 1.369 1.323]
 [1.313 1.324 1.302 1.33  1.333 1.327]
 [1.328 1.317 1.323 1.319 1.338 1.359]]
Nash policies:  [(array([0.05 , 0.608, 0.341, 0.   , 0.   , 0.   ]), array([0.   , 0.064, 0.614, 0.322, 0.   , 0.   ]))]
Frame: 44000000, Avg. RL Loss: 0.023, Avg. Q value: 0.057, Avg. Length: 489.0, P0 Avg. Reward: 0.020, P1 Avg. Reward: -0.020
Q table: 
 [[1.283 1.265 1.262 1.287 1.275 1.287]
 [1.283 1.264 1.258 1.272 1.281 1.261]
 [1.282 1.252 1.262 1.275 1.26  1.251]
 [1.246 1.249 1.259 1.269 1.256 1.25 ]
 [1.272 1.27  1.257 1.259 1.258 1.267]
 [1.252 1.282 1.252 1.261 1.25  1.251]]
Nash policies:  [(array([0.723, 0.   , 0.277, 0.   , 0.   , 0.   ]), array([0.   , 0.034, 0.966, 0.   , 0.   , 0.   ]))]
Frame: 44500000, Avg. RL Loss: 0.023, Avg. Q value: 0.059, Avg. Length: 483.6, P0 Avg. Reward: 0.049, P1 Avg. Reward: -0.049
Q table: 
 [[-1.495 -1.492 -1.472 -1.472 -1.523 -1.497]
 [-1.473 -1.475 -1.472 -1.474 -1.525 -1.499]
 [-1.515 -1.507 -1.508 -1.501 -1.533 -1.511]
 [-1.506 -1.474 -1.496 -1.517 -1.525 -1.525]
 [-1.522 -1.505 -1.498 -1.542 -1.505 -1.525]
 [-1.532 -1.495 -1.463 -1.486 -1.518 -1.523]]
Nash policies:  [(array([0.428, 0.   , 0.   , 0.   , 0.572, 0.   ]), array([0.  , 0.  , 0.  , 0.  , 0.62, 0.38]))]
Frame: 45000000, Avg. RL Loss: 0.022, Avg. Q value: -0.091, Avg. Length: 485.5, P0 Avg. Reward: -0.057, P1 Avg. Reward: 0.057
Q table: 
 [[-1.581 -1.585 -1.576 -1.534 -1.534 -1.568]
 [-1.597 -1.569 -1.602 -1.552 -1.59  -1.578]
 [-1.557 -1.598 -1.585 -1.61  -1.581 -1.539]
 [-1.558 -1.583 -1.564 -1.575 -1.555 -1.566]
 [-1.616 -1.574 -1.589 -1.546 -1.57  -1.588]
 [-1.543 -1.56  -1.549 -1.573 -1.59  -1.602]]
Nash policies:  [(array([0.   , 0.34 , 0.   , 0.526, 0.   , 0.134]), array([0.   , 0.543, 0.088, 0.   , 0.   , 0.369]))]
Frame: 45500000, Avg. RL Loss: 0.019, Avg. Q value: 0.009, Avg. Length: 499.8, P0 Avg. Reward: -0.089, P1 Avg. Reward: 0.089
Q table: 
 [[1.55  1.521 1.539 1.518 1.508 1.532]
 [1.507 1.504 1.503 1.486 1.443 1.529]
 [1.53  1.483 1.506 1.472 1.506 1.474]
 [1.503 1.521 1.53  1.513 1.517 1.523]
 [1.535 1.532 1.529 1.526 1.521 1.536]
 [1.556 1.537 1.54  1.527 1.53  1.554]]
Nash policies:  [(array([0., 0., 0., 0., 0., 1.]), array([0., 0., 0., 1., 0., 0.]))]
Frame: 46000000, Avg. RL Loss: 0.021, Avg. Q value: 0.061, Avg. Length: 498.3, P0 Avg. Reward: -0.053, P1 Avg. Reward: 0.053
Q table: 
 [[0.942 0.96  0.962 0.946 0.958 0.962]
 [0.941 0.936 0.925 0.959 0.937 0.953]
 [0.948 0.933 0.902 0.949 0.946 0.913]
 [0.983 0.953 0.944 0.923 0.958 0.941]
 [0.954 0.96  0.958 0.948 0.954 0.957]
 [0.95  0.958 0.959 0.977 0.954 0.965]]
Nash policies:  [(array([0.248, 0.   , 0.   , 0.244, 0.   , 0.507]), array([0.071, 0.   , 0.   , 0.111, 0.818, 0.   ]))]
Frame: 46500000, Avg. RL Loss: 0.022, Avg. Q value: 0.087, Avg. Length: 484.5, P0 Avg. Reward: 0.021, P1 Avg. Reward: -0.021
Q table: 
 [[1.287 1.289 1.283 1.293 1.282 1.294]
 [1.276 1.265 1.269 1.278 1.266 1.292]
 [1.286 1.264 1.266 1.258 1.271 1.291]
 [1.28  1.263 1.289 1.281 1.291 1.289]
 [1.288 1.288 1.267 1.3   1.302 1.3  ]
 [1.281 1.264 1.265 1.27  1.281 1.296]]
Nash policies:  [(array([0.791, 0.   , 0.   , 0.191, 0.018, 0.   ]), array([0.   , 0.213, 0.436, 0.   , 0.35 , 0.   ]))]
Frame: 47000000, Avg. RL Loss: 0.021, Avg. Q value: 0.007, Avg. Length: 494.7, P0 Avg. Reward: 0.080, P1 Avg. Reward: -0.080
Q table: 
 [[0.878 0.87  0.871 0.893 0.893 0.893]
 [0.855 0.836 0.835 0.863 0.861 0.856]
 [0.851 0.86  0.878 0.872 0.853 0.894]
 [0.874 0.863 0.873 0.844 0.866 0.866]
 [0.884 0.874 0.892 0.885 0.884 0.886]
 [0.887 0.887 0.886 0.892 0.877 0.887]]
Nash policies:  [(array([0.275, 0.   , 0.   , 0.   , 0.029, 0.696]), array([0.   , 0.341, 0.143, 0.   , 0.517, 0.   ]))]
Frame: 47500000, Avg. RL Loss: 0.023, Avg. Q value: -0.039, Avg. Length: 498.2, P0 Avg. Reward: -0.059, P1 Avg. Reward: 0.059
Q table: 
 [[-1.806 -1.786 -1.799 -1.81  -1.813 -1.787]
 [-1.812 -1.782 -1.795 -1.8   -1.818 -1.798]
 [-1.793 -1.788 -1.781 -1.8   -1.832 -1.839]
 [-1.802 -1.785 -1.779 -1.805 -1.794 -1.803]
 [-1.8   -1.808 -1.792 -1.811 -1.828 -1.833]
 [-1.78  -1.756 -1.784 -1.817 -1.809 -1.799]]
Nash policies:  [(array([0.   , 0.283, 0.064, 0.637, 0.   , 0.015]), array([0.287, 0.   , 0.   , 0.559, 0.014, 0.141]))]
Frame: 48000000, Avg. RL Loss: 0.021, Avg. Q value: 0.071, Avg. Length: 486.0, P0 Avg. Reward: -0.142, P1 Avg. Reward: 0.142
Q table: 
 [[1.11  1.101 1.107 1.099 1.087 1.129]
 [1.093 1.061 1.043 1.079 1.066 1.089]
 [1.097 1.111 1.077 1.092 1.098 1.144]
 [1.081 1.104 1.086 1.092 1.108 1.091]
 [1.096 1.093 1.104 1.093 1.107 1.129]
 [1.106 1.106 1.095 1.101 1.104 1.121]]
Nash policies:  [(array([0.275, 0.   , 0.   , 0.   , 0.143, 0.582]), array([0.   , 0.   , 0.357, 0.428, 0.214, 0.   ]))]
Frame: 48500000, Avg. RL Loss: 0.021, Avg. Q value: 0.129, Avg. Length: 484.6, P0 Avg. Reward: 0.081, P1 Avg. Reward: -0.081
Q table: 
 [[-0.579 -0.561 -0.587 -0.58  -0.589 -0.597]
 [-0.589 -0.566 -0.558 -0.61  -0.59  -0.588]
 [-0.597 -0.577 -0.578 -0.592 -0.564 -0.571]
 [-0.561 -0.583 -0.539 -0.587 -0.575 -0.581]
 [-0.587 -0.571 -0.571 -0.564 -0.578 -0.597]
 [-0.584 -0.607 -0.576 -0.567 -0.562 -0.581]]
Nash policies:  [(array([0.   , 0.   , 0.329, 0.338, 0.219, 0.115]), array([0.101, 0.169, 0.   , 0.317, 0.   , 0.413]))]
Frame: 49000000, Avg. RL Loss: 0.021, Avg. Q value: 0.008, Avg. Length: 493.6, P0 Avg. Reward: -0.058, P1 Avg. Reward: 0.058
Q table: 
 [[-1.677 -1.645 -1.651 -1.642 -1.652 -1.636]
 [-1.657 -1.648 -1.644 -1.591 -1.677 -1.666]
 [-1.686 -1.661 -1.636 -1.651 -1.665 -1.664]
 [-1.683 -1.63  -1.605 -1.664 -1.665 -1.656]
 [-1.67  -1.633 -1.617 -1.65  -1.649 -1.703]
 [-1.702 -1.654 -1.63  -1.685 -1.681 -1.672]]
Nash policies:  [(array([0.266, 0.544, 0.   , 0.   , 0.19 , 0.   ]), array([0.577, 0.   , 0.   , 0.   , 0.353, 0.069]))]
Frame: 49500000, Avg. RL Loss: 0.020, Avg. Q value: -0.033, Avg. Length: 496.4, P0 Avg. Reward: -0.071, P1 Avg. Reward: 0.071
Q table: 
 [[-1.472 -1.447 -1.448 -1.423 -1.444 -1.464]
 [-1.46  -1.458 -1.469 -1.433 -1.442 -1.467]
 [-1.461 -1.452 -1.448 -1.447 -1.464 -1.463]
 [-1.445 -1.463 -1.433 -1.426 -1.412 -1.423]
 [-1.467 -1.45  -1.455 -1.454 -1.441 -1.439]
 [-1.447 -1.431 -1.46  -1.423 -1.442 -1.457]]
Nash policies:  [(array([0.   , 0.   , 0.   , 0.485, 0.   , 0.515]), array([0.  , 0.45, 0.55, 0.  , 0.  , 0.  ]))]
Frame: 50000000, Avg. RL Loss: 0.022, Avg. Q value: -0.040, Avg. Length: 495.7, P0 Avg. Reward: -0.107, P1 Avg. Reward: 0.107
Q table: 
 [[-0.876 -0.879 -0.873 -0.865 -0.859 -0.867]
 [-0.869 -0.892 -0.875 -0.881 -0.844 -0.849]
 [-0.866 -0.862 -0.867 -0.852 -0.85  -0.85 ]
 [-0.865 -0.873 -0.873 -0.85  -0.86  -0.85 ]
 [-0.862 -0.873 -0.867 -0.875 -0.866 -0.855]
 [-0.865 -0.873 -0.876 -0.861 -0.852 -0.854]]
Nash policies:  [(array([0.  , 0.  , 0.54, 0.  , 0.46, 0.  ]), array([0.   , 0.042, 0.958, 0.   , 0.   , 0.   ]))]
Frame: 50500000, Avg. RL Loss: 0.023, Avg. Q value: 0.024, Avg. Length: 484.1, P0 Avg. Reward: 0.036, P1 Avg. Reward: -0.036
Q table: 
 [[1.717 1.69  1.684 1.688 1.714 1.714]
 [1.71  1.695 1.69  1.691 1.686 1.675]
 [1.68  1.679 1.669 1.672 1.671 1.692]
 [1.699 1.688 1.705 1.682 1.669 1.694]
 [1.706 1.687 1.659 1.657 1.682 1.637]
 [1.686 1.678 1.705 1.679 1.682 1.675]]
Nash policies:  [(array([0.321, 0.596, 0.   , 0.083, 0.   , 0.   ]), array([0.   , 0.   , 0.274, 0.638, 0.   , 0.088]))]
Frame: 51000000, Avg. RL Loss: 0.021, Avg. Q value: 0.017, Avg. Length: 484.8, P0 Avg. Reward: -0.010, P1 Avg. Reward: 0.010
Q table: 
 [[0.861 0.893 0.881 0.888 0.9   0.873]
 [0.877 0.871 0.875 0.865 0.873 0.875]
 [0.88  0.863 0.87  0.866 0.88  0.877]
 [0.858 0.884 0.882 0.878 0.867 0.841]
 [0.887 0.89  0.876 0.874 0.892 0.888]
 [0.893 0.901 0.883 0.898 0.897 0.88 ]]
Nash policies:  [(array([0.   , 0.   , 0.   , 0.   , 0.235, 0.765]), array([0.   , 0.   , 0.527, 0.   , 0.   , 0.473]))]
Frame: 51500000, Avg. RL Loss: 0.020, Avg. Q value: 0.015, Avg. Length: 503.9, P0 Avg. Reward: 0.015, P1 Avg. Reward: -0.015
Q table: 
 [[0.914 0.923 0.906 0.904 0.912 0.901]
 [0.904 0.905 0.901 0.9   0.902 0.905]
 [0.9   0.92  0.896 0.864 0.893 0.887]
 [0.915 0.912 0.92  0.907 0.924 0.931]
 [0.909 0.915 0.912 0.911 0.904 0.901]
 [0.899 0.915 0.909 0.912 0.912 0.919]]
Nash policies:  [(array([0.   , 0.   , 0.   , 0.275, 0.641, 0.083]), array([0.156, 0.   , 0.   , 0.748, 0.096, 0.   ]))]
Frame: 52000000, Avg. RL Loss: 0.020, Avg. Q value: 0.022, Avg. Length: 491.7, P0 Avg. Reward: 0.014, P1 Avg. Reward: -0.014
Q table: 
 [[1.07  1.095 1.079 1.077 1.081 1.078]
 [1.071 1.091 1.071 1.077 1.078 1.085]
 [1.085 1.069 1.084 1.064 1.099 1.074]
 [1.077 1.086 1.083 1.068 1.116 1.074]
 [1.075 1.06  1.082 1.068 1.076 1.089]
 [1.08  1.091 1.078 1.075 1.076 1.077]]
Nash policies:  [(array([0.158, 0.276, 0.   , 0.   , 0.   , 0.565]), array([0.121, 0.   , 0.041, 0.838, 0.   , 0.   ]))]
Frame: 52500000, Avg. RL Loss: 0.022, Avg. Q value: -0.015, Avg. Length: 488.6, P0 Avg. Reward: 0.038, P1 Avg. Reward: -0.038
Q table: 
 [[0.934 0.941 0.924 0.929 0.924 0.935]
 [0.942 0.926 0.91  0.917 0.917 0.923]
 [0.915 0.928 0.931 0.913 0.905 0.931]
 [0.922 0.919 0.92  0.908 0.914 0.923]
 [0.93  0.945 0.915 0.905 0.92  0.916]
 [0.935 0.923 0.921 0.911 0.92  0.927]]
Nash policies:  [(array([0.993, 0.   , 0.007, 0.   , 0.   , 0.   ]), array([0.   , 0.   , 0.731, 0.   , 0.269, 0.   ]))]
Frame: 53000000, Avg. RL Loss: 0.021, Avg. Q value: -0.010, Avg. Length: 480.9, P0 Avg. Reward: -0.041, P1 Avg. Reward: 0.041
Q table: 
 [[-1.194 -1.147 -1.181 -1.142 -1.154 -1.131]
 [-1.163 -1.165 -1.162 -1.153 -1.146 -1.157]
 [-1.146 -1.143 -1.156 -1.158 -1.143 -1.144]
 [-1.15  -1.149 -1.165 -1.165 -1.151 -1.155]
 [-1.167 -1.193 -1.174 -1.161 -1.156 -1.141]
 [-1.171 -1.156 -1.171 -1.157 -1.149 -1.15 ]]
Nash policies:  [(array([0.   , 0.237, 0.763, 0.   , 0.   , 0.   ]), array([0.  , 0.  , 0.45, 0.55, 0.  , 0.  ]))]
Frame: 53500000, Avg. RL Loss: 0.020, Avg. Q value: -0.132, Avg. Length: 484.0, P0 Avg. Reward: 0.015, P1 Avg. Reward: -0.015
Q table: 
 [[0.765 0.725 0.741 0.737 0.753 0.754]
 [0.725 0.748 0.737 0.71  0.738 0.747]
 [0.753 0.743 0.747 0.731 0.731 0.72 ]
 [0.74  0.724 0.747 0.723 0.739 0.748]
 [0.758 0.755 0.747 0.749 0.755 0.748]
 [0.745 0.759 0.751 0.746 0.757 0.762]]
Nash policies:  [(array([0.   , 0.   , 0.   , 0.   , 0.725, 0.275]), array([0.   , 0.   , 0.358, 0.642, 0.   , 0.   ]))]
Frame: 54000000, Avg. RL Loss: 0.022, Avg. Q value: -0.008, Avg. Length: 500.7, P0 Avg. Reward: -0.078, P1 Avg. Reward: 0.078
Q table: 
 [[1.361 1.401 1.422 1.426 1.432 1.417]
 [1.387 1.427 1.436 1.405 1.437 1.437]
 [1.427 1.477 1.41  1.444 1.409 1.441]
 [1.401 1.403 1.413 1.413 1.401 1.397]
 [1.377 1.395 1.39  1.396 1.412 1.417]
 [1.385 1.422 1.395 1.382 1.406 1.404]]
Nash policies:  [(array([0.   , 0.263, 0.737, 0.   , 0.   , 0.   ]), array([0.397, 0.   , 0.603, 0.   , 0.   , 0.   ]))]
Frame: 54500000, Avg. RL Loss: 0.024, Avg. Q value: 0.125, Avg. Length: 488.5, P0 Avg. Reward: 0.015, P1 Avg. Reward: -0.015
Q table: 
 [[-1.389 -1.417 -1.409 -1.399 -1.383 -1.409]
 [-1.419 -1.414 -1.409 -1.397 -1.406 -1.358]
 [-1.407 -1.419 -1.409 -1.406 -1.394 -1.39 ]
 [-1.405 -1.41  -1.424 -1.42  -1.419 -1.367]
 [-1.422 -1.417 -1.417 -1.407 -1.399 -1.376]
 [-1.436 -1.401 -1.407 -1.406 -1.421 -1.405]]
Nash policies:  [(array([0.501, 0.   , 0.   , 0.087, 0.   , 0.412]), array([0.25 , 0.706, 0.044, 0.   , 0.   , 0.   ]))]
Frame: 55000000, Avg. RL Loss: 0.024, Avg. Q value: -0.029, Avg. Length: 484.0, P0 Avg. Reward: 0.050, P1 Avg. Reward: -0.050
Q table: 
 [[0.977 0.979 0.973 0.973 0.975 0.975]
 [0.986 0.966 0.96  0.979 0.975 0.961]
 [0.977 0.972 0.968 0.935 0.969 0.964]
 [0.953 0.967 0.965 0.981 0.969 0.967]
 [0.958 0.97  0.976 0.977 0.975 0.973]
 [0.977 0.967 0.982 0.967 0.974 0.943]]
Nash policies:  [(array([0.759, 0.02 , 0.   , 0.   , 0.203, 0.018]), array([0.175, 0.   , 0.328, 0.489, 0.   , 0.008]))]
Frame: 55500000, Avg. RL Loss: 0.028, Avg. Q value: 0.010, Avg. Length: 490.9, P0 Avg. Reward: 0.062, P1 Avg. Reward: -0.062
Q table: 
 [[-1.108 -1.126 -1.111 -1.125 -1.083 -1.099]
 [-1.12  -1.12  -1.122 -1.118 -1.088 -1.066]
 [-1.116 -1.133 -1.117 -1.116 -1.076 -1.071]
 [-1.121 -1.127 -1.109 -1.109 -1.066 -1.112]
 [-1.103 -1.122 -1.12  -1.116 -1.101 -1.097]
 [-1.083 -1.134 -1.126 -1.108 -1.078 -1.078]]
Nash policies:  [(array([0.   , 0.889, 0.   , 0.111, 0.   , 0.   ]), array([0.   , 0.635, 0.365, 0.   , 0.   , 0.   ]))]
Frame: 56000000, Avg. RL Loss: 0.025, Avg. Q value: 0.046, Avg. Length: 487.0, P0 Avg. Reward: -0.125, P1 Avg. Reward: 0.125
Q table: 
 [[-1.002 -0.962 -1.007 -0.997 -0.989 -1.014]
 [-0.997 -0.973 -0.94  -1.012 -0.993 -1.   ]
 [-0.995 -0.996 -0.975 -1.004 -0.976 -0.991]
 [-1.01  -0.997 -0.985 -1.009 -0.982 -0.996]
 [-1.02  -0.964 -0.964 -0.984 -1.    -1.001]
 [-0.985 -1.009 -0.976 -1.007 -0.996 -1.003]]
Nash policies:  [(array([0.   , 0.   , 0.271, 0.   , 0.322, 0.407]), array([0.328, 0.   , 0.   , 0.51 , 0.   , 0.162]))]
Frame: 56500000, Avg. RL Loss: 0.024, Avg. Q value: 0.013, Avg. Length: 495.3, P0 Avg. Reward: 0.095, P1 Avg. Reward: -0.095
Q table: 
 [[1.106 1.108 1.103 1.082 1.115 1.108]
 [1.082 1.092 1.099 1.094 1.103 1.093]
 [1.08  1.077 1.097 1.082 1.105 1.08 ]
 [1.108 1.101 1.103 1.095 1.105 1.102]
 [1.115 1.117 1.099 1.106 1.116 1.121]
 [1.111 1.123 1.107 1.106 1.1   1.116]]
Nash policies:  [(array([0.037, 0.   , 0.   , 0.   , 0.273, 0.69 ]), array([0.   , 0.   , 0.583, 0.104, 0.313, 0.   ]))]
Frame: 57000000, Avg. RL Loss: 0.023, Avg. Q value: -0.099, Avg. Length: 489.5, P0 Avg. Reward: 0.087, P1 Avg. Reward: -0.087
Q table: 
 [[1.201 1.204 1.185 1.201 1.205 1.206]
 [1.213 1.213 1.213 1.183 1.197 1.198]
 [1.215 1.19  1.203 1.19  1.176 1.216]
 [1.222 1.19  1.207 1.169 1.186 1.207]
 [1.196 1.21  1.211 1.191 1.203 1.193]
 [1.185 1.215 1.231 1.216 1.201 1.213]]
Nash policies:  [(array([0.55 , 0.144, 0.092, 0.   , 0.   , 0.213]), array([0.463, 0.   , 0.059, 0.339, 0.139, 0.   ]))]
Frame: 57500000, Avg. RL Loss: 0.023, Avg. Q value: -0.189, Avg. Length: 480.6, P0 Avg. Reward: -0.014, P1 Avg. Reward: 0.014
Q table: 
 [[1.469 1.485 1.489 1.478 1.43  1.469]
 [1.487 1.467 1.507 1.445 1.486 1.483]
 [1.458 1.408 1.487 1.403 1.429 1.483]
 [1.491 1.487 1.487 1.465 1.481 1.469]
 [1.493 1.48  1.512 1.494 1.495 1.482]
 [1.473 1.473 1.5   1.481 1.48  1.487]]
Nash policies:  [(array([0.   , 0.   , 0.   , 0.134, 0.866, 0.   ]), array([0.   , 0.655, 0.   , 0.   , 0.   , 0.345]))]
Frame: 58000000, Avg. RL Loss: 0.027, Avg. Q value: -0.355, Avg. Length: 491.9, P0 Avg. Reward: 0.014, P1 Avg. Reward: -0.014
Q table: 
 [[0.962 0.949 0.981 0.98  0.972 1.   ]
 [0.978 0.963 0.987 0.971 0.952 0.965]
 [0.977 0.958 0.981 0.966 0.979 0.994]
 [0.958 0.981 0.965 0.945 0.976 0.986]
 [0.982 0.99  0.994 0.989 0.998 0.999]
 [0.982 0.996 0.991 0.979 0.988 0.988]]
Nash policies:  [(array([0., 0., 0., 0., 1., 0.]), array([1., 0., 0., 0., 0., 0.]))]
Frame: 58500000, Avg. RL Loss: 0.025, Avg. Q value: -0.308, Avg. Length: 495.9, P0 Avg. Reward: -0.008, P1 Avg. Reward: 0.008
Q table: 
 [[1.264 1.263 1.289 1.275 1.286 1.276]
 [1.282 1.258 1.299 1.287 1.281 1.286]
 [1.224 1.314 1.279 1.279 1.275 1.243]
 [1.24  1.273 1.312 1.284 1.292 1.234]
 [1.254 1.278 1.262 1.25  1.246 1.279]
 [1.28  1.277 1.284 1.269 1.255 1.289]]
Nash policies:  [(array([0.   , 0.549, 0.156, 0.   , 0.   , 0.295]), array([0.354, 0.385, 0.   , 0.   , 0.261, 0.   ]))]
Frame: 59000000, Avg. RL Loss: 0.022, Avg. Q value: -0.121, Avg. Length: 497.4, P0 Avg. Reward: -0.087, P1 Avg. Reward: 0.087
Q table: 
 [[1.298 1.281 1.29  1.288 1.272 1.276]
 [1.268 1.279 1.268 1.246 1.263 1.267]
 [1.267 1.238 1.276 1.279 1.258 1.251]
 [1.255 1.262 1.267 1.27  1.201 1.279]
 [1.292 1.308 1.285 1.302 1.29  1.276]
 [1.291 1.285 1.29  1.297 1.291 1.287]]
Nash policies:  [(array([0.   , 0.   , 0.   , 0.   , 0.061, 0.939]), array([0.   , 0.321, 0.   , 0.   , 0.   , 0.679]))]
Frame: 59500000, Avg. RL Loss: 0.025, Avg. Q value: -0.063, Avg. Length: 492.4, P0 Avg. Reward: 0.038, P1 Avg. Reward: -0.038
Q table: 
 [[-1.292 -1.262 -1.301 -1.339 -1.316 -1.31 ]
 [-1.303 -1.26  -1.288 -1.291 -1.314 -1.325]
 [-1.316 -1.276 -1.284 -1.299 -1.307 -1.316]
 [-1.307 -1.285 -1.295 -1.313 -1.327 -1.308]
 [-1.329 -1.306 -1.287 -1.298 -1.281 -1.313]
 [-1.297 -1.286 -1.26  -1.302 -1.319 -1.322]]
Nash policies:  [(array([0.13 , 0.   , 0.   , 0.485, 0.306, 0.079]), array([0.294, 0.   , 0.   , 0.182, 0.13 , 0.394]))]
Frame: 60000000, Avg. RL Loss: 0.025, Avg. Q value: -0.201, Avg. Length: 488.3, P0 Avg. Reward: -0.034, P1 Avg. Reward: 0.034
Q table: 
 [[-1.604 -1.624 -1.633 -1.63  -1.607 -1.627]
 [-1.619 -1.626 -1.6   -1.584 -1.604 -1.62 ]
 [-1.601 -1.617 -1.595 -1.594 -1.583 -1.615]
 [-1.614 -1.616 -1.628 -1.606 -1.607 -1.613]
 [-1.618 -1.596 -1.65  -1.629 -1.603 -1.62 ]
 [-1.612 -1.622 -1.603 -1.619 -1.614 -1.642]]
Nash policies:  [(array([0.   , 0.   , 0.483, 0.414, 0.103, 0.   ]), array([0.   , 0.262, 0.041, 0.   , 0.   , 0.697]))]
Frame: 60500000, Avg. RL Loss: 0.024, Avg. Q value: -0.118, Avg. Length: 471.9, P0 Avg. Reward: 0.115, P1 Avg. Reward: -0.115
Q table: 
 [[0.775 0.793 0.774 0.77  0.756 0.775]
 [0.777 0.781 0.774 0.794 0.767 0.782]
 [0.774 0.753 0.774 0.769 0.771 0.775]
 [0.769 0.78  0.772 0.768 0.768 0.777]
 [0.761 0.761 0.772 0.768 0.759 0.762]
 [0.766 0.745 0.777 0.78  0.757 0.767]]
Nash policies:  [(array([0.   , 0.018, 0.418, 0.564, 0.   , 0.   ]), array([0.   , 0.116, 0.   , 0.007, 0.878, 0.   ]))]
Frame: 61000000, Avg. RL Loss: 0.023, Avg. Q value: -0.117, Avg. Length: 487.6, P0 Avg. Reward: 0.051, P1 Avg. Reward: -0.051
Q table: 
 [[-1.44  -1.425 -1.415 -1.416 -1.441 -1.429]
 [-1.416 -1.424 -1.426 -1.405 -1.434 -1.436]
 [-1.426 -1.412 -1.4   -1.41  -1.426 -1.416]
 [-1.416 -1.418 -1.435 -1.411 -1.451 -1.443]
 [-1.422 -1.412 -1.432 -1.418 -1.424 -1.435]
 [-1.453 -1.409 -1.4   -1.439 -1.437 -1.439]]
Nash policies:  [(array([0.   , 0.   , 0.541, 0.   , 0.459, 0.   ]), array([0.   , 0.   , 0.   , 0.   , 0.931, 0.069]))]
Frame: 61500000, Avg. RL Loss: 0.021, Avg. Q value: -0.132, Avg. Length: 500.2, P0 Avg. Reward: -0.082, P1 Avg. Reward: 0.082
Q table: 
 [[-1.133 -1.121 -1.133 -1.133 -1.119 -1.139]
 [-1.123 -1.084 -1.094 -1.123 -1.137 -1.131]
 [-1.132 -1.115 -1.122 -1.124 -1.131 -1.129]
 [-1.133 -1.085 -1.126 -1.124 -1.143 -1.145]
 [-1.124 -1.119 -1.111 -1.144 -1.127 -1.143]
 [-1.135 -1.107 -1.11  -1.119 -1.125 -1.127]]
Nash policies:  [(array([0.   , 0.373, 0.   , 0.   , 0.068, 0.559]), array([0.421, 0.   , 0.   , 0.   , 0.339, 0.24 ]))]
Frame: 62000000, Avg. RL Loss: 0.020, Avg. Q value: 0.035, Avg. Length: 494.6, P0 Avg. Reward: -0.000, P1 Avg. Reward: 0.000
Q table: 
 [[1.636 1.645 1.644 1.64  1.656 1.654]
 [1.597 1.626 1.621 1.64  1.665 1.621]
 [1.599 1.617 1.654 1.621 1.633 1.609]
 [1.667 1.667 1.649 1.638 1.675 1.676]
 [1.654 1.652 1.654 1.656 1.657 1.646]
 [1.632 1.655 1.644 1.658 1.659 1.643]]
Nash policies:  [(array([0.   , 0.   , 0.   , 0.208, 0.777, 0.015]), array([0.   , 0.   , 0.017, 0.614, 0.   , 0.37 ]))]
Frame: 62500000, Avg. RL Loss: 0.021, Avg. Q value: -0.006, Avg. Length: 490.7, P0 Avg. Reward: -0.095, P1 Avg. Reward: 0.095
Q table: 
 [[-1.242 -1.257 -1.265 -1.241 -1.269 -1.253]
 [-1.254 -1.263 -1.249 -1.286 -1.254 -1.245]
 [-1.273 -1.272 -1.272 -1.273 -1.244 -1.254]
 [-1.267 -1.268 -1.268 -1.251 -1.256 -1.245]
 [-1.265 -1.265 -1.271 -1.211 -1.261 -1.253]
 [-1.233 -1.271 -1.265 -1.25  -1.237 -1.26 ]]
Nash policies:  [(array([0.518, 0.409, 0.   , 0.   , 0.   , 0.073]), array([0.   , 0.68 , 0.   , 0.008, 0.312, 0.   ]))]
Frame: 63000000, Avg. RL Loss: 0.023, Avg. Q value: -0.208, Avg. Length: 479.8, P0 Avg. Reward: -0.098, P1 Avg. Reward: 0.098
Q table: 
 [[-1.901 -1.905 -1.919 -1.915 -1.898 -1.887]
 [-1.94  -1.908 -1.92  -1.914 -1.924 -1.9  ]
 [-1.919 -1.916 -1.909 -1.917 -1.906 -1.938]
 [-1.945 -1.917 -1.913 -1.893 -1.924 -1.937]
 [-1.934 -1.948 -1.91  -1.943 -1.943 -1.967]
 [-1.922 -1.938 -1.908 -1.931 -1.915 -1.92 ]]
Nash policies:  [(array([0.447, 0.   , 0.381, 0.116, 0.   , 0.056]), array([0.056, 0.   , 0.673, 0.168, 0.   , 0.103]))]
Frame: 63500000, Avg. RL Loss: 0.021, Avg. Q value: -0.077, Avg. Length: 480.8, P0 Avg. Reward: -0.140, P1 Avg. Reward: 0.140
Q table: 
 [[-0.839 -0.858 -0.856 -0.837 -0.85  -0.854]
 [-0.84  -0.862 -0.86  -0.849 -0.856 -0.849]
 [-0.832 -0.866 -0.859 -0.86  -0.838 -0.837]
 [-0.858 -0.846 -0.859 -0.866 -0.85  -0.847]
 [-0.832 -0.866 -0.862 -0.851 -0.85  -0.866]
 [-0.84  -0.857 -0.859 -0.836 -0.846 -0.86 ]]
Nash policies:  [(array([0.841, 0.   , 0.   , 0.159, 0.   , 0.   ]), array([0.   , 0.215, 0.785, 0.   , 0.   , 0.   ]))]
Frame: 64000000, Avg. RL Loss: 0.023, Avg. Q value: 0.031, Avg. Length: 481.3, P0 Avg. Reward: 0.100, P1 Avg. Reward: -0.100
Q table: 
 [[0.954 0.959 0.945 0.947 0.949 0.936]
 [0.972 0.942 0.946 0.978 0.95  0.921]
 [1.013 0.948 0.947 0.948 0.937 0.941]
 [0.934 0.927 0.949 0.928 0.931 0.95 ]
 [0.927 0.951 0.939 0.931 0.941 0.958]
 [0.95  0.958 0.938 0.95  0.946 0.96 ]]
Nash policies:  [(array([0.539, 0.013, 0.   , 0.22 , 0.   , 0.228]), array([0.   , 0.   , 0.542, 0.051, 0.227, 0.18 ]))]
Frame: 64500000, Avg. RL Loss: 0.022, Avg. Q value: -0.086, Avg. Length: 482.0, P0 Avg. Reward: 0.152, P1 Avg. Reward: -0.152
Q table: 
 [[1.13  1.126 1.123 1.115 1.124 1.124]
 [1.115 1.127 1.121 1.105 1.112 1.104]
 [1.107 1.125 1.113 1.14  1.096 1.117]
 [1.113 1.134 1.117 1.126 1.121 1.13 ]
 [1.116 1.137 1.112 1.101 1.104 1.124]
 [1.112 1.139 1.117 1.105 1.133 1.135]]
Nash policies:  [(array([0.684, 0.   , 0.115, 0.201, 0.   , 0.   ]), array([0.   , 0.   , 0.554, 0.338, 0.107, 0.   ]))]
Frame: 65000000, Avg. RL Loss: 0.024, Avg. Q value: -0.189, Avg. Length: 487.7, P0 Avg. Reward: 0.030, P1 Avg. Reward: -0.030
Q table: 
 [[-1.307 -1.31  -1.328 -1.299 -1.299 -1.321]
 [-1.319 -1.314 -1.318 -1.328 -1.302 -1.295]
 [-1.328 -1.329 -1.32  -1.32  -1.283 -1.294]
 [-1.316 -1.326 -1.326 -1.318 -1.312 -1.314]
 [-1.326 -1.33  -1.319 -1.329 -1.288 -1.312]
 [-1.312 -1.32  -1.321 -1.318 -1.314 -1.306]]
Nash policies:  [(array([0.117, 0.368, 0.394, 0.   , 0.   , 0.12 ]), array([0.024, 0.025, 0.719, 0.232, 0.   , 0.   ]))]