                          Options
                          seed: 1122
                          batch_size: 1024
                          no_cuda: False
                          max_frames: 500000000
                          buffer_size: 100000
                          update_target: 1000
                          train_freq: 100
                          gamma: 0.99
                          eta: 0.1
                          rl_start: 10000
                          sl_start: 1000
                          num_envs: 3
                          hidden_dim: 256
                          dueling: False
                          multi_step: 1
                          cce: False
                          env: SlimeVolley-v0
                          ram: False
                          negative: False
                          against_baseline: False
                          load_model: None
                          save_model: model
                          evaluate: False
                          render: False
                          evaluation_interval: 50000
                          lr: 0.0001
                          max_tag_interval: 3000
                          eps_start: 1.0
                          eps_final: 0.01
                          eps_decay: 1000000
                          cuda: True
                          device: cuda:0
[Box(-3.4028234663852886e+38, 3.4028234663852886e+38, (12,), float32), Box(-3.4028234663852886e+38, 3.4028234663852886e+38, (12,), float32), Box(-3.4028234663852886e+38, 3.4028234663852886e+38, (12,), float32)] [Discrete(6), Discrete(6), Discrete(6)]
(12,)
(12,)
Frame: 150000, Avg. RL Loss: 0.006, Avg. Q value: 0.027, Avg. Length: 547.1, P0 Avg. Reward: -0.040, P1 Avg. Reward: 0.040
Q table: 
 [[-0.305 -0.354 -0.301 -0.342 -0.376 -0.341]
 [-0.346 -0.355 -0.34  -0.377 -0.36  -0.323]
 [-0.356 -0.346 -0.357 -0.352 -0.379 -0.337]
 [-0.39  -0.348 -0.367 -0.316 -0.325 -0.375]
 [-0.308 -0.381 -0.32  -0.359 -0.36  -0.352]
 [-0.36  -0.353 -0.349 -0.405 -0.334 -0.372]]
Nash policies:  [(array([0.328, 0.211, 0.042, 0.419, 0.   , 0.   ]), array([0.094, 0.613, 0.   , 0.   , 0.173, 0.121]))]
Frame: 300000, Avg. RL Loss: 0.009, Avg. Q value: 0.056, Avg. Length: 534.8, P0 Avg. Reward: 0.211, P1 Avg. Reward: -0.211
Q table: 
 [[ 0.055  0.053  0.023  0.02   0.038  0.036]
 [ 0.046  0.071  0.067  0.069  0.042  0.02 ]
 [ 0.033  0.036  0.07   0.063  0.034 -0.001]
 [ 0.063  0.041  0.058  0.019  0.046  0.058]
 [ 0.026  0.044  0.046  0.042  0.035  0.037]
 [ 0.06   0.023  0.021  0.038  0.045  0.031]]
Nash policies:  [(array([0.   , 0.445, 0.   , 0.555, 0.   , 0.   ]), array([0.   , 0.   , 0.   , 0.436, 0.   , 0.564]))]
Frame: 450000, Avg. RL Loss: 0.011, Avg. Q value: 0.076, Avg. Length: 544.3, P0 Avg. Reward: 0.120, P1 Avg. Reward: -0.120
Q table: 
 [[1.16  1.21  1.24  1.208 1.169 1.165]
 [1.168 1.205 1.177 1.12  1.217 1.21 ]
 [1.183 1.213 1.189 1.151 1.2   1.203]
 [1.171 1.209 1.18  1.149 1.192 1.197]
 [1.194 1.2   1.193 1.223 1.217 1.154]
 [1.21  1.234 1.158 1.189 1.195 1.255]]
Nash policies:  [(array([0.235, 0.   , 0.   , 0.   , 0.416, 0.349]), array([0.554, 0.   , 0.395, 0.   , 0.   , 0.051]))]
Frame: 600000, Avg. RL Loss: 0.011, Avg. Q value: 0.066, Avg. Length: 551.7, P0 Avg. Reward: -0.205, P1 Avg. Reward: 0.205
Q table: 
 [[-0.632 -0.624 -0.611 -0.625 -0.635 -0.651]
 [-0.605 -0.6   -0.626 -0.619 -0.599 -0.64 ]
 [-0.611 -0.617 -0.602 -0.642 -0.623 -0.636]
 [-0.614 -0.606 -0.62  -0.643 -0.648 -0.647]
 [-0.627 -0.621 -0.635 -0.635 -0.627 -0.642]
 [-0.631 -0.624 -0.626 -0.642 -0.624 -0.638]]
Nash policies:  [(array([0.   , 0.204, 0.796, 0.   , 0.   , 0.   ]), array([0.   , 0.   , 0.   , 0.146, 0.   , 0.854]))]
Frame: 750000, Avg. RL Loss: 0.011, Avg. Q value: 0.066, Avg. Length: 555.9, P0 Avg. Reward: 0.059, P1 Avg. Reward: -0.059
Q table: 
 [[0.23  0.197 0.263 0.205 0.196 0.157]
 [0.241 0.193 0.229 0.169 0.194 0.186]
 [0.205 0.213 0.254 0.233 0.173 0.145]
 [0.168 0.227 0.203 0.171 0.213 0.241]
 [0.147 0.217 0.25  0.215 0.172 0.173]
 [0.261 0.27  0.216 0.231 0.226 0.161]]
Nash policies:  [(array([0.   , 0.   , 0.   , 0.504, 0.   , 0.496]), array([0.  , 0.  , 0.  , 0.57, 0.  , 0.43]))]
Frame: 900000, Avg. RL Loss: 0.012, Avg. Q value: 0.011, Avg. Length: 527.0, P0 Avg. Reward: -0.165, P1 Avg. Reward: 0.165
Q table: 
 [[0.842 0.844 0.834 0.878 0.853 0.83 ]
 [0.822 0.804 0.826 0.888 0.863 0.846]
 [0.852 0.823 0.823 0.815 0.84  0.862]
 [0.837 0.851 0.825 0.812 0.871 0.847]
 [0.841 0.876 0.842 0.84  0.889 0.866]
 [0.85  0.846 0.839 0.87  0.822 0.859]]
Nash policies:  [(array([0.  , 0.  , 0.  , 0.  , 0.89, 0.11]), array([0.276, 0.   , 0.724, 0.   , 0.   , 0.   ]))]
Frame: 1050000, Avg. RL Loss: 0.013, Avg. Q value: 0.032, Avg. Length: 526.8, P0 Avg. Reward: 0.163, P1 Avg. Reward: -0.163
Q table: 
 [[-0.571 -0.585 -0.597 -0.59  -0.62  -0.599]
 [-0.59  -0.603 -0.584 -0.588 -0.611 -0.587]
 [-0.599 -0.604 -0.578 -0.595 -0.591 -0.583]
 [-0.598 -0.587 -0.604 -0.606 -0.613 -0.589]
 [-0.575 -0.599 -0.591 -0.606 -0.594 -0.595]
 [-0.607 -0.602 -0.606 -0.581 -0.602 -0.601]]
Nash policies:  [(array([0.215, 0.   , 0.427, 0.   , 0.358, 0.   ]), array([0.   , 0.508, 0.   , 0.131, 0.361, 0.   ]))]
Frame: 1200000, Avg. RL Loss: 0.015, Avg. Q value: 0.060, Avg. Length: 526.6, P0 Avg. Reward: -0.056, P1 Avg. Reward: 0.056
Q table: 
 [[0.647 0.639 0.668 0.642 0.63  0.636]
 [0.653 0.624 0.625 0.596 0.649 0.606]
 [0.631 0.643 0.648 0.639 0.617 0.629]
 [0.639 0.621 0.652 0.658 0.643 0.63 ]
 [0.67  0.658 0.644 0.649 0.652 0.631]
 [0.629 0.64  0.641 0.63  0.641 0.641]]
Nash policies:  [(array([0.339, 0.   , 0.   , 0.096, 0.051, 0.514]), array([0.039, 0.   , 0.   , 0.242, 0.063, 0.656]))]
Frame: 1350000, Avg. RL Loss: 0.015, Avg. Q value: 0.063, Avg. Length: 549.4, P0 Avg. Reward: -0.029, P1 Avg. Reward: 0.029
Q table: 
 [[0.544 0.531 0.52  0.529 0.531 0.527]
 [0.509 0.529 0.499 0.532 0.526 0.511]
 [0.565 0.519 0.533 0.524 0.492 0.526]
 [0.52  0.521 0.547 0.533 0.532 0.511]
 [0.532 0.539 0.534 0.51  0.52  0.514]
 [0.536 0.545 0.544 0.525 0.531 0.498]]
Nash policies:  [(array([0.745, 0.   , 0.156, 0.1  , 0.   , 0.   ]), array([0.   , 0.   , 0.33 , 0.   , 0.101, 0.569]))]
Frame: 1500000, Avg. RL Loss: 0.016, Avg. Q value: 0.081, Avg. Length: 526.6, P0 Avg. Reward: -0.102, P1 Avg. Reward: 0.102
Q table: 
 [[-0.442 -0.41  -0.421 -0.44  -0.456 -0.433]
 [-0.436 -0.441 -0.441 -0.456 -0.449 -0.434]
 [-0.454 -0.422 -0.428 -0.416 -0.451 -0.436]
 [-0.435 -0.43  -0.427 -0.455 -0.442 -0.446]
 [-0.435 -0.43  -0.43  -0.438 -0.438 -0.441]
 [-0.454 -0.437 -0.433 -0.443 -0.413 -0.428]]
Nash policies:  [(array([0.145, 0.   , 0.031, 0.   , 0.728, 0.097]), array([0.303, 0.   , 0.   , 0.199, 0.044, 0.454]))]
Frame: 1650000, Avg. RL Loss: 0.015, Avg. Q value: 0.094, Avg. Length: 534.2, P0 Avg. Reward: 0.287, P1 Avg. Reward: -0.287
Q table: 
 [[0.994 0.972 0.934 0.986 0.994 0.966]
 [0.972 0.939 0.96  0.962 0.976 0.98 ]
 [0.95  0.952 0.936 0.952 0.967 0.956]
 [0.966 0.978 0.944 0.968 0.978 0.987]
 [0.972 0.966 0.96  0.984 0.955 0.969]
 [0.969 0.984 0.964 0.966 0.962 0.969]]
Nash policies:  [(array([0.   , 0.119, 0.   , 0.   , 0.   , 0.881]), array([0.   , 0.   , 0.781, 0.   , 0.219, 0.   ]))]
Frame: 1800000, Avg. RL Loss: 0.015, Avg. Q value: 0.058, Avg. Length: 539.8, P0 Avg. Reward: 0.036, P1 Avg. Reward: -0.036
Q table: 
 [[1.095 1.105 1.057 1.082 1.087 1.137]
 [1.076 1.079 1.092 1.122 1.12  1.116]
 [1.075 1.088 1.087 1.1   1.098 1.105]
 [1.082 1.121 1.099 1.094 1.135 1.119]
 [1.097 1.1   1.078 1.103 1.134 1.114]
 [1.107 1.117 1.097 1.107 1.123 1.114]]
Nash policies:  [(array([0.   , 0.   , 0.   , 0.371, 0.   , 0.629]), array([0.053, 0.   , 0.947, 0.   , 0.   , 0.   ]))]
Frame: 1950000, Avg. RL Loss: 0.016, Avg. Q value: 0.079, Avg. Length: 544.4, P0 Avg. Reward: 0.011, P1 Avg. Reward: -0.011
Q table: 
 [[-1.261 -1.234 -1.21  -1.224 -1.318 -1.23 ]
 [-1.29  -1.266 -1.295 -1.235 -1.206 -1.269]
 [-1.335 -1.264 -1.269 -1.235 -1.292 -1.29 ]
 [-1.204 -1.266 -1.226 -1.273 -1.273 -1.293]
 [-1.27  -1.233 -1.175 -1.291 -1.296 -1.304]
 [-1.293 -1.263 -1.272 -1.288 -1.273 -1.297]]
Nash policies:  [(array([0.355, 0.425, 0.   , 0.221, 0.   , 0.   ]), array([0.314, 0.   , 0.   , 0.   , 0.237, 0.449]))]
Frame: 2100000, Avg. RL Loss: 0.016, Avg. Q value: 0.097, Avg. Length: 543.4, P0 Avg. Reward: 0.036, P1 Avg. Reward: -0.036
Q table: 
 [[0.985 1.001 0.984 0.973 0.978 0.978]
 [0.985 0.976 0.994 0.979 0.977 0.955]
 [0.959 0.949 0.97  0.978 1.001 0.979]
 [0.973 0.966 0.949 0.983 1.011 0.994]
 [0.981 0.964 0.971 1.014 1.004 0.987]
 [0.985 0.966 0.984 1.    0.999 0.997]]
Nash policies:  [(array([0.501, 0.069, 0.   , 0.   , 0.   , 0.429]), array([0.   , 0.103, 0.698, 0.   , 0.   , 0.198]))]
Frame: 2250000, Avg. RL Loss: 0.016, Avg. Q value: 0.061, Avg. Length: 543.2, P0 Avg. Reward: 0.066, P1 Avg. Reward: -0.066
Q table: 
 [[1.225 1.246 1.22  1.215 1.205 1.198]
 [1.184 1.218 1.178 1.209 1.248 1.226]
 [1.211 1.2   1.254 1.227 1.233 1.234]
 [1.189 1.196 1.228 1.184 1.208 1.252]
 [1.191 1.228 1.225 1.208 1.255 1.25 ]
 [1.248 1.209 1.228 1.231 1.263 1.248]]
Nash policies:  [(array([0.417, 0.   , 0.   , 0.   , 0.   , 0.583]), array([0.   , 0.299, 0.   , 0.701, 0.   , 0.   ]))]
Frame: 2400000, Avg. RL Loss: 0.015, Avg. Q value: 0.085, Avg. Length: 561.3, P0 Avg. Reward: 0.159, P1 Avg. Reward: -0.159
Q table: 
 [[-0.626 -0.623 -0.636 -0.634 -0.646 -0.642]
 [-0.631 -0.635 -0.646 -0.637 -0.642 -0.639]
 [-0.655 -0.641 -0.614 -0.64  -0.661 -0.627]
 [-0.676 -0.597 -0.629 -0.645 -0.674 -0.654]
 [-0.625 -0.636 -0.629 -0.664 -0.665 -0.669]
 [-0.652 -0.633 -0.646 -0.637 -0.648 -0.672]]