                          Options
                          seed: 1122
                          batch_size: 32
                          no_cuda: False
                          max_frames: 30000000
                          buffer_size: 100000
                          update_target: 1000
                          train_freq: 1
                          gamma: 0.99
                          eta: 0.1
                          rl_start: 10000
                          sl_start: 1000
                          hidden_dim: 512
                          dueling: False
                          multi_step: 1
                          env: SlimeVolleyNoFrameskip-v0
                          negative: False
                          load_model: None
                          save_model: model
                          evaluate: False
                          render: False
                          evaluation_interval: 10000
                          lr: 0.0001
                          max_tag_interval: 1000
                          eps_start: 1.0
                          eps_final: 0.01
                          eps_decay: 30000
                          cuda: True
                          device: cuda:0
Box(0, 1, (4, 84, 84), uint8) Discrete(6)
Frame: 10000, Avg. Reward: -4.859, Avg. RL Loss: nan, Avg. Length: 139.9
Frame: 20000, Avg. Reward: -4.826, Avg. RL Loss: 0.005, Avg. Length: 145.3
Frame: 30000, Avg. Reward: -4.877, Avg. RL Loss: 0.003, Avg. Length: 152.0
Frame: 40000, Avg. Reward: -4.939, Avg. RL Loss: 0.004, Avg. Length: 153.4
Frame: 50000, Avg. Reward: -4.857, Avg. RL Loss: 0.005, Avg. Length: 157.6
Frame: 60000, Avg. Reward: -4.938, Avg. RL Loss: 0.004, Avg. Length: 156.4
Frame: 70000, Avg. Reward: -4.803, Avg. RL Loss: 0.004, Avg. Length: 164.8
Frame: 80000, Avg. Reward: -4.763, Avg. RL Loss: 0.005, Avg. Length: 167.9
Frame: 90000, Avg. Reward: -4.921, Avg. RL Loss: 0.005, Avg. Length: 160.7
Frame: 100000, Avg. Reward: -4.754, Avg. RL Loss: 0.004, Avg. Length: 161.9
Frame: 110000, Avg. Reward: -4.803, Avg. RL Loss: 0.004, Avg. Length: 166.4
Frame: 120000, Avg. Reward: -4.776, Avg. RL Loss: 0.005, Avg. Length: 169.2
Frame: 130000, Avg. Reward: -4.806, Avg. RL Loss: 0.004, Avg. Length: 163.7
Frame: 140000, Avg. Reward: -4.783, Avg. RL Loss: 0.005, Avg. Length: 166.1
Frame: 150000, Avg. Reward: -4.797, Avg. RL Loss: 0.004, Avg. Length: 168.9
Frame: 160000, Avg. Reward: -4.762, Avg. RL Loss: 0.004, Avg. Length: 158.8
Frame: 170000, Avg. Reward: -4.803, Avg. RL Loss: 0.005, Avg. Length: 152.9
Frame: 180000, Avg. Reward: -4.821, Avg. RL Loss: 0.004, Avg. Length: 176.0
Frame: 190000, Avg. Reward: -4.855, Avg. RL Loss: 0.004, Avg. Length: 163.5
Frame: 200000, Avg. Reward: -4.867, Avg. RL Loss: 0.004, Avg. Length: 166.6
Frame: 210000, Avg. Reward: -4.803, Avg. RL Loss: 0.004, Avg. Length: 163.4
Frame: 220000, Avg. Reward: -4.869, Avg. RL Loss: 0.004, Avg. Length: 163.1
Frame: 230000, Avg. Reward: -4.685, Avg. RL Loss: 0.004, Avg. Length: 186.7
Frame: 240000, Avg. Reward: -4.684, Avg. RL Loss: 0.004, Avg. Length: 175.2
Frame: 250000, Avg. Reward: -4.869, Avg. RL Loss: 0.004, Avg. Length: 163.0
Frame: 260000, Avg. Reward: -4.817, Avg. RL Loss: 0.004, Avg. Length: 167.7
Frame: 270000, Avg. Reward: -4.814, Avg. RL Loss: 0.004, Avg. Length: 169.5
Frame: 280000, Avg. Reward: -4.862, Avg. RL Loss: 0.004, Avg. Length: 169.3
Frame: 290000, Avg. Reward: -4.847, Avg. RL Loss: 0.004, Avg. Length: 169.6
Frame: 300000, Avg. Reward: -4.810, Avg. RL Loss: 0.004, Avg. Length: 175.0
Frame: 310000, Avg. Reward: -4.741, Avg. RL Loss: 0.004, Avg. Length: 185.3
Frame: 320000, Avg. Reward: -4.690, Avg. RL Loss: 0.004, Avg. Length: 172.6
Frame: 330000, Avg. Reward: -4.786, Avg. RL Loss: 0.004, Avg. Length: 177.6
Frame: 340000, Avg. Reward: -4.814, Avg. RL Loss: 0.004, Avg. Length: 170.1
Frame: 350000, Avg. Reward: -4.796, Avg. RL Loss: 0.004, Avg. Length: 183.4
Frame: 360000, Avg. Reward: -4.768, Avg. RL Loss: 0.004, Avg. Length: 180.1
Frame: 370000, Avg. Reward: -4.673, Avg. RL Loss: 0.004, Avg. Length: 193.1
Frame: 380000, Avg. Reward: -4.811, Avg. RL Loss: 0.004, Avg. Length: 188.7
Frame: 390000, Avg. Reward: -4.852, Avg. RL Loss: 0.004, Avg. Length: 183.9
Frame: 400000, Avg. Reward: -4.873, Avg. RL Loss: 0.004, Avg. Length: 181.9
Frame: 410000, Avg. Reward: -4.755, Avg. RL Loss: 0.004, Avg. Length: 188.6
Frame: 420000, Avg. Reward: -4.632, Avg. RL Loss: 0.004, Avg. Length: 176.6
Frame: 430000, Avg. Reward: -4.877, Avg. RL Loss: 0.003, Avg. Length: 174.5
Frame: 440000, Avg. Reward: -4.772, Avg. RL Loss: 0.004, Avg. Length: 174.4
Frame: 450000, Avg. Reward: -4.868, Avg. RL Loss: 0.004, Avg. Length: 189.4
Frame: 460000, Avg. Reward: -4.912, Avg. RL Loss: 0.003, Avg. Length: 175.3
Frame: 470000, Avg. Reward: -4.724, Avg. RL Loss: 0.004, Avg. Length: 172.4
Frame: 480000, Avg. Reward: -4.904, Avg. RL Loss: 0.004, Avg. Length: 193.8
Frame: 490000, Avg. Reward: -4.706, Avg. RL Loss: 0.004, Avg. Length: 194.2
Frame: 500000, Avg. Reward: -4.815, Avg. RL Loss: 0.004, Avg. Length: 185.9
Frame: 510000, Avg. Reward: -4.873, Avg. RL Loss: 0.004, Avg. Length: 182.5
Frame: 520000, Avg. Reward: -4.769, Avg. RL Loss: 0.004, Avg. Length: 190.8
Frame: 530000, Avg. Reward: -4.596, Avg. RL Loss: 0.003, Avg. Length: 192.6
Frame: 540000, Avg. Reward: -4.741, Avg. RL Loss: 0.004, Avg. Length: 182.5
Frame: 550000, Avg. Reward: -4.842, Avg. RL Loss: 0.004, Avg. Length: 179.2
Frame: 560000, Avg. Reward: -4.830, Avg. RL Loss: 0.004, Avg. Length: 185.6
Frame: 570000, Avg. Reward: -4.821, Avg. RL Loss: 0.004, Avg. Length: 181.6
Frame: 580000, Avg. Reward: -4.745, Avg. RL Loss: 0.003, Avg. Length: 192.0
Frame: 590000, Avg. Reward: -4.759, Avg. RL Loss: 0.004, Avg. Length: 187.7
Frame: 600000, Avg. Reward: -4.731, Avg. RL Loss: 0.003, Avg. Length: 191.7
Frame: 610000, Avg. Reward: -4.800, Avg. RL Loss: 0.003, Avg. Length: 183.3
Frame: 620000, Avg. Reward: -4.774, Avg. RL Loss: 0.003, Avg. Length: 186.2
Frame: 630000, Avg. Reward: -4.778, Avg. RL Loss: 0.004, Avg. Length: 187.8
Frame: 640000, Avg. Reward: -4.852, Avg. RL Loss: 0.004, Avg. Length: 185.0
Frame: 650000, Avg. Reward: -4.833, Avg. RL Loss: 0.003, Avg. Length: 186.0
Frame: 660000, Avg. Reward: -4.804, Avg. RL Loss: 0.003, Avg. Length: 176.0
Frame: 670000, Avg. Reward: -4.825, Avg. RL Loss: 0.003, Avg. Length: 176.2
Frame: 680000, Avg. Reward: -4.983, Avg. RL Loss: 0.003, Avg. Length: 171.7
Frame: 690000, Avg. Reward: -4.855, Avg. RL Loss: 0.003, Avg. Length: 181.9
Frame: 700000, Avg. Reward: -4.833, Avg. RL Loss: 0.003, Avg. Length: 186.6
Frame: 710000, Avg. Reward: -4.815, Avg. RL Loss: 0.003, Avg. Length: 182.5
Frame: 720000, Avg. Reward: -4.786, Avg. RL Loss: 0.003, Avg. Length: 180.5
Frame: 730000, Avg. Reward: -4.745, Avg. RL Loss: 0.003, Avg. Length: 195.8
Frame: 740000, Avg. Reward: -4.818, Avg. RL Loss: 0.003, Avg. Length: 182.9
Frame: 750000, Avg. Reward: -4.673, Avg. RL Loss: 0.003, Avg. Length: 192.2
Frame: 760000, Avg. Reward: -4.745, Avg. RL Loss: 0.003, Avg. Length: 194.3
Frame: 770000, Avg. Reward: -4.746, Avg. RL Loss: 0.003, Avg. Length: 170.6
Frame: 780000, Avg. Reward: -4.712, Avg. RL Loss: 0.003, Avg. Length: 193.5
Frame: 790000, Avg. Reward: -4.807, Avg. RL Loss: 0.003, Avg. Length: 172.2
Frame: 800000, Avg. Reward: -4.796, Avg. RL Loss: 0.003, Avg. Length: 188.7
Frame: 810000, Avg. Reward: -4.792, Avg. RL Loss: 0.004, Avg. Length: 206.7
Frame: 820000, Avg. Reward: -4.764, Avg. RL Loss: 0.003, Avg. Length: 180.1
Frame: 830000, Avg. Reward: -4.864, Avg. RL Loss: 0.003, Avg. Length: 171.3
Frame: 840000, Avg. Reward: -4.808, Avg. RL Loss: 0.004, Avg. Length: 191.0
Frame: 850000, Avg. Reward: -4.808, Avg. RL Loss: 0.004, Avg. Length: 194.6
Frame: 860000, Avg. Reward: -4.808, Avg. RL Loss: 0.004, Avg. Length: 191.4
Frame: 870000, Avg. Reward: -4.769, Avg. RL Loss: 0.003, Avg. Length: 190.8
Frame: 880000, Avg. Reward: -4.788, Avg. RL Loss: 0.004, Avg. Length: 194.0
Frame: 890000, Avg. Reward: -4.768, Avg. RL Loss: 0.003, Avg. Length: 179.2
Frame: 900000, Avg. Reward: -4.836, Avg. RL Loss: 0.004, Avg. Length: 179.3
Frame: 910000, Avg. Reward: -4.732, Avg. RL Loss: 0.004, Avg. Length: 181.4
Frame: 920000, Avg. Reward: -4.800, Avg. RL Loss: 0.004, Avg. Length: 181.3
Frame: 930000, Avg. Reward: -4.873, Avg. RL Loss: 0.003, Avg. Length: 182.3
Frame: 940000, Avg. Reward: -4.833, Avg. RL Loss: 0.003, Avg. Length: 182.0
Frame: 950000, Avg. Reward: -4.815, Avg. RL Loss: 0.003, Avg. Length: 185.9
Frame: 960000, Avg. Reward: -4.873, Avg. RL Loss: 0.003, Avg. Length: 181.9
Frame: 970000, Avg. Reward: -4.796, Avg. RL Loss: 0.003, Avg. Length: 205.3
Frame: 980000, Avg. Reward: -4.868, Avg. RL Loss: 0.004, Avg. Length: 186.0
Frame: 990000, Avg. Reward: -4.745, Avg. RL Loss: 0.003, Avg. Length: 198.0
Frame: 1000000, Avg. Reward: -4.811, Avg. RL Loss: 0.003, Avg. Length: 189.3
Frame: 1010000, Avg. Reward: -4.741, Avg. RL Loss: 0.003, Avg. Length: 183.5
Frame: 1020000, Avg. Reward: -4.796, Avg. RL Loss: 0.003, Avg. Length: 187.5
Frame: 1030000, Avg. Reward: -4.784, Avg. RL Loss: 0.003, Avg. Length: 196.9
Frame: 1040000, Avg. Reward: -4.804, Avg. RL Loss: 0.003, Avg. Length: 195.4
Frame: 1050000, Avg. Reward: -4.821, Avg. RL Loss: 0.003, Avg. Length: 179.2
Frame: 1060000, Avg. Reward: -4.796, Avg. RL Loss: 0.003, Avg. Length: 181.7
Frame: 1070000, Avg. Reward: -4.660, Avg. RL Loss: 0.003, Avg. Length: 190.1
Frame: 1080000, Avg. Reward: -4.825, Avg. RL Loss: 0.003, Avg. Length: 174.0
Frame: 1090000, Avg. Reward: -4.796, Avg. RL Loss: 0.003, Avg. Length: 187.6
Frame: 1100000, Avg. Reward: -4.857, Avg. RL Loss: 0.003, Avg. Length: 177.7
Frame: 1110000, Avg. Reward: -4.815, Avg. RL Loss: 0.003, Avg. Length: 187.2
Frame: 1120000, Avg. Reward: -4.846, Avg. RL Loss: 0.003, Avg. Length: 192.1
Frame: 1130000, Avg. Reward: -4.909, Avg. RL Loss: 0.003, Avg. Length: 179.7
Frame: 1140000, Avg. Reward: -4.870, Avg. RL Loss: 0.003, Avg. Length: 183.1
Frame: 1150000, Avg. Reward: -4.736, Avg. RL Loss: 0.004, Avg. Length: 192.3
Frame: 1160000, Avg. Reward: -4.821, Avg. RL Loss: 0.003, Avg. Length: 177.8
Frame: 1170000, Avg. Reward: -4.736, Avg. RL Loss: 0.004, Avg. Length: 187.5
Frame: 1180000, Avg. Reward: -4.745, Avg. RL Loss: 0.004, Avg. Length: 194.4
Frame: 1190000, Avg. Reward: -4.760, Avg. RL Loss: 0.004, Avg. Length: 201.3
Frame: 1200000, Avg. Reward: -4.830, Avg. RL Loss: 0.003, Avg. Length: 189.5
Frame: 1210000, Avg. Reward: -4.778, Avg. RL Loss: 0.003, Avg. Length: 186.9
Frame: 1220000, Avg. Reward: -4.800, Avg. RL Loss: 0.004, Avg. Length: 198.2
Frame: 1230000, Avg. Reward: -4.784, Avg. RL Loss: 0.004, Avg. Length: 197.9
Frame: 1240000, Avg. Reward: -4.830, Avg. RL Loss: 0.004, Avg. Length: 188.7
Frame: 1250000, Avg. Reward: -4.776, Avg. RL Loss: 0.004, Avg. Length: 204.0
Frame: 1260000, Avg. Reward: -4.820, Avg. RL Loss: 0.004, Avg. Length: 195.7
Frame: 1270000, Avg. Reward: -4.863, Avg. RL Loss: 0.004, Avg. Length: 200.9
Frame: 1280000, Avg. Reward: -4.765, Avg. RL Loss: 0.004, Avg. Length: 194.7
Frame: 1290000, Avg. Reward: -4.836, Avg. RL Loss: 0.004, Avg. Length: 181.8
Frame: 1300000, Avg. Reward: -4.800, Avg. RL Loss: 0.003, Avg. Length: 182.9
Frame: 1310000, Avg. Reward: -4.760, Avg. RL Loss: 0.004, Avg. Length: 200.4
Frame: 1320000, Avg. Reward: -4.800, Avg. RL Loss: 0.003, Avg. Length: 195.9
Frame: 1330000, Avg. Reward: -4.714, Avg. RL Loss: 0.004, Avg. Length: 206.8
Frame: 1340000, Avg. Reward: -4.868, Avg. RL Loss: 0.004, Avg. Length: 188.3
Frame: 1350000, Avg. Reward: -4.800, Avg. RL Loss: 0.004, Avg. Length: 201.7
Frame: 1360000, Avg. Reward: -4.755, Avg. RL Loss: 0.003, Avg. Length: 204.0
Frame: 1370000, Avg. Reward: -4.863, Avg. RL Loss: 0.003, Avg. Length: 194.1
Frame: 1380000, Avg. Reward: -4.922, Avg. RL Loss: 0.004, Avg. Length: 195.0
Frame: 1390000, Avg. Reward: -4.755, Avg. RL Loss: 0.004, Avg. Length: 202.4
Frame: 1400000, Avg. Reward: -4.808, Avg. RL Loss: 0.004, Avg. Length: 196.1
Frame: 1410000, Avg. Reward: -4.750, Avg. RL Loss: 0.004, Avg. Length: 206.4
Frame: 1420000, Avg. Reward: -4.896, Avg. RL Loss: 0.004, Avg. Length: 208.0
Frame: 1430000, Avg. Reward: -4.688, Avg. RL Loss: 0.004, Avg. Length: 209.2
Frame: 1440000, Avg. Reward: -4.765, Avg. RL Loss: 0.004, Avg. Length: 197.7
Frame: 1450000, Avg. Reward: -4.739, Avg. RL Loss: 0.004, Avg. Length: 216.9
Frame: 1460000, Avg. Reward: -4.774, Avg. RL Loss: 0.004, Avg. Length: 186.7
Frame: 1470000, Avg. Reward: -4.731, Avg. RL Loss: 0.003, Avg. Length: 192.7
Frame: 1480000, Avg. Reward: -4.840, Avg. RL Loss: 0.004, Avg. Length: 199.9
Frame: 1490000, Avg. Reward: -4.771, Avg. RL Loss: 0.003, Avg. Length: 209.5
Frame: 1500000, Avg. Reward: -4.792, Avg. RL Loss: 0.004, Avg. Length: 189.9
Frame: 1510000, Avg. Reward: -4.800, Avg. RL Loss: 0.004, Avg. Length: 199.8
Frame: 1520000, Avg. Reward: -4.882, Avg. RL Loss: 0.004, Avg. Length: 196.8
Frame: 1530000, Avg. Reward: -4.833, Avg. RL Loss: 0.004, Avg. Length: 206.3
Frame: 1540000, Avg. Reward: -4.583, Avg. RL Loss: 0.004, Avg. Length: 207.2
Frame: 1550000, Avg. Reward: -4.894, Avg. RL Loss: 0.004, Avg. Length: 216.2
Frame: 1560000, Avg. Reward: -4.708, Avg. RL Loss: 0.003, Avg. Length: 208.2
Frame: 1570000, Avg. Reward: -4.804, Avg. RL Loss: 0.003, Avg. Length: 215.1
Frame: 1580000, Avg. Reward: -4.800, Avg. RL Loss: 0.004, Avg. Length: 220.9
Frame: 1590000, Avg. Reward: -4.773, Avg. RL Loss: 0.003, Avg. Length: 228.3
Frame: 1600000, Avg. Reward: -4.804, Avg. RL Loss: 0.003, Avg. Length: 217.9
Frame: 1610000, Avg. Reward: -4.804, Avg. RL Loss: 0.003, Avg. Length: 218.3
Frame: 1620000, Avg. Reward: -4.804, Avg. RL Loss: 0.004, Avg. Length: 217.7
Frame: 1630000, Avg. Reward: -4.841, Avg. RL Loss: 0.003, Avg. Length: 227.8
Frame: 1640000, Avg. Reward: -4.896, Avg. RL Loss: 0.004, Avg. Length: 208.8
Frame: 1650000, Avg. Reward: -4.773, Avg. RL Loss: 0.003, Avg. Length: 225.3
Frame: 1660000, Avg. Reward: -4.840, Avg. RL Loss: 0.003, Avg. Length: 198.6
Frame: 1670000, Avg. Reward: -4.750, Avg. RL Loss: 0.003, Avg. Length: 230.6
Frame: 1680000, Avg. Reward: -4.837, Avg. RL Loss: 0.003, Avg. Length: 202.6
Frame: 1690000, Avg. Reward: -4.867, Avg. RL Loss: 0.003, Avg. Length: 220.3
Frame: 1700000, Avg. Reward: -4.851, Avg. RL Loss: 0.003, Avg. Length: 213.8
Frame: 1710000, Avg. Reward: -4.776, Avg. RL Loss: 0.003, Avg. Length: 206.5
Frame: 1720000, Avg. Reward: -4.766, Avg. RL Loss: 0.003, Avg. Length: 211.1
Frame: 1730000, Avg. Reward: -4.870, Avg. RL Loss: 0.003, Avg. Length: 218.6
Frame: 1740000, Avg. Reward: -4.841, Avg. RL Loss: 0.003, Avg. Length: 224.5
Frame: 1750000, Avg. Reward: -4.780, Avg. RL Loss: 0.003, Avg. Length: 245.9
Frame: 1760000, Avg. Reward: -4.739, Avg. RL Loss: 0.003, Avg. Length: 215.2
Frame: 1770000, Avg. Reward: -4.804, Avg. RL Loss: 0.004, Avg. Length: 216.5
Frame: 1780000, Avg. Reward: -4.854, Avg. RL Loss: 0.003, Avg. Length: 209.0
Frame: 1790000, Avg. Reward: -4.809, Avg. RL Loss: 0.003, Avg. Length: 216.5
Frame: 1800000, Avg. Reward: -4.804, Avg. RL Loss: 0.003, Avg. Length: 213.6
Frame: 1810000, Avg. Reward: -4.780, Avg. RL Loss: 0.003, Avg. Length: 244.3
Frame: 1820000, Avg. Reward: -4.780, Avg. RL Loss: 0.003, Avg. Length: 202.2
Frame: 1830000, Avg. Reward: -4.933, Avg. RL Loss: 0.003, Avg. Length: 223.0
Frame: 1840000, Avg. Reward: -4.809, Avg. RL Loss: 0.003, Avg. Length: 209.7
Frame: 1850000, Avg. Reward: -4.721, Avg. RL Loss: 0.003, Avg. Length: 233.8
Frame: 1860000, Avg. Reward: -4.800, Avg. RL Loss: 0.003, Avg. Length: 224.5
Frame: 1870000, Avg. Reward: -4.771, Avg. RL Loss: 0.003, Avg. Length: 205.3
Frame: 1880000, Avg. Reward: -4.727, Avg. RL Loss: 0.003, Avg. Length: 228.8
Frame: 1890000, Avg. Reward: -4.773, Avg. RL Loss: 0.003, Avg. Length: 228.1
Frame: 1900000, Avg. Reward: -4.884, Avg. RL Loss: 0.003, Avg. Length: 233.0
Frame: 1910000, Avg. Reward: -4.894, Avg. RL Loss: 0.003, Avg. Length: 212.1
Frame: 1920000, Avg. Reward: -4.739, Avg. RL Loss: 0.003, Avg. Length: 216.9
Frame: 1930000, Avg. Reward: -4.714, Avg. RL Loss: 0.003, Avg. Length: 239.7
Frame: 1940000, Avg. Reward: -4.721, Avg. RL Loss: 0.003, Avg. Length: 231.6
Frame: 1950000, Avg. Reward: -4.659, Avg. RL Loss: 0.003, Avg. Length: 241.5
Frame: 1960000, Avg. Reward: -4.732, Avg. RL Loss: 0.003, Avg. Length: 244.6
Frame: 1970000, Avg. Reward: -4.732, Avg. RL Loss: 0.003, Avg. Length: 242.6
Frame: 1980000, Avg. Reward: -4.690, Avg. RL Loss: 0.003, Avg. Length: 241.8
Frame: 1990000, Avg. Reward: -4.909, Avg. RL Loss: 0.003, Avg. Length: 224.5
Frame: 2000000, Avg. Reward: -4.690, Avg. RL Loss: 0.003, Avg. Length: 235.2
Frame: 2010000, Avg. Reward: -4.857, Avg. RL Loss: 0.003, Avg. Length: 243.0
Frame: 2020000, Avg. Reward: -4.756, Avg. RL Loss: 0.003, Avg. Length: 245.3
Frame: 2030000, Avg. Reward: -4.818, Avg. RL Loss: 0.003, Avg. Length: 223.5
Frame: 2040000, Avg. Reward: -4.789, Avg. RL Loss: 0.004, Avg. Length: 267.6
Frame: 2050000, Avg. Reward: -4.692, Avg. RL Loss: 0.003, Avg. Length: 250.4
Frame: 2060000, Avg. Reward: -4.727, Avg. RL Loss: 0.003, Avg. Length: 229.3
Frame: 2070000, Avg. Reward: -4.829, Avg. RL Loss: 0.003, Avg. Length: 243.9
Frame: 2080000, Avg. Reward: -4.639, Avg. RL Loss: 0.004, Avg. Length: 277.0
Frame: 2090000, Avg. Reward: -4.800, Avg. RL Loss: 0.003, Avg. Length: 283.8
Frame: 2100000, Avg. Reward: -4.762, Avg. RL Loss: 0.003, Avg. Length: 243.5
Frame: 2110000, Avg. Reward: -4.750, Avg. RL Loss: 0.003, Avg. Length: 244.7
Frame: 2120000, Avg. Reward: -4.805, Avg. RL Loss: 0.003, Avg. Length: 248.3
Frame: 2130000, Avg. Reward: -4.833, Avg. RL Loss: 0.003, Avg. Length: 235.9
Frame: 2140000, Avg. Reward: -4.700, Avg. RL Loss: 0.004, Avg. Length: 248.3
Frame: 2150000, Avg. Reward: -4.739, Avg. RL Loss: 0.003, Avg. Length: 220.3
Frame: 2160000, Avg. Reward: -4.756, Avg. RL Loss: 0.004, Avg. Length: 242.9
Frame: 2170000, Avg. Reward: -4.833, Avg. RL Loss: 0.004, Avg. Length: 237.1
Frame: 2180000, Avg. Reward: -4.868, Avg. RL Loss: 0.004, Avg. Length: 265.1
Frame: 2190000, Avg. Reward: -4.737, Avg. RL Loss: 0.003, Avg. Length: 261.2
Frame: 2200000, Avg. Reward: -4.744, Avg. RL Loss: 0.003, Avg. Length: 229.7
Frame: 2210000, Avg. Reward: -4.750, Avg. RL Loss: 0.003, Avg. Length: 232.9
Frame: 2220000, Avg. Reward: -4.714, Avg. RL Loss: 0.003, Avg. Length: 237.3
Frame: 2230000, Avg. Reward: -4.684, Avg. RL Loss: 0.004, Avg. Length: 263.2
Frame: 2240000, Avg. Reward: -4.634, Avg. RL Loss: 0.004, Avg. Length: 244.5
Frame: 2250000, Avg. Reward: -4.800, Avg. RL Loss: 0.004, Avg. Length: 249.8
Frame: 2260000, Avg. Reward: -4.595, Avg. RL Loss: 0.004, Avg. Length: 237.7
Frame: 2270000, Avg. Reward: -4.611, Avg. RL Loss: 0.004, Avg. Length: 278.9
Frame: 2280000, Avg. Reward: -4.784, Avg. RL Loss: 0.004, Avg. Length: 270.0
Frame: 2290000, Avg. Reward: -4.550, Avg. RL Loss: 0.004, Avg. Length: 250.6
Frame: 2300000, Avg. Reward: -4.800, Avg. RL Loss: 0.004, Avg. Length: 249.8
Frame: 2310000, Avg. Reward: -4.690, Avg. RL Loss: 0.003, Avg. Length: 237.7
Frame: 2320000, Avg. Reward: -4.684, Avg. RL Loss: 0.004, Avg. Length: 261.0
Frame: 2330000, Avg. Reward: -4.690, Avg. RL Loss: 0.004, Avg. Length: 239.7
Frame: 2340000, Avg. Reward: -4.837, Avg. RL Loss: 0.003, Avg. Length: 230.2
Frame: 2350000, Avg. Reward: -4.811, Avg. RL Loss: 0.003, Avg. Length: 271.8
Frame: 2360000, Avg. Reward: -4.703, Avg. RL Loss: 0.003, Avg. Length: 272.9
Frame: 2370000, Avg. Reward: -4.865, Avg. RL Loss: 0.004, Avg. Length: 263.7
Frame: 2380000, Avg. Reward: -4.829, Avg. RL Loss: 0.003, Avg. Length: 249.1
Frame: 2390000, Avg. Reward: -4.744, Avg. RL Loss: 0.003, Avg. Length: 252.0
Frame: 2400000, Avg. Reward: -4.718, Avg. RL Loss: 0.003, Avg. Length: 254.3
Frame: 2410000, Avg. Reward: -4.658, Avg. RL Loss: 0.003, Avg. Length: 264.3
Frame: 2420000, Avg. Reward: -4.821, Avg. RL Loss: 0.003, Avg. Length: 256.8
Frame: 2430000, Avg. Reward: -4.722, Avg. RL Loss: 0.004, Avg. Length: 281.8
Frame: 2440000, Avg. Reward: -4.730, Avg. RL Loss: 0.003, Avg. Length: 271.5
Frame: 2450000, Avg. Reward: -4.805, Avg. RL Loss: 0.003, Avg. Length: 241.6
Frame: 2460000, Avg. Reward: -4.667, Avg. RL Loss: 0.003, Avg. Length: 281.3
Frame: 2470000, Avg. Reward: -4.697, Avg. RL Loss: 0.003, Avg. Length: 296.3
Frame: 2480000, Avg. Reward: -4.600, Avg. RL Loss: 0.003, Avg. Length: 252.6
Frame: 2490000, Avg. Reward: -4.683, Avg. RL Loss: 0.003, Avg. Length: 244.7
Frame: 2500000, Avg. Reward: -4.718, Avg. RL Loss: 0.003, Avg. Length: 253.8
Frame: 2510000, Avg. Reward: -4.758, Avg. RL Loss: 0.003, Avg. Length: 299.3
Frame: 2520000, Avg. Reward: -4.485, Avg. RL Loss: 0.003, Avg. Length: 311.7
Frame: 2530000, Avg. Reward: -4.730, Avg. RL Loss: 0.003, Avg. Length: 268.9
Frame: 2540000, Avg. Reward: -4.784, Avg. RL Loss: 0.003, Avg. Length: 270.8
Frame: 2550000, Avg. Reward: -4.744, Avg. RL Loss: 0.003, Avg. Length: 253.3
Frame: 2560000, Avg. Reward: -4.769, Avg. RL Loss: 0.003, Avg. Length: 256.9
Frame: 2570000, Avg. Reward: -4.694, Avg. RL Loss: 0.003, Avg. Length: 279.4
Frame: 2580000, Avg. Reward: -4.548, Avg. RL Loss: 0.004, Avg. Length: 323.0
Frame: 2590000, Avg. Reward: -4.771, Avg. RL Loss: 0.003, Avg. Length: 282.5
Frame: 2600000, Avg. Reward: -4.471, Avg. RL Loss: 0.003, Avg. Length: 293.9
Frame: 2610000, Avg. Reward: -4.615, Avg. RL Loss: 0.004, Avg. Length: 260.3
Frame: 2620000, Avg. Reward: -4.842, Avg. RL Loss: 0.004, Avg. Length: 259.9
Frame: 2630000, Avg. Reward: -4.833, Avg. RL Loss: 0.004, Avg. Length: 278.1
Frame: 2640000, Avg. Reward: -4.686, Avg. RL Loss: 0.004, Avg. Length: 284.1
Frame: 2650000, Avg. Reward: -4.703, Avg. RL Loss: 0.004, Avg. Length: 275.0
Frame: 2660000, Avg. Reward: -4.528, Avg. RL Loss: 0.003, Avg. Length: 277.6
Frame: 2670000, Avg. Reward: -4.400, Avg. RL Loss: 0.003, Avg. Length: 332.0
Frame: 2680000, Avg. Reward: -4.559, Avg. RL Loss: 0.003, Avg. Length: 290.9
Frame: 2690000, Avg. Reward: -4.763, Avg. RL Loss: 0.004, Avg. Length: 264.3
Frame: 2700000, Avg. Reward: -4.722, Avg. RL Loss: 0.003, Avg. Length: 280.5
Frame: 2710000, Avg. Reward: -4.758, Avg. RL Loss: 0.004, Avg. Length: 293.8
Frame: 2720000, Avg. Reward: -4.765, Avg. RL Loss: 0.003, Avg. Length: 301.4
Frame: 2730000, Avg. Reward: -4.800, Avg. RL Loss: 0.004, Avg. Length: 277.6
Frame: 2740000, Avg. Reward: -4.636, Avg. RL Loss: 0.004, Avg. Length: 312.7
Frame: 2750000, Avg. Reward: -4.697, Avg. RL Loss: 0.004, Avg. Length: 302.3
Frame: 2760000, Avg. Reward: -4.622, Avg. RL Loss: 0.004, Avg. Length: 270.0
Frame: 2770000, Avg. Reward: -4.710, Avg. RL Loss: 0.004, Avg. Length: 316.9
Frame: 2780000, Avg. Reward: -4.800, Avg. RL Loss: 0.003, Avg. Length: 286.2
Frame: 2790000, Avg. Reward: -4.738, Avg. RL Loss: 0.003, Avg. Length: 243.6
Frame: 2800000, Avg. Reward: -4.844, Avg. RL Loss: 0.003, Avg. Length: 310.8
Frame: 2810000, Avg. Reward: -4.719, Avg. RL Loss: 0.003, Avg. Length: 303.9
Frame: 2820000, Avg. Reward: -4.667, Avg. RL Loss: 0.003, Avg. Length: 339.7
Frame: 2830000, Avg. Reward: -4.750, Avg. RL Loss: 0.003, Avg. Length: 280.1
Frame: 2840000, Avg. Reward: -4.600, Avg. RL Loss: 0.003, Avg. Length: 284.9
Frame: 2850000, Avg. Reward: -4.800, Avg. RL Loss: 0.003, Avg. Length: 286.8
Frame: 2860000, Avg. Reward: -4.833, Avg. RL Loss: 0.003, Avg. Length: 278.0
Frame: 2870000, Avg. Reward: -4.645, Avg. RL Loss: 0.003, Avg. Length: 323.4
Frame: 2880000, Avg. Reward: -4.677, Avg. RL Loss: 0.003, Avg. Length: 323.3
Frame: 2890000, Avg. Reward: -4.677, Avg. RL Loss: 0.004, Avg. Length: 319.0
Frame: 2900000, Avg. Reward: -4.722, Avg. RL Loss: 0.004, Avg. Length: 281.4
Frame: 2910000, Avg. Reward: -4.750, Avg. RL Loss: 0.004, Avg. Length: 267.9
Frame: 2920000, Avg. Reward: -4.657, Avg. RL Loss: 0.003, Avg. Length: 292.5
Frame: 2930000, Avg. Reward: -4.758, Avg. RL Loss: 0.004, Avg. Length: 303.9
Frame: 2940000, Avg. Reward: -4.576, Avg. RL Loss: 0.004, Avg. Length: 305.5
Frame: 2950000, Avg. Reward: -4.719, Avg. RL Loss: 0.004, Avg. Length: 309.0
Frame: 2960000, Avg. Reward: -4.576, Avg. RL Loss: 0.004, Avg. Length: 298.2
Frame: 2970000, Avg. Reward: -4.625, Avg. RL Loss: 0.004, Avg. Length: 310.5
Frame: 2980000, Avg. Reward: -4.688, Avg. RL Loss: 0.003, Avg. Length: 317.3
Frame: 2990000, Avg. Reward: -4.657, Avg. RL Loss: 0.003, Avg. Length: 284.3
Frame: 3000000, Avg. Reward: -4.618, Avg. RL Loss: 0.004, Avg. Length: 298.5
Frame: 3010000, Avg. Reward: -4.688, Avg. RL Loss: 0.004, Avg. Length: 300.6
Frame: 3020000, Avg. Reward: -4.606, Avg. RL Loss: 0.004, Avg. Length: 310.4
Frame: 3030000, Avg. Reward: -4.732, Avg. RL Loss: 0.004, Avg. Length: 245.9
Frame: 3040000, Avg. Reward: -4.774, Avg. RL Loss: 0.004, Avg. Length: 323.3
Frame: 3050000, Avg. Reward: -4.548, Avg. RL Loss: 0.004, Avg. Length: 325.0
Frame: 3060000, Avg. Reward: -4.517, Avg. RL Loss: 0.004, Avg. Length: 341.2