Cannot import pettingzoo env:  pong_v2
                          Options
                          seed: 1122
                          batch_size: 1024
                          no_cuda: False
                          training_id: 0
                          max_frames: 500000000
                          buffer_size: 100000
                          update_target: 1000
                          train_freq: 100
                          gamma: 0.99
                          eta: 0.1
                          rl_start: 10000
                          sl_start: 1000
                          num_envs: 5
                          hidden_dim: 256
                          dueling: False
                          multi_step: 1
                          cce: False
                          env: SlimeVolley-v0
                          ram: False
                          negative: False
                          against_baseline: False
                          load_model: 0
                          save_model: 20210708_0339
                          evaluate: False
                          render: False
                          evaluation_interval: 100000
                          lr: 0.0001
                          max_tag_interval: 10000
                          eps_start: 1.0
                          eps_final: 0.01
                          eps_decay: 1000000
                          cuda: True
                          device: cuda:0
[Box(-3.4028234663852886e+38, 3.4028234663852886e+38, (12,), float32), Box(-3.4028234663852886e+38, 3.4028234663852886e+38, (12,), float32), Box(-3.4028234663852886e+38, 3.4028234663852886e+38, (12,), float32), Box(-3.4028234663852886e+38, 3.4028234663852886e+38, (12,), float32), Box(-3.4028234663852886e+38, 3.4028234663852886e+38, (12,), float32)] [Discrete(6), Discrete(6), Discrete(6), Discrete(6), Discrete(6)]
(12,)
(12,)
Frame: 500000, Avg. RL Loss: 0.009, Avg. Q value: 0.008, Avg. Length: 498.4, P0 Avg. Reward: 0.070, P1 Avg. Reward: -0.070
Q table: 
 [[-0.318 -0.312 -0.301 -0.322 -0.314 -0.312]
 [-0.321 -0.307 -0.287 -0.308 -0.309 -0.311]
 [-0.32  -0.31  -0.316 -0.309 -0.314 -0.31 ]
 [-0.305 -0.309 -0.316 -0.333 -0.279 -0.317]
 [-0.336 -0.314 -0.304 -0.328 -0.325 -0.298]
 [-0.304 -0.344 -0.304 -0.32  -0.308 -0.303]]
Nash policies:  [(array([0.   , 0.627, 0.   , 0.177, 0.   , 0.195]), array([0.542, 0.141, 0.   , 0.317, 0.   , 0.   ]))]
Frame: 1000000, Avg. RL Loss: 0.011, Avg. Q value: 0.044, Avg. Length: 502.4, P0 Avg. Reward: 0.047, P1 Avg. Reward: -0.047
Q table: 
 [[-0.393 -0.392 -0.386 -0.416 -0.415 -0.409]
 [-0.399 -0.399 -0.385 -0.412 -0.4   -0.393]
 [-0.381 -0.399 -0.37  -0.387 -0.4   -0.402]
 [-0.393 -0.407 -0.374 -0.41  -0.404 -0.421]
 [-0.398 -0.398 -0.396 -0.403 -0.41  -0.387]
 [-0.405 -0.398 -0.418 -0.399 -0.395 -0.404]]
Nash policies:  [(array([0.   , 0.374, 0.409, 0.   , 0.   , 0.217]), array([0.   , 0.   , 0.   , 0.149, 0.464, 0.387]))]
Frame: 1500000, Avg. RL Loss: 0.014, Avg. Q value: -0.028, Avg. Length: 499.1, P0 Avg. Reward: 0.027, P1 Avg. Reward: -0.027
Q table: 
 [[-0.679 -0.656 -0.671 -0.658 -0.67  -0.703]
 [-0.655 -0.679 -0.67  -0.68  -0.666 -0.655]
 [-0.678 -0.689 -0.66  -0.673 -0.687 -0.665]
 [-0.675 -0.676 -0.658 -0.68  -0.678 -0.701]
 [-0.69  -0.683 -0.691 -0.654 -0.673 -0.679]
 [-0.692 -0.687 -0.717 -0.683 -0.68  -0.672]]
Nash policies:  [(array([0.328, 0.63 , 0.   , 0.   , 0.042, 0.   ]), array([0.   , 0.338, 0.   , 0.346, 0.   , 0.316]))]
Frame: 2000000, Avg. RL Loss: 0.017, Avg. Q value: -0.126, Avg. Length: 493.2, P0 Avg. Reward: -0.002, P1 Avg. Reward: 0.002
Q table: 
 [[1.22  1.239 1.264 1.274 1.223 1.236]
 [1.304 1.274 1.188 1.285 1.26  1.2  ]
 [1.26  1.248 1.275 1.269 1.293 1.237]
 [1.267 1.32  1.276 1.275 1.255 1.261]
 [1.279 1.322 1.257 1.284 1.263 1.252]
 [1.247 1.212 1.254 1.246 1.243 1.236]]
Nash policies:  [(array([0.   , 0.   , 0.099, 0.901, 0.   , 0.   ]), array([0.  , 0.  , 0.  , 0.  , 0.38, 0.62]))]
Frame: 2500000, Avg. RL Loss: 0.015, Avg. Q value: -0.013, Avg. Length: 503.0, P0 Avg. Reward: 0.117, P1 Avg. Reward: -0.117
Q table: 
 [[-0.67  -0.664 -0.692 -0.691 -0.689 -0.679]
 [-0.699 -0.707 -0.69  -0.702 -0.696 -0.681]
 [-0.676 -0.671 -0.693 -0.696 -0.694 -0.709]
 [-0.709 -0.691 -0.681 -0.69  -0.685 -0.696]
 [-0.695 -0.692 -0.673 -0.671 -0.701 -0.689]
 [-0.682 -0.683 -0.668 -0.684 -0.706 -0.685]]
Nash policies:  [(array([0.479, 0.   , 0.   , 0.423, 0.098, 0.   ]), array([0.071, 0.   , 0.   , 0.395, 0.534, 0.   ]))]
Frame: 3000000, Avg. RL Loss: 0.016, Avg. Q value: -0.055, Avg. Length: 507.4, P0 Avg. Reward: 0.116, P1 Avg. Reward: -0.116
Q table: 
 [[1.128 1.139 1.15  1.168 1.172 1.156]
 [1.19  1.184 1.167 1.137 1.174 1.144]
 [1.169 1.183 1.176 1.179 1.206 1.174]
 [1.193 1.215 1.189 1.179 1.126 1.147]
 [1.14  1.238 1.23  1.207 1.215 1.152]
 [1.177 1.147 1.19  1.181 1.201 1.161]]
Nash policies:  [(array([0.   , 0.   , 0.906, 0.094, 0.   , 0.   ]), array([0.538, 0.   , 0.   , 0.   , 0.   , 0.462]))]
Frame: 3500000, Avg. RL Loss: 0.017, Avg. Q value: -0.054, Avg. Length: 507.1, P0 Avg. Reward: 0.166, P1 Avg. Reward: -0.166
Q table: 
 [[-0.943 -0.989 -0.956 -0.981 -0.953 -0.931]
 [-0.93  -0.972 -0.936 -0.935 -0.963 -0.976]
 [-0.923 -0.953 -0.972 -0.93  -0.947 -0.928]
 [-0.963 -0.936 -0.915 -0.966 -0.964 -0.924]
 [-0.914 -0.948 -0.947 -0.951 -0.956 -0.974]
 [-0.959 -0.925 -0.95  -0.945 -0.956 -0.962]]
Nash policies:  [(array([0.   , 0.   , 0.666, 0.334, 0.   , 0.   ]), array([0.   , 0.   , 0.233, 0.   , 0.767, 0.   ]))]
Frame: 4000000, Avg. RL Loss: 0.017, Avg. Q value: 0.039, Avg. Length: 519.4, P0 Avg. Reward: 0.197, P1 Avg. Reward: -0.197
Q table: 
 [[1.063 1.059 1.08  1.061 1.044 1.097]
 [1.058 1.075 1.099 1.089 1.064 1.08 ]
 [1.058 1.062 1.069 1.076 1.064 1.082]
 [1.048 1.076 1.053 1.065 1.074 1.066]
 [1.081 1.066 1.047 1.083 1.041 1.07 ]
 [1.064 1.048 1.08  1.062 1.037 1.064]]
Nash policies:  [(array([0.   , 0.218, 0.   , 0.455, 0.327, 0.   ]), array([0.501, 0.   , 0.016, 0.   , 0.483, 0.   ]))]
Frame: 4500000, Avg. RL Loss: 0.017, Avg. Q value: 0.075, Avg. Length: 503.6, P0 Avg. Reward: 0.187, P1 Avg. Reward: -0.187
Q table: 
 [[-0.763 -0.779 -0.78  -0.746 -0.769 -0.754]
 [-0.761 -0.756 -0.757 -0.773 -0.778 -0.783]
 [-0.779 -0.763 -0.767 -0.77  -0.767 -0.768]
 [-0.746 -0.774 -0.797 -0.772 -0.761 -0.765]
 [-0.759 -0.756 -0.74  -0.768 -0.765 -0.762]
 [-0.765 -0.75  -0.764 -0.768 -0.761 -0.769]]
Nash policies:  [(array([0.22 , 0.   , 0.   , 0.069, 0.247, 0.464]), array([0.   , 0.   , 0.03 , 0.095, 0.648, 0.226]))]
Frame: 5000000, Avg. RL Loss: 0.017, Avg. Q value: 0.098, Avg. Length: 514.6, P0 Avg. Reward: 0.131, P1 Avg. Reward: -0.131
Q table: 
 [[-1.006 -1.046 -1.04  -1.051 -1.021 -1.054]
 [-1.02  -1.031 -1.029 -1.016 -1.039 -1.052]
 [-1.014 -1.035 -1.036 -1.022 -1.046 -1.   ]
 [-1.042 -1.018 -1.026 -1.069 -1.059 -1.039]
 [-1.033 -1.006 -1.021 -1.017 -1.058 -1.025]
 [-1.006 -1.088 -1.038 -1.014 -1.047 -1.029]]
Nash policies:  [(array([0.506, 0.069, 0.243, 0.   , 0.182, 0.   ]), array([0.   , 0.265, 0.   , 0.14 , 0.493, 0.102]))]
Frame: 5500000, Avg. RL Loss: 0.018, Avg. Q value: 0.132, Avg. Length: 531.8, P0 Avg. Reward: 0.249, P1 Avg. Reward: -0.249
Q table: 
 [[-1.875 -1.778 -1.889 -1.922 -1.815 -1.857]
 [-1.781 -1.803 -1.853 -1.957 -1.887 -1.835]
 [-1.833 -1.803 -1.834 -1.768 -1.812 -1.834]
 [-1.822 -1.784 -1.857 -1.815 -1.826 -1.869]
 [-1.853 -1.823 -1.781 -1.827 -1.89  -1.867]
 [-1.883 -1.829 -1.878 -1.86  -1.85  -1.847]]
Nash policies:  [(array([0., 0., 1., 0., 0., 0.]), array([0., 0., 0., 0., 0., 1.]))]
Frame: 6000000, Avg. RL Loss: 0.018, Avg. Q value: 0.103, Avg. Length: 520.9, P0 Avg. Reward: 0.127, P1 Avg. Reward: -0.127
Q table: 
 [[-1.104 -1.133 -1.149 -1.099 -1.164 -1.159]
 [-1.194 -1.135 -1.125 -1.134 -1.156 -1.202]
 [-1.144 -1.194 -1.159 -1.148 -1.178 -1.147]
 [-1.131 -1.165 -1.18  -1.137 -1.133 -1.176]
 [-1.113 -1.158 -1.049 -1.128 -1.16  -1.152]
 [-1.108 -1.136 -1.078 -1.095 -1.16  -1.127]]
Nash policies:  [(array([0.   , 0.011, 0.   , 0.419, 0.   , 0.57 ]), array([0.   , 0.445, 0.   , 0.   , 0.525, 0.029]))]
Frame: 6500000, Avg. RL Loss: 0.018, Avg. Q value: 0.097, Avg. Length: 521.2, P0 Avg. Reward: 0.212, P1 Avg. Reward: -0.212
Q table: 
 [[-0.851 -0.899 -0.896 -0.876 -0.916 -0.881]
 [-0.869 -0.909 -0.891 -0.858 -0.913 -0.878]
 [-0.875 -0.873 -0.881 -0.943 -0.876 -0.88 ]
 [-0.856 -0.863 -0.886 -0.878 -0.895 -0.899]
 [-0.887 -0.905 -0.885 -0.915 -0.909 -0.862]
 [-0.938 -0.888 -0.854 -0.901 -0.907 -0.875]]
Nash policies:  [(array([0.   , 0.115, 0.248, 0.637, 0.   , 0.   ]), array([0.   , 0.   , 0.   , 0.225, 0.534, 0.24 ]))]
Frame: 7000000, Avg. RL Loss: 0.018, Avg. Q value: 0.161, Avg. Length: 543.5, P0 Avg. Reward: 0.218, P1 Avg. Reward: -0.218
Q table: 
 [[1.55  1.536 1.585 1.565 1.537 1.551]
 [1.552 1.574 1.576 1.497 1.554 1.53 ]
 [1.541 1.612 1.583 1.551 1.525 1.537]
 [1.555 1.623 1.62  1.532 1.545 1.524]
 [1.574 1.58  1.646 1.54  1.538 1.542]
 [1.504 1.59  1.564 1.591 1.579 1.499]]
Nash policies:  [(array([0.665, 0.323, 0.   , 0.   , 0.   , 0.012]), array([0.   , 0.   , 0.   , 0.003, 0.549, 0.448]))]
Frame: 7500000, Avg. RL Loss: 0.018, Avg. Q value: 0.160, Avg. Length: 538.7, P0 Avg. Reward: 0.095, P1 Avg. Reward: -0.095
Q table: 
 [[1.054 1.073 1.044 1.053 1.062 1.053]
 [1.065 1.067 1.063 1.066 1.062 1.07 ]
 [1.061 1.07  1.06  1.074 1.048 1.053]
 [1.052 1.062 1.065 1.066 1.074 1.065]
 [1.055 1.053 1.053 1.084 1.07  1.04 ]
 [1.059 1.014 1.049 1.018 1.069 1.03 ]]
Nash policies:  [(array([0.   , 0.831, 0.   , 0.169, 0.   , 0.   ]), array([0.125, 0.   , 0.875, 0.   , 0.   , 0.   ]))]
Frame: 8000000, Avg. RL Loss: 0.018, Avg. Q value: 0.121, Avg. Length: 534.2, P0 Avg. Reward: 0.229, P1 Avg. Reward: -0.229
Q table: 
 [[1.105 1.117 1.127 1.135 1.143 1.106]
 [1.109 1.122 1.125 1.11  1.138 1.125]
 [1.093 1.137 1.113 1.121 1.087 1.117]
 [1.121 1.117 1.105 1.11  1.149 1.119]
 [1.123 1.111 1.09  1.118 1.15  1.087]
 [1.105 1.115 1.093 1.111 1.131 1.104]]
Nash policies:  [(array([0.188, 0.272, 0.   , 0.539, 0.   , 0.   ]), array([0.577, 0.   , 0.362, 0.061, 0.   , 0.   ]))]
Frame: 8500000, Avg. RL Loss: 0.019, Avg. Q value: 0.095, Avg. Length: 544.8, P0 Avg. Reward: 0.111, P1 Avg. Reward: -0.111
Q table: 
 [[-1.763 -1.73  -1.767 -1.763 -1.766 -1.748]
 [-1.714 -1.773 -1.716 -1.711 -1.769 -1.787]
 [-1.748 -1.731 -1.743 -1.71  -1.785 -1.749]
 [-1.745 -1.75  -1.755 -1.737 -1.754 -1.768]
 [-1.763 -1.71  -1.695 -1.774 -1.712 -1.713]
 [-1.749 -1.757 -1.66  -1.722 -1.73  -1.738]]
Nash policies:  [(array([0.   , 0.36 , 0.   , 0.   , 0.494, 0.146]), array([0.548, 0.   , 0.   , 0.045, 0.   , 0.407]))]
Frame: 9000000, Avg. RL Loss: 0.020, Avg. Q value: 0.090, Avg. Length: 546.7, P0 Avg. Reward: 0.058, P1 Avg. Reward: -0.058
Q table: 
 [[-0.698 -0.693 -0.689 -0.677 -0.634 -0.695]
 [-0.658 -0.639 -0.665 -0.681 -0.711 -0.671]
 [-0.643 -0.695 -0.693 -0.66  -0.664 -0.665]
 [-0.693 -0.668 -0.706 -0.68  -0.703 -0.679]
 [-0.695 -0.697 -0.721 -0.679 -0.671 -0.732]
 [-0.711 -0.7   -0.713 -0.716 -0.685 -0.677]]
Nash policies:  [(array([0.32 , 0.499, 0.181, 0.   , 0.   , 0.   ]), array([0.   , 0.   , 0.465, 0.   , 0.241, 0.293]))]
Frame: 9500000, Avg. RL Loss: 0.019, Avg. Q value: 0.139, Avg. Length: 571.2, P0 Avg. Reward: -0.014, P1 Avg. Reward: 0.014
Q table: 
 [[-0.993 -1.02  -1.01  -1.003 -1.018 -1.012]
 [-1.016 -1.005 -0.965 -0.988 -0.979 -1.017]
 [-1.03  -0.99  -0.992 -0.995 -0.982 -1.05 ]
 [-0.988 -1.04  -1.01  -1.014 -1.007 -1.012]
 [-1.016 -0.999 -0.994 -1.017 -1.014 -1.022]
 [-1.018 -1.001 -0.997 -1.012 -1.014 -1.007]]
Nash policies:  [(array([0.149, 0.115, 0.   , 0.141, 0.   , 0.596]), array([0.224, 0.138, 0.   , 0.   , 0.149, 0.489]))]
Frame: 10000000, Avg. RL Loss: 0.019, Avg. Q value: 0.096, Avg. Length: 543.3, P0 Avg. Reward: -0.125, P1 Avg. Reward: 0.125
Q table: 
 [[1.374 1.349 1.408 1.358 1.349 1.348]
 [1.382 1.378 1.388 1.401 1.403 1.402]
 [1.397 1.382 1.395 1.376 1.354 1.36 ]
 [1.353 1.423 1.376 1.388 1.402 1.375]
 [1.41  1.393 1.374 1.405 1.369 1.414]
 [1.379 1.399 1.391 1.366 1.361 1.39 ]]
Nash policies:  [(array([0.   , 0.515, 0.243, 0.109, 0.134, 0.   ]), array([0.231, 0.254, 0.373, 0.   , 0.142, 0.   ]))]
Frame: 10500000, Avg. RL Loss: 0.021, Avg. Q value: 0.138, Avg. Length: 549.3, P0 Avg. Reward: 0.041, P1 Avg. Reward: -0.041
Q table: 
 [[1.68  1.69  1.665 1.665 1.669 1.664]
 [1.677 1.691 1.698 1.689 1.686 1.668]
 [1.71  1.702 1.704 1.684 1.682 1.656]
 [1.692 1.699 1.739 1.695 1.668 1.666]
 [1.694 1.724 1.719 1.667 1.693 1.641]
 [1.661 1.646 1.68  1.68  1.691 1.653]]
Nash policies:  [(array([0., 1., 0., 0., 0., 0.]), array([0., 0., 0., 0., 0., 1.]))]
Frame: 11000000, Avg. RL Loss: 0.019, Avg. Q value: 0.095, Avg. Length: 566.8, P0 Avg. Reward: -0.145, P1 Avg. Reward: 0.145
Q table: 
 [[0.617 0.611 0.609 0.608 0.583 0.582]
 [0.604 0.594 0.586 0.611 0.592 0.611]
 [0.603 0.603 0.61  0.587 0.603 0.605]
 [0.593 0.615 0.6   0.602 0.581 0.603]
 [0.596 0.612 0.599 0.586 0.588 0.6  ]
 [0.599 0.592 0.612 0.616 0.585 0.564]]
Nash policies:  [(array([0.   , 0.465, 0.535, 0.   , 0.   , 0.   ]), array([0.   , 0.   , 0.   , 0.321, 0.679, 0.   ]))]
Frame: 11500000, Avg. RL Loss: 0.018, Avg. Q value: 0.103, Avg. Length: 570.8, P0 Avg. Reward: -0.055, P1 Avg. Reward: 0.055
Q table: 
 [[0.798 0.775 0.796 0.787 0.779 0.801]
 [0.799 0.787 0.784 0.791 0.79  0.802]
 [0.8   0.796 0.785 0.795 0.788 0.8  ]
 [0.795 0.794 0.798 0.789 0.789 0.8  ]
 [0.773 0.768 0.771 0.788 0.78  0.784]
 [0.788 0.792 0.777 0.785 0.792 0.781]]
Nash policies:  [(array([0.   , 0.436, 0.   , 0.459, 0.   , 0.105]), array([0.   , 0.   , 0.074, 0.167, 0.76 , 0.   ]))]
Frame: 12000000, Avg. RL Loss: 0.021, Avg. Q value: 0.059, Avg. Length: 568.2, P0 Avg. Reward: -0.223, P1 Avg. Reward: 0.223
Q table: 
 [[-0.739 -0.728 -0.752 -0.746 -0.769 -0.777]
 [-0.825 -0.739 -0.794 -0.769 -0.778 -0.787]
 [-0.794 -0.792 -0.808 -0.804 -0.778 -0.765]
 [-0.738 -0.736 -0.768 -0.768 -0.76  -0.758]
 [-0.767 -0.731 -0.753 -0.781 -0.757 -0.774]
 [-0.723 -0.755 -0.738 -0.729 -0.758 -0.76 ]]
Nash policies:  [(array([0.   , 0.   , 0.   , 0.478, 0.   , 0.522]), array([0.   , 0.   , 0.   , 0.   , 0.555, 0.445]))]
Frame: 12500000, Avg. RL Loss: 0.020, Avg. Q value: -0.098, Avg. Length: 599.4, P0 Avg. Reward: -0.485, P1 Avg. Reward: 0.485
Q table: 
 [[-0.652 -0.633 -0.643 -0.655 -0.661 -0.657]
 [-0.645 -0.618 -0.65  -0.645 -0.654 -0.652]
 [-0.635 -0.663 -0.652 -0.654 -0.668 -0.657]
 [-0.644 -0.656 -0.648 -0.64  -0.638 -0.659]
 [-0.65  -0.647 -0.654 -0.642 -0.645 -0.656]
 [-0.637 -0.654 -0.637 -0.638 -0.65  -0.665]]
Nash policies:  [(array([0.   , 0.891, 0.   , 0.109, 0.   , 0.   ]), array([0.   , 0.   , 0.   , 0.   , 0.306, 0.694]))]
Frame: 13000000, Avg. RL Loss: 0.021, Avg. Q value: 0.012, Avg. Length: 598.5, P0 Avg. Reward: -0.378, P1 Avg. Reward: 0.378
Q table: 
 [[-2.005 -2.026 -2.034 -1.988 -1.992 -1.999]
 [-2.007 -1.997 -2.027 -2.044 -1.978 -2.007]
 [-2.032 -2.024 -1.999 -2.003 -2.026 -2.026]
 [-1.906 -2.001 -1.99  -1.997 -2.064 -2.048]
 [-2.025 -2.059 -2.024 -2.009 -2.014 -1.997]
 [-1.991 -1.997 -1.998 -1.971 -1.996 -2.009]]
Nash policies:  [(array([0.183, 0.   , 0.   , 0.   , 0.068, 0.749]), array([0.   , 0.083, 0.152, 0.   , 0.   , 0.766]))]
Frame: 13500000, Avg. RL Loss: 0.024, Avg. Q value: 0.150, Avg. Length: 608.4, P0 Avg. Reward: -0.295, P1 Avg. Reward: 0.295
Q table: 
 [[1.815 1.81  1.83  1.82  1.875 1.819]
 [1.837 1.835 1.844 1.837 1.823 1.839]
 [1.83  1.842 1.836 1.858 1.843 1.839]
 [1.795 1.852 1.825 1.808 1.789 1.769]
 [1.808 1.806 1.833 1.804 1.85  1.827]
 [1.81  1.792 1.81  1.825 1.844 1.833]]
Nash policies:  [(array([0.   , 0.476, 0.524, 0.   , 0.   , 0.   ]), array([0.761, 0.   , 0.   , 0.   , 0.239, 0.   ]))]
Frame: 14000000, Avg. RL Loss: 0.028, Avg. Q value: 0.392, Avg. Length: 597.3, P0 Avg. Reward: -0.337, P1 Avg. Reward: 0.337
Q table: 
 [[-1.684 -1.654 -1.623 -1.692 -1.653 -1.662]
 [-1.643 -1.635 -1.672 -1.688 -1.688 -1.662]
 [-1.697 -1.66  -1.703 -1.639 -1.677 -1.664]
 [-1.631 -1.648 -1.677 -1.692 -1.681 -1.666]
 [-1.63  -1.61  -1.65  -1.694 -1.694 -1.684]
 [-1.669 -1.602 -1.657 -1.671 -1.667 -1.641]]
Nash policies:  [(array([0.   , 0.   , 0.114, 0.076, 0.   , 0.809]), array([0.313, 0.   , 0.   , 0.364, 0.322, 0.   ]))]
Frame: 14500000, Avg. RL Loss: 0.054, Avg. Q value: 1.327, Avg. Length: 575.3, P0 Avg. Reward: -0.199, P1 Avg. Reward: 0.199
Q table: 
 [[5.614 5.649 5.634 5.604 5.596 5.634]
 [5.618 5.632 5.723 5.632 5.632 5.606]
 [5.617 5.672 5.616 5.617 5.67  5.588]
 [5.597 5.672 5.609 5.647 5.62  5.585]
 [5.597 5.658 5.613 5.65  5.579 5.609]
 [5.574 5.629 5.592 5.595 5.588 5.566]]
Nash policies:  [(array([0.372, 0.628, 0.   , 0.   , 0.   , 0.   ]), array([0.882, 0.   , 0.   , 0.   , 0.   , 0.118]))]
Frame: 15000000, Avg. RL Loss: 0.036, Avg. Q value: 0.984, Avg. Length: 660.2, P0 Avg. Reward: -0.628, P1 Avg. Reward: 0.628
Q table: 
 [[1.937 1.895 1.896 1.89  1.935 1.898]
 [1.937 1.92  1.855 1.961 1.97  1.904]
 [1.929 1.895 1.875 1.908 1.89  1.874]
 [1.883 1.89  1.853 1.886 1.893 1.887]
 [1.866 1.884 1.874 1.895 1.917 1.875]
 [1.925 1.901 1.868 1.917 1.877 1.857]]
Nash policies:  [(array([0.952, 0.048, 0.   , 0.   , 0.   , 0.   ]), array([0.   , 0.   , 0.638, 0.362, 0.   , 0.   ]))]
Frame: 15500000, Avg. RL Loss: 0.027, Avg. Q value: -0.047, Avg. Length: 645.0, P0 Avg. Reward: -1.819, P1 Avg. Reward: 1.819
Q table: 
 [[0.759 0.717 0.715 0.694 0.646 0.691]
 [0.744 0.74  0.747 0.736 0.678 0.694]
 [0.76  0.726 0.766 0.761 0.687 0.677]
 [0.719 0.729 0.731 0.701 0.688 0.672]
 [0.743 0.723 0.723 0.682 0.666 0.662]
 [0.706 0.694 0.697 0.725 0.705 0.69 ]]
Nash policies:  [(array([0.   , 0.494, 0.   , 0.   , 0.   , 0.506]), array([0.   , 0.   , 0.   , 0.   , 0.131, 0.869]))]
Frame: 16000000, Avg. RL Loss: 0.059, Avg. Q value: 1.353, Avg. Length: 624.4, P0 Avg. Reward: -0.806, P1 Avg. Reward: 0.806
Q table: 
 [[6.2   6.114 5.998 6.14  6.191 6.13 ]
 [6.224 6.023 6.024 6.105 6.101 6.13 ]
 [6.026 6.008 6.025 6.163 6.138 6.195]
 [6.09  5.883 6.014 6.153 6.241 6.101]
 [6.085 5.942 5.97  6.058 6.181 6.011]
 [6.048 5.927 5.883 6.026 6.133 5.963]]
Nash policies:  [(array([0.009, 0.991, 0.   , 0.   , 0.   , 0.   ]), array([0.   , 0.227, 0.773, 0.   , 0.   , 0.   ]))]
Frame: 16500000, Avg. RL Loss: 0.085, Avg. Q value: 2.961, Avg. Length: 553.2, P0 Avg. Reward: -0.280, P1 Avg. Reward: 0.280
Q table: 
 [[0.861 0.807 0.807 0.899 0.93  0.846]
 [0.853 0.747 0.795 0.785 0.897 0.728]
 [0.849 0.727 0.796 0.946 0.877 0.83 ]
 [0.863 0.773 0.849 0.848 0.778 0.825]
 [0.816 0.784 0.79  0.831 0.867 0.832]
 [0.757 0.788 0.868 0.923 0.92  0.778]]
Nash policies:  [(array([0.994, 0.   , 0.   , 0.   , 0.   , 0.006]), array([0.   , 0.764, 0.236, 0.   , 0.   , 0.   ]))]
Frame: 17000000, Avg. RL Loss: 0.014, Avg. Q value: -0.108, Avg. Length: 585.7, P0 Avg. Reward: -0.594, P1 Avg. Reward: 0.594
Q table: 
 [[0.933 0.922 1.017 1.115 0.932 0.849]
 [1.023 0.933 1.039 0.979 0.989 0.92 ]
 [1.007 0.867 0.901 0.947 0.968 0.839]
 [0.98  0.944 0.949 0.914 0.888 0.936]
 [0.948 0.908 0.899 0.926 0.922 0.871]
 [0.907 0.877 0.986 0.953 0.9   0.844]]
Nash policies:  [(array([0.   , 0.411, 0.   , 0.589, 0.   , 0.   ]), array([0.   , 0.   , 0.   , 0.   , 0.135, 0.865]))]
Frame: 17500000, Avg. RL Loss: 0.015, Avg. Q value: -0.029, Avg. Length: 635.5, P0 Avg. Reward: -0.732, P1 Avg. Reward: 0.732
Q table: 
 [[-0.786 -0.76  -0.781 -0.777 -0.756 -0.776]
 [-0.754 -0.77  -0.782 -0.772 -0.782 -0.774]
 [-0.79  -0.762 -0.776 -0.801 -0.738 -0.799]
 [-0.778 -0.781 -0.78  -0.748 -0.795 -0.776]
 [-0.77  -0.772 -0.799 -0.772 -0.781 -0.789]
 [-0.773 -0.785 -0.775 -0.774 -0.737 -0.789]]
Nash policies:  [(array([0.13 , 0.   , 0.   , 0.626, 0.   , 0.245]), array([0.   , 0.052, 0.704, 0.   , 0.   , 0.244]))]
Frame: 18000000, Avg. RL Loss: 0.027, Avg. Q value: 0.369, Avg. Length: 613.1, P0 Avg. Reward: -0.950, P1 Avg. Reward: 0.950
Q table: 
 [[1.26  1.229 1.202 1.254 1.206 1.246]
 [1.162 1.188 1.176 1.206 1.162 1.214]
 [1.201 1.194 1.192 1.21  1.2   1.212]
 [1.224 1.231 1.194 1.155 1.178 1.202]
 [1.185 1.167 1.214 1.189 1.192 1.198]
 [1.183 1.179 1.177 1.201 1.176 1.193]]
Nash policies:  [(array([0.856, 0.   , 0.   , 0.   , 0.144, 0.   ]), array([0.   , 0.   , 0.537, 0.   , 0.463, 0.   ]))]
Frame: 18500000, Avg. RL Loss: 0.027, Avg. Q value: 0.214, Avg. Length: 619.8, P0 Avg. Reward: -1.886, P1 Avg. Reward: 1.886
Q table: 
 [[-2.819 -2.787 -2.811 -2.744 -2.727 -2.783]
 [-2.734 -2.791 -2.814 -2.807 -2.685 -2.744]
 [-2.839 -2.701 -2.672 -2.822 -2.74  -2.771]
 [-2.765 -2.699 -2.816 -2.718 -2.589 -2.846]
 [-2.737 -2.629 -2.789 -2.712 -2.662 -2.74 ]
 [-2.78  -2.732 -2.789 -2.815 -2.625 -2.752]]
Nash policies:  [(array([0.   , 0.   , 0.238, 0.   , 0.762, 0.   ]), array([0.532, 0.   , 0.468, 0.   , 0.   , 0.   ]))]
Frame: 19000000, Avg. RL Loss: 0.022, Avg. Q value: -0.277, Avg. Length: 637.4, P0 Avg. Reward: -2.341, P1 Avg. Reward: 2.341
Q table: 
 [[-0.632 -0.675 -0.661 -0.695 -0.629 -0.656]
 [-0.659 -0.663 -0.62  -0.674 -0.661 -0.669]
 [-0.666 -0.645 -0.658 -0.644 -0.666 -0.66 ]
 [-0.639 -0.681 -0.647 -0.683 -0.695 -0.694]
 [-0.649 -0.651 -0.656 -0.67  -0.684 -0.668]
 [-0.677 -0.682 -0.652 -0.666 -0.624 -0.648]]
Nash policies:  [(array([0.255, 0.004, 0.671, 0.   , 0.   , 0.07 ]), array([0.226, 0.   , 0.194, 0.175, 0.   , 0.405]))]
Frame: 19500000, Avg. RL Loss: 0.046, Avg. Q value: -0.549, Avg. Length: 613.6, P0 Avg. Reward: -2.069, P1 Avg. Reward: 2.069
Q table: 
 [[-6.439 -6.373 -6.58  -6.493 -6.499 -6.537]
 [-6.514 -6.482 -6.616 -6.608 -6.478 -6.608]
 [-6.548 -6.42  -6.748 -6.742 -6.702 -6.57 ]
 [-6.454 -6.386 -6.477 -6.562 -6.465 -6.468]
 [-6.391 -6.519 -6.585 -6.37  -6.503 -6.567]
 [-6.461 -6.467 -6.622 -6.383 -6.48  -6.565]]
Nash policies:  [(array([0.   , 0.   , 0.   , 0.719, 0.281, 0.   ]), array([0.   , 0.   , 0.641, 0.359, 0.   , 0.   ]))]
Frame: 20000000, Avg. RL Loss: 0.175, Avg. Q value: 4.451, Avg. Length: 556.1, P0 Avg. Reward: -0.330, P1 Avg. Reward: 0.330
Q table: 
 [[-2.139 -2.172 -2.11  -2.103 -2.164 -2.141]
 [-2.138 -2.195 -2.134 -2.131 -2.04  -2.166]
 [-2.151 -2.194 -2.076 -2.049 -2.094 -2.11 ]
 [-2.122 -2.169 -2.119 -2.195 -2.118 -2.133]
 [-2.143 -2.15  -2.165 -2.134 -2.143 -2.116]
 [-2.163 -2.169 -2.129 -2.225 -2.163 -2.119]]
Nash policies:  [(array([0.196, 0.   , 0.   , 0.   , 0.804, 0.   ]), array([0.   , 0.709, 0.291, 0.   , 0.   , 0.   ]))]
Frame: 20500000, Avg. RL Loss: 0.125, Avg. Q value: 4.180, Avg. Length: 567.6, P0 Avg. Reward: 0.141, P1 Avg. Reward: -0.141
Q table: 
 [[0.667 0.614 0.617 0.636 0.657 0.549]
 [0.673 0.639 0.718 0.687 0.718 0.539]
 [0.568 0.559 0.589 0.674 0.589 0.501]
 [0.521 0.526 0.593 0.599 0.639 0.505]
 [0.58  0.572 0.712 0.644 0.694 0.518]
 [0.647 0.55  0.699 0.611 0.524 0.53 ]]
Nash policies:  [(array([1., 0., 0., 0., 0., 0.]), array([0., 0., 0., 0., 0., 1.]))]
Frame: 21000000, Avg. RL Loss: 0.027, Avg. Q value: 0.351, Avg. Length: 567.9, P0 Avg. Reward: 0.317, P1 Avg. Reward: -0.317
Q table: 
 [[-0.415 -0.445 -0.5   -0.449 -0.324 -0.356]
 [-0.354 -0.395 -0.348 -0.356 -0.398 -0.34 ]
 [-0.325 -0.331 -0.348 -0.306 -0.26  -0.306]
 [-0.41  -0.469 -0.437 -0.353 -0.35  -0.333]
 [-0.409 -0.419 -0.479 -0.406 -0.243 -0.378]
 [-0.433 -0.392 -0.399 -0.422 -0.452 -0.367]]
Nash policies:  [(array([0., 0., 1., 0., 0., 0.]), array([0., 0., 1., 0., 0., 0.]))]
Frame: 21500000, Avg. RL Loss: 0.027, Avg. Q value: 0.262, Avg. Length: 619.4, P0 Avg. Reward: 0.005, P1 Avg. Reward: -0.005
Q table: 
 [[-0.97  -1.004 -0.967 -1.015 -0.989 -0.999]
 [-0.99  -0.979 -0.944 -0.956 -1.    -0.993]
 [-0.994 -0.966 -0.932 -0.967 -0.998 -0.995]
 [-0.968 -0.978 -0.982 -0.947 -1.007 -1.007]
 [-0.984 -0.986 -0.93  -0.995 -1.001 -0.995]
 [-0.999 -0.968 -0.954 -1.02  -0.973 -1.02 ]]
Nash policies:  [(array([0.423, 0.577, 0.   , 0.   , 0.   , 0.   ]), array([0.   , 0.   , 0.   , 0.   , 0.385, 0.615]))]
Frame: 22000000, Avg. RL Loss: 0.015, Avg. Q value: -0.356, Avg. Length: 642.6, P0 Avg. Reward: -0.659, P1 Avg. Reward: 0.659
Q table: 
 [[-0.01  -0.011 -0.046 -0.041 -0.032 -0.052]
 [-0.079 -0.059 -0.104 -0.053 -0.08  -0.024]
 [-0.033 -0.074 -0.107 -0.046 -0.001  0.002]
 [ 0.013  0.01  -0.077 -0.012 -0.027  0.011]
 [ 0.037 -0.036 -0.089  0.009 -0.039  0.002]
 [-0.068 -0.063 -0.075 -0.03  -0.002 -0.02 ]]
Nash policies:  [(array([0.94, 0.  , 0.  , 0.06, 0.  , 0.  ]), array([0.   , 0.   , 0.672, 0.   , 0.   , 0.328]))]
Frame: 22500000, Avg. RL Loss: 0.011, Avg. Q value: -0.592, Avg. Length: 660.5, P0 Avg. Reward: -1.956, P1 Avg. Reward: 1.956
Q table: 
 [[-0.178 -0.17  -0.202 -0.201 -0.161 -0.183]
 [-0.208 -0.227 -0.216 -0.219 -0.217 -0.163]
 [-0.195 -0.205 -0.181 -0.16  -0.155 -0.157]
 [-0.168 -0.18  -0.212 -0.184 -0.167 -0.172]
 [-0.158 -0.171 -0.184 -0.142 -0.185 -0.192]
 [-0.168 -0.192 -0.201 -0.169 -0.174 -0.148]]
Nash policies:  [(array([0.  , 0.  , 0.36, 0.  , 0.64, 0.  ]), array([0.   , 0.073, 0.927, 0.   , 0.   , 0.   ]))]
Frame: 23000000, Avg. RL Loss: 0.009, Avg. Q value: -0.469, Avg. Length: 683.1, P0 Avg. Reward: -2.181, P1 Avg. Reward: 2.181
Q table: 
 [[-0.182 -0.217 -0.258 -0.096 -0.178 -0.189]
 [-0.103 -0.137 -0.197 -0.08  -0.143 -0.116]
 [-0.013 -0.051 -0.063  0.02  -0.014 -0.029]
 [-0.117 -0.177 -0.187 -0.165 -0.182 -0.119]
 [-0.121 -0.094 -0.178 -0.14  -0.141 -0.145]
 [-0.157 -0.253 -0.246 -0.121 -0.117 -0.214]]
Nash policies:  [(array([0., 0., 1., 0., 0., 0.]), array([0., 0., 1., 0., 0., 0.]))]
Frame: 23500000, Avg. RL Loss: 0.010, Avg. Q value: -0.463, Avg. Length: 731.0, P0 Avg. Reward: -1.709, P1 Avg. Reward: 1.709
Q table: 
 [[-0.577 -0.575 -0.578 -0.568 -0.564 -0.565]
 [-0.562 -0.573 -0.567 -0.548 -0.542 -0.568]
 [-0.578 -0.555 -0.553 -0.541 -0.549 -0.557]
 [-0.563 -0.577 -0.565 -0.558 -0.594 -0.557]
 [-0.57  -0.567 -0.564 -0.584 -0.57  -0.562]
 [-0.574 -0.573 -0.58  -0.561 -0.567 -0.537]]
Nash policies:  [(array([0.   , 0.697, 0.303, 0.   , 0.   , 0.   ]), array([0.526, 0.474, 0.   , 0.   , 0.   , 0.   ]))]
Frame: 24000000, Avg. RL Loss: 0.011, Avg. Q value: -0.465, Avg. Length: 691.6, P0 Avg. Reward: -2.161, P1 Avg. Reward: 2.161
Q table: 
 [[-0.427 -0.444 -0.532 -0.546 -0.489 -0.403]
 [-0.465 -0.453 -0.511 -0.388 -0.444 -0.346]
 [-0.379 -0.451 -0.411 -0.37  -0.435 -0.343]
 [-0.423 -0.518 -0.549 -0.418 -0.356 -0.353]
 [-0.508 -0.494 -0.49  -0.384 -0.43  -0.456]
 [-0.434 -0.47  -0.487 -0.46  -0.446 -0.431]]