Cannot import pettingzoo env:  pong_v2
                          Options
                          seed: 1122
                          batch_size: 1024
                          no_cuda: False
                          training_id: 0
                          max_frames: 500000000
                          buffer_size: 100000
                          update_target: 1000
                          train_freq: 100
                          gamma: 0.99
                          eta: 0.1
                          rl_start: 10000
                          sl_start: 1000
                          num_envs: 5
                          hidden_dim: 256
                          dueling: False
                          multi_step: 1
                          cce: False
                          env: boxing_v1
                          ram: True
                          negative: False
                          against_baseline: False
                          load_model: 0
                          save_model: 20210624_2331
                          evaluate: False
                          render: False
                          evaluation_interval: 200000
                          lr: 0.0001
                          max_tag_interval: 10000
                          eps_start: 1.0
                          eps_final: 0.01
                          eps_decay: 30000
                          cuda: True
                          device: cuda:0
[Box(0.0, 1.0, (128,), float32), Box(0.0, 1.0, (128,), float32), Box(0.0, 1.0, (128,), float32), Box(0.0, 1.0, (128,), float32), Box(0.0, 1.0, (128,), float32)] [Discrete(18), Discrete(18), Discrete(18), Discrete(18), Discrete(18)]
(128,)
(128,)
Frame: 1000000, Avg. RL Loss: 0.007, Avg. Q value: -0.001, Avg. Length: 1785.0, P0 Avg. Reward: -0.816, P1 Avg. Reward: 0.816
Q table: 
 [[-0.022 -0.008 -0.001 ...  0.003 -0.027 -0.02 ]
 [-0.001  0.004 -0.002 ... -0.001 -0.008 -0.005]
 [-0.009 -0.003 -0.007 ... -0.013 -0.051 -0.013]
 ...
 [-0.024 -0.007 -0.009 ...  0.001  0.     0.003]
 [ 0.001 -0.011  0.016 ...  0.013 -0.008 -0.003]
 [ 0.003  0.004  0.    ... -0.004 -0.008 -0.001]]
Nash policies:  [(array([0.   , 0.066, 0.   , 0.   , 0.   , 0.   , 0.   , 0.   , 0.   , 0.   , 0.   , 0.166, 0.53 , 0.   , 0.   , 0.   , 0.   , 0.238]), array([0.   , 0.   , 0.   , 0.   , 0.   , 0.   , 0.   , 0.044, 0.   , 0.   , 0.354, 0.451, 0.   , 0.   , 0.151, 0.   , 0.   , 0.   ]))]
Frame: 2000000, Avg. RL Loss: 0.003, Avg. Q value: -0.006, Avg. Length: 1785.0, P0 Avg. Reward: 0.004, P1 Avg. Reward: -0.004
Q table: 
 [[ 0.011  0.008  0.018 ... -0.013 -0.012  0.009]
 [-0.022  0.002 -0.008 ... -0.005 -0.022 -0.011]
 [ 0.006 -0.014 -0.011 ... -0.019 -0.05   0.002]
 ...
 [-0.014 -0.005 -0.003 ... -0.003 -0.036 -0.007]
 [-0.015 -0.035  0.013 ... -0.003 -0.008 -0.019]
 [-0.009 -0.003  0.002 ... -0.02  -0.01  -0.016]]
Nash policies:  [(array([0.502, 0.   , 0.   , 0.   , 0.   , 0.   , 0.   , 0.   , 0.048, 0.   , 0.   , 0.   , 0.   , 0.184, 0.   , 0.   , 0.266, 0.   ]), array([0.   , 0.   , 0.   , 0.   , 0.   , 0.102, 0.   , 0.142, 0.   , 0.   , 0.275, 0.   , 0.481, 0.   , 0.   , 0.   , 0.   , 0.   ]))]
Frame: 3000000, Avg. RL Loss: 0.004, Avg. Q value: -0.001, Avg. Length: 1785.0, P0 Avg. Reward: 0.309, P1 Avg. Reward: -0.309
Q table: 
 [[ 0.003 -0.004  0.002 ... -0.007 -0.011 -0.014]
 [-0.009 -0.01  -0.016 ... -0.011 -0.012 -0.007]
 [-0.007 -0.012  0.001 ... -0.001 -0.002 -0.01 ]
 ...
 [-0.003 -0.007  0.006 ... -0.007 -0.007 -0.006]
 [-0.015 -0.012  0.001 ... -0.001 -0.002 -0.005]
 [-0.005 -0.003 -0.006 ... -0.007  0.003  0.004]]
Nash policies:  [(array([0.133, 0.   , 0.   , 0.   , 0.   , 0.   , 0.107, 0.   , 0.098, 0.036, 0.   , 0.124, 0.   , 0.098, 0.116, 0.   , 0.197, 0.091]), array([0.006, 0.37 , 0.   , 0.   , 0.   , 0.   , 0.039, 0.004, 0.   , 0.   , 0.087, 0.   , 0.126, 0.063, 0.   , 0.191, 0.115, 0.   ]))]
Frame: 4000000, Avg. RL Loss: 0.004, Avg. Q value: -0.009, Avg. Length: 1785.0, P0 Avg. Reward: -0.138, P1 Avg. Reward: 0.138
Q table: 
 [[-0.007 -0.012 -0.009 ...  0.005 -0.     0.003]
 [-0.003  0.001  0.004 ... -0.004  0.001  0.006]
 [-0.003 -0.004 -0.003 ... -0.003 -0.001 -0.   ]
 ...
 [-0.015 -0.001  0.001 ... -0.003 -0.015 -0.004]
 [-0.011 -0.012 -0.009 ... -0.037 -0.008 -0.007]
 [-0.017 -0.009 -0.015 ... -0.001 -0.002 -0.012]]
Nash policies:  [(array([0.081, 0.032, 0.   , 0.   , 0.   , 0.177, 0.   , 0.509, 0.   , 0.   , 0.   , 0.   , 0.   , 0.   , 0.024, 0.177, 0.   , 0.   ]), array([0.166, 0.   , 0.   , 0.58 , 0.   , 0.096, 0.049, 0.042, 0.067, 0.   , 0.   , 0.   , 0.   , 0.   , 0.   , 0.   , 0.   , 0.   ]))]
Frame: 5000000, Avg. RL Loss: 0.006, Avg. Q value: 0.044, Avg. Length: 1785.0, P0 Avg. Reward: -1.366, P1 Avg. Reward: 1.366
Q table: 
 [[-0.033 -0.026 -0.046 ... -0.049 -0.041 -0.047]
 [-0.048 -0.044 -0.044 ... -0.051 -0.036 -0.044]
 [-0.072 -0.028 -0.055 ... -0.035 -0.062 -0.015]
 ...
 [-0.038 -0.03  -0.042 ... -0.038 -0.019 -0.037]
 [-0.04  -0.065 -0.047 ... -0.049 -0.052 -0.048]
 [-0.054 -0.027 -0.05  ... -0.043 -0.052 -0.03 ]]
Nash policies:  [(array([0.   , 0.312, 0.   , 0.   , 0.   , 0.152, 0.   , 0.006, 0.   , 0.   , 0.192, 0.   , 0.108, 0.   , 0.231, 0.   , 0.   , 0.   ]), array([0.   , 0.123, 0.   , 0.178, 0.   , 0.   , 0.   , 0.   , 0.453, 0.099, 0.   , 0.004, 0.142, 0.   , 0.   , 0.   , 0.   , 0.   ]))]
Frame: 6000000, Avg. RL Loss: 0.005, Avg. Q value: -0.097, Avg. Length: 1785.0, P0 Avg. Reward: -1.957, P1 Avg. Reward: 1.957
Q table: 
 [[-0.225 -0.27  -0.234 ... -0.189 -0.242 -0.221]
 [-0.239 -0.238 -0.237 ... -0.196 -0.207 -0.206]
 [-0.236 -0.229 -0.212 ... -0.219 -0.251 -0.21 ]
 ...
 [-0.248 -0.256 -0.223 ... -0.236 -0.241 -0.216]
 [-0.205 -0.222 -0.233 ... -0.227 -0.242 -0.19 ]
 [-0.262 -0.257 -0.203 ... -0.222 -0.23  -0.257]]
Nash policies:  [(array([0.   , 0.   , 0.   , 0.   , 0.   , 0.   , 0.   , 0.747, 0.   , 0.   , 0.   , 0.   , 0.   , 0.   , 0.   , 0.253, 0.   , 0.   ]), array([0.   , 0.   , 0.   , 0.   , 0.   , 0.   , 0.   , 0.   , 0.   , 0.   , 0.107, 0.   , 0.893, 0.   , 0.   , 0.   , 0.   , 0.   ]))]
Frame: 7000000, Avg. RL Loss: 0.007, Avg. Q value: -0.083, Avg. Length: 1785.0, P0 Avg. Reward: -0.971, P1 Avg. Reward: 0.971
Q table: 
 [[-0.018 -0.02  -0.022 ... -0.034 -0.018 -0.019]
 [-0.026 -0.023 -0.017 ... -0.016 -0.028 -0.02 ]
 [-0.027 -0.024 -0.025 ... -0.016 -0.022 -0.026]
 ...
 [-0.015 -0.025 -0.018 ... -0.02  -0.013 -0.019]
 [-0.028 -0.025 -0.022 ... -0.007 -0.02  -0.02 ]
 [-0.008 -0.025 -0.025 ... -0.015 -0.012 -0.019]]
Nash policies:  [(array([0.351, 0.   , 0.   , 0.   , 0.   , 0.044, 0.167, 0.051, 0.   , 0.   , 0.   , 0.185, 0.   , 0.   , 0.031, 0.17 , 0.   , 0.   ]), array([0.   , 0.34 , 0.   , 0.   , 0.   , 0.122, 0.   , 0.144, 0.   , 0.   , 0.   , 0.06 , 0.14 , 0.13 , 0.064, 0.   , 0.   , 0.   ]))]
Frame: 8000000, Avg. RL Loss: 0.010, Avg. Q value: -0.062, Avg. Length: 1785.0, P0 Avg. Reward: -1.579, P1 Avg. Reward: 1.579
Q table: 
 [[-0.075 -0.049 -0.062 ... -0.048 -0.057 -0.06 ]
 [-0.067 -0.063 -0.063 ... -0.065 -0.072 -0.079]
 [-0.075 -0.062 -0.067 ... -0.067 -0.056 -0.066]
 ...
 [-0.054 -0.055 -0.051 ... -0.055 -0.066 -0.046]
 [-0.05  -0.043 -0.052 ... -0.046 -0.073 -0.057]
 [-0.026 -0.062 -0.074 ... -0.052 -0.037 -0.043]]
Nash policies:  [(array([0.091, 0.   , 0.   , 0.   , 0.   , 0.   , 0.   , 0.093, 0.   , 0.   , 0.   , 0.336, 0.   , 0.   , 0.092, 0.38 , 0.008, 0.   ]), array([0.   , 0.   , 0.   , 0.   , 0.051, 0.223, 0.   , 0.262, 0.   , 0.   , 0.192, 0.   , 0.   , 0.   , 0.137, 0.   , 0.135, 0.   ]))]
Frame: 9000000, Avg. RL Loss: 0.017, Avg. Q value: -0.179, Avg. Length: 1781.7, P0 Avg. Reward: -5.466, P1 Avg. Reward: 5.466
Q table: 
 [[-0.126 -0.117 -0.121 ... -0.121 -0.111 -0.164]
 [-0.123 -0.12  -0.129 ... -0.116 -0.131 -0.123]
 [-0.134 -0.111 -0.11  ... -0.127 -0.117 -0.118]
 ...
 [-0.135 -0.122 -0.12  ... -0.119 -0.096 -0.116]
 [-0.121 -0.122 -0.111 ... -0.099 -0.134 -0.118]
 [-0.126 -0.143 -0.104 ... -0.143 -0.087 -0.131]]
Nash policies:  [(array([0.   , 0.   , 0.   , 0.   , 0.   , 0.   , 0.   , 0.103, 0.   , 0.   , 0.407, 0.18 , 0.   , 0.   , 0.   , 0.308, 0.001, 0.   ]), array([0.138, 0.   , 0.   , 0.   , 0.   , 0.   , 0.   , 0.249, 0.   , 0.   , 0.   , 0.116, 0.   , 0.434, 0.   , 0.063, 0.   , 0.   ]))]
Frame: 10000000, Avg. RL Loss: 0.016, Avg. Q value: -0.232, Avg. Length: 1784.4, P0 Avg. Reward: -7.184, P1 Avg. Reward: 7.184
Q table: 
 [[-0.411 -0.393 -0.402 ... -0.394 -0.397 -0.428]
 [-0.471 -0.391 -0.467 ... -0.383 -0.421 -0.426]
 [-0.412 -0.399 -0.474 ... -0.422 -0.456 -0.433]
 ...
 [-0.449 -0.403 -0.42  ... -0.404 -0.402 -0.451]
 [-0.408 -0.388 -0.37  ... -0.414 -0.423 -0.454]
 [-0.425 -0.423 -0.42  ... -0.42  -0.411 -0.437]]
Nash policies:  [(array([0.223, 0.   , 0.   , 0.   , 0.187, 0.   , 0.061, 0.   , 0.136, 0.393, 0.   , 0.   , 0.   , 0.   , 0.   , 0.   , 0.   , 0.   ]), array([0.   , 0.   , 0.   , 0.   , 0.   , 0.   , 0.012, 0.   , 0.   , 0.   , 0.166, 0.289, 0.   , 0.   , 0.   , 0.   , 0.146, 0.386]))]
Frame: 11000000, Avg. RL Loss: 0.031, Avg. Q value: -0.552, Avg. Length: 1702.5, P0 Avg. Reward: -17.132, P1 Avg. Reward: 17.132
Q table: 
 [[-0.466 -0.401 -0.481 ... -0.423 -0.39  -0.426]
 [-0.505 -0.446 -0.501 ... -0.455 -0.45  -0.46 ]
 [-0.439 -0.449 -0.47  ... -0.435 -0.458 -0.437]
 ...
 [-0.509 -0.475 -0.499 ... -0.449 -0.518 -0.481]
 [-0.513 -0.451 -0.533 ... -0.471 -0.47  -0.482]
 [-0.499 -0.472 -0.52  ... -0.449 -0.487 -0.466]]
Nash policies:  [(array([0.   , 0.   , 0.   , 0.   , 0.278, 0.519, 0.   , 0.204, 0.   , 0.   , 0.   , 0.   , 0.   , 0.   , 0.   , 0.   , 0.   , 0.   ]), array([0.   , 0.   , 0.2  , 0.   , 0.426, 0.   , 0.   , 0.   , 0.   , 0.374, 0.   , 0.   , 0.   , 0.   , 0.   , 0.   , 0.   , 0.   ]))]
Frame: 12000000, Avg. RL Loss: 0.043, Avg. Q value: -0.767, Avg. Length: 1626.8, P0 Avg. Reward: -21.737, P1 Avg. Reward: 21.737
Q table: 
 [[-0.827 -0.779 -0.842 ... -0.802 -0.793 -0.795]
 [-0.799 -0.774 -0.831 ... -0.803 -0.804 -0.791]
 [-0.804 -0.792 -0.809 ... -0.758 -0.755 -0.801]
 ...
 [-0.769 -0.796 -0.811 ... -0.801 -0.795 -0.825]
 [-0.82  -0.783 -0.801 ... -0.805 -0.829 -0.83 ]
 [-0.834 -0.82  -0.784 ... -0.82  -0.793 -0.818]]
Nash policies:  [(array([0.045, 0.032, 0.624, 0.   , 0.   , 0.008, 0.   , 0.   , 0.   , 0.   , 0.   , 0.   , 0.   , 0.   , 0.   , 0.003, 0.288, 0.   ]), array([0.153, 0.   , 0.173, 0.   , 0.   , 0.   , 0.   , 0.   , 0.   , 0.   , 0.115, 0.   , 0.363, 0.048, 0.   , 0.   , 0.   , 0.149]))]
Frame: 13000000, Avg. RL Loss: 0.037, Avg. Q value: -0.755, Avg. Length: 1634.9, P0 Avg. Reward: -21.697, P1 Avg. Reward: 21.697
Q table: 
 [[-0.316 -0.337 -0.34  ... -0.355 -0.33  -0.333]
 [-0.294 -0.279 -0.347 ... -0.312 -0.329 -0.336]
 [-0.327 -0.337 -0.328 ... -0.315 -0.34  -0.351]
 ...
 [-0.359 -0.312 -0.329 ... -0.335 -0.339 -0.325]
 [-0.346 -0.312 -0.363 ... -0.334 -0.395 -0.363]
 [-0.307 -0.339 -0.341 ... -0.309 -0.352 -0.366]]
Nash policies:  [(array([0.   , 0.   , 0.   , 0.   , 0.   , 0.   , 0.007, 0.   , 0.   , 0.   , 0.   , 0.993, 0.   , 0.   , 0.   , 0.   , 0.   , 0.   ]), array([0.   , 0.   , 0.   , 0.   , 0.   , 0.   , 0.   , 0.   , 0.   , 0.   , 0.   , 0.   , 0.   , 0.   , 0.723, 0.   , 0.277, 0.   ]))]
Frame: 14000000, Avg. RL Loss: 0.036, Avg. Q value: -0.461, Avg. Length: 1567.9, P0 Avg. Reward: -21.298, P1 Avg. Reward: 21.298
Q table: 
 [[-0.32  -0.35  -0.307 ... -0.268 -0.353 -0.369]
 [-0.387 -0.316 -0.332 ... -0.31  -0.349 -0.374]
 [-0.348 -0.357 -0.368 ... -0.335 -0.37  -0.379]
 ...
 [-0.35  -0.418 -0.351 ... -0.375 -0.4   -0.43 ]
 [-0.336 -0.311 -0.299 ... -0.301 -0.37  -0.303]
 [-0.42  -0.362 -0.379 ... -0.329 -0.385 -0.355]]
Nash policies:  [(array([0.   , 0.   , 0.   , 0.498, 0.   , 0.   , 0.   , 0.   , 0.502, 0.   , 0.   , 0.   , 0.   , 0.   , 0.   , 0.   , 0.   , 0.   ]), array([0.   , 0.   , 0.   , 0.   , 0.   , 0.   , 0.   , 0.   , 0.348, 0.   , 0.   , 0.   , 0.   , 0.   , 0.   , 0.   , 0.652, 0.   ]))]
Frame: 15000000, Avg. RL Loss: 0.061, Avg. Q value: -1.722, Avg. Length: 1471.6, P0 Avg. Reward: -34.454, P1 Avg. Reward: 34.454
Q table: 
 [[-1.46  -1.438 -1.473 ... -1.462 -1.469 -1.503]
 [-1.476 -1.43  -1.476 ... -1.475 -1.429 -1.487]
 [-1.454 -1.451 -1.478 ... -1.466 -1.444 -1.46 ]
 ...
 [-1.429 -1.439 -1.478 ... -1.5   -1.507 -1.494]
 [-1.461 -1.432 -1.454 ... -1.478 -1.45  -1.484]
 [-1.428 -1.552 -1.463 ... -1.387 -1.384 -1.545]]
Nash policies:  [(array([0.   , 0.   , 0.   , 0.   , 0.   , 0.   , 0.   , 0.   , 0.   , 0.123, 0.161, 0.025, 0.   , 0.   , 0.424, 0.   , 0.266, 0.   ]), array([0.   , 0.   , 0.   , 0.   , 0.   , 0.   , 0.   , 0.   , 0.   , 0.   , 0.152, 0.   , 0.428, 0.   , 0.023, 0.   , 0.247, 0.149]))]
Frame: 16000000, Avg. RL Loss: 0.076, Avg. Q value: -2.258, Avg. Length: 1347.7, P0 Avg. Reward: -34.170, P1 Avg. Reward: 34.170
Q table: 
 [[-0.407 -0.384 -0.253 ... -0.308 -0.411 -0.378]
 [-0.443 -0.45  -0.35  ... -0.338 -0.467 -0.365]
 [-0.375 -0.368 -0.295 ... -0.353 -0.43  -0.375]
 ...
 [-0.387 -0.49  -0.381 ... -0.528 -0.534 -0.5  ]
 [-0.402 -0.35  -0.275 ... -0.292 -0.45  -0.338]
 [-0.395 -0.381 -0.391 ... -0.412 -0.469 -0.361]]
Nash policies:  [(array([0., 0., 0., 0., 0., 1., 0., 0., 0., 0., 0., 0., 0., 0., 0., 0., 0., 0.]), array([0., 0., 0., 1., 0., 0., 0., 0., 0., 0., 0., 0., 0., 0., 0., 0., 0., 0.]))]
Frame: 17000000, Avg. RL Loss: 0.007, Avg. Q value: -0.095, Avg. Length: 1785.0, P0 Avg. Reward: -2.525, P1 Avg. Reward: 2.525
Q table: 
 [[-0.345 -0.333 -0.348 ... -0.34  -0.337 -0.382]
 [-0.338 -0.409 -0.337 ... -0.313 -0.378 -0.334]
 [-0.299 -0.321 -0.293 ... -0.29  -0.287 -0.301]
 ...
 [-0.359 -0.333 -0.364 ... -0.366 -0.357 -0.366]
 [-0.33  -0.337 -0.311 ... -0.334 -0.338 -0.324]
 [-0.318 -0.337 -0.317 ... -0.319 -0.357 -0.309]]
Nash policies:  [(array([0.   , 0.   , 0.942, 0.   , 0.   , 0.058, 0.   , 0.   , 0.   , 0.   , 0.   , 0.   , 0.   , 0.   , 0.   , 0.   , 0.   , 0.   ]), array([0.   , 0.   , 0.   , 0.279, 0.   , 0.   , 0.721, 0.   , 0.   , 0.   , 0.   , 0.   , 0.   , 0.   , 0.   , 0.   , 0.   , 0.   ]))]
Frame: 18000000, Avg. RL Loss: 0.031, Avg. Q value: -0.796, Avg. Length: 1700.5, P0 Avg. Reward: -17.700, P1 Avg. Reward: 17.700
Q table: 
 [[-1.909 -2.01  -1.956 ... -1.943 -1.933 -2.022]
 [-1.893 -1.907 -1.967 ... -2.111 -2.013 -1.916]
 [-1.913 -1.926 -1.969 ... -1.97  -1.972 -1.857]
 ...
 [-1.968 -2.063 -1.991 ... -1.954 -1.968 -2.002]
 [-2.009 -2.001 -1.996 ... -1.992 -1.955 -2.037]
 [-1.957 -1.941 -2.002 ... -1.899 -1.911 -2.036]]
Nash policies:  [(array([0.388, 0.   , 0.   , 0.   , 0.009, 0.086, 0.299, 0.   , 0.   , 0.   , 0.   , 0.154, 0.   , 0.062, 0.   , 0.   , 0.   , 0.002]), array([0.   , 0.043, 0.257, 0.   , 0.   , 0.   , 0.   , 0.236, 0.   , 0.   , 0.212, 0.086, 0.132, 0.   , 0.035, 0.   , 0.   , 0.   ]))]
Frame: 19000000, Avg. RL Loss: 0.030, Avg. Q value: -1.112, Avg. Length: 1657.0, P0 Avg. Reward: -13.498, P1 Avg. Reward: 13.498
Q table: 
 [[0.462 0.332 0.576 ... 0.481 0.438 0.473]
 [0.354 0.494 0.42  ... 0.428 0.436 0.404]
 [0.432 0.455 0.437 ... 0.427 0.346 0.397]
 ...
 [0.357 0.22  0.342 ... 0.353 0.299 0.254]
 [0.389 0.295 0.43  ... 0.41  0.322 0.363]
 [0.293 0.457 0.513 ... 0.348 0.321 0.476]]
Nash policies:  [(array([0.   , 0.   , 0.   , 0.186, 0.   , 0.197, 0.173, 0.   , 0.   , 0.149, 0.   , 0.   , 0.   , 0.294, 0.   , 0.   , 0.   , 0.   ]), array([0.   , 0.   , 0.   , 0.   , 0.376, 0.014, 0.201, 0.   , 0.409, 0.001, 0.   , 0.   , 0.   , 0.   , 0.   , 0.   , 0.   , 0.   ]))]
Frame: 20000000, Avg. RL Loss: 0.037, Avg. Q value: -1.259, Avg. Length: 1668.0, P0 Avg. Reward: -19.395, P1 Avg. Reward: 19.395
Q table: 
 [[-1.874 -1.925 -1.694 ... -1.708 -1.728 -1.88 ]
 [-1.844 -1.785 -1.776 ... -1.822 -1.776 -1.856]
 [-1.81  -1.768 -1.673 ... -1.812 -1.843 -1.993]
 ...
 [-1.841 -1.834 -1.891 ... -1.97  -1.99  -2.094]
 [-1.879 -1.861 -1.773 ... -1.811 -1.913 -1.836]
 [-1.831 -1.841 -1.758 ... -1.847 -1.897 -1.918]]
Nash policies:  [(array([0., 0., 0., 0., 0., 1., 0., 0., 0., 0., 0., 0., 0., 0., 0., 0., 0., 0.]), array([0., 0., 0., 0., 0., 0., 0., 0., 0., 0., 0., 0., 0., 0., 0., 0., 1., 0.]))]
Frame: 21000000, Avg. RL Loss: 0.024, Avg. Q value: -1.074, Avg. Length: 1688.9, P0 Avg. Reward: -11.781, P1 Avg. Reward: 11.781
Q table: 
 [[ 0.015  0.043  0.006 ...  0.041  0.03   0.05 ]
 [-0.017  0.027 -0.035 ... -0.002  0.016  0.035]
 [ 0.014  0.036  0.007 ...  0.001  0.004  0.036]
 ...
 [-0.01  -0.004 -0.006 ... -0.043 -0.019 -0.006]
 [-0.006  0.008 -0.002 ...  0.038  0.023  0.009]
 [ 0.015  0.012  0.001 ... -0.044  0.007  0.007]]
Nash policies:  [(array([0.648, 0.   , 0.352, 0.   , 0.   , 0.   , 0.   , 0.   , 0.   , 0.   , 0.   , 0.   , 0.   , 0.   , 0.   , 0.   , 0.   , 0.   ]), array([0.   , 0.   , 0.828, 0.172, 0.   , 0.   , 0.   , 0.   , 0.   , 0.   , 0.   , 0.   , 0.   , 0.   , 0.   , 0.   , 0.   , 0.   ]))]
Frame: 22000000, Avg. RL Loss: 0.000, Avg. Q value: -0.001, Avg. Length: 1785.0, P0 Avg. Reward: -0.195, P1 Avg. Reward: 0.195
Q table: 
 [[-0.038 -0.072 -0.065 ... -0.077 -0.065 -0.091]
 [-0.071 -0.087 -0.065 ... -0.074 -0.087 -0.061]
 [-0.029 -0.082 -0.067 ... -0.082 -0.065 -0.062]
 ...
 [-0.075 -0.072 -0.104 ... -0.07  -0.078 -0.081]
 [-0.091 -0.08  -0.103 ... -0.105 -0.094 -0.078]
 [-0.053 -0.09  -0.123 ... -0.103 -0.097 -0.101]]
Nash policies:  [(array([0.481, 0.   , 0.   , 0.156, 0.   , 0.   , 0.   , 0.   , 0.094, 0.   , 0.   , 0.053, 0.   , 0.   , 0.215, 0.   , 0.   , 0.   ]), array([0.   , 0.414, 0.332, 0.   , 0.   , 0.   , 0.   , 0.   , 0.084, 0.   , 0.   , 0.   , 0.   , 0.   , 0.   , 0.094, 0.   , 0.076]))]
Frame: 23000000, Avg. RL Loss: 0.033, Avg. Q value: -1.107, Avg. Length: 1642.4, P0 Avg. Reward: -18.850, P1 Avg. Reward: 18.850
Q table: 
 [[-0.455 -0.412 -0.438 ... -0.383 -0.407 -0.413]
 [-0.438 -0.428 -0.471 ... -0.472 -0.484 -0.413]
 [-0.454 -0.413 -0.442 ... -0.407 -0.45  -0.415]
 ...
 [-0.534 -0.564 -0.509 ... -0.474 -0.522 -0.469]
 [-0.451 -0.42  -0.382 ... -0.354 -0.424 -0.42 ]
 [-0.473 -0.443 -0.475 ... -0.448 -0.476 -0.466]]
Nash policies:  [(array([0.   , 0.   , 0.   , 0.   , 0.   , 0.   , 0.   , 0.   , 0.   , 0.   , 0.   , 0.   , 0.   , 0.062, 0.   , 0.   , 0.891, 0.047]), array([0.016, 0.   , 0.   , 0.9  , 0.   , 0.   , 0.   , 0.   , 0.   , 0.   , 0.   , 0.084, 0.   , 0.   , 0.   , 0.   , 0.   , 0.   ]))]
Frame: 24000000, Avg. RL Loss: 0.032, Avg. Q value: -1.312, Avg. Length: 1686.6, P0 Avg. Reward: -18.271, P1 Avg. Reward: 18.271
Q table: 
 [[-1.32  -1.265 -1.257 ... -1.213 -1.153 -1.324]
 [-1.277 -1.184 -1.242 ... -1.256 -1.152 -1.361]
 [-1.275 -1.227 -1.162 ... -1.225 -1.217 -1.406]
 ...
 [-1.248 -1.265 -1.407 ... -1.235 -1.31  -1.417]
 [-1.327 -1.147 -1.401 ... -1.306 -1.189 -1.331]
 [-1.254 -1.347 -1.327 ... -1.276 -1.285 -1.35 ]]
Nash policies:  [(array([0.   , 0.   , 0.   , 0.   , 0.   , 0.234, 0.   , 0.766, 0.   , 0.   , 0.   , 0.   , 0.   , 0.   , 0.   , 0.   , 0.   , 0.   ]), array([0.   , 0.   , 0.117, 0.   , 0.   , 0.883, 0.   , 0.   , 0.   , 0.   , 0.   , 0.   , 0.   , 0.   , 0.   , 0.   , 0.   , 0.   ]))]
Frame: 25000000, Avg. RL Loss: 0.017, Avg. Q value: -0.195, Avg. Length: 1785.0, P0 Avg. Reward: 0.000, P1 Avg. Reward: -0.000
Q table: 
 [[ 0.036  0.005  0.017 ...  0.022 -0.003  0.03 ]
 [-0.009  0.009  0.002 ...  0.015 -0.008 -0.007]
 [ 0.031  0.048 -0.033 ...  0.051 -0.008  0.012]
 ...
 [ 0.009  0.006  0.016 ... -0.011  0.015  0.022]
 [ 0.028  0.035 -0.029 ...  0.007 -0.036 -0.013]
 [ 0.018  0.026  0.014 ...  0.027  0.03   0.023]]
Nash policies:  [(array([0.   , 0.   , 0.   , 0.   , 0.   , 0.   , 0.   , 0.   , 0.351, 0.   , 0.649, 0.   , 0.   , 0.   , 0.   , 0.   , 0.   , 0.   ]), array([0.   , 0.   , 0.027, 0.   , 0.   , 0.   , 0.   , 0.   , 0.973, 0.   , 0.   , 0.   , 0.   , 0.   , 0.   , 0.   , 0.   , 0.   ]))]
Frame: 26000000, Avg. RL Loss: 0.005, Avg. Q value: 0.027, Avg. Length: 1785.0, P0 Avg. Reward: 1.277, P1 Avg. Reward: -1.277
Q table: 
 [[-0.002 -0.025 -0.023 ... -0.002 -0.005  0.017]
 [-0.024 -0.011  0.003 ... -0.015  0.004 -0.004]
 [ 0.018 -0.013 -0.044 ... -0.032  0.005  0.006]
 ...
 [ 0.01  -0.02  -0.016 ... -0.042  0.017  0.006]
 [ 0.006 -0.02  -0.018 ... -0.013 -0.044 -0.017]
 [ 0.027 -0.019 -0.006 ... -0.007  0.012  0.   ]]
Nash policies:  [(array([0.   , 0.642, 0.   , 0.   , 0.   , 0.   , 0.   , 0.   , 0.   , 0.   , 0.   , 0.358, 0.   , 0.   , 0.   , 0.   , 0.   , 0.   ]), array([0.   , 0.124, 0.   , 0.   , 0.   , 0.   , 0.   , 0.   , 0.   , 0.   , 0.876, 0.   , 0.   , 0.   , 0.   , 0.   , 0.   , 0.   ]))]
Frame: 27000000, Avg. RL Loss: 0.008, Avg. Q value: -0.077, Avg. Length: 1783.8, P0 Avg. Reward: -3.025, P1 Avg. Reward: 3.025
Q table: 
 [[-0.028 -0.047 -0.036 ... -0.04  -0.028 -0.018]
 [-0.023 -0.037 -0.053 ... -0.04  -0.025 -0.004]
 [-0.028 -0.026 -0.032 ... -0.052 -0.018 -0.017]
 ...
 [-0.015 -0.036 -0.054 ... -0.064 -0.034 -0.029]
 [-0.036  0.004 -0.066 ... -0.04  -0.027 -0.07 ]
 [-0.032 -0.05  -0.059 ... -0.022 -0.032 -0.003]]
Nash policies:  [(array([0.   , 0.   , 0.   , 0.285, 0.   , 0.   , 0.064, 0.   , 0.201, 0.   , 0.107, 0.344, 0.   , 0.   , 0.   , 0.   , 0.   , 0.   ]), array([0.   , 0.   , 0.   , 0.262, 0.   , 0.   , 0.138, 0.349, 0.219, 0.032, 0.   , 0.   , 0.   , 0.   , 0.   , 0.   , 0.   , 0.   ]))]
Frame: 28000000, Avg. RL Loss: 0.012, Avg. Q value: -0.165, Avg. Length: 1783.2, P0 Avg. Reward: -4.546, P1 Avg. Reward: 4.546
Q table: 
 [[-0.204 -0.241 -0.231 ... -0.242 -0.235 -0.241]
 [-0.185 -0.186 -0.201 ... -0.206 -0.203 -0.222]
 [-0.254 -0.229 -0.24  ... -0.237 -0.23  -0.236]
 ...
 [-0.232 -0.202 -0.222 ... -0.204 -0.201 -0.232]
 [-0.199 -0.201 -0.233 ... -0.238 -0.225 -0.215]
 [-0.211 -0.208 -0.24  ... -0.211 -0.226 -0.219]]
Nash policies:  [(array([0.   , 0.411, 0.007, 0.   , 0.   , 0.   , 0.   , 0.   , 0.   , 0.   , 0.   , 0.582, 0.   , 0.   , 0.   , 0.   , 0.   , 0.   ]), array([0.   , 0.   , 0.   , 0.   , 0.   , 0.   , 0.252, 0.   , 0.   , 0.   , 0.   , 0.728, 0.   , 0.   , 0.019, 0.   , 0.   , 0.   ]))]
Frame: 29000000, Avg. RL Loss: 0.018, Avg. Q value: -0.376, Avg. Length: 1771.9, P0 Avg. Reward: -9.651, P1 Avg. Reward: 9.651
Q table: 
 [[-1.063 -0.925 -1.084 ... -1.01  -1.004 -1.06 ]
 [-0.967 -0.98  -1.019 ... -0.989 -1.023 -1.035]
 [-1.006 -1.025 -0.971 ... -1.031 -1.034 -1.063]
 ...
 [-0.966 -0.985 -0.962 ... -0.974 -0.987 -1.025]
 [-0.995 -0.973 -0.925 ... -0.975 -1.038 -1.013]
 [-0.936 -0.997 -0.937 ... -1.033 -1.082 -0.979]]
Nash policies:  [(array([0.   , 0.   , 0.   , 0.   , 0.   , 0.   , 0.   , 0.   , 0.   , 0.   , 0.   , 0.   , 0.155, 0.121, 0.   , 0.161, 0.563, 0.   ]), array([0.   , 0.   , 0.   , 0.   , 0.   , 0.   , 0.   , 0.   , 0.   , 0.   , 0.   , 0.   , 0.536, 0.007, 0.   , 0.   , 0.347, 0.11 ]))]
Frame: 30000000, Avg. RL Loss: 0.036, Avg. Q value: -0.900, Avg. Length: 1643.4, P0 Avg. Reward: -20.618, P1 Avg. Reward: 20.618
Q table: 
 [[-1.192 -0.968 -1.135 ... -1.297 -1.207 -1.229]
 [-1.154 -1.156 -1.074 ... -1.108 -1.251 -1.165]
 [-1.19  -1.102 -1.099 ... -1.129 -1.256 -1.22 ]
 ...
 [-1.153 -1.073 -1.088 ... -1.106 -1.243 -1.197]
 [-1.092 -0.967 -1.051 ... -1.03  -1.155 -1.063]
 [-1.158 -1.133 -1.108 ... -1.115 -1.27  -1.159]]
Nash policies:  [(array([0.   , 0.   , 0.   , 0.   , 0.   , 0.486, 0.   , 0.   , 0.   , 0.   , 0.   , 0.   , 0.   , 0.   , 0.   , 0.   , 0.514, 0.   ]), array([0.   , 0.   , 0.   , 0.   , 0.   , 0.808, 0.   , 0.   , 0.192, 0.   , 0.   , 0.   , 0.   , 0.   , 0.   , 0.   , 0.   , 0.   ]))]
Frame: 31000000, Avg. RL Loss: 0.038, Avg. Q value: -1.011, Avg. Length: 1616.5, P0 Avg. Reward: -19.963, P1 Avg. Reward: 19.963
Q table: 
 [[-1.312 -1.308 -1.356 ... -1.321 -1.344 -1.403]
 [-1.323 -1.314 -1.306 ... -1.328 -1.28  -1.354]
 [-1.363 -1.326 -1.309 ... -1.312 -1.359 -1.394]
 ...
 [-1.302 -1.255 -1.28  ... -1.403 -1.358 -1.431]
 [-1.315 -1.335 -1.269 ... -1.192 -1.341 -1.37 ]
 [-1.291 -1.347 -1.28  ... -1.335 -1.338 -1.353]]
Nash policies:  [(array([0.   , 0.   , 0.   , 0.   , 0.   , 0.   , 0.   , 0.   , 0.446, 0.53 , 0.024, 0.   , 0.   , 0.   , 0.   , 0.   , 0.   , 0.   ]), array([0.   , 0.   , 0.   , 0.   , 0.   , 0.   , 0.   , 0.   , 0.   , 0.   , 0.   , 0.006, 0.   , 0.473, 0.   , 0.   , 0.   , 0.521]))]
Frame: 32000000, Avg. RL Loss: 0.064, Avg. Q value: -1.533, Avg. Length: 1480.2, P0 Avg. Reward: -33.409, P1 Avg. Reward: 33.409
Q table: 
 [[-1.572 -1.602 -1.644 ... -1.595 -1.586 -1.725]
 [-1.59  -1.514 -1.711 ... -1.647 -1.546 -1.536]
 [-1.578 -1.35  -1.568 ... -1.644 -1.55  -1.513]
 ...
 [-1.6   -1.566 -1.522 ... -1.681 -1.61  -1.557]
 [-1.638 -1.672 -1.683 ... -1.708 -1.632 -1.603]
 [-1.69  -1.555 -1.681 ... -1.671 -1.59  -1.622]]
Nash policies:  [(array([0.   , 0.   , 0.   , 0.   , 0.   , 0.   , 0.   , 0.   , 0.   , 0.   , 0.876, 0.   , 0.   , 0.   , 0.   , 0.124, 0.   , 0.   ]), array([0.   , 0.   , 0.588, 0.   , 0.   , 0.   , 0.412, 0.   , 0.   , 0.   , 0.   , 0.   , 0.   , 0.   , 0.   , 0.   , 0.   , 0.   ]))]
Frame: 33000000, Avg. RL Loss: 0.030, Avg. Q value: -0.975, Avg. Length: 1637.8, P0 Avg. Reward: -16.221, P1 Avg. Reward: 16.221
Q table: 
 [[-0.064 -0.021 -0.056 ... -0.067  0.02  -0.014]
 [-0.059 -0.017 -0.084 ... -0.032 -0.022  0.044]
 [-0.033  0.008 -0.017 ... -0.036 -0.019  0.004]
 ...
 [-0.031 -0.036 -0.051 ... -0.063 -0.036 -0.001]
 [-0.073 -0.106 -0.116 ... -0.07  -0.003 -0.066]
 [-0.088 -0.096 -0.079 ... -0.069 -0.024  0.058]]
Nash policies:  [(array([0., 0., 0., 0., 0., 0., 1., 0., 0., 0., 0., 0., 0., 0., 0., 0., 0., 0.]), array([0., 0., 0., 0., 0., 0., 0., 0., 0., 0., 0., 1., 0., 0., 0., 0., 0., 0.]))]
Frame: 34000000, Avg. RL Loss: 0.000, Avg. Q value: -0.016, Avg. Length: 1785.0, P0 Avg. Reward: -0.155, P1 Avg. Reward: 0.155
Q table: 
 [[-0.049 -0.076 -0.065 ... -0.064 -0.053 -0.027]
 [-0.05  -0.084 -0.044 ... -0.091  0.015 -0.016]
 [-0.054 -0.077 -0.061 ... -0.058  0.092 -0.028]
 ...
 [-0.015 -0.035 -0.041 ... -0.037  0.015  0.006]
 [-0.071 -0.113 -0.111 ... -0.141 -0.038 -0.076]
 [-0.12  -0.099 -0.098 ... -0.085 -0.042 -0.036]]
Nash policies:  [(array([0.   , 0.   , 0.   , 0.   , 0.   , 0.   , 0.   , 0.   , 0.   , 0.   , 0.   , 0.081, 0.   , 0.   , 0.   , 0.919, 0.   , 0.   ]), array([0.   , 0.   , 0.958, 0.   , 0.   , 0.   , 0.   , 0.   , 0.   , 0.   , 0.   , 0.   , 0.   , 0.   , 0.042, 0.   , 0.   , 0.   ]))]
Frame: 35000000, Avg. RL Loss: 0.000, Avg. Q value: -0.011, Avg. Length: 1785.0, P0 Avg. Reward: -0.082, P1 Avg. Reward: 0.082
Q table: 
 [[ 0.006  0.012  0.012 ...  0.001  0.016  0.008]
 [ 0.016 -0.     0.003 ... -0.001 -0.021  0.009]
 [ 0.015 -0.009 -0.015 ... -0.004 -0.011 -0.014]
 ...
 [ 0.024 -0.037 -0.004 ... -0.017  0.024  0.035]
 [-0.001 -0.013 -0.014 ...  0.01   0.012 -0.017]
 [ 0.012 -0.021 -0.003 ... -0.015  0.     0.019]]
Nash policies:  [(array([0., 0., 0., 0., 0., 0., 1., 0., 0., 0., 0., 0., 0., 0., 0., 0., 0., 0.]), array([0., 0., 0., 0., 0., 0., 0., 0., 0., 0., 0., 0., 0., 0., 1., 0., 0., 0.]))]
Frame: 36000000, Avg. RL Loss: 0.000, Avg. Q value: -0.023, Avg. Length: 1785.0, P0 Avg. Reward: 0.334, P1 Avg. Reward: -0.334
Q table: 
 [[-0.089 -0.095 -0.036 ... -0.049 -0.06  -0.029]
 [-0.025 -0.056 -0.025 ... -0.053 -0.092 -0.058]
 [-0.088 -0.067 -0.041 ... -0.053 -0.091 -0.069]
 ...
 [-0.093 -0.077 -0.096 ... -0.092 -0.066 -0.059]
 [-0.01  -0.013 -0.059 ... -0.029 -0.064 -0.047]
 [-0.054 -0.057 -0.056 ... -0.072 -0.091 -0.038]]
Nash policies:  [(array([0.106, 0.   , 0.   , 0.   , 0.   , 0.249, 0.   , 0.   , 0.   , 0.   , 0.   , 0.354, 0.   , 0.209, 0.082, 0.   , 0.   , 0.   ]), array([0.   , 0.   , 0.   , 0.   , 0.   , 0.   , 0.   , 0.   , 0.466, 0.   , 0.   , 0.   , 0.   , 0.011, 0.108, 0.   , 0.39 , 0.026]))]
Frame: 37000000, Avg. RL Loss: 0.001, Avg. Q value: 0.032, Avg. Length: 1785.0, P0 Avg. Reward: 0.650, P1 Avg. Reward: -0.650
Q table: 
 [[ 0.018  0.006  0.013 ...  0.01   0.003  0.005]
 [ 0.011  0.011  0.007 ...  0.015 -0.008 -0.005]
 [ 0.008 -0.003  0.004 ...  0.006 -0.003 -0.013]
 ...
 [-0.    -0.026 -0.013 ... -0.01  -0.009 -0.004]
 [ 0.007  0.014  0.005 ...  0.004  0.006  0.   ]
 [ 0.008  0.016  0.041 ...  0.019 -0.006 -0.006]]
Nash policies:  [(array([0.031, 0.   , 0.   , 0.969, 0.   , 0.   , 0.   , 0.   , 0.   , 0.   , 0.   , 0.   , 0.   , 0.   , 0.   , 0.   , 0.   , 0.   ]), array([0.   , 0.   , 0.   , 0.   , 0.   , 0.   , 0.   , 0.   , 0.   , 0.   , 0.   , 0.711, 0.   , 0.289, 0.   , 0.   , 0.   , 0.   ]))]
Frame: 38000000, Avg. RL Loss: 0.000, Avg. Q value: 0.003, Avg. Length: 1785.0, P0 Avg. Reward: 0.004, P1 Avg. Reward: -0.004
Q table: 
 [[ 0.026  0.03   0.016 ...  0.01   0.023  0.017]
 [ 0.036  0.029  0.033 ...  0.029  0.013  0.019]
 [ 0.023  0.021 -0.    ...  0.015  0.015  0.011]
 ...
 [ 0.037  0.003  0.033 ...  0.01   0.014  0.026]
 [ 0.04   0.044  0.045 ...  0.03   0.009  0.005]
 [ 0.03   0.039  0.045 ...  0.023  0.025  0.024]]
Nash policies:  [(array([0.   , 0.   , 0.   , 0.105, 0.   , 0.   , 0.   , 0.   , 0.008, 0.   , 0.   , 0.053, 0.   , 0.   , 0.   , 0.   , 0.   , 0.834]), array([0.   , 0.   , 0.   , 0.   , 0.   , 0.   , 0.   , 0.   , 0.   , 0.   , 0.   , 0.239, 0.   , 0.   , 0.04 , 0.095, 0.626, 0.   ]))]
Frame: 39000000, Avg. RL Loss: 0.003, Avg. Q value: -0.001, Avg. Length: 1784.2, P0 Avg. Reward: 0.246, P1 Avg. Reward: -0.246
Q table: 
 [[-0.006 -0.017  0.002 ...  0.006 -0.006 -0.013]
 [-0.022 -0.016 -0.018 ... -0.004 -0.015 -0.015]
 [-0.011 -0.007 -0.016 ...  0.012 -0.01  -0.012]
 ...
 [-0.025 -0.014 -0.008 ...  0.008 -0.017 -0.029]
 [-0.011 -0.007 -0.015 ... -0.014 -0.004  0.01 ]
 [-0.036 -0.021 -0.011 ... -0.023 -0.003  0.003]]
Nash policies:  [(array([0.117, 0.   , 0.   , 0.599, 0.   , 0.   , 0.   , 0.   , 0.   , 0.   , 0.   , 0.112, 0.   , 0.   , 0.   , 0.   , 0.172, 0.   ]), array([0.327, 0.109, 0.   , 0.   , 0.   , 0.507, 0.   , 0.   , 0.   , 0.   , 0.   , 0.   , 0.   , 0.   , 0.   , 0.   , 0.   , 0.057]))]
Frame: 40000000, Avg. RL Loss: 0.000, Avg. Q value: -0.001, Avg. Length: 1785.0, P0 Avg. Reward: -0.004, P1 Avg. Reward: 0.004
Q table: 
 [[-0.008  0.    -0.004 ...  0.012  0.001 -0.001]
 [-0.009 -0.004 -0.005 ...  0.007 -0.001 -0.009]
 [-0.001  0.005  0.001 ...  0.024 -0.002  0.   ]
 ...
 [-0.014  0.019 -0.005 ...  0.015 -0.003 -0.007]
 [ 0.001  0.01  -0.002 ... -0.009 -0.     0.008]
 [-0.01  -0.005 -0.002 ... -0.012  0.006  0.01 ]]
Nash policies:  [(array([0.   , 0.   , 0.727, 0.   , 0.   , 0.   , 0.211, 0.   , 0.05 , 0.   , 0.   , 0.   , 0.013, 0.   , 0.   , 0.   , 0.   , 0.   ]), array([0.52 , 0.   , 0.208, 0.122, 0.   , 0.   , 0.   , 0.   , 0.15 , 0.   , 0.   , 0.   , 0.   , 0.   , 0.   , 0.   , 0.   , 0.   ]))]
Frame: 41000000, Avg. RL Loss: 0.000, Avg. Q value: 0.000, Avg. Length: 1785.0, P0 Avg. Reward: 0.011, P1 Avg. Reward: -0.011
Q table: 
 [[-0.001 -0.002 -0.001 ...  0.012  0.001 -0.   ]
 [ 0.002 -0.002  0.001 ...  0.012  0.002 -0.004]
 [ 0.002  0.     0.003 ...  0.011  0.001  0.001]
 ...
 [-0.007  0.007  0.    ...  0.006  0.    -0.004]
 [ 0.003  0.006  0.001 ... -0.001  0.003 -0.   ]
 [ 0.    -0.001 -0.003 ... -0.004  0.009  0.005]]
Nash policies:  [(array([0.   , 0.   , 0.134, 0.   , 0.   , 0.   , 0.   , 0.   , 0.173, 0.56 , 0.   , 0.   , 0.   , 0.   , 0.   , 0.   , 0.133, 0.   ]), array([0.   , 0.256, 0.   , 0.   , 0.   , 0.628, 0.   , 0.   , 0.06 , 0.057, 0.   , 0.   , 0.   , 0.   , 0.   , 0.   , 0.   , 0.   ]))]
Frame: 42000000, Avg. RL Loss: 0.002, Avg. Q value: 0.002, Avg. Length: 1781.1, P0 Avg. Reward: 0.098, P1 Avg. Reward: -0.098
Q table: 
 [[ 0.002  0.014  0.036 ...  0.028  0.015  0.034]
 [ 0.001 -0.009  0.028 ...  0.014 -0.011 -0.002]
 [ 0.004  0.022  0.003 ...  0.011 -0.003 -0.014]
 ...
 [-0.01   0.024  0.011 ...  0.039 -0.02  -0.024]
 [-0.013  0.017  0.005 ...  0.009  0.034  0.033]
 [-0.035 -0.012 -0.008 ...  0.021  0.008  0.008]]
Nash policies:  [(array([0.166, 0.   , 0.218, 0.   , 0.   , 0.002, 0.201, 0.   , 0.039, 0.   , 0.   , 0.   , 0.   , 0.   , 0.027, 0.348, 0.   , 0.   ]), array([0.014, 0.   , 0.   , 0.46 , 0.067, 0.129, 0.195, 0.121, 0.   , 0.   , 0.   , 0.   , 0.   , 0.   , 0.   , 0.   , 0.004, 0.01 ]))]
Frame: 43000000, Avg. RL Loss: 0.001, Avg. Q value: -0.005, Avg. Length: 1785.0, P0 Avg. Reward: -0.600, P1 Avg. Reward: 0.600
Q table: 
 [[-0.001  0.     0.002 ...  0.002 -0.     0.002]
 [-0.001  0.003  0.012 ...  0.004  0.007  0.007]
 [-0.     0.003 -0.007 ...  0.01  -0.013 -0.019]
 ...
 [-0.002  0.002 -0.007 ...  0.011 -0.005 -0.006]
 [-0.006 -0.    -0.007 ... -0.004 -0.002  0.005]
 [-0.009 -0.012  0.002 ...  0.003  0.004  0.002]]
Nash policies:  [(array([0.969, 0.031, 0.   , 0.   , 0.   , 0.   , 0.   , 0.   , 0.   , 0.   , 0.   , 0.   , 0.   , 0.   , 0.   , 0.   , 0.   , 0.   ]), array([0.   , 0.   , 0.   , 0.   , 0.   , 0.   , 0.493, 0.   , 0.507, 0.   , 0.   , 0.   , 0.   , 0.   , 0.   , 0.   , 0.   , 0.   ]))]
Frame: 44000000, Avg. RL Loss: 0.000, Avg. Q value: -0.003, Avg. Length: 1785.0, P0 Avg. Reward: -0.027, P1 Avg. Reward: 0.027
Q table: 
 [[-0.003 -0.004 -0.002 ... -0.001 -0.004 -0.   ]
 [-0.002 -0.002 -0.001 ... -0.001 -0.002  0.001]
 [-0.004  0.001 -0.004 ...  0.01  -0.01  -0.011]
 ...
 [-0.007 -0.002 -0.007 ...  0.    -0.003 -0.008]
 [-0.005 -0.002 -0.006 ... -0.003 -0.002  0.002]
 [-0.007 -0.013 -0.005 ...  0.002 -0.016 -0.014]]
Nash policies:  [(array([0.582, 0.   , 0.172, 0.   , 0.   , 0.   , 0.   , 0.126, 0.   , 0.   , 0.   , 0.   , 0.   , 0.   , 0.12 , 0.   , 0.   , 0.   ]), array([0.099, 0.   , 0.   , 0.   , 0.   , 0.   , 0.   , 0.   , 0.041, 0.77 , 0.   , 0.   , 0.   , 0.   , 0.   , 0.   , 0.091, 0.   ]))]
Frame: 45000000, Avg. RL Loss: 0.000, Avg. Q value: -0.006, Avg. Length: 1785.0, P0 Avg. Reward: -0.082, P1 Avg. Reward: 0.082
Q table: 
 [[-0.008 -0.004 -0.005 ... -0.006 -0.004 -0.005]
 [-0.007 -0.009 -0.005 ... -0.006 -0.008 -0.006]
 [-0.007 -0.007 -0.    ... -0.01  -0.008 -0.014]
 ...
 [-0.011 -0.018 -0.021 ... -0.008 -0.011 -0.004]
 [-0.014 -0.012 -0.008 ... -0.011 -0.009 -0.005]
 [-0.014 -0.02  -0.015 ... -0.006 -0.02  -0.022]]
Nash policies:  [(array([0.341, 0.   , 0.471, 0.   , 0.   , 0.   , 0.   , 0.   , 0.   , 0.   , 0.1  , 0.088, 0.   , 0.   , 0.   , 0.   , 0.   , 0.   ]), array([0.   , 0.   , 0.   , 0.   , 0.   , 0.   , 0.   , 0.   , 0.   , 0.915, 0.008, 0.   , 0.   , 0.   , 0.   , 0.076, 0.   , 0.001]))]
Frame: 46000000, Avg. RL Loss: 0.009, Avg. Q value: -0.089, Avg. Length: 1747.1, P0 Avg. Reward: -4.930, P1 Avg. Reward: 4.930
Q table: 
 [[-0.014 -0.015 -0.022 ... -0.024 -0.012 -0.007]
 [-0.028 -0.004 -0.032 ... -0.007 -0.006 -0.005]
 [-0.01   0.    -0.037 ...  0.005 -0.008  0.015]
 ...
 [-0.013  0.007 -0.012 ... -0.013 -0.013 -0.001]
 [-0.033 -0.009 -0.03  ... -0.025 -0.009 -0.015]
 [-0.015 -0.022  0.005 ... -0.022  0.001 -0.01 ]]
Nash policies:  [(array([0.   , 0.   , 0.065, 0.   , 0.   , 0.   , 0.   , 0.   , 0.561, 0.   , 0.   , 0.   , 0.   , 0.   , 0.373, 0.   , 0.   , 0.   ]), array([0.163, 0.   , 0.   , 0.   , 0.   , 0.   , 0.   , 0.   , 0.689, 0.   , 0.148, 0.   , 0.   , 0.   , 0.   , 0.   , 0.   , 0.   ]))]
Frame: 47000000, Avg. RL Loss: 0.005, Avg. Q value: -0.035, Avg. Length: 1785.0, P0 Avg. Reward: -2.118, P1 Avg. Reward: 2.118
Q table: 
 [[-0.06  -0.067 -0.06  ... -0.051 -0.066 -0.059]
 [-0.069 -0.047 -0.051 ... -0.063 -0.067 -0.071]
 [-0.084 -0.071 -0.068 ... -0.072 -0.109 -0.086]
 ...
 [-0.092 -0.103 -0.054 ... -0.047 -0.093 -0.088]
 [-0.069 -0.06  -0.06  ... -0.071 -0.061 -0.061]
 [-0.082 -0.069 -0.066 ... -0.075 -0.076 -0.086]]
Nash policies:  [(array([0.   , 0.   , 0.   , 0.   , 0.   , 0.   , 0.   , 0.   , 0.   , 0.   , 0.236, 0.   , 0.   , 0.   , 0.764, 0.   , 0.   , 0.   ]), array([0.   , 0.   , 0.   , 0.   , 0.646, 0.   , 0.   , 0.   , 0.   , 0.   , 0.   , 0.   , 0.   , 0.   , 0.   , 0.   , 0.354, 0.   ]))]
Frame: 48000000, Avg. RL Loss: 0.043, Avg. Q value: -0.890, Avg. Length: 1521.9, P0 Avg. Reward: -23.676, P1 Avg. Reward: 23.676
Q table: 
 [[-0.748 -0.694 -0.682 ... -0.666 -0.794 -0.679]
 [-0.673 -0.707 -0.699 ... -0.65  -0.701 -0.628]
 [-0.741 -0.67  -0.708 ... -0.773 -0.711 -0.688]
 ...
 [-0.713 -0.678 -0.686 ... -0.747 -0.693 -0.669]
 [-0.672 -0.684 -0.662 ... -0.739 -0.737 -0.674]
 [-0.712 -0.729 -0.736 ... -0.804 -0.764 -0.732]]
Nash policies:  [(array([0.   , 0.095, 0.   , 0.   , 0.   , 0.   , 0.   , 0.   , 0.   , 0.   , 0.416, 0.489, 0.   , 0.   , 0.   , 0.   , 0.   , 0.   ]), array([0.   , 0.   , 0.   , 0.   , 0.   , 0.   , 0.349, 0.   , 0.   , 0.   , 0.   , 0.151, 0.   , 0.   , 0.5  , 0.   , 0.   , 0.   ]))]
Frame: 49000000, Avg. RL Loss: 0.118, Avg. Q value: -2.839, Avg. Length: 1008.1, P0 Avg. Reward: -41.818, P1 Avg. Reward: 41.818
Q table: 
 [[-4.492 -5.28  -4.52  ... -4.332 -4.555 -4.674]
 [-4.624 -4.469 -4.357 ... -4.378 -4.654 -4.87 ]
 [-4.687 -4.283 -4.607 ... -4.549 -4.562 -4.899]
 ...
 [-4.754 -4.663 -4.748 ... -4.478 -4.735 -4.684]
 [-4.354 -4.395 -4.264 ... -4.239 -4.42  -4.482]
 [-4.323 -4.513 -4.496 ... -4.376 -4.517 -4.675]]
Nash policies:  [(array([0.   , 0.   , 0.   , 0.   , 0.   , 0.   , 0.   , 0.   , 0.   , 0.   , 0.   , 0.   , 0.   , 0.   , 0.   , 0.   , 0.895, 0.105]), array([0.   , 0.   , 0.   , 0.   , 0.   , 0.469, 0.   , 0.   , 0.   , 0.531, 0.   , 0.   , 0.   , 0.   , 0.   , 0.   , 0.   , 0.   ]))]
Frame: 50000000, Avg. RL Loss: 0.231, Avg. Q value: -5.672, Avg. Length: 686.3, P0 Avg. Reward: -47.573, P1 Avg. Reward: 47.573
Q table: 
 [[ -9.67  -10.451 -10.035 ... -10.452 -10.055 -11.053]
 [-10.125  -9.847  -9.808 ... -10.069 -10.305 -11.133]
 [ -9.426  -9.933  -9.467 ... -10.467  -9.87  -11.258]
 ...
 [ -8.999 -10.08   -9.782 ... -10.665 -10.309 -10.866]
 [-10.092  -9.547 -10.258 ... -10.487 -10.678 -11.315]
 [-10.184  -9.66   -9.777 ... -10.353 -10.789 -11.303]]
Nash policies:  [(array([0., 0., 0., 0., 0., 0., 0., 1., 0., 0., 0., 0., 0., 0., 0., 0., 0., 0.]), array([0., 0., 0., 0., 0., 0., 0., 0., 0., 0., 0., 0., 1., 0., 0., 0., 0., 0.]))]
Frame: 51000000, Avg. RL Loss: 0.165, Avg. Q value: -5.112, Avg. Length: 889.4, P0 Avg. Reward: -40.610, P1 Avg. Reward: 40.610
Q table: 
 [[-2.196 -2.069 -2.084 ... -2.129 -2.077 -2.103]
 [-2.116 -2.148 -2.238 ... -2.081 -2.009 -2.095]
 [-2.027 -2.02  -2.116 ... -2.099 -1.981 -2.13 ]
 ...
 [-2.174 -1.985 -2.05  ... -2.113 -2.157 -2.135]
 [-2.164 -2.046 -2.122 ... -2.131 -2.101 -2.126]
 [-2.085 -2.152 -2.114 ... -2.224 -2.201 -2.22 ]]
Nash policies:  [(array([0.   , 0.   , 0.   , 0.   , 0.   , 0.   , 0.   , 0.   , 0.   , 0.   , 0.949, 0.051, 0.   , 0.   , 0.   , 0.   , 0.   , 0.   ]), array([0.   , 0.   , 0.361, 0.   , 0.   , 0.   , 0.   , 0.   , 0.   , 0.   , 0.   , 0.   , 0.   , 0.   , 0.   , 0.   , 0.   , 0.639]))]
Frame: 52000000, Avg. RL Loss: 0.057, Avg. Q value: -1.821, Avg. Length: 1460.7, P0 Avg. Reward: -34.063, P1 Avg. Reward: 34.063
Q table: 
 [[-2.246 -2.271 -2.225 ... -2.309 -2.393 -2.323]
 [-2.263 -2.372 -2.262 ... -2.282 -2.286 -2.328]
 [-2.266 -2.253 -2.276 ... -2.334 -2.238 -2.268]
 ...
 [-2.339 -2.255 -2.234 ... -2.235 -2.331 -2.32 ]
 [-2.3   -2.241 -2.258 ... -2.248 -2.236 -2.437]
 [-2.255 -2.482 -2.365 ... -2.346 -2.286 -2.424]]
Nash policies:  [(array([0.   , 0.   , 0.   , 0.165, 0.   , 0.   , 0.299, 0.   , 0.   , 0.   , 0.   , 0.   , 0.149, 0.059, 0.328, 0.   , 0.   , 0.   ]), array([0.   , 0.   , 0.   , 0.   , 0.   , 0.   , 0.204, 0.   , 0.   , 0.   , 0.341, 0.   , 0.   , 0.   , 0.09 , 0.015, 0.   , 0.35 ]))]
Frame: 53000000, Avg. RL Loss: 0.204, Avg. Q value: -6.275, Avg. Length: 810.9, P0 Avg. Reward: -36.804, P1 Avg. Reward: 36.804
Q table: 
 [[-4.888 -5.088 -5.034 ... -5.358 -5.119 -5.226]
 [-5.    -4.714 -5.11  ... -5.186 -4.952 -5.128]
 [-4.973 -4.92  -4.992 ... -5.035 -4.796 -5.217]
 ...
 [-4.93  -5.025 -4.899 ... -4.952 -4.807 -5.057]
 [-5.17  -5.081 -5.118 ... -5.084 -4.99  -4.934]
 [-5.138 -5.07  -5.057 ... -5.104 -5.044 -4.935]]
Nash policies:  [(array([0.   , 0.   , 0.   , 0.   , 0.   , 0.   , 0.615, 0.   , 0.   , 0.   , 0.   , 0.   , 0.   , 0.   , 0.268, 0.117, 0.   , 0.   ]), array([0.   , 0.37 , 0.   , 0.   , 0.   , 0.   , 0.   , 0.   , 0.   , 0.   , 0.   , 0.   , 0.   , 0.   , 0.   , 0.595, 0.   , 0.035]))]
Frame: 54000000, Avg. RL Loss: 0.200, Avg. Q value: -4.213, Avg. Length: 893.5, P0 Avg. Reward: -39.226, P1 Avg. Reward: 39.226
Q table: 
 [[-3.346 -3.223 -3.42  ... -3.386 -3.361 -3.474]
 [-3.451 -3.381 -3.536 ... -3.19  -3.499 -3.547]
 [-3.439 -3.333 -3.323 ... -3.435 -3.509 -3.599]
 ...
 [-3.611 -3.309 -3.556 ... -3.414 -3.541 -3.662]
 [-3.268 -3.071 -3.181 ... -3.005 -3.34  -3.33 ]
 [-3.216 -3.41  -3.271 ... -3.38  -3.415 -3.29 ]]
Nash policies:  [(array([0.   , 0.   , 0.   , 0.   , 0.   , 0.   , 0.   , 0.   , 0.892, 0.   , 0.   , 0.   , 0.   , 0.   , 0.   , 0.   , 0.108, 0.   ]), array([0.   , 0.   , 0.   , 0.   , 0.   , 0.365, 0.   , 0.   , 0.   , 0.   , 0.   , 0.635, 0.   , 0.   , 0.   , 0.   , 0.   , 0.   ]))]
Frame: 55000000, Avg. RL Loss: 0.111, Avg. Q value: -1.635, Avg. Length: 1269.6, P0 Avg. Reward: -29.928, P1 Avg. Reward: 29.928
Q table: 
 [[-1.651 -1.441 -1.565 ... -1.747 -1.685 -1.909]
 [-1.655 -1.778 -1.624 ... -1.705 -1.704 -1.867]
 [-1.666 -1.652 -1.612 ... -1.843 -1.716 -1.96 ]
 ...
 [-1.643 -1.747 -1.548 ... -1.721 -1.766 -1.839]
 [-1.571 -1.48  -1.621 ... -1.588 -1.763 -1.746]
 [-1.554 -1.737 -1.532 ... -1.785 -1.742 -1.854]]
Nash policies:  [(array([0., 0., 0., 0., 0., 0., 0., 0., 1., 0., 0., 0., 0., 0., 0., 0., 0., 0.]), array([0., 0., 0., 0., 0., 0., 0., 0., 0., 0., 0., 0., 0., 0., 0., 0., 0., 1.]))]
Frame: 56000000, Avg. RL Loss: 0.209, Avg. Q value: -2.903, Avg. Length: 936.9, P0 Avg. Reward: -32.138, P1 Avg. Reward: 32.138
Q table: 
 [[-0.169 -0.142 -0.186 ... -0.133 -0.135  0.016]
 [-0.142 -0.092 -0.104 ... -0.119 -0.153 -0.017]
 [-0.19  -0.172 -0.195 ... -0.117 -0.196 -0.087]
 ...
 [-0.081 -0.208 -0.089 ...  0.004 -0.103 -0.041]
 [-0.186 -0.112 -0.147 ... -0.106 -0.223 -0.032]
 [-0.175 -0.172 -0.141 ... -0.122 -0.144  0.001]]
Nash policies:  [(array([0.   , 0.281, 0.   , 0.   , 0.   , 0.   , 0.   , 0.   , 0.   , 0.   , 0.   , 0.   , 0.241, 0.   , 0.231, 0.247, 0.   , 0.   ]), array([0.   , 0.   , 0.   , 0.   , 0.   , 0.   , 0.   , 0.   , 0.066, 0.   , 0.41 , 0.   , 0.   , 0.   , 0.209, 0.   , 0.315, 0.   ]))]
Frame: 57000000, Avg. RL Loss: 0.010, Avg. Q value: -0.089, Avg. Length: 1785.0, P0 Avg. Reward: -2.995, P1 Avg. Reward: 2.995
Q table: 
 [[-0.081 -0.062 -0.109 ... -0.073 -0.106 -0.102]
 [-0.084 -0.064 -0.063 ... -0.089 -0.068 -0.036]
 [-0.119 -0.145 -0.177 ... -0.129 -0.141 -0.031]
 ...
 [-0.149 -0.132 -0.128 ... -0.125 -0.12  -0.175]
 [-0.165 -0.183 -0.078 ... -0.205 -0.178 -0.168]
 [-0.161 -0.134 -0.149 ... -0.133 -0.146 -0.154]]
Nash policies:  [(array([0., 0., 0., 0., 0., 0., 0., 0., 0., 0., 1., 0., 0., 0., 0., 0., 0., 0.]), array([0., 0., 0., 0., 0., 0., 0., 0., 0., 0., 0., 0., 0., 0., 1., 0., 0., 0.]))]
Frame: 58000000, Avg. RL Loss: 0.000, Avg. Q value: -0.015, Avg. Length: 1785.0, P0 Avg. Reward: 0.005, P1 Avg. Reward: -0.005
Q table: 
 [[-0.013 -0.043 -0.058 ... -0.022 -0.016 -0.08 ]
 [-0.006 -0.005 -0.024 ...  0.022  0.032 -0.037]
 [-0.079 -0.03  -0.107 ... -0.029 -0.068 -0.169]
 ...
 [-0.112 -0.066 -0.066 ...  0.023 -0.057 -0.106]
 [-0.01  -0.04  -0.057 ... -0.019 -0.051 -0.2  ]
 [-0.062 -0.03  -0.08  ... -0.044  0.008 -0.05 ]]Load PettingZoo Atari env: boxing_v1
Load PettingZoo Atari env: boxing_v1
Load PettingZoo Atari env: boxing_v1
Load PettingZoo Atari env: boxing_v1
Load PettingZoo Atari env: boxing_v1
