Cannot import pettingzoo env:  pong_v2
                          Options
                          seed: 1122
                          batch_size: 1024
                          no_cuda: False
                          training_id: 0
                          max_frames: 500000000
                          buffer_size: 100000
                          update_target: 1000
                          train_freq: 100
                          gamma: 0.99
                          eta: 0.1
                          rl_start: 10000
                          sl_start: 1000
                          num_envs: 3
                          hidden_dim: 256
                          dueling: False
                          multi_step: 1
                          cce: False
                          env: boxing_v1
                          ram: True
                          negative: False
                          against_baseline: False
                          load_model: None
                          save_model: 20210607_0157
                          evaluate: False
                          render: False
                          evaluation_interval: 50000
                          lr: 0.0001
                          max_tag_interval: 10000
                          eps_start: 1.0
                          eps_final: 0.01
                          eps_decay: 30000
                          cuda: True
                          device: cuda:0
[Box(0.0, 1.0, (128,), float32), Box(0.0, 1.0, (128,), float32), Box(0.0, 1.0, (128,), float32)] [Discrete(18), Discrete(18), Discrete(18)]
(128,)
(128,)
Frame: 150000, Avg. RL Loss: 0.001, Avg. Q value: 0.012, Avg. Length: 7139.0, P0 Avg. Reward: -0.143, P1 Avg. Reward: 0.143
Q table: 
 [[ 0.014  0.013  0.012 ...  0.01   0.013  0.018]
 [ 0.003  0.03   0.015 ...  0.012  0.015  0.013]
 [ 0.011  0.03   0.011 ...  0.011  0.02   0.014]
 ...
 [ 0.022  0.02   0.012 ...  0.027  0.018  0.008]
 [ 0.016  0.008  0.01  ...  0.011  0.018  0.02 ]
 [ 0.004  0.02   0.017 ...  0.011 -0.008  0.017]]
Nash policies:  [(array([0.   , 0.   , 0.127, 0.   , 0.119, 0.   , 0.   , 0.035, 0.   , 0.09 , 0.   , 0.   , 0.328, 0.011, 0.115, 0.174, 0.   , 0.002]), array([0.051, 0.   , 0.131, 0.033, 0.   , 0.137, 0.015, 0.   , 0.281, 0.   , 0.174, 0.   , 0.168, 0.   , 0.011, 0.   , 0.   , 0.   ]))]
Frame: 300000, Avg. RL Loss: 0.001, Avg. Q value: 0.012, Avg. Length: 7139.0, P0 Avg. Reward: 0.190, P1 Avg. Reward: -0.190
Q table: 
 [[0.01  0.01  0.011 ... 0.01  0.007 0.013]
 [0.011 0.012 0.012 ... 0.008 0.011 0.009]
 [0.006 0.011 0.008 ... 0.013 0.008 0.009]
 ...
 [0.011 0.01  0.003 ... 0.012 0.011 0.01 ]
 [0.012 0.011 0.013 ... 0.01  0.01  0.015]
 [0.009 0.012 0.012 ... 0.011 0.009 0.014]]
Nash policies:  [(array([0.   , 0.   , 0.   , 0.   , 0.   , 0.   , 0.   , 0.187, 0.006, 0.37 , 0.087, 0.   , 0.   , 0.   , 0.043, 0.162, 0.144, 0.   ]), array([0.081, 0.   , 0.158, 0.097, 0.   , 0.   , 0.058, 0.   , 0.   , 0.   , 0.   , 0.225, 0.   , 0.   , 0.308, 0.072, 0.   , 0.   ]))]
Frame: 450000, Avg. RL Loss: 0.001, Avg. Q value: 0.009, Avg. Length: 7139.0, P0 Avg. Reward: 0.619, P1 Avg. Reward: -0.619
Q table: 
 [[ 0.008  0.01   0.01  ...  0.008  0.007  0.011]
 [ 0.006  0.005  0.009 ...  0.01   0.01   0.015]
 [ 0.011  0.009  0.013 ...  0.003  0.007  0.026]
 ...
 [ 0.013  0.008  0.01  ...  0.007  0.005  0.008]
 [ 0.003  0.006  0.008 ...  0.008  0.003  0.007]
 [ 0.01  -0.021  0.015 ...  0.002  0.006  0.01 ]]
Nash policies:  [(array([0.242, 0.   , 0.021, 0.101, 0.17 , 0.248, 0.   , 0.028, 0.   , 0.089, 0.026, 0.   , 0.042, 0.   , 0.   , 0.   , 0.   , 0.034]), array([0.013, 0.014, 0.   , 0.   , 0.   , 0.009, 0.181, 0.   , 0.   , 0.   , 0.043, 0.45 , 0.   , 0.125, 0.   , 0.   , 0.1  , 0.064]))]
Frame: 600000, Avg. RL Loss: 0.001, Avg. Q value: 0.008, Avg. Length: 7139.0, P0 Avg. Reward: -2.333, P1 Avg. Reward: 2.333
Q table: 
 [[ 0.007  0.013  0.003 ...  0.006  0.004 -0.002]
 [-0.001 -0.002  0.    ...  0.006  0.008  0.003]
 [ 0.011  0.003  0.002 ...  0.004 -0.002  0.009]
 ...
 [ 0.02   0.006  0.01  ...  0.     0.013  0.007]
 [ 0.008  0.007  0.005 ...  0.011  0.003  0.001]
 [ 0.012  0.008  0.003 ...  0.012  0.003  0.001]]
Nash policies:  [(array([0.   , 0.   , 0.   , 0.02 , 0.   , 0.667, 0.166, 0.   , 0.042, 0.   , 0.   , 0.   , 0.   , 0.   , 0.   , 0.   , 0.068, 0.038]), array([0.   , 0.   , 0.   , 0.   , 0.267, 0.   , 0.026, 0.   , 0.   , 0.   , 0.   , 0.251, 0.   , 0.093, 0.011, 0.177, 0.   , 0.174]))]
Frame: 750000, Avg. RL Loss: 0.002, Avg. Q value: 0.004, Avg. Length: 7139.0, P0 Avg. Reward: -0.905, P1 Avg. Reward: 0.905
Q table: 
 [[ 0.     0.003  0.005 ...  0.003 -0.007 -0.001]
 [-0.     0.003  0.002 ...  0.004  0.005  0.007]
 [ 0.005  0.005  0.004 ...  0.005  0.006  0.005]
 ...
 [ 0.02   0.005  0.005 ...  0.003  0.002  0.006]
 [ 0.001  0.006  0.002 ...  0.007  0.003  0.002]
 [ 0.019  0.004  0.002 ...  0.003  0.005  0.001]]
Nash policies:  [(array([0.   , 0.346, 0.089, 0.01 , 0.   , 0.   , 0.   , 0.093, 0.058, 0.   , 0.   , 0.   , 0.072, 0.   , 0.325, 0.   , 0.008, 0.   ]), array([0.   , 0.111, 0.095, 0.082, 0.174, 0.   , 0.026, 0.   , 0.   , 0.   , 0.   , 0.206, 0.121, 0.185, 0.   , 0.   , 0.   , 0.   ]))]
Frame: 900000, Avg. RL Loss: 0.001, Avg. Q value: 0.004, Avg. Length: 7139.0, P0 Avg. Reward: 1.143, P1 Avg. Reward: -1.143
Q table: 
 [[ 0.002  0.006  0.003 ...  0.006  0.001 -0.003]
 [ 0.003  0.002  0.001 ...  0.005  0.004  0.013]
 [ 0.009  0.005 -0.    ...  0.003  0.004  0.007]
 ...
 [ 0.017  0.004  0.006 ...  0.001  0.006  0.005]
 [ 0.001  0.003  0.008 ...  0.004  0.004  0.   ]
 [ 0.015  0.007  0.005 ...  0.003  0.005  0.006]]
Nash policies:  [(array([0.066, 0.   , 0.   , 0.   , 0.   , 0.54 , 0.   , 0.134, 0.078, 0.   , 0.   , 0.   , 0.036, 0.   , 0.   , 0.   , 0.005, 0.14 ]), array([0.   , 0.   , 0.139, 0.   , 0.061, 0.   , 0.   , 0.   , 0.   , 0.   , 0.16 , 0.047, 0.163, 0.217, 0.   , 0.214, 0.   , 0.   ]))]
Frame: 1050000, Avg. RL Loss: 0.000, Avg. Q value: 0.004, Avg. Length: 7139.0, P0 Avg. Reward: -0.143, P1 Avg. Reward: 0.143
Q table: 
 [[ 0.002  0.004  0.004 ...  0.004  0.006  0.002]
 [ 0.002  0.008  0.006 ...  0.003  0.005  0.005]
 [ 0.002  0.002  0.005 ...  0.002  0.003  0.006]
 ...
 [ 0.011  0.007  0.003 ...  0.004  0.003  0.008]
 [ 0.002 -0.001  0.002 ...  0.004  0.003  0.004]
 [ 0.011  0.006  0.003 ...  0.005  0.003  0.003]]
Nash policies:  [(array([0.166, 0.02 , 0.035, 0.192, 0.   , 0.   , 0.   , 0.   , 0.276, 0.   , 0.   , 0.   , 0.016, 0.038, 0.   , 0.166, 0.   , 0.092]), array([0.   , 0.008, 0.088, 0.   , 0.   , 0.126, 0.   , 0.243, 0.109, 0.   , 0.111, 0.   , 0.233, 0.06 , 0.022, 0.   , 0.   , 0.   ]))]
Frame: 1200000, Avg. RL Loss: 0.000, Avg. Q value: 0.003, Avg. Length: 7139.0, P0 Avg. Reward: 0.095, P1 Avg. Reward: -0.095
Q table: 
 [[0.002 0.005 0.001 ... 0.004 0.003 0.004]
 [0.001 0.005 0.004 ... 0.004 0.005 0.003]
 [0.001 0.003 0.003 ... 0.004 0.003 0.005]
 ...
 [0.009 0.005 0.004 ... 0.001 0.008 0.007]
 [0.004 0.004 0.002 ... 0.003 0.003 0.002]
 [0.012 0.004 0.003 ... 0.002 0.005 0.002]]
Nash policies:  [(array([0.036, 0.175, 0.233, 0.   , 0.   , 0.   , 0.074, 0.   , 0.033, 0.139, 0.   , 0.221, 0.089, 0.   , 0.   , 0.   , 0.   , 0.   ]), array([0.   , 0.   , 0.01 , 0.   , 0.299, 0.   , 0.   , 0.   , 0.019, 0.   , 0.18 , 0.135, 0.067, 0.   , 0.051, 0.238, 0.   , 0.   ]))]
Frame: 1350000, Avg. RL Loss: 0.000, Avg. Q value: 0.003, Avg. Length: 7139.0, P0 Avg. Reward: -0.571, P1 Avg. Reward: 0.571
Q table: 
 [[ 0.004 -0.002  0.006 ...  0.004  0.004  0.002]
 [ 0.005  0.008  0.005 ...  0.006  0.003 -0.001]
 [-0.001  0.002  0.004 ...  0.005  0.     0.001]
 ...
 [ 0.007  0.009 -0.002 ...  0.004  0.003  0.001]
 [ 0.009  0.002 -0.002 ...  0.    -0.     0.009]
 [ 0.005  0.006  0.004 ...  0.006  0.     0.001]]
Nash policies:  [(array([0.006, 0.044, 0.   , 0.011, 0.   , 0.   , 0.   , 0.409, 0.   , 0.158, 0.077, 0.   , 0.   , 0.   , 0.069, 0.225, 0.   , 0.   ]), array([0.   , 0.   , 0.096, 0.   , 0.249, 0.232, 0.   , 0.202, 0.   , 0.   , 0.06 , 0.016, 0.05 , 0.   , 0.   , 0.095, 0.   , 0.   ]))]
Frame: 1500000, Avg. RL Loss: 0.001, Avg. Q value: 0.003, Avg. Length: 7139.0, P0 Avg. Reward: 1.524, P1 Avg. Reward: -1.524
Q table: 
 [[ 0.005 -0.001  0.003 ... -0.022 -0.001  0.004]
 [ 0.003  0.002  0.001 ...  0.003  0.004  0.001]
 [-0.004  0.001  0.002 ...  0.005  0.006  0.004]
 ...
 [ 0.004  0.004  0.007 ...  0.004  0.002  0.006]
 [ 0.008  0.002  0.003 ...  0.002  0.001  0.007]
 [ 0.008  0.003  0.002 ...  0.005  0.003  0.017]]
Nash policies:  [(array([0.   , 0.   , 0.   , 0.107, 0.   , 0.   , 0.014, 0.05 , 0.   , 0.   , 0.361, 0.062, 0.104, 0.   , 0.081, 0.173, 0.   , 0.047]), array([0.   , 0.258, 0.   , 0.128, 0.095, 0.   , 0.138, 0.   , 0.136, 0.1  , 0.   , 0.   , 0.034, 0.038, 0.   , 0.074, 0.   , 0.   ]))]
Frame: 1650000, Avg. RL Loss: 0.001, Avg. Q value: 0.001, Avg. Length: 7139.0, P0 Avg. Reward: -2.143, P1 Avg. Reward: 2.143
Q table: 
 [[-0.001 -0.006 -0.001 ... -0.001  0.004 -0.003]
 [ 0.004  0.001 -0.    ... -0.006  0.001  0.004]
 [ 0.001 -0.001 -0.004 ...  0.001  0.003 -0.001]
 ...
 [ 0.002  0.003 -0.001 ...  0.002 -0.004 -0.001]
 [ 0.005 -0.    -0.002 ... -0.001  0.002  0.003]
 [ 0.    -0.009 -0.001 ...  0.001 -0.003  0.006]]
Nash policies:  [(array([0.   , 0.   , 0.   , 0.   , 0.   , 0.   , 0.   , 0.   , 0.   , 0.   , 0.   , 0.   , 0.095, 0.   , 0.344, 0.438, 0.016, 0.106]), array([0.   , 0.09 , 0.   , 0.   , 0.   , 0.   , 0.216, 0.   , 0.   , 0.   , 0.39 , 0.   , 0.   , 0.088, 0.   , 0.215, 0.   , 0.   ]))]
Frame: 1800000, Avg. RL Loss: 0.001, Avg. Q value: -0.001, Avg. Length: 7139.0, P0 Avg. Reward: 1.714, P1 Avg. Reward: -1.714
Q table: 
 [[ 0.001 -0.001  0.001 ... -0.002 -0.004 -0.004]
 [-0.002  0.    -0.003 ... -0.004  0.    -0.003]
 [ 0.001 -0.002  0.007 ... -0.003  0.002 -0.002]
 ...
 [ 0.001  0.001  0.005 ... -0.007 -0.001 -0.003]
 [-0.005  0.002  0.002 ...  0.001 -0.002 -0.001]
 [ 0.     0.002  0.    ... -0.002  0.002 -0.001]]
Nash policies:  [(array([0.012, 0.056, 0.   , 0.   , 0.   , 0.   , 0.042, 0.   , 0.   , 0.278, 0.   , 0.   , 0.109, 0.   , 0.245, 0.   , 0.   , 0.257]), array([0.   , 0.02 , 0.   , 0.193, 0.   , 0.   , 0.02 , 0.155, 0.   , 0.   , 0.   , 0.034, 0.521, 0.   , 0.   , 0.056, 0.   , 0.   ]))]
Frame: 1950000, Avg. RL Loss: 0.001, Avg. Q value: 0.003, Avg. Length: 7139.0, P0 Avg. Reward: 1.667, P1 Avg. Reward: -1.667
Q table: 
 [[ 0.002  0.007  0.004 ... -0.004  0.003 -0.005]
 [-0.005 -0.002 -0.009 ...  0.003  0.001 -0.002]
 [ 0.011  0.005 -0.006 ... -0.006  0.013 -0.002]
 ...
 [ 0.019 -0.006 -0.001 ... -0.005  0.013  0.006]
 [ 0.001 -0.002  0.008 ... -0.006  0.004 -0.002]
 [ 0.01  -0.009  0.005 ... -0.006  0.001  0.002]]
Nash policies:  [(array([0.   , 0.   , 0.   , 0.049, 0.   , 0.   , 0.203, 0.   , 0.042, 0.093, 0.068, 0.   , 0.03 , 0.   , 0.102, 0.412, 0.   , 0.   ]), array([0.   , 0.09 , 0.   , 0.088, 0.   , 0.   , 0.054, 0.312, 0.004, 0.   , 0.   , 0.1  , 0.   , 0.234, 0.   , 0.118, 0.   , 0.   ]))]
Frame: 2100000, Avg. RL Loss: 0.002, Avg. Q value: 0.001, Avg. Length: 7139.0, P0 Avg. Reward: -0.571, P1 Avg. Reward: 0.571
Q table: 
 [[-0.006 -0.005 -0.001 ... -0.016  0.004 -0.003]
 [-0.003 -0.005 -0.007 ... -0.002 -0.006 -0.002]
 [-0.    -0.01   0.    ... -0.014 -0.006  0.01 ]
 ...
 [ 0.009  0.001  0.003 ...  0.002  0.004  0.006]
 [-0.003  0.002  0.001 ...  0.004  0.003 -0.003]
 [ 0.019 -0.004 -0.    ... -0.006 -0.001 -0.003]]
Nash policies:  [(array([0.   , 0.276, 0.   , 0.11 , 0.   , 0.   , 0.   , 0.129, 0.   , 0.   , 0.   , 0.   , 0.   , 0.   , 0.165, 0.254, 0.066, 0.   ]), array([0.   , 0.203, 0.   , 0.   , 0.   , 0.   , 0.   , 0.104, 0.   , 0.   , 0.   , 0.   , 0.272, 0.172, 0.   , 0.168, 0.08 , 0.   ]))]
Frame: 2250000, Avg. RL Loss: 0.002, Avg. Q value: 0.001, Avg. Length: 7139.0, P0 Avg. Reward: 1.524, P1 Avg. Reward: -1.524
Q table: 
 [[ 0.005  0.009  0.007 ...  0.007 -0.011 -0.   ]
 [ 0.     0.     0.001 ... -0.004  0.002 -0.   ]
 [-0.016 -0.001  0.006 ... -0.002  0.003  0.003]
 ...
 [ 0.013  0.006  0.012 ...  0.005 -0.002 -0.007]
 [ 0.002  0.005  0.006 ...  0.008  0.004  0.004]
 [ 0.014  0.002  0.008 ...  0.007  0.003  0.005]]
Nash policies:  [(array([0.   , 0.   , 0.   , 0.   , 0.   , 0.   , 0.093, 0.   , 0.   , 0.25 , 0.   , 0.   , 0.083, 0.088, 0.462, 0.   , 0.024, 0.   ]), array([0.   , 0.   , 0.   , 0.   , 0.   , 0.   , 0.151, 0.164, 0.   , 0.111, 0.   , 0.161, 0.   , 0.   , 0.075, 0.   , 0.338, 0.   ]))]
Frame: 2400000, Avg. RL Loss: 0.001, Avg. Q value: -0.000, Avg. Length: 7139.0, P0 Avg. Reward: -0.381, P1 Avg. Reward: 0.381
Q table: 
 [[ 0.008  0.009 -0.    ...  0.022 -0.002  0.003]
 [-0.005  0.007  0.004 ... -0.003  0.002 -0.003]
 [-0.008  0.002  0.004 ...  0.004 -0.009  0.006]
 ...
 [ 0.005  0.017  0.011 ...  0.013  0.    -0.005]
 [-0.005  0.007  0.01  ...  0.012  0.013  0.009]
 [ 0.009  0.003  0.014 ...  0.012  0.006 -0.001]]
Nash policies:  [(array([0.   , 0.   , 0.   , 0.   , 0.   , 0.   , 0.008, 0.027, 0.   , 0.204, 0.   , 0.   , 0.   , 0.   , 0.609, 0.   , 0.151, 0.   ]), array([0.   , 0.   , 0.   , 0.   , 0.   , 0.   , 0.039, 0.116, 0.   , 0.   , 0.   , 0.075, 0.   , 0.   , 0.351, 0.   , 0.419, 0.   ]))]
Frame: 2550000, Avg. RL Loss: 0.001, Avg. Q value: 0.000, Avg. Length: 7139.0, P0 Avg. Reward: 1.095, P1 Avg. Reward: -1.095
Q table: 
 [[-0.001  0.005  0.001 ... -0.006  0.006  0.002]
 [-0.     0.002 -0.003 ...  0.003  0.002 -0.002]
 [ 0.003  0.007 -0.002 ... -0.     0.    -0.   ]
 ...
 [ 0.008 -0.003  0.007 ... -0.002  0.005  0.012]
 [ 0.01   0.001  0.017 ... -0.    -0.003  0.008]
 [ 0.017 -0.007 -0.001 ... -0.001  0.002 -0.003]]
Nash policies:  [(array([0.   , 0.399, 0.   , 0.   , 0.   , 0.   , 0.   , 0.   , 0.003, 0.   , 0.098, 0.   , 0.   , 0.288, 0.   , 0.   , 0.   , 0.211]), array([0.   , 0.073, 0.003, 0.   , 0.   , 0.   , 0.   , 0.   , 0.   , 0.   , 0.   , 0.765, 0.   , 0.063, 0.   , 0.096, 0.   , 0.   ]))]
Frame: 2700000, Avg. RL Loss: 0.002, Avg. Q value: 0.004, Avg. Length: 7139.0, P0 Avg. Reward: 0.286, P1 Avg. Reward: -0.286
Q table: 
 [[ 0.003  0.008  0.004 ...  0.006  0.007  0.003]
 [ 0.001  0.005  0.005 ...  0.003  0.005  0.003]
 [ 0.003  0.004  0.005 ... -0.003 -0.001  0.007]
 ...
 [ 0.008  0.004  0.01  ...  0.007  0.004  0.009]
 [ 0.008  0.004  0.019 ...  0.005  0.006  0.001]
 [ 0.008  0.003  0.006 ...  0.002  0.004 -0.   ]]
Nash policies:  [(array([0.01 , 0.   , 0.   , 0.124, 0.   , 0.   , 0.   , 0.146, 0.   , 0.   , 0.195, 0.   , 0.   , 0.224, 0.   , 0.   , 0.301, 0.   ]), array([0.   , 0.01 , 0.   , 0.   , 0.   , 0.   , 0.013, 0.   , 0.   , 0.   , 0.   , 0.08 , 0.529, 0.   , 0.087, 0.281, 0.   , 0.   ]))]
Frame: 2850000, Avg. RL Loss: 0.000, Avg. Q value: 0.003, Avg. Length: 7139.0, P0 Avg. Reward: -0.048, P1 Avg. Reward: 0.048
Q table: 
 [[ 0.001  0.006  0.003 ...  0.002  0.005  0.002]
 [ 0.     0.003  0.004 ... -0.001  0.002  0.003]
 [ 0.006 -0.01   0.002 ... -0.    -0.001  0.005]
 ...
 [ 0.006  0.003  0.006 ...  0.004  0.004  0.003]
 [ 0.003  0.002  0.013 ...  0.004  0.003  0.002]
 [ 0.003  0.     0.005 ...  0.002  0.001  0.002]]
Nash policies:  [(array([0.   , 0.   , 0.   , 0.   , 0.   , 0.   , 0.   , 0.   , 0.   , 0.   , 0.   , 0.   , 0.   , 0.067, 0.037, 0.885, 0.011, 0.   ]), array([0.   , 0.306, 0.   , 0.   , 0.   , 0.03 , 0.   , 0.   , 0.   , 0.   , 0.   , 0.   , 0.   , 0.085, 0.58 , 0.   , 0.   , 0.   ]))]
Frame: 3000000, Avg. RL Loss: 0.000, Avg. Q value: 0.001, Avg. Length: 7139.0, P0 Avg. Reward: -0.810, P1 Avg. Reward: 0.810
Q table: 
 [[ 0.     0.     0.    ...  0.001 -0.    -0.002]
 [-0.004  0.003  0.003 ... -0.    -0.001  0.001]
 [ 0.004 -0.02   0.001 ... -0.    -0.     0.001]
 ...
 [ 0.003 -0.001  0.001 ...  0.     0.002  0.004]
 [ 0.009 -0.001  0.009 ... -0.    -0.002 -0.004]
 [ 0.    -0.001 -0.003 ... -0.003 -0.001 -0.003]]
Nash policies:  [(array([0.115, 0.238, 0.   , 0.   , 0.   , 0.   , 0.   , 0.   , 0.   , 0.   , 0.27 , 0.011, 0.121, 0.   , 0.   , 0.245, 0.   , 0.   ]), array([0.   , 0.064, 0.   , 0.   , 0.   , 0.   , 0.   , 0.   , 0.   , 0.   , 0.   , 0.104, 0.13 , 0.   , 0.231, 0.276, 0.194, 0.   ]))]
Frame: 3150000, Avg. RL Loss: 0.001, Avg. Q value: 0.002, Avg. Length: 7139.0, P0 Avg. Reward: 1.429, P1 Avg. Reward: -1.429
Q table: 
 [[-0.002  0.     0.    ...  0.003  0.004 -0.   ]
 [-0.001  0.    -0.001 ... -0.003 -0.     0.002]
 [ 0.01  -0.005  0.005 ...  0.     0.005  0.001]
 ...
 [ 0.001  0.001 -0.006 ... -0.001  0.     0.004]
 [ 0.022  0.001  0.005 ... -0.003  0.003  0.003]
 [ 0.003 -0.003 -0.    ...  0.001 -0.002 -0.   ]]
Nash policies:  [(array([0.   , 0.   , 0.   , 0.013, 0.01 , 0.014, 0.   , 0.   , 0.575, 0.042, 0.114, 0.   , 0.   , 0.   , 0.   , 0.077, 0.155, 0.   ]), array([0.   , 0.318, 0.   , 0.   , 0.01 , 0.   , 0.   , 0.   , 0.013, 0.   , 0.   , 0.011, 0.106, 0.168, 0.   , 0.05 , 0.   , 0.323]))]
Frame: 3300000, Avg. RL Loss: 0.000, Avg. Q value: 0.003, Avg. Length: 7139.0, P0 Avg. Reward: -0.048, P1 Avg. Reward: 0.048
Q table: 
 [[-0.001 -0.    -0.    ... -0.003  0.005 -0.003]
 [-0.001 -0.003 -0.007 ...  0.    -0.    -0.003]
 [ 0.006 -0.     0.001 ... -0.009  0.004  0.001]
 ...
 [ 0.005 -0.005 -0.005 ... -0.002  0.003  0.003]
 [ 0.022 -0.006  0.001 ... -0.004 -0.003 -0.006]
 [ 0.006 -0.005 -0.    ... -0.003  0.001 -0.001]]
Nash policies:  [(array([0.019, 0.263, 0.084, 0.   , 0.   , 0.   , 0.   , 0.   , 0.   , 0.   , 0.   , 0.163, 0.471, 0.   , 0.   , 0.   , 0.   , 0.   ]), array([0.   , 0.213, 0.   , 0.   , 0.   , 0.   , 0.   , 0.132, 0.   , 0.   , 0.   , 0.41 , 0.   , 0.104, 0.   , 0.141, 0.   , 0.   ]))]
Frame: 3450000, Avg. RL Loss: 0.002, Avg. Q value: 0.002, Avg. Length: 7139.0, P0 Avg. Reward: 0.714, P1 Avg. Reward: -0.714
Q table: 
 [[-0.006 -0.005 -0.003 ... -0.004  0.003 -0.011]
 [-0.004 -0.004  0.003 ... -0.008 -0.003 -0.006]
 [ 0.006 -0.01   0.003 ... -0.009 -0.014 -0.004]
 ...
 [-0.014 -0.006 -0.008 ... -0.003 -0.002 -0.007]
 [ 0.007 -0.008  0.017 ... -0.015 -0.014 -0.004]
 [-0.003 -0.008 -0.008 ... -0.008 -0.007 -0.011]]
Nash policies:  [(array([0.475, 0.045, 0.031, 0.   , 0.   , 0.334, 0.   , 0.   , 0.   , 0.   , 0.   , 0.081, 0.   , 0.   , 0.   , 0.034, 0.   , 0.   ]), array([0.   , 0.246, 0.   , 0.141, 0.   , 0.   , 0.   , 0.034, 0.   , 0.068, 0.   , 0.313, 0.   , 0.   , 0.   , 0.   , 0.   , 0.197]))]
Frame: 3600000, Avg. RL Loss: 0.002, Avg. Q value: 0.003, Avg. Length: 7139.0, P0 Avg. Reward: 0.286, P1 Avg. Reward: -0.286
Q table: 
 [[-0.002 -0.005 -0.002 ...  0.     0.001 -0.002]
 [-0.001 -0.001  0.002 ...  0.002  0.    -0.001]
 [ 0.004 -0.005  0.    ...  0.    -0.024  0.001]
 ...
 [-0.004  0.001  0.002 ...  0.002 -0.001 -0.001]
 [ 0.006 -0.003 -0.    ... -0.003 -0.002  0.002]
 [-0.003 -0.    -0.001 ...  0.    -0.003 -0.004]]
Nash policies:  [(array([0.   , 0.   , 0.022, 0.   , 0.   , 0.   , 0.   , 0.   , 0.   , 0.   , 0.443, 0.3  , 0.   , 0.   , 0.   , 0.008, 0.165, 0.062]), array([0.   , 0.   , 0.   , 0.158, 0.   , 0.   , 0.   , 0.063, 0.205, 0.   , 0.   , 0.126, 0.405, 0.   , 0.   , 0.   , 0.043, 0.   ]))]
Frame: 3750000, Avg. RL Loss: 0.002, Avg. Q value: 0.001, Avg. Length: 7139.0, P0 Avg. Reward: 1.333, P1 Avg. Reward: -1.333
Q table: 
 [[-0.001 -0.002  0.001 ... -0.002  0.003 -0.002]
 [-0.     0.004  0.003 ... -0.     0.003  0.004]
 [ 0.    -0.006  0.001 ... -0.001 -0.    -0.   ]
 ...
 [ 0.004  0.     0.007 ...  0.003 -0.004 -0.003]
 [ 0.006  0.008  0.002 ...  0.002  0.006  0.001]
 [ 0.009  0.002 -0.001 ...  0.     0.     0.003]]
Nash policies:  [(array([0.   , 0.269, 0.   , 0.   , 0.   , 0.013, 0.168, 0.   , 0.191, 0.038, 0.   , 0.056, 0.211, 0.   , 0.   , 0.   , 0.055, 0.   ]), array([0.   , 0.052, 0.   , 0.048, 0.07 , 0.   , 0.   , 0.   , 0.   , 0.124, 0.   , 0.   , 0.266, 0.031, 0.   , 0.215, 0.   , 0.193]))]
Frame: 3900000, Avg. RL Loss: 0.002, Avg. Q value: 0.001, Avg. Length: 7139.0, P0 Avg. Reward: -0.238, P1 Avg. Reward: 0.238
Q table: 
 [[ 0.011  0.006  0.004 ...  0.011  0.001  0.011]
 [ 0.011  0.007  0.003 ...  0.008  0.013  0.012]
 [ 0.001 -0.008  0.006 ...  0.     0.012  0.006]
 ...
 [ 0.001  0.012  0.003 ...  0.007 -0.001 -0.   ]
 [ 0.009  0.008  0.009 ...  0.012  0.012  0.005]
 [-0.001  0.01   0.004 ...  0.007  0.003  0.011]]
Nash policies:  [(array([0.213, 0.   , 0.   , 0.   , 0.   , 0.   , 0.   , 0.087, 0.   , 0.042, 0.   , 0.   , 0.   , 0.   , 0.398, 0.   , 0.   , 0.259]), array([0.   , 0.472, 0.   , 0.26 , 0.   , 0.169, 0.079, 0.   , 0.   , 0.   , 0.   , 0.   , 0.   , 0.   , 0.   , 0.   , 0.019, 0.   ]))]
Frame: 4050000, Avg. RL Loss: 0.001, Avg. Q value: 0.003, Avg. Length: 7139.0, P0 Avg. Reward: 1.952, P1 Avg. Reward: -1.952
Q table: 
 [[ 0.004  0.005  0.003 ...  0.005  0.005  0.006]
 [ 0.003  0.015  0.002 ...  0.004  0.005  0.003]
 [ 0.009  0.001  0.003 ...  0.005 -0.007  0.006]
 ...
 [ 0.002  0.007  0.007 ...  0.002  0.003  0.002]
 [ 0.006  0.003  0.006 ...  0.002  0.005  0.004]
 [ 0.007  0.005  0.    ...  0.003  0.003  0.003]]
Nash policies:  [(array([0.   , 0.   , 0.016, 0.   , 0.   , 0.   , 0.175, 0.   , 0.12 , 0.   , 0.043, 0.138, 0.259, 0.065, 0.056, 0.   , 0.103, 0.026]), array([0.   , 0.   , 0.117, 0.015, 0.   , 0.   , 0.   , 0.   , 0.063, 0.247, 0.   , 0.133, 0.065, 0.   , 0.036, 0.04 , 0.016, 0.268]))]
Frame: 4200000, Avg. RL Loss: 0.001, Avg. Q value: 0.001, Avg. Length: 7139.0, P0 Avg. Reward: -0.905, P1 Avg. Reward: 0.905
Q table: 
 [[ 0.     0.001  0.    ...  0.     0.     0.001]
 [ 0.001  0.002  0.001 ... -0.004 -0.001  0.001]
 [-0.    -0.006 -0.    ... -0.002 -0.    -0.001]
 ...
 [ 0.002  0.002 -0.002 ...  0.001  0.001 -0.005]
 [-0.     0.002 -0.001 ... -0.     0.002  0.001]
 [-0.001 -0.009  0.003 ... -0.001 -0.006 -0.001]]
Nash policies:  [(array([0.235, 0.   , 0.   , 0.138, 0.   , 0.   , 0.   , 0.115, 0.   , 0.   , 0.   , 0.   , 0.   , 0.125, 0.302, 0.085, 0.   , 0.   ]), array([0.   , 0.   , 0.065, 0.   , 0.   , 0.058, 0.   , 0.   , 0.   , 0.   , 0.   , 0.   , 0.   , 0.   , 0.193, 0.334, 0.281, 0.068]))]
Frame: 4350000, Avg. RL Loss: 0.002, Avg. Q value: -0.000, Avg. Length: 7139.0, P0 Avg. Reward: -0.810, P1 Avg. Reward: 0.810
Q table: 
 [[-0.002 -0.001 -0.004 ... -0.003 -0.003 -0.001]
 [-0.001  0.001 -0.006 ... -0.005 -0.004 -0.005]
 [-0.001 -0.001 -0.002 ... -0.002 -0.001 -0.   ]
 ...
 [ 0.001 -0.015 -0.002 ... -0.003  0.001  0.004]
 [-0.001 -0.008 -0.006 ... -0.001 -0.001 -0.001]
 [ 0.    -0.011 -0.004 ... -0.007 -0.004 -0.01 ]]
Nash policies:  [(array([0.287, 0.   , 0.   , 0.17 , 0.   , 0.002, 0.215, 0.   , 0.048, 0.   , 0.   , 0.077, 0.   , 0.   , 0.   , 0.17 , 0.031, 0.   ]), array([0.   , 0.023, 0.072, 0.   , 0.   , 0.   , 0.   , 0.049, 0.107, 0.359, 0.   , 0.12 , 0.095, 0.175, 0.   , 0.   , 0.   , 0.   ]))]
Frame: 4500000, Avg. RL Loss: 0.001, Avg. Q value: -0.003, Avg. Length: 7139.0, P0 Avg. Reward: -1.333, P1 Avg. Reward: 1.333
Q table: 
 [[-0.006 -0.006 -0.006 ... -0.004 -0.004 -0.005]
 [-0.006 -0.007 -0.005 ... -0.004 -0.005 -0.007]
 [-0.005 -0.004 -0.004 ... -0.004 -0.004 -0.003]
 ...
 [-0.005 -0.001 -0.004 ... -0.003 -0.007 -0.007]
 [ 0.001 -0.026 -0.005 ... -0.009 -0.013  0.006]
 [-0.008 -0.001 -0.007 ... -0.001 -0.007 -0.013]]
Nash policies:  [(array([0.19 , 0.147, 0.   , 0.491, 0.004, 0.152, 0.   , 0.   , 0.   , 0.012, 0.004, 0.   , 0.   , 0.   , 0.   , 0.   , 0.   , 0.   ]), array([0.   , 0.033, 0.   , 0.   , 0.218, 0.237, 0.   , 0.   , 0.124, 0.012, 0.   , 0.114, 0.261, 0.   , 0.   , 0.   , 0.   , 0.   ]))]
Frame: 4650000, Avg. RL Loss: 0.001, Avg. Q value: -0.001, Avg. Length: 7139.0, P0 Avg. Reward: 0.524, P1 Avg. Reward: -0.524
Q table: 
 [[ 0.005 -0.004  0.006 ...  0.004  0.013  0.009]
 [ 0.008  0.006  0.007 ...  0.008  0.013  0.006]
 [-0.001 -0.01   0.007 ...  0.005  0.006  0.004]
 ...
 [ 0.002  0.006 -0.001 ...  0.005  0.002  0.004]
 [ 0.007  0.003  0.006 ...  0.007  0.009  0.009]
 [ 0.005  0.011  0.007 ...  0.009  0.005  0.007]]
Nash policies:  [(array([0.   , 0.187, 0.   , 0.   , 0.012, 0.   , 0.   , 0.   , 0.   , 0.   , 0.022, 0.001, 0.297, 0.099, 0.162, 0.   , 0.085, 0.135]), array([0.   , 0.07 , 0.359, 0.187, 0.094, 0.048, 0.   , 0.   , 0.   , 0.001, 0.   , 0.02 , 0.   , 0.032, 0.   , 0.188, 0.   , 0.   ]))]
Frame: 4800000, Avg. RL Loss: 0.000, Avg. Q value: -0.001, Avg. Length: 7139.0, P0 Avg. Reward: -0.238, P1 Avg. Reward: 0.238
Q table: 
 [[ 0.    -0.006 -0.002 ... -0.001 -0.003 -0.001]
 [ 0.001 -0.    -0.002 ... -0.    -0.002  0.001]
 [-0.003 -0.006 -0.001 ... -0.004 -0.004 -0.003]
 ...
 [-0.005 -0.007 -0.001 ... -0.002 -0.006 -0.009]
 [-0.001 -0.003 -0.005 ... -0.001  0.001  0.001]
 [-0.002  0.001 -0.004 ... -0.001 -0.003 -0.001]]
Nash policies:  [(array([0.   , 0.   , 0.   , 0.019, 0.   , 0.   , 0.018, 0.019, 0.   , 0.044, 0.447, 0.122, 0.174, 0.   , 0.005, 0.   , 0.152, 0.   ]), array([0.   , 0.   , 0.01 , 0.248, 0.   , 0.   , 0.   , 0.   , 0.146, 0.181, 0.193, 0.   , 0.079, 0.025, 0.   , 0.078, 0.039, 0.   ]))]
Frame: 4950000, Avg. RL Loss: 0.001, Avg. Q value: -0.002, Avg. Length: 7139.0, P0 Avg. Reward: -1.810, P1 Avg. Reward: 1.810
Q table: 
 [[-0.001 -0.    -0.001 ... -0.    -0.001 -0.001]
 [-0.001  0.001 -0.001 ...  0.005 -0.001 -0.004]
 [-0.    -0.001  0.    ...  0.    -0.     0.   ]
 ...
 [ 0.001  0.001 -0.002 ...  0.001  0.003 -0.001]
 [-0.001 -0.002 -0.001 ... -0.004 -0.007 -0.001]
 [-0.002 -0.006 -0.003 ... -0.004 -0.002 -0.006]]
Nash policies:  [(array([0.259, 0.048, 0.198, 0.   , 0.   , 0.   , 0.063, 0.   , 0.   , 0.   , 0.043, 0.   , 0.24 , 0.06 , 0.   , 0.089, 0.   , 0.   ]), array([0.103, 0.   , 0.154, 0.048, 0.085, 0.291, 0.   , 0.224, 0.   , 0.085, 0.   , 0.   , 0.   , 0.   , 0.01 , 0.   , 0.   , 0.   ]))]
Frame: 5100000, Avg. RL Loss: 0.001, Avg. Q value: -0.005, Avg. Length: 7139.0, P0 Avg. Reward: -1.905, P1 Avg. Reward: 1.905
Q table: 
 [[-0.002 -0.005 -0.004 ... -0.007 -0.005 -0.005]
 [-0.006 -0.007 -0.005 ... -0.004 -0.007 -0.005]
 [-0.007 -0.004 -0.005 ... -0.006 -0.007 -0.006]
 ...
 [-0.004 -0.005 -0.005 ... -0.005 -0.005 -0.005]
 [-0.006 -0.002 -0.009 ... -0.012 -0.004 -0.006]
 [-0.007 -0.008 -0.002 ... -0.009 -0.003 -0.008]]
Nash policies:  [(array([0.339, 0.   , 0.   , 0.   , 0.   , 0.023, 0.   , 0.037, 0.16 , 0.   , 0.   , 0.   , 0.   , 0.   , 0.031, 0.41 , 0.   , 0.   ]), array([0.   , 0.   , 0.   , 0.   , 0.   , 0.   , 0.   , 0.   , 0.   , 0.235, 0.269, 0.087, 0.   , 0.   , 0.035, 0.204, 0.17 , 0.   ]))]
Frame: 5250000, Avg. RL Loss: 0.002, Avg. Q value: -0.008, Avg. Length: 7139.0, P0 Avg. Reward: -3.571, P1 Avg. Reward: 3.571
Q table: 
 [[-0.012 -0.014 -0.012 ... -0.015 -0.013 -0.017]
 [-0.015  0.006 -0.015 ... -0.015 -0.013 -0.014]
 [-0.014 -0.014 -0.013 ... -0.013 -0.016 -0.014]
 ...
 [-0.015 -0.012 -0.012 ... -0.014 -0.013 -0.016]
 [-0.017 -0.016 -0.015 ... -0.024 -0.008 -0.018]
 [-0.013 -0.015 -0.008 ... -0.012 -0.013 -0.018]]
Nash policies:  [(array([0.   , 0.   , 0.   , 0.087, 0.375, 0.   , 0.   , 0.   , 0.027, 0.   , 0.   , 0.412, 0.051, 0.049, 0.   , 0.   , 0.   , 0.   ]), array([0.   , 0.   , 0.   , 0.165, 0.   , 0.   , 0.   , 0.   , 0.   , 0.   , 0.049, 0.   , 0.   , 0.   , 0.024, 0.068, 0.018, 0.675]))]
Frame: 5400000, Avg. RL Loss: 0.001, Avg. Q value: -0.015, Avg. Length: 7139.0, P0 Avg. Reward: 0.667, P1 Avg. Reward: -0.667
Q table: 
 [[-0.015 -0.024 -0.01  ... -0.017 -0.017 -0.016]
 [-0.014 -0.019 -0.013 ... -0.017 -0.022 -0.015]
 [-0.015 -0.012 -0.014 ... -0.015 -0.016 -0.015]
 ...
 [-0.01  -0.017 -0.012 ... -0.018 -0.016 -0.016]
 [-0.015 -0.016 -0.01  ... -0.014 -0.014 -0.013]
 [-0.018 -0.018 -0.011 ... -0.014 -0.012 -0.014]]
Nash policies:  [(array([0.   , 0.   , 0.   , 0.   , 0.052, 0.   , 0.   , 0.   , 0.03 , 0.   , 0.   , 0.   , 0.   , 0.222, 0.198, 0.   , 0.499, 0.   ]), array([0.   , 0.032, 0.   , 0.   , 0.211, 0.   , 0.   , 0.   , 0.   , 0.   , 0.   , 0.   , 0.065, 0.   , 0.377, 0.   , 0.315, 0.   ]))]
Frame: 5550000, Avg. RL Loss: 0.001, Avg. Q value: -0.014, Avg. Length: 7139.0, P0 Avg. Reward: -1.476, P1 Avg. Reward: 1.476
Q table: 
 [[-0.016 -0.019 -0.015 ... -0.015 -0.013 -0.017]
 [-0.013 -0.016 -0.015 ... -0.016 -0.016 -0.017]
 [-0.015 -0.015 -0.015 ... -0.016 -0.015 -0.015]
 ...
 [-0.018 -0.016 -0.016 ... -0.019 -0.031 -0.018]
 [-0.014 -0.027 -0.017 ... -0.02  -0.011 -0.015]
 [-0.012 -0.021 -0.017 ... -0.016 -0.018 -0.02 ]]
Nash policies:  [(array([0.131, 0.   , 0.19 , 0.   , 0.226, 0.237, 0.   , 0.008, 0.   , 0.   , 0.   , 0.007, 0.   , 0.2  , 0.   , 0.   , 0.   , 0.   ]), array([0.   , 0.013, 0.018, 0.   , 0.   , 0.197, 0.   , 0.   , 0.   , 0.282, 0.311, 0.   , 0.   , 0.   , 0.159, 0.019, 0.   , 0.   ]))]
Frame: 5700000, Avg. RL Loss: 0.001, Avg. Q value: -0.013, Avg. Length: 7139.0, P0 Avg. Reward: -1.381, P1 Avg. Reward: 1.381
Q table: 
 [[-0.029 -0.039 -0.021 ... -0.027 -0.041 -0.022]
 [-0.018 -0.039 -0.023 ... -0.03  -0.042 -0.02 ]
 [-0.027 -0.036 -0.025 ... -0.035 -0.041 -0.026]
 ...
 [-0.03  -0.034 -0.023 ... -0.027 -0.061 -0.032]
 [-0.    -0.052 -0.028 ... -0.03  -0.041 -0.023]
 [-0.016 -0.043 -0.024 ... -0.028 -0.044 -0.027]]
Nash policies:  [(array([0.   , 0.   , 0.   , 0.   , 0.   , 0.177, 0.071, 0.   , 0.138, 0.   , 0.   , 0.   , 0.615, 0.   , 0.   , 0.   , 0.   , 0.   ]), array([0.   , 0.123, 0.   , 0.   , 0.   , 0.   , 0.   , 0.   , 0.   , 0.   , 0.   , 0.125, 0.384, 0.   , 0.   , 0.   , 0.369, 0.   ]))]
Frame: 5850000, Avg. RL Loss: 0.001, Avg. Q value: -0.015, Avg. Length: 7139.0, P0 Avg. Reward: 0.190, P1 Avg. Reward: -0.190
Q table: 
 [[-0.012 -0.005 -0.012 ... -0.009 -0.008 -0.014]
 [-0.015 -0.009 -0.011 ... -0.009 -0.01  -0.011]
 [-0.014 -0.013 -0.013 ... -0.013 -0.012 -0.011]
 ...
 [-0.013 -0.011 -0.009 ... -0.01  -0.005 -0.017]
 [-0.01  -0.013 -0.016 ... -0.016 -0.013 -0.003]
 [-0.012 -0.014 -0.013 ... -0.012 -0.011 -0.019]]
Nash policies:  [(array([0.   , 0.28 , 0.077, 0.   , 0.091, 0.   , 0.   , 0.   , 0.   , 0.   , 0.218, 0.   , 0.   , 0.309, 0.   , 0.   , 0.   , 0.025]), array([0.145, 0.   , 0.346, 0.   , 0.281, 0.   , 0.   , 0.   , 0.   , 0.142, 0.   , 0.   , 0.   , 0.   , 0.007, 0.   , 0.   , 0.078]))]
Frame: 6000000, Avg. RL Loss: 0.001, Avg. Q value: -0.013, Avg. Length: 7139.0, P0 Avg. Reward: -0.476, P1 Avg. Reward: 0.476
Q table: 
 [[-0.014 -0.012 -0.014 ... -0.011 -0.011 -0.013]
 [-0.013 -0.013 -0.014 ... -0.013 -0.01  -0.013]
 [-0.013 -0.013 -0.013 ... -0.013 -0.012 -0.012]
 ...
 [-0.015 -0.011 -0.013 ... -0.014 -0.004 -0.009]
 [-0.015 -0.015 -0.016 ... -0.017 -0.016 -0.027]
 [-0.013 -0.015 -0.015 ... -0.008 -0.015 -0.015]]
Nash policies:  [(array([0.   , 0.033, 0.893, 0.   , 0.   , 0.   , 0.   , 0.   , 0.   , 0.   , 0.   , 0.   , 0.074, 0.   , 0.   , 0.   , 0.   , 0.   ]), array([0.   , 0.   , 0.67 , 0.   , 0.   , 0.   , 0.   , 0.   , 0.   , 0.   , 0.   , 0.   , 0.133, 0.197, 0.   , 0.   , 0.   , 0.   ]))]
Frame: 6150000, Avg. RL Loss: 0.000, Avg. Q value: -0.010, Avg. Length: 7139.0, P0 Avg. Reward: -1.476, P1 Avg. Reward: 1.476
Q table: 
 [[-0.005 -0.004 -0.005 ... -0.008 -0.007 -0.005]
 [-0.003 -0.005 -0.005 ... -0.005 -0.006 -0.006]
 [-0.006 -0.005 -0.005 ... -0.004  0.017 -0.007]
 ...
 [-0.003 -0.007 -0.005 ... -0.005 -0.008 -0.003]
 [-0.006 -0.013 -0.001 ... -0.004 -0.016 -0.016]
 [-0.005 -0.007 -0.    ... -0.001 -0.001 -0.011]]
Nash policies:  [(array([0.211, 0.   , 0.   , 0.   , 0.   , 0.   , 0.   , 0.141, 0.   , 0.   , 0.   , 0.   , 0.281, 0.   , 0.295, 0.   , 0.022, 0.051]), array([0.   , 0.154, 0.   , 0.   , 0.   , 0.   , 0.   , 0.   , 0.   , 0.   , 0.217, 0.153, 0.   , 0.229, 0.114, 0.134, 0.   , 0.   ]))]
Frame: 6300000, Avg. RL Loss: 0.000, Avg. Q value: -0.014, Avg. Length: 7139.0, P0 Avg. Reward: -0.095, P1 Avg. Reward: 0.095
Q table: 
 [[-0.012 -0.012 -0.011 ... -0.01  -0.006 -0.012]
 [-0.013 -0.011 -0.012 ... -0.011 -0.008 -0.012]
 [-0.012 -0.013 -0.011 ... -0.01  -0.002 -0.012]
 ...
 [-0.012 -0.011 -0.013 ... -0.011 -0.008 -0.011]
 [-0.011 -0.011 -0.011 ... -0.012 -0.029 -0.012]
 [-0.011 -0.01  -0.012 ... -0.013 -0.013 -0.011]]
Nash policies:  [(array([0.   , 0.   , 0.   , 0.   , 0.   , 0.   , 0.   , 0.   , 0.   , 0.   , 0.852, 0.   , 0.063, 0.   , 0.   , 0.   , 0.   , 0.085]), array([0.481, 0.   , 0.   , 0.   , 0.381, 0.   , 0.   , 0.   , 0.   , 0.   , 0.138, 0.   , 0.   , 0.   , 0.   , 0.   , 0.   , 0.   ]))]
Frame: 6450000, Avg. RL Loss: 0.000, Avg. Q value: -0.009, Avg. Length: 7139.0, P0 Avg. Reward: 0.000, P1 Avg. Reward: 0.000
Q table: 
 [[-0.007 -0.007 -0.007 ... -0.005 -0.004 -0.007]
 [-0.008 -0.006 -0.008 ... -0.007 -0.005 -0.007]
 [-0.008 -0.007 -0.007 ... -0.006 -0.    -0.007]
 ...
 [-0.007 -0.007 -0.007 ... -0.007 -0.003 -0.008]
 [-0.008 -0.005 -0.009 ... -0.007 -0.014 -0.009]
 [-0.007 -0.006 -0.008 ... -0.008 -0.009 -0.008]]
Nash policies:  [(array([0.209, 0.08 , 0.   , 0.   , 0.   , 0.   , 0.   , 0.   , 0.   , 0.   , 0.184, 0.   , 0.303, 0.   , 0.   , 0.225, 0.   , 0.   ]), array([0.341, 0.   , 0.   , 0.   , 0.509, 0.078, 0.   , 0.   , 0.002, 0.   , 0.071, 0.   , 0.   , 0.   , 0.   , 0.   , 0.   , 0.   ]))]
Frame: 6600000, Avg. RL Loss: 0.000, Avg. Q value: -0.006, Avg. Length: 7139.0, P0 Avg. Reward: 0.000, P1 Avg. Reward: 0.000
Q table: 
 [[-0.007 -0.008 -0.005 ... -0.004 -0.007 -0.006]
 [-0.005 -0.006 -0.006 ... -0.005 -0.006 -0.004]
 [-0.007 -0.007 -0.005 ... -0.007 -0.004 -0.005]
 ...
 [-0.008 -0.006 -0.006 ... -0.006 -0.007 -0.007]
 [-0.005 -0.006 -0.008 ... -0.007 -0.009 -0.006]
 [-0.008 -0.005 -0.007 ... -0.006 -0.01  -0.009]]
Nash policies:  [(array([0.145, 0.267, 0.327, 0.   , 0.   , 0.   , 0.   , 0.   , 0.035, 0.   , 0.02 , 0.   , 0.   , 0.   , 0.   , 0.   , 0.   , 0.207]), array([0.072, 0.   , 0.   , 0.   , 0.2  , 0.   , 0.211, 0.   , 0.102, 0.375, 0.   , 0.   , 0.04 , 0.   , 0.   , 0.   , 0.   , 0.   ]))]
Frame: 6750000, Avg. RL Loss: 0.000, Avg. Q value: -0.004, Avg. Length: 7139.0, P0 Avg. Reward: 0.381, P1 Avg. Reward: -0.381
Q table: 
 [[-0.002  0.002 -0.002 ... -0.001 -0.002 -0.002]
 [-0.003 -0.001 -0.003 ... -0.002 -0.002 -0.004]
 [-0.002 -0.001 -0.003 ... -0.002  0.002 -0.004]
 ...
 [-0.002 -0.003 -0.003 ... -0.003  0.001 -0.002]
 [-0.003 -0.002 -0.002 ... -0.017 -0.002 -0.004]
 [-0.001 -0.002  0.    ... -0.002 -0.002 -0.002]]
Nash policies:  [(array([0.228, 0.   , 0.   , 0.   , 0.   , 0.068, 0.   , 0.086, 0.   , 0.   , 0.   , 0.   , 0.   , 0.075, 0.   , 0.   , 0.   , 0.543]), array([0.   , 0.   , 0.   , 0.208, 0.052, 0.555, 0.   , 0.   , 0.   , 0.184, 0.   , 0.   , 0.   , 0.   , 0.   , 0.   , 0.001, 0.   ]))]
Frame: 6900000, Avg. RL Loss: 0.002, Avg. Q value: -0.007, Avg. Length: 7139.0, P0 Avg. Reward: -0.667, P1 Avg. Reward: 0.667
Q table: 
 [[-0.012 -0.019 -0.007 ... -0.02  -0.017 -0.012]
 [-0.014 -0.019 -0.017 ... -0.017 -0.023 -0.015]
 [-0.016 -0.019 -0.015 ... -0.021 -0.016 -0.017]
 ...
 [-0.016 -0.014 -0.016 ... -0.022 -0.022 -0.016]
 [-0.011 -0.017 -0.02  ... -0.024 -0.015 -0.022]
 [-0.016 -0.016 -0.02  ... -0.026 -0.021 -0.011]]
Nash policies:  [(array([0.   , 0.   , 0.   , 0.   , 0.383, 0.   , 0.   , 0.   , 0.063, 0.   , 0.029, 0.288, 0.   , 0.169, 0.013, 0.   , 0.048, 0.007]), array([0.   , 0.039, 0.   , 0.   , 0.   , 0.   , 0.   , 0.   , 0.044, 0.   , 0.   , 0.317, 0.034, 0.   , 0.343, 0.089, 0.087, 0.047]))]
Frame: 7050000, Avg. RL Loss: 0.002, Avg. Q value: -0.017, Avg. Length: 7139.0, P0 Avg. Reward: -0.714, P1 Avg. Reward: 0.714
Q table: 
 [[-0.019 -0.02  -0.025 ... -0.019 -0.016 -0.019]
 [-0.017 -0.022 -0.016 ... -0.016 -0.023 -0.022]
 [-0.02  -0.02  -0.021 ... -0.018 -0.018 -0.023]
 ...
 [-0.02  -0.027 -0.021 ... -0.019 -0.009 -0.018]
 [-0.022 -0.04  -0.018 ... -0.028 -0.016 -0.018]
 [-0.023 -0.02  -0.017 ... -0.018 -0.017 -0.028]]
Nash policies:  [(array([0.173, 0.044, 0.   , 0.182, 0.071, 0.   , 0.   , 0.   , 0.   , 0.   , 0.187, 0.154, 0.   , 0.088, 0.   , 0.085, 0.   , 0.016]), array([0.087, 0.095, 0.   , 0.   , 0.   , 0.002, 0.   , 0.033, 0.01 , 0.081, 0.288, 0.   , 0.   , 0.   , 0.   , 0.398, 0.   , 0.006]))]
Frame: 7200000, Avg. RL Loss: 0.001, Avg. Q value: -0.011, Avg. Length: 7139.0, P0 Avg. Reward: 0.143, P1 Avg. Reward: -0.143
Q table: 
 [[ 0.002 -0.    -0.006 ... -0.002 -0.004 -0.003]
 [-0.005  0.    -0.003 ... -0.003  0.002  0.   ]
 [-0.004 -0.007 -0.002 ...  0.001 -0.001 -0.002]
 ...
 [-0.006 -0.013 -0.003 ... -0.005 -0.01  -0.005]
 [-0.006 -0.014 -0.004 ... -0.009  0.007 -0.002]
 [-0.011  0.    -0.004 ... -0.    -0.003 -0.001]]
Nash policies:  [(array([0.   , 0.008, 0.   , 0.307, 0.219, 0.   , 0.   , 0.   , 0.   , 0.   , 0.   , 0.226, 0.194, 0.   , 0.   , 0.   , 0.046, 0.   ]), array([0.173, 0.   , 0.12 , 0.   , 0.234, 0.   , 0.   , 0.188, 0.   , 0.   , 0.   , 0.   , 0.   , 0.001, 0.   , 0.   , 0.   , 0.284]))]
Frame: 7350000, Avg. RL Loss: 0.001, Avg. Q value: -0.008, Avg. Length: 7139.0, P0 Avg. Reward: -0.714, P1 Avg. Reward: 0.714
Q table: 
 [[-0.008 -0.005 -0.011 ... -0.007 -0.006 -0.008]
 [-0.007 -0.005 -0.007 ... -0.007 -0.003 -0.005]
 [-0.005 -0.008 -0.007 ... -0.006 -0.004 -0.005]
 ...
 [-0.006 -0.008 -0.006 ... -0.007 -0.008 -0.007]
 [-0.008 -0.001 -0.009 ... -0.007 -0.005 -0.008]
 [-0.012 -0.005  0.003 ... -0.007 -0.006 -0.014]]
Nash policies:  [(array([0.   , 0.282, 0.308, 0.216, 0.   , 0.108, 0.   , 0.   , 0.028, 0.   , 0.   , 0.031, 0.   , 0.   , 0.   , 0.   , 0.   , 0.027]), array([0.   , 0.   , 0.181, 0.   , 0.   , 0.24 , 0.   , 0.099, 0.   , 0.252, 0.027, 0.082, 0.   , 0.119, 0.   , 0.   , 0.   , 0.   ]))]
Frame: 7500000, Avg. RL Loss: 0.001, Avg. Q value: -0.007, Avg. Length: 7139.0, P0 Avg. Reward: -0.619, P1 Avg. Reward: 0.619
Q table: 
 [[-0.01  -0.014 -0.013 ... -0.008 -0.013 -0.013]
 [-0.01  -0.016 -0.013 ... -0.014 -0.014 -0.013]
 [-0.013 -0.012 -0.012 ... -0.018 -0.016 -0.016]
 ...
 [-0.012 -0.015 -0.011 ... -0.02  -0.021 -0.015]
 [-0.014 -0.019 -0.006 ... -0.02  -0.012 -0.018]
 [-0.014  0.003 -0.015 ... -0.016 -0.013 -0.019]]
Nash policies:  [(array([0.136, 0.074, 0.   , 0.   , 0.   , 0.   , 0.   , 0.   , 0.   , 0.   , 0.   , 0.   , 0.   , 0.498, 0.017, 0.134, 0.   , 0.141]), array([0.   , 0.   , 0.   , 0.   , 0.   , 0.   , 0.   , 0.   , 0.05 , 0.   , 0.173, 0.   , 0.301, 0.365, 0.   , 0.094, 0.016, 0.   ]))]
Frame: 7650000, Avg. RL Loss: 0.001, Avg. Q value: -0.014, Avg. Length: 7139.0, P0 Avg. Reward: -1.286, P1 Avg. Reward: 1.286
Q table: 
 [[-0.01  -0.006 -0.012 ... -0.013 -0.009 -0.013]
 [-0.014 -0.009 -0.013 ... -0.012 -0.011 -0.013]
 [-0.012 -0.012 -0.011 ... -0.011 -0.008 -0.012]
 ...
 [-0.01  -0.012 -0.006 ... -0.013 -0.01  -0.015]
 [-0.013 -0.009 -0.004 ... -0.014 -0.006 -0.013]
 [-0.013 -0.012 -0.009 ... -0.01  -0.017 -0.009]]
Nash policies:  [(array([0.054, 0.   , 0.   , 0.007, 0.184, 0.   , 0.   , 0.   , 0.   , 0.   , 0.112, 0.   , 0.323, 0.   , 0.055, 0.   , 0.   , 0.265]), array([0.167, 0.   , 0.   , 0.   , 0.154, 0.   , 0.237, 0.   , 0.   , 0.   , 0.   , 0.191, 0.013, 0.166, 0.   , 0.   , 0.072, 0.   ]))]
Frame: 7800000, Avg. RL Loss: 0.000, Avg. Q value: -0.019, Avg. Length: 7139.0, P0 Avg. Reward: -1.190, P1 Avg. Reward: 1.190
Q table: 
 [[-0.022 -0.02  -0.018 ... -0.019 -0.019 -0.02 ]
 [-0.019 -0.018 -0.018 ... -0.019 -0.019 -0.02 ]
 [-0.019 -0.021 -0.02  ... -0.02  -0.019 -0.02 ]
 ...
 [-0.018 -0.02  -0.018 ... -0.018 -0.021 -0.02 ]
 [-0.02  -0.018 -0.021 ... -0.021 -0.013 -0.023]
 [-0.02  -0.02  -0.02  ... -0.02  -0.023 -0.019]]
Nash policies:  [(array([0.   , 0.   , 0.   , 0.   , 0.423, 0.179, 0.   , 0.   , 0.   , 0.   , 0.   , 0.   , 0.   , 0.286, 0.   , 0.111, 0.   , 0.   ]), array([0.   , 0.   , 0.   , 0.   , 0.   , 0.   , 0.   , 0.   , 0.   , 0.   , 0.   , 0.527, 0.   , 0.025, 0.   , 0.375, 0.   , 0.072]))]
Frame: 7950000, Avg. RL Loss: 0.001, Avg. Q value: -0.011, Avg. Length: 7139.0, P0 Avg. Reward: 0.095, P1 Avg. Reward: -0.095
Q table: 
 [[ 0.013 -0.01  -0.008 ... -0.007 -0.009 -0.007]
 [-0.006 -0.007 -0.006 ... -0.007 -0.007 -0.006]
 [-0.008 -0.01  -0.006 ... -0.008 -0.007 -0.007]
 ...
 [-0.008 -0.007 -0.005 ... -0.007 -0.002 -0.011]
 [-0.002 -0.012 -0.    ... -0.009 -0.008 -0.004]
 [-0.008 -0.006 -0.    ... -0.008 -0.002 -0.004]]
Nash policies:  [(array([0.   , 0.372, 0.   , 0.   , 0.095, 0.   , 0.   , 0.   , 0.   , 0.   , 0.129, 0.   , 0.   , 0.   , 0.043, 0.251, 0.   , 0.11 ]), array([0.   , 0.128, 0.   , 0.   , 0.   , 0.   , 0.   , 0.   , 0.062, 0.   , 0.066, 0.401, 0.342, 0.   , 0.   , 0.   , 0.   , 0.   ]))]
Frame: 8100000, Avg. RL Loss: 0.002, Avg. Q value: -0.009, Avg. Length: 7139.0, P0 Avg. Reward: -1.095, P1 Avg. Reward: 1.095
Q table: 
 [[-0.015 -0.018 -0.016 ... -0.015 -0.016 -0.017]
 [-0.016 -0.016 -0.013 ... -0.014 -0.015 -0.012]
 [-0.014 -0.012 -0.011 ... -0.013 -0.013 -0.012]
 ...
 [-0.01  -0.008 -0.013 ... -0.014 -0.011 -0.012]
 [-0.004 -0.01  -0.011 ... -0.013 -0.013 -0.012]
 [-0.011 -0.015 -0.005 ... -0.012 -0.014 -0.013]]
Nash policies:  [(array([0.   , 0.   , 0.402, 0.155, 0.   , 0.019, 0.   , 0.   , 0.   , 0.   , 0.074, 0.075, 0.   , 0.   , 0.135, 0.   , 0.069, 0.072]), array([0.   , 0.   , 0.   , 0.039, 0.   , 0.   , 0.006, 0.008, 0.118, 0.041, 0.   , 0.   , 0.019, 0.   , 0.   , 0.418, 0.25 , 0.101]))]
Frame: 8250000, Avg. RL Loss: 0.001, Avg. Q value: -0.007, Avg. Length: 7139.0, P0 Avg. Reward: -0.143, P1 Avg. Reward: 0.143
Q table: 
 [[-0.004 -0.001 -0.    ... -0.001  0.002  0.001]
 [ 0.003 -0.005 -0.005 ... -0.003  0.001 -0.001]
 [-0.003 -0.003 -0.003 ... -0.001  0.005 -0.002]
 ...
 [ 0.012  0.002 -0.003 ... -0.003  0.005  0.002]
 [ 0.001  0.001 -0.004 ...  0.005 -0.008 -0.005]
 [ 0.011  0.006  0.001 ...  0.005  0.001 -0.005]]
Nash policies:  [(array([0.   , 0.038, 0.393, 0.   , 0.437, 0.   , 0.   , 0.   , 0.   , 0.   , 0.093, 0.   , 0.   , 0.   , 0.   , 0.01 , 0.   , 0.027]), array([0.028, 0.   , 0.246, 0.333, 0.   , 0.084, 0.   , 0.082, 0.227, 0.   , 0.   , 0.   , 0.   , 0.   , 0.   , 0.   , 0.   , 0.   ]))]
Frame: 8400000, Avg. RL Loss: 0.001, Avg. Q value: -0.007, Avg. Length: 7139.0, P0 Avg. Reward: 0.429, P1 Avg. Reward: -0.429
Q table: 
 [[-0.011 -0.012 -0.015 ... -0.016 -0.014 -0.015]
 [-0.005 -0.015 -0.011 ... -0.012 -0.013 -0.014]
 [-0.012 -0.014 -0.009 ... -0.01  -0.017 -0.012]
 ...
 [-0.005 -0.012 -0.008 ... -0.015 -0.015 -0.014]
 [ 0.004 -0.014 -0.018 ... -0.015 -0.013 -0.012]
 [-0.002 -0.02  -0.01  ... -0.015 -0.016 -0.013]]
Nash policies:  [(array([0.166, 0.244, 0.   , 0.   , 0.   , 0.26 , 0.   , 0.   , 0.012, 0.   , 0.   , 0.   , 0.   , 0.   , 0.   , 0.288, 0.029, 0.   ]), array([0.   , 0.373, 0.   , 0.   , 0.   , 0.   , 0.   , 0.   , 0.   , 0.   , 0.   , 0.115, 0.131, 0.107, 0.   , 0.   , 0.098, 0.176]))]
Frame: 8550000, Avg. RL Loss: 0.001, Avg. Q value: -0.008, Avg. Length: 7139.0, P0 Avg. Reward: -0.238, P1 Avg. Reward: 0.238
Q table: 
 [[ 0.006 -0.004 -0.006 ... -0.003 -0.005 -0.003]
 [-0.005 -0.007 -0.004 ... -0.006  0.001 -0.005]
 [-0.005 -0.004 -0.002 ... -0.004 -0.003 -0.005]
 ...
 [ 0.008 -0.002 -0.005 ... -0.006 -0.004 -0.003]
 [ 0.016  0.001 -0.007 ... -0.005 -0.006 -0.006]
 [ 0.009 -0.005 -0.002 ... -0.004 -0.004 -0.003]]
Nash policies:  [(array([0.109, 0.122, 0.   , 0.   , 0.   , 0.052, 0.   , 0.   , 0.   , 0.   , 0.   , 0.045, 0.076, 0.233, 0.061, 0.   , 0.004, 0.298]), array([0.   , 0.   , 0.   , 0.089, 0.   , 0.01 , 0.306, 0.218, 0.   , 0.006, 0.   , 0.088, 0.067, 0.074, 0.143, 0.   , 0.   , 0.   ]))]
Frame: 8700000, Avg. RL Loss: 0.001, Avg. Q value: -0.002, Avg. Length: 7139.0, P0 Avg. Reward: 1.762, P1 Avg. Reward: -1.762
Q table: 
 [[ 0.01   0.004 -0.001 ...  0.003  0.002  0.003]
 [ 0.004  0.007 -0.002 ...  0.005  0.008  0.   ]
 [ 0.003  0.004  0.002 ...  0.006  0.005  0.003]
 ...
 [ 0.003  0.005  0.001 ...  0.003  0.004  0.003]
 [ 0.006  0.003  0.001 ...  0.005  0.004  0.002]
 [ 0.019  0.005  0.002 ...  0.003  0.     0.001]]
Nash policies:  [(array([0.   , 0.   , 0.01 , 0.   , 0.299, 0.   , 0.148, 0.   , 0.04 , 0.   , 0.212, 0.   , 0.   , 0.   , 0.   , 0.   , 0.01 , 0.282]), array([0.   , 0.   , 0.233, 0.034, 0.143, 0.   , 0.282, 0.   , 0.273, 0.   , 0.025, 0.   , 0.   , 0.   , 0.   , 0.   , 0.011, 0.   ]))]
Frame: 8850000, Avg. RL Loss: 0.001, Avg. Q value: 0.004, Avg. Length: 7139.0, P0 Avg. Reward: -0.619, P1 Avg. Reward: 0.619
Q table: 
 [[-0.003  0.005  0.001 ...  0.     0.009  0.004]
 [-0.     0.002  0.003 ... -0.    -0.002  0.003]
 [ 0.004  0.007  0.004 ...  0.007  0.01   0.004]
 ...
 [ 0.003  0.007  0.004 ...  0.004  0.008  0.004]
 [ 0.007  0.007  0.001 ...  0.004  0.005 -0.004]
 [ 0.004  0.002  0.003 ...  0.007  0.007 -0.008]]
Nash policies:  [(array([0.   , 0.   , 0.   , 0.   , 0.193, 0.648, 0.   , 0.   , 0.053, 0.   , 0.013, 0.   , 0.   , 0.   , 0.   , 0.093, 0.   , 0.   ]), array([0.035, 0.   , 0.108, 0.142, 0.   , 0.589, 0.125, 0.   , 0.   , 0.   , 0.   , 0.   , 0.   , 0.   , 0.   , 0.   , 0.   , 0.   ]))]
Frame: 9000000, Avg. RL Loss: 0.000, Avg. Q value: -0.001, Avg. Length: 7139.0, P0 Avg. Reward: -0.286, P1 Avg. Reward: 0.286
Q table: 
 [[-0.008 -0.002 -0.007 ... -0.01  -0.006 -0.032]
 [-0.001  0.003  0.001 ... -0.001 -0.014 -0.002]
 [-0.001 -0.001 -0.004 ...  0.     0.005 -0.001]
 ...
 [-0.008  0.004 -0.003 ...  0.003  0.008  0.002]
 [ 0.001 -0.007 -0.005 ...  0.002  0.001  0.005]
 [-0.008  0.001 -0.006 ... -0.004 -0.001  0.002]]
Nash policies:  [(array([0.   , 0.064, 0.38 , 0.   , 0.124, 0.386, 0.   , 0.046, 0.   , 0.   , 0.   , 0.   , 0.   , 0.   , 0.   , 0.   , 0.   , 0.   ]), array([0.   , 0.   , 0.   , 0.   , 0.277, 0.   , 0.498, 0.062, 0.066, 0.097, 0.   , 0.   , 0.   , 0.   , 0.   , 0.   , 0.   , 0.   ]))]
Frame: 9150000, Avg. RL Loss: 0.000, Avg. Q value: 0.000, Avg. Length: 7139.0, P0 Avg. Reward: -0.190, P1 Avg. Reward: 0.190
Q table: 
 [[-0.006  0.001 -0.003 ... -0.002 -0.    -0.018]
 [-0.002 -0.004 -0.002 ...  0.002 -0.004  0.   ]
 [-0.001  0.002  0.    ... -0.003  0.006 -0.001]
 ...
 [ 0.001  0.001 -0.001 ...  0.003 -0.004 -0.002]
 [ 0.001 -0.001 -0.003 ... -0.003  0.001 -0.007]
 [-0.001 -0.002 -0.001 ... -0.004  0.002 -0.001]]
Nash policies:  [(array([0.   , 0.052, 0.206, 0.   , 0.351, 0.119, 0.091, 0.   , 0.167, 0.   , 0.011, 0.   , 0.   , 0.004, 0.   , 0.   , 0.   , 0.   ]), array([0.   , 0.043, 0.   , 0.185, 0.423, 0.181, 0.144, 0.009, 0.   , 0.   , 0.006, 0.   , 0.   , 0.   , 0.   , 0.011, 0.   , 0.   ]))]
Frame: 9300000, Avg. RL Loss: 0.000, Avg. Q value: 0.000, Avg. Length: 7139.0, P0 Avg. Reward: -0.190, P1 Avg. Reward: 0.190
Q table: 
 [[-0.002  0.002  0.001 ... -0.     0.006 -0.006]
 [-0.002  0.002 -0.003 ...  0.002  0.002 -0.002]
 [ 0.002 -0.001 -0.    ...  0.001  0.003  0.011]
 ...
 [ 0.002 -0.001  0.    ...  0.005  0.     0.001]
 [ 0.002 -0.006 -0.002 ... -0.002 -0.    -0.   ]
 [-0.001 -0.001  0.002 ...  0.     0.001  0.   ]]
Nash policies:  [(array([0.223, 0.068, 0.093, 0.092, 0.   , 0.286, 0.   , 0.117, 0.111, 0.   , 0.   , 0.   , 0.   , 0.   , 0.   , 0.009, 0.   , 0.   ]), array([0.12 , 0.231, 0.   , 0.   , 0.155, 0.258, 0.003, 0.   , 0.   , 0.   , 0.   , 0.   , 0.   , 0.   , 0.03 , 0.152, 0.   , 0.051]))]
Frame: 9450000, Avg. RL Loss: 0.001, Avg. Q value: -0.009, Avg. Length: 7139.0, P0 Avg. Reward: 2.429, P1 Avg. Reward: -2.429
Q table: 
 [[-0.017 -0.018 -0.017 ... -0.026 -0.03  -0.023]
 [-0.015 -0.015 -0.019 ... -0.015 -0.013 -0.015]
 [-0.015 -0.016 -0.015 ... -0.022 -0.015 -0.01 ]
 ...
 [-0.017 -0.018 -0.016 ... -0.015 -0.021 -0.019]
 [-0.007 -0.014 -0.01  ... -0.016 -0.023 -0.015]
 [-0.024 -0.02  -0.01  ... -0.015 -0.017 -0.007]]
Nash policies:  [(array([0.   , 0.419, 0.082, 0.   , 0.   , 0.092, 0.   , 0.257, 0.095, 0.   , 0.   , 0.   , 0.   , 0.   , 0.   , 0.   , 0.   , 0.054]), array([0.013, 0.   , 0.151, 0.   , 0.   , 0.408, 0.   , 0.   , 0.   , 0.   , 0.153, 0.061, 0.   , 0.   , 0.   , 0.214, 0.   , 0.   ]))]
Frame: 9600000, Avg. RL Loss: 0.000, Avg. Q value: -0.010, Avg. Length: 7139.0, P0 Avg. Reward: 0.143, P1 Avg. Reward: -0.143
Q table: 
 [[-0.001 -0.001 -0.003 ...  0.    -0.001  0.002]
 [-0.003 -0.004 -0.007 ...  0.001 -0.002 -0.002]
 [-0.015  0.001 -0.003 ... -0.003  0.005 -0.004]
 ...
 [-0.003 -0.002 -0.004 ... -0.006  0.006 -0.001]
 [-0.004 -0.002  0.    ...  0.001 -0.003 -0.005]
 [-0.001 -0.002  0.    ...  0.001  0.    -0.   ]]
Nash policies:  [(array([0.258, 0.   , 0.   , 0.   , 0.   , 0.   , 0.   , 0.519, 0.057, 0.   , 0.136, 0.   , 0.   , 0.   , 0.   , 0.   , 0.006, 0.023]), array([0.221, 0.   , 0.   , 0.   , 0.   , 0.   , 0.   , 0.   , 0.249, 0.036, 0.406, 0.   , 0.   , 0.028, 0.06 , 0.   , 0.   , 0.   ]))]
Frame: 9750000, Avg. RL Loss: 0.001, Avg. Q value: -0.008, Avg. Length: 7139.0, P0 Avg. Reward: -1.000, P1 Avg. Reward: 1.000
Q table: 
 [[-0.006 -0.004 -0.002 ...  0.003 -0.007 -0.005]
 [-0.012 -0.003  0.012 ... -0.006 -0.002 -0.007]
 [-0.01  -0.004 -0.009 ... -0.009 -0.003 -0.006]
 ...
 [-0.004 -0.003  0.009 ... -0.004 -0.002 -0.01 ]
 [-0.005 -0.005 -0.009 ... -0.01  -0.003  0.   ]
 [-0.006 -0.004 -0.01  ... -0.013 -0.003 -0.007]]
Nash policies:  [(array([0.   , 0.124, 0.   , 0.   , 0.   , 0.   , 0.   , 0.   , 0.   , 0.   , 0.182, 0.   , 0.   , 0.   , 0.291, 0.   , 0.403, 0.   ]), array([0.043, 0.   , 0.007, 0.   , 0.433, 0.   , 0.   , 0.   , 0.   , 0.517, 0.   , 0.   , 0.   , 0.   , 0.   , 0.   , 0.   , 0.   ]))]
Frame: 9900000, Avg. RL Loss: 0.001, Avg. Q value: -0.005, Avg. Length: 7139.0, P0 Avg. Reward: 0.619, P1 Avg. Reward: -0.619
Q table: 
 [[ 0.001 -0.003 -0.005 ... -0.004 -0.003 -0.003]
 [-0.005  0.001 -0.003 ...  0.001 -0.008 -0.007]
 [-0.002 -0.001 -0.004 ... -0.004 -0.001 -0.006]
 ...
 [-0.002 -0.012 -0.004 ... -0.007  0.001 -0.005]
 [-0.003 -0.006  0.005 ... -0.002 -0.005  0.001]
 [-0.    -0.003 -0.004 ... -0.012  0.007 -0.004]]
Nash policies:  [(array([0.134, 0.029, 0.   , 0.   , 0.   , 0.   , 0.   , 0.   , 0.   , 0.511, 0.   , 0.   , 0.184, 0.   , 0.086, 0.02 , 0.036, 0.   ]), array([0.   , 0.   , 0.   , 0.346, 0.   , 0.036, 0.   , 0.   , 0.339, 0.145, 0.   , 0.   , 0.001, 0.   , 0.   , 0.085, 0.   , 0.048]))]
Frame: 10050000, Avg. RL Loss: 0.001, Avg. Q value: -0.008, Avg. Length: 7139.0, P0 Avg. Reward: -2.619, P1 Avg. Reward: 2.619
Q table: 
 [[-0.018 -0.017 -0.02  ... -0.025 -0.02  -0.018]
 [-0.019 -0.021 -0.015 ... -0.025 -0.021 -0.02 ]
 [-0.015 -0.016 -0.016 ... -0.018 -0.021 -0.018]
 ...
 [-0.018 -0.035 -0.016 ... -0.023 -0.018 -0.024]
 [-0.025 -0.025 -0.015 ...  0.002 -0.028 -0.021]
 [-0.017 -0.026 -0.017 ... -0.024 -0.019 -0.015]]
Nash policies:  [(array([0.   , 0.03 , 0.394, 0.   , 0.   , 0.211, 0.   , 0.034, 0.093, 0.   , 0.051, 0.   , 0.093, 0.095, 0.   , 0.   , 0.   , 0.   ]), array([0.   , 0.086, 0.   , 0.   , 0.   , 0.   , 0.   , 0.   , 0.116, 0.   , 0.295, 0.172, 0.128, 0.035, 0.   , 0.12 , 0.049, 0.   ]))]
Frame: 10200000, Avg. RL Loss: 0.001, Avg. Q value: -0.019, Avg. Length: 7139.0, P0 Avg. Reward: -2.190, P1 Avg. Reward: 2.190
Q table: 
 [[-0.03  -0.03  -0.024 ... -0.032 -0.029 -0.026]
 [-0.025 -0.028 -0.021 ... -0.029 -0.026 -0.025]
 [-0.025 -0.025 -0.019 ... -0.042 -0.018 -0.021]
 ...
 [-0.026 -0.027 -0.022 ... -0.025 -0.025 -0.047]
 [-0.024 -0.024 -0.026 ... -0.023 -0.025 -0.02 ]
 [-0.02  -0.019 -0.022 ... -0.028 -0.025 -0.024]]
Nash policies:  [(array([0.   , 0.   , 0.   , 0.   , 0.   , 0.   , 0.   , 0.101, 0.   , 0.021, 0.   , 0.524, 0.124, 0.03 , 0.051, 0.   , 0.106, 0.045]), array([0.054, 0.   , 0.   , 0.   , 0.   , 0.272, 0.   , 0.   , 0.   , 0.155, 0.136, 0.   , 0.173, 0.026, 0.   , 0.116, 0.068, 0.   ]))]
Frame: 10350000, Avg. RL Loss: 0.001, Avg. Q value: -0.023, Avg. Length: 7139.0, P0 Avg. Reward: -4.524, P1 Avg. Reward: 4.524
Q table: 
 [[-0.041 -0.055 -0.041 ... -0.046 -0.044 -0.038]
 [-0.031 -0.052 -0.031 ... -0.043 -0.041 -0.039]
 [-0.036 -0.04  -0.029 ... -0.052 -0.045 -0.037]
 ...
 [-0.038 -0.043 -0.038 ... -0.045 -0.045 -0.054]
 [-0.043 -0.048 -0.036 ... -0.042 -0.042 -0.043]
 [-0.033 -0.043 -0.041 ... -0.042 -0.043 -0.037]]
Nash policies:  [(array([0.   , 0.   , 0.   , 0.   , 0.   , 0.117, 0.   , 0.   , 0.   , 0.   , 0.   , 0.   , 0.   , 0.478, 0.   , 0.155, 0.038, 0.212]), array([0.   , 0.075, 0.   , 0.   , 0.   , 0.   , 0.   , 0.   , 0.   , 0.   , 0.   , 0.273, 0.099, 0.179, 0.   , 0.373, 0.   , 0.   ]))]
Frame: 10500000, Avg. RL Loss: 0.001, Avg. Q value: -0.022, Avg. Length: 7139.0, P0 Avg. Reward: -0.714, P1 Avg. Reward: 0.714
Q table: 
 [[-0.011 -0.013 -0.011 ... -0.    -0.013 -0.01 ]
 [-0.01  -0.008 -0.012 ... -0.004 -0.009 -0.009]
 [-0.01  -0.013 -0.01  ... -0.    -0.002 -0.009]
 ...
 [-0.009 -0.01  -0.011 ... -0.008 -0.001 -0.012]
 [-0.011 -0.002 -0.012 ... -0.002 -0.008 -0.013]
 [-0.009 -0.007 -0.012 ... -0.004 -0.008 -0.009]]
Nash policies:  [(array([0.   , 0.02 , 0.282, 0.   , 0.   , 0.295, 0.   , 0.   , 0.   , 0.   , 0.   , 0.038, 0.   , 0.   , 0.272, 0.   , 0.   , 0.093]), array([0.   , 0.   , 0.096, 0.   , 0.017, 0.102, 0.164, 0.   , 0.164, 0.457, 0.   , 0.   , 0.   , 0.   , 0.   , 0.   , 0.   , 0.   ]))]
Frame: 10650000, Avg. RL Loss: 0.000, Avg. Q value: -0.011, Avg. Length: 7139.0, P0 Avg. Reward: -0.429, P1 Avg. Reward: 0.429
Q table: 
 [[-0.006 -0.004 -0.004 ...  0.007 -0.001 -0.005]
 [-0.009  0.005  0.002 ...  0.003  0.002 -0.001]
 [-0.002 -0.001 -0.003 ...  0.005  0.006 -0.003]
 ...
 [-0.006  0.007 -0.003 ...  0.001  0.009  0.003]
 [-0.004  0.006 -0.001 ...  0.001 -0.002 -0.002]
 [-0.007  0.006 -0.01  ...  0.004 -0.006 -0.008]]
Nash policies:  [(array([0.   , 0.   , 0.786, 0.   , 0.   , 0.021, 0.008, 0.   , 0.   , 0.   , 0.048, 0.   , 0.099, 0.037, 0.   , 0.   , 0.   , 0.   ]), array([0.322, 0.   , 0.24 , 0.   , 0.026, 0.   , 0.069, 0.   , 0.325, 0.   , 0.   , 0.   , 0.   , 0.   , 0.   , 0.   , 0.   , 0.018]))]
Frame: 10800000, Avg. RL Loss: 0.001, Avg. Q value: -0.018, Avg. Length: 7139.0, P0 Avg. Reward: -3.190, P1 Avg. Reward: 3.190
Q table: 
 [[-0.029 -0.027 -0.037 ... -0.034 -0.036 -0.031]
 [-0.038 -0.034 -0.029 ... -0.033 -0.036 -0.035]
 [-0.031 -0.028 -0.027 ... -0.034 -0.032 -0.033]
 ...
 [-0.033 -0.039 -0.028 ... -0.033 -0.034 -0.031]
 [-0.036 -0.024 -0.032 ... -0.036 -0.031 -0.036]
 [-0.029 -0.037 -0.034 ... -0.038 -0.035 -0.037]]
Nash policies:  [(array([0.   , 0.08 , 0.021, 0.   , 0.   , 0.   , 0.   , 0.   , 0.452, 0.   , 0.   , 0.   , 0.   , 0.243, 0.161, 0.   , 0.   , 0.043]), array([0.   , 0.069, 0.   , 0.   , 0.199, 0.   , 0.   , 0.   , 0.   , 0.   , 0.   , 0.086, 0.   , 0.059, 0.242, 0.344, 0.   , 0.   ]))]
Frame: 10950000, Avg. RL Loss: 0.000, Avg. Q value: -0.023, Avg. Length: 7139.0, P0 Avg. Reward: 0.095, P1 Avg. Reward: -0.095
Q table: 
 [[-0.031 -0.026 -0.035 ... -0.031 -0.028 -0.028]
 [-0.029 -0.029 -0.024 ... -0.029 -0.03  -0.028]
 [-0.027 -0.026 -0.025 ... -0.029 -0.029 -0.028]
 ...
 [-0.03  -0.03  -0.027 ... -0.031 -0.029 -0.028]
 [-0.03  -0.027 -0.029 ... -0.031 -0.03  -0.03 ]
 [-0.025 -0.031 -0.022 ... -0.033 -0.028 -0.03 ]]
Nash policies:  [(array([0.   , 0.288, 0.132, 0.   , 0.   , 0.   , 0.   , 0.   , 0.269, 0.   , 0.   , 0.   , 0.   , 0.312, 0.   , 0.   , 0.   , 0.   ]), array([0.   , 0.   , 0.   , 0.   , 0.   , 0.   , 0.   , 0.   , 0.   , 0.   , 0.   , 0.128, 0.   , 0.183, 0.   , 0.49 , 0.198, 0.   ]))]
Frame: 11100000, Avg. RL Loss: 0.001, Avg. Q value: -0.027, Avg. Length: 7139.0, P0 Avg. Reward: -1.952, P1 Avg. Reward: 1.952
Q table: 
 [[-0.008  0.007 -0.006 ...  0.008  0.     0.001]
 [-0.011  0.002 -0.008 ...  0.014  0.019 -0.006]
 [-0.007 -0.005 -0.007 ...  0.003  0.003 -0.003]
 ...
 [-0.007  0.007 -0.005 ...  0.018  0.014 -0.004]
 [-0.014  0.006 -0.015 ... -0.014 -0.007 -0.008]
 [-0.013  0.008 -0.013 ...  0.008  0.003  0.015]]
Nash policies:  [(array([0.   , 0.   , 0.   , 0.   , 0.271, 0.621, 0.   , 0.   , 0.108, 0.   , 0.   , 0.   , 0.   , 0.   , 0.   , 0.   , 0.   , 0.   ]), array([0.   , 0.   , 0.299, 0.431, 0.   , 0.   , 0.   , 0.271, 0.   , 0.   , 0.   , 0.   , 0.   , 0.   , 0.   , 0.   , 0.   , 0.   ]))]
Frame: 11250000, Avg. RL Loss: 0.001, Avg. Q value: -0.016, Avg. Length: 7139.0, P0 Avg. Reward: 2.524, P1 Avg. Reward: -2.524
Q table: 
 [[-0.014 -0.016 -0.014 ... -0.02  -0.013 -0.016]
 [-0.012 -0.009 -0.007 ... -0.014 -0.009 -0.013]
 [-0.012 -0.014 -0.009 ... -0.009 -0.01  -0.014]
 ...
 [-0.015 -0.019 -0.012 ... -0.016 -0.019 -0.011]
 [-0.016 -0.001 -0.017 ... -0.018 -0.016 -0.019]
 [-0.017 -0.008 -0.023 ... -0.018 -0.006 -0.009]]
Nash policies:  [(array([0.   , 0.   , 0.   , 0.   , 0.   , 0.077, 0.   , 0.023, 0.828, 0.   , 0.014, 0.017, 0.   , 0.   , 0.   , 0.   , 0.041, 0.   ]), array([0.   , 0.029, 0.   , 0.073, 0.   , 0.36 , 0.049, 0.203, 0.   , 0.286, 0.   , 0.   , 0.   , 0.   , 0.   , 0.   , 0.   , 0.   ]))]
Frame: 11400000, Avg. RL Loss: 0.003, Avg. Q value: -0.008, Avg. Length: 7139.0, P0 Avg. Reward: 0.286, P1 Avg. Reward: -0.286
Q table: 
 [[-0.023 -0.03  -0.028 ... -0.029 -0.024 -0.035]
 [-0.031 -0.037 -0.027 ... -0.02  -0.025 -0.018]
 [-0.025 -0.027 -0.024 ... -0.03  -0.034 -0.026]
 ...
 [-0.034 -0.045 -0.026 ... -0.036 -0.031 -0.029]
 [-0.023 -0.03  -0.031 ... -0.025 -0.016 -0.031]
 [-0.037 -0.033 -0.036 ... -0.035 -0.031 -0.016]]
Nash policies:  [(array([0.   , 0.175, 0.   , 0.33 , 0.069, 0.   , 0.   , 0.   , 0.   , 0.   , 0.   , 0.164, 0.133, 0.129, 0.   , 0.   , 0.   , 0.   ]), array([0.   , 0.008, 0.   , 0.   , 0.1  , 0.   , 0.   , 0.   , 0.   , 0.   , 0.269, 0.568, 0.   , 0.04 , 0.   , 0.   , 0.   , 0.014]))]
Frame: 11550000, Avg. RL Loss: 0.002, Avg. Q value: -0.017, Avg. Length: 7139.0, P0 Avg. Reward: 0.571, P1 Avg. Reward: -0.571
Q table: 
 [[-0.018 -0.006 -0.017 ... -0.019 -0.027 -0.027]
 [-0.016 -0.024 -0.017 ... -0.021 -0.025 -0.02 ]
 [-0.016 -0.012 -0.015 ... -0.018 -0.015 -0.017]
 ...
 [-0.02  -0.02  -0.009 ... -0.009 -0.016 -0.026]
 [-0.016 -0.018 -0.017 ... -0.019  0.01  -0.017]
 [-0.013 -0.034 -0.012 ... -0.018 -0.02  -0.012]]
Nash policies:  [(array([0.   , 0.   , 0.154, 0.572, 0.   , 0.   , 0.   , 0.   , 0.   , 0.   , 0.   , 0.   , 0.189, 0.   , 0.   , 0.   , 0.086, 0.   ]), array([0.   , 0.   , 0.   , 0.   , 0.   , 0.   , 0.   , 0.   , 0.   , 0.   , 0.   , 0.358, 0.384, 0.089, 0.   , 0.17 , 0.   , 0.   ]))]
Frame: 11700000, Avg. RL Loss: 0.001, Avg. Q value: -0.013, Avg. Length: 7139.0, P0 Avg. Reward: -0.857, P1 Avg. Reward: 0.857
Q table: 
 [[0.021 0.026 0.006 ... 0.013 0.015 0.011]
 [0.017 0.02  0.018 ... 0.026 0.009 0.016]
 [0.01  0.024 0.011 ... 0.02  0.028 0.008]
 ...
 [0.017 0.015 0.009 ... 0.024 0.023 0.017]
 [0.017 0.021 0.028 ... 0.021 0.04  0.019]
 [0.02  0.009 0.015 ... 0.026 0.023 0.013]]
Nash policies:  [(array([0.   , 0.   , 0.   , 0.15 , 0.   , 0.   , 0.   , 0.   , 0.   , 0.   , 0.   , 0.   , 0.042, 0.056, 0.   , 0.   , 0.752, 0.   ]), array([0.   , 0.   , 0.   , 0.   , 0.282, 0.   , 0.   , 0.35 , 0.351, 0.   , 0.   , 0.016, 0.   , 0.   , 0.   , 0.   , 0.   , 0.   ]))]
Frame: 11850000, Avg. RL Loss: 0.000, Avg. Q value: -0.005, Avg. Length: 7139.0, P0 Avg. Reward: -0.190, P1 Avg. Reward: 0.190
Q table: 
 [[-0.002 -0.    -0.005 ... -0.005  0.005 -0.001]
 [-0.004  0.004 -0.006 ...  0.008  0.    -0.007]
 [ 0.001  0.005 -0.002 ...  0.001  0.007 -0.001]
 ...
 [-0.005  0.002 -0.007 ...  0.008  0.009 -0.001]
 [-0.001 -0.003 -0.005 ... -0.002  0.009 -0.002]
 [-0.001 -0.005 -0.009 ...  0.011  0.001 -0.003]]
Nash policies:  [(array([0.   , 0.   , 0.386, 0.143, 0.26 , 0.   , 0.   , 0.   , 0.211, 0.   , 0.   , 0.   , 0.   , 0.   , 0.   , 0.   , 0.   , 0.   ]), array([0.   , 0.   , 0.156, 0.   , 0.   , 0.   , 0.402, 0.414, 0.   , 0.028, 0.   , 0.   , 0.   , 0.   , 0.   , 0.   , 0.   , 0.   ]))]
Frame: 12000000, Avg. RL Loss: 0.001, Avg. Q value: -0.006, Avg. Length: 7139.0, P0 Avg. Reward: 0.762, P1 Avg. Reward: -0.762
Q table: 
 [[ 0.007 -0.009 -0.01  ... -0.008 -0.     0.002]
 [ 0.002  0.037  0.008 ...  0.011  0.017 -0.006]
 [-0.004  0.005  0.001 ...  0.011  0.019 -0.001]
 ...
 [-0.011 -0.007 -0.004 ...  0.01   0.004  0.009]
 [-0.007  0.01  -0.006 ... -0.001  0.002  0.002]
 [-0.006 -0.002 -0.013 ...  0.016  0.007 -0.004]]
Nash policies:  [(array([0.   , 0.   , 0.313, 0.   , 0.   , 0.471, 0.   , 0.   , 0.   , 0.   , 0.112, 0.   , 0.   , 0.104, 0.   , 0.   , 0.   , 0.   ]), array([0.   , 0.   , 0.157, 0.   , 0.   , 0.   , 0.01 , 0.   , 0.   , 0.   , 0.404, 0.   , 0.   , 0.   , 0.429, 0.   , 0.   , 0.   ]))]
Frame: 12150000, Avg. RL Loss: 0.001, Avg. Q value: -0.005, Avg. Length: 7139.0, P0 Avg. Reward: -1.714, P1 Avg. Reward: 1.714
Q table: 
 [[-0.016 -0.018 -0.016 ... -0.016 -0.016 -0.018]
 [-0.013 -0.021 -0.013 ... -0.018 -0.015 -0.014]
 [-0.011 -0.019 -0.014 ... -0.02  -0.017 -0.017]
 ...
 [-0.015 -0.055 -0.004 ... -0.017 -0.02  -0.02 ]
 [-0.017 -0.018 -0.024 ... -0.016 -0.015 -0.016]
 [-0.015 -0.014 -0.016 ... -0.019 -0.011 -0.018]]Load PettingZoo Atari env: boxing_v1
Load PettingZoo Atari env: boxing_v1
Load PettingZoo Atari env: boxing_v1
