                          Options
                          seed: 1122
                          batch_size: 256
                          no_cuda: False
                          max_frames: 1400000
                          buffer_size: 100000
                          update_target: 1000
                          train_freq: 1000
                          gamma: 0.99
                          eta: 1.0
                          rl_start: 10000
                          sl_start: 1000
                          dueling: False
                          multi_step: 1
                          env: pong_v1
                          negative: False
                          load_model: None
                          save_model: model
                          evaluate: False
                          render: False
                          evaluation_interval: 10000
                          lr: 0.0001
                          max_tag_interval: 1000
                          eps_start: 1.0
                          eps_final: 0.01
                          eps_decay: 30000
                          cuda: True
                          device: cuda
Box(0, 1, (12, 84, 84), uint8) Discrete(18)
Frame: 10000    FPS: 35.10 Avg. Tagging Interval Length: 1.00
Player 1 Avg. Reward: 4.17 Avg. RL/SL Loss: 0.00/0.00
Player 2 Avg. Reward: -4.17 Avg. RL/SL Loss: 0.00/0.00
Frame: 20000    FPS: 34.05 Avg. Tagging Interval Length: 1.00
Player 1 Avg. Reward: 2.40 Avg. RL/SL Loss: 0.02/nan
Player 2 Avg. Reward: -2.40 Avg. RL/SL Loss: 0.03/nan
Frame: 30000    FPS: 33.95 Avg. Tagging Interval Length: 1.00
Player 1 Avg. Reward: 7.12 Avg. RL/SL Loss: 0.09/nan
Player 2 Avg. Reward: -7.12 Avg. RL/SL Loss: 0.03/nan
Frame: 40000    FPS: 32.69 Avg. Tagging Interval Length: 1.00
Player 1 Avg. Reward: 0.67 Avg. RL/SL Loss: 0.49/nan
Player 2 Avg. Reward: -0.67 Avg. RL/SL Loss: 0.17/nan
Frame: 50000    FPS: 32.08 Avg. Tagging Interval Length: 1.00
Player 1 Avg. Reward: 1.00 Avg. RL/SL Loss: 1.38/nan
Player 2 Avg. Reward: -1.00 Avg. RL/SL Loss: 0.61/nan
Frame: 60000    FPS: 32.90 Avg. Tagging Interval Length: 1.00
Player 1 Avg. Reward: 9.25 Avg. RL/SL Loss: 2.73/nan
Player 2 Avg. Reward: -9.25 Avg. RL/SL Loss: 1.69/nan
Frame: 70000    FPS: 31.54 Avg. Tagging Interval Length: 1.00
Player 1 Avg. Reward: 12.12 Avg. RL/SL Loss: 4.99/nan
Player 2 Avg. Reward: -12.12 Avg. RL/SL Loss: 3.55/nan
Frame: 80000    FPS: 32.51 Avg. Tagging Interval Length: 1.00
Player 1 Avg. Reward: 17.08 Avg. RL/SL Loss: 7.10/nan
Player 2 Avg. Reward: -17.08 Avg. RL/SL Loss: 5.51/nan
Frame: 90000    FPS: 32.48 Avg. Tagging Interval Length: 1.00
Player 1 Avg. Reward: 13.50 Avg. RL/SL Loss: 9.56/nan
Player 2 Avg. Reward: -13.50 Avg. RL/SL Loss: 7.34/nan
Frame: 100000   FPS: 32.50 Avg. Tagging Interval Length: 1.00
Player 1 Avg. Reward: 13.08 Avg. RL/SL Loss: 11.42/nan
Player 2 Avg. Reward: -13.08 Avg. RL/SL Loss: 8.85/nan
Frame: 110000   FPS: 32.34 Avg. Tagging Interval Length: 1.00
Player 1 Avg. Reward: 21.00 Avg. RL/SL Loss: 7.86/nan
Player 2 Avg. Reward: -21.00 Avg. RL/SL Loss: 7.19/nan
Frame: 120000   FPS: 32.32 Avg. Tagging Interval Length: 1.00
Player 1 Avg. Reward: 21.00 Avg. RL/SL Loss: 4.09/nan
Player 2 Avg. Reward: -21.00 Avg. RL/SL Loss: 3.46/nan
Frame: 130000   FPS: 32.28 Avg. Tagging Interval Length: 1.00
Player 1 Avg. Reward: 18.73 Avg. RL/SL Loss: 2.23/nan
Player 2 Avg. Reward: -18.73 Avg. RL/SL Loss: 1.81/nan
Frame: 140000   FPS: 32.56 Avg. Tagging Interval Length: 1.00
Player 1 Avg. Reward: 0.90 Avg. RL/SL Loss: 0.97/nan
Player 2 Avg. Reward: -0.90 Avg. RL/SL Loss: 1.26/nan
Frame: 150000   FPS: 32.80 Avg. Tagging Interval Length: 1.00
Player 1 Avg. Reward: 9.33 Avg. RL/SL Loss: 0.57/nan
Player 2 Avg. Reward: -9.33 Avg. RL/SL Loss: 0.85/nan
Frame: 160000   FPS: 32.49 Avg. Tagging Interval Length: 1.00
Player 1 Avg. Reward: 10.33 Avg. RL/SL Loss: 0.44/nan
Player 2 Avg. Reward: -10.33 Avg. RL/SL Loss: 0.48/nan
Frame: 170000   FPS: 32.43 Avg. Tagging Interval Length: 1.00
Player 1 Avg. Reward: 2.50 Avg. RL/SL Loss: 0.30/nan
Player 2 Avg. Reward: -2.50 Avg. RL/SL Loss: 0.39/nan
Frame: 180000   FPS: 32.46 Avg. Tagging Interval Length: 1.00
Player 1 Avg. Reward: -0.67 Avg. RL/SL Loss: 0.17/nan
Player 2 Avg. Reward: 0.67 Avg. RL/SL Loss: 0.17/nan
Frame: 190000   FPS: 32.51 Avg. Tagging Interval Length: 1.00
Player 1 Avg. Reward: -6.00 Avg. RL/SL Loss: 0.14/nan
Player 2 Avg. Reward: 6.00 Avg. RL/SL Loss: 0.13/nan
Frame: 200000   FPS: 32.70 Avg. Tagging Interval Length: 1.00
Player 1 Avg. Reward: -9.83 Avg. RL/SL Loss: 0.13/nan
Player 2 Avg. Reward: 9.83 Avg. RL/SL Loss: 0.08/nan
Frame: 210000   FPS: 32.84 Avg. Tagging Interval Length: 1.00
Player 1 Avg. Reward: 16.30 Avg. RL/SL Loss: 0.09/nan
Player 2 Avg. Reward: -16.30 Avg. RL/SL Loss: 0.08/nan
Frame: 220000   FPS: 32.51 Avg. Tagging Interval Length: 1.00
Player 1 Avg. Reward: 21.00 Avg. RL/SL Loss: 0.05/nan
Player 2 Avg. Reward: -21.00 Avg. RL/SL Loss: 0.08/nan
Frame: 230000   FPS: 32.54 Avg. Tagging Interval Length: 1.00
Player 1 Avg. Reward: 21.00 Avg. RL/SL Loss: 0.06/nan
Player 2 Avg. Reward: -21.00 Avg. RL/SL Loss: 0.05/nan
Frame: 240000   FPS: 32.47 Avg. Tagging Interval Length: 1.00
Player 1 Avg. Reward: 21.00 Avg. RL/SL Loss: 0.07/nan
Player 2 Avg. Reward: -21.00 Avg. RL/SL Loss: 0.04/nan
Frame: 250000   FPS: 32.26 Avg. Tagging Interval Length: 1.00
Player 1 Avg. Reward: -6.33 Avg. RL/SL Loss: 0.05/nan
Player 2 Avg. Reward: 6.33 Avg. RL/SL Loss: 0.03/nan
Frame: 260000   FPS: 32.25 Avg. Tagging Interval Length: 1.00
Player 1 Avg. Reward: -16.00 Avg. RL/SL Loss: 0.03/nan
Player 2 Avg. Reward: 16.00 Avg. RL/SL Loss: 0.04/nan
Frame: 270000   FPS: 32.37 Avg. Tagging Interval Length: 1.00
Player 1 Avg. Reward: -15.67 Avg. RL/SL Loss: 0.05/nan
Player 2 Avg. Reward: 15.67 Avg. RL/SL Loss: 0.01/nan
Frame: 280000   FPS: 32.20 Avg. Tagging Interval Length: 1.00
Player 1 Avg. Reward: -0.27 Avg. RL/SL Loss: 0.03/nan
Player 2 Avg. Reward: 0.27 Avg. RL/SL Loss: 0.04/nan
Frame: 290000   FPS: 32.29 Avg. Tagging Interval Length: 1.00
Player 1 Avg. Reward: 15.50 Avg. RL/SL Loss: 0.04/nan
Player 2 Avg. Reward: -15.50 Avg. RL/SL Loss: 0.03/nan
Frame: 300000   FPS: 32.27 Avg. Tagging Interval Length: 1.00
Player 1 Avg. Reward: -6.00 Avg. RL/SL Loss: 0.03/nan
Player 2 Avg. Reward: 6.00 Avg. RL/SL Loss: 0.02/nan
Frame: 310000   FPS: 32.28 Avg. Tagging Interval Length: 1.00
Player 1 Avg. Reward: -2.75 Avg. RL/SL Loss: 0.02/nan
Player 2 Avg. Reward: 2.75 Avg. RL/SL Loss: 0.02/nan
Frame: 320000   FPS: 32.21 Avg. Tagging Interval Length: 1.00
Player 1 Avg. Reward: -8.30 Avg. RL/SL Loss: 0.03/nan
Player 2 Avg. Reward: 8.30 Avg. RL/SL Loss: 0.02/nan
Frame: 330000   FPS: 32.16 Avg. Tagging Interval Length: 1.00
Player 1 Avg. Reward: 19.43 Avg. RL/SL Loss: 0.02/nan
Player 2 Avg. Reward: -19.43 Avg. RL/SL Loss: 0.02/nan
Frame: 340000   FPS: 32.27 Avg. Tagging Interval Length: 1.00
Player 1 Avg. Reward: 16.14 Avg. RL/SL Loss: 0.02/nan
Player 2 Avg. Reward: -16.14 Avg. RL/SL Loss: 0.01/nan
Frame: 350000   FPS: 32.30 Avg. Tagging Interval Length: 1.00
Player 1 Avg. Reward: 14.67 Avg. RL/SL Loss: 0.03/nan
Player 2 Avg. Reward: -14.67 Avg. RL/SL Loss: 0.01/nan
Frame: 360000   FPS: 32.25 Avg. Tagging Interval Length: 1.00
Player 1 Avg. Reward: -0.11 Avg. RL/SL Loss: 0.04/nan
Player 2 Avg. Reward: 0.11 Avg. RL/SL Loss: 0.02/nan
Frame: 370000   FPS: 32.31 Avg. Tagging Interval Length: 1.00
Player 1 Avg. Reward: -9.70 Avg. RL/SL Loss: 0.02/nan
Player 2 Avg. Reward: 9.70 Avg. RL/SL Loss: 0.02/nan
Frame: 380000   FPS: 32.25 Avg. Tagging Interval Length: 1.00
Player 1 Avg. Reward: -7.75 Avg. RL/SL Loss: 0.03/nan
Player 2 Avg. Reward: 7.75 Avg. RL/SL Loss: 0.02/nan
Frame: 390000   FPS: 32.25 Avg. Tagging Interval Length: 1.00
Player 1 Avg. Reward: 17.33 Avg. RL/SL Loss: 0.02/nan
Player 2 Avg. Reward: -17.33 Avg. RL/SL Loss: 0.02/nan
Frame: 400000   FPS: 32.24 Avg. Tagging Interval Length: 1.00
Player 1 Avg. Reward: 2.00 Avg. RL/SL Loss: 0.02/nan
Player 2 Avg. Reward: -2.00 Avg. RL/SL Loss: 0.02/nan
Frame: 410000   FPS: 32.21 Avg. Tagging Interval Length: 1.00
Player 1 Avg. Reward: -9.57 Avg. RL/SL Loss: 0.02/nan
Player 2 Avg. Reward: 9.57 Avg. RL/SL Loss: 0.01/nan
Frame: 420000   FPS: 32.20 Avg. Tagging Interval Length: 1.00
Player 1 Avg. Reward: 1.56 Avg. RL/SL Loss: 0.02/nan
Player 2 Avg. Reward: -1.56 Avg. RL/SL Loss: 0.02/nan
Frame: 430000   FPS: 32.24 Avg. Tagging Interval Length: 1.00
Player 1 Avg. Reward: 0.33 Avg. RL/SL Loss: 0.02/nan
Player 2 Avg. Reward: -0.33 Avg. RL/SL Loss: 0.01/nan
Frame: 440000   FPS: 32.49 Avg. Tagging Interval Length: 1.00
Player 1 Avg. Reward: -13.00 Avg. RL/SL Loss: 0.02/nan
Player 2 Avg. Reward: 13.00 Avg. RL/SL Loss: 0.02/nan
Frame: 450000   FPS: 32.36 Avg. Tagging Interval Length: 1.00
Player 1 Avg. Reward: 10.00 Avg. RL/SL Loss: 0.02/nan
Player 2 Avg. Reward: -10.00 Avg. RL/SL Loss: 0.01/nan
Frame: 460000   FPS: 32.07 Avg. Tagging Interval Length: 1.00
Player 1 Avg. Reward: 14.80 Avg. RL/SL Loss: 0.02/nan
Player 2 Avg. Reward: -14.80 Avg. RL/SL Loss: 0.01/nan
Frame: 470000   FPS: 32.20 Avg. Tagging Interval Length: 1.00
Player 1 Avg. Reward: 12.00 Avg. RL/SL Loss: 0.02/nan
Player 2 Avg. Reward: -12.00 Avg. RL/SL Loss: 0.01/nan
Frame: 480000   FPS: 32.25 Avg. Tagging Interval Length: 1.00
Player 1 Avg. Reward: -9.40 Avg. RL/SL Loss: 0.02/nan
Player 2 Avg. Reward: 9.40 Avg. RL/SL Loss: 0.01/nan
Frame: 490000   FPS: 32.25 Avg. Tagging Interval Length: 1.00
Player 1 Avg. Reward: 16.88 Avg. RL/SL Loss: 0.02/nan
Player 2 Avg. Reward: -16.88 Avg. RL/SL Loss: 0.01/nan
Frame: 500000   FPS: 32.28 Avg. Tagging Interval Length: 1.00
Player 1 Avg. Reward: -15.00 Avg. RL/SL Loss: 0.01/nan
Player 2 Avg. Reward: 15.00 Avg. RL/SL Loss: 0.01/nan
Frame: 510000   FPS: 32.20 Avg. Tagging Interval Length: 1.00
Player 1 Avg. Reward: -8.67 Avg. RL/SL Loss: 0.02/nan
Player 2 Avg. Reward: 8.67 Avg. RL/SL Loss: 0.01/nan
Frame: 520000   FPS: 32.32 Avg. Tagging Interval Length: 1.00
Player 1 Avg. Reward: 12.14 Avg. RL/SL Loss: 0.01/nan
Player 2 Avg. Reward: -12.14 Avg. RL/SL Loss: 0.01/nan
Frame: 530000   FPS: 32.16 Avg. Tagging Interval Length: 1.00
Player 1 Avg. Reward: 5.44 Avg. RL/SL Loss: 0.01/nan
Player 2 Avg. Reward: -5.44 Avg. RL/SL Loss: 0.02/nan
Frame: 540000   FPS: 32.06 Avg. Tagging Interval Length: 1.00
Player 1 Avg. Reward: 13.67 Avg. RL/SL Loss: 0.01/nan
Player 2 Avg. Reward: -13.67 Avg. RL/SL Loss: 0.01/nan
Frame: 550000   FPS: 32.12 Avg. Tagging Interval Length: 1.00
Player 1 Avg. Reward: 9.77 Avg. RL/SL Loss: 0.02/nan
Player 2 Avg. Reward: -9.77 Avg. RL/SL Loss: 0.01/nan
Frame: 560000   FPS: 32.12 Avg. Tagging Interval Length: 1.00
Player 1 Avg. Reward: 10.50 Avg. RL/SL Loss: 0.02/nan
Player 2 Avg. Reward: -10.50 Avg. RL/SL Loss: 0.01/nan
Frame: 570000   FPS: 32.00 Avg. Tagging Interval Length: 1.00
Player 1 Avg. Reward: 10.22 Avg. RL/SL Loss: 0.01/nan
Player 2 Avg. Reward: -10.22 Avg. RL/SL Loss: 0.01/nan
Frame: 580000   FPS: 31.98 Avg. Tagging Interval Length: 1.00
Player 1 Avg. Reward: -6.40 Avg. RL/SL Loss: 0.01/nan
Player 2 Avg. Reward: 6.40 Avg. RL/SL Loss: 0.01/nan
Frame: 590000   FPS: 32.05 Avg. Tagging Interval Length: 1.00
Player 1 Avg. Reward: -9.75 Avg. RL/SL Loss: 0.01/nan
Player 2 Avg. Reward: 9.75 Avg. RL/SL Loss: 0.01/nan
Frame: 600000   FPS: 32.06 Avg. Tagging Interval Length: 1.00
Player 1 Avg. Reward: -14.67 Avg. RL/SL Loss: 0.02/nan
Player 2 Avg. Reward: 14.67 Avg. RL/SL Loss: 0.01/nan
Frame: 610000   FPS: 32.15 Avg. Tagging Interval Length: 1.00
Player 1 Avg. Reward: -12.67 Avg. RL/SL Loss: 0.02/nan
Player 2 Avg. Reward: 12.67 Avg. RL/SL Loss: 0.01/nan
Frame: 620000   FPS: 32.24 Avg. Tagging Interval Length: 1.00
Player 1 Avg. Reward: 0.00 Avg. RL/SL Loss: 0.01/nan
Player 2 Avg. Reward: 0.00 Avg. RL/SL Loss: 0.01/nan
Frame: 630000   FPS: 32.14 Avg. Tagging Interval Length: 1.00
Player 1 Avg. Reward: -8.57 Avg. RL/SL Loss: 0.02/nan
Player 2 Avg. Reward: 8.57 Avg. RL/SL Loss: 0.02/nan
Frame: 640000   FPS: 32.27 Avg. Tagging Interval Length: 1.00
Player 1 Avg. Reward: -17.00 Avg. RL/SL Loss: 0.02/nan
Player 2 Avg. Reward: 17.00 Avg. RL/SL Loss: 0.01/nan
Frame: 650000   FPS: 32.16 Avg. Tagging Interval Length: 1.00
Player 1 Avg. Reward: 10.57 Avg. RL/SL Loss: 0.01/nan
Player 2 Avg. Reward: -10.57 Avg. RL/SL Loss: 0.01/nan
Frame: 660000   FPS: 32.14 Avg. Tagging Interval Length: 1.00
Player 1 Avg. Reward: -1.00 Avg. RL/SL Loss: 0.01/nan
Player 2 Avg. Reward: 1.00 Avg. RL/SL Loss: 0.01/nan
Frame: 670000   FPS: 32.19 Avg. Tagging Interval Length: 1.00
Player 1 Avg. Reward: 21.00 Avg. RL/SL Loss: 0.01/nan
Player 2 Avg. Reward: -21.00 Avg. RL/SL Loss: 0.01/nan
Frame: 680000   FPS: 32.46 Avg. Tagging Interval Length: 1.00
Player 1 Avg. Reward: 3.00 Avg. RL/SL Loss: 0.01/nan
Player 2 Avg. Reward: -3.00 Avg. RL/SL Loss: 0.01/nan
Frame: 690000   FPS: 32.11 Avg. Tagging Interval Length: 1.00
Player 1 Avg. Reward: 7.33 Avg. RL/SL Loss: 0.01/nan
Player 2 Avg. Reward: -7.33 Avg. RL/SL Loss: 0.01/nan
Frame: 700000   FPS: 32.28 Avg. Tagging Interval Length: 1.00
Player 1 Avg. Reward: 18.80 Avg. RL/SL Loss: 0.01/nan
Player 2 Avg. Reward: -18.80 Avg. RL/SL Loss: 0.01/nan
Frame: 710000   FPS: 32.18 Avg. Tagging Interval Length: 1.00
Player 1 Avg. Reward: 13.31 Avg. RL/SL Loss: 0.01/nan
Player 2 Avg. Reward: -13.31 Avg. RL/SL Loss: 0.01/nan
Frame: 720000   FPS: 32.08 Avg. Tagging Interval Length: 1.00
Player 1 Avg. Reward: 15.75 Avg. RL/SL Loss: 0.01/nan
Player 2 Avg. Reward: -15.75 Avg. RL/SL Loss: 0.01/nan
Frame: 730000   FPS: 32.25 Avg. Tagging Interval Length: 1.00
Player 1 Avg. Reward: 11.70 Avg. RL/SL Loss: 0.01/nan
Player 2 Avg. Reward: -11.70 Avg. RL/SL Loss: 0.01/nan
Frame: 740000   FPS: 32.30 Avg. Tagging Interval Length: 1.00
Player 1 Avg. Reward: 11.82 Avg. RL/SL Loss: 0.01/nan
Player 2 Avg. Reward: -11.82 Avg. RL/SL Loss: 0.01/nan
Frame: 750000   FPS: 32.26 Avg. Tagging Interval Length: 1.00
Player 1 Avg. Reward: 13.50 Avg. RL/SL Loss: 0.01/nan
Player 2 Avg. Reward: -13.50 Avg. RL/SL Loss: 0.01/nan
Frame: 760000   FPS: 32.19 Avg. Tagging Interval Length: 1.00
Player 1 Avg. Reward: 8.64 Avg. RL/SL Loss: 0.01/nan
Player 2 Avg. Reward: -8.64 Avg. RL/SL Loss: 0.01/nan
Frame: 770000   FPS: 32.31 Avg. Tagging Interval Length: 1.00
Player 1 Avg. Reward: -3.50 Avg. RL/SL Loss: 0.01/nan
Player 2 Avg. Reward: 3.50 Avg. RL/SL Loss: 0.02/nan
Frame: 780000   FPS: 32.24 Avg. Tagging Interval Length: 1.00
Player 1 Avg. Reward: 1.89 Avg. RL/SL Loss: 0.02/nan
Player 2 Avg. Reward: -1.89 Avg. RL/SL Loss: 0.01/nan
Frame: 790000   FPS: 32.21 Avg. Tagging Interval Length: 1.00
Player 1 Avg. Reward: 6.62 Avg. RL/SL Loss: 0.02/nan
Player 2 Avg. Reward: -6.62 Avg. RL/SL Loss: 0.01/nan
Frame: 800000   FPS: 32.21 Avg. Tagging Interval Length: 1.00
Player 1 Avg. Reward: -3.50 Avg. RL/SL Loss: 0.01/nan
Player 2 Avg. Reward: 3.50 Avg. RL/SL Loss: 0.01/nan
Frame: 810000   FPS: 32.20 Avg. Tagging Interval Length: 1.00
Player 1 Avg. Reward: -4.50 Avg. RL/SL Loss: 0.02/nan
Player 2 Avg. Reward: 4.50 Avg. RL/SL Loss: 0.01/nan
Frame: 820000   FPS: 32.22 Avg. Tagging Interval Length: 1.00
Player 1 Avg. Reward: -16.29 Avg. RL/SL Loss: 0.01/nan
Player 2 Avg. Reward: 16.29 Avg. RL/SL Loss: 0.01/nan
Frame: 830000   FPS: 32.25 Avg. Tagging Interval Length: 1.00
Player 1 Avg. Reward: -2.88 Avg. RL/SL Loss: 0.02/nan
Player 2 Avg. Reward: 2.88 Avg. RL/SL Loss: 0.01/nan
Frame: 840000   FPS: 32.28 Avg. Tagging Interval Length: 1.00
Player 1 Avg. Reward: 21.00 Avg. RL/SL Loss: 0.02/nan
Player 2 Avg. Reward: -21.00 Avg. RL/SL Loss: 0.01/nan
Frame: 850000   FPS: 32.20 Avg. Tagging Interval Length: 1.00
Player 1 Avg. Reward: 7.33 Avg. RL/SL Loss: 0.01/nan
Player 2 Avg. Reward: -7.33 Avg. RL/SL Loss: 0.01/nan
Frame: 860000   FPS: 32.27 Avg. Tagging Interval Length: 1.00
Player 1 Avg. Reward: -1.80 Avg. RL/SL Loss: 0.01/nan
Player 2 Avg. Reward: 1.80 Avg. RL/SL Loss: 0.01/nan
Frame: 870000   FPS: 32.39 Avg. Tagging Interval Length: 1.00
Player 1 Avg. Reward: 4.50 Avg. RL/SL Loss: 0.01/nan
Player 2 Avg. Reward: -4.50 Avg. RL/SL Loss: 0.01/nan
Frame: 880000   FPS: 32.29 Avg. Tagging Interval Length: 1.00
Player 1 Avg. Reward: 12.50 Avg. RL/SL Loss: 0.01/nan
Player 2 Avg. Reward: -12.50 Avg. RL/SL Loss: 0.01/nan
Frame: 890000   FPS: 32.36 Avg. Tagging Interval Length: 1.00
Player 1 Avg. Reward: 13.56 Avg. RL/SL Loss: 0.01/nan
Player 2 Avg. Reward: -13.56 Avg. RL/SL Loss: 0.01/nan
Frame: 900000   FPS: 32.17 Avg. Tagging Interval Length: 1.00
Player 1 Avg. Reward: 18.86 Avg. RL/SL Loss: 0.01/nan
Player 2 Avg. Reward: -18.86 Avg. RL/SL Loss: 0.01/nan
Frame: 910000   FPS: 32.17 Avg. Tagging Interval Length: 1.00
Player 1 Avg. Reward: -9.86 Avg. RL/SL Loss: 0.01/nan
Player 2 Avg. Reward: 9.86 Avg. RL/SL Loss: 0.01/nan
Frame: 920000   FPS: 32.49 Avg. Tagging Interval Length: 1.00
Player 1 Avg. Reward: 18.00 Avg. RL/SL Loss: 0.01/nan
Player 2 Avg. Reward: -18.00 Avg. RL/SL Loss: 0.01/nan
Frame: 930000   FPS: 32.19 Avg. Tagging Interval Length: 1.00
Player 1 Avg. Reward: 17.23 Avg. RL/SL Loss: 0.01/nan
Player 2 Avg. Reward: -17.23 Avg. RL/SL Loss: 0.01/nan
Frame: 940000   FPS: 32.06 Avg. Tagging Interval Length: 1.00
Player 1 Avg. Reward: -1.56 Avg. RL/SL Loss: 0.01/nan
Player 2 Avg. Reward: 1.56 Avg. RL/SL Loss: 0.01/nan
Frame: 950000   FPS: 32.21 Avg. Tagging Interval Length: 1.00
Player 1 Avg. Reward: -5.43 Avg. RL/SL Loss: 0.01/nan
Player 2 Avg. Reward: 5.43 Avg. RL/SL Loss: 0.01/nan
Frame: 960000   FPS: 32.27 Avg. Tagging Interval Length: 1.00
Player 1 Avg. Reward: 15.69 Avg. RL/SL Loss: 0.01/nan
Player 2 Avg. Reward: -15.69 Avg. RL/SL Loss: 0.01/nan
Frame: 970000   FPS: 32.23 Avg. Tagging Interval Length: 1.00
Player 1 Avg. Reward: 17.00 Avg. RL/SL Loss: 0.01/nan
Player 2 Avg. Reward: -17.00 Avg. RL/SL Loss: 0.01/nan
Frame: 980000   FPS: 32.30 Avg. Tagging Interval Length: 1.00
Player 1 Avg. Reward: 12.67 Avg. RL/SL Loss: 0.02/nan
Player 2 Avg. Reward: -12.67 Avg. RL/SL Loss: 0.02/nan
Frame: 990000   FPS: 32.12 Avg. Tagging Interval Length: 1.00
Player 1 Avg. Reward: 9.50 Avg. RL/SL Loss: 0.01/nan
Player 2 Avg. Reward: -9.50 Avg. RL/SL Loss: 0.01/nan
Frame: 1000000  FPS: 32.26 Avg. Tagging Interval Length: 1.00
Player 1 Avg. Reward: 8.57 Avg. RL/SL Loss: 0.01/nan
Player 2 Avg. Reward: -8.57 Avg. RL/SL Loss: 0.02/nan
Frame: 1010000  FPS: 32.10 Avg. Tagging Interval Length: 1.00
Player 1 Avg. Reward: -13.33 Avg. RL/SL Loss: 0.02/nan
Player 2 Avg. Reward: 13.33 Avg. RL/SL Loss: 0.01/nan
Frame: 1020000  FPS: 32.22 Avg. Tagging Interval Length: 1.00
Player 1 Avg. Reward: -5.29 Avg. RL/SL Loss: 0.01/nan
Player 2 Avg. Reward: 5.29 Avg. RL/SL Loss: 0.01/nan
Frame: 1030000  FPS: 32.17 Avg. Tagging Interval Length: 1.00
Player 1 Avg. Reward: 14.67 Avg. RL/SL Loss: 0.01/nan
Player 2 Avg. Reward: -14.67 Avg. RL/SL Loss: 0.02/nan
Frame: 1040000  FPS: 32.28 Avg. Tagging Interval Length: 1.00
Player 1 Avg. Reward: -2.75 Avg. RL/SL Loss: 0.01/nan
Player 2 Avg. Reward: 2.75 Avg. RL/SL Loss: 0.01/nan
Frame: 1050000  FPS: 32.31 Avg. Tagging Interval Length: 1.00
Player 1 Avg. Reward: -3.00 Avg. RL/SL Loss: 0.01/nan
Player 2 Avg. Reward: 3.00 Avg. RL/SL Loss: 0.01/nan
Frame: 1060000  FPS: 32.26 Avg. Tagging Interval Length: 1.00
Player 1 Avg. Reward: 6.50 Avg. RL/SL Loss: 0.02/nan
Player 2 Avg. Reward: -6.50 Avg. RL/SL Loss: 0.01/nan
Frame: 1070000  FPS: 32.26 Avg. Tagging Interval Length: 1.00
Player 1 Avg. Reward: -1.00 Avg. RL/SL Loss: 0.01/nan
Player 2 Avg. Reward: 1.00 Avg. RL/SL Loss: 0.01/nan
Frame: 1080000  FPS: 32.24 Avg. Tagging Interval Length: 1.00
Player 1 Avg. Reward: -3.50 Avg. RL/SL Loss: 0.01/nan
Player 2 Avg. Reward: 3.50 Avg. RL/SL Loss: 0.01/nan
Frame: 1090000  FPS: 32.17 Avg. Tagging Interval Length: 1.00
Player 1 Avg. Reward: 21.00 Avg. RL/SL Loss: 0.01/nan
Player 2 Avg. Reward: -21.00 Avg. RL/SL Loss: 0.01/nan
Frame: 1100000  FPS: 32.18 Avg. Tagging Interval Length: 1.00
Player 1 Avg. Reward: 12.55 Avg. RL/SL Loss: 0.01/nan
Player 2 Avg. Reward: -12.55 Avg. RL/SL Loss: 0.01/nan
Frame: 1110000  FPS: 32.05 Avg. Tagging Interval Length: 1.00
Player 1 Avg. Reward: 21.00 Avg. RL/SL Loss: 0.01/nan
Player 2 Avg. Reward: -21.00 Avg. RL/SL Loss: 0.01/nan
Frame: 1120000  FPS: 32.25 Avg. Tagging Interval Length: 1.00
Player 1 Avg. Reward: 10.33 Avg. RL/SL Loss: 0.01/nan
Player 2 Avg. Reward: -10.33 Avg. RL/SL Loss: 0.01/nan
Frame: 1130000  FPS: 32.07 Avg. Tagging Interval Length: 1.00
Player 1 Avg. Reward: 16.00 Avg. RL/SL Loss: 0.01/nan
Player 2 Avg. Reward: -16.00 Avg. RL/SL Loss: 0.01/nan
Frame: 1140000  FPS: 32.16 Avg. Tagging Interval Length: 1.00
Player 1 Avg. Reward: 21.00 Avg. RL/SL Loss: 0.01/nan
Player 2 Avg. Reward: -21.00 Avg. RL/SL Loss: 0.01/nan
Frame: 1150000  FPS: 32.25 Avg. Tagging Interval Length: 1.00
Player 1 Avg. Reward: 15.75 Avg. RL/SL Loss: 0.01/nan
Player 2 Avg. Reward: -15.75 Avg. RL/SL Loss: 0.01/nan
Frame: 1160000  FPS: 32.32 Avg. Tagging Interval Length: 1.00
Player 1 Avg. Reward: -4.00 Avg. RL/SL Loss: 0.01/nan
Player 2 Avg. Reward: 4.00 Avg. RL/SL Loss: 0.01/nan
Frame: 1170000  FPS: 31.78 Avg. Tagging Interval Length: 1.00
Player 1 Avg. Reward: 21.00 Avg. RL/SL Loss: 0.01/nan
Player 2 Avg. Reward: -21.00 Avg. RL/SL Loss: 0.01/nan
Frame: 1180000  FPS: 32.23 Avg. Tagging Interval Length: 1.00
Player 1 Avg. Reward: -12.62 Avg. RL/SL Loss: 0.02/nan
Player 2 Avg. Reward: 12.62 Avg. RL/SL Loss: 0.01/nan
Frame: 1190000  FPS: 31.95 Avg. Tagging Interval Length: 1.00
Player 1 Avg. Reward: 14.38 Avg. RL/SL Loss: 0.02/nan
Player 2 Avg. Reward: -14.38 Avg. RL/SL Loss: 0.01/nan
Frame: 1200000  FPS: 30.99 Avg. Tagging Interval Length: 1.00
Player 1 Avg. Reward: 16.33 Avg. RL/SL Loss: 0.01/nan
Player 2 Avg. Reward: -16.33 Avg. RL/SL Loss: 0.01/nan
Frame: 1210000  FPS: 31.51 Avg. Tagging Interval Length: 1.00
Player 1 Avg. Reward: -1.82 Avg. RL/SL Loss: 0.02/nan
Player 2 Avg. Reward: 1.82 Avg. RL/SL Loss: 0.01/nan
Frame: 1220000  FPS: 31.53 Avg. Tagging Interval Length: 1.00
Player 1 Avg. Reward: 12.46 Avg. RL/SL Loss: 0.02/nan
Player 2 Avg. Reward: -12.46 Avg. RL/SL Loss: 0.02/nan
Frame: 1230000  FPS: 31.62 Avg. Tagging Interval Length: 1.00
Player 1 Avg. Reward: -6.83 Avg. RL/SL Loss: 0.02/nan
Player 2 Avg. Reward: 6.83 Avg. RL/SL Loss: 0.02/nan
Frame: 1240000  FPS: 31.74 Avg. Tagging Interval Length: 1.00
Player 1 Avg. Reward: 10.43 Avg. RL/SL Loss: 0.02/nan
Player 2 Avg. Reward: -10.43 Avg. RL/SL Loss: 0.03/nan
Frame: 1250000  FPS: 31.93 Avg. Tagging Interval Length: 1.00
Player 1 Avg. Reward: 21.00 Avg. RL/SL Loss: 0.02/nan
Player 2 Avg. Reward: -21.00 Avg. RL/SL Loss: 0.07/nan
Frame: 1260000  FPS: 31.78 Avg. Tagging Interval Length: 1.00
Player 1 Avg. Reward: 21.00 Avg. RL/SL Loss: 0.01/nan
Player 2 Avg. Reward: -21.00 Avg. RL/SL Loss: 0.18/nan
Frame: 1270000  FPS: 31.53 Avg. Tagging Interval Length: 1.00
Player 1 Avg. Reward: 8.33 Avg. RL/SL Loss: 0.01/nan
Player 2 Avg. Reward: -8.33 Avg. RL/SL Loss: 0.25/nan
Frame: 1280000  FPS: 31.54 Avg. Tagging Interval Length: 1.00
Player 1 Avg. Reward: 7.89 Avg. RL/SL Loss: 0.01/nan
Player 2 Avg. Reward: -7.89 Avg. RL/SL Loss: 0.22/nan
Frame: 1290000  FPS: 31.46 Avg. Tagging Interval Length: 1.00
Player 1 Avg. Reward: 0.25 Avg. RL/SL Loss: 0.02/nan
Player 2 Avg. Reward: -0.25 Avg. RL/SL Loss: 0.97/nan
Frame: 1300000  FPS: 31.54 Avg. Tagging Interval Length: 1.00
Player 1 Avg. Reward: 8.55 Avg. RL/SL Loss: 0.01/nan
Player 2 Avg. Reward: -8.55 Avg. RL/SL Loss: 7.43/nan
Frame: 1310000  FPS: 31.71 Avg. Tagging Interval Length: 1.00
Player 1 Avg. Reward: 7.50 Avg. RL/SL Loss: 0.01/nan
Player 2 Avg. Reward: -7.50 Avg. RL/SL Loss: 8.46/nan
Frame: 1320000  FPS: 31.64 Avg. Tagging Interval Length: 1.00
Player 1 Avg. Reward: 21.00 Avg. RL/SL Loss: 0.01/nan
Player 2 Avg. Reward: -21.00 Avg. RL/SL Loss: 10.45/nan
Frame: 1330000  FPS: 31.45 Avg. Tagging Interval Length: 1.00
Player 1 Avg. Reward: 17.00 Avg. RL/SL Loss: 0.02/nan
Player 2 Avg. Reward: -17.00 Avg. RL/SL Loss: 13.51/nan
Frame: 1340000  FPS: 31.53 Avg. Tagging Interval Length: 1.00
Player 1 Avg. Reward: 9.56 Avg. RL/SL Loss: 0.01/nan
Player 2 Avg. Reward: -9.56 Avg. RL/SL Loss: 20.84/nan
Frame: 1350000  FPS: 31.62 Avg. Tagging Interval Length: 1.00
Player 1 Avg. Reward: 17.80 Avg. RL/SL Loss: 0.01/nan
Player 2 Avg. Reward: -17.80 Avg. RL/SL Loss: 20.56/nan
Frame: 1360000  FPS: 31.38 Avg. Tagging Interval Length: 1.00
Player 1 Avg. Reward: 17.30 Avg. RL/SL Loss: 0.01/nan
Player 2 Avg. Reward: -17.30 Avg. RL/SL Loss: 22.70/nan
Frame: 1370000  FPS: 31.50 Avg. Tagging Interval Length: 1.00
Player 1 Avg. Reward: 16.78 Avg. RL/SL Loss: 0.01/nan
Player 2 Avg. Reward: -16.78 Avg. RL/SL Loss: 26.83/nan
Frame: 1380000  FPS: 31.50 Avg. Tagging Interval Length: 1.00
Player 1 Avg. Reward: 19.33 Avg. RL/SL Loss: 0.01/nan
Player 2 Avg. Reward: -19.33 Avg. RL/SL Loss: 29.85/nan/home/zihan/anaconda3/envs/x/lib/python3.7/site-packages/tensorflow/python/framework/dtypes.py:516: FutureWarning: Passing (type, 1) or '1type' as a synonym of type is deprecated; in a future version of numpy, it will be understood as (type, (1,)) / '(1,)type'.
  _np_qint8 = np.dtype([("qint8", np.int8, 1)])
/home/zihan/anaconda3/envs/x/lib/python3.7/site-packages/tensorflow/python/framework/dtypes.py:517: FutureWarning: Passing (type, 1) or '1type' as a synonym of type is deprecated; in a future version of numpy, it will be understood as (type, (1,)) / '(1,)type'.
  _np_quint8 = np.dtype([("quint8", np.uint8, 1)])
/home/zihan/anaconda3/envs/x/lib/python3.7/site-packages/tensorflow/python/framework/dtypes.py:518: FutureWarning: Passing (type, 1) or '1type' as a synonym of type is deprecated; in a future version of numpy, it will be understood as (type, (1,)) / '(1,)type'.
  _np_qint16 = np.dtype([("qint16", np.int16, 1)])
/home/zihan/anaconda3/envs/x/lib/python3.7/site-packages/tensorflow/python/framework/dtypes.py:519: FutureWarning: Passing (type, 1) or '1type' as a synonym of type is deprecated; in a future version of numpy, it will be understood as (type, (1,)) / '(1,)type'.
  _np_quint16 = np.dtype([("quint16", np.uint16, 1)])
/home/zihan/anaconda3/envs/x/lib/python3.7/site-packages/tensorflow/python/framework/dtypes.py:520: FutureWarning: Passing (type, 1) or '1type' as a synonym of type is deprecated; in a future version of numpy, it will be understood as (type, (1,)) / '(1,)type'.
  _np_qint32 = np.dtype([("qint32", np.int32, 1)])
/home/zihan/anaconda3/envs/x/lib/python3.7/site-packages/tensorflow/python/framework/dtypes.py:525: FutureWarning: Passing (type, 1) or '1type' as a synonym of type is deprecated; in a future version of numpy, it will be understood as (type, (1,)) / '(1,)type'.
  np_resource = np.dtype([("resource", np.ubyte, 1)])
/home/zihan/anaconda3/envs/x/lib/python3.7/site-packages/tensorboard/compat/tensorflow_stub/dtypes.py:541: FutureWarning: Passing (type, 1) or '1type' as a synonym of type is deprecated; in a future version of numpy, it will be understood as (type, (1,)) / '(1,)type'.
  _np_qint8 = np.dtype([("qint8", np.int8, 1)])
/home/zihan/anaconda3/envs/x/lib/python3.7/site-packages/tensorboard/compat/tensorflow_stub/dtypes.py:542: FutureWarning: Passing (type, 1) or '1type' as a synonym of type is deprecated; in a future version of numpy, it will be understood as (type, (1,)) / '(1,)type'.
  _np_quint8 = np.dtype([("quint8", np.uint8, 1)])
/home/zihan/anaconda3/envs/x/lib/python3.7/site-packages/tensorboard/compat/tensorflow_stub/dtypes.py:543: FutureWarning: Passing (type, 1) or '1type' as a synonym of type is deprecated; in a future version of numpy, it will be understood as (type, (1,)) / '(1,)type'.
  _np_qint16 = np.dtype([("qint16", np.int16, 1)])
/home/zihan/anaconda3/envs/x/lib/python3.7/site-packages/tensorboard/compat/tensorflow_stub/dtypes.py:544: FutureWarning: Passing (type, 1) or '1type' as a synonym of type is deprecated; in a future version of numpy, it will be understood as (type, (1,)) / '(1,)type'.
  _np_quint16 = np.dtype([("quint16", np.uint16, 1)])
/home/zihan/anaconda3/envs/x/lib/python3.7/site-packages/tensorboard/compat/tensorflow_stub/dtypes.py:545: FutureWarning: Passing (type, 1) or '1type' as a synonym of type is deprecated; in a future version of numpy, it will be understood as (type, (1,)) / '(1,)type'.
  _np_qint32 = np.dtype([("qint32", np.int32, 1)])
/home/zihan/anaconda3/envs/x/lib/python3.7/site-packages/tensorboard/compat/tensorflow_stub/dtypes.py:550: FutureWarning: Passing (type, 1) or '1type' as a synonym of type is deprecated; in a future version of numpy, it will be understood as (type, (1,)) / '(1,)type'.
  np_resource = np.dtype([("resource", np.ubyte, 1)])
/home/zihan/anaconda3/envs/x/lib/python3.7/site-packages/stable_baselines/__init__.py:33: UserWarning: stable-baselines is in maintenance mode, please use [Stable-Baselines3 (SB3)](https://github.com/DLR-RM/stable-baselines3) for an up-to-date version. You can find a [migration guide](https://stable-baselines3.readthedocs.io/en/master/guide/migration.html) in SB3 documentation.
  "stable-baselines is in maintenance mode, please use [Stable-Baselines3 (SB3)](https://github.com/DLR-RM/stable-baselines3) for an up-to-date version. You can find a [migration guide](https://stable-baselines3.readthedocs.io/en/master/guide/migration.html) in SB3 documentation."
/home/zihan/anaconda3/envs/x/lib/python3.7/site-packages/numpy/core/fromnumeric.py:3420: RuntimeWarning: Mean of empty slice.
  out=out, **kwargs)
/home/zihan/anaconda3/envs/x/lib/python3.7/site-packages/numpy/core/_methods.py:188: RuntimeWarning: invalid value encountered in double_scalars
  ret = ret.dtype.type(ret / rcount)

Frame: 1390000  FPS: 31.63 Avg. Tagging Interval Length: 1.00
Player 1 Avg. Reward: 18.77 Avg. RL/SL Loss: 0.02/nan
Player 2 Avg. Reward: -18.77 Avg. RL/SL Loss: 30.76/nan
Frame: 1400000  FPS: 31.52 Avg. Tagging Interval Length: 1.00
Player 1 Avg. Reward: 6.22 Avg. RL/SL Loss: 0.02/nan
Player 2 Avg. Reward: -6.22 Avg. RL/SL Loss: 16.31/nan
