                          Options
                          seed: 1122
                          batch_size: 1024
                          no_cuda: False
                          max_frames: 500000000
                          buffer_size: 1000000
                          update_target: 1000
                          train_freq: 100
                          gamma: 0.99
                          eta: 0.1
                          rl_start: 10000
                          sl_start: 1000
                          num_envs: 10
                          hidden_dim: 512
                          dueling: False
                          multi_step: 1
                          env: SlimeVolley-v0
                          ram: False
                          negative: False
                          against_baseline: True
                          load_model: None
                          save_model: model
                          evaluate: False
                          render: False
                          evaluation_interval: 10000
                          lr: 0.0001
                          max_tag_interval: 3000
                          eps_start: 1.0
                          eps_final: 0.01
                          eps_decay: 10000000
                          cuda: True
                          device: cuda:0
[Box(-3.4028234663852886e+38, 3.4028234663852886e+38, (12,), float32), Box(-3.4028234663852886e+38, 3.4028234663852886e+38, (12,), float32), Box(-3.4028234663852886e+38, 3.4028234663852886e+38, (12,), float32), Box(-3.4028234663852886e+38, 3.4028234663852886e+38, (12,), float32), Box(-3.4028234663852886e+38, 3.4028234663852886e+38, (12,), float32), Box(-3.4028234663852886e+38, 3.4028234663852886e+38, (12,), float32), Box(-3.4028234663852886e+38, 3.4028234663852886e+38, (12,), float32), Box(-3.4028234663852886e+38, 3.4028234663852886e+38, (12,), float32), Box(-3.4028234663852886e+38, 3.4028234663852886e+38, (12,), float32), Box(-3.4028234663852886e+38, 3.4028234663852886e+38, (12,), float32)] [Discrete(6), Discrete(6), Discrete(6), Discrete(6), Discrete(6), Discrete(6), Discrete(6), Discrete(6), Discrete(6), Discrete(6)]
(12,)
(12,)
Frame: 100000, Avg. Reward: -5.908, Avg. RL Loss: 0.004, Avg. Length: 760.2
Frame: 200000, Avg. Reward: -6.215, Avg. RL Loss: 0.004, Avg. Length: 806.1
Frame: 300000, Avg. Reward: -6.400, Avg. RL Loss: 0.005, Avg. Length: 825.2
Frame: 400000, Avg. Reward: -6.215, Avg. RL Loss: 0.005, Avg. Length: 785.1
Frame: 500000, Avg. Reward: -6.483, Avg. RL Loss: 0.005, Avg. Length: 844.9
Frame: 600000, Avg. Reward: -6.125, Avg. RL Loss: 0.006, Avg. Length: 780.5
Frame: 700000, Avg. Reward: -6.592, Avg. RL Loss: 0.006, Avg. Length: 856.8
Frame: 800000, Avg. Reward: -6.367, Avg. RL Loss: 0.006, Avg. Length: 811.8
Frame: 900000, Avg. Reward: -6.375, Avg. RL Loss: 0.006, Avg. Length: 829.0
Frame: 1000000, Avg. Reward: -6.254, Avg. RL Loss: 0.006, Avg. Length: 793.8
Frame: 1100000, Avg. Reward: -6.350, Avg. RL Loss: 0.006, Avg. Length: 823.8
Frame: 1200000, Avg. Reward: -6.000, Avg. RL Loss: 0.006, Avg. Length: 789.6
Frame: 1300000, Avg. Reward: -6.383, Avg. RL Loss: 0.006, Avg. Length: 831.9
Frame: 1400000, Avg. Reward: -5.785, Avg. RL Loss: 0.006, Avg. Length: 752.2
Frame: 1500000, Avg. Reward: -6.308, Avg. RL Loss: 0.007, Avg. Length: 828.9
Frame: 1600000, Avg. Reward: -6.015, Avg. RL Loss: 0.006, Avg. Length: 791.9
Frame: 1700000, Avg. Reward: -6.069, Avg. RL Loss: 0.006, Avg. Length: 774.4
Frame: 1800000, Avg. Reward: -6.408, Avg. RL Loss: 0.007, Avg. Length: 851.7
Frame: 1900000, Avg. Reward: -6.118, Avg. RL Loss: 0.007, Avg. Length: 827.2
Frame: 2000000, Avg. Reward: -6.300, Avg. RL Loss: 0.007, Avg. Length: 852.8
Frame: 2100000, Avg. Reward: -6.146, Avg. RL Loss: 0.007, Avg. Length: 782.2
Frame: 2200000, Avg. Reward: -6.200, Avg. RL Loss: 0.008, Avg. Length: 834.4
Frame: 2300000, Avg. Reward: -6.183, Avg. RL Loss: 0.007, Avg. Length: 866.6
Frame: 2400000, Avg. Reward: -6.017, Avg. RL Loss: 0.007, Avg. Length: 815.3
Frame: 2500000, Avg. Reward: -6.700, Avg. RL Loss: 0.007, Avg. Length: 905.9
Frame: 2600000, Avg. Reward: -6.158, Avg. RL Loss: 0.007, Avg. Length: 856.7
Frame: 2700000, Avg. Reward: -6.870, Avg. RL Loss: 0.007, Avg. Length: 938.6
Frame: 2800000, Avg. Reward: -6.667, Avg. RL Loss: 0.007, Avg. Length: 892.7
Frame: 2900000, Avg. Reward: -6.491, Avg. RL Loss: 0.007, Avg. Length: 878.9
Frame: 3000000, Avg. Reward: -6.567, Avg. RL Loss: 0.007, Avg. Length: 857.3
Frame: 3100000, Avg. Reward: -6.350, Avg. RL Loss: 0.008, Avg. Length: 833.4
Frame: 3200000, Avg. Reward: -6.158, Avg. RL Loss: 0.007, Avg. Length: 802.9
Frame: 3300000, Avg. Reward: -6.427, Avg. RL Loss: 0.006, Avg. Length: 893.7
Frame: 3400000, Avg. Reward: -6.283, Avg. RL Loss: 0.006, Avg. Length: 847.3
Frame: 3500000, Avg. Reward: -6.350, Avg. RL Loss: 0.008, Avg. Length: 839.8
Frame: 3600000, Avg. Reward: -6.655, Avg. RL Loss: 0.008, Avg. Length: 904.2
Frame: 3700000, Avg. Reward: -6.400, Avg. RL Loss: 0.007, Avg. Length: 866.1
Frame: 3800000, Avg. Reward: -6.509, Avg. RL Loss: 0.007, Avg. Length: 864.6
Frame: 3900000, Avg. Reward: -6.209, Avg. RL Loss: 0.007, Avg. Length: 882.4
Frame: 4000000, Avg. Reward: -6.467, Avg. RL Loss: 0.007, Avg. Length: 873.8
Frame: 4100000, Avg. Reward: -6.400, Avg. RL Loss: 0.008, Avg. Length: 830.4
Frame: 4200000, Avg. Reward: -6.591, Avg. RL Loss: 0.008, Avg. Length: 913.9
Frame: 4300000, Avg. Reward: -6.327, Avg. RL Loss: 0.007, Avg. Length: 871.5
Frame: 4400000, Avg. Reward: -6.200, Avg. RL Loss: 0.007, Avg. Length: 835.1
Frame: 4500000, Avg. Reward: -6.645, Avg. RL Loss: 0.007, Avg. Length: 913.0
Frame: 4600000, Avg. Reward: -6.067, Avg. RL Loss: 0.007, Avg. Length: 841.5
Frame: 4700000, Avg. Reward: -6.450, Avg. RL Loss: 0.007, Avg. Length: 864.0
Frame: 4800000, Avg. Reward: -6.233, Avg. RL Loss: 0.007, Avg. Length: 841.9
Frame: 4900000, Avg. Reward: -6.390, Avg. RL Loss: 0.007, Avg. Length: 942.9
Frame: 5000000, Avg. Reward: -6.518, Avg. RL Loss: 0.006, Avg. Length: 932.5
Frame: 5100000, Avg. Reward: -6.192, Avg. RL Loss: 0.007, Avg. Length: 846.3
Frame: 5200000, Avg. Reward: -6.064, Avg. RL Loss: 0.007, Avg. Length: 851.6
Frame: 5300000, Avg. Reward: -6.918, Avg. RL Loss: 0.007, Avg. Length: 967.3
Frame: 5400000, Avg. Reward: -6.540, Avg. RL Loss: 0.007, Avg. Length: 925.7
Frame: 5500000, Avg. Reward: -6.891, Avg. RL Loss: 0.007, Avg. Length: 970.0
Frame: 5600000, Avg. Reward: -6.309, Avg. RL Loss: 0.007, Avg. Length: 932.7
Frame: 5700000, Avg. Reward: -6.833, Avg. RL Loss: 0.007, Avg. Length: 1042.6
Frame: 5800000, Avg. Reward: -6.822, Avg. RL Loss: 0.007, Avg. Length: 1089.4
Frame: 5900000, Avg. Reward: -6.217, Avg. RL Loss: 0.007, Avg. Length: 853.3
Frame: 6000000, Avg. Reward: -6.245, Avg. RL Loss: 0.007, Avg. Length: 886.0
Frame: 6100000, Avg. Reward: -6.217, Avg. RL Loss: 0.008, Avg. Length: 861.7
Frame: 6200000, Avg. Reward: -6.700, Avg. RL Loss: 0.008, Avg. Length: 948.4
Frame: 6300000, Avg. Reward: -6.182, Avg. RL Loss: 0.008, Avg. Length: 885.3
Frame: 6400000, Avg. Reward: -6.430, Avg. RL Loss: 0.007, Avg. Length: 955.9
Frame: 6500000, Avg. Reward: -6.770, Avg. RL Loss: 0.007, Avg. Length: 1046.3
Frame: 6600000, Avg. Reward: -6.020, Avg. RL Loss: 0.007, Avg. Length: 953.5
Frame: 6700000, Avg. Reward: -6.130, Avg. RL Loss: 0.007, Avg. Length: 1031.5
Frame: 6800000, Avg. Reward: -6.250, Avg. RL Loss: 0.007, Avg. Length: 1011.1
Frame: 6900000, Avg. Reward: -6.278, Avg. RL Loss: 0.007, Avg. Length: 1044.6
Frame: 7000000, Avg. Reward: -6.500, Avg. RL Loss: 0.007, Avg. Length: 1074.9
Frame: 7100000, Avg. Reward: -6.556, Avg. RL Loss: 0.007, Avg. Length: 1034.6
Frame: 7200000, Avg. Reward: -6.410, Avg. RL Loss: 0.007, Avg. Length: 1032.0
Frame: 7300000, Avg. Reward: -6.144, Avg. RL Loss: 0.008, Avg. Length: 1034.8
Frame: 7400000, Avg. Reward: -6.712, Avg. RL Loss: 0.007, Avg. Length: 1339.8
Frame: 7500000, Avg. Reward: -6.850, Avg. RL Loss: 0.006, Avg. Length: 1286.6
Frame: 7600000, Avg. Reward: -6.275, Avg. RL Loss: 0.006, Avg. Length: 1198.1
Frame: 7700000, Avg. Reward: -6.800, Avg. RL Loss: 0.006, Avg. Length: 1268.6
Frame: 7800000, Avg. Reward: -6.512, Avg. RL Loss: 0.006, Avg. Length: 1292.1
Frame: 7900000, Avg. Reward: -7.500, Avg. RL Loss: 0.006, Avg. Length: 1520.7
Frame: 8000000, Avg. Reward: -6.387, Avg. RL Loss: 0.006, Avg. Length: 1225.0
Frame: 8100000, Avg. Reward: -6.737, Avg. RL Loss: 0.007, Avg. Length: 1387.9
Frame: 8200000, Avg. Reward: -6.971, Avg. RL Loss: 0.006, Avg. Length: 1366.4
Frame: 8300000, Avg. Reward: -7.283, Avg. RL Loss: 0.005, Avg. Length: 1625.5
Frame: 8400000, Avg. Reward: -6.471, Avg. RL Loss: 0.006, Avg. Length: 1483.0
Frame: 8500000, Avg. Reward: -6.157, Avg. RL Loss: 0.005, Avg. Length: 1356.9
Frame: 8600000, Avg. Reward: -6.471, Avg. RL Loss: 0.006, Avg. Length: 1434.9
Frame: 8700000, Avg. Reward: -6.475, Avg. RL Loss: 0.006, Avg. Length: 1361.9
Frame: 8800000, Avg. Reward: -6.767, Avg. RL Loss: 0.005, Avg. Length: 1611.2
Frame: 8900000, Avg. Reward: -6.883, Avg. RL Loss: 0.005, Avg. Length: 1685.7
Frame: 9000000, Avg. Reward: -7.000, Avg. RL Loss: 0.005, Avg. Length: 1817.8
Frame: 9100000, Avg. Reward: -6.667, Avg. RL Loss: 0.005, Avg. Length: 1621.2
Frame: 9200000, Avg. Reward: -7.567, Avg. RL Loss: 0.005, Avg. Length: 1893.7
Frame: 9300000, Avg. Reward: -6.960, Avg. RL Loss: 0.005, Avg. Length: 1899.8
Frame: 9400000, Avg. Reward: -6.880, Avg. RL Loss: 0.005, Avg. Length: 1876.6
Frame: 9500000, Avg. Reward: -6.380, Avg. RL Loss: 0.005, Avg. Length: 1811.2
Frame: 9600000, Avg. Reward: -7.360, Avg. RL Loss: 0.005, Avg. Length: 2143.0
Frame: 9700000, Avg. Reward: -7.580, Avg. RL Loss: 0.005, Avg. Length: 2079.2
Frame: 9800000, Avg. Reward: -6.517, Avg. RL Loss: 0.004, Avg. Length: 1720.2
Frame: 9900000, Avg. Reward: -7.650, Avg. RL Loss: 0.004, Avg. Length: 2214.0
Frame: 10000000, Avg. Reward: -8.450, Avg. RL Loss: 0.004, Avg. Length: 2637.8
Frame: 10100000, Avg. Reward: -6.660, Avg. RL Loss: 0.004, Avg. Length: 2116.8
Frame: 10200000, Avg. Reward: -6.950, Avg. RL Loss: 0.003, Avg. Length: 2577.8
Frame: 10300000, Avg. Reward: -7.600, Avg. RL Loss: 0.004, Avg. Length: 2364.8
Frame: 10400000, Avg. Reward: -6.960, Avg. RL Loss: 0.004, Avg. Length: 2067.0
Frame: 10500000, Avg. Reward: -7.175, Avg. RL Loss: 0.003, Avg. Length: 2516.0
Frame: 10600000, Avg. Reward: -7.433, Avg. RL Loss: 0.003, Avg. Length: 2714.3
Frame: 10700000, Avg. Reward: -6.950, Avg. RL Loss: 0.003, Avg. Length: 2679.8
Frame: 10800000, Avg. Reward: -6.875, Avg. RL Loss: 0.003, Avg. Length: 2730.0
Frame: 10900000, Avg. Reward: -6.975, Avg. RL Loss: 0.003, Avg. Length: 2669.5
Frame: 11000000, Avg. Reward: -6.660, Avg. RL Loss: 0.004, Avg. Length: 1917.2
Frame: 11100000, Avg. Reward: -7.000, Avg. RL Loss: 0.003, Avg. Length: 2580.5
Frame: 11200000, Avg. Reward: -6.600, Avg. RL Loss: 0.004, Avg. Length: 2518.3
Frame: 11300000, Avg. Reward: -7.100, Avg. RL Loss: 0.003, Avg. Length: 2829.0
Frame: 11400000, Avg. Reward: -7.075, Avg. RL Loss: 0.004, Avg. Length: 2730.2
Frame: 11500000, Avg. Reward: -7.300, Avg. RL Loss: 0.003, Avg. Length: 2830.0
Frame: 11600000, Avg. Reward: -6.067, Avg. RL Loss: 0.003, Avg. Length: 3000.0
Frame: 11700000, Avg. Reward: -7.425, Avg. RL Loss: 0.003, Avg. Length: 2937.5
Frame: 11800000, Avg. Reward: -6.300, Avg. RL Loss: 0.003, Avg. Length: 2563.2
Frame: 11900000, Avg. Reward: -5.733, Avg. RL Loss: 0.003, Avg. Length: 2762.3
Frame: 12000000, Avg. Reward: -6.525, Avg. RL Loss: 0.003, Avg. Length: 2846.2
Frame: 12100000, Avg. Reward: -5.533, Avg. RL Loss: 0.003, Avg. Length: 3000.0
Frame: 12200000, Avg. Reward: -6.800, Avg. RL Loss: 0.003, Avg. Length: 2753.0
Frame: 12300000, Avg. Reward: -7.267, Avg. RL Loss: 0.004, Avg. Length: 2815.0
Frame: 12400000, Avg. Reward: -5.450, Avg. RL Loss: 0.004, Avg. Length: 3000.0
Frame: 12500000, Avg. Reward: -5.767, Avg. RL Loss: 0.004, Avg. Length: 3000.0
Frame: 12600000, Avg. Reward: -4.933, Avg. RL Loss: 0.004, Avg. Length: 3000.0
Frame: 12700000, Avg. Reward: -4.175, Avg. RL Loss: 0.004, Avg. Length: 3000.0
Frame: 12800000, Avg. Reward: -4.167, Avg. RL Loss: 0.004, Avg. Length: 3000.0
Frame: 12900000, Avg. Reward: -6.067, Avg. RL Loss: 0.004, Avg. Length: 3000.0
Frame: 13000000, Avg. Reward: -4.800, Avg. RL Loss: 0.003, Avg. Length: 3000.0
Frame: 13100000, Avg. Reward: -5.633, Avg. RL Loss: 0.004, Avg. Length: 3000.0
Frame: 13200000, Avg. Reward: -4.600, Avg. RL Loss: 0.004, Avg. Length: 3000.0
Frame: 13300000, Avg. Reward: -5.500, Avg. RL Loss: 0.005, Avg. Length: 3000.0
Frame: 13400000, Avg. Reward: -5.167, Avg. RL Loss: 0.006, Avg. Length: 3000.0
Frame: 13500000, Avg. Reward: -5.250, Avg. RL Loss: 0.010, Avg. Length: 2844.8
Frame: 13600000, Avg. Reward: -5.400, Avg. RL Loss: 0.011, Avg. Length: 3000.0
Frame: 13700000, Avg. Reward: -6.750, Avg. RL Loss: 0.011, Avg. Length: 2441.0
Frame: 13800000, Avg. Reward: -6.050, Avg. RL Loss: 0.010, Avg. Length: 2789.8
Frame: 13900000, Avg. Reward: -6.167, Avg. RL Loss: 0.010, Avg. Length: 3000.0
Frame: 14000000, Avg. Reward: -4.267, Avg. RL Loss: 0.010, Avg. Length: 3000.0
Frame: 14100000, Avg. Reward: -5.275, Avg. RL Loss: 0.011, Avg. Length: 3000.0
Frame: 14200000, Avg. Reward: -5.833, Avg. RL Loss: 0.009, Avg. Length: 3000.0
Frame: 14300000, Avg. Reward: -5.333, Avg. RL Loss: 0.009, Avg. Length: 3000.0
Frame: 14400000, Avg. Reward: -5.175, Avg. RL Loss: 0.016, Avg. Length: 2884.0
Frame: 14500000, Avg. Reward: -5.950, Avg. RL Loss: 0.023, Avg. Length: 2719.2
Frame: 14600000, Avg. Reward: -4.733, Avg. RL Loss: 0.027, Avg. Length: 3000.0
Frame: 14700000, Avg. Reward: -5.967, Avg. RL Loss: 0.029, Avg. Length: 2986.7
Frame: 14800000, Avg. Reward: -5.000, Avg. RL Loss: 0.037, Avg. Length: 3000.0
Frame: 14900000, Avg. Reward: -6.033, Avg. RL Loss: 0.043, Avg. Length: 3000.0
Frame: 15000000, Avg. Reward: -4.500, Avg. RL Loss: 0.046, Avg. Length: 3000.0
Frame: 15100000, Avg. Reward: -3.950, Avg. RL Loss: 0.054, Avg. Length: 3000.0
Frame: 15200000, Avg. Reward: -5.433, Avg. RL Loss: 0.059, Avg. Length: 3000.0
Frame: 15300000, Avg. Reward: -4.833, Avg. RL Loss: 0.057, Avg. Length: 3000.0
Frame: 15400000, Avg. Reward: -4.775, Avg. RL Loss: 0.063, Avg. Length: 3000.0
Frame: 15500000, Avg. Reward: -5.875, Avg. RL Loss: 0.075, Avg. Length: 1988.2
Frame: 15600000, Avg. Reward: -6.650, Avg. RL Loss: 0.087, Avg. Length: 2816.2
Frame: 15700000, Avg. Reward: -7.400, Avg. RL Loss: 0.075, Avg. Length: 1802.3
Frame: 15800000, Avg. Reward: -5.933, Avg. RL Loss: 0.078, Avg. Length: 2837.7
Frame: 15900000, Avg. Reward: -6.767, Avg. RL Loss: 0.094, Avg. Length: 2898.3
Frame: 16000000, Avg. Reward: -5.900, Avg. RL Loss: 0.109, Avg. Length: 2722.0
Frame: 16100000, Avg. Reward: -5.525, Avg. RL Loss: 0.105, Avg. Length: 2838.5
Frame: 16200000, Avg. Reward: -5.400, Avg. RL Loss: 0.100, Avg. Length: 2739.7
Frame: 16300000, Avg. Reward: -7.950, Avg. RL Loss: 0.121, Avg. Length: 2550.0
Frame: 16400000, Avg. Reward: -6.575, Avg. RL Loss: 0.144, Avg. Length: 2578.0
Frame: 16500000, Avg. Reward: -5.967, Avg. RL Loss: 0.180, Avg. Length: 3000.0
Frame: 16600000, Avg. Reward: -5.275, Avg. RL Loss: 0.169, Avg. Length: 3000.0
Frame: 16700000, Avg. Reward: -5.167, Avg. RL Loss: 0.180, Avg. Length: 2962.0
Frame: 16800000, Avg. Reward: -5.150, Avg. RL Loss: 0.198, Avg. Length: 2980.2
Frame: 16900000, Avg. Reward: -6.667, Avg. RL Loss: 0.236, Avg. Length: 2583.0
Frame: 17000000, Avg. Reward: -5.900, Avg. RL Loss: 0.289, Avg. Length: 2654.0
Frame: 17100000, Avg. Reward: -6.267, Avg. RL Loss: 0.361, Avg. Length: 3000.0
Frame: 17200000, Avg. Reward: -6.750, Avg. RL Loss: 0.338, Avg. Length: 2840.2
Frame: 17300000, Avg. Reward: -7.175, Avg. RL Loss: 0.302, Avg. Length: 2488.5
Frame: 17400000, Avg. Reward: -7.357, Avg. RL Loss: 0.337, Avg. Length: 1535.1
Frame: 17500000, Avg. Reward: -6.850, Avg. RL Loss: 0.387, Avg. Length: 2131.8
Frame: 17600000, Avg. Reward: -7.057, Avg. RL Loss: 0.422, Avg. Length: 1680.6
Frame: 17700000, Avg. Reward: -6.775, Avg. RL Loss: 0.358, Avg. Length: 1238.4
Frame: 17800000, Avg. Reward: -6.822, Avg. RL Loss: 0.320, Avg. Length: 1088.8
Frame: 17900000, Avg. Reward: -7.286, Avg. RL Loss: 0.301, Avg. Length: 1432.9
Frame: 18000000, Avg. Reward: -6.450, Avg. RL Loss: 0.332, Avg. Length: 1316.1
Frame: 18100000, Avg. Reward: -6.975, Avg. RL Loss: 0.274, Avg. Length: 1144.0
Frame: 18200000, Avg. Reward: -6.345, Avg. RL Loss: 0.181, Avg. Length: 978.8
Frame: 18300000, Avg. Reward: -5.931, Avg. RL Loss: 0.124, Avg. Length: 777.0
Frame: 18400000, Avg. Reward: -6.142, Avg. RL Loss: 0.088, Avg. Length: 832.2
Frame: 18500000, Avg. Reward: -6.320, Avg. RL Loss: 0.067, Avg. Length: 933.6
Frame: 18600000, Avg. Reward: -6.150, Avg. RL Loss: 0.052, Avg. Length: 992.1
Frame: 18700000, Avg. Reward: -6.511, Avg. RL Loss: 0.043, Avg. Length: 1126.3
Frame: 18800000, Avg. Reward: -6.073, Avg. RL Loss: 0.038, Avg. Length: 907.2
Frame: 18900000, Avg. Reward: -6.445, Avg. RL Loss: 0.032, Avg. Length: 945.7
Frame: 19000000, Avg. Reward: -6.840, Avg. RL Loss: 0.027, Avg. Length: 1021.7
Frame: 19100000, Avg. Reward: -7.189, Avg. RL Loss: 0.024, Avg. Length: 1067.8
Frame: 19200000, Avg. Reward: -6.670, Avg. RL Loss: 0.023, Avg. Length: 1003.8
Frame: 19300000, Avg. Reward: -6.570, Avg. RL Loss: 0.021, Avg. Length: 997.1
Frame: 19400000, Avg. Reward: -5.970, Avg. RL Loss: 0.020, Avg. Length: 1006.6
Frame: 19500000, Avg. Reward: -6.956, Avg. RL Loss: 0.019, Avg. Length: 1087.8
Frame: 19600000, Avg. Reward: -6.073, Avg. RL Loss: 0.019, Avg. Length: 884.0
Frame: 19700000, Avg. Reward: -6.540, Avg. RL Loss: 0.017, Avg. Length: 1053.6
Frame: 19800000, Avg. Reward: -6.300, Avg. RL Loss: 0.016, Avg. Length: 1099.6
Frame: 19900000, Avg. Reward: -6.887, Avg. RL Loss: 0.013, Avg. Length: 1161.2
Frame: 20000000, Avg. Reward: -6.267, Avg. RL Loss: 0.012, Avg. Length: 1183.6
Frame: 20100000, Avg. Reward: -6.225, Avg. RL Loss: 0.010, Avg. Length: 1158.4
Frame: 20200000, Avg. Reward: -6.762, Avg. RL Loss: 0.010, Avg. Length: 1318.4
Frame: 20300000, Avg. Reward: -7.471, Avg. RL Loss: 0.010, Avg. Length: 1526.4
Frame: 20400000, Avg. Reward: -7.114, Avg. RL Loss: 0.009, Avg. Length: 1408.7
Frame: 20500000, Avg. Reward: -6.162, Avg. RL Loss: 0.009, Avg. Length: 1203.9
Frame: 20600000, Avg. Reward: -6.312, Avg. RL Loss: 0.009, Avg. Length: 1302.0
Frame: 20700000, Avg. Reward: -7.050, Avg. RL Loss: 0.008, Avg. Length: 1474.2
Frame: 20800000, Avg. Reward: -6.275, Avg. RL Loss: 0.008, Avg. Length: 1275.2
Frame: 20900000, Avg. Reward: -6.962, Avg. RL Loss: 0.008, Avg. Length: 1348.0
Frame: 21000000, Avg. Reward: -6.817, Avg. RL Loss: 0.007, Avg. Length: 1660.8
Frame: 21100000, Avg. Reward: -6.560, Avg. RL Loss: 0.007, Avg. Length: 1626.6
Frame: 21200000, Avg. Reward: -6.971, Avg. RL Loss: 0.006, Avg. Length: 1618.1
Frame: 21300000, Avg. Reward: -6.817, Avg. RL Loss: 0.007, Avg. Length: 1604.2
Frame: 21400000, Avg. Reward: -6.337, Avg. RL Loss: 0.006, Avg. Length: 1336.9
Frame: 21500000, Avg. Reward: -6.971, Avg. RL Loss: 0.006, Avg. Length: 1413.3
Frame: 21600000, Avg. Reward: -6.267, Avg. RL Loss: 0.006, Avg. Length: 1525.8
Frame: 21700000, Avg. Reward: -6.333, Avg. RL Loss: 0.006, Avg. Length: 1227.2
Frame: 21800000, Avg. Reward: -6.650, Avg. RL Loss: 0.006, Avg. Length: 1390.7
Frame: 21900000, Avg. Reward: -7.517, Avg. RL Loss: 0.006, Avg. Length: 1821.8
Frame: 22000000, Avg. Reward: -6.317, Avg. RL Loss: 0.006, Avg. Length: 1668.0
Frame: 22100000, Avg. Reward: -6.817, Avg. RL Loss: 0.006, Avg. Length: 1705.5
Frame: 22200000, Avg. Reward: -6.350, Avg. RL Loss: 0.007, Avg. Length: 1566.2
Frame: 22300000, Avg. Reward: -7.067, Avg. RL Loss: 0.006, Avg. Length: 1910.8
Frame: 22400000, Avg. Reward: -7.440, Avg. RL Loss: 0.006, Avg. Length: 1872.8
Frame: 22500000, Avg. Reward: -6.900, Avg. RL Loss: 0.006, Avg. Length: 1744.3
Frame: 22600000, Avg. Reward: -6.583, Avg. RL Loss: 0.006, Avg. Length: 1701.8
Frame: 22700000, Avg. Reward: -6.600, Avg. RL Loss: 0.006, Avg. Length: 1878.6
Frame: 22800000, Avg. Reward: -7.200, Avg. RL Loss: 0.006, Avg. Length: 2526.0
Frame: 22900000, Avg. Reward: -6.800, Avg. RL Loss: 0.007, Avg. Length: 2068.0
Frame: 23000000, Avg. Reward: -6.483, Avg. RL Loss: 0.007, Avg. Length: 1883.7
Frame: 23100000, Avg. Reward: -6.575, Avg. RL Loss: 0.006, Avg. Length: 2571.5
Frame: 23200000, Avg. Reward: -6.533, Avg. RL Loss: 0.006, Avg. Length: 2777.7
Frame: 23300000, Avg. Reward: -5.950, Avg. RL Loss: 0.006, Avg. Length: 2589.0
Frame: 23400000, Avg. Reward: -5.900, Avg. RL Loss: 0.005, Avg. Length: 2844.5
Frame: 23500000, Avg. Reward: -5.433, Avg. RL Loss: 0.005, Avg. Length: 3000.0
Frame: 23600000, Avg. Reward: -4.767, Avg. RL Loss: 0.005, Avg. Length: 3000.0
Frame: 23700000, Avg. Reward: -4.625, Avg. RL Loss: 0.005, Avg. Length: 3000.0
Frame: 23800000, Avg. Reward: -3.133, Avg. RL Loss: 0.004, Avg. Length: 3000.0
Frame: 23900000, Avg. Reward: -3.467, Avg. RL Loss: 0.004, Avg. Length: 3000.0
Frame: 24000000, Avg. Reward: -2.800, Avg. RL Loss: 0.004, Avg. Length: 3000.0
Frame: 24100000, Avg. Reward: -3.167, Avg. RL Loss: 0.003, Avg. Length: 3000.0
Frame: 24200000, Avg. Reward: -2.167, Avg. RL Loss: 0.003, Avg. Length: 3000.0
Frame: 24300000, Avg. Reward: -2.175, Avg. RL Loss: 0.003, Avg. Length: 3000.0
Frame: 24400000, Avg. Reward: -2.967, Avg. RL Loss: 0.002, Avg. Length: 3000.0
Frame: 24500000, Avg. Reward: -3.633, Avg. RL Loss: 0.002, Avg. Length: 3000.0
Frame: 24600000, Avg. Reward: -2.250, Avg. RL Loss: 0.002, Avg. Length: 3000.0
Frame: 24700000, Avg. Reward: -1.867, Avg. RL Loss: 0.002, Avg. Length: 3000.0
Frame: 24800000, Avg. Reward: -3.067, Avg. RL Loss: 0.002, Avg. Length: 3000.0
Frame: 24900000, Avg. Reward: -1.675, Avg. RL Loss: 0.002, Avg. Length: 3000.0
Frame: 25000000, Avg. Reward: -2.600, Avg. RL Loss: 0.002, Avg. Length: 3000.0
Frame: 25100000, Avg. Reward: -1.900, Avg. RL Loss: 0.002, Avg. Length: 3000.0
Frame: 25200000, Avg. Reward: -1.925, Avg. RL Loss: 0.001, Avg. Length: 3000.0
Frame: 25300000, Avg. Reward: -2.833, Avg. RL Loss: 0.002, Avg. Length: 3000.0
Frame: 25400000, Avg. Reward: -1.767, Avg. RL Loss: 0.002, Avg. Length: 3000.0
Frame: 25500000, Avg. Reward: -1.500, Avg. RL Loss: 0.002, Avg. Length: 3000.0
Frame: 25600000, Avg. Reward: -3.467, Avg. RL Loss: 0.002, Avg. Length: 2725.3
Frame: 25700000, Avg. Reward: -2.950, Avg. RL Loss: 0.002, Avg. Length: 3000.0
Frame: 25800000, Avg. Reward: -2.833, Avg. RL Loss: 0.002, Avg. Length: 3000.0
Frame: 25900000, Avg. Reward: -3.167, Avg. RL Loss: 0.002, Avg. Length: 3000.0
Frame: 26000000, Avg. Reward: -2.925, Avg. RL Loss: 0.002, Avg. Length: 3000.0
Frame: 26100000, Avg. Reward: -2.967, Avg. RL Loss: 0.002, Avg. Length: 3000.0
Frame: 26200000, Avg. Reward: -1.967, Avg. RL Loss: 0.002, Avg. Length: 3000.0
Frame: 26300000, Avg. Reward: -1.600, Avg. RL Loss: 0.002, Avg. Length: 3000.0
Frame: 26400000, Avg. Reward: -3.033, Avg. RL Loss: 0.002, Avg. Length: 3000.0
Frame: 26500000, Avg. Reward: -2.467, Avg. RL Loss: 0.002, Avg. Length: 3000.0
Frame: 26600000, Avg. Reward: -2.500, Avg. RL Loss: 0.002, Avg. Length: 3000.0
Frame: 26700000, Avg. Reward: -1.300, Avg. RL Loss: 0.002, Avg. Length: 3000.0
Frame: 26800000, Avg. Reward: -2.300, Avg. RL Loss: 0.002, Avg. Length: 3000.0
Frame: 26900000, Avg. Reward: -2.500, Avg. RL Loss: 0.002, Avg. Length: 3000.0
Frame: 27000000, Avg. Reward: -5.700, Avg. RL Loss: 0.002, Avg. Length: 2969.3
Frame: 27100000, Avg. Reward: -1.967, Avg. RL Loss: 0.002, Avg. Length: 3000.0
Frame: 27200000, Avg. Reward: -3.650, Avg. RL Loss: 0.002, Avg. Length: 3000.0
Frame: 27300000, Avg. Reward: -5.500, Avg. RL Loss: 0.002, Avg. Length: 2805.0
Frame: 27400000, Avg. Reward: -2.475, Avg. RL Loss: 0.002, Avg. Length: 3000.0
Frame: 27500000, Avg. Reward: -1.900, Avg. RL Loss: 0.002, Avg. Length: 3000.0
Frame: 27600000, Avg. Reward: -1.533, Avg. RL Loss: 0.002, Avg. Length: 3000.0
Frame: 27700000, Avg. Reward: -1.300, Avg. RL Loss: 0.002, Avg. Length: 3000.0
Frame: 27800000, Avg. Reward: -2.167, Avg. RL Loss: 0.002, Avg. Length: 3000.0
Frame: 27900000, Avg. Reward: -2.333, Avg. RL Loss: 0.002, Avg. Length: 3000.0
Frame: 28000000, Avg. Reward: -2.675, Avg. RL Loss: 0.002, Avg. Length: 3000.0
Frame: 28100000, Avg. Reward: -1.233, Avg. RL Loss: 0.002, Avg. Length: 3000.0
Frame: 28200000, Avg. Reward: -2.133, Avg. RL Loss: 0.002, Avg. Length: 3000.0
Frame: 28300000, Avg. Reward: -3.100, Avg. RL Loss: 0.002, Avg. Length: 3000.0
Frame: 28400000, Avg. Reward: -2.133, Avg. RL Loss: 0.002, Avg. Length: 3000.0
Frame: 28500000, Avg. Reward: -4.267, Avg. RL Loss: 0.002, Avg. Length: 3000.0
Frame: 28600000, Avg. Reward: -4.000, Avg. RL Loss: 0.002, Avg. Length: 3000.0
Frame: 28700000, Avg. Reward: -0.967, Avg. RL Loss: 0.002, Avg. Length: 3000.0
Frame: 28800000, Avg. Reward: -2.400, Avg. RL Loss: 0.003, Avg. Length: 3000.0
Frame: 28900000, Avg. Reward: -2.325, Avg. RL Loss: 0.003, Avg. Length: 3000.0
Frame: 29000000, Avg. Reward: -1.800, Avg. RL Loss: 0.003, Avg. Length: 3000.0
Frame: 29100000, Avg. Reward: -1.533, Avg. RL Loss: 0.002, Avg. Length: 3000.0
Frame: 29200000, Avg. Reward: -1.450, Avg. RL Loss: 0.002, Avg. Length: 3000.0
Frame: 29300000, Avg. Reward: -1.400, Avg. RL Loss: 0.002, Avg. Length: 3000.0
Frame: 29400000, Avg. Reward: -2.067, Avg. RL Loss: 0.003, Avg. Length: 3000.0
Frame: 29500000, Avg. Reward: -1.050, Avg. RL Loss: 0.002, Avg. Length: 3000.0
Frame: 29600000, Avg. Reward: -1.200, Avg. RL Loss: 0.002, Avg. Length: 3000.0
Frame: 29700000, Avg. Reward: -1.367, Avg. RL Loss: 0.002, Avg. Length: 3000.0
Frame: 29800000, Avg. Reward: -1.650, Avg. RL Loss: 0.002, Avg. Length: 3000.0
Frame: 29900000, Avg. Reward: -1.667, Avg. RL Loss: 0.002, Avg. Length: 3000.0
Frame: 30000000, Avg. Reward: -0.933, Avg. RL Loss: 0.002, Avg. Length: 3000.0
Frame: 30100000, Avg. Reward: -1.350, Avg. RL Loss: 0.002, Avg. Length: 3000.0
Frame: 30200000, Avg. Reward: -0.900, Avg. RL Loss: 0.002, Avg. Length: 3000.0
Frame: 30300000, Avg. Reward: -1.033, Avg. RL Loss: 0.002, Avg. Length: 3000.0
Frame: 30400000, Avg. Reward: -1.825, Avg. RL Loss: 0.002, Avg. Length: 3000.0
Frame: 30500000, Avg. Reward: -1.933, Avg. RL Loss: 0.002, Avg. Length: 3000.0
Frame: 30600000, Avg. Reward: -0.667, Avg. RL Loss: 0.002, Avg. Length: 3000.0
Frame: 30700000, Avg. Reward: -1.525, Avg. RL Loss: 0.002, Avg. Length: 3000.0
Frame: 30800000, Avg. Reward: -1.433, Avg. RL Loss: 0.002, Avg. Length: 3000.0
Frame: 30900000, Avg. Reward: -1.400, Avg. RL Loss: 0.002, Avg. Length: 3000.0
Frame: 31000000, Avg. Reward: -1.000, Avg. RL Loss: 0.002, Avg. Length: 3000.0
Frame: 31100000, Avg. Reward: -0.767, Avg. RL Loss: 0.002, Avg. Length: 3000.0
Frame: 31200000, Avg. Reward: -0.867, Avg. RL Loss: 0.002, Avg. Length: 3000.0
Frame: 31300000, Avg. Reward: -1.000, Avg. RL Loss: 0.002, Avg. Length: 3000.0
Frame: 31400000, Avg. Reward: -1.433, Avg. RL Loss: 0.002, Avg. Length: 3000.0
Frame: 31500000, Avg. Reward: -1.033, Avg. RL Loss: 0.002, Avg. Length: 3000.0
Frame: 31600000, Avg. Reward: -0.600, Avg. RL Loss: 0.002, Avg. Length: 3000.0
Frame: 31700000, Avg. Reward: -0.733, Avg. RL Loss: 0.002, Avg. Length: 3000.0
Frame: 31800000, Avg. Reward: -0.533, Avg. RL Loss: 0.002, Avg. Length: 3000.0
Frame: 31900000, Avg. Reward: -0.575, Avg. RL Loss: 0.002, Avg. Length: 3000.0
Frame: 32000000, Avg. Reward: -0.833, Avg. RL Loss: 0.002, Avg. Length: 3000.0
Frame: 32100000, Avg. Reward: -0.733, Avg. RL Loss: 0.002, Avg. Length: 3000.0
Frame: 32200000, Avg. Reward: -1.375, Avg. RL Loss: 0.002, Avg. Length: 3000.0
Frame: 32300000, Avg. Reward: -0.533, Avg. RL Loss: 0.002, Avg. Length: 3000.0
Frame: 32400000, Avg. Reward: -0.700, Avg. RL Loss: 0.001, Avg. Length: 3000.0
Frame: 32500000, Avg. Reward: -0.250, Avg. RL Loss: 0.002, Avg. Length: 3000.0
Frame: 32600000, Avg. Reward: -0.367, Avg. RL Loss: 0.002, Avg. Length: 3000.0
Frame: 32700000, Avg. Reward: -0.133, Avg. RL Loss: 0.002, Avg. Length: 3000.0
Frame: 32800000, Avg. Reward: -0.925, Avg. RL Loss: 0.002, Avg. Length: 3000.0
Frame: 32900000, Avg. Reward: -0.233, Avg. RL Loss: 0.002, Avg. Length: 3000.0
Frame: 33000000, Avg. Reward: -0.533, Avg. RL Loss: 0.002, Avg. Length: 3000.0
Frame: 33100000, Avg. Reward: -0.375, Avg. RL Loss: 0.002, Avg. Length: 3000.0
Frame: 33200000, Avg. Reward: -0.533, Avg. RL Loss: 0.002, Avg. Length: 3000.0
Frame: 33300000, Avg. Reward: -0.233, Avg. RL Loss: 0.002, Avg. Length: 3000.0
Frame: 33400000, Avg. Reward: -0.375, Avg. RL Loss: 0.002, Avg. Length: 3000.0
Frame: 33500000, Avg. Reward: -0.367, Avg. RL Loss: 0.001, Avg. Length: 3000.0
Frame: 33600000, Avg. Reward: -0.267, Avg. RL Loss: 0.001, Avg. Length: 3000.0
Frame: 33700000, Avg. Reward: -0.275, Avg. RL Loss: 0.001, Avg. Length: 3000.0
Frame: 33800000, Avg. Reward: -0.600, Avg. RL Loss: 0.002, Avg. Length: 3000.0
Frame: 33900000, Avg. Reward: -0.700, Avg. RL Loss: 0.001, Avg. Length: 3000.0
Frame: 34000000, Avg. Reward: -0.300, Avg. RL Loss: 0.001, Avg. Length: 3000.0
Frame: 34100000, Avg. Reward: -0.267, Avg. RL Loss: 0.001, Avg. Length: 3000.0
Frame: 34200000, Avg. Reward: -0.733, Avg. RL Loss: 0.002, Avg. Length: 3000.0
Frame: 34300000, Avg. Reward: -0.800, Avg. RL Loss: 0.001, Avg. Length: 3000.0
Frame: 34400000, Avg. Reward: -0.633, Avg. RL Loss: 0.002, Avg. Length: 3000.0
Frame: 34500000, Avg. Reward: -0.300, Avg. RL Loss: 0.002, Avg. Length: 3000.0
Frame: 34600000, Avg. Reward: -0.550, Avg. RL Loss: 0.002, Avg. Length: 3000.0
Frame: 34700000, Avg. Reward: -1.067, Avg. RL Loss: 0.002, Avg. Length: 3000.0
Frame: 34800000, Avg. Reward: -1.067, Avg. RL Loss: 0.002, Avg. Length: 3000.0
Frame: 34900000, Avg. Reward: -0.275, Avg. RL Loss: 0.002, Avg. Length: 3000.0
Frame: 35000000, Avg. Reward: 0.033, Avg. RL Loss: 0.001, Avg. Length: 3000.0
Frame: 35100000, Avg. Reward: 0.367, Avg. RL Loss: 0.002, Avg. Length: 3000.0
Frame: 35200000, Avg. Reward: -0.500, Avg. RL Loss: 0.002, Avg. Length: 3000.0
Frame: 35300000, Avg. Reward: -1.133, Avg. RL Loss: 0.002, Avg. Length: 3000.0
Frame: 35400000, Avg. Reward: -0.167, Avg. RL Loss: 0.002, Avg. Length: 3000.0
Frame: 35500000, Avg. Reward: 0.100, Avg. RL Loss: 0.001, Avg. Length: 3000.0
Frame: 35600000, Avg. Reward: -0.233, Avg. RL Loss: 0.002, Avg. Length: 3000.0
Frame: 35700000, Avg. Reward: -0.033, Avg. RL Loss: 0.002, Avg. Length: 3000.0
Frame: 35800000, Avg. Reward: 0.125, Avg. RL Loss: 0.002, Avg. Length: 3000.0
Frame: 35900000, Avg. Reward: 0.067, Avg. RL Loss: 0.002, Avg. Length: 3000.0
Frame: 36000000, Avg. Reward: -0.333, Avg. RL Loss: 0.002, Avg. Length: 3000.0
Frame: 36100000, Avg. Reward: -0.225, Avg. RL Loss: 0.002, Avg. Length: 3000.0
Frame: 36200000, Avg. Reward: -0.067, Avg. RL Loss: 0.002, Avg. Length: 3000.0
Frame: 36300000, Avg. Reward: -0.267, Avg. RL Loss: 0.002, Avg. Length: 3000.0
Frame: 36400000, Avg. Reward: -0.475, Avg. RL Loss: 0.002, Avg. Length: 3000.0
Frame: 36500000, Avg. Reward: -0.467, Avg. RL Loss: 0.002, Avg. Length: 3000.0
Frame: 36600000, Avg. Reward: 0.000, Avg. RL Loss: 0.002, Avg. Length: 3000.0
Frame: 36700000, Avg. Reward: -0.475, Avg. RL Loss: 0.002, Avg. Length: 3000.0
Frame: 36800000, Avg. Reward: -0.533, Avg. RL Loss: 0.002, Avg. Length: 3000.0
Frame: 36900000, Avg. Reward: -0.600, Avg. RL Loss: 0.002, Avg. Length: 3000.0
Frame: 37000000, Avg. Reward: -1.325, Avg. RL Loss: 0.003, Avg. Length: 3000.0
Frame: 37100000, Avg. Reward: -0.400, Avg. RL Loss: 0.003, Avg. Length: 3000.0
Frame: 37200000, Avg. Reward: -0.200, Avg. RL Loss: 0.003, Avg. Length: 3000.0
Frame: 37300000, Avg. Reward: -0.775, Avg. RL Loss: 0.003, Avg. Length: 3000.0
Frame: 37400000, Avg. Reward: -0.500, Avg. RL Loss: 0.003, Avg. Length: 3000.0
Frame: 37500000, Avg. Reward: 0.300, Avg. RL Loss: 0.003, Avg. Length: 3000.0
Frame: 37600000, Avg. Reward: -0.275, Avg. RL Loss: 0.003, Avg. Length: 3000.0
Frame: 37700000, Avg. Reward: -0.067, Avg. RL Loss: 0.003, Avg. Length: 3000.0
Frame: 37800000, Avg. Reward: -0.033, Avg. RL Loss: 0.003, Avg. Length: 3000.0
Frame: 37900000, Avg. Reward: 0.200, Avg. RL Loss: 0.003, Avg. Length: 3000.0
Frame: 38000000, Avg. Reward: 0.367, Avg. RL Loss: 0.003, Avg. Length: 3000.0
Frame: 38100000, Avg. Reward: -0.400, Avg. RL Loss: 0.002, Avg. Length: 3000.0
Frame: 38200000, Avg. Reward: -0.200, Avg. RL Loss: 0.003, Avg. Length: 3000.0
Frame: 38300000, Avg. Reward: -0.633, Avg. RL Loss: 0.002, Avg. Length: 3000.0
Frame: 38400000, Avg. Reward: -1.100, Avg. RL Loss: 0.003, Avg. Length: 3000.0
Frame: 38500000, Avg. Reward: -0.300, Avg. RL Loss: 0.003, Avg. Length: 3000.0
Frame: 38600000, Avg. Reward: 0.167, Avg. RL Loss: 0.003, Avg. Length: 3000.0
Frame: 38700000, Avg. Reward: 0.200, Avg. RL Loss: 0.002, Avg. Length: 3000.0
Frame: 38800000, Avg. Reward: -0.125, Avg. RL Loss: 0.003, Avg. Length: 3000.0
Frame: 38900000, Avg. Reward: -0.367, Avg. RL Loss: 0.003, Avg. Length: 3000.0
Frame: 39000000, Avg. Reward: -0.500, Avg. RL Loss: 0.003, Avg. Length: 3000.0
Frame: 39100000, Avg. Reward: -0.375, Avg. RL Loss: 0.003, Avg. Length: 3000.0
Frame: 39200000, Avg. Reward: -0.033, Avg. RL Loss: 0.003, Avg. Length: 3000.0
Frame: 39300000, Avg. Reward: -0.100, Avg. RL Loss: 0.002, Avg. Length: 3000.0
Frame: 39400000, Avg. Reward: -0.050, Avg. RL Loss: 0.002, Avg. Length: 3000.0
Frame: 39500000, Avg. Reward: 0.000, Avg. RL Loss: 0.003, Avg. Length: 3000.0
Frame: 39600000, Avg. Reward: -0.033, Avg. RL Loss: 0.003, Avg. Length: 3000.0
Frame: 39700000, Avg. Reward: -0.300, Avg. RL Loss: 0.003, Avg. Length: 3000.0
Frame: 39800000, Avg. Reward: 0.267, Avg. RL Loss: 0.003, Avg. Length: 3000.0
Frame: 39900000, Avg. Reward: -0.333, Avg. RL Loss: 0.003, Avg. Length: 3000.0
Frame: 40000000, Avg. Reward: -0.025, Avg. RL Loss: 0.003, Avg. Length: 3000.0
Frame: 40100000, Avg. Reward: 0.233, Avg. RL Loss: 0.003, Avg. Length: 3000.0
Frame: 40200000, Avg. Reward: -0.167, Avg. RL Loss: 0.003, Avg. Length: 3000.0
Frame: 40300000, Avg. Reward: 0.150, Avg. RL Loss: 0.003, Avg. Length: 3000.0
Frame: 40400000, Avg. Reward: -0.133, Avg. RL Loss: 0.004, Avg. Length: 3000.0
Frame: 40500000, Avg. Reward: -0.133, Avg. RL Loss: 0.005, Avg. Length: 3000.0
Frame: 40600000, Avg. Reward: 0.050, Avg. RL Loss: 0.006, Avg. Length: 3000.0
Frame: 40700000, Avg. Reward: -0.400, Avg. RL Loss: 0.006, Avg. Length: 3000.0
Frame: 40800000, Avg. Reward: -0.867, Avg. RL Loss: 0.006, Avg. Length: 3000.0
Frame: 40900000, Avg. Reward: -0.325, Avg. RL Loss: 0.008, Avg. Length: 3000.0
Frame: 41000000, Avg. Reward: -0.500, Avg. RL Loss: 0.010, Avg. Length: 3000.0
Frame: 41100000, Avg. Reward: -0.067, Avg. RL Loss: 0.012, Avg. Length: 3000.0
Frame: 41200000, Avg. Reward: -0.250, Avg. RL Loss: 0.011, Avg. Length: 3000.0
Frame: 41300000, Avg. Reward: -0.500, Avg. RL Loss: 0.013, Avg. Length: 3000.0
Frame: 41400000, Avg. Reward: 0.300, Avg. RL Loss: 0.014, Avg. Length: 3000.0
Frame: 41500000, Avg. Reward: -0.425, Avg. RL Loss: 0.012, Avg. Length: 3000.0
Frame: 41600000, Avg. Reward: -0.200, Avg. RL Loss: 0.011, Avg. Length: 3000.0
Frame: 41700000, Avg. Reward: -0.433, Avg. RL Loss: 0.014, Avg. Length: 3000.0
Frame: 41800000, Avg. Reward: -0.075, Avg. RL Loss: 0.015, Avg. Length: 3000.0
Frame: 41900000, Avg. Reward: -0.233, Avg. RL Loss: 0.017, Avg. Length: 3000.0
Frame: 42000000, Avg. Reward: -0.567, Avg. RL Loss: 0.017, Avg. Length: 3000.0
Frame: 42100000, Avg. Reward: -0.000, Avg. RL Loss: 0.017, Avg. Length: 3000.0
Frame: 42200000, Avg. Reward: -0.433, Avg. RL Loss: 0.012, Avg. Length: 3000.0
Frame: 42300000, Avg. Reward: -0.700, Avg. RL Loss: 0.014, Avg. Length: 3000.0
Frame: 42400000, Avg. Reward: -1.100, Avg. RL Loss: 0.019, Avg. Length: 3000.0
Frame: 42500000, Avg. Reward: -1.267, Avg. RL Loss: 0.018, Avg. Length: 3000.0
Frame: 42600000, Avg. Reward: -0.533, Avg. RL Loss: 0.015, Avg. Length: 3000.0
Frame: 42700000, Avg. Reward: -0.150, Avg. RL Loss: 0.018, Avg. Length: 3000.0
Frame: 42800000, Avg. Reward: -0.200, Avg. RL Loss: 0.026, Avg. Length: 3000.0
Frame: 42900000, Avg. Reward: -0.300, Avg. RL Loss: 0.023, Avg. Length: 3000.0
Frame: 43000000, Avg. Reward: -0.225, Avg. RL Loss: 0.024, Avg. Length: 3000.0
Frame: 43100000, Avg. Reward: -0.500, Avg. RL Loss: 0.020, Avg. Length: 3000.0
Frame: 43200000, Avg. Reward: -0.733, Avg. RL Loss: 0.033, Avg. Length: 3000.0
Frame: 43300000, Avg. Reward: -0.025, Avg. RL Loss: 0.029, Avg. Length: 3000.0
Frame: 43400000, Avg. Reward: -0.200, Avg. RL Loss: 0.026, Avg. Length: 3000.0
Frame: 43500000, Avg. Reward: -0.500, Avg. RL Loss: 0.029, Avg. Length: 3000.0
Frame: 43600000, Avg. Reward: -0.350, Avg. RL Loss: 0.026, Avg. Length: 3000.0
Frame: 43700000, Avg. Reward: 0.100, Avg. RL Loss: 0.036, Avg. Length: 3000.0
Frame: 43800000, Avg. Reward: -0.067, Avg. RL Loss: 0.034, Avg. Length: 3000.0
Frame: 43900000, Avg. Reward: -0.250, Avg. RL Loss: 0.036, Avg. Length: 3000.0
Frame: 44000000, Avg. Reward: 0.233, Avg. RL Loss: 0.035, Avg. Length: 3000.0
Frame: 44100000, Avg. Reward: -0.233, Avg. RL Loss: 0.062, Avg. Length: 3000.0
Frame: 44200000, Avg. Reward: -0.625, Avg. RL Loss: 0.026, Avg. Length: 3000.0
Frame: 44300000, Avg. Reward: -0.200, Avg. RL Loss: 0.048, Avg. Length: 3000.0
Frame: 44400000, Avg. Reward: -0.467, Avg. RL Loss: 0.049, Avg. Length: 3000.0
Frame: 44500000, Avg. Reward: -0.675, Avg. RL Loss: 0.035, Avg. Length: 3000.0
Frame: 44600000, Avg. Reward: -0.433, Avg. RL Loss: 0.053, Avg. Length: 3000.0
Frame: 44700000, Avg. Reward: -0.833, Avg. RL Loss: 0.034, Avg. Length: 3000.0
Frame: 44800000, Avg. Reward: -0.350, Avg. RL Loss: 0.038, Avg. Length: 3000.0
Frame: 44900000, Avg. Reward: -0.033, Avg. RL Loss: 0.054, Avg. Length: 3000.0
Frame: 45000000, Avg. Reward: -0.233, Avg. RL Loss: 0.088, Avg. Length: 3000.0
Frame: 45100000, Avg. Reward: -0.950, Avg. RL Loss: 0.068, Avg. Length: 3000.0
Frame: 45200000, Avg. Reward: -0.633, Avg. RL Loss: 0.047, Avg. Length: 3000.0
Frame: 45300000, Avg. Reward: -1.233, Avg. RL Loss: 0.037, Avg. Length: 3000.0
Frame: 45400000, Avg. Reward: -0.225, Avg. RL Loss: 0.054, Avg. Length: 3000.0
Frame: 45500000, Avg. Reward: -0.133, Avg. RL Loss: 0.040, Avg. Length: 3000.0
Frame: 45600000, Avg. Reward: 0.000, Avg. RL Loss: 0.040, Avg. Length: 3000.0
Frame: 45700000, Avg. Reward: -0.350, Avg. RL Loss: 0.055, Avg. Length: 3000.0
Frame: 45800000, Avg. Reward: 0.000, Avg. RL Loss: 0.029, Avg. Length: 3000.0
Frame: 45900000, Avg. Reward: -0.000, Avg. RL Loss: 0.038, Avg. Length: 3000.0
Frame: 46000000, Avg. Reward: 0.050, Avg. RL Loss: 0.044, Avg. Length: 3000.0
Frame: 46100000, Avg. Reward: -0.133, Avg. RL Loss: 0.039, Avg. Length: 3000.0
Frame: 46200000, Avg. Reward: -0.667, Avg. RL Loss: 0.024, Avg. Length: 3000.0
Frame: 46300000, Avg. Reward: -0.175, Avg. RL Loss: 0.023, Avg. Length: 3000.0
Frame: 46400000, Avg. Reward: 0.000, Avg. RL Loss: 0.023, Avg. Length: 3000.0
Frame: 46500000, Avg. Reward: 0.067, Avg. RL Loss: 0.030, Avg. Length: 3000.0
Frame: 46600000, Avg. Reward: 0.125, Avg. RL Loss: 0.037, Avg. Length: 3000.0
Frame: 46700000, Avg. Reward: -0.267, Avg. RL Loss: 0.023, Avg. Length: 3000.0
Frame: 46800000, Avg. Reward: -0.733, Avg. RL Loss: 0.032, Avg. Length: 3000.0
Frame: 46900000, Avg. Reward: 0.475, Avg. RL Loss: 0.033, Avg. Length: 3000.0
Frame: 47000000, Avg. Reward: 0.000, Avg. RL Loss: 0.037, Avg. Length: 3000.0
Frame: 47100000, Avg. Reward: -0.067, Avg. RL Loss: 0.016, Avg. Length: 3000.0
Frame: 47200000, Avg. Reward: -0.400, Avg. RL Loss: 0.027, Avg. Length: 3000.0
Frame: 47300000, Avg. Reward: -0.367, Avg. RL Loss: 0.025, Avg. Length: 3000.0
Frame: 47400000, Avg. Reward: 0.033, Avg. RL Loss: 0.034, Avg. Length: 3000.0
Frame: 47500000, Avg. Reward: -0.150, Avg. RL Loss: 0.018, Avg. Length: 3000.0
Frame: 47600000, Avg. Reward: -0.233, Avg. RL Loss: 0.019, Avg. Length: 3000.0
Frame: 47700000, Avg. Reward: 0.200, Avg. RL Loss: 0.018, Avg. Length: 3000.0
Frame: 47800000, Avg. Reward: 0.400, Avg. RL Loss: 0.025, Avg. Length: 3000.0
Frame: 47900000, Avg. Reward: 0.167, Avg. RL Loss: 0.017, Avg. Length: 3000.0
Frame: 48000000, Avg. Reward: 0.433, Avg. RL Loss: 0.013, Avg. Length: 3000.0
Frame: 48100000, Avg. Reward: -0.125, Avg. RL Loss: 0.015, Avg. Length: 3000.0
Frame: 48200000, Avg. Reward: 0.167, Avg. RL Loss: 0.010, Avg. Length: 3000.0
Frame: 48300000, Avg. Reward: 0.267, Avg. RL Loss: 0.011, Avg. Length: 3000.0
Frame: 48400000, Avg. Reward: 0.075, Avg. RL Loss: 0.010, Avg. Length: 3000.0
Frame: 48500000, Avg. Reward: -0.400, Avg. RL Loss: 0.012, Avg. Length: 3000.0
Frame: 48600000, Avg. Reward: 0.100, Avg. RL Loss: 0.011, Avg. Length: 3000.0
Frame: 48700000, Avg. Reward: -0.250, Avg. RL Loss: 0.019, Avg. Length: 3000.0
Frame: 48800000, Avg. Reward: 0.233, Avg. RL Loss: 0.018, Avg. Length: 3000.0
Frame: 48900000, Avg. Reward: 0.133, Avg. RL Loss: 0.012, Avg. Length: 3000.0
Frame: 49000000, Avg. Reward: 0.125, Avg. RL Loss: 0.013, Avg. Length: 3000.0
Frame: 49100000, Avg. Reward: -0.200, Avg. RL Loss: 0.016, Avg. Length: 3000.0
Frame: 49200000, Avg. Reward: -0.367, Avg. RL Loss: 0.017, Avg. Length: 3000.0
Frame: 49300000, Avg. Reward: -0.375, Avg. RL Loss: 0.015, Avg. Length: 3000.0
Frame: 49400000, Avg. Reward: 0.033, Avg. RL Loss: 0.018, Avg. Length: 3000.0
Frame: 49500000, Avg. Reward: -0.300, Avg. RL Loss: 0.017, Avg. Length: 3000.0
Frame: 49600000, Avg. Reward: 0.175, Avg. RL Loss: 0.012, Avg. Length: 3000.0
Frame: 49700000, Avg. Reward: -0.000, Avg. RL Loss: 0.021, Avg. Length: 3000.0
Frame: 49800000, Avg. Reward: -0.167, Avg. RL Loss: 0.021, Avg. Length: 3000.0
Frame: 49900000, Avg. Reward: -0.100, Avg. RL Loss: 0.018, Avg. Length: 3000.0
Frame: 50000000, Avg. Reward: 0.033, Avg. RL Loss: 0.016, Avg. Length: 3000.0
Frame: 50100000, Avg. Reward: 0.167, Avg. RL Loss: 0.020, Avg. Length: 3000.0
Frame: 50200000, Avg. Reward: 0.000, Avg. RL Loss: 0.017, Avg. Length: 3000.0
Frame: 50300000, Avg. Reward: -0.100, Avg. RL Loss: 0.016, Avg. Length: 3000.0
Frame: 50400000, Avg. Reward: -0.200, Avg. RL Loss: 0.017, Avg. Length: 3000.0
Frame: 50500000, Avg. Reward: -0.050, Avg. RL Loss: 0.018, Avg. Length: 3000.0
Frame: 50600000, Avg. Reward: -0.133, Avg. RL Loss: 0.016, Avg. Length: 3000.0
Frame: 50700000, Avg. Reward: 0.133, Avg. RL Loss: 0.017, Avg. Length: 3000.0
Frame: 50800000, Avg. Reward: 0.125, Avg. RL Loss: 0.020, Avg. Length: 3000.0
Frame: 50900000, Avg. Reward: -0.033, Avg. RL Loss: 0.020, Avg. Length: 3000.0
Frame: 51000000, Avg. Reward: 0.133, Avg. RL Loss: 0.017, Avg. Length: 3000.0
Frame: 51100000, Avg. Reward: -0.050, Avg. RL Loss: 0.020, Avg. Length: 3000.0
Frame: 51200000, Avg. Reward: 0.167, Avg. RL Loss: 0.017, Avg. Length: 3000.0
Frame: 51300000, Avg. Reward: -1.600, Avg. RL Loss: 0.018, Avg. Length: 3000.0