Cannot import pettingzoo env:  pong_v2
                          Options
                          seed: 1122
                          batch_size: 1024
                          no_cuda: False
                          training_id: 20210603_0014
                          max_frames: 500000000
                          buffer_size: 100000
                          update_target: 1000
                          train_freq: 100
                          gamma: 0.99
                          eta: 0.1
                          rl_start: 10000
                          sl_start: 1000
                          num_envs: 5
                          hidden_dim: 256
                          dueling: False
                          multi_step: 1
                          cce: False
                          env: pong_v1
                          ram: True
                          negative: False
                          against_baseline: False
                          load_model: None
                          save_model: model
                          evaluate: False
                          render: False
                          evaluation_interval: 50000
                          lr: 0.0001
                          max_tag_interval: 10000
                          eps_start: 1.0
                          eps_final: 0.01
                          eps_decay: 30000
                          cuda: True
                          device: cuda:0
[Box(0, 255, (128,), uint8), Box(0, 255, (128,), uint8), Box(0, 255, (128,), uint8), Box(0, 255, (128,), uint8), Box(0, 255, (128,), uint8)] [Discrete(18), Discrete(18), Discrete(18), Discrete(18), Discrete(18)]
(128,)
(128,)
Frame: 250000, Avg. RL Loss: 0.050, Avg. Q value: 0.000, Avg. Length: 3426.7, P0 Avg. Reward: -10.029, P1 Avg. Reward: 10.029
Q table: 
 [[ 0.007  0.053  0.028 ... -0.013  0.006 -0.021]
 [-0.079 -0.026 -0.071 ... -0.001 -0.025 -0.051]
 [ 0.039  0.061 -0.    ...  0.013  0.037  0.011]
 ...
 [ 0.082 -0.021  0.03  ... -0.046  0.056 -0.007]
 [-0.062 -0.008  0.018 ...  0.028  0.006 -0.042]
 [ 0.064 -0.049  0.051 ... -0.032  0.006  0.024]]
Nash policies:  [(array([0.057, 0.155, 0.048, 0.085, 0.   , 0.044, 0.058, 0.   , 0.148, 0.171, 0.   , 0.067, 0.   , 0.046, 0.122, 0.   , 0.   , 0.   ]), array([0.   , 0.168, 0.   , 0.   , 0.   , 0.085, 0.   , 0.105, 0.029, 0.   , 0.094, 0.09 , 0.058, 0.   , 0.022, 0.208, 0.098, 0.043]))]
Frame: 500000, Avg. RL Loss: 0.004, Avg. Q value: 0.002, Avg. Length: 3251.2, P0 Avg. Reward: -16.037, P1 Avg. Reward: 16.037
Q table: 
 [[ 0.007  0.031  0.027 ... -0.008  0.003 -0.015]
 [-0.074 -0.006 -0.067 ... -0.005 -0.01  -0.03 ]
 [ 0.036  0.031 -0.    ... -0.001  0.022  0.006]
 ...
 [ 0.077 -0.02   0.028 ... -0.045  0.053 -0.008]
 [-0.058 -0.005  0.016 ...  0.008 -0.001 -0.031]
 [ 0.06  -0.047  0.045 ... -0.03   0.005  0.022]]
Nash policies:  [(array([0.022, 0.206, 0.   , 0.113, 0.037, 0.   , 0.07 , 0.   , 0.123, 0.176, 0.   , 0.034, 0.   , 0.052, 0.168, 0.   , 0.   , 0.   ]), array([0.   , 0.191, 0.   , 0.   , 0.   , 0.039, 0.   , 0.086, 0.004, 0.   , 0.098, 0.109, 0.027, 0.   , 0.021, 0.338, 0.   , 0.087]))]
Frame: 750000, Avg. RL Loss: 0.004, Avg. Q value: -0.001, Avg. Length: 3078.7, P0 Avg. Reward: 2.440, P1 Avg. Reward: -2.440
Q table: 
 [[ 0.005  0.013  0.026 ...  0.     0.003 -0.006]
 [-0.059 -0.004 -0.064 ... -0.002 -0.009 -0.005]
 [ 0.035  0.027 -0.002 ... -0.004  0.021  0.005]
 ...
 [ 0.076 -0.019  0.027 ... -0.044  0.054 -0.009]
 [-0.056 -0.004  0.016 ...  0.002 -0.001 -0.022]
 [ 0.059 -0.046  0.045 ... -0.03   0.005  0.022]]
Nash policies:  [(array([0.234, 0.126, 0.   , 0.011, 0.   , 0.106, 0.   , 0.   , 0.024, 0.126, 0.   , 0.07 , 0.088, 0.04 , 0.11 , 0.   , 0.065, 0.   ]), array([0.   , 0.   , 0.   , 0.   , 0.009, 0.067, 0.013, 0.05 , 0.   , 0.   , 0.053, 0.097, 0.002, 0.007, 0.043, 0.608, 0.   , 0.051]))]
Frame: 1000000, Avg. RL Loss: 0.003, Avg. Q value: -0.002, Avg. Length: 3356.7, P0 Avg. Reward: -2.175, P1 Avg. Reward: 2.175
Q table: 
 [[ 0.006  0.004  0.021 ... -0.006  0.003 -0.008]
 [-0.057 -0.007 -0.056 ... -0.003 -0.009 -0.003]
 [ 0.034  0.027 -0.002 ... -0.004  0.02   0.005]
 ...
 [ 0.076 -0.019  0.026 ... -0.043  0.053 -0.009]
 [-0.048 -0.004  0.015 ...  0.001 -0.001 -0.012]
 [ 0.058 -0.045  0.044 ... -0.029  0.005  0.022]]
Nash policies:  [(array([0.036, 0.   , 0.   , 0.057, 0.114, 0.152, 0.06 , 0.   , 0.065, 0.   , 0.072, 0.   , 0.094, 0.224, 0.   , 0.   , 0.127, 0.   ]), array([0.   , 0.205, 0.   , 0.   , 0.008, 0.022, 0.   , 0.188, 0.   , 0.   , 0.07 , 0.072, 0.   , 0.   , 0.036, 0.372, 0.022, 0.005]))]
Frame: 1250000, Avg. RL Loss: 0.003, Avg. Q value: -0.002, Avg. Length: 3286.9, P0 Avg. Reward: -5.013, P1 Avg. Reward: 5.013
Q table: 
 [[ 0.006 -0.004  0.014 ... -0.004 -0.    -0.01 ]
 [-0.056 -0.009 -0.055 ... -0.003 -0.009 -0.002]
 [ 0.033  0.008 -0.002 ... -0.003  0.019  0.003]
 ...
 [ 0.075 -0.015  0.025 ... -0.043  0.052 -0.008]
 [-0.038 -0.002  0.014 ...  0.003  0.    -0.007]
 [ 0.057 -0.044  0.044 ... -0.029  0.005  0.021]]
Nash policies:  [(array([0.   , 0.   , 0.044, 0.024, 0.   , 0.025, 0.026, 0.   , 0.   , 0.18 , 0.   , 0.066, 0.   , 0.059, 0.34 , 0.   , 0.235, 0.001]), array([0.   , 0.383, 0.   , 0.   , 0.   , 0.058, 0.   , 0.097, 0.01 , 0.   , 0.254, 0.059, 0.001, 0.   , 0.029, 0.   , 0.   , 0.109]))]
Frame: 1500000, Avg. RL Loss: 0.003, Avg. Q value: -0.006, Avg. Length: 3145.1, P0 Avg. Reward: -5.425, P1 Avg. Reward: 5.425
Q table: 
 [[ 0.006 -0.009  0.014 ... -0.004 -0.    -0.009]
 [-0.056 -0.009 -0.054 ... -0.003 -0.009 -0.001]
 [ 0.032 -0.01  -0.002 ... -0.005  0.018 -0.004]
 ...
 [ 0.074 -0.014  0.025 ... -0.042  0.051 -0.007]
 [-0.038 -0.01   0.014 ...  0.003 -0.    -0.005]
 [ 0.055 -0.039  0.043 ... -0.028  0.004  0.02 ]]
Nash policies:  [(array([0.069, 0.   , 0.   , 0.637, 0.157, 0.034, 0.   , 0.   , 0.   , 0.   , 0.103, 0.   , 0.   , 0.   , 0.   , 0.   , 0.   , 0.   ]), array([0.009, 0.954, 0.   , 0.   , 0.   , 0.   , 0.026, 0.   , 0.007, 0.   , 0.   , 0.   , 0.   , 0.   , 0.   , 0.   , 0.   , 0.005]))]
Frame: 1750000, Avg. RL Loss: 0.003, Avg. Q value: -0.009, Avg. Length: 3332.8, P0 Avg. Reward: -3.693, P1 Avg. Reward: 3.693
Q table: 
 [[ 0.005 -0.012  0.012 ... -0.004 -0.001 -0.01 ]
 [-0.042 -0.009 -0.038 ... -0.003 -0.009 -0.002]
 [ 0.029 -0.011 -0.002 ... -0.005  0.018 -0.005]
 ...
 [ 0.073 -0.014  0.024 ... -0.041  0.05  -0.008]
 [-0.038 -0.01   0.013 ...  0.003 -0.    -0.006]
 [ 0.054 -0.039  0.042 ... -0.024  0.     0.02 ]]
Nash policies:  [(array([0.   , 0.166, 0.   , 0.249, 0.   , 0.   , 0.   , 0.   , 0.   , 0.01 , 0.   , 0.   , 0.   , 0.575, 0.   , 0.   , 0.   , 0.   ]), array([0.007, 0.974, 0.   , 0.   , 0.013, 0.   , 0.   , 0.   , 0.   , 0.   , 0.   , 0.   , 0.   , 0.007, 0.   , 0.   , 0.   , 0.   ]))]
Frame: 2000000, Avg. RL Loss: 0.003, Avg. Q value: -0.003, Avg. Length: 2930.6, P0 Avg. Reward: 10.282, P1 Avg. Reward: -10.282
Q table: 
 [[ 0.005 -0.012  0.011 ... -0.004 -0.001 -0.009]
 [-0.036 -0.011 -0.035 ... -0.003 -0.007 -0.   ]
 [ 0.014 -0.004 -0.002 ... -0.005  0.014 -0.005]
 ...
 [ 0.068  0.     0.024 ... -0.035  0.038 -0.003]
 [ 0.008  0.011  0.012 ...  0.008  0.013  0.008]
 [ 0.049 -0.011  0.041 ... -0.018  0.003  0.011]]
Nash policies:  [(array([0.   , 0.   , 0.   , 0.   , 0.153, 0.   , 0.   , 0.   , 0.   , 0.   , 0.   , 0.   , 0.   , 0.   , 0.   , 0.   , 0.84 , 0.007]), array([0.   , 0.   , 0.   , 0.   , 0.   , 0.   , 0.   , 0.   , 0.   , 0.   , 0.   , 0.   , 0.065, 0.   , 0.   , 0.078, 0.   , 0.857]))]
Frame: 2250000, Avg. RL Loss: 0.003, Avg. Q value: 0.020, Avg. Length: 2914.0, P0 Avg. Reward: 17.518, P1 Avg. Reward: -17.518
Q table: 
 [[ 0.005 -0.011  0.012 ... -0.004 -0.    -0.009]
 [-0.034 -0.011 -0.03  ... -0.003 -0.007 -0.   ]
 [ 0.014 -0.004 -0.001 ... -0.005  0.014 -0.003]
 ...
 [ 0.052  0.002  0.024 ... -0.008  0.035  0.008]
 [ 0.036  0.032  0.036 ...  0.035  0.031  0.034]
 [ 0.034 -0.004  0.04  ...  0.003  0.008  0.018]]
Nash policies:  [(array([0.   , 0.   , 0.   , 0.   , 0.   , 0.   , 0.   , 0.   , 0.   , 0.   , 0.   , 0.   , 0.   , 0.   , 0.   , 0.014, 0.967, 0.018]), array([0.   , 0.   , 0.   , 0.   , 0.   , 0.   , 0.   , 0.   , 0.472, 0.   , 0.   , 0.   , 0.013, 0.   , 0.   , 0.   , 0.515, 0.   ]))]
Frame: 2500000, Avg. RL Loss: 0.003, Avg. Q value: 0.042, Avg. Length: 2913.1, P0 Avg. Reward: 18.212, P1 Avg. Reward: -18.212
Q table: 
 [[ 0.006 -0.011  0.012 ... -0.003  0.001 -0.008]
 [-0.032 -0.011 -0.028 ... -0.002 -0.005  0.001]
 [ 0.018 -0.003  0.001 ... -0.004  0.016 -0.002]
 ...
 [ 0.049  0.003  0.025 ... -0.006  0.028  0.01 ]
 [ 0.049  0.05   0.051 ...  0.052  0.051  0.048]
 [ 0.034 -0.003  0.039 ...  0.008  0.018  0.022]]
Nash policies:  [(array([0., 0., 0., 0., 0., 0., 0., 0., 0., 0., 0., 0., 0., 0., 0., 0., 1., 0.]), array([0., 0., 0., 0., 0., 0., 0., 0., 0., 0., 0., 0., 0., 0., 1., 0., 0., 0.]))]
Frame: 2750000, Avg. RL Loss: 0.003, Avg. Q value: 0.053, Avg. Length: 3076.6, P0 Avg. Reward: 15.588, P1 Avg. Reward: -15.588
Q table: 
 [[ 0.008 -0.01   0.013 ... -0.003  0.005 -0.005]
 [-0.03  -0.01  -0.026 ... -0.002 -0.004  0.002]
 [ 0.019 -0.003  0.004 ... -0.001  0.018 -0.   ]
 ...
 [ 0.049  0.006  0.026 ... -0.005  0.028  0.011]
 [ 0.058  0.061  0.06  ...  0.061  0.061  0.058]
 [ 0.035 -0.001  0.04  ...  0.01   0.019  0.022]]
Nash policies:  [(array([0., 0., 0., 0., 0., 0., 0., 0., 0., 0., 0., 0., 0., 0., 0., 0., 1., 0.]), array([0., 0., 0., 0., 0., 0., 0., 0., 0., 0., 0., 0., 1., 0., 0., 0., 0., 0.]))]
Frame: 3000000, Avg. RL Loss: 0.003, Avg. Q value: 0.064, Avg. Length: 2937.6, P0 Avg. Reward: 16.871, P1 Avg. Reward: -16.871
Q table: 
 [[ 0.011 -0.009  0.018 ... -0.001  0.008 -0.004]
 [-0.022 -0.01  -0.024 ... -0.001  0.001  0.003]
 [ 0.022 -0.003  0.008 ...  0.004  0.019  0.002]
 ...
 [ 0.05   0.008  0.031 ... -0.     0.029  0.013]
 [ 0.068  0.068  0.07  ...  0.068  0.071  0.068]
 [ 0.036 -0.     0.041 ...  0.012  0.021  0.023]]
Nash policies:  [(array([0., 0., 0., 0., 0., 0., 0., 0., 0., 0., 0., 0., 0., 0., 0., 0., 1., 0.]), array([0., 0., 0., 0., 0., 0., 0., 0., 0., 0., 1., 0., 0., 0., 0., 0., 0., 0.]))]
Frame: 3250000, Avg. RL Loss: 0.003, Avg. Q value: 0.068, Avg. Length: 3103.7, P0 Avg. Reward: 17.875, P1 Avg. Reward: -17.875
Q table: 
 [[ 0.02  -0.007  0.019 ...  0.004  0.012 -0.001]
 [-0.018 -0.009 -0.019 ...  0.001  0.004  0.005]
 [ 0.024 -0.002  0.013 ...  0.007  0.023  0.006]
 ...
 [ 0.053  0.013  0.036 ...  0.002  0.029  0.015]
 [ 0.072  0.072  0.072 ...  0.076  0.07   0.074]
 [ 0.037  0.005  0.046 ...  0.014  0.027  0.024]]
Nash policies:  [(array([0., 0., 0., 0., 0., 0., 0., 0., 0., 0., 0., 0., 0., 0., 0., 0., 1., 0.]), array([0., 0., 0., 0., 0., 0., 0., 0., 0., 0., 0., 0., 0., 0., 0., 0., 1., 0.]))]
Frame: 3500000, Avg. RL Loss: 0.003, Avg. Q value: 0.076, Avg. Length: 3067.6, P0 Avg. Reward: 15.388, P1 Avg. Reward: -15.388
Q table: 
 [[ 0.024 -0.004  0.024 ...  0.005  0.02   0.003]
 [-0.014 -0.008 -0.01  ...  0.003  0.008  0.008]
 [ 0.027  0.     0.019 ...  0.012  0.026  0.01 ]
 ...
 [ 0.054  0.019  0.038 ...  0.004  0.032  0.02 ]
 [ 0.079  0.082  0.08  ...  0.079  0.078  0.079]
 [ 0.039  0.009  0.047 ...  0.016  0.029  0.026]]
Nash policies:  [(array([0., 0., 0., 0., 0., 0., 0., 0., 0., 0., 0., 0., 0., 0., 0., 0., 1., 0.]), array([0., 0., 0., 0., 0., 0., 0., 0., 0., 0., 0., 0., 0., 0., 0., 0., 1., 0.]))]
Frame: 3750000, Avg. RL Loss: 0.003, Avg. Q value: 0.086, Avg. Length: 2913.0, P0 Avg. Reward: 17.953, P1 Avg. Reward: -17.953
Q table: 
 [[ 0.032 -0.     0.028 ...  0.006  0.024  0.007]
 [-0.008 -0.007 -0.005 ...  0.006  0.017  0.015]
 [ 0.029  0.002  0.024 ...  0.023  0.033  0.014]
 ...
 [ 0.056  0.028  0.046 ...  0.007  0.034  0.028]
 [ 0.091  0.092  0.09  ...  0.095  0.092  0.093]
 [ 0.043  0.011  0.048 ...  0.019  0.035  0.028]]
Nash policies:  [(array([0., 0., 0., 0., 0., 0., 0., 0., 0., 0., 0., 0., 0., 0., 0., 0., 1., 0.]), array([0., 0., 0., 0., 0., 0., 0., 0., 0., 0., 0., 0., 0., 1., 0., 0., 0., 0.]))]
Frame: 4000000, Avg. RL Loss: 0.004, Avg. Q value: 0.095, Avg. Length: 2913.0, P0 Avg. Reward: 14.647, P1 Avg. Reward: -14.647
Q table: 
 [[ 0.034  0.004  0.035 ...  0.009  0.031  0.01 ]
 [-0.001 -0.006  0.    ...  0.009  0.024  0.025]
 [ 0.034  0.005  0.034 ...  0.034  0.039  0.023]
 ...
 [ 0.059  0.031  0.047 ...  0.01   0.036  0.03 ]
 [ 0.099  0.098  0.1   ...  0.103  0.103  0.101]
 [ 0.046  0.019  0.051 ...  0.025  0.04   0.035]]
Nash policies:  [(array([0., 0., 0., 0., 0., 0., 0., 0., 0., 0., 0., 0., 0., 0., 0., 0., 1., 0.]), array([0., 0., 0., 0., 0., 0., 0., 0., 0., 0., 0., 0., 1., 0., 0., 0., 0., 0.]))]
Frame: 4250000, Avg. RL Loss: 0.003, Avg. Q value: 0.102, Avg. Length: 2958.6, P0 Avg. Reward: 16.282, P1 Avg. Reward: -16.282
Q table: 
 [[ 0.035  0.008  0.041 ...  0.011  0.036  0.021]
 [ 0.001 -0.005  0.01  ...  0.012  0.033  0.026]
 [ 0.038  0.008  0.038 ...  0.038  0.041  0.029]
 ...
 [ 0.062  0.032  0.048 ...  0.015  0.041  0.035]
 [ 0.107  0.105  0.106 ...  0.104  0.104  0.109]
 [ 0.051  0.024  0.053 ...  0.03   0.047  0.039]]
Nash policies:  [(array([0., 0., 0., 0., 0., 0., 0., 0., 0., 0., 0., 0., 0., 0., 0., 0., 1., 0.]), array([0., 0., 0., 0., 0., 0., 0., 0., 0., 0., 0., 0., 0., 0., 0., 1., 0., 0.]))]
Frame: 4500000, Avg. RL Loss: 0.003, Avg. Q value: 0.110, Avg. Length: 2927.5, P0 Avg. Reward: 17.635, P1 Avg. Reward: -17.635
Q table: 
 [[ 0.041  0.011  0.049 ...  0.021  0.038  0.031]
 [ 0.011 -0.004  0.019 ...  0.021  0.039  0.031]
 [ 0.045  0.012  0.049 ...  0.044  0.054  0.037]
 ...
 [ 0.064  0.037  0.051 ...  0.024  0.049  0.046]
 [ 0.114  0.115  0.113 ...  0.113  0.116  0.117]
 [ 0.058  0.03   0.06  ...  0.037  0.051  0.047]]
Nash policies:  [(array([0., 0., 0., 0., 0., 0., 0., 0., 0., 0., 0., 0., 0., 0., 0., 0., 1., 0.]), array([0., 0., 0., 0., 0., 0., 0., 0., 0., 1., 0., 0., 0., 0., 0., 0., 0., 0.]))]
Frame: 4750000, Avg. RL Loss: 0.003, Avg. Q value: 0.120, Avg. Length: 2913.1, P0 Avg. Reward: 18.553, P1 Avg. Reward: -18.553
Q table: 
 [[ 0.045  0.014  0.057 ...  0.03   0.05   0.037]
 [ 0.022 -0.002  0.027 ...  0.028  0.046  0.04 ]
 [ 0.05   0.019  0.057 ...  0.053  0.059  0.041]
 ...
 [ 0.071  0.044  0.052 ...  0.03   0.053  0.055]
 [ 0.125  0.124  0.126 ...  0.129  0.125  0.124]
 [ 0.066  0.041  0.071 ...  0.05   0.06   0.053]]
Nash policies:  [(array([0., 0., 0., 0., 0., 0., 0., 0., 0., 0., 0., 0., 0., 0., 0., 0., 1., 0.]), array([0., 0., 0., 1., 0., 0., 0., 0., 0., 0., 0., 0., 0., 0., 0., 0., 0., 0.]))]
Frame: 5000000, Avg. RL Loss: 0.003, Avg. Q value: 0.131, Avg. Length: 2913.0, P0 Avg. Reward: 20.235, P1 Avg. Reward: -20.235
Q table: 
 [[0.049 0.023 0.06  ... 0.037 0.058 0.048]
 [0.039 0.003 0.033 ... 0.035 0.057 0.054]
 [0.057 0.027 0.061 ... 0.059 0.067 0.049]
 ...
 [0.074 0.054 0.053 ... 0.041 0.063 0.058]
 [0.135 0.138 0.139 ... 0.137 0.14  0.14 ]
 [0.073 0.047 0.084 ... 0.055 0.062 0.061]]
Nash policies:  [(array([0., 0., 0., 0., 0., 0., 0., 0., 0., 0., 0., 0., 0., 0., 0., 0., 1., 0.]), array([0., 0., 0., 0., 1., 0., 0., 0., 0., 0., 0., 0., 0., 0., 0., 0., 0., 0.]))]
Frame: 5250000, Avg. RL Loss: 0.003, Avg. Q value: 0.141, Avg. Length: 2913.0, P0 Avg. Reward: 17.553, P1 Avg. Reward: -17.553
Q table: 
 [[0.056 0.029 0.068 ... 0.048 0.068 0.055]
 [0.042 0.006 0.041 ... 0.042 0.069 0.061]
 [0.068 0.029 0.067 ... 0.065 0.073 0.058]
 ...
 [0.082 0.061 0.058 ... 0.052 0.074 0.061]
 [0.145 0.146 0.147 ... 0.144 0.145 0.146]
 [0.085 0.059 0.091 ... 0.064 0.069 0.069]]
Nash policies:  [(array([0., 0., 0., 0., 0., 0., 0., 0., 0., 0., 0., 0., 0., 0., 0., 0., 1., 0.]), array([0., 0., 0., 0., 0., 0., 0., 0., 0., 0., 0., 0., 0., 0., 1., 0., 0., 0.]))]
Frame: 5500000, Avg. RL Loss: 0.003, Avg. Q value: 0.144, Avg. Length: 2942.4, P0 Avg. Reward: 12.882, P1 Avg. Reward: -12.882
Q table: 
 [[0.058 0.035 0.069 ... 0.059 0.072 0.066]
 [0.051 0.017 0.053 ... 0.05  0.076 0.065]
 [0.077 0.034 0.076 ... 0.075 0.076 0.062]
 ...
 [0.093 0.068 0.064 ... 0.056 0.079 0.065]
 [0.148 0.148 0.148 ... 0.15  0.15  0.15 ]
 [0.089 0.066 0.095 ... 0.075 0.075 0.072]]
Nash policies:  [(array([0., 0., 0., 0., 0., 0., 0., 0., 0., 0., 0., 0., 0., 0., 0., 0., 1., 0.]), array([0., 0., 0., 1., 0., 0., 0., 0., 0., 0., 0., 0., 0., 0., 0., 0., 0., 0.]))]
Frame: 5750000, Avg. RL Loss: 0.003, Avg. Q value: 0.150, Avg. Length: 3144.3, P0 Avg. Reward: 16.988, P1 Avg. Reward: -16.988
Q table: 
 [[0.064 0.042 0.073 ... 0.064 0.079 0.071]
 [0.058 0.031 0.058 ... 0.058 0.081 0.076]
 [0.085 0.041 0.085 ... 0.078 0.083 0.065]
 ...
 [0.102 0.075 0.07  ... 0.07  0.087 0.07 ]
 [0.15  0.146 0.155 ... 0.157 0.159 0.151]
 [0.092 0.074 0.099 ... 0.08  0.081 0.078]]
Nash policies:  [(array([0., 0., 0., 0., 0., 0., 0., 0., 0., 0., 0., 0., 0., 0., 0., 0., 1., 0.]), array([0., 1., 0., 0., 0., 0., 0., 0., 0., 0., 0., 0., 0., 0., 0., 0., 0., 0.]))]
Frame: 6000000, Avg. RL Loss: 0.003, Avg. Q value: 0.156, Avg. Length: 2913.1, P0 Avg. Reward: 18.178, P1 Avg. Reward: -18.178
Q table: 
 [[0.066 0.053 0.079 ... 0.071 0.083 0.083]
 [0.07  0.035 0.069 ... 0.065 0.084 0.082]
 [0.093 0.055 0.095 ... 0.087 0.096 0.067]
 ...
 [0.108 0.079 0.075 ... 0.079 0.1   0.077]
 [0.16  0.163 0.161 ... 0.164 0.162 0.161]
 [0.097 0.082 0.104 ... 0.096 0.088 0.087]]
Nash policies:  [(array([0., 0., 0., 0., 0., 0., 0., 0., 0., 0., 0., 0., 0., 0., 0., 0., 1., 0.]), array([1., 0., 0., 0., 0., 0., 0., 0., 0., 0., 0., 0., 0., 0., 0., 0., 0., 0.]))]
Frame: 6250000, Avg. RL Loss: 0.003, Avg. Q value: 0.166, Avg. Length: 2913.1, P0 Avg. Reward: 17.035, P1 Avg. Reward: -17.035
Q table: 
 [[0.078 0.055 0.083 ... 0.082 0.087 0.086]
 [0.075 0.044 0.08  ... 0.074 0.089 0.089]
 [0.101 0.066 0.098 ... 0.088 0.104 0.075]
 ...
 [0.116 0.089 0.08  ... 0.089 0.11  0.083]
 [0.171 0.171 0.171 ... 0.17  0.171 0.171]
 [0.101 0.092 0.117 ... 0.1   0.095 0.097]]
Nash policies:  [(array([0., 0., 0., 0., 0., 0., 0., 0., 0., 0., 0., 0., 0., 0., 0., 0., 1., 0.]), array([0., 0., 0., 0., 0., 1., 0., 0., 0., 0., 0., 0., 0., 0., 0., 0., 0., 0.]))]
Frame: 6500000, Avg. RL Loss: 0.003, Avg. Q value: 0.164, Avg. Length: 3584.5, P0 Avg. Reward: 14.100, P1 Avg. Reward: -14.100
Q table: 
 [[0.088 0.065 0.086 ... 0.087 0.089 0.094]
 [0.085 0.055 0.086 ... 0.08  0.092 0.093]
 [0.111 0.07  0.103 ... 0.091 0.112 0.084]
 ...
 [0.12  0.103 0.09  ... 0.097 0.118 0.092]
 [0.172 0.174 0.171 ... 0.172 0.171 0.171]
 [0.106 0.1   0.121 ... 0.105 0.097 0.104]]
Nash policies:  [(array([0., 0., 0., 0., 0., 0., 0., 0., 0., 0., 0., 0., 0., 0., 0., 0., 1., 0.]), array([0., 0., 0., 0., 0., 0., 0., 0., 0., 1., 0., 0., 0., 0., 0., 0., 0., 0.]))]
Frame: 6750000, Avg. RL Loss: 0.003, Avg. Q value: 0.171, Avg. Length: 2942.5, P0 Avg. Reward: 17.529, P1 Avg. Reward: -17.529
Q table: 
 [[0.098 0.075 0.095 ... 0.095 0.095 0.103]
 [0.089 0.061 0.094 ... 0.082 0.097 0.1  ]
 [0.119 0.078 0.108 ... 0.094 0.114 0.087]
 ...
 [0.124 0.112 0.1   ... 0.106 0.123 0.106]
 [0.175 0.165 0.171 ... 0.173 0.175 0.175]
 [0.112 0.108 0.134 ... 0.113 0.102 0.109]]
Nash policies:  [(array([0., 0., 0., 0., 0., 0., 0., 0., 0., 0., 0., 0., 0., 0., 0., 0., 1., 0.]), array([0., 1., 0., 0., 0., 0., 0., 0., 0., 0., 0., 0., 0., 0., 0., 0., 0., 0.]))]
Frame: 7000000, Avg. RL Loss: 0.003, Avg. Q value: 0.174, Avg. Length: 2935.5, P0 Avg. Reward: 15.059, P1 Avg. Reward: -15.059
Q table: 
 [[0.106 0.087 0.099 ... 0.099 0.102 0.109]
 [0.09  0.073 0.103 ... 0.086 0.102 0.111]
 [0.123 0.081 0.112 ... 0.097 0.124 0.094]
 ...
 [0.131 0.118 0.11  ... 0.116 0.13  0.107]
 [0.178 0.178 0.18  ... 0.18  0.175 0.175]
 [0.122 0.109 0.139 ... 0.124 0.11  0.115]]
Nash policies:  [(array([0., 0., 0., 0., 0., 0., 0., 0., 0., 0., 0., 0., 0., 0., 0., 0., 1., 0.]), array([0., 0., 0., 0., 0., 0., 0., 0., 0., 0., 0., 0., 0., 0., 1., 0., 0., 0.]))]
Frame: 7250000, Avg. RL Loss: 0.003, Avg. Q value: 0.179, Avg. Length: 2962.7, P0 Avg. Reward: 15.788, P1 Avg. Reward: -15.788
Q table: 
 [[0.118 0.097 0.107 ... 0.107 0.109 0.115]
 [0.091 0.076 0.108 ... 0.092 0.112 0.121]
 [0.128 0.093 0.115 ... 0.103 0.135 0.105]
 ...
 [0.14  0.124 0.119 ... 0.124 0.14  0.107]
 [0.181 0.182 0.184 ... 0.183 0.183 0.181]
 [0.129 0.122 0.15  ... 0.13  0.115 0.128]]
Nash policies:  [(array([0., 0., 0., 0., 0., 0., 0., 0., 0., 0., 0., 0., 0., 0., 0., 0., 1., 0.]), array([0., 0., 0., 0., 0., 0., 0., 1., 0., 0., 0., 0., 0., 0., 0., 0., 0., 0.]))]
Frame: 7500000, Avg. RL Loss: 0.003, Avg. Q value: 0.184, Avg. Length: 3043.4, P0 Avg. Reward: 18.475, P1 Avg. Reward: -18.475
Q table: 
 [[0.127 0.104 0.118 ... 0.117 0.114 0.129]
 [0.094 0.079 0.116 ... 0.1   0.113 0.131]
 [0.133 0.101 0.12  ... 0.106 0.143 0.107]
 ...
 [0.148 0.13  0.137 ... 0.131 0.145 0.109]
 [0.188 0.188 0.186 ... 0.186 0.187 0.187]
 [0.137 0.127 0.152 ... 0.138 0.126 0.137]]
Nash policies:  [(array([0., 0., 0., 0., 0., 0., 0., 0., 0., 0., 0., 0., 0., 0., 0., 0., 1., 0.]), array([0., 0., 0., 0., 0., 0., 1., 0., 0., 0., 0., 0., 0., 0., 0., 0., 0., 0.]))]
Frame: 7750000, Avg. RL Loss: 0.003, Avg. Q value: 0.187, Avg. Length: 2913.1, P0 Avg. Reward: 13.482, P1 Avg. Reward: -13.482
Q table: 
 [[0.135 0.116 0.127 ... 0.122 0.124 0.134]
 [0.104 0.09  0.119 ... 0.109 0.116 0.138]
 [0.145 0.11  0.128 ... 0.11  0.153 0.112]
 ...
 [0.155 0.138 0.139 ... 0.139 0.146 0.113]
 [0.191 0.189 0.189 ... 0.189 0.19  0.19 ]
 [0.146 0.129 0.162 ... 0.143 0.129 0.146]]
Nash policies:  [(array([0., 0., 0., 0., 0., 0., 0., 0., 0., 0., 0., 0., 0., 0., 0., 0., 1., 0.]), array([0., 0., 0., 0., 0., 0., 0., 0., 1., 0., 0., 0., 0., 0., 0., 0., 0., 0.]))]
Frame: 8000000, Avg. RL Loss: 0.003, Avg. Q value: 0.194, Avg. Length: 2913.0, P0 Avg. Reward: 18.047, P1 Avg. Reward: -18.047
Q table: 
 [[0.143 0.123 0.131 ... 0.13  0.135 0.139]
 [0.112 0.096 0.13  ... 0.116 0.128 0.149]
 [0.157 0.116 0.129 ... 0.117 0.158 0.12 ]
 ...
 [0.164 0.143 0.146 ... 0.143 0.155 0.121]
 [0.196 0.197 0.197 ... 0.2   0.199 0.198]
 [0.154 0.136 0.169 ... 0.152 0.14  0.154]]
Nash policies:  [(array([0., 0., 0., 0., 0., 0., 0., 0., 0., 0., 0., 0., 0., 0., 0., 0., 1., 0.]), array([1., 0., 0., 0., 0., 0., 0., 0., 0., 0., 0., 0., 0., 0., 0., 0., 0., 0.]))]
Frame: 8250000, Avg. RL Loss: 0.003, Avg. Q value: 0.196, Avg. Length: 2913.0, P0 Avg. Reward: 10.506, P1 Avg. Reward: -10.506
Q table: 
 [[0.148 0.128 0.135 ... 0.136 0.143 0.146]
 [0.115 0.109 0.139 ... 0.121 0.136 0.154]
 [0.166 0.123 0.136 ... 0.126 0.163 0.133]
 ...
 [0.169 0.148 0.151 ... 0.149 0.161 0.124]
 [0.2   0.201 0.2   ... 0.201 0.199 0.201]
 [0.163 0.142 0.174 ... 0.156 0.145 0.16 ]]
Nash policies:  [(array([0., 0., 0., 0., 0., 0., 0., 0., 0., 0., 0., 0., 0., 0., 0., 0., 1., 0.]), array([0., 0., 0., 0., 0., 0., 0., 0., 0., 0., 0., 1., 0., 0., 0., 0., 0., 0.]))]
Frame: 8500000, Avg. RL Loss: 0.003, Avg. Q value: 0.204, Avg. Length: 2913.0, P0 Avg. Reward: 18.589, P1 Avg. Reward: -18.589
Q table: 
 [[0.153 0.135 0.148 ... 0.141 0.154 0.151]
 [0.123 0.121 0.146 ... 0.124 0.145 0.158]
 [0.172 0.128 0.149 ... 0.131 0.168 0.14 ]
 ...
 [0.172 0.157 0.158 ... 0.159 0.167 0.131]
 [0.209 0.21  0.207 ... 0.207 0.208 0.209]
 [0.17  0.143 0.18  ... 0.166 0.158 0.163]]
Nash policies:  [(array([0., 0., 0., 0., 0., 0., 0., 0., 0., 0., 0., 0., 0., 0., 0., 0., 1., 0.]), array([0., 0., 1., 0., 0., 0., 0., 0., 0., 0., 0., 0., 0., 0., 0., 0., 0., 0.]))]
Frame: 8750000, Avg. RL Loss: 0.003, Avg. Q value: 0.210, Avg. Length: 2913.0, P0 Avg. Reward: 12.400, P1 Avg. Reward: -12.400
Q table: 
 [[0.158 0.14  0.151 ... 0.15  0.155 0.155]
 [0.13  0.13  0.156 ... 0.123 0.147 0.166]
 [0.18  0.141 0.16  ... 0.135 0.176 0.144]
 ...
 [0.182 0.168 0.165 ... 0.165 0.174 0.137]
 [0.211 0.211 0.213 ... 0.214 0.215 0.212]
 [0.177 0.145 0.187 ... 0.17  0.166 0.17 ]]
Nash policies:  [(array([0., 0., 0., 0., 0., 0., 0., 0., 0., 0., 0., 0., 0., 0., 0., 0., 1., 0.]), array([0., 1., 0., 0., 0., 0., 0., 0., 0., 0., 0., 0., 0., 0., 0., 0., 0., 0.]))]
Frame: 9000000, Avg. RL Loss: 0.003, Avg. Q value: 0.210, Avg. Length: 3233.8, P0 Avg. Reward: 15.880, P1 Avg. Reward: -15.880
Q table: 
 [[0.164 0.145 0.16  ... 0.163 0.157 0.164]
 [0.149 0.14  0.162 ... 0.129 0.159 0.171]
 [0.188 0.152 0.168 ... 0.144 0.181 0.149]
 ...
 [0.188 0.182 0.179 ... 0.179 0.176 0.15 ]
 [0.217 0.213 0.211 ... 0.214 0.217 0.215]
 [0.187 0.154 0.192 ... 0.178 0.17  0.18 ]]
Nash policies:  [(array([0., 0., 0., 0., 0., 0., 0., 0., 0., 0., 0., 0., 0., 0., 0., 0., 1., 0.]), array([0., 0., 0., 0., 0., 0., 0., 0., 0., 0., 0., 0., 0., 1., 0., 0., 0., 0.]))]
Frame: 9250000, Avg. RL Loss: 0.003, Avg. Q value: 0.204, Avg. Length: 2930.2, P0 Avg. Reward: 10.482, P1 Avg. Reward: -10.482
Q table: 
 [[0.171 0.147 0.163 ... 0.165 0.159 0.163]
 [0.152 0.148 0.171 ... 0.134 0.163 0.182]
 [0.191 0.16  0.173 ... 0.151 0.186 0.157]
 ...
 [0.194 0.185 0.184 ... 0.18  0.177 0.153]
 [0.217 0.213 0.21  ... 0.214 0.217 0.215]
 [0.196 0.158 0.196 ... 0.181 0.176 0.189]]
Nash policies:  [(array([0., 0., 0., 0., 0., 0., 0., 0., 0., 0., 0., 0., 0., 0., 0., 0., 1., 0.]), array([0., 0., 1., 0., 0., 0., 0., 0., 0., 0., 0., 0., 0., 0., 0., 0., 0., 0.]))]
Frame: 9500000, Avg. RL Loss: 0.003, Avg. Q value: 0.208, Avg. Length: 3046.8, P0 Avg. Reward: 10.882, P1 Avg. Reward: -10.882
Q table: 
 [[0.176 0.153 0.165 ... 0.174 0.163 0.165]
 [0.159 0.155 0.177 ... 0.139 0.165 0.188]
 [0.197 0.165 0.18  ... 0.158 0.187 0.168]
 ...
 [0.198 0.189 0.187 ... 0.181 0.177 0.156]
 [0.217 0.213 0.211 ... 0.214 0.217 0.215]
 [0.196 0.162 0.198 ... 0.188 0.179 0.194]]
Nash policies:  [(array([0., 0., 0., 0., 0., 0., 0., 0., 0., 0., 0., 0., 0., 0., 0., 0., 1., 0.]), array([0., 0., 0., 1., 0., 0., 0., 0., 0., 0., 0., 0., 0., 0., 0., 0., 0., 0.]))]
Frame: 9750000, Avg. RL Loss: 0.003, Avg. Q value: 0.215, Avg. Length: 2913.0, P0 Avg. Reward: 16.941, P1 Avg. Reward: -16.941
Q table: 
 [[0.181 0.16  0.179 ... 0.18  0.166 0.167]
 [0.162 0.161 0.182 ... 0.143 0.172 0.193]
 [0.201 0.172 0.186 ... 0.163 0.197 0.179]
 ...
 [0.205 0.194 0.192 ... 0.183 0.179 0.166]
 [0.217 0.217 0.217 ... 0.218 0.217 0.219]
 [0.197 0.167 0.203 ... 0.194 0.191 0.198]]
Nash policies:  [(array([0., 0., 0., 0., 0., 0., 0., 0., 0., 0., 0., 0., 0., 0., 0., 0., 1., 0.]), array([0., 0., 1., 0., 0., 0., 0., 0., 0., 0., 0., 0., 0., 0., 0., 0., 0., 0.]))]
Frame: 10000000, Avg. RL Loss: 0.003, Avg. Q value: 0.214, Avg. Length: 3267.2, P0 Avg. Reward: 18.293, P1 Avg. Reward: -18.293
Q table: 
 [[0.186 0.2   0.185 ... 0.186 0.203 0.171]
 [0.167 0.166 0.188 ... 0.147 0.178 0.199]
 [0.203 0.176 0.193 ... 0.17  0.201 0.186]
 ...
 [0.206 0.197 0.195 ... 0.186 0.183 0.173]
 [0.222 0.214 0.213 ... 0.215 0.214 0.223]
 [0.197 0.2   0.207 ... 0.212 0.215 0.205]]
Nash policies:  [(array([0., 0., 0., 0., 0., 0., 0., 0., 0., 0., 0., 0., 0., 0., 0., 0., 1., 0.]), array([0., 0., 0., 0., 0., 0., 0., 0., 0., 1., 0., 0., 0., 0., 0., 0., 0., 0.]))]
Frame: 10250000, Avg. RL Loss: 0.003, Avg. Q value: 0.221, Avg. Length: 2913.0, P0 Avg. Reward: 18.400, P1 Avg. Reward: -18.400
Q table: 
 [[0.197 0.201 0.193 ... 0.193 0.204 0.177]
 [0.171 0.178 0.198 ... 0.153 0.184 0.203]
 [0.21  0.184 0.2   ... 0.177 0.21  0.197]
 ...
 [0.21  0.201 0.209 ... 0.191 0.185 0.179]
 [0.222 0.226 0.226 ... 0.227 0.225 0.228]
 [0.198 0.201 0.21  ... 0.216 0.215 0.205]]
Nash policies:  [(array([0., 0., 0., 0., 0., 0., 0., 0., 0., 0., 0., 0., 0., 0., 0., 0., 1., 0.]), array([1., 0., 0., 0., 0., 0., 0., 0., 0., 0., 0., 0., 0., 0., 0., 0., 0., 0.]))]
Frame: 10500000, Avg. RL Loss: 0.003, Avg. Q value: 0.229, Avg. Length: 2913.0, P0 Avg. Reward: 17.522, P1 Avg. Reward: -17.522
Q table: 
 [[0.209 0.202 0.198 ... 0.198 0.204 0.184]
 [0.184 0.182 0.203 ... 0.163 0.194 0.208]
 [0.217 0.192 0.21  ... 0.187 0.215 0.197]
 ...
 [0.221 0.207 0.216 ... 0.196 0.19  0.189]
 [0.234 0.232 0.232 ... 0.233 0.232 0.234]
 [0.202 0.201 0.22  ... 0.216 0.215 0.206]]
Nash policies:  [(array([0., 0., 0., 0., 0., 0., 0., 0., 0., 0., 0., 0., 0., 0., 0., 0., 1., 0.]), array([0., 1., 0., 0., 0., 0., 0., 0., 0., 0., 0., 0., 0., 0., 0., 0., 0., 0.]))]
Frame: 10750000, Avg. RL Loss: 0.003, Avg. Q value: 0.234, Avg. Length: 3113.0, P0 Avg. Reward: 15.400, P1 Avg. Reward: -15.400
Q table: 
 [[0.212 0.203 0.201 ... 0.206 0.205 0.187]
 [0.19  0.19  0.209 ... 0.17  0.201 0.215]
 [0.223 0.199 0.213 ... 0.195 0.22  0.199]
 ...
 [0.225 0.213 0.216 ... 0.198 0.192 0.198]
 [0.24  0.239 0.225 ... 0.241 0.238 0.239]
 [0.204 0.203 0.22  ... 0.217 0.216 0.209]]
Nash policies:  [(array([0.   , 0.   , 0.   , 0.   , 0.   , 0.   , 0.   , 0.   , 0.   , 0.   , 0.   , 0.   , 0.165, 0.   , 0.   , 0.   , 0.835, 0.   ]), array([0.   , 0.   , 0.872, 0.   , 0.   , 0.   , 0.   , 0.   , 0.   , 0.   , 0.128, 0.   , 0.   , 0.   , 0.   , 0.   , 0.   , 0.   ]))]
Frame: 11000000, Avg. RL Loss: 0.003, Avg. Q value: 0.231, Avg. Length: 3251.3, P0 Avg. Reward: 13.000, P1 Avg. Reward: -13.000
Q table: 
 [[0.217 0.205 0.208 ... 0.209 0.205 0.197]
 [0.197 0.194 0.211 ... 0.179 0.207 0.217]
 [0.224 0.205 0.217 ... 0.2   0.224 0.201]
 ...
 [0.227 0.219 0.216 ... 0.205 0.196 0.207]
 [0.24  0.238 0.235 ... 0.241 0.238 0.239]
 [0.206 0.204 0.226 ... 0.218 0.216 0.212]]
Nash policies:  [(array([0., 0., 0., 0., 0., 0., 0., 0., 0., 0., 0., 0., 0., 0., 0., 0., 1., 0.]), array([0., 0., 0., 0., 1., 0., 0., 0., 0., 0., 0., 0., 0., 0., 0., 0., 0., 0.]))]
Frame: 11250000, Avg. RL Loss: 0.003, Avg. Q value: 0.228, Avg. Length: 3026.9, P0 Avg. Reward: 11.624, P1 Avg. Reward: -11.624
Q table: 
 [[0.222 0.207 0.214 ... 0.213 0.205 0.202]
 [0.199 0.198 0.219 ... 0.183 0.212 0.219]
 [0.225 0.207 0.22  ... 0.202 0.225 0.204]
 ...
 [0.225 0.223 0.217 ... 0.223 0.226 0.211]
 [0.241 0.238 0.235 ... 0.236 0.235 0.239]
 [0.206 0.205 0.224 ... 0.221 0.216 0.214]]
Nash policies:  [(array([0., 0., 0., 0., 0., 0., 0., 0., 0., 0., 0., 0., 0., 0., 0., 0., 1., 0.]), array([0., 0., 0., 0., 1., 0., 0., 0., 0., 0., 0., 0., 0., 0., 0., 0., 0., 0.]))]
Frame: 11500000, Avg. RL Loss: 0.003, Avg. Q value: 0.233, Avg. Length: 2946.5, P0 Avg. Reward: 8.929, P1 Avg. Reward: -8.929
Q table: 
 [[0.228 0.211 0.218 ... 0.223 0.207 0.208]
 [0.201 0.202 0.222 ... 0.188 0.215 0.224]
 [0.229 0.212 0.226 ... 0.208 0.227 0.206]
 ...
 [0.229 0.227 0.217 ... 0.224 0.227 0.215]
 [0.241 0.238 0.235 ... 0.236 0.235 0.238]
 [0.208 0.207 0.227 ... 0.221 0.217 0.22 ]]
Nash policies:  [(array([0., 0., 0., 0., 0., 0., 0., 0., 0., 0., 0., 0., 0., 0., 0., 0., 1., 0.]), array([0., 0., 0., 0., 0., 0., 0., 0., 0., 0., 0., 0., 0., 1., 0., 0., 0., 0.]))]
Frame: 11750000, Avg. RL Loss: 0.003, Avg. Q value: 0.238, Avg. Length: 2927.5, P0 Avg. Reward: 16.918, P1 Avg. Reward: -16.918
Q table: 
 [[0.229 0.213 0.225 ... 0.228 0.21  0.216]
 [0.201 0.216 0.227 ... 0.193 0.221 0.229]
 [0.233 0.22  0.231 ... 0.216 0.233 0.21 ]
 ...
 [0.236 0.233 0.219 ... 0.226 0.229 0.219]
 [0.243 0.245 0.242 ... 0.245 0.243 0.244]
 [0.21  0.209 0.231 ... 0.222 0.217 0.225]]
Nash policies:  [(array([0., 0., 0., 0., 0., 0., 0., 0., 0., 0., 0., 0., 0., 0., 0., 0., 1., 0.]), array([0., 0., 0., 0., 0., 0., 0., 0., 0., 0., 0., 1., 0., 0., 0., 0., 0., 0.]))]
Frame: 12000000, Avg. RL Loss: 0.003, Avg. Q value: 0.239, Avg. Length: 3166.0, P0 Avg. Reward: 17.000, P1 Avg. Reward: -17.000
Q table: 
 [[0.229 0.222 0.229 ... 0.233 0.214 0.22 ]
 [0.207 0.223 0.231 ... 0.197 0.225 0.233]
 [0.234 0.223 0.233 ... 0.22  0.236 0.212]
 ...
 [0.232 0.234 0.223 ... 0.228 0.231 0.215]
 [0.245 0.246 0.247 ... 0.246 0.245 0.245]
 [0.211 0.21  0.234 ... 0.223 0.218 0.228]]
Nash policies:  [(array([0., 0., 0., 0., 0., 0., 0., 0., 0., 0., 0., 0., 0., 0., 0., 0., 1., 0.]), array([0., 0., 0., 0., 0., 1., 0., 0., 0., 0., 0., 0., 0., 0., 0., 0., 0., 0.]))]
Frame: 12250000, Avg. RL Loss: 0.003, Avg. Q value: 0.249, Avg. Length: 2965.3, P0 Avg. Reward: 17.337, P1 Avg. Reward: -17.337
Q table: 
 [[0.23  0.223 0.236 ... 0.238 0.219 0.226]
 [0.211 0.227 0.238 ... 0.201 0.231 0.241]
 [0.245 0.227 0.234 ... 0.226 0.243 0.219]
 ...
 [0.243 0.241 0.224 ... 0.234 0.236 0.216]
 [0.251 0.25  0.251 ... 0.251 0.251 0.252]
 [0.212 0.212 0.245 ... 0.227 0.22  0.236]]
Nash policies:  [(array([0., 0., 0., 0., 0., 0., 0., 0., 0., 0., 0., 0., 0., 0., 0., 0., 1., 0.]), array([0., 0., 0., 0., 0., 0., 0., 1., 0., 0., 0., 0., 0., 0., 0., 0., 0., 0.]))]
Frame: 12500000, Avg. RL Loss: 0.003, Avg. Q value: 0.249, Avg. Length: 3156.5, P0 Avg. Reward: 13.694, P1 Avg. Reward: -13.694
Q table: 
 [[0.245 0.224 0.24  ... 0.238 0.225 0.229]
 [0.216 0.232 0.244 ... 0.209 0.24  0.243]
 [0.249 0.227 0.234 ... 0.232 0.246 0.219]
 ...
 [0.243 0.245 0.228 ... 0.238 0.238 0.218]
 [0.252 0.252 0.251 ... 0.251 0.251 0.252]
 [0.214 0.215 0.246 ... 0.23  0.222 0.238]]
Nash policies:  [(array([0.001, 0.   , 0.   , 0.   , 0.   , 0.   , 0.   , 0.   , 0.   , 0.   , 0.   , 0.   , 0.   , 0.   , 0.   , 0.   , 0.999, 0.   ]), array([0.   , 0.   , 0.   , 0.   , 0.   , 0.   , 0.461, 0.   , 0.   , 0.539, 0.   , 0.   , 0.   , 0.   , 0.   , 0.   , 0.   , 0.   ]))]
Frame: 12750000, Avg. RL Loss: 0.003, Avg. Q value: 0.251, Avg. Length: 3086.9, P0 Avg. Reward: 16.538, P1 Avg. Reward: -16.538
Q table: 
 [[0.245 0.226 0.243 ... 0.239 0.229 0.237]
 [0.229 0.236 0.245 ... 0.214 0.243 0.246]
 [0.249 0.228 0.236 ... 0.24  0.246 0.221]
 ...
 [0.243 0.247 0.229 ... 0.242 0.241 0.224]
 [0.255 0.254 0.256 ... 0.257 0.254 0.254]
 [0.221 0.223 0.246 ... 0.232 0.229 0.243]]
Nash policies:  [(array([0., 0., 0., 0., 0., 0., 0., 0., 0., 0., 0., 0., 0., 0., 0., 0., 1., 0.]), array([0., 0., 0., 0., 0., 0., 0., 0., 1., 0., 0., 0., 0., 0., 0., 0., 0., 0.]))]
Frame: 13000000, Avg. RL Loss: 0.003, Avg. Q value: 0.246, Avg. Length: 2988.5, P0 Avg. Reward: 9.165, P1 Avg. Reward: -9.165
Q table: 
 [[0.245 0.227 0.242 ... 0.24  0.231 0.24 ]
 [0.235 0.24  0.241 ... 0.251 0.242 0.242]
 [0.248 0.229 0.237 ... 0.24  0.245 0.223]
 ...
 [0.243 0.243 0.231 ... 0.242 0.241 0.225]
 [0.258 0.253 0.255 ... 0.248 0.254 0.254]
 [0.227 0.227 0.241 ... 0.234 0.23  0.242]]
Nash policies:  [(array([0.   , 0.196, 0.   , 0.   , 0.   , 0.   , 0.   , 0.   , 0.   , 0.   , 0.   , 0.   , 0.   , 0.   , 0.   , 0.   , 0.804, 0.   ]), array([0.   , 0.   , 0.   , 0.   , 0.   , 0.   , 0.   , 0.   , 0.204, 0.   , 0.   , 0.   , 0.   , 0.   , 0.   , 0.796, 0.   , 0.   ]))]
Frame: 13250000, Avg. RL Loss: 0.003, Avg. Q value: 0.254, Avg. Length: 2913.0, P0 Avg. Reward: 16.647, P1 Avg. Reward: -16.647
Q table: 
 [[0.245 0.229 0.25  ... 0.242 0.236 0.245]
 [0.24  0.259 0.248 ... 0.255 0.257 0.252]
 [0.248 0.231 0.239 ... 0.245 0.25  0.227]
 ...
 [0.244 0.25  0.234 ... 0.247 0.25  0.227]
 [0.258 0.258 0.257 ... 0.257 0.259 0.26 ]
 [0.233 0.234 0.246 ... 0.24  0.233 0.245]]
Nash policies:  [(array([0., 0., 0., 0., 0., 0., 0., 0., 0., 0., 0., 0., 0., 0., 0., 0., 1., 0.]), array([0., 0., 0., 0., 0., 0., 0., 0., 0., 0., 0., 0., 0., 0., 0., 1., 0., 0.]))]
Frame: 13500000, Avg. RL Loss: 0.003, Avg. Q value: 0.253, Avg. Length: 3325.1, P0 Avg. Reward: 13.413, P1 Avg. Reward: -13.413
Q table: 
 [[0.246 0.231 0.249 ... 0.25  0.239 0.248]
 [0.245 0.259 0.253 ... 0.255 0.258 0.252]
 [0.25  0.233 0.241 ... 0.247 0.251 0.23 ]
 ...
 [0.245 0.249 0.24  ... 0.249 0.251 0.229]
 [0.258 0.258 0.257 ... 0.258 0.26  0.261]
 [0.238 0.24  0.243 ... 0.244 0.238 0.247]]
Nash policies:  [(array([0.   , 0.   , 0.   , 0.   , 0.   , 0.   , 0.   , 0.   , 0.   , 0.   , 0.   , 0.   , 0.   , 0.   , 0.028, 0.   , 0.972, 0.   ]), array([0.   , 0.   , 0.   , 0.   , 0.   , 0.   , 0.   , 0.   , 0.   , 0.   , 0.   , 0.   , 0.679, 0.   , 0.321, 0.   , 0.   , 0.   ]))]
Frame: 13750000, Avg. RL Loss: 0.003, Avg. Q value: 0.262, Avg. Length: 2913.0, P0 Avg. Reward: 18.000, P1 Avg. Reward: -18.000
Q table: 
 [[0.248 0.233 0.257 ... 0.25  0.246 0.251]
 [0.25  0.259 0.261 ... 0.255 0.258 0.252]
 [0.252 0.235 0.244 ... 0.254 0.26  0.233]
 ...
 [0.247 0.256 0.245 ... 0.255 0.256 0.231]
 [0.264 0.268 0.266 ... 0.264 0.266 0.27 ]
 [0.242 0.248 0.243 ... 0.247 0.242 0.254]]
Nash policies:  [(array([0., 0., 0., 0., 0., 0., 0., 0., 0., 0., 0., 0., 0., 0., 0., 0., 1., 0.]), array([0., 0., 0., 0., 0., 0., 0., 0., 0., 0., 0., 0., 0., 0., 0., 1., 0., 0.]))]
Frame: 14000000, Avg. RL Loss: 0.003, Avg. Q value: 0.263, Avg. Length: 3109.1, P0 Avg. Reward: 17.725, P1 Avg. Reward: -17.725
Q table: 
 [[0.248 0.236 0.261 ... 0.25  0.25  0.259]
 [0.268 0.259 0.262 ... 0.269 0.269 0.253]
 [0.253 0.237 0.251 ... 0.259 0.259 0.239]
 ...
 [0.249 0.259 0.251 ... 0.257 0.26  0.233]
 [0.271 0.268 0.268 ... 0.267 0.269 0.27 ]
 [0.248 0.252 0.244 ... 0.252 0.245 0.258]]
Nash policies:  [(array([0., 0., 0., 0., 0., 0., 0., 0., 0., 0., 0., 0., 0., 0., 0., 0., 1., 0.]), array([0., 0., 0., 0., 0., 0., 0., 0., 0., 0., 0., 0., 1., 0., 0., 0., 0., 0.]))]
Frame: 14250000, Avg. RL Loss: 0.003, Avg. Q value: 0.272, Avg. Length: 2913.0, P0 Avg. Reward: 17.644, P1 Avg. Reward: -17.644
Q table: 
 [[0.251 0.244 0.267 ... 0.251 0.259 0.266]
 [0.269 0.259 0.266 ... 0.268 0.268 0.253]
 [0.257 0.241 0.254 ... 0.264 0.268 0.24 ]
 ...
 [0.253 0.267 0.257 ... 0.267 0.267 0.236]
 [0.276 0.277 0.277 ... 0.274 0.275 0.278]
 [0.249 0.256 0.245 ... 0.254 0.252 0.265]]
Nash policies:  [(array([0., 0., 0., 0., 0., 0., 0., 0., 0., 0., 0., 0., 0., 0., 0., 0., 1., 0.]), array([0., 0., 0., 0., 0., 0., 1., 0., 0., 0., 0., 0., 0., 0., 0., 0., 0., 0.]))]
Frame: 14500000, Avg. RL Loss: 0.003, Avg. Q value: 0.279, Avg. Length: 2913.0, P0 Avg. Reward: 19.165, P1 Avg. Reward: -19.165
Q table: 
 [[0.259 0.254 0.276 ... 0.252 0.263 0.269]
 [0.269 0.26  0.277 ... 0.268 0.268 0.256]
 [0.263 0.248 0.261 ... 0.271 0.274 0.243]
 ...
 [0.26  0.276 0.265 ... 0.274 0.273 0.244]
 [0.281 0.282 0.282 ... 0.284 0.283 0.285]
 [0.251 0.263 0.245 ... 0.258 0.257 0.269]]
Nash policies:  [(array([0., 0., 0., 0., 0., 0., 0., 0., 0., 0., 0., 0., 0., 0., 0., 0., 1., 0.]), array([0., 0., 0., 0., 0., 0., 0., 0., 0., 0., 1., 0., 0., 0., 0., 0., 0., 0.]))]
Frame: 14750000, Avg. RL Loss: 0.003, Avg. Q value: 0.279, Avg. Length: 3274.4, P0 Avg. Reward: 17.453, P1 Avg. Reward: -17.453
Q table: 
 [[0.261 0.258 0.275 ... 0.256 0.269 0.273]
 [0.269 0.261 0.276 ... 0.268 0.268 0.257]
 [0.281 0.276 0.273 ... 0.274 0.276 0.271]
 ...
 [0.265 0.277 0.269 ... 0.274 0.276 0.25 ]
 [0.282 0.285 0.282 ... 0.285 0.283 0.285]
 [0.254 0.269 0.248 ... 0.265 0.265 0.273]]
Nash policies:  [(array([0., 0., 0., 0., 0., 0., 0., 0., 0., 0., 0., 0., 0., 0., 0., 0., 1., 0.]), array([1., 0., 0., 0., 0., 0., 0., 0., 0., 0., 0., 0., 0., 0., 0., 0., 0., 0.]))]
Frame: 15000000, Avg. RL Loss: 0.003, Avg. Q value: 0.286, Avg. Length: 2913.0, P0 Avg. Reward: 18.600, P1 Avg. Reward: -18.600
Q table: 
 [[0.268 0.263 0.281 ... 0.261 0.278 0.28 ]
 [0.27  0.262 0.281 ... 0.269 0.268 0.261]
 [0.283 0.276 0.278 ... 0.28  0.283 0.271]
 ...
 [0.272 0.283 0.274 ... 0.283 0.282 0.252]
 [0.287 0.289 0.288 ... 0.291 0.29  0.291]
 [0.258 0.276 0.253 ... 0.276 0.276 0.279]]
Nash policies:  [(array([0., 0., 0., 0., 0., 0., 0., 0., 0., 0., 0., 0., 0., 0., 0., 0., 1., 0.]), array([0., 0., 0., 0., 0., 0., 1., 0., 0., 0., 0., 0., 0., 0., 0., 0., 0., 0.]))]
Frame: 15250000, Avg. RL Loss: 0.003, Avg. Q value: 0.293, Avg. Length: 2913.0, P0 Avg. Reward: 19.824, P1 Avg. Reward: -19.824
Q table: 
 [[0.275 0.269 0.29  ... 0.263 0.282 0.286]
 [0.27  0.263 0.286 ... 0.269 0.269 0.262]
 [0.283 0.277 0.279 ... 0.289 0.283 0.272]
 ...
 [0.28  0.294 0.282 ... 0.289 0.29  0.265]
 [0.296 0.294 0.295 ... 0.297 0.295 0.297]
 [0.261 0.28  0.255 ... 0.28  0.284 0.285]]
Nash policies:  [(array([0., 0., 0., 0., 0., 0., 0., 0., 0., 0., 0., 0., 0., 0., 0., 0., 1., 0.]), array([0., 0., 0., 0., 0., 0., 0., 0., 0., 0., 0., 0., 0., 1., 0., 0., 0., 0.]))]
Frame: 15500000, Avg. RL Loss: 0.003, Avg. Q value: 0.290, Avg. Length: 2947.5, P0 Avg. Reward: 13.906, P1 Avg. Reward: -13.906
Q table: 
 [[0.278 0.274 0.287 ... 0.265 0.286 0.286]
 [0.271 0.266 0.283 ... 0.269 0.269 0.264]
 [0.283 0.277 0.279 ... 0.287 0.284 0.272]
 ...
 [0.283 0.282 0.283 ... 0.285 0.286 0.268]
 [0.296 0.294 0.296 ... 0.298 0.295 0.297]
 [0.265 0.285 0.262 ... 0.284 0.285 0.286]]
Nash policies:  [(array([0., 0., 0., 0., 0., 0., 0., 0., 0., 0., 0., 0., 0., 0., 0., 0., 1., 0.]), array([0., 0., 0., 0., 0., 0., 0., 1., 0., 0., 0., 0., 0., 0., 0., 0., 0., 0.]))]
Frame: 15750000, Avg. RL Loss: 0.003, Avg. Q value: 0.289, Avg. Length: 3256.4, P0 Avg. Reward: 15.725, P1 Avg. Reward: -15.725
Q table: 
 [[0.28  0.279 0.285 ... 0.267 0.286 0.285]
 [0.272 0.266 0.286 ... 0.27  0.27  0.265]
 [0.283 0.278 0.279 ... 0.286 0.284 0.279]
 ...
 [0.283 0.282 0.282 ... 0.284 0.285 0.271]
 [0.296 0.293 0.293 ... 0.297 0.295 0.298]
 [0.268 0.286 0.266 ... 0.284 0.285 0.286]]
Nash policies:  [(array([0.   , 0.   , 0.   , 0.   , 0.   , 0.   , 0.   , 0.   , 0.065, 0.   , 0.   , 0.   , 0.   , 0.   , 0.   , 0.   , 0.935, 0.   ]), array([0.   , 0.   , 0.   , 0.013, 0.   , 0.   , 0.   , 0.   , 0.987, 0.   , 0.   , 0.   , 0.   , 0.   , 0.   , 0.   , 0.   , 0.   ]))]
Frame: 16000000, Avg. RL Loss: 0.003, Avg. Q value: 0.296, Avg. Length: 3088.6, P0 Avg. Reward: 17.575, P1 Avg. Reward: -17.575
Q table: 
 [[0.287 0.284 0.29  ... 0.27  0.289 0.287]
 [0.274 0.269 0.293 ... 0.271 0.271 0.275]
 [0.283 0.279 0.281 ... 0.289 0.284 0.28 ]
 ...
 [0.287 0.282 0.289 ... 0.291 0.289 0.278]
 [0.296 0.298 0.301 ... 0.294 0.297 0.298]
 [0.276 0.289 0.273 ... 0.286 0.289 0.291]]
Nash policies:  [(array([0.   , 0.   , 0.   , 0.   , 0.   , 0.   , 0.043, 0.   , 0.   , 0.   , 0.   , 0.   , 0.   , 0.   , 0.   , 0.   , 0.957, 0.   ]), array([0.   , 0.   , 0.   , 0.   , 0.   , 0.   , 0.   , 0.   , 0.   , 0.   , 0.   , 0.   , 0.   , 0.   , 0.681, 0.319, 0.   , 0.   ]))]
Frame: 16250000, Avg. RL Loss: 0.003, Avg. Q value: 0.296, Avg. Length: 3153.0, P0 Avg. Reward: 18.362, P1 Avg. Reward: -18.362
Q table: 
 [[0.29  0.289 0.292 ... 0.276 0.293 0.291]
 [0.274 0.274 0.294 ... 0.272 0.273 0.28 ]
 [0.284 0.28  0.282 ... 0.292 0.286 0.281]
 ...
 [0.289 0.282 0.292 ... 0.294 0.294 0.286]
 [0.299 0.299 0.301 ... 0.303 0.3   0.3  ]
 [0.278 0.294 0.276 ... 0.293 0.292 0.293]]
Nash policies:  [(array([0.   , 0.   , 0.   , 0.   , 0.   , 0.   , 0.   , 0.   , 0.   , 0.   , 0.   , 0.   , 0.152, 0.   , 0.   , 0.   , 0.848, 0.   ]), array([0.  , 0.  , 0.  , 0.  , 0.  , 0.  , 0.49, 0.  , 0.  , 0.  , 0.51, 0.  , 0.  , 0.  , 0.  , 0.  , 0.  , 0.  ]))]
Frame: 16500000, Avg. RL Loss: 0.003, Avg. Q value: 0.305, Avg. Length: 2913.0, P0 Avg. Reward: 20.024, P1 Avg. Reward: -20.024
Q table: 
 [[0.297 0.295 0.29  ... 0.284 0.299 0.3  ]
 [0.282 0.285 0.303 ... 0.274 0.275 0.285]
 [0.285 0.283 0.287 ... 0.298 0.288 0.281]
 ...
 [0.3   0.282 0.301 ... 0.299 0.302 0.291]
 [0.308 0.307 0.309 ... 0.311 0.31  0.309]
 [0.281 0.302 0.282 ... 0.3   0.299 0.301]]
Nash policies:  [(array([0., 0., 0., 0., 0., 0., 0., 0., 0., 0., 0., 0., 0., 0., 0., 0., 1., 0.]), array([0., 0., 0., 1., 0., 0., 0., 0., 0., 0., 0., 0., 0., 0., 0., 0., 0., 0.]))]
Frame: 16750000, Avg. RL Loss: 0.003, Avg. Q value: 0.308, Avg. Length: 2945.9, P0 Avg. Reward: 12.588, P1 Avg. Reward: -12.588
Q table: 
 [[0.301 0.299 0.291 ... 0.291 0.303 0.303]
 [0.286 0.29  0.304 ... 0.277 0.276 0.293]
 [0.286 0.284 0.289 ... 0.303 0.291 0.282]
 ...
 [0.303 0.283 0.303 ... 0.304 0.303 0.296]
 [0.31  0.308 0.312 ... 0.311 0.312 0.312]
 [0.29  0.303 0.288 ... 0.303 0.304 0.303]]
Nash policies:  [(array([0.   , 0.   , 0.   , 0.   , 0.   , 0.   , 0.   , 0.   , 0.   , 0.   , 0.   , 0.   , 0.179, 0.   , 0.   , 0.   , 0.821, 0.   ]), array([0.   , 0.   , 0.   , 0.   , 0.   , 0.   , 0.   , 0.   , 0.   , 0.   , 0.654, 0.   , 0.   , 0.346, 0.   , 0.   , 0.   , 0.   ]))]
Frame: 17000000, Avg. RL Loss: 0.003, Avg. Q value: 0.306, Avg. Length: 2974.1, P0 Avg. Reward: 9.318, P1 Avg. Reward: -9.318
Q table: 
 [[0.303 0.302 0.291 ... 0.298 0.303 0.303]
 [0.29  0.294 0.303 ... 0.283 0.282 0.298]
 [0.287 0.288 0.293 ... 0.303 0.297 0.283]
 ...
 [0.303 0.283 0.303 ... 0.31  0.303 0.299]
 [0.31  0.312 0.312 ... 0.311 0.312 0.308]
 [0.293 0.303 0.292 ... 0.311 0.303 0.303]]
Nash policies:  [(array([0.101, 0.   , 0.   , 0.   , 0.   , 0.   , 0.   , 0.   , 0.   , 0.   , 0.   , 0.   , 0.375, 0.   , 0.   , 0.   , 0.524, 0.   ]), array([0.   , 0.   , 0.   , 0.   , 0.   , 0.023, 0.   , 0.   , 0.   , 0.   , 0.433, 0.   , 0.   , 0.544, 0.   , 0.   , 0.   , 0.   ]))]
Frame: 17250000, Avg. RL Loss: 0.003, Avg. Q value: 0.298, Avg. Length: 3056.3, P0 Avg. Reward: 5.412, P1 Avg. Reward: -5.412
Q table: 
 [[0.295 0.296 0.293 ... 0.297 0.286 0.295]
 [0.291 0.299 0.296 ... 0.284 0.285 0.298]
 [0.288 0.289 0.291 ... 0.292 0.296 0.283]
 ...
 [0.298 0.284 0.293 ... 0.31  0.294 0.296]
 [0.307 0.312 0.305 ... 0.31  0.308 0.308]
 [0.293 0.297 0.293 ... 0.31  0.292 0.297]]
Nash policies:  [(array([0.   , 0.   , 0.   , 0.   , 0.   , 0.   , 0.   , 0.   , 0.   , 0.539, 0.   , 0.   , 0.   , 0.   , 0.   , 0.   , 0.461, 0.   ]), array([0.141, 0.   , 0.   , 0.   , 0.   , 0.   , 0.   , 0.   , 0.   , 0.   , 0.   , 0.   , 0.   , 0.859, 0.   , 0.   , 0.   , 0.   ]))]
Frame: 17500000, Avg. RL Loss: 0.003, Avg. Q value: 0.302, Avg. Length: 3022.4, P0 Avg. Reward: 14.800, P1 Avg. Reward: -14.800
Q table: 
 [[0.301 0.298 0.293 ... 0.297 0.286 0.301]
 [0.294 0.299 0.298 ... 0.285 0.287 0.303]
 [0.294 0.292 0.291 ... 0.3   0.298 0.286]
 ...
 [0.299 0.284 0.299 ... 0.309 0.302 0.297]
 [0.31  0.312 0.31  ... 0.31  0.309 0.307]
 [0.296 0.298 0.296 ... 0.309 0.302 0.297]]
Nash policies:  [(array([0., 0., 0., 0., 0., 0., 0., 0., 0., 0., 0., 0., 0., 0., 0., 0., 1., 0.]), array([0., 0., 0., 0., 0., 0., 0., 0., 0., 0., 1., 0., 0., 0., 0., 0., 0., 0.]))]
Frame: 17750000, Avg. RL Loss: 0.003, Avg. Q value: 0.310, Avg. Length: 3136.2, P0 Avg. Reward: 15.662, P1 Avg. Reward: -15.662
Q table: 
 [[0.305 0.304 0.293 ... 0.303 0.287 0.305]
 [0.298 0.299 0.303 ... 0.286 0.288 0.303]
 [0.295 0.298 0.293 ... 0.304 0.303 0.288]
 ...
 [0.306 0.285 0.302 ... 0.309 0.304 0.301]
 [0.307 0.305 0.304 ... 0.315 0.313 0.314]
 [0.302 0.305 0.3   ... 0.309 0.306 0.298]]
Nash policies:  [(array([0.   , 0.   , 0.   , 0.   , 0.128, 0.   , 0.   , 0.   , 0.   , 0.   , 0.   , 0.   , 0.   , 0.   , 0.   , 0.   , 0.872, 0.   ]), array([0.   , 0.585, 0.415, 0.   , 0.   , 0.   , 0.   , 0.   , 0.   , 0.   , 0.   , 0.   , 0.   , 0.   , 0.   , 0.   , 0.   , 0.   ]))]
Frame: 18000000, Avg. RL Loss: 0.003, Avg. Q value: 0.301, Avg. Length: 3540.9, P0 Avg. Reward: 13.486, P1 Avg. Reward: -13.486
Q table: 
 [[0.3   0.301 0.293 ... 0.301 0.287 0.301]
 [0.299 0.299 0.297 ... 0.288 0.291 0.303]
 [0.295 0.297 0.294 ... 0.315 0.299 0.29 ]
 ...
 [0.299 0.291 0.299 ... 0.308 0.299 0.297]
 [0.306 0.301 0.299 ... 0.315 0.31  0.314]
 [0.301 0.299 0.296 ... 0.308 0.3   0.298]]
Nash policies:  [(array([0.   , 0.   , 0.   , 0.   , 0.   , 0.   , 0.   , 0.   , 0.   , 0.241, 0.   , 0.   , 0.486, 0.   , 0.   , 0.   , 0.272, 0.   ]), array([0.   , 0.31 , 0.214, 0.   , 0.   , 0.   , 0.   , 0.   , 0.   , 0.   , 0.476, 0.   , 0.   , 0.   , 0.   , 0.   , 0.   , 0.   ]))]
Frame: 18250000, Avg. RL Loss: 0.003, Avg. Q value: 0.308, Avg. Length: 2934.3, P0 Avg. Reward: 14.306, P1 Avg. Reward: -14.306
Q table: 
 [[0.304 0.305 0.295 ... 0.304 0.289 0.304]
 [0.303 0.302 0.304 ... 0.289 0.293 0.303]
 [0.296 0.302 0.295 ... 0.315 0.303 0.292]
 ...
 [0.305 0.292 0.305 ... 0.307 0.304 0.302]
 [0.311 0.308 0.31  ... 0.314 0.312 0.313]
 [0.304 0.304 0.3   ... 0.308 0.304 0.299]]
Nash policies:  [(array([0.  , 0.  , 0.  , 0.  , 0.  , 0.  , 0.  , 0.  , 0.  , 0.  , 0.  , 0.  , 0.33, 0.  , 0.  , 0.  , 0.67, 0.  ]), array([0.   , 0.   , 0.   , 0.   , 0.   , 0.   , 0.   , 0.   , 0.   , 0.   , 0.   , 0.   , 0.091, 0.909, 0.   , 0.   , 0.   , 0.   ]))]
Frame: 18500000, Avg. RL Loss: 0.003, Avg. Q value: 0.312, Avg. Length: 2967.9, P0 Avg. Reward: 14.341, P1 Avg. Reward: -14.341
Q table: 
 [[0.309 0.307 0.3   ... 0.308 0.29  0.309]
 [0.307 0.304 0.309 ... 0.291 0.3   0.303]
 [0.296 0.305 0.298 ... 0.315 0.306 0.298]
 ...
 [0.308 0.293 0.308 ... 0.307 0.308 0.308]
 [0.315 0.312 0.311 ... 0.315 0.312 0.311]
 [0.308 0.309 0.307 ... 0.308 0.31  0.299]]
Nash policies:  [(array([0.   , 0.   , 0.   , 0.   , 0.   , 0.   , 0.   , 0.   , 0.   , 0.   , 0.   , 0.   , 0.734, 0.   , 0.   , 0.   , 0.266, 0.   ]), array([0.   , 0.287, 0.   , 0.   , 0.   , 0.   , 0.   , 0.   , 0.   , 0.713, 0.   , 0.   , 0.   , 0.   , 0.   , 0.   , 0.   , 0.   ]))]
Frame: 18750000, Avg. RL Loss: 0.003, Avg. Q value: 0.315, Avg. Length: 2913.2, P0 Avg. Reward: 14.541, P1 Avg. Reward: -14.541
Q table: 
 [[0.31  0.309 0.301 ... 0.309 0.294 0.31 ]
 [0.31  0.304 0.309 ... 0.292 0.302 0.304]
 [0.297 0.308 0.3   ... 0.314 0.308 0.302]
 ...
 [0.309 0.293 0.31  ... 0.308 0.309 0.312]
 [0.319 0.317 0.311 ... 0.317 0.315 0.315]
 [0.31  0.31  0.31  ... 0.309 0.311 0.303]]
Nash policies:  [(array([0.   , 0.   , 0.   , 0.   , 0.   , 0.   , 0.   , 0.   , 0.   , 0.   , 0.   , 0.   , 0.395, 0.   , 0.   , 0.   , 0.605, 0.   ]), array([0.   , 0.   , 0.193, 0.   , 0.   , 0.   , 0.   , 0.   , 0.   , 0.   , 0.807, 0.   , 0.   , 0.   , 0.   , 0.   , 0.   , 0.   ]))]
Frame: 19000000, Avg. RL Loss: 0.003, Avg. Q value: 0.316, Avg. Length: 3015.8, P0 Avg. Reward: 15.712, P1 Avg. Reward: -15.712
Q table: 
 [[0.313 0.313 0.304 ... 0.315 0.296 0.312]
 [0.313 0.304 0.31  ... 0.297 0.309 0.305]
 [0.3   0.309 0.3   ... 0.314 0.312 0.305]
 ...
 [0.312 0.296 0.313 ... 0.308 0.312 0.312]
 [0.319 0.317 0.321 ... 0.32  0.319 0.319]
 [0.323 0.314 0.314 ... 0.309 0.313 0.299]]
Nash policies:  [(array([0.   , 0.   , 0.   , 0.   , 0.   , 0.   , 0.   , 0.   , 0.   , 0.   , 0.   , 0.   , 0.347, 0.   , 0.   , 0.   , 0.653, 0.   ]), array([0.   , 0.283, 0.   , 0.   , 0.   , 0.   , 0.   , 0.   , 0.   , 0.717, 0.   , 0.   , 0.   , 0.   , 0.   , 0.   , 0.   , 0.   ]))]
Frame: 19250000, Avg. RL Loss: 0.003, Avg. Q value: 0.321, Avg. Length: 2913.1, P0 Avg. Reward: 16.518, P1 Avg. Reward: -16.518
Q table: 
 [[0.317 0.316 0.308 ... 0.315 0.298 0.318]
 [0.316 0.305 0.317 ... 0.3   0.31  0.307]
 [0.302 0.311 0.305 ... 0.314 0.317 0.309]
 ...
 [0.316 0.298 0.318 ... 0.31  0.318 0.317]
 [0.322 0.322 0.323 ... 0.323 0.325 0.324]
 [0.322 0.317 0.317 ... 0.311 0.317 0.301]]
Nash policies:  [(array([0., 0., 0., 0., 0., 0., 0., 0., 0., 0., 0., 0., 0., 0., 0., 0., 1., 0.]), array([0., 1., 0., 0., 0., 0., 0., 0., 0., 0., 0., 0., 0., 0., 0., 0., 0., 0.]))]
Frame: 19500000, Avg. RL Loss: 0.003, Avg. Q value: 0.323, Avg. Length: 3214.0, P0 Avg. Reward: 16.450, P1 Avg. Reward: -16.450
Q table: 
 [[0.32  0.32  0.316 ... 0.316 0.303 0.319]
 [0.319 0.306 0.319 ... 0.308 0.311 0.309]
 [0.306 0.317 0.309 ... 0.315 0.319 0.312]
 ...
 [0.32  0.301 0.32  ... 0.312 0.32  0.319]
 [0.324 0.326 0.324 ... 0.326 0.328 0.326]
 [0.325 0.32  0.32  ... 0.313 0.32  0.302]]
Nash policies:  [(array([0.   , 0.   , 0.   , 0.   , 0.   , 0.   , 0.   , 0.   , 0.   , 0.   , 0.   , 0.   , 0.795, 0.   , 0.   , 0.   , 0.205, 0.   ]), array([0.   , 0.   , 0.   , 0.   , 0.   , 0.   , 0.   , 0.   , 0.   , 0.297, 0.   , 0.703, 0.   , 0.   , 0.   , 0.   , 0.   , 0.   ]))]
Frame: 19750000, Avg. RL Loss: 0.003, Avg. Q value: 0.328, Avg. Length: 2913.0, P0 Avg. Reward: 17.918, P1 Avg. Reward: -17.918
Q table: 
 [[0.325 0.325 0.321 ... 0.316 0.31  0.326]
 [0.328 0.308 0.324 ... 0.311 0.312 0.312]
 [0.31  0.324 0.317 ... 0.316 0.322 0.317]
 ...
 [0.326 0.306 0.325 ... 0.315 0.326 0.323]
 [0.324 0.329 0.324 ... 0.327 0.33  0.33 ]
 [0.325 0.325 0.323 ... 0.318 0.326 0.303]]
Nash policies:  [(array([0., 0., 0., 0., 0., 0., 0., 0., 0., 0., 0., 0., 1., 0., 0., 0., 0., 0.]), array([0., 0., 0., 0., 0., 0., 0., 0., 0., 0., 0., 1., 0., 0., 0., 0., 0., 0.]))]
Frame: 20000000, Avg. RL Loss: 0.003, Avg. Q value: 0.326, Avg. Length: 3226.8, P0 Avg. Reward: 10.950, P1 Avg. Reward: -10.950
Q table: 
 [[0.322 0.324 0.328 ... 0.317 0.312 0.32 ]
 [0.327 0.31  0.318 ... 0.316 0.313 0.318]
 [0.312 0.323 0.319 ... 0.317 0.321 0.32 ]
 ...
 [0.318 0.307 0.319 ... 0.318 0.325 0.319]
 [0.321 0.329 0.317 ... 0.327 0.33  0.33 ]
 [0.324 0.318 0.315 ... 0.32  0.329 0.305]]
Nash policies:  [(array([0.285, 0.   , 0.   , 0.   , 0.   , 0.   , 0.   , 0.   , 0.   , 0.   , 0.   , 0.   , 0.   , 0.   , 0.   , 0.   , 0.715, 0.   ]), array([0.   , 0.   , 0.358, 0.   , 0.   , 0.   , 0.   , 0.   , 0.   , 0.   , 0.   , 0.   , 0.   , 0.642, 0.   , 0.   , 0.   , 0.   ]))]
Frame: 20250000, Avg. RL Loss: 0.003, Avg. Q value: 0.317, Avg. Length: 3029.0, P0 Avg. Reward: 9.688, P1 Avg. Reward: -9.688
Q table: 
 [[0.317 0.317 0.319 ... 0.316 0.313 0.314]
 [0.327 0.311 0.31  ... 0.315 0.313 0.316]
 [0.312 0.317 0.321 ... 0.316 0.315 0.316]
 ...
 [0.315 0.308 0.317 ... 0.316 0.315 0.317]
 [0.323 0.328 0.326 ... 0.326 0.33  0.33 ]
 [0.324 0.313 0.315 ... 0.317 0.328 0.306]]
Nash policies:  [(array([0.   , 0.   , 0.   , 0.   , 0.   , 0.   , 0.   , 0.   , 0.   , 0.   , 0.   , 0.   , 0.104, 0.   , 0.   , 0.   , 0.896, 0.   ]), array([0.454, 0.   , 0.   , 0.   , 0.   , 0.   , 0.   , 0.   , 0.   , 0.   , 0.   , 0.   , 0.   , 0.546, 0.   , 0.   , 0.   , 0.   ]))]
Frame: 20500000, Avg. RL Loss: 0.003, Avg. Q value: 0.327, Avg. Length: 2976.1, P0 Avg. Reward: 15.529, P1 Avg. Reward: -15.529
Q table: 
 [[0.316 0.318 0.32  ... 0.317 0.317 0.321]
 [0.317 0.316 0.31  ... 0.318 0.316 0.32 ]
 [0.313 0.321 0.321 ... 0.318 0.319 0.32 ]
 ...
 [0.315 0.31  0.324 ... 0.319 0.323 0.323]
 [0.316 0.325 0.33  ... 0.333 0.33  0.33 ]
 [0.318 0.321 0.316 ... 0.32  0.328 0.308]]
Nash policies:  [(array([0.  , 0.  , 0.  , 0.  , 0.  , 0.  , 0.47, 0.  , 0.  , 0.  , 0.  , 0.  , 0.53, 0.  , 0.  , 0.  , 0.  , 0.  ]), array([0.873, 0.   , 0.   , 0.   , 0.   , 0.   , 0.   , 0.   , 0.   , 0.   , 0.   , 0.   , 0.   , 0.127, 0.   , 0.   , 0.   , 0.   ]))]
Frame: 20750000, Avg. RL Loss: 0.003, Avg. Q value: 0.324, Avg. Length: 3040.8, P0 Avg. Reward: 16.500, P1 Avg. Reward: -16.500
Q table: 
 [[0.322 0.32  0.32  ... 0.322 0.319 0.324]
 [0.316 0.318 0.311 ... 0.322 0.316 0.32 ]
 [0.318 0.323 0.321 ... 0.318 0.325 0.322]
 ...
 [0.328 0.327 0.329 ... 0.322 0.327 0.323]
 [0.332 0.332 0.331 ... 0.334 0.33  0.329]
 [0.326 0.324 0.316 ... 0.32  0.328 0.312]]
Nash policies:  [(array([0.   , 0.   , 0.   , 0.   , 0.   , 0.   , 0.   , 0.   , 0.   , 0.   , 0.   , 0.   , 0.188, 0.   , 0.   , 0.   , 0.812, 0.   ]), array([0.   , 0.   , 0.   , 0.674, 0.   , 0.   , 0.   , 0.   , 0.326, 0.   , 0.   , 0.   , 0.   , 0.   , 0.   , 0.   , 0.   , 0.   ]))]
Frame: 21000000, Avg. RL Loss: 0.003, Avg. Q value: 0.335, Avg. Length: 2913.1, P0 Avg. Reward: 18.133, P1 Avg. Reward: -18.133
Q table: 
 [[0.322 0.321 0.321 ... 0.323 0.324 0.328]
 [0.316 0.321 0.312 ... 0.332 0.321 0.327]
 [0.325 0.331 0.328 ... 0.321 0.331 0.33 ]
 ...
 [0.328 0.329 0.329 ... 0.33  0.328 0.332]
 [0.335 0.338 0.339 ... 0.34  0.341 0.337]
 [0.326 0.33  0.318 ... 0.328 0.328 0.317]]
Nash policies:  [(array([0., 0., 0., 0., 0., 0., 0., 0., 0., 0., 0., 0., 0., 0., 0., 0., 1., 0.]), array([1., 0., 0., 0., 0., 0., 0., 0., 0., 0., 0., 0., 0., 0., 0., 0., 0., 0.]))]
Frame: 21250000, Avg. RL Loss: 0.003, Avg. Q value: 0.334, Avg. Length: 2980.9, P0 Avg. Reward: 13.575, P1 Avg. Reward: -13.575
Q table: 
 [[0.322 0.322 0.321 ... 0.323 0.326 0.329]
 [0.317 0.323 0.313 ... 0.339 0.325 0.328]
 [0.328 0.331 0.328 ... 0.324 0.33  0.329]
 ...
 [0.328 0.329 0.329 ... 0.33  0.328 0.329]
 [0.333 0.338 0.339 ... 0.34  0.341 0.337]
 [0.326 0.329 0.318 ... 0.329 0.328 0.32 ]]
Nash policies:  [(array([0.  , 0.  , 0.  , 0.  , 0.  , 0.  , 0.  , 0.  , 0.  , 0.  , 0.  , 0.  , 0.54, 0.  , 0.  , 0.  , 0.46, 0.  ]), array([0.   , 0.   , 0.   , 0.   , 0.   , 0.   , 0.   , 0.   , 0.656, 0.   , 0.   , 0.   , 0.   , 0.344, 0.   , 0.   , 0.   , 0.   ]))]
Frame: 21500000, Avg. RL Loss: 0.003, Avg. Q value: 0.336, Avg. Length: 3164.9, P0 Avg. Reward: 17.600, P1 Avg. Reward: -17.600
Q table: 
 [[0.323 0.323 0.321 ... 0.324 0.329 0.331]
 [0.32  0.325 0.333 ... 0.336 0.335 0.329]
 [0.333 0.331 0.328 ... 0.329 0.323 0.331]
 ...
 [0.328 0.329 0.33  ... 0.33  0.328 0.33 ]
 [0.337 0.338 0.337 ... 0.34  0.337 0.339]
 [0.326 0.33  0.32  ... 0.33  0.329 0.323]]
Nash policies:  [(array([0.   , 0.   , 0.   , 0.   , 0.   , 0.   , 0.   , 0.   , 0.   , 0.   , 0.   , 0.   , 0.558, 0.   , 0.   , 0.   , 0.442, 0.   ]), array([0.   , 0.   , 0.   , 0.   , 0.   , 0.537, 0.   , 0.   , 0.   , 0.   , 0.   , 0.   , 0.   , 0.   , 0.463, 0.   , 0.   , 0.   ]))]
Frame: 21750000, Avg. RL Loss: 0.003, Avg. Q value: 0.338, Avg. Length: 2936.0, P0 Avg. Reward: 15.506, P1 Avg. Reward: -15.506
Q table: 
 [[0.323 0.324 0.321 ... 0.324 0.333 0.334]
 [0.327 0.333 0.338 ... 0.336 0.343 0.334]
 [0.333 0.335 0.328 ... 0.332 0.323 0.333]
 ...
 [0.328 0.329 0.33  ... 0.334 0.329 0.334]
 [0.337 0.34  0.341 ... 0.34  0.339 0.339]
 [0.326 0.335 0.322 ... 0.334 0.33  0.325]]
Nash policies:  [(array([0.   , 0.   , 0.   , 0.   , 0.   , 0.   , 0.   , 0.   , 0.   , 0.   , 0.   , 0.   , 0.531, 0.   , 0.   , 0.   , 0.469, 0.   ]), array([0.135, 0.865, 0.   , 0.   , 0.   , 0.   , 0.   , 0.   , 0.   , 0.   , 0.   , 0.   , 0.   , 0.   , 0.   , 0.   , 0.   , 0.   ]))]
Frame: 22000000, Avg. RL Loss: 0.003, Avg. Q value: 0.342, Avg. Length: 2979.2, P0 Avg. Reward: 17.200, P1 Avg. Reward: -17.200
Q table: 
 [[0.325 0.325 0.321 ... 0.327 0.334 0.34 ]
 [0.33  0.345 0.338 ... 0.336 0.344 0.339]
 [0.333 0.338 0.329 ... 0.336 0.323 0.336]
 ...
 [0.328 0.329 0.33  ... 0.339 0.329 0.339]
 [0.34  0.341 0.345 ... 0.34  0.344 0.341]
 [0.327 0.34  0.325 ... 0.339 0.331 0.327]]
Nash policies:  [(array([0., 0., 0., 0., 0., 0., 0., 0., 0., 0., 0., 0., 1., 0., 0., 0., 0., 0.]), array([0., 0., 0., 0., 0., 0., 1., 0., 0., 0., 0., 0., 0., 0., 0., 0., 0., 0.]))]
Frame: 22250000, Avg. RL Loss: 0.003, Avg. Q value: 0.348, Avg. Length: 2913.1, P0 Avg. Reward: 16.176, P1 Avg. Reward: -16.176
Q table: 
 [[0.328 0.328 0.322 ... 0.328 0.341 0.344]
 [0.331 0.345 0.338 ... 0.336 0.345 0.342]
 [0.335 0.344 0.33  ... 0.342 0.324 0.343]
 ...
 [0.329 0.33  0.33  ... 0.343 0.331 0.344]
 [0.34  0.342 0.348 ... 0.34  0.345 0.341]
 [0.327 0.344 0.327 ... 0.344 0.333 0.336]]
Nash policies:  [(array([0., 0., 0., 0., 0., 0., 0., 0., 0., 0., 0., 0., 1., 0., 0., 0., 0., 0.]), array([0., 0., 0., 0., 0., 0., 0., 0., 0., 0., 1., 0., 0., 0., 0., 0., 0., 0.]))]
Frame: 22500000, Avg. RL Loss: 0.003, Avg. Q value: 0.350, Avg. Length: 2913.1, P0 Avg. Reward: 17.988, P1 Avg. Reward: -17.988
Q table: 
 [[0.332 0.332 0.323 ... 0.332 0.344 0.344]
 [0.332 0.345 0.338 ... 0.337 0.345 0.345]
 [0.338 0.345 0.331 ... 0.345 0.325 0.345]
 ...
 [0.329 0.331 0.339 ... 0.352 0.332 0.346]
 [0.34  0.342 0.348 ... 0.34  0.345 0.341]
 [0.328 0.346 0.336 ... 0.345 0.337 0.34 ]]
Nash policies:  [(array([0., 0., 0., 0., 0., 0., 0., 0., 0., 0., 0., 0., 1., 0., 0., 0., 0., 0.]), array([0., 0., 1., 0., 0., 0., 0., 0., 0., 0., 0., 0., 0., 0., 0., 0., 0., 0.]))]
Frame: 22750000, Avg. RL Loss: 0.003, Avg. Q value: 0.355, Avg. Length: 2913.0, P0 Avg. Reward: 19.988, P1 Avg. Reward: -19.988
Q table: 
 [[0.337 0.337 0.325 ... 0.335 0.351 0.355]
 [0.333 0.345 0.339 ... 0.338 0.345 0.351]
 [0.339 0.352 0.333 ... 0.349 0.327 0.352]
 ...
 [0.33  0.333 0.339 ... 0.352 0.334 0.352]
 [0.34  0.342 0.348 ... 0.34  0.345 0.341]
 [0.328 0.352 0.336 ... 0.352 0.34  0.348]]
Nash policies:  [(array([0., 0., 0., 0., 0., 0., 0., 0., 0., 0., 0., 0., 1., 0., 0., 0., 0., 0.]), array([0., 0., 1., 0., 0., 0., 0., 0., 0., 0., 0., 0., 0., 0., 0., 0., 0., 0.]))]
Frame: 23000000, Avg. RL Loss: 0.003, Avg. Q value: 0.351, Avg. Length: 3005.2, P0 Avg. Reward: 8.553, P1 Avg. Reward: -8.553
Q table: 
 [[0.339 0.341 0.33  ... 0.338 0.343 0.357]
 [0.333 0.345 0.34  ... 0.34  0.345 0.346]
 [0.34  0.34  0.335 ... 0.344 0.33  0.344]
 ...
 [0.331 0.335 0.339 ... 0.352 0.335 0.343]
 [0.34  0.342 0.348 ... 0.34  0.345 0.341]
 [0.331 0.348 0.337 ... 0.344 0.343 0.345]]
Nash policies:  [(array([0.   , 0.   , 0.   , 0.   , 0.   , 0.   , 0.   , 0.   , 0.   , 0.   , 0.606, 0.   , 0.394, 0.   , 0.   , 0.   , 0.   , 0.   ]), array([0.   , 0.877, 0.   , 0.   , 0.   , 0.   , 0.   , 0.   , 0.   , 0.   , 0.   , 0.   , 0.   , 0.   , 0.123, 0.   , 0.   , 0.   ]))]
Frame: 23250000, Avg. RL Loss: 0.003, Avg. Q value: 0.351, Avg. Length: 2946.1, P0 Avg. Reward: 12.706, P1 Avg. Reward: -12.706
Q table: 
 [[0.34  0.343 0.331 ... 0.339 0.347 0.356]
 [0.334 0.345 0.34  ... 0.342 0.345 0.347]
 [0.34  0.341 0.337 ... 0.347 0.331 0.348]
 ...
 [0.332 0.337 0.34  ... 0.352 0.338 0.348]
 [0.34  0.342 0.348 ... 0.341 0.345 0.341]
 [0.337 0.352 0.345 ... 0.346 0.345 0.346]]