                          Options
                          seed: 1122
                          batch_size: 1024
                          no_cuda: False
                          max_frames: 500000000
                          buffer_size: 100000
                          update_target: 1000
                          train_freq: 100
                          gamma: 0.99
                          eta: 0.1
                          rl_start: 10000
                          sl_start: 1000
                          num_envs: 3
                          hidden_dim: 256
                          dueling: False
                          multi_step: 1
                          cce: False
                          env: pong_v1
                          ram: True
                          negative: False
                          against_baseline: False
                          load_model: None
                          save_model: model
                          evaluate: False
                          render: False
                          evaluation_interval: 50000
                          lr: 0.0001
                          max_tag_interval: 10000
                          eps_start: 1.0
                          eps_final: 0.01
                          eps_decay: 30000
                          cuda: True
                          device: cuda:0
[Box(0, 255, (128,), uint8), Box(0, 255, (128,), uint8), Box(0, 255, (128,), uint8)] [Discrete(18), Discrete(18), Discrete(18)]
3
(128,)
(128,)
(128,)
(128,)
Frame: 150000, Avg. RL Loss: 2.980, Avg. Q value: 10.569, Avg. Length: 5377.4, P0 Avg. Reward: 4.292, P1 Avg. Reward: -4.292
Q table: 
 [[ 9.951  9.927  9.946 ... 10.007 10.067  9.96 ]
 [ 9.945  9.747  9.673 ... 10.258  9.861 10.118]
 [10.098  9.869 10.039 ... 10.075 10.141 10.229]
 ...
 [ 9.681  9.86  10.019 ...  9.564  9.963  9.649]
 [ 9.836  9.844  9.909 ...  9.969 10.116  9.889]
 [ 9.744  9.953  9.887 ...  9.97  10.179 10.13 ]]
Nash policies:  [(array([0.084, 0.   , 0.148, 0.081, 0.069, 0.   , 0.01 , 0.233, 0.   , 0.   , 0.069, 0.019, 0.068, 0.   , 0.   , 0.   , 0.   , 0.219]), array([0.232, 0.169, 0.   , 0.042, 0.092, 0.   , 0.   , 0.056, 0.062, 0.   , 0.   , 0.   , 0.056, 0.003, 0.228, 0.   , 0.   , 0.06 ]))]
Frame: 300000, Avg. RL Loss: 0.024, Avg. Q value: 7.505, Avg. Length: 5505.8, P0 Avg. Reward: 6.167, P1 Avg. Reward: -6.167
Q table: 
 [[5.596 5.729 5.725 ... 5.688 5.685 5.702]
 [5.713 5.669 5.753 ... 5.733 5.68  5.803]
 [5.723 5.759 5.761 ... 5.767 5.748 5.611]
 ...
 [5.788 5.714 5.556 ... 5.731 5.746 5.786]
 [5.787 5.761 5.703 ... 5.852 5.733 5.681]
 [5.882 5.705 5.719 ... 5.72  5.766 5.774]]
Nash policies:  [(array([0.166, 0.269, 0.087, 0.   , 0.027, 0.044, 0.05 , 0.   , 0.   , 0.   , 0.   , 0.023, 0.   , 0.   , 0.252, 0.071, 0.   , 0.011]), array([0.14 , 0.   , 0.072, 0.02 , 0.107, 0.   , 0.248, 0.   , 0.041, 0.   , 0.037, 0.   , 0.   , 0.034, 0.   , 0.   , 0.229, 0.072]))]
Frame: 450000, Avg. RL Loss: 0.012, Avg. Q value: 4.287, Avg. Length: 4824.7, P0 Avg. Reward: 11.033, P1 Avg. Reward: -11.033
Q table: 
 [[3.062 2.97  2.987 ... 3.081 3.052 3.117]
 [3.102 3.066 3.086 ... 3.064 3.117 3.099]
 [2.987 3.114 3.008 ... 3.031 3.031 2.984]
 ...
 [3.007 3.139 3.108 ... 3.145 3.055 2.981]
 [3.047 2.993 2.986 ... 3.146 2.977 3.087]
 [3.05  3.163 2.998 ... 3.07  3.044 3.059]]
Nash policies:  [(array([0.   , 0.   , 0.   , 0.   , 0.   , 0.126, 0.292, 0.176, 0.   , 0.168, 0.   , 0.   , 0.095, 0.   , 0.   , 0.   , 0.139, 0.004]), array([0.   , 0.   , 0.   , 0.33 , 0.   , 0.199, 0.221, 0.   , 0.034, 0.026, 0.007, 0.   , 0.183, 0.   , 0.   , 0.   , 0.   , 0.   ]))]
Frame: 600000, Avg. RL Loss: 0.009, Avg. Q value: 2.577, Avg. Length: 4674.3, P0 Avg. Reward: 9.273, P1 Avg. Reward: -9.273
Q table: 
 [[2.134 2.195 2.051 ... 2.084 2.036 2.097]
 [2.08  2.106 2.068 ... 2.066 2.112 2.102]
 [2.09  2.048 2.061 ... 2.071 2.12  2.123]
 ...
 [2.055 2.091 2.085 ... 2.126 2.07  2.155]
 [2.094 2.071 2.046 ... 2.11  2.068 2.103]
 [2.063 2.095 2.112 ... 2.063 2.078 2.149]]
Nash policies:  [(array([0.135, 0.035, 0.   , 0.087, 0.   , 0.082, 0.   , 0.144, 0.119, 0.   , 0.122, 0.129, 0.045, 0.   , 0.   , 0.102, 0.   , 0.   ]), array([0.333, 0.   , 0.04 , 0.   , 0.019, 0.066, 0.118, 0.   , 0.143, 0.014, 0.122, 0.   , 0.019, 0.   , 0.125, 0.   , 0.   , 0.   ]))]
Frame: 750000, Avg. RL Loss: 0.008, Avg. Q value: 1.614, Avg. Length: 4523.3, P0 Avg. Reward: 7.636, P1 Avg. Reward: -7.636
Q table: 
 [[1.395 1.491 1.45  ... 1.453 1.383 1.455]
 [1.427 1.39  1.472 ... 1.341 1.362 1.449]
 [1.484 1.404 1.473 ... 1.367 1.48  1.452]
 ...
 [1.438 1.409 1.435 ... 1.33  1.431 1.349]
 [1.409 1.495 1.449 ... 1.405 1.514 1.481]
 [1.398 1.433 1.369 ... 1.514 1.463 1.43 ]]
Nash policies:  [(array([0.27 , 0.12 , 0.   , 0.   , 0.04 , 0.   , 0.   , 0.238, 0.192, 0.   , 0.051, 0.088, 0.   , 0.   , 0.   , 0.   , 0.   , 0.   ]), array([0.102, 0.   , 0.   , 0.   , 0.387, 0.157, 0.   , 0.   , 0.07 , 0.116, 0.   , 0.   , 0.   , 0.   , 0.165, 0.   , 0.003, 0.   ]))]
Frame: 900000, Avg. RL Loss: 0.008, Avg. Q value: 1.081, Avg. Length: 4929.3, P0 Avg. Reward: 0.567, P1 Avg. Reward: -0.567
Q table: 
 [[1.061 0.993 1.107 ... 1.107 1.121 1.092]
 [1.162 1.076 1.126 ... 1.114 1.143 1.204]
 [1.092 1.176 1.114 ... 1.115 1.058 1.108]
 ...
 [1.147 1.167 1.079 ... 1.193 1.079 1.05 ]
 [1.123 1.045 1.056 ... 1.12  1.103 1.1  ]
 [1.101 1.147 1.121 ... 1.151 1.034 1.125]]
Nash policies:  [(array([0.   , 0.279, 0.   , 0.022, 0.   , 0.   , 0.077, 0.13 , 0.   , 0.   , 0.104, 0.073, 0.106, 0.   , 0.014, 0.196, 0.   , 0.   ]), array([0.   , 0.16 , 0.024, 0.141, 0.227, 0.169, 0.116, 0.008, 0.   , 0.   , 0.028, 0.   , 0.   , 0.   , 0.   , 0.   , 0.127, 0.   ]))]
Frame: 1050000, Avg. RL Loss: 0.008, Avg. Q value: 0.774, Avg. Length: 4090.5, P0 Avg. Reward: -0.615, P1 Avg. Reward: 0.615
Q table: 
 [[1.253 1.366 1.492 ... 1.272 1.246 1.436]
 [1.354 1.233 1.382 ... 1.281 1.334 1.351]
 [1.237 1.412 1.525 ... 1.485 1.373 1.376]
 ...
 [1.263 1.418 1.158 ... 1.403 1.372 1.109]
 [1.39  1.506 1.315 ... 1.216 1.455 1.387]
 [1.395 1.324 1.283 ... 1.457 1.241 1.331]]
Nash policies:  [(array([0.141, 0.   , 0.   , 0.   , 0.   , 0.   , 0.   , 0.   , 0.023, 0.089, 0.149, 0.237, 0.296, 0.   , 0.   , 0.   , 0.065, 0.   ]), array([0.073, 0.   , 0.103, 0.023, 0.422, 0.   , 0.334, 0.   , 0.   , 0.016, 0.   , 0.   , 0.   , 0.   , 0.   , 0.03 , 0.   , 0.   ]))]
Frame: 1200000, Avg. RL Loss: 0.009, Avg. Q value: 0.542, Avg. Length: 4159.2, P0 Avg. Reward: -5.222, P1 Avg. Reward: 5.222
Q table: 
 [[1.282 1.146 1.252 ... 1.236 1.11  1.301]
 [1.376 1.336 1.181 ... 1.271 1.229 1.321]
 [1.233 1.202 1.259 ... 1.267 1.354 1.198]
 ...
 [1.225 1.305 1.212 ... 1.211 1.253 1.284]
 [1.27  1.212 1.183 ... 1.251 1.251 1.302]
 [1.191 1.258 1.344 ... 1.182 1.239 1.292]]
Nash policies:  [(array([0.   , 0.   , 0.042, 0.038, 0.077, 0.   , 0.128, 0.085, 0.   , 0.   , 0.123, 0.   , 0.175, 0.01 , 0.   , 0.046, 0.149, 0.126]), array([0.   , 0.06 , 0.   , 0.187, 0.043, 0.   , 0.042, 0.023, 0.138, 0.218, 0.137, 0.019, 0.   , 0.   , 0.094, 0.   , 0.038, 0.   ]))]
Frame: 1350000, Avg. RL Loss: 0.007, Avg. Q value: 0.424, Avg. Length: 3746.9, P0 Avg. Reward: -2.026, P1 Avg. Reward: 2.026
Q table: 
 [[0.722 0.712 0.738 ... 0.695 0.692 0.667]
 [0.674 0.649 0.711 ... 0.712 0.66  0.667]
 [0.649 0.665 0.685 ... 0.689 0.682 0.673]
 ...
 [0.687 0.71  0.765 ... 0.677 0.705 0.645]
 [0.733 0.7   0.703 ... 0.644 0.668 0.726]
 [0.696 0.699 0.673 ... 0.707 0.683 0.788]]
Nash policies:  [(array([0.   , 0.001, 0.   , 0.269, 0.   , 0.134, 0.   , 0.067, 0.   , 0.   , 0.086, 0.   , 0.099, 0.221, 0.106, 0.   , 0.   , 0.016]), array([0.055, 0.   , 0.   , 0.103, 0.388, 0.   , 0.   , 0.186, 0.   , 0.   , 0.023, 0.   , 0.024, 0.07 , 0.135, 0.   , 0.   , 0.016]))]
Frame: 1500000, Avg. RL Loss: 0.006, Avg. Q value: 0.304, Avg. Length: 3622.1, P0 Avg. Reward: -4.190, P1 Avg. Reward: 4.190
Q table: 
 [[0.543 0.545 0.531 ... 0.61  0.512 0.497]
 [0.552 0.493 0.523 ... 0.494 0.543 0.524]
 [0.562 0.478 0.499 ... 0.495 0.58  0.499]
 ...
 [0.535 0.531 0.559 ... 0.494 0.534 0.489]
 [0.501 0.521 0.521 ... 0.468 0.504 0.499]
 [0.48  0.513 0.519 ... 0.543 0.56  0.535]]
Nash policies:  [(array([0.043, 0.201, 0.   , 0.   , 0.   , 0.151, 0.11 , 0.018, 0.   , 0.13 , 0.144, 0.   , 0.186, 0.001, 0.014, 0.   , 0.   , 0.001]), array([0.09 , 0.042, 0.   , 0.039, 0.258, 0.04 , 0.118, 0.   , 0.113, 0.17 , 0.052, 0.   , 0.   , 0.007, 0.   , 0.   , 0.   , 0.07 ]))]
Frame: 1650000, Avg. RL Loss: 0.006, Avg. Q value: 0.238, Avg. Length: 3730.0, P0 Avg. Reward: -7.359, P1 Avg. Reward: 7.359
Q table: 
 [[ 0.008  0.036  0.002 ... -0.012  0.002  0.   ]
 [-0.063 -0.01  -0.04  ... -0.006 -0.012  0.002]
 [ 0.038  0.01  -0.009 ... -0.005  0.021  0.021]
 ...
 [ 0.085 -0.02   0.025 ... -0.019  0.047  0.011]
 [-0.049  0.     0.008 ... -0.004  0.006 -0.01 ]
 [ 0.057 -0.017  0.021 ... -0.005  0.007  0.017]]
Nash policies:  [(array([0.   , 0.   , 0.   , 0.103, 0.03 , 0.283, 0.115, 0.   , 0.   , 0.397, 0.   , 0.   , 0.   , 0.   , 0.073, 0.   , 0.   , 0.   ]), array([0.   , 0.119, 0.   , 0.   , 0.   , 0.   , 0.   , 0.155, 0.004, 0.   , 0.   , 0.162, 0.   , 0.   , 0.021, 0.54 , 0.   , 0.   ]))]
Frame: 1800000, Avg. RL Loss: 0.006, Avg. Q value: 0.179, Avg. Length: 3576.7, P0 Avg. Reward: -9.738, P1 Avg. Reward: 9.738
Q table: 
 [[ 0.008  0.023 -0.    ... -0.011  0.008  0.002]
 [-0.063 -0.005 -0.035 ... -0.008 -0.008  0.005]
 [ 0.033  0.006 -0.006 ... -0.006  0.022  0.021]
 ...
 [ 0.078 -0.021  0.025 ... -0.018  0.048  0.015]
 [-0.046 -0.     0.012 ... -0.003  0.003 -0.01 ]
 [ 0.054 -0.011  0.016 ... -0.005  0.006  0.011]]
Nash policies:  [(array([0.   , 0.   , 0.   , 0.058, 0.229, 0.245, 0.053, 0.   , 0.092, 0.323, 0.   , 0.   , 0.   , 0.   , 0.   , 0.   , 0.   , 0.   ]), array([0.   , 0.142, 0.   , 0.   , 0.   , 0.005, 0.   , 0.021, 0.   , 0.   , 0.031, 0.006, 0.   , 0.   , 0.   , 0.795, 0.   , 0.   ]))]
Frame: 1950000, Avg. RL Loss: 0.006, Avg. Q value: 0.168, Avg. Length: 3790.7, P0 Avg. Reward: -9.897, P1 Avg. Reward: 9.897
Q table: 
 [[ 0.007  0.02  -0.    ... -0.009  0.001 -0.   ]
 [-0.058 -0.007 -0.034 ... -0.008 -0.013  0.   ]
 [ 0.036  0.005 -0.008 ... -0.006  0.021  0.022]
 ...
 [ 0.079 -0.017  0.021 ... -0.011  0.041  0.01 ]
 [-0.045 -0.006  0.008 ... -0.002  0.003 -0.006]
 [ 0.053 -0.01   0.019 ... -0.003  0.005  0.014]]
Nash policies:  [(array([0.   , 0.   , 0.   , 0.   , 0.209, 0.644, 0.   , 0.   , 0.   , 0.   , 0.08 , 0.   , 0.   , 0.   , 0.   , 0.   , 0.   , 0.066]), array([0.   , 0.091, 0.   , 0.   , 0.   , 0.   , 0.007, 0.   , 0.039, 0.   , 0.   , 0.   , 0.   , 0.   , 0.   , 0.862, 0.   , 0.   ]))]
Frame: 2100000, Avg. RL Loss: 0.006, Avg. Q value: 0.191, Avg. Length: 3377.4, P0 Avg. Reward: -10.133, P1 Avg. Reward: 10.133
Q table: 
 [[ 0.007  0.017 -0.003 ... -0.004 -0.001  0.001]
 [-0.056 -0.005 -0.032 ... -0.008 -0.012  0.001]
 [ 0.036  0.006 -0.009 ... -0.005  0.015  0.022]
 ...
 [ 0.077 -0.013  0.019 ... -0.01   0.037  0.009]
 [-0.045 -0.004  0.009 ... -0.006  0.001 -0.004]
 [ 0.052 -0.005  0.019 ... -0.002  0.004  0.013]]
Nash policies:  [(array([0.   , 0.   , 0.   , 0.205, 0.449, 0.   , 0.   , 0.   , 0.   , 0.218, 0.   , 0.   , 0.   , 0.   , 0.   , 0.   , 0.   , 0.128]), array([0.   , 0.   , 0.   , 0.   , 0.   , 0.006, 0.001, 0.057, 0.   , 0.   , 0.   , 0.   , 0.   , 0.   , 0.   , 0.936, 0.   , 0.   ]))]
Frame: 2250000, Avg. RL Loss: 0.006, Avg. Q value: 0.141, Avg. Length: 3423.0, P0 Avg. Reward: -11.578, P1 Avg. Reward: 11.578
Q table: 
 [[0.297 0.329 0.366 ... 0.303 0.392 0.373]
 [0.404 0.351 0.352 ... 0.409 0.345 0.366]
 [0.389 0.389 0.427 ... 0.338 0.347 0.345]
 ...
 [0.392 0.356 0.334 ... 0.415 0.438 0.427]
 [0.386 0.372 0.318 ... 0.387 0.35  0.39 ]
 [0.445 0.365 0.354 ... 0.328 0.37  0.407]]
Nash policies:  [(array([0.   , 0.   , 0.   , 0.245, 0.117, 0.363, 0.   , 0.   , 0.   , 0.053, 0.   , 0.147, 0.   , 0.   , 0.043, 0.   , 0.   , 0.033]), array([0.   , 0.269, 0.   , 0.   , 0.108, 0.081, 0.   , 0.077, 0.   , 0.016, 0.255, 0.   , 0.   , 0.   , 0.   , 0.   , 0.195, 0.   ]))]
Frame: 2400000, Avg. RL Loss: 0.006, Avg. Q value: 0.190, Avg. Length: 3781.8, P0 Avg. Reward: -10.692, P1 Avg. Reward: 10.692
Q table: 
 [[ 0.005  0.016 -0.004 ... -0.017 -0.001  0.   ]
 [-0.052 -0.004 -0.031 ... -0.008 -0.011  0.002]
 [ 0.033  0.006 -0.01  ... -0.007  0.013  0.021]
 ...
 [ 0.073 -0.01   0.016 ... -0.033  0.021  0.008]
 [-0.04  -0.003  0.01  ... -0.012  0.002 -0.001]
 [ 0.048 -0.005  0.018 ... -0.017 -0.001  0.011]]
Nash policies:  [(array([0.   , 0.   , 0.   , 0.657, 0.   , 0.   , 0.   , 0.032, 0.   , 0.173, 0.059, 0.05 , 0.   , 0.   , 0.015, 0.014, 0.   , 0.   ]), array([0.   , 0.   , 0.   , 0.   , 0.   , 0.   , 0.049, 0.146, 0.024, 0.   , 0.   , 0.346, 0.015, 0.   , 0.216, 0.204, 0.   , 0.   ]))]
Frame: 2550000, Avg. RL Loss: 0.006, Avg. Q value: 0.246, Avg. Length: 3668.0, P0 Avg. Reward: -9.571, P1 Avg. Reward: 9.571
Q table: 
 [[0.624 0.681 0.647 ... 0.62  0.661 0.666]
 [0.628 0.636 0.64  ... 0.701 0.582 0.609]
 [0.612 0.639 0.632 ... 0.609 0.562 0.666]
 ...
 [0.621 0.628 0.598 ... 0.637 0.634 0.652]
 [0.604 0.602 0.618 ... 0.603 0.556 0.633]
 [0.601 0.647 0.585 ... 0.646 0.603 0.601]]
Nash policies:  [(array([0.178, 0.104, 0.   , 0.089, 0.   , 0.322, 0.055, 0.   , 0.   , 0.   , 0.   , 0.   , 0.088, 0.053, 0.   , 0.111, 0.   , 0.   ]), array([0.107, 0.01 , 0.   , 0.   , 0.   , 0.114, 0.   , 0.376, 0.105, 0.   , 0.   , 0.102, 0.   , 0.   , 0.   , 0.045, 0.141, 0.   ]))]
Frame: 2700000, Avg. RL Loss: 0.006, Avg. Q value: 0.153, Avg. Length: 3510.2, P0 Avg. Reward: -9.795, P1 Avg. Reward: 9.795
Q table: 
 [[ 0.003  0.018 -0.004 ... -0.047 -0.    -0.002]
 [-0.035  0.001 -0.02  ... -0.003  0.002  0.005]
 [ 0.027  0.008 -0.009 ... -0.024  0.01   0.021]
 ...
 [ 0.067 -0.01   0.013 ... -0.067  0.017  0.009]
 [-0.037 -0.005  0.011 ... -0.032 -0.     0.001]
 [ 0.038 -0.005  0.015 ... -0.056 -0.009  0.009]]
Nash policies:  [(array([0.   , 0.   , 0.   , 0.401, 0.   , 0.   , 0.   , 0.018, 0.   , 0.   , 0.   , 0.017, 0.   , 0.   , 0.563, 0.   , 0.   , 0.   ]), array([0.   , 0.   , 0.   , 0.005, 0.   , 0.   , 0.087, 0.633, 0.   , 0.   , 0.   , 0.   , 0.276, 0.   , 0.   , 0.   , 0.   , 0.   ]))]
Frame: 2850000, Avg. RL Loss: 0.006, Avg. Q value: 0.190, Avg. Length: 3548.5, P0 Avg. Reward: -13.289, P1 Avg. Reward: 13.289
Q table: 
 [[-0.     0.017 -0.006 ... -0.068 -0.    -0.004]
 [-0.032  0.001 -0.018 ... -0.01   0.001  0.005]
 [ 0.028  0.009 -0.009 ... -0.026  0.008  0.022]
 ...
 [ 0.064 -0.01   0.013 ... -0.076  0.017  0.009]
 [-0.035 -0.007  0.012 ... -0.046 -0.     0.003]
 [ 0.034 -0.004  0.014 ... -0.078 -0.01   0.006]]
Nash policies:  [(array([0.   , 0.   , 0.   , 0.05 , 0.   , 0.   , 0.   , 0.   , 0.001, 0.333, 0.   , 0.021, 0.   , 0.   , 0.595, 0.   , 0.   , 0.   ]), array([0.   , 0.   , 0.   , 0.   , 0.   , 0.   , 0.148, 0.108, 0.   , 0.   , 0.   , 0.   , 0.077, 0.   , 0.658, 0.   , 0.   , 0.009]))]
Frame: 3000000, Avg. RL Loss: 0.005, Avg. Q value: 0.221, Avg. Length: 3915.8, P0 Avg. Reward: -7.154, P1 Avg. Reward: 7.154
Q table: 
 [[-0.001  0.016 -0.007 ... -0.081 -0.001 -0.005]
 [-0.03   0.001 -0.017 ... -0.01   0.002  0.005]
 [ 0.028  0.009 -0.01  ... -0.032  0.009  0.021]
 ...
 [ 0.061 -0.009  0.013 ... -0.087  0.017  0.01 ]
 [-0.032 -0.01   0.012 ... -0.068 -0.001  0.004]
 [ 0.034 -0.004  0.014 ... -0.093 -0.009  0.   ]]
Nash policies:  [(array([0.   , 0.   , 0.036, 0.   , 0.   , 0.   , 0.   , 0.   , 0.   , 0.413, 0.   , 0.194, 0.   , 0.   , 0.358, 0.   , 0.   , 0.   ]), array([0.   , 0.   , 0.   , 0.   , 0.   , 0.   , 0.246, 0.148, 0.   , 0.   , 0.   , 0.   , 0.234, 0.   , 0.372, 0.001, 0.   , 0.   ]))]
Frame: 3150000, Avg. RL Loss: 0.005, Avg. Q value: 0.244, Avg. Length: 3503.4, P0 Avg. Reward: -11.048, P1 Avg. Reward: 11.048
Q table: 
 [[-0.002  0.014 -0.007 ... -0.091 -0.001 -0.005]
 [-0.028  0.001 -0.018 ... -0.014  0.001  0.005]
 [ 0.026  0.006 -0.011 ... -0.037  0.01   0.02 ]
 ...
 [ 0.059 -0.008  0.012 ... -0.103  0.017  0.009]
 [-0.031 -0.01   0.012 ... -0.07  -0.002  0.004]
 [ 0.031 -0.003  0.012 ... -0.109 -0.008  0.002]]
Nash policies:  [(array([0.006, 0.   , 0.   , 0.043, 0.   , 0.   , 0.   , 0.   , 0.   , 0.73 , 0.   , 0.   , 0.   , 0.013, 0.208, 0.   , 0.   , 0.   ]), array([0.   , 0.   , 0.   , 0.   , 0.   , 0.   , 0.355, 0.   , 0.   , 0.   , 0.   , 0.   , 0.03 , 0.   , 0.594, 0.012, 0.   , 0.009]))]
Frame: 3300000, Avg. RL Loss: 0.005, Avg. Q value: 0.211, Avg. Length: 3404.9, P0 Avg. Reward: -13.889, P1 Avg. Reward: 13.889
Q table: 
 [[-0.003  0.014 -0.007 ... -0.116 -0.003 -0.004]
 [-0.026 -0.001 -0.018 ... -0.022 -0.     0.004]
 [ 0.021  0.006 -0.011 ... -0.046  0.01   0.017]
 ...
 [ 0.058 -0.008  0.012 ... -0.112  0.017  0.01 ]
 [-0.03  -0.01   0.013 ... -0.074 -0.001  0.005]
 [ 0.028 -0.003  0.011 ... -0.116 -0.008  0.003]]
Nash policies:  [(array([0.011, 0.207, 0.   , 0.   , 0.018, 0.   , 0.   , 0.   , 0.   , 0.   , 0.   , 0.1  , 0.   , 0.018, 0.646, 0.   , 0.   , 0.   ]), array([0.   , 0.   , 0.01 , 0.003, 0.   , 0.   , 0.269, 0.013, 0.   , 0.   , 0.   , 0.   , 0.08 , 0.   , 0.625, 0.   , 0.   , 0.   ]))]
Frame: 3450000, Avg. RL Loss: 0.005, Avg. Q value: 0.247, Avg. Length: 3569.1, P0 Avg. Reward: -10.667, P1 Avg. Reward: 10.667
Q table: 
 [[1.079 0.951 1.04  ... 0.896 0.946 0.922]
 [1.003 0.974 0.938 ... 1.003 0.963 0.91 ]
 [0.944 0.948 0.962 ... 1.003 1.013 0.997]
 ...
 [0.894 1.01  0.985 ... 0.894 0.798 0.864]
 [0.958 0.91  0.9   ... 0.897 0.828 0.974]
 [0.897 0.953 0.929 ... 0.891 0.953 0.932]]
Nash policies:  [(array([0.066, 0.   , 0.094, 0.015, 0.188, 0.   , 0.229, 0.   , 0.013, 0.   , 0.188, 0.   , 0.   , 0.073, 0.   , 0.   , 0.   , 0.134]), array([0.018, 0.097, 0.   , 0.02 , 0.   , 0.   , 0.   , 0.142, 0.   , 0.   , 0.   , 0.   , 0.341, 0.218, 0.062, 0.083, 0.02 , 0.   ]))]
Frame: 3600000, Avg. RL Loss: 0.005, Avg. Q value: 0.321, Avg. Length: 3478.6, P0 Avg. Reward: -11.000, P1 Avg. Reward: 11.000
Q table: 
 [[-0.005  0.014 -0.009 ... -0.123 -0.005 -0.006]
 [-0.024 -0.001 -0.019 ... -0.04  -0.     0.004]
 [ 0.017  0.005 -0.011 ... -0.066  0.012  0.017]
 ...
 [ 0.053 -0.009  0.01  ... -0.129  0.021  0.007]
 [-0.025 -0.01   0.014 ... -0.095 -0.002  0.004]
 [ 0.026 -0.003  0.009 ... -0.132 -0.008  0.003]]
Nash policies:  [(array([0.   , 0.   , 0.083, 0.   , 0.02 , 0.   , 0.   , 0.085, 0.   , 0.531, 0.   , 0.   , 0.   , 0.   , 0.281, 0.   , 0.   , 0.   ]), array([0.   , 0.   , 0.   , 0.   , 0.   , 0.   , 0.005, 0.   , 0.   , 0.   , 0.   , 0.   , 0.279, 0.   , 0.7  , 0.002, 0.   , 0.014]))]
Frame: 3750000, Avg. RL Loss: 0.004, Avg. Q value: 0.219, Avg. Length: 3327.8, P0 Avg. Reward: -12.733, P1 Avg. Reward: 12.733
Q table: 
 [[-0.005  0.013 -0.009 ... -0.131 -0.003 -0.007]
 [-0.022 -0.001 -0.018 ... -0.047 -0.001  0.003]
 [ 0.016  0.006 -0.01  ... -0.073  0.012  0.014]
 ...
 [ 0.052 -0.009  0.009 ... -0.143  0.021  0.007]
 [-0.023 -0.009  0.014 ... -0.099 -0.001  0.003]
 [ 0.025 -0.006  0.008 ... -0.143 -0.008  0.003]]
Nash policies:  [(array([0.   , 0.   , 0.   , 0.   , 0.103, 0.   , 0.   , 0.   , 0.   , 0.607, 0.   , 0.   , 0.   , 0.   , 0.29 , 0.   , 0.   , 0.   ]), array([0.   , 0.   , 0.   , 0.   , 0.   , 0.   , 0.   , 0.   , 0.   , 0.   , 0.   , 0.   , 0.356, 0.   , 0.641, 0.003, 0.   , 0.   ]))]
Frame: 3900000, Avg. RL Loss: 0.004, Avg. Q value: 0.244, Avg. Length: 3393.5, P0 Avg. Reward: -9.244, P1 Avg. Reward: 9.244
Q table: 
 [[-0.003  0.013 -0.009 ... -0.137 -0.003 -0.008]
 [-0.022 -0.001 -0.018 ... -0.051 -0.003  0.001]
 [ 0.015  0.006 -0.009 ... -0.077  0.012  0.013]
 ...
 [ 0.05  -0.008  0.008 ... -0.142  0.021  0.005]
 [-0.022 -0.008  0.015 ... -0.107 -0.     0.005]
 [ 0.025 -0.007  0.007 ... -0.15  -0.008  0.002]]
Nash policies:  [(array([0.   , 0.   , 0.   , 0.   , 0.   , 0.   , 0.   , 0.   , 0.   , 0.034, 0.053, 0.   , 0.   , 0.   , 0.913, 0.   , 0.   , 0.   ]), array([0.   , 0.   , 0.   , 0.001, 0.   , 0.   , 0.   , 0.   , 0.   , 0.   , 0.   , 0.   , 0.539, 0.   , 0.46 , 0.   , 0.   , 0.   ]))]
Frame: 4050000, Avg. RL Loss: 0.003, Avg. Q value: 0.236, Avg. Length: 3580.1, P0 Avg. Reward: -12.333, P1 Avg. Reward: 12.333
Q table: 
 [[1.062 0.92  1.052 ... 1.243 0.876 0.875]
 [1.006 0.93  0.98  ... 1.053 1.038 1.008]
 [0.985 0.994 0.953 ... 1.046 0.963 0.962]
 ...
 [0.996 0.976 0.935 ... 1.133 0.951 0.945]
 [0.951 0.945 0.964 ... 1.025 0.968 0.946]
 [0.955 0.972 0.984 ... 1.121 0.965 1.027]]
Nash policies:  [(array([0.   , 0.01 , 0.12 , 0.077, 0.   , 0.097, 0.208, 0.139, 0.   , 0.   , 0.113, 0.   , 0.   , 0.   , 0.   , 0.103, 0.132, 0.   ]), array([0.   , 0.161, 0.   , 0.044, 0.   , 0.136, 0.139, 0.16 , 0.   , 0.   , 0.   , 0.   , 0.078, 0.199, 0.06 , 0.   , 0.   , 0.023]))]
Frame: 4200000, Avg. RL Loss: 0.003, Avg. Q value: 0.240, Avg. Length: 3491.1, P0 Avg. Reward: -8.429, P1 Avg. Reward: 8.429
Q table: 
 [[-0.004  0.012 -0.007 ... -0.142 -0.003 -0.004]
 [-0.02  -0.001 -0.018 ... -0.055 -0.006  0.001]
 [ 0.015  0.007 -0.009 ... -0.089  0.011  0.012]
 ...
 [ 0.046 -0.008  0.005 ... -0.152  0.02   0.001]
 [-0.017 -0.012  0.015 ... -0.115 -0.001  0.005]
 [ 0.023 -0.005  0.005 ... -0.154 -0.011  0.001]]
Nash policies:  [(array([0.   , 0.   , 0.001, 0.185, 0.   , 0.   , 0.   , 0.166, 0.   , 0.   , 0.   , 0.   , 0.   , 0.   , 0.647, 0.   , 0.   , 0.   ]), array([0.   , 0.   , 0.   , 0.001, 0.   , 0.   , 0.   , 0.   , 0.   , 0.   , 0.   , 0.   , 0.554, 0.   , 0.419, 0.   , 0.   , 0.026]))]
Frame: 4350000, Avg. RL Loss: 0.003, Avg. Q value: 0.238, Avg. Length: 3533.3, P0 Avg. Reward: -11.881, P1 Avg. Reward: 11.881
Q table: 
 [[-0.004  0.012 -0.004 ... -0.148 -0.003 -0.003]
 [-0.018 -0.001 -0.018 ... -0.062 -0.006  0.001]
 [ 0.014  0.007 -0.009 ... -0.091  0.011  0.012]
 ...
 [ 0.044 -0.009  0.005 ... -0.159  0.02   0.   ]
 [-0.016 -0.011  0.015 ... -0.12  -0.     0.005]
 [ 0.022 -0.005  0.002 ... -0.16  -0.01   0.001]]
Nash policies:  [(array([0.   , 0.   , 0.   , 0.013, 0.   , 0.   , 0.   , 0.127, 0.   , 0.136, 0.   , 0.   , 0.   , 0.   , 0.724, 0.   , 0.   , 0.   ]), array([0.   , 0.   , 0.   , 0.003, 0.   , 0.   , 0.   , 0.   , 0.   , 0.   , 0.   , 0.   , 0.729, 0.011, 0.257, 0.   , 0.   , 0.   ]))]
Frame: 4500000, Avg. RL Loss: 0.003, Avg. Q value: 0.333, Avg. Length: 3467.1, P0 Avg. Reward: -8.756, P1 Avg. Reward: 8.756
Q table: 
 [[1.157 1.242 1.297 ... 1.327 1.241 1.239]
 [1.246 1.26  1.264 ... 1.197 1.253 1.256]
 [1.286 1.242 1.335 ... 1.344 1.244 1.278]
 ...
 [1.266 1.226 1.19  ... 1.268 1.302 1.227]
 [1.275 1.183 1.218 ... 1.343 1.254 1.228]
 [1.261 1.176 1.233 ... 1.287 1.21  1.236]]
Nash policies:  [(array([0.   , 0.   , 0.063, 0.107, 0.   , 0.067, 0.234, 0.08 , 0.012, 0.   , 0.232, 0.143, 0.039, 0.022, 0.   , 0.   , 0.   , 0.   ]), array([0.   , 0.192, 0.108, 0.   , 0.144, 0.   , 0.   , 0.075, 0.08 , 0.013, 0.   , 0.089, 0.   , 0.031, 0.107, 0.   , 0.   , 0.16 ]))]
Frame: 4650000, Avg. RL Loss: 0.004, Avg. Q value: 0.324, Avg. Length: 3528.6, P0 Avg. Reward: -12.405, P1 Avg. Reward: 12.405
Q table: 
 [[-0.004  0.012 -0.005 ... -0.149 -0.004 -0.003]
 [-0.016 -0.    -0.016 ... -0.059 -0.007  0.002]
 [ 0.014  0.007 -0.008 ... -0.092  0.013  0.013]
 ...
 [ 0.04  -0.009  0.004 ... -0.159  0.021  0.001]
 [-0.014 -0.011  0.015 ... -0.116 -0.001 -0.002]
 [ 0.021 -0.004  0.001 ... -0.164 -0.009  0.001]]
Nash policies:  [(array([0.   , 0.   , 0.   , 0.169, 0.   , 0.078, 0.   , 0.   , 0.006, 0.   , 0.   , 0.235, 0.   , 0.   , 0.512, 0.   , 0.   , 0.   ]), array([0.   , 0.   , 0.   , 0.007, 0.   , 0.   , 0.   , 0.058, 0.   , 0.   , 0.   , 0.   , 0.204, 0.   , 0.73 , 0.002, 0.   , 0.   ]))]
Frame: 4800000, Avg. RL Loss: 0.004, Avg. Q value: 0.349, Avg. Length: 3630.4, P0 Avg. Reward: -7.976, P1 Avg. Reward: 7.976
Q table: 
 [[1.55  1.549 1.559 ... 1.687 1.555 1.617]
 [1.613 1.598 1.583 ... 1.649 1.547 1.61 ]
 [1.601 1.639 1.521 ... 1.723 1.605 1.613]
 ...
 [1.574 1.62  1.589 ... 1.648 1.583 1.612]
 [1.572 1.643 1.592 ... 1.706 1.597 1.658]
 [1.567 1.6   1.622 ... 1.671 1.55  1.579]]
Nash policies:  [(array([0.   , 0.   , 0.197, 0.03 , 0.088, 0.005, 0.085, 0.039, 0.223, 0.162, 0.   , 0.   , 0.   , 0.   , 0.02 , 0.   , 0.   , 0.151]), array([0.046, 0.   , 0.13 , 0.026, 0.039, 0.181, 0.   , 0.   , 0.03 , 0.   , 0.156, 0.084, 0.   , 0.   , 0.125, 0.   , 0.185, 0.   ]))]
Frame: 4950000, Avg. RL Loss: 0.003, Avg. Q value: 0.281, Avg. Length: 3397.7, P0 Avg. Reward: -11.619, P1 Avg. Reward: 11.619
Q table: 
 [[-0.003  0.012 -0.005 ... -0.151 -0.004 -0.002]
 [-0.016 -0.    -0.018 ... -0.065 -0.006  0.003]
 [ 0.012  0.007 -0.006 ... -0.093  0.013  0.014]
 ...
 [ 0.039 -0.01   0.006 ... -0.163  0.02   0.001]
 [-0.011 -0.01   0.015 ... -0.122 -0.003 -0.003]
 [ 0.02  -0.004 -0.001 ... -0.168 -0.006  0.005]]
Nash policies:  [(array([0.   , 0.   , 0.   , 0.   , 0.   , 0.   , 0.   , 0.   , 0.   , 0.775, 0.   , 0.   , 0.   , 0.033, 0.191, 0.   , 0.   , 0.   ]), array([0.   , 0.   , 0.   , 0.   , 0.   , 0.   , 0.   , 0.   , 0.   , 0.   , 0.   , 0.   , 0.017, 0.   , 0.981, 0.002, 0.   , 0.   ]))]
Frame: 5100000, Avg. RL Loss: 0.003, Avg. Q value: 0.275, Avg. Length: 3573.5, P0 Avg. Reward: -10.524, P1 Avg. Reward: 10.524
Q table: 
 [[-0.003  0.011 -0.006 ... -0.151 -0.003 -0.002]
 [-0.016 -0.001 -0.018 ... -0.064 -0.005  0.005]
 [ 0.012  0.008 -0.006 ... -0.088  0.013  0.014]
 ...
 [ 0.038 -0.009  0.004 ... -0.161  0.018 -0.   ]
 [-0.011 -0.009  0.014 ... -0.12  -0.003 -0.003]
 [ 0.02  -0.002  0.001 ... -0.172 -0.004  0.005]]
Nash policies:  [(array([0.   , 0.   , 0.   , 0.164, 0.   , 0.   , 0.   , 0.   , 0.   , 0.   , 0.   , 0.   , 0.   , 0.   , 0.836, 0.   , 0.   , 0.   ]), array([0.   , 0.   , 0.   , 0.   , 0.   , 0.   , 0.   , 0.   , 0.   , 0.   , 0.   , 0.   , 0.114, 0.   , 0.886, 0.   , 0.   , 0.   ]))]
Frame: 5250000, Avg. RL Loss: 0.003, Avg. Q value: 0.198, Avg. Length: 3353.6, P0 Avg. Reward: -14.267, P1 Avg. Reward: 14.267
Q table: 
 [[-0.004  0.01  -0.007 ... -0.146 -0.003 -0.003]
 [-0.016 -0.002 -0.017 ... -0.061 -0.005  0.005]
 [ 0.011  0.009 -0.006 ... -0.083  0.013  0.015]
 ...
 [ 0.036 -0.01   0.004 ... -0.156  0.018 -0.   ]
 [-0.01  -0.009  0.014 ... -0.119 -0.003 -0.003]
 [ 0.018 -0.001 -0.    ... -0.171 -0.004  0.004]]
Nash policies:  [(array([0.   , 0.   , 0.   , 0.56 , 0.   , 0.   , 0.   , 0.   , 0.   , 0.11 , 0.   , 0.   , 0.   , 0.   , 0.329, 0.   , 0.   , 0.   ]), array([0.   , 0.   , 0.   , 0.   , 0.   , 0.   , 0.   , 0.   , 0.   , 0.   , 0.   , 0.   , 0.277, 0.   , 0.719, 0.004, 0.   , 0.   ]))]
Frame: 5400000, Avg. RL Loss: 0.003, Avg. Q value: 0.152, Avg. Length: 3449.3, P0 Avg. Reward: -13.622, P1 Avg. Reward: 13.622
Q table: 
 [[0.736 0.746 0.67  ... 0.862 0.663 0.698]
 [0.614 0.671 0.678 ... 0.634 0.676 0.61 ]
 [0.664 0.642 0.633 ... 0.777 0.693 0.715]
 ...
 [0.703 0.645 0.711 ... 0.781 0.614 0.594]
 [0.638 0.737 0.729 ... 0.775 0.666 0.666]
 [0.753 0.638 0.656 ... 0.764 0.742 0.635]]
Nash policies:  [(array([0.133, 0.   , 0.139, 0.   , 0.   , 0.068, 0.   , 0.183, 0.103, 0.039, 0.   , 0.147, 0.   , 0.161, 0.   , 0.   , 0.028, 0.   ]), array([0.   , 0.   , 0.195, 0.218, 0.152, 0.082, 0.008, 0.   , 0.   , 0.   , 0.   , 0.052, 0.   , 0.   , 0.067, 0.   , 0.034, 0.193]))]
Frame: 5550000, Avg. RL Loss: 0.006, Avg. Q value: 0.205, Avg. Length: 3381.4, P0 Avg. Reward: -13.214, P1 Avg. Reward: 13.214
Q table: 
 [[-0.003  0.011 -0.01  ... -0.153 -0.003 -0.002]
 [-0.016 -0.003 -0.015 ... -0.044 -0.004  0.005]
 [ 0.008  0.009 -0.006 ... -0.052  0.013  0.017]
 ...
 [ 0.031 -0.009  0.003 ... -0.143  0.009 -0.001]
 [-0.008 -0.008  0.013 ... -0.11  -0.002 -0.004]
 [ 0.015  0.001 -0.002 ... -0.172 -0.003  0.003]]
Nash policies:  [(array([0.054, 0.   , 0.   , 0.   , 0.   , 0.   , 0.   , 0.   , 0.   , 0.   , 0.   , 0.   , 0.   , 0.   , 0.946, 0.   , 0.   , 0.   ]), array([0.   , 0.   , 0.   , 0.   , 0.   , 0.   , 0.   , 0.   , 0.   , 0.   , 0.   , 0.   , 0.962, 0.   , 0.   , 0.038, 0.   , 0.   ]))]
Frame: 5700000, Avg. RL Loss: 0.006, Avg. Q value: 0.183, Avg. Length: 3356.4, P0 Avg. Reward: -14.556, P1 Avg. Reward: 14.556
Q table: 
 [[1.001 1.052 0.986 ... 1.042 1.023 1.057]
 [1.017 1.025 1.02  ... 1.049 0.974 1.006]
 [1.02  1.052 1.02  ... 0.993 1.    1.014]
 ...
 [0.97  0.976 0.957 ... 1.195 1.072 1.057]
 [1.032 0.982 0.966 ... 1.028 1.038 1.016]
 [0.958 1.025 1.072 ... 1.221 1.002 1.084]]
Nash policies:  [(array([0.047, 0.   , 0.   , 0.164, 0.   , 0.   , 0.   , 0.   , 0.   , 0.063, 0.   , 0.133, 0.181, 0.158, 0.171, 0.   , 0.083, 0.   ]), array([0.   , 0.   , 0.208, 0.   , 0.342, 0.   , 0.   , 0.045, 0.178, 0.   , 0.023, 0.026, 0.   , 0.   , 0.017, 0.   , 0.162, 0.   ]))]
Frame: 5850000, Avg. RL Loss: 0.006, Avg. Q value: 0.220, Avg. Length: 3323.7, P0 Avg. Reward: -14.111, P1 Avg. Reward: 14.111
Q table: 
 [[-0.003  0.009 -0.009 ... -0.136 -0.002 -0.003]
 [-0.013 -0.004 -0.014 ... -0.037 -0.006  0.005]
 [ 0.007  0.009 -0.005 ... -0.014  0.013  0.017]
 ...
 [ 0.026 -0.009  0.001 ... -0.13   0.009 -0.002]
 [-0.008 -0.012  0.009 ... -0.098  0.    -0.006]
 [ 0.012 -0.    -0.003 ... -0.165 -0.002  0.003]]
Nash policies:  [(array([0.   , 0.   , 0.565, 0.   , 0.   , 0.   , 0.006, 0.   , 0.   , 0.429, 0.   , 0.   , 0.   , 0.   , 0.   , 0.   , 0.   , 0.   ]), array([0.   , 0.   , 0.   , 0.061, 0.   , 0.   , 0.   , 0.   , 0.   , 0.   , 0.   , 0.   , 0.914, 0.   , 0.   , 0.024, 0.   , 0.   ]))]
Frame: 6000000, Avg. RL Loss: 0.006, Avg. Q value: 0.204, Avg. Length: 3340.9, P0 Avg. Reward: -13.178, P1 Avg. Reward: 13.178
Q table: 
 [[-0.003  0.009 -0.009 ... -0.133 -0.001 -0.003]
 [-0.012 -0.004 -0.014 ... -0.035 -0.005  0.003]
 [ 0.007  0.009 -0.006 ... -0.047  0.013  0.017]
 ...
 [ 0.027 -0.01   0.001 ... -0.128  0.008 -0.002]
 [-0.007 -0.013  0.011 ... -0.092 -0.001 -0.005]
 [ 0.011 -0.    -0.002 ... -0.158 -0.002  0.002]]
Nash policies:  [(array([0.   , 0.   , 0.   , 0.008, 0.   , 0.   , 0.   , 0.   , 0.   , 0.   , 0.   , 0.   , 0.   , 0.   , 0.992, 0.   , 0.   , 0.   ]), array([0.   , 0.   , 0.   , 0.   , 0.   , 0.   , 0.   , 0.   , 0.   , 0.   , 0.   , 0.   , 0.932, 0.   , 0.   , 0.068, 0.   , 0.   ]))]
Frame: 6150000, Avg. RL Loss: 0.006, Avg. Q value: 0.185, Avg. Length: 3301.0, P0 Avg. Reward: -13.625, P1 Avg. Reward: 13.625
Q table: 
 [[0.626 0.547 0.642 ... 0.587 0.656 0.647]
 [0.653 0.621 0.601 ... 0.647 0.588 0.605]
 [0.625 0.65  0.631 ... 0.642 0.599 0.574]
 ...
 [0.593 0.68  0.658 ... 0.612 0.577 0.593]
 [0.615 0.577 0.625 ... 0.603 0.56  0.65 ]
 [0.638 0.625 0.627 ... 0.635 0.624 0.678]]
Nash policies:  [(array([0.   , 0.   , 0.   , 0.091, 0.154, 0.   , 0.101, 0.271, 0.052, 0.072, 0.057, 0.   , 0.   , 0.052, 0.   , 0.   , 0.062, 0.087]), array([0.   , 0.153, 0.   , 0.05 , 0.   , 0.   , 0.   , 0.193, 0.   , 0.083, 0.017, 0.1  , 0.13 , 0.076, 0.   , 0.   , 0.167, 0.03 ]))]
Frame: 6300000, Avg. RL Loss: 0.006, Avg. Q value: 0.195, Avg. Length: 3232.8, P0 Avg. Reward: -13.667, P1 Avg. Reward: 13.667
Q table: 
 [[-0.006  0.009 -0.007 ... -0.113 -0.003 -0.002]
 [-0.013 -0.002 -0.014 ... -0.03  -0.004  0.002]
 [ 0.006  0.007 -0.005 ... -0.044  0.012  0.018]
 ...
 [ 0.027 -0.009  0.001 ... -0.123  0.007 -0.003]
 [-0.007 -0.012  0.009 ... -0.085 -0.002 -0.007]
 [ 0.009 -0.002 -0.003 ... -0.146 -0.002  0.   ]]
Nash policies:  [(array([0.   , 0.   , 0.   , 0.   , 0.   , 0.   , 0.   , 0.   , 0.   , 0.422, 0.   , 0.   , 0.   , 0.   , 0.578, 0.   , 0.   , 0.   ]), array([0.   , 0.   , 0.   , 0.   , 0.   , 0.   , 0.   , 0.   , 0.   , 0.   , 0.   , 0.   , 0.566, 0.   , 0.   , 0.434, 0.   , 0.   ]))]
Frame: 6450000, Avg. RL Loss: 0.006, Avg. Q value: 0.148, Avg. Length: 3397.5, P0 Avg. Reward: -14.489, P1 Avg. Reward: 14.489
Q table: 
 [[0.402 0.358 0.386 ... 0.353 0.377 0.412]
 [0.369 0.441 0.361 ... 0.389 0.369 0.365]
 [0.411 0.351 0.342 ... 0.433 0.419 0.394]
 ...
 [0.417 0.42  0.444 ... 0.299 0.398 0.382]
 [0.372 0.413 0.398 ... 0.35  0.424 0.407]
 [0.434 0.39  0.438 ... 0.359 0.412 0.442]]
Nash policies:  [(array([0.   , 0.   , 0.   , 0.024, 0.026, 0.   , 0.162, 0.   , 0.051, 0.105, 0.437, 0.   , 0.086, 0.   , 0.109, 0.   , 0.   , 0.   ]), array([0.   , 0.   , 0.068, 0.   , 0.   , 0.051, 0.   , 0.   , 0.01 , 0.   , 0.18 , 0.   , 0.133, 0.072, 0.231, 0.254, 0.   , 0.   ]))]
Frame: 6600000, Avg. RL Loss: 0.006, Avg. Q value: 0.175, Avg. Length: 3467.7, P0 Avg. Reward: -13.071, P1 Avg. Reward: 13.071
Q table: 
 [[-0.006  0.01  -0.006 ... -0.102 -0.003 -0.004]
 [-0.013 -0.003 -0.017 ... -0.015 -0.006  0.002]
 [ 0.005  0.008 -0.005 ... -0.035  0.011  0.019]
 ...
 [ 0.027 -0.009 -0.    ... -0.122  0.007 -0.002]
 [-0.007 -0.012  0.009 ... -0.069 -0.    -0.007]
 [ 0.007 -0.004 -0.001 ... -0.125 -0.002  0.   ]]
Nash policies:  [(array([0.   , 0.   , 0.   , 0.025, 0.   , 0.   , 0.   , 0.   , 0.   , 0.975, 0.   , 0.   , 0.   , 0.   , 0.   , 0.   , 0.   , 0.   ]), array([0.  , 0.  , 0.  , 0.  , 0.  , 0.  , 0.  , 0.  , 0.  , 0.  , 0.  , 0.  , 0.38, 0.  , 0.  , 0.62, 0.  , 0.  ]))]
Frame: 6750000, Avg. RL Loss: 0.005, Avg. Q value: 0.195, Avg. Length: 3599.7, P0 Avg. Reward: -10.190, P1 Avg. Reward: 10.190
Q table: 
 [[-0.007  0.006 -0.008 ... -0.095 -0.004  0.   ]
 [-0.012 -0.002 -0.018 ... -0.013 -0.005  0.   ]
 [ 0.005  0.008 -0.004 ... -0.034  0.011  0.02 ]
 ...
 [ 0.025 -0.013  0.    ... -0.122  0.007 -0.003]
 [-0.006 -0.012  0.01  ... -0.058 -0.002 -0.008]
 [ 0.004 -0.008 -0.003 ... -0.113 -0.001 -0.001]]
Nash policies:  [(array([0.  , 0.55, 0.  , 0.45, 0.  , 0.  , 0.  , 0.  , 0.  , 0.  , 0.  , 0.  , 0.  , 0.  , 0.  , 0.  , 0.  , 0.  ]), array([0.   , 0.   , 0.   , 0.   , 0.   , 0.   , 0.   , 0.   , 0.   , 0.   , 0.   , 0.   , 0.825, 0.   , 0.   , 0.175, 0.   , 0.   ]))]
Frame: 6900000, Avg. RL Loss: 0.005, Avg. Q value: 0.151, Avg. Length: 3324.9, P0 Avg. Reward: -14.444, P1 Avg. Reward: 14.444
Q table: 
 [[-0.007  0.006 -0.008 ... -0.092 -0.003  0.   ]
 [-0.011 -0.002 -0.017 ... -0.013 -0.005 -0.002]
 [ 0.003  0.008 -0.005 ... -0.026  0.013  0.018]
 ...
 [ 0.024 -0.015 -0.001 ... -0.118  0.007 -0.003]
 [-0.006 -0.014  0.01  ... -0.056 -0.002 -0.009]
 [ 0.004 -0.007 -0.003 ... -0.107 -0.002 -0.002]]
Nash policies:  [(array([0.   , 0.   , 0.105, 0.895, 0.   , 0.   , 0.   , 0.   , 0.   , 0.   , 0.   , 0.   , 0.   , 0.   , 0.   , 0.   , 0.   , 0.   ]), array([0.  , 0.  , 0.  , 0.  , 0.  , 0.  , 0.  , 0.  , 0.  , 0.  , 0.  , 0.  , 0.79, 0.  , 0.  , 0.21, 0.  , 0.  ]))]
Frame: 7050000, Avg. RL Loss: 0.006, Avg. Q value: 0.185, Avg. Length: 3603.0, P0 Avg. Reward: -11.476, P1 Avg. Reward: 11.476
Q table: 
 [[-0.007  0.005 -0.005 ... -0.086 -0.003  0.001]
 [-0.009 -0.003 -0.012 ... -0.015 -0.006 -0.001]
 [ 0.002  0.008 -0.005 ... -0.012  0.013  0.017]
 ...
 [ 0.022 -0.016  0.001 ... -0.115  0.006 -0.002]
 [-0.007 -0.013  0.011 ... -0.054 -0.002 -0.009]
 [ 0.004 -0.008 -0.01  ... -0.102 -0.001 -0.001]]
Nash policies:  [(array([0.   , 0.144, 0.631, 0.225, 0.   , 0.   , 0.   , 0.   , 0.   , 0.   , 0.   , 0.   , 0.   , 0.   , 0.   , 0.   , 0.   , 0.   ]), array([0.   , 0.   , 0.   , 0.067, 0.   , 0.   , 0.   , 0.   , 0.   , 0.   , 0.   , 0.   , 0.501, 0.   , 0.   , 0.432, 0.   , 0.   ]))]
Frame: 7200000, Avg. RL Loss: 0.005, Avg. Q value: 0.207, Avg. Length: 3371.7, P0 Avg. Reward: -12.000, P1 Avg. Reward: 12.000
Q table: 
 [[-0.007  0.004 -0.005 ... -0.081 -0.003  0.   ]
 [-0.008 -0.003 -0.009 ... -0.014 -0.007  0.   ]
 [ 0.002  0.008 -0.005 ... -0.014  0.012  0.018]
 ...
 [ 0.021 -0.017  0.001 ... -0.114  0.006 -0.002]
 [-0.006 -0.012  0.01  ... -0.05  -0.002 -0.011]
 [ 0.005 -0.008 -0.01  ... -0.097 -0.001 -0.002]]
Nash policies:  [(array([0.   , 0.366, 0.   , 0.   , 0.   , 0.   , 0.   , 0.   , 0.   , 0.   , 0.   , 0.   , 0.   , 0.   , 0.634, 0.   , 0.   , 0.   ]), array([0.  , 0.  , 0.  , 0.  , 0.  , 0.  , 0.  , 0.  , 0.  , 0.  , 0.  , 0.  , 0.57, 0.  , 0.  , 0.43, 0.  , 0.  ]))]
Frame: 7350000, Avg. RL Loss: 0.005, Avg. Q value: 0.195, Avg. Length: 3558.9, P0 Avg. Reward: -11.357, P1 Avg. Reward: 11.357
Q table: 
 [[-0.007  0.004 -0.005 ... -0.074 -0.003  0.   ]
 [-0.007 -0.002 -0.009 ... -0.014 -0.008  0.   ]
 [ 0.002  0.008 -0.005 ... -0.013  0.012  0.019]
 ...
 [ 0.019 -0.018  0.001 ... -0.11   0.005 -0.002]
 [-0.006 -0.011  0.007 ... -0.045 -0.002 -0.011]
 [ 0.003 -0.008 -0.01  ... -0.093  0.001 -0.002]]
Nash policies:  [(array([0.   , 0.985, 0.   , 0.   , 0.   , 0.   , 0.   , 0.   , 0.   , 0.   , 0.   , 0.015, 0.   , 0.   , 0.   , 0.   , 0.   , 0.   ]), array([0.   , 0.   , 0.   , 0.   , 0.   , 0.   , 0.   , 0.   , 0.   , 0.   , 0.   , 0.   , 0.914, 0.   , 0.   , 0.086, 0.   , 0.   ]))]
Frame: 7500000, Avg. RL Loss: 0.005, Avg. Q value: 0.174, Avg. Length: 3516.5, P0 Avg. Reward: -13.429, P1 Avg. Reward: 13.429
Q table: 
 [[-0.008  0.005 -0.005 ... -0.066 -0.003  0.001]
 [-0.006 -0.003 -0.01  ... -0.014 -0.008  0.001]
 [ 0.002  0.007 -0.006 ... -0.015  0.011  0.018]
 ...
 [ 0.019 -0.016  0.002 ... -0.103  0.005 -0.003]
 [-0.005 -0.011  0.007 ... -0.043 -0.004 -0.011]
 [ 0.002 -0.009 -0.01  ... -0.091  0.001 -0.001]]
Nash policies:  [(array([0.   , 0.   , 0.   , 0.   , 0.   , 0.   , 0.   , 0.   , 0.   , 0.   , 0.   , 0.067, 0.   , 0.   , 0.933, 0.   , 0.   , 0.   ]), array([0.   , 0.   , 0.   , 0.   , 0.   , 0.   , 0.   , 0.   , 0.   , 0.   , 0.   , 0.   , 0.771, 0.   , 0.   , 0.229, 0.   , 0.   ]))]
Frame: 7650000, Avg. RL Loss: 0.005, Avg. Q value: 0.187, Avg. Length: 3228.8, P0 Avg. Reward: -13.375, P1 Avg. Reward: 13.375
Q table: 
 [[0.439 0.435 0.465 ... 0.448 0.371 0.384]
 [0.374 0.412 0.427 ... 0.398 0.43  0.461]
 [0.409 0.377 0.409 ... 0.405 0.431 0.397]
 ...
 [0.44  0.416 0.371 ... 0.422 0.362 0.38 ]
 [0.405 0.403 0.417 ... 0.379 0.407 0.424]
 [0.41  0.4   0.413 ... 0.429 0.416 0.405]]
Nash policies:  [(array([0.   , 0.028, 0.006, 0.   , 0.044, 0.   , 0.   , 0.086, 0.101, 0.055, 0.018, 0.123, 0.117, 0.103, 0.162, 0.158, 0.   , 0.   ]), array([0.061, 0.   , 0.038, 0.   , 0.   , 0.15 , 0.083, 0.123, 0.   , 0.056, 0.026, 0.098, 0.   , 0.193, 0.   , 0.11 , 0.03 , 0.033]))]
Frame: 7800000, Avg. RL Loss: 0.005, Avg. Q value: 0.227, Avg. Length: 3977.8, P0 Avg. Reward: -8.972, P1 Avg. Reward: 8.972
Q table: 
 [[ 0.003  0.014  0.02  ... -0.002  0.014  0.004]
 [-0.025  0.005  0.005 ... -0.005 -0.011 -0.001]
 [ 0.023  0.023 -0.005 ... -0.002 -0.006  0.004]
 ...
 [ 0.029 -0.011 -0.015 ... -0.074  0.016 -0.001]
 [-0.003  0.006 -0.011 ... -0.044 -0.027 -0.005]
 [ 0.005 -0.01  -0.011 ... -0.055  0.018 -0.018]]
Nash policies:  [(array([0.139, 0.   , 0.643, 0.002, 0.   , 0.   , 0.   , 0.217, 0.   , 0.   , 0.   , 0.   , 0.   , 0.   , 0.   , 0.   , 0.   , 0.   ]), array([0.   , 0.   , 0.   , 0.   , 0.007, 0.   , 0.681, 0.   , 0.   , 0.   , 0.   , 0.   , 0.045, 0.   , 0.   , 0.267, 0.   , 0.   ]))]
Frame: 7950000, Avg. RL Loss: 0.005, Avg. Q value: 0.128, Avg. Length: 3440.5, P0 Avg. Reward: -14.733, P1 Avg. Reward: 14.733
Q table: 
 [[ 0.004  0.017  0.027 ... -0.005  0.002  0.005]
 [-0.031  0.005  0.007 ... -0.031 -0.014 -0.   ]
 [ 0.027  0.026 -0.005 ... -0.008  0.009 -0.001]
 ...
 [ 0.031 -0.01  -0.02  ... -0.03   0.016 -0.   ]
 [-0.002  0.008 -0.018 ... -0.057 -0.033 -0.003]
 [ 0.005 -0.009 -0.01  ... -0.034  0.022 -0.021]]
Nash policies:  [(array([1., 0., 0., 0., 0., 0., 0., 0., 0., 0., 0., 0., 0., 0., 0., 0., 0., 0.]), array([0., 0., 0., 0., 0., 0., 0., 0., 0., 0., 0., 0., 0., 0., 0., 1., 0., 0.]))]
Frame: 8100000, Avg. RL Loss: 0.004, Avg. Q value: 0.177, Avg. Length: 3518.1, P0 Avg. Reward: -8.976, P1 Avg. Reward: 8.976
Q table: 
 [[ 0.008  0.018  0.034 ... -0.003 -0.001  0.004]
 [-0.033  0.007  0.011 ... -0.026 -0.014 -0.001]
 [ 0.034  0.031 -0.    ... -0.017  0.013 -0.004]
 ...
 [ 0.037 -0.007 -0.023 ... -0.014  0.014  0.001]
 [-0.001  0.011 -0.02  ... -0.078 -0.041  0.002]
 [ 0.007 -0.007 -0.008 ... -0.005  0.018 -0.023]]
Nash policies:  [(array([0.991, 0.   , 0.   , 0.   , 0.   , 0.   , 0.   , 0.   , 0.   , 0.   , 0.   , 0.009, 0.   , 0.   , 0.   , 0.   , 0.   , 0.   ]), array([0.   , 0.   , 0.   , 0.   , 0.   , 0.   , 0.   , 0.   , 0.   , 0.   , 0.   , 0.042, 0.   , 0.   , 0.   , 0.958, 0.   , 0.   ]))]
Frame: 8250000, Avg. RL Loss: 0.004, Avg. Q value: 0.313, Avg. Length: 4671.6, P0 Avg. Reward: 1.533, P1 Avg. Reward: -1.533
Q table: 
 [[ 0.012  0.024  0.039 ...  0.014  0.009  0.006]
 [-0.043  0.009  0.022 ... -0.031 -0.018 -0.004]
 [ 0.046  0.04   0.001 ... -0.007 -0.001 -0.013]
 ...
 [ 0.044  0.002 -0.028 ... -0.007  0.02   0.004]
 [ 0.003  0.022 -0.026 ... -0.092 -0.053  0.009]
 [ 0.009 -0.005 -0.001 ...  0.024  0.011 -0.003]]
Nash policies:  [(array([0.397, 0.   , 0.073, 0.   , 0.   , 0.   , 0.   , 0.123, 0.   , 0.011, 0.   , 0.   , 0.043, 0.   , 0.   , 0.   , 0.   , 0.352]), array([0.015, 0.   , 0.   , 0.   , 0.   , 0.029, 0.814, 0.   , 0.   , 0.108, 0.   , 0.   , 0.   , 0.   , 0.   , 0.   , 0.015, 0.02 ]))]
Frame: 8400000, Avg. RL Loss: 0.003, Avg. Q value: 0.405, Avg. Length: 4616.5, P0 Avg. Reward: 4.061, P1 Avg. Reward: -4.061
Q table: 
 [[ 0.006  0.017  0.02  ... -0.009  0.001  0.004]
 [-0.029  0.005  0.016 ... -0.051 -0.018  0.001]
 [ 0.031  0.031  0.002 ... -0.036  0.004 -0.004]
 ...
 [ 0.032  0.001 -0.022 ... -0.027  0.014  0.003]
 [ 0.004  0.014 -0.02  ... -0.084 -0.037  0.006]
 [ 0.008  0.001  0.003 ...  0.004  0.002  0.006]]
Nash policies:  [(array([0.001, 0.   , 0.   , 0.   , 0.028, 0.   , 0.   , 0.   , 0.   , 0.   , 0.009, 0.   , 0.   , 0.   , 0.   , 0.   , 0.   , 0.962]), array([0.   , 0.03 , 0.   , 0.   , 0.   , 0.   , 0.001, 0.   , 0.   , 0.641, 0.   , 0.   , 0.   , 0.   , 0.   , 0.194, 0.134, 0.   ]))]
Frame: 8550000, Avg. RL Loss: 0.004, Avg. Q value: 0.377, Avg. Length: 5345.5, P0 Avg. Reward: 2.067, P1 Avg. Reward: -2.067
Q table: 
 [[ 0.011  0.02   0.026 ... -0.014  0.011  0.006]
 [-0.038  0.006  0.021 ... -0.048 -0.022 -0.   ]
 [ 0.037  0.039 -0.001 ... -0.026 -0.004 -0.012]
 ...
 [ 0.039  0.004 -0.025 ... -0.034  0.015  0.005]
 [ 0.008  0.019 -0.022 ... -0.101 -0.04   0.01 ]
 [ 0.008  0.001  0.002 ...  0.023  0.007  0.003]]
Nash policies:  [(array([0.047, 0.   , 0.102, 0.   , 0.   , 0.   , 0.008, 0.119, 0.024, 0.   , 0.   , 0.   , 0.   , 0.143, 0.   , 0.   , 0.   , 0.556]), array([0.   , 0.   , 0.052, 0.05 , 0.016, 0.   , 0.322, 0.   , 0.   , 0.247, 0.   , 0.   , 0.   , 0.   , 0.   , 0.014, 0.298, 0.   ]))]
Frame: 8700000, Avg. RL Loss: 0.004, Avg. Q value: 0.361, Avg. Length: 4778.4, P0 Avg. Reward: -4.800, P1 Avg. Reward: 4.800
Q table: 
 [[ 0.     0.013 -0.002 ... -0.056 -0.005  0.006]
 [-0.016 -0.001  0.007 ... -0.08  -0.015  0.004]
 [ 0.009  0.021  0.002 ... -0.062  0.017  0.007]
 ...
 [ 0.021 -0.003 -0.008 ... -0.068  0.006  0.001]
 [ 0.005  0.006 -0.009 ... -0.116 -0.014 -0.   ]
 [-0.001  0.001  0.001 ... -0.04  -0.006  0.013]]
Nash policies:  [(array([0., 0., 0., 0., 0., 0., 0., 0., 0., 0., 0., 1., 0., 0., 0., 0., 0., 0.]), array([0., 0., 0., 0., 0., 0., 0., 0., 0., 0., 0., 0., 0., 0., 0., 1., 0., 0.]))]
Frame: 8850000, Avg. RL Loss: 0.004, Avg. Q value: 0.250, Avg. Length: 3606.9, P0 Avg. Reward: -9.857, P1 Avg. Reward: 9.857
Q table: 
 [[0.466 0.456 0.421 ... 0.434 0.449 0.439]
 [0.456 0.472 0.419 ... 0.438 0.439 0.437]
 [0.441 0.394 0.438 ... 0.43  0.449 0.435]
 ...
 [0.453 0.451 0.441 ... 0.427 0.43  0.448]
 [0.456 0.457 0.419 ... 0.439 0.432 0.451]
 [0.462 0.427 0.446 ... 0.437 0.434 0.474]]
Nash policies:  [(array([0.095, 0.   , 0.138, 0.   , 0.   , 0.   , 0.   , 0.239, 0.   , 0.162, 0.   , 0.   , 0.   , 0.   , 0.   , 0.   , 0.12 , 0.247]), array([0.   , 0.045, 0.005, 0.199, 0.   , 0.   , 0.   , 0.   , 0.   , 0.   , 0.421, 0.   , 0.204, 0.   , 0.126, 0.   , 0.   , 0.   ]))]
Frame: 9000000, Avg. RL Loss: 0.004, Avg. Q value: 0.260, Avg. Length: 3733.4, P0 Avg. Reward: -11.310, P1 Avg. Reward: 11.310
Q table: 
 [[0.903 0.878 0.959 ... 1.047 0.93  0.895]
 [0.917 0.961 0.974 ... 1.    0.946 0.919]
 [0.898 0.87  0.937 ... 0.939 0.958 0.87 ]
 ...
 [0.954 0.969 0.883 ... 1.057 0.837 0.928]
 [0.89  0.915 0.878 ... 1.11  0.91  0.919]
 [0.846 0.937 0.937 ... 0.995 0.921 0.903]]
Nash policies:  [(array([0.   , 0.173, 0.036, 0.   , 0.097, 0.09 , 0.   , 0.03 , 0.   , 0.   , 0.031, 0.   , 0.237, 0.056, 0.205, 0.046, 0.   , 0.   ]), array([0.   , 0.   , 0.   , 0.   , 0.148, 0.065, 0.214, 0.003, 0.106, 0.   , 0.205, 0.116, 0.   , 0.   , 0.089, 0.   , 0.046, 0.009]))]
Frame: 9150000, Avg. RL Loss: 0.004, Avg. Q value: 0.218, Avg. Length: 3572.4, P0 Avg. Reward: -11.821, P1 Avg. Reward: 11.821
Q table: 
 [[ 0.008  0.019  0.002 ... -0.044  0.002  0.006]
 [-0.027  0.006  0.014 ... -0.115 -0.016  0.003]
 [ 0.003  0.035  0.005 ... -0.022  0.007  0.004]
 ...
 [ 0.023  0.004 -0.006 ... -0.059  0.003  0.005]
 [ 0.008  0.018 -0.01  ... -0.143  0.001  0.006]
 [ 0.006  0.005  0.004 ... -0.035  0.004  0.007]]
Nash policies:  [(array([0., 0., 0., 0., 0., 0., 0., 0., 0., 0., 0., 1., 0., 0., 0., 0., 0., 0.]), array([0., 0., 0., 0., 0., 0., 0., 0., 0., 0., 0., 0., 0., 0., 0., 1., 0., 0.]))]
Frame: 9300000, Avg. RL Loss: 0.004, Avg. Q value: 0.299, Avg. Length: 4101.5, P0 Avg. Reward: -7.282, P1 Avg. Reward: 7.282
Q table: 
 [[ 0.01   0.025  0.011 ... -0.006  0.009  0.012]
 [-0.038  0.012  0.023 ... -0.089 -0.019  0.002]
 [ 0.01   0.046  0.006 ...  0.025  0.001 -0.002]
 ...
 [ 0.013  0.008 -0.006 ... -0.005  0.008  0.017]
 [ 0.008  0.027 -0.009 ... -0.109 -0.     0.016]
 [ 0.008  0.008  0.007 ...  0.001  0.008  0.004]]
Nash policies:  [(array([0.379, 0.   , 0.   , 0.   , 0.   , 0.   , 0.   , 0.159, 0.   , 0.   , 0.   , 0.025, 0.   , 0.019, 0.242, 0.175, 0.   , 0.   ]), array([0.   , 0.   , 0.052, 0.   , 0.   , 0.068, 0.   , 0.   , 0.   , 0.   , 0.397, 0.03 , 0.   , 0.   , 0.   , 0.077, 0.376, 0.   ]))]
Frame: 9450000, Avg. RL Loss: 0.004, Avg. Q value: 0.312, Avg. Length: 3591.5, P0 Avg. Reward: -9.310, P1 Avg. Reward: 9.310
Q table: 
 [[1.077 1.067 1.038 ... 1.034 1.029 1.055]
 [1.025 1.057 1.044 ... 1.169 1.032 0.987]
 [1.043 1.02  1.048 ... 1.107 1.044 1.034]
 ...
 [1.025 1.04  1.05  ... 1.119 1.041 1.028]
 [1.014 1.021 1.057 ... 1.192 1.048 1.026]
 [1.052 1.064 0.923 ... 1.116 1.059 1.049]]
Nash policies:  [(array([0.014, 0.028, 0.   , 0.   , 0.324, 0.   , 0.   , 0.04 , 0.   , 0.089, 0.219, 0.   , 0.   , 0.   , 0.   , 0.151, 0.102, 0.034]), array([0.   , 0.   , 0.   , 0.067, 0.049, 0.   , 0.079, 0.   , 0.   , 0.034, 0.185, 0.033, 0.   , 0.107, 0.   , 0.   , 0.269, 0.176]))]
Frame: 9600000, Avg. RL Loss: 0.004, Avg. Q value: 0.242, Avg. Length: 3379.6, P0 Avg. Reward: -13.405, P1 Avg. Reward: 13.405
Q table: 
 [[0.649 0.662 0.627 ... 0.699 0.671 0.643]
 [0.631 0.641 0.633 ... 0.654 0.684 0.638]
 [0.657 0.601 0.649 ... 0.644 0.659 0.65 ]
 ...
 [0.655 0.622 0.68  ... 0.651 0.626 0.65 ]
 [0.649 0.645 0.637 ... 0.678 0.636 0.606]
 [0.617 0.624 0.622 ... 0.631 0.64  0.609]]
Nash policies:  [(array([0.187, 0.   , 0.1  , 0.   , 0.12 , 0.   , 0.   , 0.124, 0.   , 0.176, 0.137, 0.   , 0.099, 0.057, 0.   , 0.   , 0.   , 0.   ]), array([0.   , 0.   , 0.104, 0.306, 0.   , 0.   , 0.   , 0.08 , 0.022, 0.   , 0.   , 0.109, 0.173, 0.033, 0.   , 0.   , 0.172, 0.   ]))]
Frame: 9750000, Avg. RL Loss: 0.004, Avg. Q value: 0.212, Avg. Length: 3403.3, P0 Avg. Reward: -14.156, P1 Avg. Reward: 14.156
Q table: 
 [[ 0.007  0.023  0.006 ... -0.021  0.005  0.011]
 [-0.026  0.012  0.019 ... -0.137 -0.014  0.001]
 [ 0.007  0.041  0.009 ... -0.018  0.009  0.011]
 ...
 [ 0.01   0.01   0.01  ... -0.029  0.008  0.01 ]
 [ 0.011  0.021 -0.004 ... -0.121  0.001  0.014]
 [ 0.008  0.008  0.008 ... -0.011  0.007  0.009]]
Nash policies:  [(array([0.   , 0.   , 0.   , 0.   , 0.   , 0.   , 0.   , 0.   , 0.   , 0.   , 0.   , 0.944, 0.   , 0.039, 0.004, 0.   , 0.   , 0.014]), array([0.   , 0.   , 0.   , 0.   , 0.   , 0.   , 0.321, 0.   , 0.   , 0.035, 0.419, 0.   , 0.   , 0.   , 0.   , 0.225, 0.   , 0.   ]))]
Frame: 9900000, Avg. RL Loss: 0.004, Avg. Q value: 0.207, Avg. Length: 3438.9, P0 Avg. Reward: -13.571, P1 Avg. Reward: 13.571
Q table: 
 [[ 0.007  0.022  0.004 ... -0.025  0.006  0.009]
 [-0.024  0.012  0.015 ... -0.156 -0.014  0.003]
 [ 0.006  0.04   0.009 ... -0.007  0.013  0.015]
 ...
 [ 0.01   0.007  0.012 ... -0.039  0.007  0.01 ]
 [ 0.011  0.016 -0.002 ... -0.129  0.004  0.013]
 [ 0.008  0.009  0.007 ... -0.014  0.007  0.01 ]]
Nash policies:  [(array([0., 0., 0., 0., 0., 0., 0., 0., 0., 0., 0., 1., 0., 0., 0., 0., 0., 0.]), array([0., 0., 0., 0., 0., 0., 0., 0., 0., 0., 0., 0., 0., 0., 0., 1., 0., 0.]))]
Frame: 10050000, Avg. RL Loss: 0.004, Avg. Q value: 0.295, Avg. Length: 3976.1, P0 Avg. Reward: -9.744, P1 Avg. Reward: 9.744
Q table: 
 [[ 0.01   0.024  0.009 ... -0.005  0.01   0.01 ]
 [-0.022  0.016  0.013 ... -0.154 -0.013  0.003]
 [ 0.009  0.04   0.01  ...  0.     0.012  0.01 ]
 ...
 [ 0.014  0.009  0.012 ... -0.008  0.013  0.01 ]
 [ 0.013  0.019 -0.001 ... -0.111  0.003  0.009]
 [ 0.008  0.01   0.008 ... -0.046  0.008  0.009]]
Nash policies:  [(array([0.048, 0.   , 0.134, 0.   , 0.   , 0.   , 0.   , 0.   , 0.   , 0.   , 0.   , 0.723, 0.   , 0.006, 0.   , 0.09 , 0.   , 0.   ]), array([0.   , 0.   , 0.   , 0.   , 0.   , 0.   , 0.   , 0.   , 0.   , 0.   , 0.   , 0.208, 0.   , 0.151, 0.   , 0.117, 0.165, 0.359]))]
Frame: 10200000, Avg. RL Loss: 0.003, Avg. Q value: 0.268, Avg. Length: 3399.9, P0 Avg. Reward: -12.044, P1 Avg. Reward: 12.044
Q table: 
 [[1.155 1.109 1.153 ... 1.195 1.101 1.131]
 [1.164 1.066 1.181 ... 1.32  1.212 1.196]
 [1.165 1.142 1.187 ... 1.19  1.123 1.174]
 ...
 [1.132 1.232 1.166 ... 1.062 1.16  1.113]
 [1.17  1.167 1.14  ... 1.166 1.175 1.145]
 [1.115 1.188 1.109 ... 1.267 1.164 1.117]]
Nash policies:  [(array([0.02 , 0.106, 0.161, 0.   , 0.191, 0.   , 0.015, 0.007, 0.049, 0.13 , 0.11 , 0.   , 0.097, 0.   , 0.   , 0.115, 0.   , 0.   ]), array([0.   , 0.069, 0.   , 0.039, 0.052, 0.   , 0.123, 0.   , 0.135, 0.033, 0.   , 0.035, 0.2  , 0.   , 0.176, 0.   , 0.051, 0.086]))]
Frame: 10350000, Avg. RL Loss: 0.003, Avg. Q value: 0.249, Avg. Length: 3607.1, P0 Avg. Reward: -11.071, P1 Avg. Reward: 11.071
Q table: 
 [[0.749 0.73  0.769 ... 0.754 0.714 0.692]
 [0.743 0.729 0.741 ... 0.811 0.739 0.739]
 [0.735 0.72  0.739 ... 0.75  0.773 0.739]
 ...
 [0.687 0.735 0.725 ... 0.766 0.731 0.665]
 [0.723 0.712 0.734 ... 0.738 0.756 0.742]
 [0.754 0.745 0.765 ... 0.765 0.704 0.773]]
Nash policies:  [(array([0.   , 0.   , 0.112, 0.021, 0.049, 0.154, 0.   , 0.   , 0.142, 0.   , 0.   , 0.   , 0.   , 0.   , 0.329, 0.   , 0.056, 0.138]), array([0.287, 0.   , 0.   , 0.038, 0.134, 0.117, 0.069, 0.   , 0.   , 0.034, 0.   , 0.159, 0.   , 0.   , 0.161, 0.   , 0.   , 0.   ]))]
Frame: 10500000, Avg. RL Loss: 0.003, Avg. Q value: 0.277, Avg. Length: 3430.6, P0 Avg. Reward: -9.667, P1 Avg. Reward: 9.667
Q table: 
 [[ 0.013  0.031  0.014 ...  0.023  0.012  0.015]
 [-0.021  0.021  0.018 ... -0.159 -0.014  0.002]
 [ 0.013  0.046  0.011 ...  0.028  0.009  0.01 ]
 ...
 [ 0.021  0.012  0.008 ...  0.021  0.012  0.012]
 [ 0.014  0.026  0.005 ... -0.099  0.01   0.013]
 [ 0.015  0.009  0.007 ... -0.005  0.014  0.015]]
Nash policies:  [(array([0.   , 0.   , 0.   , 0.   , 0.   , 0.   , 0.   , 0.   , 0.   , 0.007, 0.   , 0.   , 0.027, 0.   , 0.713, 0.   , 0.   , 0.254]), array([0.   , 0.   , 0.017, 0.   , 0.   , 0.   , 0.   , 0.   , 0.   , 0.   , 0.   , 0.752, 0.   , 0.   , 0.   , 0.015, 0.217, 0.   ]))]
Frame: 10650000, Avg. RL Loss: 0.003, Avg. Q value: 0.236, Avg. Length: 3775.6, P0 Avg. Reward: -10.308, P1 Avg. Reward: 10.308
Q table: 
 [[ 0.014  0.032  0.011 ... -0.008  0.01   0.013]
 [-0.017  0.016  0.012 ... -0.17  -0.011  0.003]
 [ 0.013  0.043  0.014 ... -0.01   0.012  0.012]
 ...
 [ 0.017  0.011  0.01  ... -0.005  0.01   0.01 ]
 [ 0.014  0.024  0.005 ... -0.133  0.01   0.01 ]
 [ 0.012  0.01   0.011 ... -0.008  0.009  0.012]]
Nash policies:  [(array([0., 0., 0., 0., 0., 0., 0., 0., 0., 0., 0., 1., 0., 0., 0., 0., 0., 0.]), array([0., 0., 0., 0., 0., 0., 0., 0., 0., 0., 0., 0., 0., 0., 0., 1., 0., 0.]))]
Frame: 10800000, Avg. RL Loss: 0.003, Avg. Q value: 0.283, Avg. Length: 3761.2, P0 Avg. Reward: -7.119, P1 Avg. Reward: 7.119
Q table: 
 [[ 0.016  0.039  0.02  ...  0.01   0.016  0.014]
 [-0.023  0.018  0.019 ... -0.107 -0.01  -0.   ]
 [ 0.019  0.046  0.015 ...  0.088  0.005  0.005]
 ...
 [ 0.018  0.013  0.006 ...  0.068  0.013  0.011]
 [ 0.024  0.033  0.005 ... -0.083  0.002  0.016]
 [ 0.021  0.011  0.011 ...  0.072  0.015  0.003]]
Nash policies:  [(array([0.485, 0.   , 0.038, 0.   , 0.   , 0.   , 0.025, 0.077, 0.   , 0.226, 0.   , 0.   , 0.   , 0.   , 0.142, 0.   , 0.007, 0.   ]), array([0.249, 0.   , 0.   , 0.02 , 0.   , 0.131, 0.   , 0.   , 0.   , 0.   , 0.048, 0.   , 0.   , 0.219, 0.   , 0.   , 0.135, 0.198]))]
Frame: 10950000, Avg. RL Loss: 0.003, Avg. Q value: 0.288, Avg. Length: 3756.1, P0 Avg. Reward: -8.846, P1 Avg. Reward: 8.846
Q table: 
 [[1.159 1.141 1.211 ... 1.164 1.155 1.194]
 [1.175 1.185 1.168 ... 1.314 1.146 1.172]
 [1.166 1.194 1.185 ... 1.178 1.166 1.221]
 ...
 [1.168 1.165 1.157 ... 1.144 1.173 1.129]
 [1.175 0.968 1.146 ... 1.28  1.204 1.182]
 [1.204 1.177 1.16  ... 1.162 1.15  1.188]]
Nash policies:  [(array([0.035, 0.   , 0.103, 0.254, 0.126, 0.   , 0.119, 0.152, 0.019, 0.   , 0.   , 0.   , 0.073, 0.119, 0.   , 0.   , 0.   , 0.   ]), array([0.   , 0.068, 0.   , 0.076, 0.176, 0.236, 0.049, 0.08 , 0.   , 0.   , 0.   , 0.   , 0.   , 0.013, 0.141, 0.   , 0.16 , 0.   ]))]
Frame: 11100000, Avg. RL Loss: 0.002, Avg. Q value: 0.342, Avg. Length: 4650.7, P0 Avg. Reward: -3.727, P1 Avg. Reward: 3.727
Q table: 
 [[ 0.012  0.031  0.009 ... -0.027  0.011  0.014]
 [-0.008  0.014  0.013 ... -0.153 -0.014  0.007]
 [ 0.012  0.042  0.012 ...  0.002  0.015  0.013]
 ...
 [ 0.019  0.008  0.012 ... -0.008  0.011  0.01 ]
 [ 0.019  0.03   0.008 ... -0.113  0.01   0.01 ]
 [ 0.013  0.01   0.01  ...  0.009  0.009  0.013]]
Nash policies:  [(array([0.   , 0.   , 0.   , 0.   , 0.   , 0.   , 0.   , 0.243, 0.   , 0.   , 0.   , 0.447, 0.001, 0.   , 0.   , 0.   , 0.   , 0.309]), array([0.   , 0.   , 0.   , 0.   , 0.   , 0.   , 0.   , 0.   , 0.   , 0.022, 0.516, 0.   , 0.   , 0.256, 0.   , 0.068, 0.   , 0.136]))]
Frame: 11250000, Avg. RL Loss: 0.002, Avg. Q value: 0.288, Avg. Length: 3910.2, P0 Avg. Reward: -9.806, P1 Avg. Reward: 9.806
Q table: 
 [[ 0.016  0.034  0.014 ...  0.029  0.015  0.016]
 [-0.008  0.017  0.02  ... -0.124 -0.007  0.01 ]
 [ 0.016  0.044  0.013 ...  0.048  0.01   0.011]
 ...
 [ 0.021  0.012  0.011 ...  0.035  0.014  0.011]
 [ 0.023  0.038  0.012 ... -0.083  0.018  0.016]
 [ 0.014  0.011  0.012 ...  0.043  0.014  0.007]]
Nash policies:  [(array([0.446, 0.   , 0.   , 0.   , 0.   , 0.   , 0.   , 0.046, 0.   , 0.246, 0.075, 0.   , 0.   , 0.04 , 0.148, 0.   , 0.   , 0.   ]), array([0.   , 0.   , 0.52 , 0.   , 0.   , 0.   , 0.003, 0.   , 0.   , 0.   , 0.251, 0.043, 0.   , 0.177, 0.   , 0.   , 0.007, 0.   ]))]
Frame: 11400000, Avg. RL Loss: 0.003, Avg. Q value: 0.290, Avg. Length: 3943.8, P0 Avg. Reward: -8.744, P1 Avg. Reward: 8.744
Q table: 
 [[ 0.02   0.031  0.007 ... -0.02   0.01   0.014]
 [-0.     0.013  0.018 ... -0.185 -0.003  0.012]
 [ 0.01   0.034  0.009 ...  0.004  0.011  0.009]
 ...
 [ 0.019  0.006  0.012 ... -0.018  0.009  0.01 ]
 [ 0.019  0.033  0.013 ... -0.116  0.016  0.008]
 [ 0.012  0.011  0.008 ... -0.014  0.009  0.013]]
Nash policies:  [(array([0.033, 0.   , 0.617, 0.   , 0.   , 0.   , 0.   , 0.   , 0.   , 0.   , 0.   , 0.316, 0.   , 0.   , 0.   , 0.023, 0.012, 0.   ]), array([0.   , 0.   , 0.199, 0.   , 0.   , 0.   , 0.   , 0.   , 0.   , 0.   , 0.171, 0.   , 0.   , 0.319, 0.   , 0.063, 0.   , 0.249]))]
Frame: 11550000, Avg. RL Loss: 0.003, Avg. Q value: 0.304, Avg. Length: 3610.9, P0 Avg. Reward: -11.643, P1 Avg. Reward: 11.643
Q table: 
 [[0.8   0.712 0.743 ... 0.752 0.738 0.773]
 [0.729 0.696 0.754 ... 0.73  0.737 0.789]
 [0.724 0.769 0.719 ... 0.741 0.724 0.728]
 ...
 [0.781 0.724 0.746 ... 0.745 0.765 0.723]
 [0.742 0.723 0.802 ... 0.736 0.769 0.731]
 [0.72  0.732 0.766 ... 0.791 0.762 0.716]]
Nash policies:  [(array([0.185, 0.   , 0.183, 0.   , 0.054, 0.   , 0.098, 0.229, 0.   , 0.   , 0.   , 0.   , 0.   , 0.024, 0.026, 0.   , 0.002, 0.197]), array([0.03 , 0.028, 0.036, 0.   , 0.143, 0.315, 0.236, 0.031, 0.   , 0.   , 0.   , 0.   , 0.   , 0.   , 0.   , 0.   , 0.126, 0.054]))]
Frame: 11700000, Avg. RL Loss: 0.003, Avg. Q value: 0.326, Avg. Length: 3632.3, P0 Avg. Reward: -8.976, P1 Avg. Reward: 8.976
Q table: 
 [[ 0.02   0.03   0.014 ...  0.017  0.011  0.013]
 [-0.004  0.014  0.021 ... -0.18  -0.     0.011]
 [ 0.013  0.036  0.012 ...  0.024  0.012  0.01 ]
 ...
 [ 0.018  0.009  0.013 ...  0.004  0.012  0.01 ]
 [ 0.021  0.032  0.015 ... -0.112  0.014  0.011]
 [ 0.014  0.01   0.008 ...  0.001  0.011  0.008]]
Nash policies:  [(array([0.418, 0.   , 0.409, 0.   , 0.   , 0.   , 0.   , 0.   , 0.   , 0.145, 0.   , 0.   , 0.   , 0.   , 0.   , 0.028, 0.   , 0.   ]), array([0.   , 0.   , 0.   , 0.   , 0.   , 0.   , 0.   , 0.   , 0.   , 0.   , 0.097, 0.   , 0.   , 0.   , 0.   , 0.029, 0.636, 0.238]))]
Frame: 11850000, Avg. RL Loss: 0.003, Avg. Q value: 0.352, Avg. Length: 4192.3, P0 Avg. Reward: -4.972, P1 Avg. Reward: 4.972
Q table: 
 [[ 0.02   0.032  0.016 ...  0.032  0.017  0.018]
 [-0.007  0.018  0.026 ... -0.137 -0.003  0.011]
 [ 0.017  0.035  0.015 ...  0.045  0.011  0.016]
 ...
 [ 0.026  0.01   0.011 ...  0.028  0.019  0.013]
 [ 0.023  0.032  0.013 ... -0.067  0.01   0.012]
 [ 0.017  0.011  0.01  ...  0.041  0.019  0.01 ]]
Nash policies:  [(array([0.447, 0.   , 0.   , 0.   , 0.   , 0.   , 0.   , 0.026, 0.004, 0.522, 0.   , 0.   , 0.   , 0.   , 0.   , 0.   , 0.   , 0.   ]), array([0.   , 0.   , 0.354, 0.   , 0.   , 0.   , 0.   , 0.   , 0.   , 0.   , 0.   , 0.   , 0.   , 0.005, 0.   , 0.015, 0.626, 0.   ]))]
Frame: 12000000, Avg. RL Loss: 0.002, Avg. Q value: 0.269, Avg. Length: 3549.0, P0 Avg. Reward: -11.619, P1 Avg. Reward: 11.619
Q table: 
 [[0.393 0.408 0.386 ... 0.425 0.335 0.334]
 [0.408 0.366 0.413 ... 0.355 0.355 0.381]
 [0.346 0.319 0.361 ... 0.416 0.392 0.373]
 ...
 [0.332 0.398 0.381 ... 0.4   0.348 0.323]
 [0.366 0.415 0.365 ... 0.364 0.381 0.387]
 [0.364 0.418 0.35  ... 0.378 0.335 0.37 ]]
Nash policies:  [(array([0.013, 0.347, 0.04 , 0.   , 0.   , 0.107, 0.165, 0.   , 0.   , 0.143, 0.   , 0.   , 0.092, 0.   , 0.094, 0.   , 0.   , 0.   ]), array([0.223, 0.117, 0.   , 0.   , 0.   , 0.   , 0.025, 0.13 , 0.   , 0.   , 0.09 , 0.   , 0.   , 0.   , 0.   , 0.141, 0.263, 0.011]))]
Frame: 12150000, Avg. RL Loss: 0.003, Avg. Q value: 0.216, Avg. Length: 3354.7, P0 Avg. Reward: -11.867, P1 Avg. Reward: 11.867
Q table: 
 [[0.656 0.65  0.648 ... 0.651 0.684 0.653]
 [0.642 0.679 0.651 ... 0.645 0.665 0.635]
 [0.668 0.667 0.612 ... 0.657 0.636 0.664]
 ...
 [0.668 0.64  0.679 ... 0.648 0.667 0.678]
 [0.627 0.621 0.672 ... 0.618 0.645 0.628]
 [0.632 0.644 0.642 ... 0.645 0.663 0.617]]
Nash policies:  [(array([0.   , 0.   , 0.251, 0.104, 0.008, 0.   , 0.012, 0.   , 0.072, 0.   , 0.039, 0.125, 0.107, 0.   , 0.049, 0.232, 0.   , 0.   ]), array([0.   , 0.15 , 0.24 , 0.129, 0.   , 0.084, 0.055, 0.   , 0.   , 0.039, 0.   , 0.   , 0.   , 0.   , 0.13 , 0.087, 0.027, 0.058]))]
Frame: 12300000, Avg. RL Loss: 0.003, Avg. Q value: 0.291, Avg. Length: 4087.3, P0 Avg. Reward: -5.167, P1 Avg. Reward: 5.167
Q table: 
 [[ 0.004  0.019  0.001 ... -0.057  0.004  0.02 ]
 [ 0.01   0.01   0.009 ... -0.192  0.001  0.015]
 [ 0.008  0.022  0.015 ... -0.112  0.027  0.031]
 ...
 [ 0.013  0.006  0.033 ... -0.123  0.015  0.015]
 [ 0.015  0.007  0.013 ... -0.166  0.018  0.004]
 [ 0.004  0.009  0.008 ... -0.081  0.006  0.022]]
Nash policies:  [(array([0., 0., 0., 0., 0., 0., 0., 0., 0., 0., 0., 1., 0., 0., 0., 0., 0., 0.]), array([0., 0., 0., 0., 0., 0., 0., 0., 0., 0., 0., 0., 0., 0., 0., 1., 0., 0.]))]
Frame: 12450000, Avg. RL Loss: 0.002, Avg. Q value: 0.240, Avg. Length: 3737.2, P0 Avg. Reward: -10.795, P1 Avg. Reward: 10.795
Q table: 
 [[ 0.009  0.023  0.009 ... -0.062  0.011  0.028]
 [ 0.01   0.011  0.011 ... -0.204  0.002  0.009]
 [ 0.006  0.022  0.022 ... -0.106  0.034  0.034]
 ...
 [ 0.011  0.012  0.032 ... -0.072  0.017  0.021]
 [ 0.016  0.008  0.014 ... -0.152  0.019  0.004]
 [ 0.004  0.005  0.008 ... -0.073  0.006  0.02 ]]
Nash policies:  [(array([0., 0., 0., 0., 0., 0., 0., 0., 0., 0., 0., 1., 0., 0., 0., 0., 0., 0.]), array([0., 0., 0., 0., 0., 0., 0., 0., 0., 0., 0., 0., 0., 0., 0., 1., 0., 0.]))]
Frame: 12600000, Avg. RL Loss: 0.002, Avg. Q value: 0.165, Avg. Length: 3295.3, P0 Avg. Reward: -14.396, P1 Avg. Reward: 14.396
Q table: 
 [[0.171 0.097 0.109 ... 0.599 0.103 0.135]
 [0.049 0.098 0.115 ... 0.196 0.08  0.051]
 [0.155 0.071 0.088 ... 0.439 0.088 0.098]
 ...
 [0.114 0.07  0.113 ... 0.537 0.122 0.108]
 [0.093 0.056 0.072 ... 0.338 0.083 0.086]
 [0.05  0.082 0.087 ... 0.502 0.115 0.109]]
Nash policies:  [(array([0.092, 0.014, 0.216, 0.   , 0.   , 0.   , 0.   , 0.   , 0.   , 0.   , 0.   , 0.   , 0.   , 0.   , 0.488, 0.19 , 0.   , 0.   ]), array([0.065, 0.033, 0.   , 0.   , 0.   , 0.   , 0.   , 0.   , 0.302, 0.   , 0.   , 0.   , 0.   , 0.525, 0.075, 0.   , 0.   , 0.   ]))]
Frame: 12750000, Avg. RL Loss: 0.002, Avg. Q value: 0.179, Avg. Length: 3343.4, P0 Avg. Reward: -12.756, P1 Avg. Reward: 12.756
Q table: 
 [[0.114 0.103 0.095 ... 0.559 0.085 0.124]
 [0.026 0.086 0.064 ... 0.141 0.052 0.05 ]
 [0.123 0.084 0.091 ... 0.339 0.086 0.089]
 ...
 [0.105 0.044 0.114 ... 0.493 0.08  0.108]
 [0.075 0.035 0.074 ... 0.256 0.058 0.1  ]
 [0.048 0.075 0.072 ... 0.443 0.096 0.099]]
Nash policies:  [(array([0.   , 0.035, 0.352, 0.041, 0.078, 0.   , 0.   , 0.   , 0.   , 0.   , 0.   , 0.   , 0.   , 0.046, 0.349, 0.099, 0.   , 0.   ]), array([0.   , 0.078, 0.   , 0.   , 0.   , 0.   , 0.   , 0.   , 0.27 , 0.   , 0.007, 0.003, 0.   , 0.457, 0.   , 0.   , 0.094, 0.092]))]
Frame: 12900000, Avg. RL Loss: 0.002, Avg. Q value: 0.284, Avg. Length: 3906.2, P0 Avg. Reward: -9.083, P1 Avg. Reward: 9.083
Q table: 
 [[ 0.012  0.037  0.026 ...  0.033  0.019  0.04 ]
 [ 0.005  0.02   0.009 ... -0.181  0.013  0.012]
 [ 0.016  0.023  0.035 ... -0.067  0.043  0.041]
 ...
 [ 0.017  0.039  0.043 ...  0.017  0.027  0.033]
 [ 0.019  0.009  0.019 ... -0.137  0.016  0.01 ]
 [ 0.008  0.008  0.018 ... -0.019  0.018  0.017]]
Nash policies:  [(array([0.844, 0.   , 0.   , 0.   , 0.   , 0.   , 0.   , 0.024, 0.   , 0.   , 0.082, 0.   , 0.   , 0.   , 0.   , 0.05 , 0.   , 0.   ]), array([0.126, 0.   , 0.   , 0.   , 0.   , 0.   , 0.   , 0.018, 0.   , 0.   , 0.   , 0.   , 0.   , 0.844, 0.   , 0.011, 0.   , 0.   ]))]
Frame: 13050000, Avg. RL Loss: 0.001, Avg. Q value: 0.226, Avg. Length: 3325.5, P0 Avg. Reward: -10.667, P1 Avg. Reward: 10.667
Q table: 
 [[0.749 0.761 0.787 ... 0.75  0.75  0.755]
 [0.767 0.801 0.791 ... 0.817 0.728 0.746]
 [0.747 0.752 0.768 ... 0.816 0.731 0.777]
 ...
 [0.766 0.76  0.756 ... 0.742 0.752 0.779]
 [0.754 0.781 0.756 ... 0.822 0.75  0.756]
 [0.779 0.79  0.74  ... 0.76  0.765 0.727]]
Nash policies:  [(array([0.147, 0.   , 0.07 , 0.017, 0.   , 0.104, 0.   , 0.168, 0.   , 0.   , 0.109, 0.158, 0.069, 0.   , 0.   , 0.   , 0.158, 0.   ]), array([0.227, 0.   , 0.   , 0.021, 0.   , 0.   , 0.   , 0.118, 0.   , 0.   , 0.006, 0.11 , 0.   , 0.121, 0.189, 0.   , 0.078, 0.13 ]))]
Frame: 13200000, Avg. RL Loss: 0.001, Avg. Q value: 0.248, Avg. Length: 3548.9, P0 Avg. Reward: -10.667, P1 Avg. Reward: 10.667
Q table: 
 [[1.238 1.14  1.198 ... 1.149 1.247 1.237]
 [1.233 1.215 1.244 ... 1.351 1.189 1.201]
 [1.22  1.24  1.146 ... 1.279 1.173 1.224]
 ...
 [1.236 1.214 1.235 ... 1.209 1.242 1.247]
 [1.236 1.201 1.253 ... 1.319 1.212 1.29 ]
 [1.279 1.245 1.194 ... 1.306 1.21  1.193]]
Nash policies:  [(array([0.   , 0.   , 0.   , 0.112, 0.031, 0.   , 0.109, 0.053, 0.072, 0.   , 0.174, 0.138, 0.063, 0.   , 0.   , 0.183, 0.   , 0.066]), array([0.   , 0.31 , 0.035, 0.122, 0.086, 0.037, 0.011, 0.008, 0.   , 0.   , 0.   , 0.152, 0.101, 0.   , 0.138, 0.   , 0.   , 0.   ]))]
Frame: 13350000, Avg. RL Loss: 0.002, Avg. Q value: 0.265, Avg. Length: 3737.2, P0 Avg. Reward: -9.923, P1 Avg. Reward: 9.923
Q table: 
 [[0.667 0.567 0.652 ... 0.594 0.653 0.63 ]
 [0.632 0.671 0.593 ... 0.64  0.647 0.628]
 [0.622 0.638 0.646 ... 0.664 0.613 0.635]
 ...
 [0.624 0.644 0.644 ... 0.644 0.603 0.646]
 [0.647 0.641 0.623 ... 0.655 0.626 0.679]
 [0.659 0.636 0.636 ... 0.667 0.651 0.625]]
Nash policies:  [(array([0.   , 0.126, 0.   , 0.18 , 0.003, 0.06 , 0.003, 0.   , 0.084, 0.   , 0.09 , 0.098, 0.148, 0.062, 0.   , 0.125, 0.   , 0.021]), array([0.06 , 0.196, 0.133, 0.   , 0.   , 0.216, 0.032, 0.044, 0.   , 0.024, 0.058, 0.   , 0.01 , 0.   , 0.066, 0.   , 0.138, 0.025]))]
Frame: 13500000, Avg. RL Loss: 0.001, Avg. Q value: 0.280, Avg. Length: 4179.0, P0 Avg. Reward: -5.861, P1 Avg. Reward: 5.861
Q table: 
 [[0.588 0.565 0.567 ... 0.496 0.527 0.587]
 [0.552 0.574 0.578 ... 0.504 0.563 0.548]
 [0.528 0.554 0.562 ... 0.545 0.569 0.557]
 ...
 [0.549 0.596 0.61  ... 0.485 0.592 0.535]
 [0.563 0.578 0.576 ... 0.515 0.573 0.589]
 [0.589 0.552 0.578 ... 0.518 0.576 0.558]]
Nash policies:  [(array([0.   , 0.   , 0.446, 0.   , 0.   , 0.   , 0.   , 0.   , 0.   , 0.   , 0.   , 0.   , 0.   , 0.554, 0.   , 0.   , 0.   , 0.   ]), array([0.   , 0.   , 0.   , 0.   , 0.   , 0.   , 0.   , 0.   , 0.   , 0.   , 0.   , 0.   , 0.   , 0.126, 0.   , 0.874, 0.   , 0.   ]))]
Frame: 13650000, Avg. RL Loss: 0.001, Avg. Q value: 0.215, Avg. Length: 3641.2, P0 Avg. Reward: -11.929, P1 Avg. Reward: 11.929
Q table: 
 [[ 0.013  0.049  0.029 ... -0.007  0.025  0.035]
 [ 0.008  0.016  0.015 ... -0.216  0.017  0.014]
 [ 0.016  0.044  0.03  ... -0.085  0.042  0.043]
 ...
 [ 0.013  0.027  0.03  ... -0.024  0.016  0.026]
 [ 0.015  0.013  0.021 ... -0.184  0.009  0.002]
 [ 0.016  0.005  0.02  ... -0.084  0.021  0.018]]
Nash policies:  [(array([0., 0., 0., 0., 0., 0., 0., 0., 0., 0., 0., 1., 0., 0., 0., 0., 0., 0.]), array([0., 0., 0., 0., 0., 0., 0., 0., 0., 0., 0., 0., 0., 0., 0., 1., 0., 0.]))]
Frame: 13800000, Avg. RL Loss: 0.002, Avg. Q value: 0.269, Avg. Length: 4290.3, P0 Avg. Reward: -6.788, P1 Avg. Reward: 6.788
Q table: 
 [[0.937 0.953 0.948 ... 0.852 0.935 0.935]
 [0.925 0.954 0.941 ... 0.955 0.92  0.908]
 [0.918 0.931 0.941 ... 0.89  0.92  0.948]
 ...
 [0.959 0.927 0.952 ... 0.852 0.91  0.929]
 [0.93  0.936 0.926 ... 0.934 0.847 0.944]
 [0.94  0.92  0.93  ... 0.911 0.936 0.934]]
Nash policies:  [(array([0.026, 0.055, 0.   , 0.034, 0.075, 0.   , 0.01 , 0.   , 0.078, 0.   , 0.163, 0.   , 0.299, 0.086, 0.089, 0.   , 0.   , 0.085]), array([0.   , 0.194, 0.   , 0.   , 0.072, 0.056, 0.022, 0.   , 0.   , 0.   , 0.105, 0.055, 0.185, 0.057, 0.023, 0.036, 0.   , 0.193]))]
Frame: 13950000, Avg. RL Loss: 0.001, Avg. Q value: 0.233, Avg. Length: 3644.3, P0 Avg. Reward: -10.190, P1 Avg. Reward: 10.190
Q table: 
 [[ 0.024  0.057  0.045 ...  0.105  0.035  0.041]
 [-0.002  0.025  0.028 ... -0.108  0.021  0.013]
 [ 0.024  0.048  0.031 ...  0.036  0.038  0.039]
 ...
 [ 0.026  0.035  0.034 ...  0.101  0.021  0.028]
 [ 0.023  0.023  0.022 ... -0.095  0.008  0.011]
 [ 0.022  0.003  0.026 ...  0.028  0.031  0.007]]
Nash policies:  [(array([0.   , 0.   , 0.372, 0.   , 0.   , 0.   , 0.   , 0.   , 0.   , 0.   , 0.   , 0.   , 0.   , 0.   , 0.628, 0.   , 0.   , 0.   ]), array([0.025, 0.   , 0.   , 0.   , 0.   , 0.   , 0.   , 0.   , 0.   , 0.   , 0.   , 0.   , 0.   , 0.975, 0.   , 0.   , 0.   , 0.   ]))]
Frame: 14100000, Avg. RL Loss: 0.001, Avg. Q value: 0.219, Avg. Length: 3722.1, P0 Avg. Reward: -8.405, P1 Avg. Reward: 8.405
Q table: 
 [[0.51  0.492 0.495 ... 0.495 0.513 0.511]
 [0.502 0.489 0.515 ... 0.494 0.525 0.491]
 [0.5   0.495 0.5   ... 0.513 0.494 0.473]
 ...
 [0.483 0.539 0.503 ... 0.488 0.527 0.505]
 [0.5   0.532 0.498 ... 0.505 0.543 0.477]
 [0.491 0.487 0.507 ... 0.514 0.497 0.5  ]]
Nash policies:  [(array([0.206, 0.   , 0.094, 0.151, 0.   , 0.   , 0.   , 0.059, 0.   , 0.   , 0.079, 0.   , 0.   , 0.035, 0.181, 0.095, 0.1  , 0.   ]), array([0.102, 0.   , 0.112, 0.   , 0.   , 0.   , 0.048, 0.111, 0.14 , 0.   , 0.   , 0.   , 0.   , 0.281, 0.14 , 0.049, 0.   , 0.017]))]
Frame: 14250000, Avg. RL Loss: 0.001, Avg. Q value: 0.253, Avg. Length: 3810.5, P0 Avg. Reward: -8.000, P1 Avg. Reward: 8.000
Q table: 
 [[ 0.022  0.041  0.04  ...  0.041  0.026  0.037]
 [-0.001  0.022  0.025 ... -0.118  0.026  0.018]
 [ 0.022  0.036  0.029 ...  0.023  0.033  0.042]
 ...
 [ 0.023  0.033  0.034 ...  0.045  0.02   0.025]
 [ 0.019  0.022  0.026 ... -0.114  0.005  0.011]
 [ 0.023  0.005  0.027 ... -0.006  0.031  0.007]]
Nash policies:  [(array([0.055, 0.   , 0.645, 0.   , 0.   , 0.   , 0.   , 0.   , 0.   , 0.   , 0.028, 0.   , 0.   , 0.   , 0.272, 0.   , 0.   , 0.   ]), array([0.268, 0.   , 0.   , 0.   , 0.   , 0.   , 0.   , 0.   , 0.   , 0.   , 0.   , 0.   , 0.   , 0.567, 0.157, 0.009, 0.   , 0.   ]))]
Frame: 14400000, Avg. RL Loss: 0.002, Avg. Q value: 0.263, Avg. Length: 4196.3, P0 Avg. Reward: -8.361, P1 Avg. Reward: 8.361
Q table: 
 [[0.569 0.525 0.539 ... 0.521 0.545 0.552]
 [0.537 0.541 0.529 ... 0.498 0.575 0.538]
 [0.545 0.557 0.522 ... 0.51  0.533 0.562]
 ...
 [0.548 0.571 0.582 ... 0.513 0.545 0.562]
 [0.552 0.524 0.551 ... 0.525 0.54  0.544]
 [0.55  0.52  0.546 ... 0.511 0.549 0.56 ]]
Nash policies:  [(array([0.   , 0.   , 0.   , 0.   , 0.282, 0.044, 0.   , 0.   , 0.157, 0.   , 0.167, 0.   , 0.35 , 0.   , 0.   , 0.   , 0.   , 0.   ]), array([0.   , 0.172, 0.   , 0.079, 0.   , 0.093, 0.   , 0.172, 0.   , 0.   , 0.   , 0.   , 0.   , 0.   , 0.   , 0.484, 0.   , 0.   ]))]
Frame: 14550000, Avg. RL Loss: 0.002, Avg. Q value: 0.299, Avg. Length: 4287.3, P0 Avg. Reward: -4.788, P1 Avg. Reward: 4.788
Q table: 
 [[ 0.034  0.034  0.038 ...  0.096  0.026  0.038]
 [ 0.012  0.034  0.047 ... -0.155  0.023  0.027]
 [ 0.039  0.054  0.031 ...  0.08   0.044  0.043]
 ...
 [ 0.034  0.055  0.058 ...  0.068  0.044  0.044]
 [ 0.031  0.025  0.066 ... -0.068  0.025  0.042]
 [ 0.025  0.011  0.047 ...  0.042  0.056  0.045]]
Nash policies:  [(array([0.   , 0.   , 0.   , 0.067, 0.   , 0.   , 0.   , 0.   , 0.147, 0.   , 0.007, 0.   , 0.   , 0.   , 0.715, 0.065, 0.   , 0.   ]), array([0.226, 0.   , 0.   , 0.   , 0.317, 0.   , 0.   , 0.   , 0.336, 0.   , 0.   , 0.   , 0.049, 0.072, 0.   , 0.   , 0.   , 0.   ]))]
Frame: 14700000, Avg. RL Loss: 0.001, Avg. Q value: 0.351, Avg. Length: 4214.8, P0 Avg. Reward: -2.778, P1 Avg. Reward: 2.778
Q table: 
 [[ 0.017  0.038  0.033 ...  0.027  0.023  0.029]
 [-0.002  0.019  0.02  ... -0.204  0.021  0.016]
 [ 0.015  0.046  0.033 ... -0.011  0.023  0.04 ]
 ...
 [ 0.013  0.04   0.033 ... -0.008  0.017  0.023]
 [ 0.017  0.016  0.025 ... -0.155  0.009  0.006]
 [ 0.024  0.015  0.022 ... -0.046  0.028  0.011]]
Nash policies:  [(array([0.913, 0.   , 0.   , 0.   , 0.   , 0.   , 0.   , 0.   , 0.   , 0.   , 0.   , 0.   , 0.087, 0.   , 0.   , 0.   , 0.   , 0.   ]), array([0.   , 0.   , 0.   , 0.   , 0.   , 0.   , 0.   , 0.   , 0.   , 0.   , 0.   , 0.   , 0.   , 0.968, 0.   , 0.032, 0.   , 0.   ]))]
Frame: 14850000, Avg. RL Loss: 0.001, Avg. Q value: 0.307, Avg. Length: 4032.5, P0 Avg. Reward: -7.944, P1 Avg. Reward: 7.944
Q table: 
 [[ 0.014  0.041  0.035 ...  0.001  0.022  0.029]
 [ 0.001  0.015  0.019 ... -0.211  0.02   0.016]
 [ 0.013  0.047  0.032 ... -0.034  0.02   0.042]
 ...
 [ 0.012  0.035  0.033 ... -0.041  0.016  0.021]
 [ 0.013  0.016  0.019 ... -0.175  0.013  0.002]
 [ 0.026  0.021  0.021 ... -0.065  0.025  0.009]]
Nash policies:  [(array([0., 0., 0., 0., 0., 0., 0., 0., 0., 0., 0., 1., 0., 0., 0., 0., 0., 0.]), array([0., 0., 0., 0., 0., 0., 0., 0., 0., 0., 0., 0., 0., 0., 0., 1., 0., 0.]))]
Frame: 15000000, Avg. RL Loss: 0.001, Avg. Q value: 0.292, Avg. Length: 4086.2, P0 Avg. Reward: -6.667, P1 Avg. Reward: 6.667
Q table: 
 [[0.222 0.197 0.209 ... 0.543 0.245 0.244]
 [0.194 0.278 0.22  ... 0.356 0.171 0.189]
 [0.251 0.227 0.218 ... 0.64  0.196 0.203]
 ...
 [0.251 0.228 0.237 ... 0.588 0.26  0.252]
 [0.228 0.203 0.247 ... 0.447 0.216 0.239]
 [0.253 0.154 0.229 ... 0.624 0.242 0.243]]
Nash policies:  [(array([0.   , 0.035, 0.178, 0.079, 0.   , 0.   , 0.   , 0.   , 0.   , 0.   , 0.   , 0.   , 0.153, 0.   , 0.328, 0.227, 0.   , 0.   ]), array([0.   , 0.423, 0.028, 0.   , 0.04 , 0.108, 0.   , 0.146, 0.   , 0.   , 0.   , 0.   , 0.   , 0.255, 0.   , 0.   , 0.   , 0.   ]))]
Frame: 15150000, Avg. RL Loss: 0.001, Avg. Q value: 0.374, Avg. Length: 3924.6, P0 Avg. Reward: -6.308, P1 Avg. Reward: 6.308
Q table: 
 [[0.739 0.716 0.718 ... 0.703 0.716 0.732]
 [0.722 0.719 0.703 ... 0.711 0.72  0.721]
 [0.709 0.709 0.727 ... 0.718 0.726 0.707]
 ...
 [0.71  0.735 0.732 ... 0.701 0.714 0.72 ]
 [0.743 0.698 0.731 ... 0.713 0.689 0.709]
 [0.718 0.704 0.721 ... 0.72  0.715 0.725]]
Nash policies:  [(array([0.   , 0.   , 0.066, 0.244, 0.   , 0.   , 0.118, 0.076, 0.088, 0.015, 0.165, 0.028, 0.   , 0.06 , 0.   , 0.095, 0.   , 0.045]), array([0.007, 0.089, 0.   , 0.   , 0.021, 0.   , 0.08 , 0.   , 0.024, 0.093, 0.   , 0.   , 0.183, 0.037, 0.103, 0.171, 0.   , 0.19 ]))]
Frame: 15300000, Avg. RL Loss: 0.001, Avg. Q value: 0.330, Avg. Length: 4399.0, P0 Avg. Reward: -5.394, P1 Avg. Reward: 5.394
Q table: 
 [[0.482 0.493 0.486 ... 0.488 0.478 0.486]
 [0.486 0.498 0.485 ... 0.475 0.478 0.463]
 [0.487 0.498 0.482 ... 0.489 0.481 0.486]
 ...
 [0.476 0.48  0.502 ... 0.498 0.469 0.501]
 [0.489 0.49  0.504 ... 0.491 0.477 0.511]
 [0.493 0.467 0.483 ... 0.49  0.495 0.496]]
Nash policies:  [(array([0.   , 0.   , 0.   , 0.   , 0.   , 0.   , 0.19 , 0.011, 0.   , 0.11 , 0.043, 0.   , 0.153, 0.289, 0.   , 0.   , 0.084, 0.12 ]), array([0.   , 0.1  , 0.   , 0.168, 0.   , 0.   , 0.   , 0.025, 0.106, 0.   , 0.   , 0.183, 0.   , 0.167, 0.012, 0.   , 0.237, 0.   ]))]
Frame: 15450000, Avg. RL Loss: 0.001, Avg. Q value: 0.362, Avg. Length: 3945.8, P0 Avg. Reward: -6.694, P1 Avg. Reward: 6.694
Q table: 
 [[ 0.058  0.055  0.066 ...  0.173  0.046  0.062]
 [ 0.02   0.038  0.07  ... -0.046  0.037  0.029]
 [ 0.056  0.09   0.057 ...  0.176  0.045  0.064]
 ...
 [ 0.06   0.08   0.065 ...  0.161  0.076  0.063]
 [ 0.042  0.063  0.082 ...  0.028  0.05   0.06 ]
 [ 0.051  0.055  0.069 ...  0.149  0.075  0.062]]
Nash policies:  [(array([0.   , 0.   , 0.   , 0.   , 0.   , 0.   , 0.   , 0.   , 0.   , 0.   , 0.   , 0.   , 0.   , 0.   , 0.524, 0.476, 0.   , 0.   ]), array([0.   , 0.   , 0.   , 0.   , 0.245, 0.   , 0.   , 0.   , 0.   , 0.   , 0.   , 0.   , 0.   , 0.755, 0.   , 0.   , 0.   , 0.   ]))]
Frame: 15600000, Avg. RL Loss: 0.001, Avg. Q value: 0.402, Avg. Length: 3896.4, P0 Avg. Reward: -2.974, P1 Avg. Reward: 2.974
Q table: 
 [[ 0.021  0.043  0.044 ...  0.028  0.034  0.032]
 [-0.     0.015  0.024 ... -0.193  0.029  0.015]
 [ 0.019  0.05   0.04  ... -0.002  0.023  0.05 ]
 ...
 [ 0.018  0.043  0.029 ... -0.013  0.017  0.026]
 [ 0.021  0.028  0.017 ... -0.172  0.014  0.004]
 [ 0.024  0.037  0.023 ... -0.046  0.03   0.004]]
Nash policies:  [(array([0.782, 0.   , 0.112, 0.   , 0.   , 0.   , 0.024, 0.018, 0.   , 0.   , 0.   , 0.063, 0.   , 0.   , 0.   , 0.   , 0.   , 0.   ]), array([0.459, 0.   , 0.   , 0.096, 0.   , 0.   , 0.   , 0.   , 0.   , 0.157, 0.   , 0.   , 0.   , 0.25 , 0.   , 0.038, 0.   , 0.   ]))]
Frame: 15750000, Avg. RL Loss: 0.001, Avg. Q value: 0.389, Avg. Length: 4094.3, P0 Avg. Reward: -0.385, P1 Avg. Reward: 0.385
Q table: 
 [[0.442 0.443 0.412 ... 0.424 0.422 0.415]
 [0.402 0.412 0.415 ... 0.408 0.446 0.412]
 [0.43  0.399 0.42  ... 0.421 0.414 0.435]
 ...
 [0.438 0.413 0.428 ... 0.408 0.406 0.429]
 [0.42  0.428 0.439 ... 0.421 0.426 0.408]
 [0.423 0.42  0.412 ... 0.412 0.44  0.407]]
Nash policies:  [(array([0.115, 0.006, 0.126, 0.083, 0.048, 0.   , 0.172, 0.059, 0.   , 0.094, 0.103, 0.08 , 0.   , 0.   , 0.   , 0.036, 0.06 , 0.016]), array([0.   , 0.088, 0.072, 0.   , 0.01 , 0.067, 0.048, 0.207, 0.065, 0.   , 0.025, 0.007, 0.   , 0.184, 0.138, 0.071, 0.   , 0.018]))]
Frame: 15900000, Avg. RL Loss: 0.001, Avg. Q value: 0.371, Avg. Length: 4313.4, P0 Avg. Reward: -6.333, P1 Avg. Reward: 6.333
Q table: 
 [[0.793 0.805 0.83  ... 0.854 0.805 0.824]
 [0.808 0.819 0.814 ... 0.897 0.804 0.793]
 [0.807 0.825 0.793 ... 0.858 0.783 0.829]
 ...
 [0.792 0.824 0.793 ... 0.883 0.814 0.826]
 [0.819 0.822 0.798 ... 0.88  0.788 0.834]
 [0.825 0.801 0.803 ... 0.885 0.801 0.819]]
Nash policies:  [(array([0.   , 0.   , 0.   , 0.   , 0.   , 0.   , 0.003, 0.   , 0.024, 0.11 , 0.477, 0.   , 0.   , 0.041, 0.   , 0.204, 0.118, 0.024]), array([0.   , 0.   , 0.065, 0.333, 0.12 , 0.   , 0.18 , 0.029, 0.087, 0.121, 0.065, 0.   , 0.   , 0.   , 0.   , 0.   , 0.   , 0.   ]))]