Cannot import pettingzoo env:  pong_v2
                          Options
                          seed: 1122
                          batch_size: 1024
                          no_cuda: False
                          training_id: 20210603_0012
                          max_frames: 500000000
                          buffer_size: 100000
                          update_target: 1000
                          train_freq: 100
                          gamma: 0.99
                          eta: 0.1
                          rl_start: 10000
                          sl_start: 1000
                          num_envs: 3
                          hidden_dim: 256
                          dueling: False
                          multi_step: 1
                          cce: False
                          env: boxing_v1
                          ram: True
                          negative: False
                          against_baseline: False
                          load_model: None
                          save_model: model
                          evaluate: False
                          render: False
                          evaluation_interval: 50000
                          lr: 0.0001
                          max_tag_interval: 10000
                          eps_start: 1.0
                          eps_final: 0.01
                          eps_decay: 30000
                          cuda: True
                          device: cuda:0
[Box(0, 255, (128,), uint8), Box(0, 255, (128,), uint8), Box(0, 255, (128,), uint8)] [Discrete(18), Discrete(18), Discrete(18)]
(128,)
(128,)
Frame: 150000, Avg. RL Loss: 0.033, Avg. Q value: 0.004, Avg. Length: 7139.0, P0 Avg. Reward: -0.190, P1 Avg. Reward: 0.190
Q table: 
 [[ 0.007  0.056  0.026 ... -0.015  0.011 -0.025]
 [-0.077 -0.034 -0.066 ...  0.    -0.017 -0.051]
 [ 0.039  0.066  0.003 ...  0.011  0.037  0.014]
 ...
 [ 0.08  -0.021  0.032 ... -0.044  0.055 -0.006]
 [-0.059 -0.007  0.018 ...  0.026  0.008 -0.041]
 [ 0.061 -0.047  0.048 ... -0.025  0.006  0.023]]
Nash policies:  [(array([0.059, 0.16 , 0.053, 0.095, 0.   , 0.045, 0.047, 0.   , 0.144, 0.136, 0.   , 0.084, 0.   , 0.054, 0.123, 0.   , 0.   , 0.   ]), array([0.   , 0.189, 0.052, 0.   , 0.   , 0.089, 0.   , 0.13 , 0.004, 0.   , 0.1  , 0.103, 0.081, 0.   , 0.   , 0.182, 0.06 , 0.011]))]
Frame: 300000, Avg. RL Loss: 0.002, Avg. Q value: 0.005, Avg. Length: 7139.0, P0 Avg. Reward: -0.476, P1 Avg. Reward: 0.476
Q table: 
 [[ 0.007  0.029  0.019 ... -0.001  0.009 -0.02 ]
 [-0.068  0.    -0.032 ...  0.006 -0.002 -0.041]
 [ 0.035  0.036  0.004 ...  0.007  0.029  0.012]
 ...
 [ 0.076 -0.019  0.03  ... -0.042  0.05  -0.005]
 [-0.052 -0.004  0.017 ...  0.024  0.008 -0.036]
 [ 0.056 -0.044  0.045 ... -0.021  0.006  0.021]]
Nash policies:  [(array([0.   , 0.156, 0.026, 0.069, 0.   , 0.071, 0.046, 0.   , 0.237, 0.253, 0.   , 0.037, 0.   , 0.056, 0.049, 0.   , 0.002, 0.   ]), array([0.001, 0.216, 0.04 , 0.   , 0.   , 0.081, 0.   , 0.099, 0.   , 0.   , 0.071, 0.09 , 0.07 , 0.011, 0.   , 0.316, 0.005, 0.   ]))]
Frame: 450000, Avg. RL Loss: 0.000, Avg. Q value: 0.006, Avg. Length: 7139.0, P0 Avg. Reward: 0.143, P1 Avg. Reward: -0.143
Q table: 
 [[ 0.007  0.024  0.018 ...  0.002  0.009 -0.019]
 [-0.062  0.005 -0.014 ...  0.006 -0.    -0.039]
 [ 0.033  0.025  0.004 ...  0.007  0.028  0.012]
 ...
 [ 0.074 -0.018  0.03  ... -0.041  0.048 -0.005]
 [-0.05  -0.     0.015 ...  0.013  0.008 -0.035]
 [ 0.054 -0.043  0.043 ... -0.018  0.006  0.021]]
Nash policies:  [(array([0.001, 0.   , 0.   , 0.   , 0.008, 0.169, 0.   , 0.003, 0.273, 0.435, 0.006, 0.   , 0.   , 0.031, 0.035, 0.   , 0.039, 0.   ]), array([0.   , 0.062, 0.162, 0.   , 0.   , 0.087, 0.   , 0.176, 0.   , 0.007, 0.009, 0.103, 0.111, 0.   , 0.   , 0.279, 0.004, 0.   ]))]
Frame: 600000, Avg. RL Loss: 0.000, Avg. Q value: 0.006, Avg. Length: 7139.0, P0 Avg. Reward: -0.190, P1 Avg. Reward: 0.190
Q table: 
 [[ 0.007  0.024  0.016 ...  0.002  0.009 -0.019]
 [-0.062  0.006 -0.004 ...  0.005  0.    -0.039]
 [ 0.033  0.025  0.004 ...  0.007  0.027  0.012]
 ...
 [ 0.073 -0.018  0.03  ... -0.04   0.047 -0.005]
 [-0.049  0.002  0.009 ...  0.006  0.008 -0.035]
 [ 0.053 -0.042  0.042 ... -0.017  0.006  0.021]]
Nash policies:  [(array([0.   , 0.073, 0.   , 0.101, 0.003, 0.146, 0.05 , 0.   , 0.286, 0.177, 0.007, 0.   , 0.   , 0.158, 0.   , 0.   , 0.   , 0.   ]), array([0.001, 0.   , 0.108, 0.   , 0.   , 0.04 , 0.   , 0.153, 0.   , 0.   , 0.   , 0.124, 0.049, 0.   , 0.001, 0.519, 0.005, 0.   ]))]
Frame: 750000, Avg. RL Loss: 0.000, Avg. Q value: 0.006, Avg. Length: 7139.0, P0 Avg. Reward: 0.048, P1 Avg. Reward: -0.048
Q table: 
 [[ 0.007  0.023  0.016 ...  0.002  0.009 -0.018]
 [-0.059  0.006  0.004 ...  0.005  0.    -0.037]
 [ 0.033  0.025  0.004 ...  0.007  0.027  0.012]
 ...
 [ 0.073 -0.017  0.029 ... -0.04   0.045 -0.005]
 [-0.048  0.002  0.008 ...  0.006  0.008 -0.034]
 [ 0.052 -0.041  0.041 ... -0.016  0.006  0.021]]
Nash policies:  [(array([0.   , 0.219, 0.   , 0.027, 0.004, 0.148, 0.   , 0.   , 0.098, 0.357, 0.012, 0.037, 0.   , 0.   , 0.032, 0.   , 0.065, 0.   ]), array([0.002, 0.011, 0.   , 0.   , 0.   , 0.037, 0.   , 0.049, 0.001, 0.   , 0.001, 0.06 , 0.   , 0.001, 0.003, 0.834, 0.   , 0.   ]))]
Frame: 900000, Avg. RL Loss: 0.000, Avg. Q value: 0.005, Avg. Length: 7139.0, P0 Avg. Reward: 0.143, P1 Avg. Reward: -0.143
Q table: 
 [[ 0.007  0.023  0.016 ...  0.002  0.009 -0.018]
 [-0.056  0.005  0.004 ...  0.005  0.    -0.036]
 [ 0.032  0.025  0.004 ...  0.007  0.027  0.012]
 ...
 [ 0.072 -0.017  0.029 ... -0.039  0.043 -0.004]
 [-0.047  0.002  0.008 ...  0.005  0.007 -0.033]
 [ 0.052 -0.04   0.04  ... -0.015  0.006  0.02 ]]
Nash policies:  [(array([0.   , 0.014, 0.   , 0.224, 0.001, 0.298, 0.   , 0.   , 0.236, 0.009, 0.002, 0.   , 0.   , 0.215, 0.   , 0.   , 0.   , 0.   ]), array([0.002, 0.   , 0.   , 0.   , 0.   , 0.091, 0.   , 0.068, 0.   , 0.   , 0.   , 0.122, 0.004, 0.   , 0.   , 0.712, 0.   , 0.   ]))]
Frame: 1050000, Avg. RL Loss: 0.000, Avg. Q value: 0.005, Avg. Length: 7139.0, P0 Avg. Reward: -0.333, P1 Avg. Reward: 0.333
Q table: 
 [[ 0.007  0.023  0.015 ...  0.002  0.008 -0.018]
 [-0.054  0.005  0.004 ...  0.005  0.001 -0.036]
 [ 0.032  0.025  0.004 ...  0.006  0.026  0.012]
 ...
 [ 0.071 -0.016  0.029 ... -0.039  0.042 -0.004]
 [-0.044  0.002  0.008 ...  0.003  0.007 -0.031]
 [ 0.05  -0.039  0.039 ... -0.014  0.006  0.02 ]]
Nash policies:  [(array([0.   , 0.   , 0.   , 0.172, 0.002, 0.168, 0.   , 0.005, 0.331, 0.097, 0.007, 0.   , 0.   , 0.219, 0.   , 0.   , 0.   , 0.   ]), array([0.002, 0.   , 0.   , 0.   , 0.   , 0.033, 0.   , 0.163, 0.   , 0.   , 0.   , 0.107, 0.   , 0.   , 0.001, 0.689, 0.004, 0.   ]))]
Frame: 1200000, Avg. RL Loss: 0.000, Avg. Q value: 0.005, Avg. Length: 7139.0, P0 Avg. Reward: -0.429, P1 Avg. Reward: 0.429
Q table: 
 [[ 0.007  0.021  0.015 ...  0.003  0.008 -0.017]
 [-0.051  0.005  0.004 ...  0.006  0.001 -0.034]
 [ 0.03   0.024  0.004 ...  0.005  0.025  0.012]
 ...
 [ 0.069 -0.015  0.028 ... -0.038  0.041 -0.004]
 [-0.043  0.002  0.008 ...  0.004  0.007 -0.029]
 [ 0.049 -0.037  0.037 ... -0.013  0.006  0.02 ]]
Nash policies:  [(array([0.038, 0.   , 0.   , 0.   , 0.012, 0.322, 0.011, 0.02 , 0.   , 0.484, 0.002, 0.   , 0.   , 0.   , 0.1  , 0.006, 0.   , 0.006]), array([0.   , 0.079, 0.059, 0.   , 0.   , 0.046, 0.   , 0.218, 0.034, 0.   , 0.075, 0.222, 0.   , 0.   , 0.005, 0.212, 0.05 , 0.   ]))]
Frame: 1350000, Avg. RL Loss: 0.002, Avg. Q value: 0.005, Avg. Length: 7139.0, P0 Avg. Reward: -3.000, P1 Avg. Reward: 3.000
Q table: 
 [[ 0.007  0.009  0.009 ...  0.005  0.005 -0.015]
 [-0.049  0.005  0.004 ...  0.006  0.002 -0.032]
 [ 0.028  0.024  0.005 ...  0.005  0.024  0.011]
 ...
 [ 0.067 -0.007  0.026 ... -0.023  0.026 -0.004]
 [-0.041  0.003  0.008 ...  0.004  0.007 -0.028]
 [ 0.046 -0.03   0.035 ... -0.005  0.006  0.019]]
Nash policies:  [(array([0.102, 0.   , 0.   , 0.116, 0.   , 0.32 , 0.017, 0.   , 0.234, 0.   , 0.078, 0.   , 0.   , 0.089, 0.037, 0.007, 0.   , 0.   ]), array([0.003, 0.231, 0.   , 0.   , 0.001, 0.   , 0.   , 0.195, 0.   , 0.   , 0.12 , 0.254, 0.   , 0.   , 0.021, 0.   , 0.176, 0.   ]))]
Frame: 1500000, Avg. RL Loss: 0.001, Avg. Q value: 0.004, Avg. Length: 7139.0, P0 Avg. Reward: -1.238, P1 Avg. Reward: 1.238
Q table: 
 [[ 0.006  0.004  0.008 ...  0.006  0.005 -0.01 ]
 [-0.046  0.006  0.004 ...  0.005  0.004 -0.03 ]
 [ 0.027  0.022  0.005 ...  0.005  0.022  0.011]
 ...
 [ 0.064  0.004  0.024 ... -0.015  0.015 -0.004]
 [-0.038  0.003  0.008 ...  0.004  0.007 -0.027]
 [ 0.042 -0.015  0.032 ...  0.     0.004  0.018]]
Nash policies:  [(array([0.055, 0.   , 0.   , 0.   , 0.   , 0.733, 0.007, 0.   , 0.   , 0.168, 0.017, 0.   , 0.   , 0.001, 0.01 , 0.008, 0.   , 0.   ]), array([0.   , 0.   , 0.173, 0.   , 0.002, 0.001, 0.006, 0.598, 0.   , 0.   , 0.192, 0.   , 0.   , 0.   , 0.013, 0.   , 0.013, 0.001]))]
Frame: 1650000, Avg. RL Loss: 0.000, Avg. Q value: 0.004, Avg. Length: 7139.0, P0 Avg. Reward: -0.762, P1 Avg. Reward: 0.762
Q table: 
 [[ 0.006  0.004  0.004 ...  0.006  0.004 -0.005]
 [-0.044  0.009  0.004 ...  0.005  0.004 -0.028]
 [ 0.026  0.02   0.004 ...  0.005  0.019  0.011]
 ...
 [ 0.063  0.007  0.017 ... -0.013  0.014 -0.003]
 [-0.036  0.003  0.008 ...  0.004  0.006 -0.026]
 [ 0.041 -0.013  0.031 ...  0.     0.004  0.017]]
Nash policies:  [(array([0.164, 0.   , 0.   , 0.021, 0.   , 0.081, 0.084, 0.   , 0.424, 0.129, 0.039, 0.052, 0.005, 0.   , 0.   , 0.   , 0.001, 0.   ]), array([0.001, 0.   , 0.   , 0.   , 0.005, 0.   , 0.   , 0.301, 0.   , 0.   , 0.043, 0.292, 0.   , 0.013, 0.008, 0.185, 0.152, 0.   ]))]
Frame: 1800000, Avg. RL Loss: 0.000, Avg. Q value: 0.004, Avg. Length: 7139.0, P0 Avg. Reward: 0.095, P1 Avg. Reward: -0.095
Q table: 
 [[ 0.006  0.004  0.004 ...  0.004  0.004 -0.003]
 [-0.041  0.009  0.004 ...  0.004  0.004 -0.023]
 [ 0.022  0.02   0.004 ...  0.005  0.018  0.01 ]
 ...
 [ 0.06   0.007  0.017 ... -0.012  0.011 -0.003]
 [-0.033  0.003  0.008 ...  0.004  0.005 -0.023]
 [ 0.037 -0.011  0.028 ...  0.001  0.004  0.016]]
Nash policies:  [(array([0.006, 0.028, 0.   , 0.   , 0.001, 0.042, 0.   , 0.   , 0.864, 0.008, 0.   , 0.   , 0.   , 0.001, 0.051, 0.   , 0.   , 0.   ]), array([0.001, 0.   , 0.   , 0.   , 0.   , 0.   , 0.   , 0.65 , 0.   , 0.006, 0.027, 0.223, 0.   , 0.   , 0.   , 0.038, 0.048, 0.007]))]
Frame: 1950000, Avg. RL Loss: 0.001, Avg. Q value: 0.004, Avg. Length: 7139.0, P0 Avg. Reward: -0.000, P1 Avg. Reward: 0.000
Q table: 
 [[ 0.005  0.004  0.004 ...  0.004  0.004  0.003]
 [-0.039  0.008  0.004 ...  0.004  0.004 -0.012]
 [ 0.02   0.018  0.004 ...  0.004  0.014  0.009]
 ...
 [ 0.058  0.006  0.016 ... -0.01   0.009 -0.002]
 [-0.029  0.003  0.007 ...  0.004  0.004 -0.02 ]
 [ 0.033 -0.006  0.022 ...  0.003  0.004  0.013]]
Nash policies:  [(array([0.021, 0.001, 0.002, 0.136, 0.064, 0.   , 0.16 , 0.016, 0.517, 0.   , 0.   , 0.   , 0.007, 0.077, 0.   , 0.   , 0.   , 0.   ]), array([0.001, 0.   , 0.   , 0.   , 0.   , 0.   , 0.002, 0.148, 0.   , 0.001, 0.032, 0.02 , 0.   , 0.005, 0.037, 0.674, 0.08 , 0.   ]))]
Frame: 2100000, Avg. RL Loss: 0.001, Avg. Q value: 0.004, Avg. Length: 7139.0, P0 Avg. Reward: 1.333, P1 Avg. Reward: -1.333
Q table: 
 [[ 0.005  0.006  0.005 ...  0.005  0.005  0.003]
 [-0.033  0.007  0.004 ...  0.005  0.005 -0.01 ]
 [ 0.017  0.021  0.005 ...  0.005  0.007  0.008]
 ...
 [ 0.052  0.006  0.008 ... -0.005  0.008 -0.002]
 [-0.023  0.003  0.006 ...  0.004  0.004 -0.019]
 [ 0.025 -0.001  0.006 ...  0.004  0.005  0.012]]
Nash policies:  [(array([0.212, 0.   , 0.   , 0.264, 0.018, 0.   , 0.   , 0.018, 0.   , 0.401, 0.023, 0.   , 0.   , 0.059, 0.   , 0.005, 0.   , 0.   ]), array([0.001, 0.   , 0.   , 0.   , 0.   , 0.113, 0.067, 0.   , 0.   , 0.   , 0.128, 0.   , 0.085, 0.   , 0.443, 0.062, 0.101, 0.   ]))]
Frame: 2250000, Avg. RL Loss: 0.001, Avg. Q value: 0.005, Avg. Length: 7139.0, P0 Avg. Reward: 0.571, P1 Avg. Reward: -0.571
Q table: 
 [[ 0.005  0.005  0.005 ...  0.005  0.005  0.004]
 [-0.029  0.006  0.004 ...  0.005  0.005 -0.008]
 [ 0.014  0.019  0.005 ...  0.005  0.006  0.008]
 ...
 [ 0.048  0.006  0.005 ...  0.004  0.007 -0.001]
 [-0.022  0.003  0.006 ...  0.004  0.004 -0.016]
 [ 0.02   0.001  0.005 ...  0.005  0.005  0.01 ]]
Nash policies:  [(array([0.054, 0.   , 0.   , 0.203, 0.066, 0.   , 0.101, 0.014, 0.122, 0.439, 0.   , 0.   , 0.   , 0.   , 0.   , 0.   , 0.   , 0.   ]), array([0.   , 0.   , 0.182, 0.   , 0.   , 0.075, 0.   , 0.115, 0.011, 0.   , 0.   , 0.   , 0.   , 0.012, 0.213, 0.392, 0.   , 0.   ]))]
Frame: 2400000, Avg. RL Loss: 0.000, Avg. Q value: 0.005, Avg. Length: 7139.0, P0 Avg. Reward: 0.286, P1 Avg. Reward: -0.286
Q table: 
 [[ 0.005  0.005  0.004 ...  0.004  0.005  0.004]
 [-0.025  0.006  0.004 ...  0.004  0.005 -0.006]
 [ 0.012  0.019  0.005 ...  0.005  0.006  0.007]
 ...
 [ 0.043  0.006  0.004 ...  0.004  0.007  0.002]
 [-0.016  0.004  0.005 ...  0.004  0.004 -0.012]
 [ 0.017  0.002  0.005 ...  0.005  0.005  0.01 ]]
Nash policies:  [(array([0.   , 0.   , 0.   , 0.   , 0.044, 0.   , 0.071, 0.   , 0.   , 0.515, 0.014, 0.031, 0.   , 0.255, 0.   , 0.07 , 0.   , 0.   ]), array([0.   , 0.   , 0.   , 0.   , 0.   , 0.   , 0.003, 0.   , 0.   , 0.   , 0.   , 0.012, 0.009, 0.   , 0.839, 0.131, 0.   , 0.006]))]
Frame: 2550000, Avg. RL Loss: 0.001, Avg. Q value: 0.004, Avg. Length: 7139.0, P0 Avg. Reward: -0.524, P1 Avg. Reward: 0.524
Q table: 
 [[ 0.004  0.005  0.004 ...  0.004  0.005  0.004]
 [-0.018  0.006  0.004 ...  0.004  0.005 -0.004]
 [ 0.01   0.017  0.008 ...  0.005  0.005  0.006]
 ...
 [ 0.039  0.006  0.005 ...  0.005  0.006  0.004]
 [-0.013  0.004  0.005 ...  0.004  0.004 -0.008]
 [ 0.015  0.002  0.005 ...  0.005  0.005  0.009]]
Nash policies:  [(array([0.032, 0.   , 0.   , 0.396, 0.19 , 0.   , 0.   , 0.012, 0.064, 0.   , 0.   , 0.   , 0.   , 0.   , 0.169, 0.138, 0.   , 0.   ]), array([0.   , 0.   , 0.018, 0.007, 0.   , 0.082, 0.   , 0.   , 0.032, 0.   , 0.   , 0.   , 0.   , 0.041, 0.704, 0.   , 0.   , 0.116]))]
Frame: 2700000, Avg. RL Loss: 0.001, Avg. Q value: 0.004, Avg. Length: 7139.0, P0 Avg. Reward: 0.714, P1 Avg. Reward: -0.714
Q table: 
 [[ 0.004  0.005  0.004 ...  0.004  0.005  0.008]
 [-0.014  0.006  0.004 ...  0.004  0.005 -0.002]
 [ 0.008  0.016  0.006 ...  0.004  0.005  0.004]
 ...
 [ 0.03   0.006  0.004 ...  0.004  0.006  0.004]
 [-0.011  0.004  0.005 ...  0.004  0.004 -0.003]
 [ 0.013  0.003  0.004 ...  0.004  0.005  0.006]]
Nash policies:  [(array([0.363, 0.   , 0.021, 0.   , 0.   , 0.   , 0.068, 0.049, 0.   , 0.   , 0.   , 0.   , 0.008, 0.359, 0.   , 0.052, 0.   , 0.081]), array([0.   , 0.   , 0.633, 0.   , 0.001, 0.023, 0.   , 0.   , 0.113, 0.   , 0.   , 0.064, 0.   , 0.   , 0.037, 0.129, 0.   , 0.   ]))]
Frame: 2850000, Avg. RL Loss: 0.000, Avg. Q value: 0.004, Avg. Length: 7139.0, P0 Avg. Reward: 0.429, P1 Avg. Reward: -0.429
Q table: 
 [[ 0.004  0.005  0.003 ...  0.004  0.004  0.005]
 [-0.011  0.006  0.003 ...  0.004  0.004 -0.001]
 [ 0.006  0.015  0.003 ...  0.004  0.005  0.004]
 ...
 [ 0.025  0.005  0.003 ...  0.004  0.005  0.004]
 [-0.005  0.004  0.003 ...  0.004  0.004 -0.001]
 [ 0.009  0.003  0.003 ...  0.004  0.004  0.004]]
Nash policies:  [(array([0.265, 0.13 , 0.   , 0.   , 0.   , 0.   , 0.188, 0.159, 0.   , 0.   , 0.   , 0.   , 0.038, 0.   , 0.   , 0.15 , 0.   , 0.07 ]), array([0.   , 0.   , 0.119, 0.   , 0.001, 0.005, 0.   , 0.   , 0.872, 0.001, 0.   , 0.   , 0.002, 0.   , 0.   , 0.   , 0.   , 0.   ]))]
Frame: 3000000, Avg. RL Loss: 0.001, Avg. Q value: 0.004, Avg. Length: 7139.0, P0 Avg. Reward: -0.714, P1 Avg. Reward: 0.714
Q table: 
 [[ 0.004  0.005  0.003 ...  0.001  0.004  0.005]
 [-0.008  0.005  0.003 ...  0.004  0.004  0.002]
 [ 0.005  0.013  0.004 ...  0.004  0.004  0.004]
 ...
 [ 0.019  0.005  0.004 ...  0.004  0.005  0.004]
 [-0.003  0.004  0.004 ...  0.003  0.004  0.003]
 [ 0.007  0.003  0.003 ...  0.003  0.004  0.004]]
Nash policies:  [(array([0.   , 0.   , 0.   , 0.162, 0.   , 0.   , 0.   , 0.12 , 0.   , 0.007, 0.236, 0.   , 0.   , 0.197, 0.139, 0.138, 0.   , 0.   ]), array([0.   , 0.   , 0.   , 0.   , 0.009, 0.029, 0.   , 0.   , 0.   , 0.199, 0.065, 0.05 , 0.111, 0.   , 0.   , 0.537, 0.   , 0.   ]))]
Frame: 3150000, Avg. RL Loss: 0.001, Avg. Q value: 0.004, Avg. Length: 7139.0, P0 Avg. Reward: 0.524, P1 Avg. Reward: -0.524
Q table: 
 [[ 0.004  0.005  0.004 ... -0.003  0.004  0.005]
 [-0.     0.005 -0.002 ...  0.003  0.004  0.003]
 [ 0.004  0.011  0.004 ...  0.003  0.004  0.004]
 ...
 [ 0.01   0.005  0.003 ...  0.005  0.004  0.003]
 [-0.001  0.004  0.003 ...  0.003  0.004  0.003]
 [ 0.004  0.004  0.003 ...  0.003  0.004  0.004]]
Nash policies:  [(array([0.   , 0.   , 0.   , 0.   , 0.   , 0.   , 0.   , 0.   , 0.   , 0.021, 0.129, 0.   , 0.   , 0.   , 0.85 , 0.   , 0.   , 0.   ]), array([0.   , 0.   , 0.012, 0.961, 0.   , 0.   , 0.027, 0.   , 0.   , 0.   , 0.   , 0.   , 0.   , 0.   , 0.   , 0.   , 0.   , 0.   ]))]
Frame: 3300000, Avg. RL Loss: 0.000, Avg. Q value: 0.003, Avg. Length: 7139.0, P0 Avg. Reward: 1.762, P1 Avg. Reward: -1.762
Q table: 
 [[ 0.003  0.005  0.003 ... -0.002  0.004  0.005]
 [ 0.001  0.004 -0.001 ...  0.003  0.003  0.003]
 [ 0.003  0.009  0.004 ...  0.003  0.004  0.003]
 ...
 [ 0.01   0.004  0.003 ...  0.004  0.004  0.003]
 [ 0.001  0.003  0.003 ...  0.003  0.003  0.003]
 [ 0.004  0.003  0.003 ...  0.003  0.004  0.004]]
Nash policies:  [(array([0.   , 0.   , 0.   , 0.023, 0.   , 0.   , 0.015, 0.254, 0.   , 0.081, 0.264, 0.022, 0.   , 0.293, 0.048, 0.   , 0.   , 0.   ]), array([0.   , 0.   , 0.012, 0.   , 0.   , 0.523, 0.028, 0.   , 0.004, 0.   , 0.397, 0.015, 0.014, 0.   , 0.   , 0.006, 0.   , 0.   ]))]
Frame: 3450000, Avg. RL Loss: 0.000, Avg. Q value: 0.003, Avg. Length: 7139.0, P0 Avg. Reward: -1.048, P1 Avg. Reward: 1.048
Q table: 
 [[ 0.003  0.005  0.003 ... -0.002  0.004  0.005]
 [ 0.002  0.004 -0.001 ...  0.004  0.003  0.003]
 [ 0.004  0.008  0.004 ...  0.003  0.003  0.003]
 ...
 [ 0.008  0.004  0.007 ...  0.003  0.004  0.003]
 [ 0.002  0.003  0.003 ...  0.003  0.003  0.003]
 [ 0.004  0.003  0.004 ...  0.003  0.004  0.004]]
Nash policies:  [(array([0.   , 0.   , 0.   , 0.   , 0.   , 0.   , 0.   , 0.   , 0.   , 0.654, 0.   , 0.133, 0.   , 0.182, 0.022, 0.01 , 0.   , 0.   ]), array([0.   , 0.   , 0.   , 0.   , 0.   , 0.012, 0.   , 0.   , 0.119, 0.   , 0.831, 0.   , 0.028, 0.   , 0.   , 0.01 , 0.   , 0.   ]))]
Frame: 3600000, Avg. RL Loss: 0.001, Avg. Q value: 0.003, Avg. Length: 7139.0, P0 Avg. Reward: 0.238, P1 Avg. Reward: -0.238
Q table: 
 [[ 0.003  0.004  0.001 ... -0.002  0.004  0.005]
 [ 0.002  0.004 -0.001 ...  0.003  0.003  0.003]
 [ 0.003  0.007  0.004 ...  0.003  0.003  0.003]
 ...
 [ 0.003  0.004  0.005 ...  0.003  0.004  0.003]
 [ 0.003  0.003  0.003 ...  0.003  0.003  0.003]
 [ 0.005  0.003  0.003 ... -0.001  0.003  0.004]]
Nash policies:  [(array([0.   , 0.   , 0.   , 0.026, 0.   , 0.   , 0.   , 0.204, 0.219, 0.147, 0.   , 0.   , 0.08 , 0.   , 0.   , 0.322, 0.   , 0.001]), array([0.173, 0.   , 0.   , 0.   , 0.   , 0.788, 0.   , 0.   , 0.016, 0.   , 0.011, 0.   , 0.   , 0.002, 0.   , 0.   , 0.   , 0.011]))]
Frame: 3750000, Avg. RL Loss: 0.000, Avg. Q value: 0.003, Avg. Length: 7139.0, P0 Avg. Reward: 1.000, P1 Avg. Reward: -1.000
Q table: 
 [[ 0.003  0.004  0.002 ... -0.001  0.003  0.003]
 [ 0.003  0.004  0.002 ...  0.003  0.003  0.003]
 [ 0.003  0.007  0.003 ...  0.003  0.003  0.003]
 ...
 [ 0.003  0.003  0.004 ...  0.003  0.003  0.003]
 [ 0.003  0.003  0.003 ...  0.003  0.003  0.003]
 [ 0.003  0.003  0.003 ... -0.001  0.003  0.003]]
Nash policies:  [(array([0.   , 0.297, 0.   , 0.055, 0.   , 0.   , 0.152, 0.   , 0.   , 0.008, 0.048, 0.   , 0.   , 0.007, 0.   , 0.433, 0.   , 0.   ]), array([0.49 , 0.   , 0.064, 0.   , 0.04 , 0.199, 0.   , 0.   , 0.   , 0.   , 0.038, 0.   , 0.   , 0.   , 0.004, 0.163, 0.   , 0.   ]))]
Frame: 3900000, Avg. RL Loss: 0.000, Avg. Q value: 0.003, Avg. Length: 7139.0, P0 Avg. Reward: 0.286, P1 Avg. Reward: -0.286
Q table: 
 [[ 0.003  0.003  0.002 ... -0.001  0.003  0.003]
 [ 0.003  0.003  0.003 ...  0.003  0.003  0.003]
 [ 0.003  0.006  0.003 ...  0.003  0.003  0.003]
 ...
 [ 0.003  0.003  0.003 ...  0.003  0.003  0.003]
 [ 0.003  0.003  0.003 ...  0.003  0.003  0.003]
 [ 0.003  0.003  0.003 ...  0.     0.003  0.003]]
Nash policies:  [(array([0.   , 0.   , 0.   , 0.   , 0.   , 0.   , 0.039, 0.217, 0.   , 0.221, 0.042, 0.   , 0.   , 0.463, 0.   , 0.   , 0.   , 0.018]), array([0.115, 0.   , 0.128, 0.   , 0.   , 0.257, 0.178, 0.   , 0.   , 0.   , 0.   , 0.   , 0.   , 0.   , 0.   , 0.069, 0.   , 0.253]))]
Frame: 4050000, Avg. RL Loss: 0.000, Avg. Q value: 0.003, Avg. Length: 7139.0, P0 Avg. Reward: -0.095, P1 Avg. Reward: 0.095
Q table: 
 [[ 0.003  0.003  0.002 ... -0.     0.003  0.003]
 [ 0.002  0.003  0.003 ...  0.002  0.002 -0.001]
 [ 0.003  0.004  0.003 ...  0.002  0.003  0.002]
 ...
 [ 0.003  0.003  0.003 ... -0.001  0.003  0.003]
 [ 0.002  0.003  0.003 ...  0.     0.003  0.002]
 [ 0.003  0.003  0.002 ...  0.001  0.003 -0.001]]
Nash policies:  [(array([0.   , 0.   , 0.   , 0.08 , 0.   , 0.   , 0.22 , 0.282, 0.   , 0.06 , 0.   , 0.329, 0.   , 0.   , 0.028, 0.   , 0.   , 0.   ]), array([0.   , 0.   , 0.009, 0.   , 0.   , 0.119, 0.   , 0.   , 0.   , 0.   , 0.081, 0.   , 0.   , 0.028, 0.   , 0.494, 0.   , 0.268]))]
Frame: 4200000, Avg. RL Loss: 0.001, Avg. Q value: 0.002, Avg. Length: 7139.0, P0 Avg. Reward: -0.667, P1 Avg. Reward: 0.667
Q table: 
 [[ 0.002  0.002  0.002 ...  0.002  0.002  0.001]
 [ 0.002  0.002  0.003 ...  0.002  0.002 -0.   ]
 [ 0.002  0.002  0.008 ...  0.003  0.002  0.005]
 ...
 [ 0.002  0.002  0.002 ... -0.002  0.002  0.002]
 [ 0.002  0.002  0.002 ... -0.001  0.003  0.002]
 [ 0.002  0.01   0.002 ...  0.002  0.002 -0.   ]]
Nash policies:  [(array([0.255, 0.   , 0.018, 0.115, 0.052, 0.   , 0.107, 0.   , 0.   , 0.268, 0.   , 0.159, 0.   , 0.   , 0.   , 0.   , 0.   , 0.025]), array([0.   , 0.004, 0.   , 0.   , 0.   , 0.291, 0.188, 0.   , 0.196, 0.   , 0.08 , 0.   , 0.   , 0.01 , 0.   , 0.191, 0.   , 0.039]))]
Frame: 4350000, Avg. RL Loss: 0.002, Avg. Q value: 0.002, Avg. Length: 7139.0, P0 Avg. Reward: -2.048, P1 Avg. Reward: 2.048
Q table: 
 [[ 0.002  0.002  0.002 ...  0.002  0.002  0.003]
 [ 0.002  0.002  0.003 ...  0.002  0.002 -0.   ]
 [ 0.001 -0.001  0.01  ...  0.002  0.003  0.002]
 ...
 [ 0.002  0.002  0.002 ...  0.001  0.002  0.002]
 [ 0.002  0.005  0.002 ...  0.001  0.002  0.008]
 [ 0.     0.003  0.002 ...  0.002  0.002  0.002]]
Nash policies:  [(array([0.   , 0.   , 0.026, 0.   , 0.   , 0.   , 0.   , 0.   , 0.   , 0.156, 0.303, 0.275, 0.014, 0.011, 0.086, 0.   , 0.13 , 0.   ]), array([0.001, 0.025, 0.   , 0.   , 0.   , 0.126, 0.114, 0.004, 0.   , 0.   , 0.   , 0.   , 0.   , 0.121, 0.   , 0.156, 0.452, 0.   ]))]
Frame: 4500000, Avg. RL Loss: 0.001, Avg. Q value: 0.001, Avg. Length: 7139.0, P0 Avg. Reward: -0.143, P1 Avg. Reward: 0.143
Q table: 
 [[ 0.001  0.001  0.002 ...  0.005  0.002  0.001]
 [ 0.001  0.002  0.003 ... -0.     0.01   0.007]
 [ 0.001 -0.002  0.01  ...  0.001  0.001  0.002]
 ...
 [ 0.001  0.002  0.002 ...  0.001  0.002  0.001]
 [ 0.001  0.002  0.001 ... -0.     0.001  0.004]
 [ 0.002  0.001  0.001 ...  0.002  0.001  0.002]]
Nash policies:  [(array([0.31 , 0.026, 0.   , 0.027, 0.028, 0.   , 0.   , 0.   , 0.   , 0.   , 0.   , 0.   , 0.106, 0.067, 0.   , 0.   , 0.   , 0.435]), array([0.73 , 0.062, 0.   , 0.   , 0.   , 0.051, 0.061, 0.   , 0.   , 0.   , 0.   , 0.   , 0.   , 0.   , 0.   , 0.023, 0.061, 0.012]))]
Frame: 4650000, Avg. RL Loss: 0.000, Avg. Q value: 0.001, Avg. Length: 7139.0, P0 Avg. Reward: -0.238, P1 Avg. Reward: 0.238
Q table: 
 [[ 0.001  0.001  0.002 ...  0.001  0.001  0.001]
 [ 0.001  0.001  0.002 ...  0.001  0.009  0.004]
 [ 0.001 -0.002  0.009 ... -0.002  0.001  0.002]
 ...
 [ 0.001  0.001  0.002 ...  0.001  0.001  0.001]
 [ 0.001  0.002  0.001 ...  0.     0.001  0.004]
 [ 0.001  0.001  0.001 ...  0.001  0.001  0.001]]
Nash policies:  [(array([0.272, 0.04 , 0.   , 0.067, 0.102, 0.   , 0.   , 0.   , 0.   , 0.293, 0.225, 0.   , 0.   , 0.   , 0.   , 0.   , 0.   , 0.   ]), array([0.038, 0.161, 0.   , 0.   , 0.   , 0.   , 0.   , 0.   , 0.409, 0.   , 0.   , 0.   , 0.   , 0.2  , 0.   , 0.19 , 0.   , 0.002]))]
Frame: 4800000, Avg. RL Loss: 0.000, Avg. Q value: 0.001, Avg. Length: 7139.0, P0 Avg. Reward: -0.143, P1 Avg. Reward: 0.143
Q table: 
 [[ 0.001  0.001  0.002 ...  0.001  0.001  0.001]
 [ 0.001  0.001  0.002 ...  0.001  0.008  0.004]
 [ 0.001 -0.002  0.009 ... -0.002  0.001  0.002]
 ...
 [ 0.001  0.001  0.002 ...  0.001  0.001  0.001]
 [ 0.001  0.001  0.001 ...  0.     0.001  0.004]
 [ 0.001  0.001  0.001 ...  0.001  0.001  0.001]]
Nash policies:  [(array([0.   , 0.774, 0.   , 0.145, 0.   , 0.   , 0.   , 0.   , 0.   , 0.   , 0.   , 0.057, 0.   , 0.009, 0.   , 0.   , 0.015, 0.   ]), array([0.001, 0.451, 0.   , 0.   , 0.   , 0.   , 0.   , 0.018, 0.474, 0.   , 0.   , 0.   , 0.   , 0.   , 0.   , 0.055, 0.   , 0.   ]))]
Frame: 4950000, Avg. RL Loss: 0.001, Avg. Q value: 0.001, Avg. Length: 7139.0, P0 Avg. Reward: -0.238, P1 Avg. Reward: 0.238
Q table: 
 [[ 0.001  0.     0.001 ...  0.002  0.001  0.001]
 [-0.    -0.002  0.002 ...  0.     0.008  0.004]
 [ 0.001 -0.002  0.008 ... -0.001  0.001  0.002]
 ...
 [ 0.001  0.     0.002 ...  0.005  0.001  0.001]
 [ 0.001  0.001  0.    ...  0.     0.001  0.003]
 [ 0.001 -0.004  0.001 ... -0.     0.     0.001]]
Nash policies:  [(array([0.09 , 0.   , 0.   , 0.523, 0.   , 0.   , 0.051, 0.   , 0.   , 0.   , 0.   , 0.295, 0.   , 0.   , 0.   , 0.   , 0.04 , 0.   ]), array([0.   , 0.221, 0.   , 0.313, 0.   , 0.   , 0.   , 0.021, 0.216, 0.   , 0.   , 0.   , 0.   , 0.   , 0.   , 0.229, 0.   , 0.   ]))]
Frame: 5100000, Avg. RL Loss: 0.001, Avg. Q value: 0.001, Avg. Length: 7139.0, P0 Avg. Reward: 0.619, P1 Avg. Reward: -0.619
Q table: 
 [[ 0.001  0.001  0.001 ... -0.003  0.001  0.001]
 [-0.002 -0.002  0.002 ... -0.     0.007  0.003]
 [ 0.001 -0.001  0.007 ... -0.001  0.001  0.002]
 ...
 [ 0.     0.001  0.002 ...  0.01   0.001  0.001]
 [ 0.002 -0.003  0.001 ...  0.001  0.001  0.002]
 [ 0.001 -0.003  0.001 ... -0.     0.001  0.001]]
Nash policies:  [(array([0.   , 0.025, 0.   , 0.   , 0.028, 0.661, 0.151, 0.091, 0.   , 0.   , 0.017, 0.026, 0.   , 0.   , 0.   , 0.   , 0.   , 0.   ]), array([0.   , 0.17 , 0.   , 0.192, 0.101, 0.   , 0.09 , 0.   , 0.127, 0.   , 0.   , 0.   , 0.   , 0.   , 0.   , 0.   , 0.052, 0.269]))]
Frame: 5250000, Avg. RL Loss: 0.001, Avg. Q value: -0.000, Avg. Length: 7139.0, P0 Avg. Reward: -0.762, P1 Avg. Reward: 0.762
Q table: 
 [[-0.    -0.     0.001 ... -0.003 -0.    -0.   ]
 [-0.002 -0.001  0.001 ... -0.     0.001 -0.   ]
 [-0.    -0.     0.006 ... -0.001 -0.    -0.001]
 ...
 [ 0.    -0.     0.001 ...  0.009 -0.    -0.   ]
 [ 0.001 -0.001 -0.    ...  0.001 -0.     0.   ]
 [ 0.001 -0.003  0.    ...  0.    -0.     0.001]]
Nash policies:  [(array([0.002, 0.   , 0.   , 0.   , 0.001, 0.   , 0.   , 0.   , 0.   , 0.   , 0.002, 0.001, 0.   , 0.   , 0.995, 0.   , 0.   , 0.   ]), array([0.074, 0.255, 0.   , 0.   , 0.   , 0.   , 0.   , 0.087, 0.112, 0.   , 0.   , 0.   , 0.   , 0.013, 0.   , 0.   , 0.432, 0.027]))]
Frame: 5400000, Avg. RL Loss: 0.000, Avg. Q value: -0.000, Avg. Length: 7139.0, P0 Avg. Reward: 0.000, P1 Avg. Reward: 0.000
Q table: 
 [[-0.    -0.     0.    ... -0.003 -0.    -0.   ]
 [-0.002 -0.001  0.    ... -0.     0.001 -0.   ]
 [-0.    -0.     0.006 ... -0.001 -0.    -0.001]
 ...
 [ 0.    -0.     0.001 ...  0.009 -0.    -0.   ]
 [ 0.001 -0.001 -0.    ...  0.001 -0.     0.   ]
 [ 0.001 -0.003 -0.    ...  0.    -0.     0.001]]
Nash policies:  [(array([0., 0., 0., 0., 0., 0., 0., 0., 0., 0., 0., 0., 0., 0., 1., 0., 0., 0.]), array([0.037, 0.597, 0.   , 0.   , 0.   , 0.   , 0.001, 0.007, 0.107, 0.   , 0.   , 0.   , 0.   , 0.116, 0.   , 0.   , 0.091, 0.043]))]
Frame: 5550000, Avg. RL Loss: 0.000, Avg. Q value: 0.000, Avg. Length: 7139.0, P0 Avg. Reward: 0.810, P1 Avg. Reward: -0.810
Q table: 
 [[-0.    -0.     0.    ... -0.003  0.    -0.   ]
 [-0.002 -0.001  0.    ... -0.     0.001 -0.   ]
 [ 0.     0.     0.005 ... -0.001  0.006 -0.001]
 ...
 [ 0.     0.     0.    ...  0.009  0.    -0.   ]
 [ 0.001  0.001  0.    ...  0.001 -0.005  0.   ]
 [ 0.    -0.002  0.    ...  0.     0.     0.   ]]
Nash policies:  [(array([0.   , 0.   , 0.024, 0.   , 0.   , 0.   , 0.   , 0.   , 0.314, 0.011, 0.058, 0.013, 0.   , 0.021, 0.223, 0.   , 0.039, 0.296]), array([0.035, 0.011, 0.   , 0.   , 0.   , 0.   , 0.   , 0.779, 0.01 , 0.   , 0.   , 0.007, 0.   , 0.056, 0.012, 0.   , 0.012, 0.077]))]
Frame: 5700000, Avg. RL Loss: 0.001, Avg. Q value: 0.001, Avg. Length: 7139.0, P0 Avg. Reward: -0.190, P1 Avg. Reward: 0.190
Q table: 
 [[ 0.     0.     0.    ... -0.003  0.001  0.   ]
 [-0.001 -0.001  0.    ... -0.     0.001 -0.   ]
 [ 0.004  0.001  0.003 ...  0.001  0.004  0.002]
 ...
 [ 0.005  0.001  0.001 ... -0.     0.001  0.001]
 [ 0.001  0.005  0.001 ...  0.001 -0.005  0.001]
 [ 0.001  0.     0.001 ...  0.001  0.001  0.001]]
Nash policies:  [(array([0.   , 0.   , 0.004, 0.021, 0.   , 0.   , 0.   , 0.064, 0.149, 0.   , 0.032, 0.665, 0.02 , 0.   , 0.   , 0.042, 0.   , 0.002]), array([0.058, 0.   , 0.   , 0.293, 0.   , 0.008, 0.   , 0.   , 0.   , 0.   , 0.   , 0.007, 0.   , 0.045, 0.057, 0.236, 0.233, 0.063]))]
Frame: 5850000, Avg. RL Loss: 0.001, Avg. Q value: -0.000, Avg. Length: 7139.0, P0 Avg. Reward: -1.000, P1 Avg. Reward: 1.000
Q table: 
 [[-0.    -0.    -0.    ... -0.001 -0.001 -0.001]
 [-0.001 -0.001 -0.    ...  0.002  0.     0.008]
 [ 0.003 -0.     0.002 ... -0.001  0.003 -0.001]
 ...
 [ 0.008  0.002  0.    ... -0.    -0.001 -0.   ]
 [ 0.001  0.005 -0.001 ... -0.    -0.005 -0.   ]
 [-0.001 -0.001 -0.001 ... -0.001 -0.001 -0.   ]]
Nash policies:  [(array([0.082, 0.005, 0.009, 0.002, 0.088, 0.   , 0.   , 0.   , 0.   , 0.017, 0.   , 0.   , 0.   , 0.004, 0.   , 0.19 , 0.   , 0.603]), array([0.   , 0.   , 0.   , 0.214, 0.   , 0.285, 0.01 , 0.   , 0.   , 0.038, 0.   , 0.162, 0.   , 0.03 , 0.183, 0.069, 0.   , 0.009]))]
Frame: 6000000, Avg. RL Loss: 0.000, Avg. Q value: -0.000, Avg. Length: 7139.0, P0 Avg. Reward: 0.048, P1 Avg. Reward: -0.048
Q table: 
 [[-0.    -0.    -0.    ... -0.    -0.    -0.   ]
 [-0.001 -0.001 -0.    ...  0.001  0.     0.008]
 [ 0.003 -0.     0.001 ... -0.     0.003 -0.001]
 ...
 [ 0.008  0.004 -0.    ... -0.    -0.    -0.   ]
 [ 0.001  0.004 -0.    ... -0.    -0.004 -0.   ]
 [-0.    -0.    -0.    ... -0.    -0.    -0.   ]]
Nash policies:  [(array([0.   , 0.002, 0.   , 0.   , 0.   , 0.   , 0.   , 0.   , 0.   , 0.   , 0.   , 0.   , 0.   , 0.   , 0.   , 0.001, 0.   , 0.996]), array([0.014, 0.   , 0.   , 0.235, 0.   , 0.636, 0.   , 0.   , 0.   , 0.088, 0.   , 0.   , 0.   , 0.   , 0.   , 0.01 , 0.   , 0.017]))]
Frame: 6150000, Avg. RL Loss: 0.000, Avg. Q value: -0.000, Avg. Length: 7139.0, P0 Avg. Reward: 0.000, P1 Avg. Reward: 0.000
Q table: 
 [[-0.    -0.    -0.    ... -0.    -0.    -0.   ]
 [-0.001 -0.001 -0.    ...  0.     0.     0.007]
 [ 0.003 -0.     0.001 ... -0.     0.003 -0.001]
 ...
 [ 0.008  0.004 -0.    ... -0.    -0.    -0.   ]
 [ 0.001  0.004 -0.    ... -0.    -0.004 -0.   ]
 [-0.    -0.    -0.    ... -0.    -0.    -0.   ]]
Nash policies:  [(array([0.002, 0.004, 0.002, 0.   , 0.   , 0.068, 0.   , 0.   , 0.   , 0.   , 0.   , 0.   , 0.   , 0.   , 0.   , 0.019, 0.   , 0.906]), array([0.   , 0.001, 0.   , 0.511, 0.   , 0.   , 0.037, 0.   , 0.   , 0.087, 0.   , 0.308, 0.   , 0.   , 0.   , 0.056, 0.   , 0.   ]))]
Frame: 6300000, Avg. RL Loss: 0.000, Avg. Q value: -0.000, Avg. Length: 7139.0, P0 Avg. Reward: 0.000, P1 Avg. Reward: 0.000
Q table: 
 [[-0.    -0.    -0.    ... -0.    -0.    -0.   ]
 [-0.001 -0.    -0.    ... -0.    -0.     0.006]
 [ 0.003 -0.     0.    ... -0.     0.003 -0.001]
 ...
 [ 0.007  0.003 -0.    ... -0.    -0.    -0.   ]
 [ 0.     0.004 -0.    ... -0.    -0.004 -0.   ]
 [-0.    -0.    -0.    ... -0.    -0.    -0.   ]]
Nash policies:  [(array([0.003, 0.008, 0.   , 0.   , 0.   , 0.   , 0.   , 0.   , 0.   , 0.   , 0.   , 0.   , 0.   , 0.   , 0.   , 0.008, 0.   , 0.982]), array([0.   , 0.002, 0.   , 0.137, 0.   , 0.529, 0.   , 0.   , 0.   , 0.017, 0.   , 0.315, 0.   , 0.   , 0.   , 0.   , 0.   , 0.002]))]
Frame: 6450000, Avg. RL Loss: 0.000, Avg. Q value: -0.000, Avg. Length: 7139.0, P0 Avg. Reward: -0.524, P1 Avg. Reward: 0.524
Q table: 
 [[-0.    -0.    -0.    ... -0.006 -0.    -0.   ]
 [-0.    -0.    -0.    ... -0.    -0.     0.006]
 [ 0.003 -0.    -0.    ... -0.     0.003 -0.001]
 ...
 [ 0.006  0.003 -0.    ... -0.001 -0.    -0.   ]
 [ 0.     0.004 -0.    ... -0.    -0.004 -0.   ]
 [-0.    -0.    -0.    ... -0.002 -0.    -0.   ]]
Nash policies:  [(array([0.   , 0.96 , 0.   , 0.   , 0.023, 0.003, 0.   , 0.   , 0.   , 0.   , 0.   , 0.   , 0.   , 0.   , 0.   , 0.014, 0.   , 0.   ]), array([0.   , 0.   , 0.   , 0.949, 0.   , 0.03 , 0.   , 0.   , 0.   , 0.   , 0.   , 0.   , 0.   , 0.   , 0.   , 0.021, 0.   , 0.   ]))]
Frame: 6600000, Avg. RL Loss: 0.000, Avg. Q value: -0.000, Avg. Length: 7139.0, P0 Avg. Reward: -0.429, P1 Avg. Reward: 0.429
Q table: 
 [[-0.    -0.    -0.    ... -0.007 -0.    -0.   ]
 [-0.    -0.    -0.    ...  0.    -0.     0.005]
 [ 0.002 -0.    -0.    ... -0.     0.002 -0.001]
 ...
 [ 0.004  0.001 -0.    ... -0.001 -0.    -0.   ]
 [ 0.     0.003 -0.    ... -0.    -0.003 -0.   ]
 [-0.    -0.    -0.    ... -0.001 -0.    -0.   ]]
Nash policies:  [(array([0.   , 0.   , 0.   , 0.   , 0.171, 0.   , 0.6  , 0.   , 0.008, 0.1  , 0.091, 0.   , 0.   , 0.006, 0.   , 0.   , 0.   , 0.023]), array([0.004, 0.   , 0.   , 0.   , 0.005, 0.   , 0.   , 0.   , 0.   , 0.001, 0.032, 0.   , 0.   , 0.034, 0.924, 0.   , 0.   , 0.   ]))]
Frame: 6750000, Avg. RL Loss: 0.001, Avg. Q value: -0.000, Avg. Length: 7139.0, P0 Avg. Reward: -0.714, P1 Avg. Reward: 0.714
Q table: 
 [[-0.    -0.    -0.001 ... -0.006 -0.001 -0.001]
 [-0.    -0.    -0.001 ...  0.001 -0.     0.004]
 [ 0.002 -0.    -0.001 ... -0.004  0.001 -0.001]
 ...
 [ 0.004  0.001 -0.    ... -0.001 -0.001 -0.   ]
 [ 0.     0.003 -0.001 ... -0.    -0.002 -0.   ]
 [-0.    -0.    -0.001 ... -0.001 -0.001 -0.   ]]
Nash policies:  [(array([0.   , 0.   , 0.   , 0.029, 0.383, 0.003, 0.   , 0.58 , 0.   , 0.003, 0.   , 0.   , 0.   , 0.   , 0.   , 0.003, 0.   , 0.   ]), array([0.   , 0.   , 0.   , 0.198, 0.086, 0.198, 0.   , 0.   , 0.   , 0.212, 0.   , 0.015, 0.   , 0.   , 0.   , 0.291, 0.   , 0.   ]))]
Frame: 6900000, Avg. RL Loss: 0.001, Avg. Q value: -0.001, Avg. Length: 7139.0, P0 Avg. Reward: -4.286, P1 Avg. Reward: 4.286
Q table: 
 [[-0.    -0.    -0.001 ... -0.005 -0.001 -0.001]
 [-0.    -0.    -0.002 ... -0.001 -0.002  0.001]
 [ 0.001 -0.001 -0.001 ... -0.003 -0.001 -0.   ]
 ...
 [ 0.003  0.001 -0.001 ... -0.004 -0.004 -0.001]
 [-0.     0.002 -0.002 ... -0.003 -0.001 -0.001]
 [-0.001 -0.001 -0.002 ... -0.004 -0.001 -0.001]]
Nash policies:  [(array([0.   , 0.164, 0.   , 0.   , 0.   , 0.   , 0.   , 0.   , 0.   , 0.   , 0.836, 0.   , 0.   , 0.   , 0.   , 0.   , 0.   , 0.   ]), array([0.   , 0.   , 0.   , 0.   , 0.   , 0.304, 0.   , 0.   , 0.   , 0.   , 0.   , 0.   , 0.   , 0.   , 0.   , 0.696, 0.   , 0.   ]))]
Frame: 7050000, Avg. RL Loss: 0.001, Avg. Q value: -0.001, Avg. Length: 7139.0, P0 Avg. Reward: -1.286, P1 Avg. Reward: 1.286
Q table: 
 [[-0.001 -0.001 -0.001 ... -0.004 -0.001 -0.001]
 [-0.002 -0.001 -0.001 ... -0.001 -0.     0.001]
 [ 0.001 -0.001 -0.001 ... -0.004 -0.001 -0.001]
 ...
 [ 0.002  0.001 -0.001 ... -0.002 -0.008 -0.001]
 [-0.     0.001 -0.001 ... -0.003 -0.001 -0.001]
 [-0.001 -0.001 -0.001 ... -0.002 -0.001 -0.001]]
Nash policies:  [(array([0.   , 0.   , 0.   , 0.002, 0.   , 0.   , 0.   , 0.   , 0.   , 0.   , 0.844, 0.141, 0.   , 0.   , 0.012, 0.   , 0.   , 0.   ]), array([0.   , 0.   , 0.   , 0.   , 0.   , 0.176, 0.143, 0.   , 0.   , 0.345, 0.   , 0.   , 0.   , 0.   , 0.009, 0.327, 0.   , 0.   ]))]
Frame: 7200000, Avg. RL Loss: 0.000, Avg. Q value: -0.001, Avg. Length: 7139.0, P0 Avg. Reward: -1.810, P1 Avg. Reward: 1.810
Q table: 
 [[-0.001 -0.001 -0.002 ... -0.004 -0.002 -0.001]
 [-0.002 -0.001 -0.002 ... -0.001 -0.001  0.   ]
 [-0.    -0.001 -0.001 ... -0.004 -0.001 -0.001]
 ...
 [ 0.001 -0.    -0.002 ... -0.002 -0.008 -0.001]
 [-0.001  0.    -0.001 ... -0.003 -0.001 -0.002]
 [-0.002 -0.001 -0.001 ... -0.002 -0.002 -0.001]]
Nash policies:  [(array([0.   , 0.215, 0.   , 0.   , 0.   , 0.   , 0.   , 0.008, 0.022, 0.386, 0.066, 0.   , 0.   , 0.   , 0.153, 0.151, 0.   , 0.   ]), array([0.   , 0.   , 0.131, 0.   , 0.   , 0.   , 0.441, 0.076, 0.   , 0.107, 0.   , 0.   , 0.   , 0.   , 0.067, 0.12 , 0.057, 0.   ]))]
Frame: 7350000, Avg. RL Loss: 0.001, Avg. Q value: -0.002, Avg. Length: 7139.0, P0 Avg. Reward: -0.571, P1 Avg. Reward: 0.571
Q table: 
 [[-0.002 -0.001 -0.002 ... -0.002 -0.002 -0.002]
 [-0.002 -0.002  0.    ... -0.002 -0.002 -0.001]
 [-0.001 -0.002 -0.002 ... -0.004 -0.001 -0.001]
 ...
 [-0.001 -0.     0.003 ... -0.002 -0.002 -0.001]
 [-0.001  0.    -0.002 ... -0.003 -0.001 -0.002]
 [-0.002 -0.002 -0.005 ... -0.002 -0.002 -0.001]]
Nash policies:  [(array([0.   , 0.012, 0.   , 0.   , 0.   , 0.725, 0.   , 0.   , 0.001, 0.   , 0.008, 0.   , 0.207, 0.   , 0.012, 0.033, 0.   , 0.   ]), array([0.   , 0.   , 0.   , 0.   , 0.048, 0.   , 0.146, 0.322, 0.   , 0.   , 0.   , 0.   , 0.   , 0.001, 0.121, 0.262, 0.035, 0.065]))]
Frame: 7500000, Avg. RL Loss: 0.000, Avg. Q value: -0.001, Avg. Length: 7139.0, P0 Avg. Reward: 0.048, P1 Avg. Reward: -0.048
Q table: 
 [[-0.002 -0.001 -0.002 ... -0.002 -0.001 -0.002]
 [-0.002 -0.002 -0.001 ... -0.002 -0.001 -0.001]
 [-0.001 -0.002 -0.001 ... -0.004 -0.001 -0.001]
 ...
 [-0.001 -0.001  0.004 ... -0.001 -0.002 -0.001]
 [-0.001 -0.    -0.002 ... -0.003 -0.001 -0.001]
 [-0.001 -0.001 -0.007 ... -0.002 -0.001 -0.001]]
Nash policies:  [(array([0.   , 0.   , 0.   , 0.   , 0.   , 0.981, 0.   , 0.   , 0.   , 0.   , 0.003, 0.   , 0.005, 0.004, 0.   , 0.008, 0.   , 0.   ]), array([0.   , 0.   , 0.   , 0.   , 0.   , 0.   , 0.   , 0.007, 0.   , 0.128, 0.   , 0.009, 0.   , 0.014, 0.   , 0.   , 0.842, 0.   ]))]
Frame: 7650000, Avg. RL Loss: 0.000, Avg. Q value: -0.001, Avg. Length: 7139.0, P0 Avg. Reward: 1.333, P1 Avg. Reward: -1.333
Q table: 
 [[-0.001 -0.001 -0.001 ... -0.002 -0.001 -0.001]
 [-0.001 -0.001 -0.001 ... -0.002 -0.001 -0.001]
 [-0.001 -0.001 -0.001 ... -0.004 -0.001 -0.001]
 ...
 [-0.001 -0.001  0.003 ... -0.001 -0.001 -0.001]
 [-0.001 -0.001 -0.002 ... -0.003 -0.001 -0.001]
 [-0.001 -0.001 -0.007 ... -0.002 -0.001 -0.001]]
Nash policies:  [(array([0.   , 0.   , 0.   , 0.   , 0.   , 0.152, 0.   , 0.   , 0.   , 0.   , 0.224, 0.   , 0.   , 0.   , 0.203, 0.303, 0.   , 0.119]), array([0.   , 0.   , 0.08 , 0.   , 0.   , 0.   , 0.   , 0.   , 0.   , 0.   , 0.   , 0.272, 0.   , 0.172, 0.056, 0.42 , 0.   , 0.   ]))]
Frame: 7800000, Avg. RL Loss: 0.001, Avg. Q value: -0.002, Avg. Length: 7139.0, P0 Avg. Reward: -0.381, P1 Avg. Reward: 0.381
Q table: 
 [[-0.002 -0.002 -0.001 ... -0.001 -0.001 -0.001]
 [-0.002 -0.001 -0.001 ... -0.001 -0.001 -0.001]
 [-0.001 -0.001 -0.001 ... -0.004 -0.001 -0.001]
 ...
 [ 0.003 -0.001 -0.001 ... -0.001 -0.001 -0.001]
 [-0.001 -0.001 -0.002 ... -0.002 -0.002 -0.001]
 [-0.002 -0.002 -0.004 ... -0.002 -0.001 -0.001]]
Nash policies:  [(array([0.   , 0.097, 0.   , 0.22 , 0.   , 0.   , 0.   , 0.   , 0.011, 0.036, 0.   , 0.002, 0.037, 0.   , 0.06 , 0.537, 0.   , 0.   ]), array([0.   , 0.002, 0.   , 0.   , 0.   , 0.   , 0.061, 0.   , 0.847, 0.   , 0.   , 0.016, 0.   , 0.012, 0.031, 0.01 , 0.   , 0.02 ]))]
Frame: 7950000, Avg. RL Loss: 0.000, Avg. Q value: -0.001, Avg. Length: 7139.0, P0 Avg. Reward: 0.381, P1 Avg. Reward: -0.381
Q table: 
 [[-0.001 -0.001 -0.001 ... -0.001 -0.001 -0.001]
 [-0.001 -0.001 -0.001 ... -0.001 -0.001 -0.001]
 [-0.001 -0.001 -0.001 ... -0.003 -0.001 -0.001]
 ...
 [ 0.002 -0.001 -0.001 ... -0.    -0.001 -0.001]
 [-0.001 -0.001 -0.001 ... -0.002 -0.001 -0.001]
 [-0.001 -0.001 -0.003 ... -0.001 -0.001 -0.001]]
Nash policies:  [(array([0.   , 0.   , 0.   , 0.197, 0.017, 0.   , 0.   , 0.   , 0.047, 0.   , 0.   , 0.   , 0.249, 0.   , 0.004, 0.486, 0.   , 0.   ]), array([0.   , 0.   , 0.02 , 0.   , 0.615, 0.   , 0.   , 0.   , 0.   , 0.001, 0.   , 0.203, 0.   , 0.017, 0.146, 0.   , 0.   , 0.   ]))]
Frame: 8100000, Avg. RL Loss: 0.000, Avg. Q value: -0.001, Avg. Length: 7139.0, P0 Avg. Reward: -0.286, P1 Avg. Reward: 0.286
Q table: 
 [[-0.002 -0.001 -0.002 ... -0.002 -0.002 -0.002]
 [-0.001 -0.001 -0.001 ... -0.001 -0.001 -0.004]
 [-0.001 -0.002 -0.002 ... -0.002 -0.001 -0.002]
 ...
 [ 0.002 -0.002 -0.    ... -0.002 -0.002 -0.002]
 [-0.001 -0.001 -0.001 ... -0.002 -0.001 -0.002]
 [-0.002 -0.002 -0.003 ... -0.001 -0.002 -0.002]]
Nash policies:  [(array([0.   , 0.004, 0.252, 0.   , 0.   , 0.   , 0.009, 0.   , 0.093, 0.   , 0.036, 0.071, 0.   , 0.   , 0.   , 0.406, 0.   , 0.13 ]), array([0.   , 0.   , 0.   , 0.   , 0.375, 0.035, 0.081, 0.   , 0.   , 0.104, 0.   , 0.   , 0.   , 0.   , 0.059, 0.267, 0.014, 0.066]))]
Frame: 8250000, Avg. RL Loss: 0.000, Avg. Q value: -0.001, Avg. Length: 7139.0, P0 Avg. Reward: -1.476, P1 Avg. Reward: 1.476
Q table: 
 [[-0.001 -0.001 -0.001 ... -0.001 -0.001 -0.001]
 [-0.001 -0.001 -0.001 ... -0.001 -0.001 -0.005]
 [-0.001 -0.001 -0.001 ... -0.003 -0.001 -0.001]
 ...
 [ 0.002 -0.001 -0.001 ... -0.001 -0.    -0.001]
 [-0.001 -0.001 -0.001 ... -0.002 -0.001 -0.001]
 [-0.001 -0.001 -0.002 ... -0.001 -0.001 -0.001]]
Nash policies:  [(array([0.015, 0.01 , 0.   , 0.129, 0.   , 0.   , 0.014, 0.   , 0.139, 0.504, 0.   , 0.167, 0.022, 0.   , 0.   , 0.   , 0.   , 0.   ]), array([0.   , 0.   , 0.   , 0.   , 0.087, 0.055, 0.   , 0.129, 0.   , 0.218, 0.   , 0.023, 0.   , 0.   , 0.285, 0.134, 0.   , 0.068]))]
Frame: 8400000, Avg. RL Loss: 0.001, Avg. Q value: -0.002, Avg. Length: 7139.0, P0 Avg. Reward: -1.810, P1 Avg. Reward: 1.810
Q table: 
 [[-0.002 -0.002 -0.002 ... -0.006 -0.002 -0.004]
 [-0.002 -0.002 -0.001 ... -0.002 -0.002 -0.002]
 [-0.002 -0.002 -0.002 ... -0.002 -0.002 -0.002]
 ...
 [ 0.002 -0.004 -0.001 ... -0.002 -0.004 -0.001]
 [-0.002 -0.002 -0.002 ... -0.006 -0.002 -0.002]
 [-0.002 -0.002 -0.002 ... -0.002 -0.002 -0.002]]
Nash policies:  [(array([0.011, 0.   , 0.   , 0.   , 0.   , 0.   , 0.122, 0.   , 0.713, 0.   , 0.   , 0.   , 0.   , 0.014, 0.086, 0.054, 0.   , 0.   ]), array([0.   , 0.   , 0.   , 0.   , 0.   , 0.   , 0.38 , 0.   , 0.   , 0.071, 0.   , 0.056, 0.   , 0.034, 0.324, 0.136, 0.   , 0.   ]))]
Frame: 8550000, Avg. RL Loss: 0.001, Avg. Q value: -0.002, Avg. Length: 7139.0, P0 Avg. Reward: -2.143, P1 Avg. Reward: 2.143
Q table: 
 [[-0.003 -0.003 -0.003 ... -0.006 -0.003 -0.007]
 [-0.002 -0.002 -0.001 ... -0.002 -0.002 -0.002]
 [-0.002 -0.003 -0.003 ... -0.002 -0.003 -0.002]
 ...
 [ 0.001 -0.009 -0.001 ... -0.002 -0.004 -0.002]
 [-0.003 -0.002 -0.002 ... -0.005 -0.005 -0.003]
 [-0.003 -0.003 -0.002 ... -0.002 -0.003 -0.002]]
Nash policies:  [(array([0.   , 0.101, 0.316, 0.   , 0.   , 0.   , 0.   , 0.07 , 0.169, 0.   , 0.   , 0.108, 0.   , 0.236, 0.   , 0.   , 0.   , 0.   ]), array([0.   , 0.   , 0.   , 0.015, 0.   , 0.   , 0.   , 0.05 , 0.007, 0.215, 0.   , 0.   , 0.   , 0.   , 0.242, 0.   , 0.471, 0.   ]))]
Frame: 8700000, Avg. RL Loss: 0.001, Avg. Q value: -0.003, Avg. Length: 7139.0, P0 Avg. Reward: -0.333, P1 Avg. Reward: 0.333
Q table: 
 [[-0.003 -0.003 -0.003 ... -0.005 -0.003 -0.006]
 [-0.003 -0.003 -0.002 ... -0.003 -0.003 -0.002]
 [-0.003 -0.003 -0.003 ... -0.004 -0.003 -0.003]
 ...
 [ 0.001 -0.005 -0.001 ... -0.003 -0.003 -0.002]
 [-0.003 -0.003 -0.003 ... -0.003 -0.005 -0.003]
 [-0.003 -0.003 -0.002 ... -0.002 -0.003 -0.003]]
Nash policies:  [(array([0.007, 0.881, 0.   , 0.   , 0.   , 0.   , 0.   , 0.093, 0.004, 0.001, 0.   , 0.   , 0.013, 0.   , 0.   , 0.   , 0.   , 0.   ]), array([0.   , 0.   , 0.   , 0.163, 0.   , 0.   , 0.071, 0.   , 0.   , 0.103, 0.   , 0.   , 0.   , 0.   , 0.236, 0.425, 0.   , 0.003]))]
Frame: 8850000, Avg. RL Loss: 0.000, Avg. Q value: -0.003, Avg. Length: 7139.0, P0 Avg. Reward: -1.762, P1 Avg. Reward: 1.762
Q table: 
 [[-0.003 -0.003 -0.003 ... -0.003 -0.003 -0.004]
 [-0.003 -0.003 -0.002 ... -0.003 -0.002 -0.003]
 [-0.003 -0.003 -0.003 ... -0.003 -0.    -0.003]
 ...
 [ 0.    -0.003 -0.001 ... -0.003 -0.003 -0.003]
 [-0.003 -0.003 -0.003 ... -0.003 -0.003 -0.003]
 [-0.003 -0.003 -0.002 ... -0.003 -0.003 -0.003]]
Nash policies:  [(array([0.231, 0.   , 0.42 , 0.   , 0.   , 0.   , 0.   , 0.   , 0.   , 0.   , 0.   , 0.   , 0.002, 0.313, 0.   , 0.011, 0.021, 0.003]), array([0.   , 0.   , 0.   , 0.017, 0.   , 0.088, 0.   , 0.187, 0.   , 0.348, 0.145, 0.   , 0.   , 0.19 , 0.   , 0.   , 0.   , 0.025]))]
Frame: 9000000, Avg. RL Loss: 0.000, Avg. Q value: -0.003, Avg. Length: 7139.0, P0 Avg. Reward: -0.952, P1 Avg. Reward: 0.952
Q table: 
 [[-0.003 -0.003 -0.003 ... -0.003 -0.003 -0.003]
 [-0.003 -0.003 -0.002 ... -0.003 -0.002 -0.003]
 [-0.003 -0.003 -0.003 ... -0.003 -0.002 -0.003]
 ...
 [-0.001 -0.001 -0.002 ... -0.003 -0.003 -0.003]
 [-0.003 -0.003 -0.003 ... -0.003 -0.003 -0.003]
 [-0.003 -0.003 -0.002 ... -0.003 -0.003 -0.003]]
Nash policies:  [(array([0.   , 0.   , 0.107, 0.146, 0.   , 0.   , 0.   , 0.   , 0.319, 0.   , 0.   , 0.   , 0.   , 0.   , 0.126, 0.267, 0.   , 0.035]), array([0.   , 0.   , 0.   , 0.   , 0.   , 0.256, 0.   , 0.079, 0.   , 0.258, 0.   , 0.   , 0.   , 0.   , 0.238, 0.13 , 0.039, 0.   ]))]
Frame: 9150000, Avg. RL Loss: 0.001, Avg. Q value: -0.003, Avg. Length: 7139.0, P0 Avg. Reward: -0.571, P1 Avg. Reward: 0.571
Q table: 
 [[-0.003 -0.003 -0.003 ... -0.003 -0.003 -0.003]
 [-0.003 -0.003 -0.002 ... -0.003 -0.002 -0.003]
 [-0.003 -0.003 -0.003 ... -0.003 -0.003 -0.004]
 ...
 [-0.002  0.002 -0.002 ... -0.003 -0.003 -0.003]
 [-0.003 -0.002 -0.003 ... -0.004 -0.003 -0.003]
 [-0.003  0.004 -0.003 ... -0.003 -0.003 -0.001]]
Nash policies:  [(array([0.849, 0.   , 0.   , 0.   , 0.   , 0.   , 0.   , 0.   , 0.033, 0.004, 0.   , 0.   , 0.   , 0.   , 0.041, 0.   , 0.011, 0.062]), array([0.   , 0.   , 0.   , 0.   , 0.   , 0.25 , 0.   , 0.096, 0.   , 0.   , 0.   , 0.   , 0.   , 0.   , 0.014, 0.289, 0.347, 0.004]))]
Frame: 9300000, Avg. RL Loss: 0.001, Avg. Q value: -0.003, Avg. Length: 7139.0, P0 Avg. Reward: -0.333, P1 Avg. Reward: 0.333
Q table: 
 [[-0.005 -0.003  0.003 ... -0.004 -0.005 -0.003]
 [-0.003 -0.003 -0.003 ... -0.003 -0.004 -0.003]
 [-0.002 -0.003 -0.003 ... -0.003 -0.002 -0.001]
 ...
 [-0.003  0.002 -0.002 ... -0.    -0.006 -0.003]
 [-0.003 -0.002 -0.003 ... -0.002 -0.003 -0.003]
 [-0.003  0.005  0.003 ... -0.001 -0.003 -0.002]]
Nash policies:  [(array([0.01 , 0.   , 0.089, 0.   , 0.   , 0.718, 0.   , 0.128, 0.007, 0.   , 0.01 , 0.   , 0.   , 0.   , 0.   , 0.   , 0.034, 0.003]), array([0.   , 0.004, 0.007, 0.   , 0.   , 0.   , 0.   , 0.136, 0.024, 0.   , 0.212, 0.   , 0.   , 0.   , 0.608, 0.001, 0.   , 0.007]))]
Frame: 9450000, Avg. RL Loss: 0.000, Avg. Q value: -0.002, Avg. Length: 7139.0, P0 Avg. Reward: 0.000, P1 Avg. Reward: 0.000
Q table: 
 [[-0.005 -0.002  0.003 ... -0.004 -0.005 -0.002]
 [-0.002 -0.002 -0.002 ... -0.003 -0.004 -0.003]
 [-0.002 -0.002 -0.002 ... -0.    -0.002 -0.002]
 ...
 [-0.002  0.002 -0.002 ... -0.    -0.006 -0.003]
 [-0.002 -0.002 -0.002 ... -0.002 -0.002 -0.004]
 [-0.002  0.005  0.003 ... -0.002 -0.002 -0.002]]
Nash policies:  [(array([0.   , 0.   , 0.608, 0.   , 0.   , 0.102, 0.   , 0.077, 0.059, 0.   , 0.052, 0.   , 0.   , 0.   , 0.   , 0.   , 0.102, 0.   ]), array([0.   , 0.   , 0.   , 0.305, 0.   , 0.014, 0.   , 0.332, 0.098, 0.001, 0.   , 0.   , 0.   , 0.   , 0.   , 0.   , 0.   , 0.25 ]))]
Frame: 9600000, Avg. RL Loss: 0.001, Avg. Q value: -0.003, Avg. Length: 7139.0, P0 Avg. Reward: -1.619, P1 Avg. Reward: 1.619
Q table: 
 [[-0.005 -0.003  0.003 ... -0.004 -0.005 -0.002]
 [-0.003 -0.003 -0.002 ... -0.003 -0.001 -0.003]
 [-0.002 -0.003 -0.003 ... -0.002 -0.003 -0.007]
 ...
 [-0.003  0.002 -0.002 ... -0.002 -0.005 -0.003]
 [-0.003 -0.002 -0.003 ... -0.003 -0.002 -0.003]
 [ 0.002  0.004  0.003 ... -0.004 -0.003 -0.001]]
Nash policies:  [(array([0.   , 0.093, 0.   , 0.   , 0.   , 0.311, 0.   , 0.   , 0.139, 0.329, 0.061, 0.053, 0.   , 0.   , 0.003, 0.   , 0.   , 0.011]), array([0.072, 0.   , 0.   , 0.   , 0.   , 0.   , 0.   , 0.   , 0.234, 0.091, 0.303, 0.058, 0.   , 0.   , 0.117, 0.12 , 0.   , 0.005]))]
Frame: 9750000, Avg. RL Loss: 0.001, Avg. Q value: -0.003, Avg. Length: 7139.0, P0 Avg. Reward: -0.429, P1 Avg. Reward: 0.429
Q table: 
 [[-0.005 -0.003  0.002 ... -0.004 -0.004 -0.   ]
 [-0.003 -0.003 -0.003 ... -0.004 -0.004 -0.003]
 [-0.002 -0.003 -0.003 ... -0.002 -0.003 -0.006]
 ...
 [-0.003  0.001 -0.002 ... -0.002 -0.004 -0.003]
 [-0.003 -0.002 -0.003 ... -0.003 -0.002 -0.002]
 [ 0.001  0.004  0.002 ... -0.003 -0.003 -0.002]]
Nash policies:  [(array([0.   , 0.   , 0.079, 0.   , 0.023, 0.   , 0.   , 0.   , 0.05 , 0.   , 0.073, 0.   , 0.   , 0.   , 0.   , 0.   , 0.032, 0.742]), array([0.   , 0.   , 0.   , 0.   , 0.   , 0.   , 0.   , 0.   , 0.093, 0.318, 0.257, 0.   , 0.   , 0.069, 0.013, 0.251, 0.   , 0.   ]))]
Frame: 9900000, Avg. RL Loss: 0.002, Avg. Q value: -0.002, Avg. Length: 7139.0, P0 Avg. Reward: 0.571, P1 Avg. Reward: -0.571
Q table: 
 [[-0.005 -0.002  0.002 ... -0.01  -0.004 -0.002]
 [-0.002 -0.003 -0.002 ... -0.004 -0.003 -0.002]
 [-0.002 -0.002 -0.004 ... -0.002 -0.002 -0.002]
 ...
 [-0.003  0.001 -0.002 ... -0.001 -0.003 -0.002]
 [-0.002 -0.002 -0.002 ... -0.002 -0.002 -0.005]
 [ 0.001  0.003 -0.001 ... -0.005 -0.002 -0.001]]
Nash policies:  [(array([0.   , 0.   , 0.007, 0.   , 0.01 , 0.282, 0.084, 0.076, 0.199, 0.   , 0.   , 0.209, 0.   , 0.   , 0.   , 0.105, 0.029, 0.   ]), array([0.   , 0.   , 0.253, 0.047, 0.133, 0.   , 0.   , 0.138, 0.   , 0.045, 0.001, 0.   , 0.   , 0.153, 0.023, 0.205, 0.   , 0.   ]))]
Frame: 10050000, Avg. RL Loss: 0.000, Avg. Q value: -0.002, Avg. Length: 7139.0, P0 Avg. Reward: 1.095, P1 Avg. Reward: -1.095
Q table: 
 [[-0.005 -0.002  0.001 ... -0.01  -0.004 -0.002]
 [-0.002 -0.002 -0.002 ... -0.005 -0.003 -0.002]
 [-0.002 -0.002 -0.002 ... -0.002 -0.002 -0.002]
 ...
 [-0.002  0.    -0.002 ... -0.002 -0.002 -0.002]
 [-0.002 -0.002  0.005 ... -0.002 -0.002 -0.004]
 [ 0.001  0.003 -0.002 ... -0.004 -0.002 -0.001]]
Nash policies:  [(array([0.   , 0.   , 0.039, 0.   , 0.005, 0.84 , 0.   , 0.023, 0.086, 0.   , 0.   , 0.   , 0.   , 0.   , 0.   , 0.   , 0.007, 0.   ]), array([0.   , 0.   , 0.075, 0.049, 0.   , 0.   , 0.091, 0.   , 0.   , 0.   , 0.   , 0.   , 0.105, 0.223, 0.441, 0.   , 0.   , 0.016]))]
Frame: 10200000, Avg. RL Loss: 0.000, Avg. Q value: -0.002, Avg. Length: 7139.0, P0 Avg. Reward: -0.571, P1 Avg. Reward: 0.571
Q table: 
 [[-0.004 -0.002  0.001 ... -0.009 -0.004 -0.002]
 [-0.002 -0.002 -0.002 ... -0.005 -0.003 -0.002]
 [-0.002 -0.002 -0.002 ... -0.002 -0.002 -0.002]
 ...
 [-0.002 -0.001 -0.002 ... -0.002 -0.002 -0.002]
 [-0.002 -0.002  0.002 ... -0.002 -0.002 -0.004]
 [ 0.001  0.003 -0.002 ... -0.003 -0.002 -0.002]]
Nash policies:  [(array([0.   , 0.   , 0.   , 0.   , 0.155, 0.   , 0.   , 0.012, 0.   , 0.   , 0.   , 0.   , 0.   , 0.   , 0.   , 0.828, 0.005, 0.   ]), array([0.   , 0.   , 0.   , 0.   , 0.   , 0.   , 0.   , 0.045, 0.   , 0.   , 0.183, 0.   , 0.   , 0.   , 0.703, 0.069, 0.   , 0.   ]))]
Frame: 10350000, Avg. RL Loss: 0.000, Avg. Q value: -0.002, Avg. Length: 7139.0, P0 Avg. Reward: -0.571, P1 Avg. Reward: 0.571
Q table: 
 [[-0.003 -0.002  0.    ... -0.009 -0.003 -0.002]
 [-0.002 -0.001 -0.002 ... -0.004 -0.003 -0.002]
 [-0.002 -0.001 -0.002 ... -0.002 -0.002 -0.002]
 ...
 [-0.002 -0.001 -0.002 ... -0.003 -0.002 -0.002]
 [-0.002 -0.002  0.002 ... -0.002 -0.002 -0.003]
 [ 0.     0.002 -0.002 ... -0.002 -0.002 -0.002]]
Nash policies:  [(array([0.   , 0.   , 0.026, 0.   , 0.059, 0.   , 0.896, 0.003, 0.   , 0.   , 0.   , 0.   , 0.   , 0.   , 0.   , 0.005, 0.01 , 0.   ]), array([0.   , 0.   , 0.   , 0.   , 0.   , 0.   , 0.04 , 0.01 , 0.   , 0.102, 0.404, 0.   , 0.   , 0.   , 0.016, 0.   , 0.   , 0.427]))]
Frame: 10500000, Avg. RL Loss: 0.000, Avg. Q value: -0.002, Avg. Length: 7139.0, P0 Avg. Reward: -0.143, P1 Avg. Reward: 0.143
Q table: 
 [[-0.003 -0.002  0.    ... -0.009 -0.003 -0.002]
 [-0.001 -0.002 -0.002 ... -0.004 -0.003 -0.002]
 [-0.002 -0.002 -0.002 ... -0.002 -0.002 -0.001]
 ...
 [-0.002 -0.001 -0.002 ... -0.003 -0.004 -0.002]
 [-0.002 -0.002  0.001 ... -0.002 -0.002 -0.002]
 [-0.001  0.001 -0.002 ... -0.002 -0.002 -0.002]]
Nash policies:  [(array([0.   , 0.   , 0.207, 0.   , 0.   , 0.013, 0.   , 0.   , 0.   , 0.   , 0.   , 0.   , 0.   , 0.   , 0.   , 0.   , 0.771, 0.01 ]), array([0.   , 0.019, 0.   , 0.   , 0.   , 0.584, 0.   , 0.   , 0.   , 0.   , 0.   , 0.   , 0.12 , 0.   , 0.   , 0.278, 0.   , 0.   ]))]
Frame: 10650000, Avg. RL Loss: 0.002, Avg. Q value: -0.001, Avg. Length: 7139.0, P0 Avg. Reward: 4.762, P1 Avg. Reward: -4.762
Q table: 
 [[-0.003 -0.001 -0.001 ... -0.008 -0.003 -0.002]
 [-0.001 -0.001 -0.001 ... -0.004 -0.003 -0.002]
 [-0.002 -0.001 -0.002 ... -0.005 -0.002  0.001]
 ...
 [ 0.    -0.001 -0.002 ... -0.002 -0.003  0.   ]
 [ 0.001 -0.001 -0.001 ... -0.001  0.001 -0.001]
 [-0.001 -0.001  0.002 ...  0.002 -0.001 -0.001]]
Nash policies:  [(array([0.   , 0.   , 0.   , 0.   , 0.   , 0.16 , 0.3  , 0.   , 0.   , 0.   , 0.   , 0.166, 0.093, 0.   , 0.   , 0.093, 0.   , 0.188]), array([0.   , 0.   , 0.   , 0.   , 0.   , 0.   , 0.181, 0.   , 0.   , 0.036, 0.208, 0.   , 0.076, 0.476, 0.   , 0.   , 0.022, 0.   ]))]
Frame: 10800000, Avg. RL Loss: 0.001, Avg. Q value: -0.000, Avg. Length: 7139.0, P0 Avg. Reward: 1.190, P1 Avg. Reward: -1.190
Q table: 
 [[-0.002 -0.    -0.    ... -0.007 -0.002 -0.002]
 [-0.    -0.    -0.    ... -0.004 -0.002 -0.002]
 [-0.004 -0.    -0.002 ... -0.004 -0.002  0.001]
 ...
 [ 0.001 -0.    -0.    ... -0.     0.001  0.   ]
 [ 0.001 -0.    -0.    ...  0.     0.001  0.003]
 [-0.    -0.001  0.003 ... -0.004 -0.    -0.   ]]
Nash policies:  [(array([0.   , 0.   , 0.03 , 0.   , 0.   , 0.022, 0.272, 0.   , 0.   , 0.   , 0.   , 0.   , 0.144, 0.   , 0.   , 0.093, 0.44 , 0.   ]), array([0.   , 0.   , 0.   , 0.004, 0.   , 0.015, 0.362, 0.   , 0.   , 0.277, 0.   , 0.254, 0.   , 0.   , 0.   , 0.088, 0.   , 0.   ]))]
Frame: 10950000, Avg. RL Loss: 0.000, Avg. Q value: -0.000, Avg. Length: 7139.0, P0 Avg. Reward: -0.810, P1 Avg. Reward: 0.810
Q table: 
 [[-0.001 -0.    -0.    ... -0.005 -0.001 -0.001]
 [-0.    -0.    -0.    ... -0.004 -0.002 -0.002]
 [-0.004 -0.    -0.001 ... -0.004 -0.001  0.   ]
 ...
 [ 0.001 -0.    -0.    ... -0.    -0.005  0.   ]
 [ 0.001 -0.    -0.    ... -0.    -0.     0.003]
 [-0.    -0.001  0.002 ... -0.003 -0.    -0.   ]]
Nash policies:  [(array([0.   , 0.   , 0.   , 0.   , 0.001, 0.   , 0.   , 0.   , 0.   , 0.   , 0.   , 0.028, 0.971, 0.   , 0.   , 0.   , 0.   , 0.   ]), array([0.   , 0.   , 0.037, 0.   , 0.   , 0.056, 0.   , 0.   , 0.   , 0.   , 0.   , 0.   , 0.023, 0.   , 0.   , 0.883, 0.   , 0.   ]))]
Frame: 11100000, Avg. RL Loss: 0.000, Avg. Q value: -0.000, Avg. Length: 7139.0, P0 Avg. Reward: -0.143, P1 Avg. Reward: 0.143
Q table: 
 [[-0.001 -0.    -0.    ... -0.005 -0.001 -0.001]
 [-0.001 -0.001 -0.    ... -0.003 -0.001 -0.002]
 [-0.003 -0.    -0.001 ... -0.004 -0.001  0.   ]
 ...
 [ 0.001 -0.    -0.    ... -0.    -0.005  0.   ]
 [ 0.001 -0.    -0.    ... -0.    -0.     0.003]
 [-0.    -0.001  0.002 ... -0.003 -0.    -0.   ]]
Nash policies:  [(array([0.   , 0.   , 0.002, 0.   , 0.617, 0.   , 0.06 , 0.   , 0.04 , 0.   , 0.   , 0.063, 0.09 , 0.   , 0.   , 0.   , 0.127, 0.   ]), array([0.   , 0.   , 0.   , 0.   , 0.   , 0.   , 0.077, 0.085, 0.161, 0.122, 0.021, 0.   , 0.   , 0.   , 0.   , 0.179, 0.355, 0.   ]))]
Frame: 11250000, Avg. RL Loss: 0.001, Avg. Q value: -0.001, Avg. Length: 7139.0, P0 Avg. Reward: 0.857, P1 Avg. Reward: -0.857
Q table: 
 [[-0.001 -0.    -0.    ... -0.003 -0.001 -0.001]
 [-0.    -0.001 -0.001 ... -0.003 -0.001 -0.002]
 [-0.003 -0.001 -0.001 ... -0.003 -0.001  0.   ]
 ...
 [ 0.001 -0.    -0.    ... -0.001 -0.005  0.   ]
 [ 0.001 -0.001 -0.001 ... -0.003 -0.     0.002]
 [-0.    -0.001  0.002 ... -0.001 -0.001 -0.   ]]
Nash policies:  [(array([0.   , 0.   , 0.   , 0.   , 0.288, 0.274, 0.119, 0.   , 0.046, 0.   , 0.   , 0.   , 0.141, 0.   , 0.   , 0.133, 0.   , 0.   ]), array([0.   , 0.   , 0.   , 0.533, 0.   , 0.   , 0.   , 0.096, 0.   , 0.   , 0.052, 0.072, 0.   , 0.   , 0.   , 0.242, 0.005, 0.   ]))]
Frame: 11400000, Avg. RL Loss: 0.001, Avg. Q value: -0.001, Avg. Length: 7139.0, P0 Avg. Reward: -2.524, P1 Avg. Reward: 2.524
Q table: 
 [[-0.001 -0.001 -0.001 ... -0.003 -0.001 -0.001]
 [-0.001 -0.001 -0.001 ... -0.001 -0.001 -0.001]
 [-0.003 -0.001 -0.001 ... -0.003 -0.001  0.   ]
 ...
 [-0.    -0.001 -0.    ... -0.002 -0.001 -0.   ]
 [ 0.001 -0.001 -0.001 ... -0.001 -0.001  0.002]
 [-0.    -0.001  0.002 ... -0.001 -0.001 -0.   ]]
Nash policies:  [(array([0.   , 0.024, 0.   , 0.   , 0.002, 0.   , 0.018, 0.   , 0.002, 0.044, 0.678, 0.   , 0.082, 0.   , 0.107, 0.043, 0.   , 0.   ]), array([0.   , 0.   , 0.002, 0.529, 0.   , 0.   , 0.182, 0.   , 0.014, 0.   , 0.006, 0.   , 0.029, 0.172, 0.   , 0.04 , 0.027, 0.   ]))]
Frame: 11550000, Avg. RL Loss: 0.000, Avg. Q value: -0.000, Avg. Length: 7139.0, P0 Avg. Reward: -0.143, P1 Avg. Reward: 0.143
Q table: 
 [[-0.    -0.    -0.    ... -0.002 -0.001 -0.001]
 [-0.001 -0.001 -0.    ... -0.001 -0.    -0.001]
 [-0.003 -0.001 -0.001 ... -0.003 -0.001  0.   ]
 ...
 [-0.    -0.    -0.    ... -0.    -0.    -0.   ]
 [ 0.001 -0.    -0.001 ... -0.001 -0.001  0.002]
 [-0.    -0.     0.002 ... -0.001 -0.001 -0.   ]]
Nash policies:  [(array([0.   , 0.   , 0.   , 0.   , 0.001, 0.   , 0.   , 0.001, 0.   , 0.001, 0.911, 0.   , 0.   , 0.   , 0.004, 0.083, 0.   , 0.   ]), array([0.   , 0.   , 0.011, 0.   , 0.   , 0.   , 0.769, 0.   , 0.   , 0.031, 0.003, 0.   , 0.   , 0.   , 0.   , 0.   , 0.178, 0.007]))]
Frame: 11700000, Avg. RL Loss: 0.000, Avg. Q value: -0.000, Avg. Length: 7139.0, P0 Avg. Reward: -0.619, P1 Avg. Reward: 0.619
Q table: 
 [[-0.    -0.001 -0.001 ... -0.001 -0.001 -0.001]
 [-0.001 -0.001 -0.001 ... -0.    -0.003  0.001]
 [-0.002 -0.    -0.001 ... -0.003 -0.001  0.   ]
 ...
 [-0.001 -0.001 -0.001 ... -0.001 -0.001 -0.001]
 [ 0.001 -0.001 -0.001 ... -0.001 -0.001  0.002]
 [-0.001 -0.001  0.002 ... -0.001 -0.001 -0.   ]]
Nash policies:  [(array([0.   , 0.038, 0.   , 0.   , 0.   , 0.   , 0.11 , 0.   , 0.036, 0.107, 0.   , 0.   , 0.105, 0.201, 0.   , 0.215, 0.   , 0.188]), array([0.   , 0.   , 0.   , 0.034, 0.029, 0.   , 0.   , 0.004, 0.   , 0.091, 0.211, 0.   , 0.   , 0.   , 0.   , 0.423, 0.153, 0.055]))]
Frame: 11850000, Avg. RL Loss: 0.000, Avg. Q value: -0.001, Avg. Length: 7139.0, P0 Avg. Reward: 0.238, P1 Avg. Reward: -0.238
Q table: 
 [[-0.    -0.001 -0.    ...  0.003  0.001 -0.   ]
 [-0.    -0.001 -0.001 ...  0.    -0.002 -0.004]
 [-0.002  0.    -0.001 ... -0.002 -0.001  0.   ]
 ...
 [-0.001 -0.001 -0.    ...  0.    -0.002 -0.001]
 [ 0.    -0.001 -0.001 ... -0.001 -0.001  0.001]
 [-0.001 -0.001  0.001 ...  0.002 -0.001 -0.001]]
Nash policies:  [(array([0.414, 0.   , 0.   , 0.001, 0.001, 0.   , 0.   , 0.   , 0.   , 0.   , 0.007, 0.   , 0.562, 0.015, 0.   , 0.   , 0.   , 0.   ]), array([0.   , 0.   , 0.   , 0.818, 0.   , 0.   , 0.012, 0.   , 0.028, 0.   , 0.027, 0.029, 0.   , 0.   , 0.051, 0.   , 0.   , 0.034]))]
Frame: 12000000, Avg. RL Loss: 0.000, Avg. Q value: -0.000, Avg. Length: 7139.0, P0 Avg. Reward: -0.095, P1 Avg. Reward: 0.095
Q table: 
 [[-0.    -0.    -0.    ...  0.002  0.    -0.   ]
 [-0.    -0.001 -0.001 ...  0.    -0.002 -0.004]
 [-0.001 -0.    -0.001 ... -0.002 -0.001 -0.   ]
 ...
 [-0.001 -0.001 -0.    ...  0.    -0.002 -0.001]
 [ 0.    -0.001 -0.001 ... -0.001 -0.001  0.001]
 [-0.001 -0.001  0.001 ...  0.002 -0.    -0.001]]
Nash policies:  [(array([0.229, 0.   , 0.   , 0.007, 0.009, 0.025, 0.157, 0.   , 0.   , 0.   , 0.   , 0.   , 0.442, 0.049, 0.   , 0.   , 0.   , 0.083]), array([0.   , 0.   , 0.   , 0.031, 0.   , 0.   , 0.432, 0.003, 0.   , 0.   , 0.006, 0.056, 0.201, 0.244, 0.   , 0.   , 0.027, 0.   ]))]
Frame: 12150000, Avg. RL Loss: 0.000, Avg. Q value: -0.001, Avg. Length: 7139.0, P0 Avg. Reward: -0.143, P1 Avg. Reward: 0.143
Q table: 
 [[-0.001 -0.001 -0.001 ...  0.002 -0.001 -0.001]
 [-0.    -0.001 -0.001 ...  0.    -0.002 -0.004]
 [-0.001 -0.001 -0.001 ... -0.002 -0.001 -0.   ]
 ...
 [-0.001 -0.001 -0.001 ...  0.    -0.001 -0.001]
 [ 0.    -0.001 -0.001 ... -0.001 -0.001  0.001]
 [-0.001 -0.001  0.001 ...  0.002 -0.002 -0.001]]
Nash policies:  [(array([0.   , 0.   , 0.   , 0.   , 0.   , 0.   , 0.   , 0.   , 0.   , 0.   , 0.001, 0.   , 0.   , 0.997, 0.   , 0.001, 0.   , 0.002]), array([0.   , 0.   , 0.   , 0.29 , 0.   , 0.   , 0.   , 0.157, 0.   , 0.   , 0.   , 0.   , 0.   , 0.   , 0.   , 0.218, 0.335, 0.   ]))]
Frame: 12300000, Avg. RL Loss: 0.000, Avg. Q value: -0.001, Avg. Length: 7139.0, P0 Avg. Reward: 0.429, P1 Avg. Reward: -0.429
Q table: 
 [[-0.001 -0.001 -0.001 ...  0.002 -0.001 -0.001]
 [-0.001 -0.001 -0.001 ...  0.    -0.002 -0.004]
 [-0.001 -0.001 -0.001 ... -0.006 -0.001 -0.   ]
 ...
 [-0.001 -0.001 -0.001 ... -0.    -0.001 -0.001]
 [ 0.    -0.001 -0.001 ... -0.001 -0.001  0.001]
 [-0.001 -0.001  0.001 ...  0.001 -0.001 -0.001]]
Nash policies:  [(array([0.   , 0.   , 0.   , 0.003, 0.   , 0.017, 0.016, 0.007, 0.   , 0.45 , 0.   , 0.   , 0.   , 0.012, 0.   , 0.492, 0.   , 0.003]), array([0.034, 0.031, 0.   , 0.   , 0.045, 0.   , 0.152, 0.   , 0.   , 0.   , 0.2  , 0.363, 0.   , 0.043, 0.   , 0.   , 0.132, 0.   ]))]
Frame: 12450000, Avg. RL Loss: 0.000, Avg. Q value: -0.001, Avg. Length: 7139.0, P0 Avg. Reward: -0.095, P1 Avg. Reward: 0.095
Q table: 
 [[-0.    -0.    -0.    ...  0.001 -0.001 -0.   ]
 [-0.    -0.    -0.    ...  0.    -0.001 -0.004]
 [-0.001 -0.    -0.001 ... -0.005 -0.001 -0.001]
 ...
 [-0.    -0.    -0.    ... -0.    -0.    -0.   ]
 [-0.    -0.    -0.001 ... -0.001 -0.001  0.   ]
 [-0.    -0.     0.    ...  0.001 -0.001 -0.001]]
Nash policies:  [(array([0.   , 0.   , 0.   , 0.   , 0.001, 0.002, 0.   , 0.   , 0.   , 0.   , 0.   , 0.   , 0.   , 0.001, 0.   , 0.996, 0.   , 0.   ]), array([0.018, 0.   , 0.   , 0.   , 0.   , 0.   , 0.   , 0.   , 0.   , 0.   , 0.028, 0.425, 0.   , 0.475, 0.   , 0.   , 0.014, 0.04 ]))]
Frame: 12600000, Avg. RL Loss: 0.000, Avg. Q value: -0.000, Avg. Length: 7139.0, P0 Avg. Reward: -0.810, P1 Avg. Reward: 0.810
Q table: 
 [[-0.    -0.    -0.    ...  0.001 -0.    -0.   ]
 [-0.    -0.    -0.    ...  0.    -0.001 -0.003]
 [-0.    -0.    -0.    ... -0.005 -0.    -0.001]
 ...
 [-0.    -0.    -0.    ... -0.002 -0.001 -0.   ]
 [-0.    -0.    -0.    ... -0.001 -0.001  0.   ]
 [-0.    -0.    -0.    ...  0.001 -0.001 -0.   ]]
Nash policies:  [(array([0.353, 0.04 , 0.   , 0.   , 0.   , 0.127, 0.11 , 0.   , 0.115, 0.   , 0.039, 0.   , 0.065, 0.027, 0.   , 0.124, 0.   , 0.   ]), array([0.334, 0.   , 0.   , 0.   , 0.07 , 0.   , 0.027, 0.   , 0.   , 0.115, 0.031, 0.174, 0.   , 0.186, 0.   , 0.055, 0.008, 0.   ]))]
Frame: 12750000, Avg. RL Loss: 0.001, Avg. Q value: -0.001, Avg. Length: 7139.0, P0 Avg. Reward: -2.524, P1 Avg. Reward: 2.524
Q table: 
 [[-0.001 -0.001 -0.001 ... -0.003 -0.001 -0.001]
 [-0.009 -0.003 -0.001 ... -0.001 -0.001 -0.003]
 [-0.011 -0.001 -0.001 ... -0.005 -0.001 -0.001]
 ...
 [-0.002 -0.001 -0.002 ... -0.001 -0.003 -0.001]
 [-0.001 -0.    -0.001 ... -0.001 -0.001  0.   ]
 [-0.001 -0.001 -0.001 ...  0.001 -0.001 -0.001]]
Nash policies:  [(array([0.139, 0.   , 0.   , 0.   , 0.   , 0.   , 0.012, 0.   , 0.043, 0.142, 0.161, 0.   , 0.   , 0.02 , 0.   , 0.   , 0.483, 0.   ]), array([0.041, 0.   , 0.014, 0.   , 0.   , 0.   , 0.605, 0.   , 0.115, 0.192, 0.   , 0.006, 0.   , 0.027, 0.   , 0.   , 0.   , 0.   ]))]
Frame: 12900000, Avg. RL Loss: 0.001, Avg. Q value: -0.001, Avg. Length: 7139.0, P0 Avg. Reward: -0.095, P1 Avg. Reward: 0.095
Q table: 
 [[-0.001 -0.001 -0.003 ... -0.002 -0.001 -0.001]
 [-0.008 -0.003 -0.001 ... -0.001 -0.001 -0.003]
 [-0.011 -0.001 -0.001 ... -0.004 -0.001 -0.001]
 ...
 [-0.003 -0.001 -0.    ... -0.001 -0.002 -0.001]
 [-0.001  0.    -0.002 ...  0.001 -0.001 -0.003]
 [-0.001 -0.001 -0.001 ...  0.    -0.001 -0.004]]
Nash policies:  [(array([0.02 , 0.   , 0.   , 0.   , 0.   , 0.103, 0.197, 0.203, 0.   , 0.   , 0.   , 0.   , 0.   , 0.   , 0.18 , 0.004, 0.294, 0.   ]), array([0.018, 0.   , 0.   , 0.   , 0.   , 0.   , 0.   , 0.   , 0.056, 0.   , 0.083, 0.042, 0.   , 0.557, 0.   , 0.009, 0.   , 0.235]))]
Frame: 13050000, Avg. RL Loss: 0.002, Avg. Q value: -0.001, Avg. Length: 7139.0, P0 Avg. Reward: -0.429, P1 Avg. Reward: 0.429
Q table: 
 [[-0.002  0.001 -0.002 ... -0.001 -0.001  0.   ]
 [-0.008 -0.002 -0.001 ... -0.001 -0.001 -0.002]
 [-0.011 -0.001 -0.001 ... -0.004 -0.001 -0.002]
 ...
 [ 0.002 -0.003 -0.001 ...  0.001 -0.002 -0.001]
 [-0.003 -0.002 -0.003 ... -0.001  0.001 -0.003]
 [ 0.003 -0.001 -0.001 ... -0.001 -0.001 -0.007]]
Nash policies:  [(array([0.132, 0.   , 0.   , 0.   , 0.   , 0.   , 0.   , 0.   , 0.   , 0.193, 0.044, 0.   , 0.167, 0.   , 0.236, 0.229, 0.   , 0.   ]), array([0.   , 0.21 , 0.243, 0.   , 0.   , 0.   , 0.   , 0.   , 0.   , 0.   , 0.   , 0.034, 0.138, 0.   , 0.   , 0.198, 0.   , 0.177]))]
Frame: 13200000, Avg. RL Loss: 0.002, Avg. Q value: -0.001, Avg. Length: 7139.0, P0 Avg. Reward: 0.905, P1 Avg. Reward: -0.905
Q table: 
 [[-0.002 -0.002  0.001 ... -0.001 -0.     0.   ]
 [-0.017 -0.002 -0.001 ... -0.001 -0.001 -0.001]
 [-0.01  -0.001 -0.001 ...  0.    -0.001 -0.001]
 ...
 [ 0.    -0.001 -0.003 ... -0.    -0.002 -0.001]
 [-0.002 -0.004 -0.003 ...  0.002 -0.    -0.   ]
 [ 0.003 -0.001 -0.001 ... -0.001 -0.001 -0.001]]
Nash policies:  [(array([0.   , 0.   , 0.066, 0.   , 0.   , 0.081, 0.017, 0.   , 0.   , 0.397, 0.013, 0.   , 0.   , 0.   , 0.036, 0.39 , 0.   , 0.   ]), array([0.   , 0.   , 0.007, 0.102, 0.   , 0.   , 0.532, 0.   , 0.   , 0.   , 0.   , 0.262, 0.   , 0.039, 0.   , 0.   , 0.   , 0.057]))]
Frame: 13350000, Avg. RL Loss: 0.000, Avg. Q value: -0.001, Avg. Length: 7139.0, P0 Avg. Reward: 0.000, P1 Avg. Reward: 0.000
Q table: 
 [[-0.002 -0.002  0.001 ... -0.001 -0.    -0.   ]
 [-0.017 -0.002 -0.001 ... -0.001 -0.001 -0.001]
 [-0.01  -0.001 -0.001 ...  0.    -0.001 -0.001]
 ...
 [-0.    -0.001 -0.002 ... -0.001 -0.002 -0.001]
 [-0.002 -0.004 -0.003 ...  0.002 -0.    -0.   ]
 [ 0.003 -0.001 -0.001 ... -0.001 -0.001 -0.001]]
Nash policies:  [(array([0.   , 0.   , 0.   , 0.   , 0.   , 0.   , 0.   , 0.   , 0.   , 0.898, 0.   , 0.   , 0.   , 0.   , 0.071, 0.03 , 0.   , 0.   ]), array([0.073, 0.162, 0.   , 0.   , 0.   , 0.   , 0.177, 0.   , 0.   , 0.   , 0.079, 0.   , 0.   , 0.51 , 0.   , 0.   , 0.   , 0.   ]))]
Frame: 13500000, Avg. RL Loss: 0.001, Avg. Q value: -0.001, Avg. Length: 7139.0, P0 Avg. Reward: 0.857, P1 Avg. Reward: -0.857
Q table: 
 [[-0.001 -0.001 -0.    ...  0.    -0.    -0.   ]
 [-0.016 -0.002 -0.001 ... -0.001 -0.001 -0.001]
 [-0.007 -0.009 -0.001 ... -0.    -0.001  0.008]
 ...
 [-0.    -0.001 -0.001 ... -0.001 -0.002  0.003]
 [-0.002 -0.004 -0.003 ...  0.002 -0.    -0.   ]
 [ 0.005 -0.004 -0.001 ... -0.001 -0.001 -0.002]]
Nash policies:  [(array([0.   , 0.   , 0.   , 0.   , 0.   , 0.007, 0.381, 0.   , 0.   , 0.206, 0.   , 0.   , 0.   , 0.033, 0.27 , 0.   , 0.003, 0.101]), array([0.   , 0.017, 0.   , 0.   , 0.   , 0.   , 0.019, 0.   , 0.   , 0.   , 0.072, 0.569, 0.237, 0.   , 0.078, 0.   , 0.008, 0.   ]))]
Frame: 13650000, Avg. RL Loss: 0.000, Avg. Q value: 0.000, Avg. Length: 7139.0, P0 Avg. Reward: 1.952, P1 Avg. Reward: -1.952
Q table: 
 [[-0.    -0.    -0.    ...  0.     0.    -0.   ]
 [-0.016 -0.001  0.    ... -0.001 -0.001 -0.001]
 [-0.006 -0.008  0.    ... -0.     0.     0.007]
 ...
 [ 0.    -0.    -0.001 ... -0.001 -0.     0.002]
 [-0.002 -0.003 -0.002 ...  0.002  0.002 -0.   ]
 [ 0.    -0.     0.    ... -0.    -0.001  0.   ]]
Nash policies:  [(array([0.   , 0.   , 0.   , 0.   , 0.   , 0.   , 0.915, 0.008, 0.   , 0.014, 0.025, 0.   , 0.   , 0.   , 0.   , 0.035, 0.   , 0.003]), array([0.058, 0.   , 0.001, 0.   , 0.   , 0.563, 0.   , 0.377, 0.   , 0.   , 0.   , 0.   , 0.   , 0.   , 0.   , 0.   , 0.   , 0.002]))]
Frame: 13800000, Avg. RL Loss: 0.000, Avg. Q value: 0.000, Avg. Length: 7139.0, P0 Avg. Reward: 0.000, P1 Avg. Reward: 0.000
Q table: 
 [[-0.    -0.    -0.    ...  0.     0.    -0.   ]
 [-0.016 -0.001  0.    ... -0.    -0.    -0.   ]
 [-0.006 -0.008  0.    ... -0.     0.     0.007]
 ...
 [ 0.    -0.    -0.001 ... -0.001 -0.     0.002]
 [-0.002 -0.003 -0.002 ...  0.002  0.002 -0.   ]
 [ 0.    -0.     0.    ... -0.    -0.001  0.   ]]
Nash policies:  [(array([0.   , 0.   , 0.   , 0.   , 0.   , 0.   , 0.577, 0.   , 0.   , 0.015, 0.   , 0.   , 0.   , 0.   , 0.   , 0.   , 0.   , 0.407]), array([0.005, 0.   , 0.   , 0.   , 0.   , 0.966, 0.   , 0.029, 0.   , 0.   , 0.   , 0.   , 0.   , 0.   , 0.   , 0.   , 0.   , 0.   ]))]
Frame: 13950000, Avg. RL Loss: 0.000, Avg. Q value: -0.000, Avg. Length: 7139.0, P0 Avg. Reward: 0.000, P1 Avg. Reward: 0.000
Q table: 
 [[-0.    -0.    -0.    ...  0.     0.    -0.   ]
 [-0.015 -0.001 -0.    ... -0.    -0.    -0.   ]
 [-0.005 -0.007  0.    ... -0.     0.     0.007]
 ...
 [ 0.    -0.    -0.001 ... -0.001 -0.     0.001]
 [-0.002 -0.003 -0.002 ...  0.002  0.002 -0.   ]
 [ 0.    -0.     0.    ... -0.    -0.001  0.   ]]
Nash policies:  [(array([0.   , 0.   , 0.   , 0.   , 0.   , 0.   , 0.685, 0.   , 0.001, 0.217, 0.   , 0.004, 0.   , 0.   , 0.   , 0.   , 0.   , 0.093]), array([0.002, 0.   , 0.   , 0.   , 0.   , 0.998, 0.   , 0.   , 0.   , 0.   , 0.   , 0.   , 0.   , 0.   , 0.   , 0.   , 0.   , 0.   ]))]
Frame: 14100000, Avg. RL Loss: 0.000, Avg. Q value: -0.000, Avg. Length: 7139.0, P0 Avg. Reward: 0.000, P1 Avg. Reward: 0.000
Q table: 
 [[-0.    -0.    -0.    ...  0.     0.    -0.   ]
 [-0.014 -0.    -0.    ... -0.    -0.    -0.   ]
 [-0.004 -0.007  0.    ... -0.     0.     0.007]
 ...
 [ 0.    -0.    -0.001 ... -0.    -0.     0.001]
 [-0.002 -0.003 -0.002 ...  0.002  0.002 -0.   ]
 [ 0.    -0.     0.    ... -0.    -0.001  0.   ]]
Nash policies:  [(array([0.   , 0.   , 0.   , 0.   , 0.   , 0.   , 0.646, 0.001, 0.   , 0.28 , 0.   , 0.   , 0.   , 0.   , 0.   , 0.002, 0.   , 0.072]), array([0.708, 0.   , 0.   , 0.   , 0.   , 0.288, 0.   , 0.003, 0.   , 0.   , 0.   , 0.   , 0.   , 0.001, 0.   , 0.   , 0.   , 0.001]))]
Frame: 14250000, Avg. RL Loss: 0.000, Avg. Q value: -0.000, Avg. Length: 7139.0, P0 Avg. Reward: 0.000, P1 Avg. Reward: 0.000
Q table: 
 [[-0.    -0.    -0.    ...  0.     0.    -0.   ]
 [-0.013 -0.     0.    ... -0.    -0.    -0.   ]
 [-0.003 -0.007  0.    ... -0.     0.     0.006]
 ...
 [ 0.    -0.    -0.001 ... -0.    -0.     0.001]
 [-0.002 -0.003 -0.002 ...  0.001  0.002 -0.   ]
 [ 0.    -0.     0.    ... -0.    -0.     0.   ]]
Nash policies:  [(array([0.   , 0.   , 0.   , 0.   , 0.   , 0.   , 0.683, 0.001, 0.   , 0.219, 0.   , 0.   , 0.   , 0.   , 0.   , 0.001, 0.   , 0.096]), array([0.891, 0.   , 0.   , 0.   , 0.   , 0.109, 0.   , 0.   , 0.   , 0.   , 0.   , 0.   , 0.   , 0.   , 0.   , 0.   , 0.   , 0.   ]))]
Frame: 14400000, Avg. RL Loss: 0.000, Avg. Q value: -0.000, Avg. Length: 7139.0, P0 Avg. Reward: 0.000, P1 Avg. Reward: 0.000
Q table: 
 [[-0.    -0.    -0.    ...  0.     0.    -0.   ]
 [-0.012 -0.     0.    ... -0.    -0.    -0.   ]
 [-0.002 -0.006  0.    ... -0.     0.     0.006]
 ...
 [ 0.    -0.    -0.001 ... -0.    -0.     0.001]
 [-0.002 -0.002 -0.002 ...  0.001  0.002 -0.   ]
 [ 0.    -0.     0.    ... -0.    -0.     0.   ]]
Nash policies:  [(array([0.   , 0.   , 0.   , 0.   , 0.   , 0.   , 0.696, 0.   , 0.   , 0.213, 0.002, 0.   , 0.   , 0.   , 0.   , 0.001, 0.   , 0.088]), array([0.895, 0.   , 0.   , 0.   , 0.   , 0.105, 0.   , 0.   , 0.   , 0.   , 0.   , 0.   , 0.   , 0.   , 0.   , 0.   , 0.   , 0.   ]))]
Frame: 14550000, Avg. RL Loss: 0.000, Avg. Q value: -0.000, Avg. Length: 7139.0, P0 Avg. Reward: 0.000, P1 Avg. Reward: 0.000
Q table: 
 [[-0.    -0.    -0.    ...  0.     0.    -0.   ]
 [-0.009 -0.     0.    ... -0.    -0.    -0.   ]
 [-0.001 -0.006  0.    ... -0.     0.     0.006]
 ...
 [ 0.    -0.    -0.001 ... -0.    -0.     0.001]
 [-0.002 -0.002 -0.002 ...  0.001  0.002 -0.   ]
 [ 0.    -0.     0.    ... -0.    -0.     0.   ]]
Nash policies:  [(array([0.   , 0.   , 0.   , 0.   , 0.   , 0.   , 0.704, 0.   , 0.   , 0.212, 0.   , 0.001, 0.   , 0.   , 0.   , 0.   , 0.   , 0.083]), array([0.874, 0.   , 0.   , 0.   , 0.   , 0.126, 0.   , 0.   , 0.   , 0.   , 0.   , 0.   , 0.   , 0.   , 0.   , 0.   , 0.   , 0.   ]))]
Frame: 14700000, Avg. RL Loss: 0.000, Avg. Q value: 0.000, Avg. Length: 7139.0, P0 Avg. Reward: 0.857, P1 Avg. Reward: -0.857
Q table: 
 [[ 0.001 -0.     0.    ...  0.     0.    -0.   ]
 [-0.008 -0.     0.    ...  0.     0.    -0.   ]
 [ 0.    -0.005  0.    ... -0.     0.     0.005]
 ...
 [ 0.001 -0.     0.    ... -0.     0.     0.001]
 [-0.001 -0.002 -0.001 ...  0.001  0.001 -0.   ]
 [ 0.     0.     0.002 ... -0.     0.     0.   ]]
Nash policies:  [(array([0.094, 0.   , 0.074, 0.   , 0.   , 0.   , 0.094, 0.001, 0.   , 0.066, 0.   , 0.   , 0.   , 0.141, 0.011, 0.396, 0.   , 0.124]), array([0.08 , 0.017, 0.   , 0.009, 0.   , 0.835, 0.   , 0.012, 0.   , 0.   , 0.009, 0.014, 0.015, 0.   , 0.   , 0.01 , 0.   , 0.   ]))]
Frame: 14850000, Avg. RL Loss: 0.000, Avg. Q value: 0.000, Avg. Length: 7139.0, P0 Avg. Reward: 0.476, P1 Avg. Reward: -0.476
Q table: 
 [[ 0.     0.    -0.002 ...  0.     0.     0.   ]
 [-0.005  0.     0.    ...  0.     0.     0.   ]
 [ 0.     0.     0.004 ...  0.     0.001  0.   ]
 ...
 [ 0.     0.     0.    ...  0.     0.     0.   ]
 [ 0.    -0.    -0.001 ...  0.001  0.    -0.   ]
 [-0.001  0.002  0.    ...  0.    -0.    -0.004]]
Nash policies:  [(array([0.11 , 0.   , 0.191, 0.   , 0.   , 0.   , 0.447, 0.   , 0.   , 0.048, 0.06 , 0.   , 0.   , 0.   , 0.068, 0.048, 0.   , 0.028]), array([0.009, 0.117, 0.   , 0.   , 0.   , 0.01 , 0.   , 0.037, 0.743, 0.   , 0.005, 0.   , 0.   , 0.   , 0.   , 0.022, 0.057, 0.   ]))]
Frame: 15000000, Avg. RL Loss: 0.000, Avg. Q value: 0.000, Avg. Length: 7139.0, P0 Avg. Reward: -0.286, P1 Avg. Reward: 0.286
Q table: 
 [[ 0.     0.    -0.001 ...  0.     0.     0.   ]
 [-0.003  0.     0.    ...  0.     0.     0.   ]
 [ 0.     0.     0.003 ...  0.     0.     0.001]
 ...
 [ 0.     0.004  0.    ...  0.     0.    -0.   ]
 [ 0.    -0.    -0.001 ...  0.001  0.     0.   ]
 [-0.     0.001  0.    ...  0.    -0.    -0.003]]
Nash policies:  [(array([0.   , 0.   , 0.034, 0.013, 0.231, 0.   , 0.   , 0.   , 0.009, 0.314, 0.032, 0.06 , 0.163, 0.   , 0.145, 0.   , 0.   , 0.   ]), array([0.002, 0.   , 0.16 , 0.   , 0.   , 0.   , 0.018, 0.002, 0.008, 0.   , 0.523, 0.   , 0.   , 0.   , 0.066, 0.008, 0.   , 0.213]))]
Frame: 15150000, Avg. RL Loss: 0.001, Avg. Q value: -0.000, Avg. Length: 7139.0, P0 Avg. Reward: 1.000, P1 Avg. Reward: -1.000
Q table: 
 [[ 0.001  0.     0.001 ... -0.     0.    -0.   ]
 [-0.002  0.     0.    ...  0.     0.     0.   ]
 [ 0.     0.     0.001 ...  0.     0.    -0.001]
 ...
 [-0.002  0.004 -0.    ...  0.     0.    -0.002]
 [ 0.    -0.    -0.001 ... -0.     0.    -0.   ]
 [-0.     0.001  0.    ... -0.005 -0.    -0.003]]
Nash policies:  [(array([0.22 , 0.   , 0.   , 0.   , 0.   , 0.   , 0.317, 0.163, 0.027, 0.   , 0.   , 0.   , 0.   , 0.26 , 0.013, 0.   , 0.   , 0.   ]), array([0.102, 0.138, 0.   , 0.   , 0.   , 0.   , 0.   , 0.   , 0.211, 0.   , 0.076, 0.   , 0.   , 0.   , 0.264, 0.   , 0.   , 0.209]))]
Frame: 15300000, Avg. RL Loss: 0.001, Avg. Q value: -0.000, Avg. Length: 7139.0, P0 Avg. Reward: -1.048, P1 Avg. Reward: 1.048
Q table: 
 [[-0.     0.001  0.001 ... -0.    -0.001  0.002]
 [-0.001  0.005 -0.    ... -0.001 -0.    -0.   ]
 [-0.004  0.001  0.001 ... -0.     0.    -0.001]
 ...
 [-0.004  0.001 -0.    ... -0.    -0.    -0.001]
 [-0.    -0.    -0.001 ... -0.     0.    -0.   ]
 [-0.     0.001  0.    ... -0.004 -0.    -0.003]]
Nash policies:  [(array([0.191, 0.   , 0.   , 0.009, 0.   , 0.   , 0.044, 0.289, 0.   , 0.   , 0.   , 0.391, 0.   , 0.023, 0.052, 0.   , 0.   , 0.   ]), array([0.084, 0.   , 0.   , 0.   , 0.   , 0.   , 0.028, 0.   , 0.   , 0.   , 0.   , 0.072, 0.467, 0.   , 0.29 , 0.049, 0.   , 0.012]))]
Frame: 15450000, Avg. RL Loss: 0.000, Avg. Q value: -0.000, Avg. Length: 7139.0, P0 Avg. Reward: -0.048, P1 Avg. Reward: 0.048
Q table: 
 [[-0.     0.     0.001 ... -0.    -0.001  0.001]
 [-0.002  0.006 -0.    ... -0.001 -0.    -0.   ]
 [-0.004  0.001  0.001 ... -0.     0.    -0.001]
 ...
 [-0.003  0.001 -0.    ... -0.    -0.    -0.   ]
 [-0.    -0.    -0.001 ... -0.    -0.    -0.   ]
 [-0.     0.     0.    ... -0.003 -0.    -0.003]]
Nash policies:  [(array([0.095, 0.   , 0.   , 0.   , 0.   , 0.   , 0.003, 0.828, 0.   , 0.   , 0.003, 0.071, 0.   , 0.   , 0.   , 0.   , 0.   , 0.   ]), array([0.   , 0.   , 0.   , 0.007, 0.   , 0.   , 0.   , 0.   , 0.002, 0.   , 0.019, 0.   , 0.   , 0.   , 0.019, 0.939, 0.015, 0.   ]))]Load PettingZoo Atari env: boxing_v1
Load PettingZoo Atari env: boxing_v1
Load PettingZoo Atari env: boxing_v1
