Cannot import pettingzoo env:  pong_v2
                          Options
                          seed: 1122
                          batch_size: 1024
                          no_cuda: False
                          training_id: 0
                          max_frames: 500000000
                          buffer_size: 100000
                          update_target: 1000
                          train_freq: 100
                          gamma: 0.99
                          eta: 0.1
                          rl_start: 10000
                          sl_start: 1000
                          num_envs: 5
                          hidden_dim: 256
                          dueling: False
                          multi_step: 1
                          cce: False
                          env: pong_v1
                          ram: True
                          negative: False
                          against_baseline: False
                          load_model: None
                          save_model: 20210607_0200
                          evaluate: False
                          render: False
                          evaluation_interval: 50000
                          lr: 0.0001
                          max_tag_interval: 10000
                          eps_start: 1.0
                          eps_final: 0.01
                          eps_decay: 30000
                          cuda: True
                          device: cuda:0
[Box(0.0, 1.0, (128,), float32), Box(0.0, 1.0, (128,), float32), Box(0.0, 1.0, (128,), float32), Box(0.0, 1.0, (128,), float32), Box(0.0, 1.0, (128,), float32)] [Discrete(18), Discrete(18), Discrete(18), Discrete(18), Discrete(18)]
(128,)
(128,)
Frame: 250000, Avg. RL Loss: 0.003, Avg. Q value: 0.011, Avg. Length: 4013.2, P0 Avg. Reward: 2.900, P1 Avg. Reward: -2.900
Q table: 
 [[ 0.013  0.014  0.012 ...  0.005  0.016  0.011]
 [ 0.026  0.022  0.022 ...  0.027  0.024  0.015]
 [ 0.001  0.017  0.006 ...  0.01   0.032  0.02 ]
 ...
 [ 0.01   0.021  0.019 ...  0.031  0.003  0.013]
 [ 0.018  0.017  0.008 ...  0.011  0.011  0.014]
 [ 0.019  0.019  0.006 ... -0.001  0.007  0.01 ]]
Nash policies:  [(array([0.   , 0.222, 0.   , 0.04 , 0.   , 0.126, 0.133, 0.   , 0.   , 0.089, 0.   , 0.024, 0.128, 0.   , 0.238, 0.   , 0.   , 0.   ]), array([0.   , 0.   , 0.   , 0.11 , 0.   , 0.028, 0.   , 0.145, 0.   , 0.   , 0.043, 0.211, 0.   , 0.   , 0.04 , 0.   , 0.179, 0.244]))]
Frame: 500000, Avg. RL Loss: 0.003, Avg. Q value: 0.028, Avg. Length: 3260.0, P0 Avg. Reward: 6.787, P1 Avg. Reward: -6.787
Q table: 
 [[0.047 0.013 0.05  ... 0.091 0.043 0.081]
 [0.075 0.09  0.07  ... 0.06  0.07  0.087]
 [0.017 0.024 0.058 ... 0.035 0.022 0.037]
 ...
 [0.026 0.085 0.018 ... 0.072 0.011 0.025]
 [0.081 0.086 0.05  ... 0.069 0.076 0.086]
 [0.035 0.066 0.05  ... 0.046 0.003 0.036]]
Nash policies:  [(array([0.   , 0.141, 0.   , 0.   , 0.   , 0.   , 0.   , 0.   , 0.283, 0.   , 0.   , 0.   , 0.133, 0.   , 0.163, 0.   , 0.279, 0.   ]), array([0.   , 0.   , 0.199, 0.   , 0.   , 0.   , 0.   , 0.334, 0.   , 0.045, 0.   , 0.   , 0.   , 0.   , 0.389, 0.   , 0.033, 0.   ]))]
Frame: 750000, Avg. RL Loss: 0.003, Avg. Q value: 0.049, Avg. Length: 3496.0, P0 Avg. Reward: 0.557, P1 Avg. Reward: -0.557
Q table: 
 [[0.095 0.041 0.143 ... 0.174 0.114 0.182]
 [0.164 0.199 0.24  ... 0.198 0.233 0.275]
 [0.105 0.094 0.131 ... 0.086 0.048 0.119]
 ...
 [0.039 0.138 0.114 ... 0.166 0.036 0.059]
 [0.161 0.15  0.204 ... 0.229 0.188 0.169]
 [0.104 0.165 0.063 ... 0.144 0.056 0.118]]
Nash policies:  [(array([0.   , 0.106, 0.   , 0.   , 0.   , 0.   , 0.   , 0.   , 0.253, 0.   , 0.   , 0.   , 0.641, 0.   , 0.   , 0.   , 0.   , 0.   ]), array([0.022, 0.   , 0.   , 0.   , 0.   , 0.   , 0.237, 0.   , 0.   , 0.   , 0.   , 0.741, 0.   , 0.   , 0.   , 0.   , 0.   , 0.   ]))]
Frame: 1000000, Avg. RL Loss: 0.002, Avg. Q value: 0.031, Avg. Length: 3484.3, P0 Avg. Reward: -5.720, P1 Avg. Reward: 5.720
Q table: 
 [[0.197 0.128 0.187 ... 0.202 0.08  0.226]
 [0.199 0.218 0.295 ... 0.266 0.266 0.304]
 [0.113 0.028 0.19  ... 0.169 0.074 0.134]
 ...
 [0.097 0.179 0.147 ... 0.175 0.019 0.158]
 [0.198 0.182 0.23  ... 0.257 0.255 0.185]
 [0.141 0.2   0.092 ... 0.163 0.069 0.097]]
Nash policies:  [(array([0.  , 0.  , 0.  , 0.01, 0.  , 0.  , 0.  , 0.  , 0.  , 0.  , 0.  , 0.  , 0.99, 0.  , 0.  , 0.  , 0.  , 0.  ]), array([0.   , 0.   , 0.   , 0.   , 0.   , 0.   , 0.   , 0.   , 0.   , 0.   , 0.   , 0.698, 0.302, 0.   , 0.   , 0.   , 0.   , 0.   ]))]
Frame: 1250000, Avg. RL Loss: 0.001, Avg. Q value: 0.127, Avg. Length: 3766.6, P0 Avg. Reward: 6.062, P1 Avg. Reward: -6.062
Q table: 
 [[-0.089 -0.085 -0.206 ... -0.183 -0.029 -0.122]
 [-0.28  -0.216 -0.28  ... -0.185 -0.114 -0.194]
 [-0.134 -0.236 -0.151 ... -0.108 -0.164  0.023]
 ...
 [-0.126 -0.023 -0.096 ... -0.114 -0.016 -0.15 ]
 [-0.121 -0.17  -0.106 ... -0.094 -0.085 -0.164]
 [-0.191 -0.118 -0.115 ... -0.063 -0.13  -0.085]]
Nash policies:  [(array([0., 0., 0., 0., 0., 0., 0., 1., 0., 0., 0., 0., 0., 0., 0., 0., 0., 0.]), array([0., 0., 0., 0., 0., 0., 0., 0., 0., 0., 0., 0., 1., 0., 0., 0., 0., 0.]))]
Frame: 1500000, Avg. RL Loss: 0.001, Avg. Q value: 0.108, Avg. Length: 3241.3, P0 Avg. Reward: 5.412, P1 Avg. Reward: -5.412
Q table: 
 [[0.411 0.306 0.347 ... 0.388 0.458 0.427]
 [0.456 0.433 0.431 ... 0.453 0.437 0.47 ]
 [0.31  0.341 0.385 ... 0.446 0.325 0.37 ]
 ...
 [0.397 0.514 0.42  ... 0.449 0.18  0.406]
 [0.422 0.377 0.344 ... 0.445 0.45  0.422]
 [0.35  0.432 0.375 ... 0.493 0.313 0.366]]
Nash policies:  [(array([0.   , 0.89 , 0.   , 0.053, 0.   , 0.   , 0.   , 0.   , 0.057, 0.   , 0.   , 0.   , 0.   , 0.   , 0.   , 0.   , 0.   , 0.   ]), array([0.   , 0.   , 0.   , 0.037, 0.   , 0.   , 0.   , 0.249, 0.   , 0.   , 0.   , 0.   , 0.714, 0.   , 0.   , 0.   , 0.   , 0.   ]))]
Frame: 1750000, Avg. RL Loss: 0.001, Avg. Q value: 0.042, Avg. Length: 3377.5, P0 Avg. Reward: 2.573, P1 Avg. Reward: -2.573
Q table: 
 [[-0.32  -0.389 -0.445 ... -0.384 -0.458 -0.385]
 [-0.457 -0.477 -0.635 ... -0.527 -0.394 -0.448]
 [-0.514 -0.739 -0.512 ... -0.39  -0.478 -0.212]
 ...
 [-0.47  -0.284 -0.342 ... -0.358 -0.446 -0.496]
 [-0.267 -0.641 -0.257 ... -0.378 -0.401 -0.515]
 [-0.596 -0.4   -0.39  ... -0.14  -0.535 -0.388]]
Nash policies:  [(array([1., 0., 0., 0., 0., 0., 0., 0., 0., 0., 0., 0., 0., 0., 0., 0., 0., 0.]), array([0., 0., 0., 0., 0., 0., 0., 0., 0., 0., 0., 0., 1., 0., 0., 0., 0., 0.]))]
Frame: 2000000, Avg. RL Loss: 0.001, Avg. Q value: -0.318, Avg. Length: 3384.4, P0 Avg. Reward: -11.643, P1 Avg. Reward: 11.643
Q table: 
 [[-0.656 -0.664 -0.624 ... -0.571 -0.647 -0.671]
 [-0.689 -0.606 -0.733 ... -0.652 -0.674 -0.642]
 [-0.555 -0.789 -0.671 ... -0.616 -0.596 -0.491]
 ...
 [-0.734 -0.747 -0.649 ... -0.546 -0.675 -0.673]
 [-0.466 -0.682 -0.604 ... -0.566 -0.677 -0.715]
 [-0.701 -0.407 -0.441 ... -0.319 -0.575 -0.523]]
Nash policies:  [(array([1., 0., 0., 0., 0., 0., 0., 0., 0., 0., 0., 0., 0., 0., 0., 0., 0., 0.]), array([0., 0., 0., 0., 0., 0., 0., 0., 0., 0., 0., 0., 1., 0., 0., 0., 0., 0.]))]
Frame: 2250000, Avg. RL Loss: 0.001, Avg. Q value: -0.413, Avg. Length: 3207.3, P0 Avg. Reward: -11.375, P1 Avg. Reward: 11.375
Q table: 
 [[-0.417 -0.388 -0.379 ... -0.41  -0.424 -0.38 ]
 [-0.414 -0.418 -0.375 ... -0.53  -0.536 -0.409]
 [-0.49  -0.411 -0.332 ... -0.36  -0.353 -0.488]
 ...
 [-0.393 -0.518 -0.487 ... -0.443 -0.578 -0.46 ]
 [-0.492 -0.352 -0.511 ... -0.374 -0.409 -0.379]
 [-0.387 -0.501 -0.423 ... -0.447 -0.372 -0.453]]
Nash policies:  [(array([0.01 , 0.   , 0.   , 0.   , 0.959, 0.   , 0.032, 0.   , 0.   , 0.   , 0.   , 0.   , 0.   , 0.   , 0.   , 0.   , 0.   , 0.   ]), array([0.34, 0.  , 0.  , 0.  , 0.  , 0.  , 0.  , 0.  , 0.  , 0.  , 0.  , 0.  , 0.  , 0.  , 0.63, 0.  , 0.  , 0.03]))]
Frame: 2500000, Avg. RL Loss: 0.001, Avg. Q value: -0.269, Avg. Length: 3408.9, P0 Avg. Reward: -2.640, P1 Avg. Reward: 2.640
Q table: 
 [[0.1   0.076 0.114 ... 0.172 0.179 0.16 ]
 [0.154 0.161 0.153 ... 0.143 0.14  0.146]
 [0.116 0.132 0.163 ... 0.183 0.145 0.113]
 ...
 [0.146 0.152 0.137 ... 0.134 0.125 0.147]
 [0.151 0.117 0.115 ... 0.135 0.146 0.114]
 [0.109 0.118 0.044 ... 0.159 0.101 0.123]]
Nash policies:  [(array([0.   , 0.   , 0.   , 0.   , 0.   , 0.   , 0.   , 0.937, 0.   , 0.011, 0.   , 0.   , 0.   , 0.   , 0.   , 0.052, 0.   , 0.   ]), array([0.   , 0.368, 0.   , 0.   , 0.   , 0.   , 0.   , 0.008, 0.   , 0.   , 0.   , 0.624, 0.   , 0.   , 0.   , 0.   , 0.   , 0.   ]))]
Frame: 2750000, Avg. RL Loss: 0.001, Avg. Q value: -0.164, Avg. Length: 3828.2, P0 Avg. Reward: -2.200, P1 Avg. Reward: 2.200
Q table: 
 [[0.192 0.21  0.216 ... 0.218 0.182 0.203]
 [0.149 0.107 0.201 ... 0.138 0.2   0.144]
 [0.194 0.207 0.218 ... 0.222 0.196 0.256]
 ...
 [0.187 0.182 0.171 ... 0.184 0.209 0.155]
 [0.19  0.225 0.198 ... 0.192 0.177 0.184]
 [0.183 0.18  0.182 ... 0.188 0.163 0.155]]
Nash policies:  [(array([0.258, 0.   , 0.566, 0.   , 0.   , 0.   , 0.   , 0.   , 0.   , 0.176, 0.   , 0.   , 0.   , 0.   , 0.   , 0.   , 0.   , 0.   ]), array([0.374, 0.   , 0.   , 0.   , 0.   , 0.   , 0.   , 0.   , 0.   , 0.471, 0.   , 0.   , 0.   , 0.155, 0.   , 0.   , 0.   , 0.   ]))]
Frame: 3000000, Avg. RL Loss: 0.000, Avg. Q value: -0.015, Avg. Length: 4601.9, P0 Avg. Reward: 4.418, P1 Avg. Reward: -4.418
Q table: 
 [[0.169 0.173 0.18  ... 0.173 0.183 0.178]
 [0.128 0.108 0.116 ... 0.105 0.098 0.132]
 [0.166 0.169 0.172 ... 0.166 0.175 0.219]
 ...
 [0.141 0.099 0.133 ... 0.137 0.164 0.158]
 [0.095 0.153 0.18  ... 0.15  0.136 0.114]
 [0.165 0.135 0.192 ... 0.138 0.19  0.138]]
Nash policies:  [(array([0.   , 0.   , 0.396, 0.   , 0.237, 0.367, 0.   , 0.   , 0.   , 0.   , 0.   , 0.   , 0.   , 0.   , 0.   , 0.   , 0.   , 0.   ]), array([0.   , 0.   , 0.   , 0.   , 0.   , 0.   , 0.106, 0.008, 0.   , 0.886, 0.   , 0.   , 0.   , 0.   , 0.   , 0.   , 0.   , 0.   ]))]
Frame: 3250000, Avg. RL Loss: 0.000, Avg. Q value: -0.142, Avg. Length: 4129.0, P0 Avg. Reward: -2.650, P1 Avg. Reward: 2.650
Q table: 
 [[-0.726 -0.732 -0.729 ... -0.731 -0.742 -0.739]
 [-0.79  -0.802 -0.786 ... -0.741 -0.808 -0.839]
 [-0.768 -0.81  -0.86  ... -0.808 -0.77  -0.803]
 ...
 [-0.778 -0.784 -0.796 ... -0.782 -0.769 -0.788]
 [-0.753 -0.838 -0.838 ... -0.774 -0.784 -0.851]
 [-0.782 -0.751 -0.798 ... -0.777 -0.843 -0.757]]
Nash policies:  [(array([0.835, 0.   , 0.   , 0.   , 0.024, 0.   , 0.021, 0.12 , 0.   , 0.   , 0.   , 0.   , 0.   , 0.   , 0.   , 0.   , 0.   , 0.   ]), array([0.   , 0.   , 0.   , 0.019, 0.   , 0.055, 0.   , 0.   , 0.   , 0.   , 0.   , 0.926, 0.   , 0.   , 0.   , 0.   , 0.   , 0.   ]))]
Frame: 3500000, Avg. RL Loss: 0.000, Avg. Q value: -0.072, Avg. Length: 4073.3, P0 Avg. Reward: -3.100, P1 Avg. Reward: 3.100
Q table: 
 [[0.245 0.302 0.267 ... 0.299 0.262 0.276]
 [0.235 0.266 0.299 ... 0.228 0.283 0.225]
 [0.259 0.283 0.308 ... 0.306 0.326 0.283]
 ...
 [0.249 0.242 0.262 ... 0.241 0.299 0.26 ]
 [0.254 0.21  0.247 ... 0.275 0.219 0.272]
 [0.196 0.282 0.315 ... 0.319 0.287 0.227]]
Nash policies:  [(array([0., 0., 0., 0., 0., 0., 0., 0., 1., 0., 0., 0., 0., 0., 0., 0., 0., 0.]), array([0., 0., 0., 0., 0., 0., 0., 0., 0., 1., 0., 0., 0., 0., 0., 0., 0., 0.]))]
Frame: 3750000, Avg. RL Loss: 0.000, Avg. Q value: -0.140, Avg. Length: 3339.9, P0 Avg. Reward: 0.373, P1 Avg. Reward: -0.373
Q table: 
 [[0.39  0.393 0.389 ... 0.431 0.438 0.381]
 [0.373 0.378 0.411 ... 0.419 0.384 0.4  ]
 [0.409 0.414 0.407 ... 0.408 0.443 0.434]
 ...
 [0.375 0.382 0.415 ... 0.372 0.395 0.339]
 [0.382 0.4   0.412 ... 0.418 0.392 0.407]
 [0.365 0.424 0.4   ... 0.421 0.413 0.455]]
Nash policies:  [(array([0.   , 0.   , 0.514, 0.   , 0.   , 0.   , 0.096, 0.289, 0.   , 0.1  , 0.   , 0.   , 0.   , 0.   , 0.   , 0.   , 0.   , 0.   ]), array([0.033, 0.   , 0.384, 0.   , 0.   , 0.   , 0.   , 0.   , 0.   , 0.307, 0.   , 0.276, 0.   , 0.   , 0.   , 0.   , 0.   , 0.   ]))]
Frame: 4000000, Avg. RL Loss: 0.000, Avg. Q value: -0.097, Avg. Length: 3409.5, P0 Avg. Reward: 1.760, P1 Avg. Reward: -1.760
Q table: 
 [[0.308 0.35  0.326 ... 0.339 0.356 0.334]
 [0.338 0.344 0.319 ... 0.361 0.381 0.333]
 [0.35  0.344 0.37  ... 0.338 0.334 0.348]
 ...
 [0.32  0.338 0.32  ... 0.286 0.28  0.285]
 [0.343 0.35  0.335 ... 0.35  0.352 0.345]
 [0.31  0.323 0.334 ... 0.348 0.338 0.352]]
Nash policies:  [(array([0.   , 0.   , 0.146, 0.   , 0.   , 0.   , 0.   , 0.188, 0.   , 0.515, 0.   , 0.037, 0.   , 0.   , 0.   , 0.   , 0.   , 0.114]), array([0.   , 0.   , 0.   , 0.   , 0.041, 0.   , 0.   , 0.   , 0.   , 0.   , 0.28 , 0.35 , 0.   , 0.082, 0.   , 0.   , 0.   , 0.247]))]
Frame: 4250000, Avg. RL Loss: 0.000, Avg. Q value: -0.244, Avg. Length: 3345.2, P0 Avg. Reward: -7.400, P1 Avg. Reward: 7.400
Q table: 
 [[0.288 0.305 0.296 ... 0.301 0.285 0.3  ]
 [0.27  0.271 0.261 ... 0.28  0.268 0.279]
 [0.286 0.295 0.284 ... 0.287 0.299 0.3  ]
 ...
 [0.263 0.279 0.281 ... 0.283 0.267 0.275]
 [0.268 0.275 0.272 ... 0.3   0.269 0.256]
 [0.265 0.265 0.298 ... 0.293 0.295 0.287]]
Nash policies:  [(array([0.084, 0.   , 0.   , 0.609, 0.   , 0.306, 0.   , 0.   , 0.   , 0.   , 0.   , 0.   , 0.   , 0.   , 0.   , 0.   , 0.   , 0.   ]), array([0.341, 0.   , 0.   , 0.081, 0.   , 0.   , 0.   , 0.   , 0.   , 0.578, 0.   , 0.   , 0.   , 0.   , 0.   , 0.   , 0.   , 0.   ]))]
Frame: 4500000, Avg. RL Loss: 0.000, Avg. Q value: -0.328, Avg. Length: 3479.5, P0 Avg. Reward: -9.657, P1 Avg. Reward: 9.657
Q table: 
 [[-0.776 -0.776 -0.786 ... -0.779 -0.797 -0.792]
 [-0.832 -0.862 -0.87  ... -0.831 -0.817 -0.878]
 [-0.845 -0.9   -0.866 ... -0.839 -0.851 -0.827]
 ...
 [-0.901 -0.85  -0.829 ... -0.858 -0.808 -0.793]
 [-0.823 -0.838 -0.839 ... -0.863 -0.865 -0.87 ]
 [-0.846 -0.903 -0.734 ... -0.894 -0.844 -0.835]]
Nash policies:  [(array([0.275, 0.   , 0.   , 0.   , 0.   , 0.   , 0.   , 0.725, 0.   , 0.   , 0.   , 0.   , 0.   , 0.   , 0.   , 0.   , 0.   , 0.   ]), array([0.   , 0.   , 0.   , 0.   , 0.124, 0.   , 0.   , 0.   , 0.   , 0.   , 0.   , 0.   , 0.   , 0.   , 0.876, 0.   , 0.   , 0.   ]))]
Frame: 4750000, Avg. RL Loss: 0.000, Avg. Q value: -0.515, Avg. Length: 3281.9, P0 Avg. Reward: -16.373, P1 Avg. Reward: 16.373
Q table: 
 [[-0.679 -0.671 -0.668 ... -0.669 -0.675 -0.649]
 [-0.667 -0.662 -0.655 ... -0.684 -0.686 -0.675]
 [-0.687 -0.666 -0.698 ... -0.673 -0.649 -0.686]
 ...
 [-0.688 -0.704 -0.659 ... -0.67  -0.704 -0.668]
 [-0.694 -0.675 -0.69  ... -0.684 -0.675 -0.635]
 [-0.66  -0.667 -0.681 ... -0.679 -0.677 -0.693]]
Nash policies:  [(array([0.   , 0.   , 0.   , 0.   , 0.   , 0.072, 0.035, 0.893, 0.   , 0.   , 0.   , 0.   , 0.   , 0.   , 0.   , 0.   , 0.   , 0.   ]), array([0.   , 0.   , 0.   , 0.   , 0.   , 0.508, 0.   , 0.045, 0.   , 0.   , 0.   , 0.   , 0.   , 0.448, 0.   , 0.   , 0.   , 0.   ]))]
Frame: 5000000, Avg. RL Loss: 0.000, Avg. Q value: -0.501, Avg. Length: 3176.6, P0 Avg. Reward: -13.662, P1 Avg. Reward: 13.662
Q table: 
 [[-0.454 -0.446 -0.461 ... -0.457 -0.444 -0.421]
 [-0.479 -0.416 -0.433 ... -0.446 -0.451 -0.436]
 [-0.422 -0.415 -0.42  ... -0.44  -0.446 -0.454]
 ...
 [-0.432 -0.436 -0.449 ... -0.436 -0.42  -0.444]
 [-0.469 -0.442 -0.454 ... -0.427 -0.441 -0.431]
 [-0.439 -0.424 -0.483 ... -0.446 -0.433 -0.453]]
Nash policies:  [(array([0.   , 0.   , 0.   , 0.   , 0.   , 0.074, 0.   , 0.   , 0.147, 0.326, 0.   , 0.   , 0.454, 0.   , 0.   , 0.   , 0.   , 0.   ]), array([0.   , 0.   , 0.   , 0.   , 0.5  , 0.477, 0.   , 0.   , 0.   , 0.017, 0.   , 0.   , 0.   , 0.   , 0.   , 0.   , 0.   , 0.006]))]
Frame: 5250000, Avg. RL Loss: 0.000, Avg. Q value: -0.429, Avg. Length: 3280.0, P0 Avg. Reward: -11.547, P1 Avg. Reward: 11.547
Q table: 
 [[-1.019 -1.039 -1.019 ... -1.014 -1.045 -1.047]
 [-1.108 -1.091 -1.044 ... -1.068 -1.068 -1.1  ]
 [-1.069 -1.07  -1.097 ... -1.038 -1.07  -1.068]
 ...
 [-1.06  -1.05  -1.05  ... -1.077 -1.074 -1.06 ]
 [-1.05  -1.068 -1.075 ... -1.104 -1.087 -1.136]
 [-1.036 -1.084 -1.045 ... -1.053 -1.086 -1.1  ]]
Nash policies:  [(array([1., 0., 0., 0., 0., 0., 0., 0., 0., 0., 0., 0., 0., 0., 0., 0., 0., 0.]), array([0., 0., 0., 0., 0., 0., 0., 0., 0., 0., 0., 0., 1., 0., 0., 0., 0., 0.]))]
Frame: 5500000, Avg. RL Loss: 0.000, Avg. Q value: -0.388, Avg. Length: 3247.1, P0 Avg. Reward: -10.850, P1 Avg. Reward: 10.850
Q table: 
 [[0.707 0.707 0.729 ... 0.713 0.742 0.699]
 [0.743 0.744 0.749 ... 0.758 0.735 0.727]
 [0.731 0.749 0.73  ... 0.713 0.742 0.728]
 ...
 [0.749 0.752 0.748 ... 0.745 0.758 0.726]
 [0.741 0.771 0.746 ... 0.737 0.727 0.671]
 [0.737 0.741 0.737 ... 0.737 0.744 0.738]]
Nash policies:  [(array([0.   , 0.   , 0.   , 0.   , 0.047, 0.   , 0.037, 0.161, 0.   , 0.   , 0.   , 0.604, 0.   , 0.   , 0.014, 0.137, 0.   , 0.   ]), array([0.   , 0.   , 0.   , 0.199, 0.038, 0.024, 0.   , 0.   , 0.232, 0.   , 0.   , 0.   , 0.   , 0.   , 0.183, 0.   , 0.323, 0.   ]))]
Frame: 5750000, Avg. RL Loss: 0.000, Avg. Q value: -0.359, Avg. Length: 3309.4, P0 Avg. Reward: -9.893, P1 Avg. Reward: 9.893
Q table: 
 [[0.4   0.395 0.407 ... 0.393 0.383 0.383]
 [0.407 0.405 0.406 ... 0.421 0.405 0.385]
 [0.399 0.405 0.408 ... 0.398 0.41  0.409]
 ...
 [0.399 0.399 0.406 ... 0.407 0.409 0.41 ]
 [0.404 0.407 0.393 ... 0.398 0.386 0.384]
 [0.404 0.408 0.405 ... 0.399 0.408 0.419]]
Nash policies:  [(array([0.   , 0.   , 0.   , 0.   , 0.   , 0.   , 0.   , 0.397, 0.029, 0.172, 0.119, 0.095, 0.188, 0.   , 0.   , 0.   , 0.   , 0.   ]), array([0.37 , 0.   , 0.056, 0.   , 0.   , 0.142, 0.156, 0.   , 0.   , 0.205, 0.071, 0.   , 0.   , 0.   , 0.   , 0.   , 0.   , 0.   ]))]
Frame: 6000000, Avg. RL Loss: 0.000, Avg. Q value: -0.300, Avg. Length: 3208.3, P0 Avg. Reward: -6.347, P1 Avg. Reward: 6.347
Q table: 
 [[0.427 0.422 0.432 ... 0.421 0.433 0.432]
 [0.438 0.442 0.459 ... 0.437 0.432 0.435]
 [0.431 0.431 0.442 ... 0.441 0.446 0.437]
 ...
 [0.443 0.437 0.446 ... 0.444 0.443 0.434]
 [0.433 0.438 0.441 ... 0.444 0.434 0.433]
 [0.438 0.422 0.447 ... 0.431 0.441 0.439]]
Nash policies:  [(array([0.   , 0.167, 0.145, 0.   , 0.   , 0.   , 0.08 , 0.406, 0.   , 0.   , 0.   , 0.   , 0.   , 0.091, 0.   , 0.111, 0.   , 0.   ]), array([0.061, 0.23 , 0.   , 0.   , 0.   , 0.   , 0.   , 0.   , 0.   , 0.   , 0.176, 0.044, 0.   , 0.   , 0.099, 0.   , 0.389, 0.   ]))]
Frame: 6250000, Avg. RL Loss: 0.000, Avg. Q value: -0.106, Avg. Length: 3365.3, P0 Avg. Reward: -2.453, P1 Avg. Reward: 2.453
Q table: 
 [[0.511 0.523 0.517 ... 0.496 0.534 0.515]
 [0.537 0.524 0.528 ... 0.522 0.519 0.525]
 [0.52  0.536 0.527 ... 0.532 0.533 0.525]
 ...
 [0.534 0.529 0.525 ... 0.525 0.53  0.534]
 [0.525 0.517 0.534 ... 0.52  0.524 0.52 ]
 [0.535 0.531 0.536 ... 0.498 0.524 0.529]]
Nash policies:  [(array([0.023, 0.   , 0.077, 0.088, 0.   , 0.   , 0.   , 0.032, 0.   , 0.   , 0.   , 0.195, 0.   , 0.   , 0.083, 0.437, 0.065, 0.   ]), array([0.   , 0.   , 0.253, 0.   , 0.092, 0.   , 0.   , 0.007, 0.07 , 0.015, 0.   , 0.099, 0.   , 0.343, 0.   , 0.081, 0.042, 0.   ]))]
Frame: 6500000, Avg. RL Loss: 0.001, Avg. Q value: 0.020, Avg. Length: 3432.7, P0 Avg. Reward: -0.600, P1 Avg. Reward: 0.600
Q table: 
 [[-0.511 -0.514 -0.507 ... -0.513 -0.508 -0.511]
 [-0.511 -0.496 -0.511 ... -0.51  -0.517 -0.502]
 [-0.506 -0.499 -0.508 ... -0.515 -0.509 -0.516]
 ...
 [-0.511 -0.522 -0.493 ... -0.506 -0.511 -0.507]
 [-0.518 -0.504 -0.512 ... -0.503 -0.508 -0.509]
 [-0.508 -0.503 -0.507 ... -0.509 -0.513 -0.511]]
Nash policies:  [(array([0.   , 0.186, 0.149, 0.   , 0.023, 0.   , 0.054, 0.   , 0.   , 0.   , 0.   , 0.334, 0.176, 0.   , 0.   , 0.   , 0.   , 0.079]), array([0.   , 0.   , 0.   , 0.192, 0.   , 0.   , 0.167, 0.347, 0.133, 0.009, 0.   , 0.   , 0.   , 0.   , 0.   , 0.122, 0.029, 0.   ]))]
Frame: 6750000, Avg. RL Loss: 0.001, Avg. Q value: -0.152, Avg. Length: 3499.4, P0 Avg. Reward: -6.014, P1 Avg. Reward: 6.014
Q table: 
 [[0.388 0.371 0.341 ... 0.384 0.395 0.37 ]
 [0.375 0.372 0.373 ... 0.36  0.359 0.374]
 [0.375 0.373 0.361 ... 0.372 0.356 0.375]
 ...
 [0.392 0.367 0.376 ... 0.388 0.364 0.371]
 [0.373 0.379 0.359 ... 0.363 0.387 0.358]
 [0.388 0.368 0.371 ... 0.386 0.378 0.37 ]]
Nash policies:  [(array([0.   , 0.   , 0.   , 0.   , 0.   , 0.216, 0.   , 0.   , 0.203, 0.046, 0.   , 0.083, 0.141, 0.162, 0.149, 0.   , 0.   , 0.   ]), array([0.028, 0.   , 0.   , 0.   , 0.041, 0.046, 0.   , 0.   , 0.   , 0.   , 0.071, 0.   , 0.   , 0.313, 0.   , 0.008, 0.   , 0.492]))]
Frame: 7000000, Avg. RL Loss: 0.001, Avg. Q value: -0.072, Avg. Length: 3387.4, P0 Avg. Reward: -2.933, P1 Avg. Reward: 2.933
Q table: 
 [[-0.451 -0.46  -0.448 ... -0.457 -0.455 -0.446]
 [-0.447 -0.448 -0.442 ... -0.431 -0.444 -0.452]
 [-0.45  -0.44  -0.45  ... -0.458 -0.447 -0.458]
 ...
 [-0.446 -0.427 -0.448 ... -0.45  -0.45  -0.451]
 [-0.449 -0.465 -0.452 ... -0.442 -0.462 -0.446]
 [-0.446 -0.464 -0.451 ... -0.46  -0.462 -0.456]]
Nash policies:  [(array([0.   , 0.   , 0.044, 0.051, 0.   , 0.   , 0.403, 0.   , 0.   , 0.181, 0.068, 0.   , 0.   , 0.   , 0.   , 0.103, 0.149, 0.   ]), array([0.   , 0.083, 0.   , 0.   , 0.219, 0.054, 0.238, 0.207, 0.118, 0.   , 0.   , 0.   , 0.   , 0.   , 0.   , 0.   , 0.   , 0.08 ]))]
Frame: 7250000, Avg. RL Loss: 0.001, Avg. Q value: -0.134, Avg. Length: 3648.1, P0 Avg. Reward: -5.369, P1 Avg. Reward: 5.369
Q table: 
 [[-1.048 -1.053 -1.059 ... -1.054 -1.056 -1.065]
 [-1.059 -1.108 -1.104 ... -1.094 -1.089 -1.107]
 [-1.106 -1.053 -1.094 ... -1.058 -1.071 -1.099]
 ...
 [-1.062 -1.009 -1.086 ... -1.092 -1.098 -1.109]
 [-1.103 -1.053 -1.103 ... -1.14  -1.077 -1.053]
 [-1.057 -1.08  -1.089 ... -1.054 -1.123 -1.072]]
Nash policies:  [(array([1., 0., 0., 0., 0., 0., 0., 0., 0., 0., 0., 0., 0., 0., 0., 0., 0., 0.]), array([0., 0., 0., 0., 0., 0., 0., 0., 0., 0., 0., 0., 1., 0., 0., 0., 0., 0.]))]
Frame: 7500000, Avg. RL Loss: 0.001, Avg. Q value: -0.137, Avg. Length: 3748.9, P0 Avg. Reward: -6.143, P1 Avg. Reward: 6.143
Q table: 
 [[0.985 0.975 0.988 ... 0.969 0.976 0.97 ]
 [0.996 1.011 0.988 ... 1.01  0.984 0.998]
 [0.986 0.984 0.979 ... 0.986 0.976 0.978]
 ...
 [0.986 0.992 0.979 ... 0.975 0.976 0.949]
 [0.971 0.969 0.977 ... 0.98  0.974 0.906]
 [0.985 0.991 0.982 ... 0.991 0.974 0.982]]
Nash policies:  [(array([0.052, 0.   , 0.227, 0.   , 0.   , 0.   , 0.   , 0.   , 0.   , 0.   , 0.   , 0.022, 0.   , 0.   , 0.316, 0.086, 0.   , 0.298]), array([0.   , 0.   , 0.   , 0.   , 0.001, 0.   , 0.05 , 0.012, 0.041, 0.   , 0.   , 0.   , 0.   , 0.548, 0.   , 0.   , 0.348, 0.   ]))]
Frame: 7750000, Avg. RL Loss: 0.001, Avg. Q value: -0.097, Avg. Length: 3497.3, P0 Avg. Reward: -2.629, P1 Avg. Reward: 2.629
Q table: 
 [[0.377 0.368 0.377 ... 0.386 0.389 0.372]
 [0.383 0.377 0.369 ... 0.388 0.366 0.381]
 [0.379 0.371 0.368 ... 0.377 0.369 0.377]
 ...
 [0.399 0.381 0.376 ... 0.372 0.365 0.383]
 [0.382 0.369 0.369 ... 0.374 0.39  0.373]
 [0.395 0.375 0.381 ... 0.38  0.37  0.384]]
Nash policies:  [(array([0.   , 0.153, 0.   , 0.   , 0.   , 0.621, 0.   , 0.   , 0.   , 0.   , 0.   , 0.051, 0.   , 0.   , 0.106, 0.069, 0.   , 0.   ]), array([0.   , 0.   , 0.158, 0.227, 0.   , 0.006, 0.   , 0.23 , 0.379, 0.   , 0.   , 0.   , 0.   , 0.   , 0.   , 0.   , 0.   , 0.   ]))]
Frame: 8000000, Avg. RL Loss: 0.001, Avg. Q value: -0.157, Avg. Length: 3496.8, P0 Avg. Reward: -6.686, P1 Avg. Reward: 6.686
Q table: 
 [[-0.42  -0.419 -0.41  ... -0.422 -0.422 -0.422]
 [-0.427 -0.411 -0.415 ... -0.424 -0.418 -0.419]
 [-0.421 -0.418 -0.419 ... -0.421 -0.422 -0.425]
 ...
 [-0.423 -0.453 -0.416 ... -0.412 -0.414 -0.417]
 [-0.421 -0.412 -0.415 ... -0.416 -0.413 -0.415]
 [-0.415 -0.426 -0.409 ... -0.409 -0.415 -0.419]]
Nash policies:  [(array([0.03 , 0.049, 0.   , 0.   , 0.   , 0.02 , 0.214, 0.   , 0.036, 0.222, 0.   , 0.394, 0.   , 0.   , 0.   , 0.   , 0.   , 0.035]), array([0.215, 0.   , 0.   , 0.   , 0.547, 0.014, 0.011, 0.05 , 0.   , 0.105, 0.   , 0.   , 0.   , 0.054, 0.004, 0.   , 0.   , 0.   ]))]
Frame: 8250000, Avg. RL Loss: 0.001, Avg. Q value: -0.160, Avg. Length: 3947.2, P0 Avg. Reward: -6.831, P1 Avg. Reward: 6.831
Q table: 
 [[0.38  0.378 0.364 ... 0.372 0.388 0.369]
 [0.378 0.38  0.364 ... 0.346 0.367 0.375]
 [0.37  0.369 0.357 ... 0.37  0.355 0.373]
 ...
 [0.387 0.381 0.377 ... 0.376 0.369 0.374]
 [0.366 0.378 0.366 ... 0.354 0.389 0.369]
 [0.393 0.37  0.374 ... 0.367 0.373 0.374]]
Nash policies:  [(array([0.   , 0.   , 0.   , 0.811, 0.   , 0.   , 0.   , 0.   , 0.   , 0.   , 0.045, 0.   , 0.   , 0.   , 0.   , 0.   , 0.068, 0.076]), array([0.   , 0.   , 0.   , 0.305, 0.   , 0.   , 0.   , 0.476, 0.   , 0.   , 0.   , 0.162, 0.   , 0.057, 0.   , 0.   , 0.   , 0.   ]))]
Frame: 8500000, Avg. RL Loss: 0.001, Avg. Q value: -0.045, Avg. Length: 3490.4, P0 Avg. Reward: -1.686, P1 Avg. Reward: 1.686
Q table: 
 [[0.648 0.633 0.643 ... 0.503 0.642 0.634]
 [0.657 0.591 0.629 ... 0.627 0.631 0.645]
 [0.662 0.642 0.644 ... 0.639 0.645 0.638]
 ...
 [0.65  0.636 0.634 ... 0.623 0.625 0.642]
 [0.64  0.619 0.641 ... 0.647 0.636 0.645]
 [0.649 0.657 0.65  ... 0.667 0.633 0.641]]
Nash policies:  [(array([0.   , 0.   , 0.   , 0.531, 0.022, 0.   , 0.01 , 0.071, 0.311, 0.   , 0.01 , 0.014, 0.   , 0.   , 0.   , 0.   , 0.   , 0.031]), array([0.   , 0.   , 0.   , 0.   , 0.047, 0.183, 0.   , 0.   , 0.   , 0.   , 0.32 , 0.019, 0.   , 0.059, 0.064, 0.185, 0.   , 0.123]))]
Frame: 8750000, Avg. RL Loss: 0.001, Avg. Q value: -0.021, Avg. Length: 3634.8, P0 Avg. Reward: -0.343, P1 Avg. Reward: 0.343
Q table: 
 [[-0.441 -0.386 -0.458 ... -0.458 -0.456 -0.448]
 [-0.46  -0.442 -0.435 ... -0.452 -0.459 -0.449]
 [-0.439 -0.448 -0.458 ... -0.457 -0.45  -0.454]
 ...
 [-0.453 -0.458 -0.442 ... -0.446 -0.443 -0.449]
 [-0.443 -0.458 -0.45  ... -0.439 -0.452 -0.446]
 [-0.464 -0.453 -0.454 ... -0.444 -0.449 -0.464]]
Nash policies:  [(array([0.044, 0.   , 0.   , 0.058, 0.   , 0.   , 0.   , 0.   , 0.153, 0.011, 0.   , 0.32 , 0.   , 0.255, 0.116, 0.   , 0.042, 0.   ]), array([0.   , 0.016, 0.   , 0.006, 0.   , 0.112, 0.137, 0.   , 0.   , 0.253, 0.   , 0.   , 0.   , 0.133, 0.   , 0.053, 0.   , 0.29 ]))]
Frame: 9000000, Avg. RL Loss: 0.001, Avg. Q value: -0.005, Avg. Length: 3339.2, P0 Avg. Reward: 3.013, P1 Avg. Reward: -3.013
Q table: 
 [[-0.695 -0.67  -0.691 ... -0.7   -0.635 -0.704]
 [-0.734 -0.694 -0.714 ... -0.712 -0.733 -0.728]
 [-0.713 -0.7   -0.703 ... -0.694 -0.701 -0.703]
 ...
 [-0.724 -0.751 -0.725 ... -0.746 -0.719 -0.732]
 [-0.728 -0.679 -0.728 ... -0.724 -0.7   -0.735]
 [-0.72  -0.757 -0.729 ... -0.767 -0.77  -0.73 ]]
Nash policies:  [(array([0., 0., 0., 0., 1., 0., 0., 0., 0., 0., 0., 0., 0., 0., 0., 0., 0., 0.]), array([0., 0., 0., 0., 0., 0., 0., 0., 0., 0., 0., 0., 1., 0., 0., 0., 0., 0.]))]
Frame: 9250000, Avg. RL Loss: 0.001, Avg. Q value: -0.201, Avg. Length: 3479.5, P0 Avg. Reward: -8.914, P1 Avg. Reward: 8.914
Q table: 
 [[-0.33  -0.336 -0.346 ... -0.349 -0.35  -0.332]
 [-0.333 -0.335 -0.334 ... -0.331 -0.332 -0.333]
 [-0.329 -0.332 -0.338 ... -0.338 -0.335 -0.353]
 ...
 [-0.33  -0.335 -0.335 ... -0.33  -0.323 -0.331]
 [-0.335 -0.336 -0.334 ... -0.321 -0.329 -0.329]
 [-0.329 -0.326 -0.337 ... -0.374 -0.342 -0.333]]
Nash policies:  [(array([0.   , 0.437, 0.   , 0.   , 0.   , 0.114, 0.   , 0.   , 0.105, 0.   , 0.   , 0.   , 0.   , 0.   , 0.191, 0.   , 0.147, 0.006]), array([0.   , 0.14 , 0.405, 0.   , 0.115, 0.18 , 0.   , 0.018, 0.   , 0.   , 0.142, 0.   , 0.   , 0.   , 0.   , 0.   , 0.   , 0.   ]))]
Frame: 9500000, Avg. RL Loss: 0.001, Avg. Q value: -0.203, Avg. Length: 3738.7, P0 Avg. Reward: -7.914, P1 Avg. Reward: 7.914
Q table: 
 [[0.437 0.462 0.444 ... 0.422 0.437 0.46 ]
 [0.439 0.425 0.417 ... 0.436 0.437 0.434]
 [0.449 0.455 0.451 ... 0.449 0.446 0.408]
 ...
 [0.432 0.422 0.435 ... 0.423 0.437 0.456]
 [0.464 0.425 0.413 ... 0.442 0.431 0.442]
 [0.434 0.45  0.424 ... 0.413 0.442 0.429]]
Nash policies:  [(array([0.   , 0.   , 0.124, 0.   , 0.324, 0.   , 0.218, 0.   , 0.26 , 0.074, 0.   , 0.   , 0.   , 0.   , 0.   , 0.   , 0.   , 0.   ]), array([0.   , 0.   , 0.   , 0.   , 0.029, 0.034, 0.   , 0.41 , 0.216, 0.   , 0.   , 0.   , 0.311, 0.   , 0.   , 0.   , 0.   , 0.   ]))]
Frame: 9750000, Avg. RL Loss: 0.001, Avg. Q value: -0.218, Avg. Length: 3941.9, P0 Avg. Reward: -6.550, P1 Avg. Reward: 6.550
Q table: 
 [[-0.668 -0.705 -0.707 ... -0.712 -0.71  -0.714]
 [-0.726 -0.706 -0.727 ... -0.729 -0.726 -0.756]
 [-0.72  -0.699 -0.713 ... -0.71  -0.709 -0.718]
 ...
 [-0.701 -0.732 -0.732 ... -0.734 -0.719 -0.721]
 [-0.71  -0.71  -0.752 ... -0.737 -0.724 -0.743]
 [-0.72  -0.764 -0.721 ... -0.749 -0.744 -0.73 ]]
Nash policies:  [(array([0.78 , 0.   , 0.   , 0.   , 0.172, 0.   , 0.   , 0.048, 0.   , 0.   , 0.   , 0.   , 0.   , 0.   , 0.   , 0.   , 0.   , 0.   ]), array([0.   , 0.   , 0.   , 0.   , 0.   , 0.   , 0.   , 0.   , 0.   , 0.   , 0.   , 0.   , 0.468, 0.   , 0.   , 0.474, 0.   , 0.058]))]
Frame: 10000000, Avg. RL Loss: 0.001, Avg. Q value: -0.115, Avg. Length: 3952.8, P0 Avg. Reward: -3.492, P1 Avg. Reward: 3.492
Q table: 
 [[-0.776 -0.788 -0.788 ... -0.783 -0.774 -0.782]
 [-0.797 -0.801 -0.854 ... -0.813 -0.818 -0.842]
 [-0.786 -0.783 -0.799 ... -0.783 -0.78  -0.786]
 ...
 [-0.789 -0.809 -0.815 ... -0.845 -0.838 -0.8  ]
 [-0.817 -0.827 -0.84  ... -0.859 -0.825 -0.809]
 [-0.802 -0.806 -0.836 ... -0.853 -0.857 -0.825]]
Nash policies:  [(array([0.549, 0.   , 0.   , 0.   , 0.   , 0.   , 0.   , 0.359, 0.   , 0.092, 0.   , 0.   , 0.   , 0.   , 0.   , 0.   , 0.   , 0.   ]), array([0.   , 0.   , 0.263, 0.   , 0.   , 0.   , 0.   , 0.   , 0.   , 0.   , 0.   , 0.284, 0.453, 0.   , 0.   , 0.   , 0.   , 0.   ]))]
Frame: 10250000, Avg. RL Loss: 0.001, Avg. Q value: -0.050, Avg. Length: 3515.9, P0 Avg. Reward: -1.629, P1 Avg. Reward: 1.629
Q table: 
 [[-1.052 -1.053 -1.061 ... -1.058 -1.078 -1.066]
 [-1.089 -1.14  -1.173 ... -1.118 -1.168 -1.149]
 [-1.083 -1.057 -1.108 ... -1.062 -1.071 -1.104]
 ...
 [-1.1   -1.097 -1.104 ... -1.122 -1.178 -1.15 ]
 [-1.158 -1.19  -1.18  ... -1.168 -1.146 -1.151]
 [-1.095 -1.126 -1.107 ... -1.146 -1.15  -1.125]]
Nash policies:  [(array([1., 0., 0., 0., 0., 0., 0., 0., 0., 0., 0., 0., 0., 0., 0., 0., 0., 0.]), array([0., 0., 0., 0., 0., 0., 0., 0., 0., 0., 0., 0., 1., 0., 0., 0., 0., 0.]))]
Frame: 10500000, Avg. RL Loss: 0.001, Avg. Q value: -0.146, Avg. Length: 3701.3, P0 Avg. Reward: -3.986, P1 Avg. Reward: 3.986
Q table: 
 [[-1.057 -1.047 -1.03  ... -1.063 -1.076 -1.073]
 [-1.084 -1.138 -1.146 ... -1.139 -1.186 -1.132]
 [-1.112 -1.062 -1.06  ... -1.07  -1.084 -1.104]
 ...
 [-1.092 -1.141 -1.117 ... -1.144 -1.189 -1.137]
 [-1.108 -1.14  -1.186 ... -1.184 -1.118 -1.135]
 [-1.081 -1.134 -1.139 ... -1.152 -1.146 -1.1  ]]
Nash policies:  [(array([0., 0., 0., 0., 0., 0., 0., 0., 1., 0., 0., 0., 0., 0., 0., 0., 0., 0.]), array([0., 0., 0., 0., 0., 0., 0., 0., 0., 0., 0., 0., 1., 0., 0., 0., 0., 0.]))]
Frame: 10750000, Avg. RL Loss: 0.001, Avg. Q value: -0.069, Avg. Length: 4417.2, P0 Avg. Reward: -3.000, P1 Avg. Reward: 3.000
Q table: 
 [[-0.507 -0.506 -0.499 ... -0.507 -0.51  -0.507]
 [-0.523 -0.508 -0.522 ... -0.542 -0.521 -0.52 ]
 [-0.514 -0.494 -0.509 ... -0.512 -0.508 -0.508]
 ...
 [-0.525 -0.505 -0.516 ... -0.521 -0.51  -0.521]
 [-0.52  -0.519 -0.526 ... -0.529 -0.521 -0.522]
 [-0.526 -0.524 -0.504 ... -0.512 -0.515 -0.521]]
Nash policies:  [(array([0.   , 0.   , 0.296, 0.   , 0.   , 0.   , 0.509, 0.195, 0.   , 0.   , 0.   , 0.   , 0.   , 0.   , 0.   , 0.   , 0.   , 0.   ]), array([0.   , 0.   , 0.   , 0.   , 0.   , 0.   , 0.   , 0.   , 0.194, 0.101, 0.   , 0.   , 0.704, 0.   , 0.   , 0.   , 0.   , 0.   ]))]
Frame: 11000000, Avg. RL Loss: 0.001, Avg. Q value: -0.067, Avg. Length: 3729.1, P0 Avg. Reward: -3.277, P1 Avg. Reward: 3.277
Q table: 
 [[-0.29  -0.303 -0.306 ... -0.313 -0.308 -0.288]
 [-0.297 -0.288 -0.302 ... -0.292 -0.303 -0.302]
 [-0.293 -0.308 -0.297 ... -0.292 -0.295 -0.305]
 ...
 [-0.295 -0.317 -0.298 ... -0.303 -0.285 -0.298]
 [-0.289 -0.303 -0.293 ... -0.288 -0.296 -0.29 ]
 [-0.291 -0.281 -0.296 ... -0.291 -0.293 -0.293]]
Nash policies:  [(array([0.002, 0.   , 0.   , 0.191, 0.   , 0.   , 0.   , 0.   , 0.   , 0.   , 0.   , 0.101, 0.   , 0.492, 0.042, 0.   , 0.061, 0.111]), array([0.   , 0.039, 0.   , 0.112, 0.   , 0.   , 0.   , 0.   , 0.   , 0.237, 0.225, 0.061, 0.   , 0.   , 0.   , 0.   , 0.077, 0.248]))]
Frame: 11250000, Avg. RL Loss: 0.001, Avg. Q value: -0.167, Avg. Length: 4002.9, P0 Avg. Reward: -5.600, P1 Avg. Reward: 5.600
Q table: 
 [[-0.548 -0.552 -0.541 ... -0.545 -0.552 -0.55 ]
 [-0.554 -0.55  -0.552 ... -0.557 -0.567 -0.555]
 [-0.55  -0.54  -0.55  ... -0.553 -0.552 -0.549]
 ...
 [-0.552 -0.546 -0.558 ... -0.551 -0.554 -0.56 ]
 [-0.546 -0.554 -0.574 ... -0.556 -0.555 -0.535]
 [-0.556 -0.556 -0.55  ... -0.547 -0.584 -0.557]]
Nash policies:  [(array([0.185, 0.   , 0.   , 0.   , 0.   , 0.149, 0.526, 0.   , 0.   , 0.   , 0.005, 0.   , 0.123, 0.   , 0.   , 0.   , 0.011, 0.   ]), array([0.   , 0.   , 0.   , 0.   , 0.   , 0.   , 0.   , 0.042, 0.175, 0.   , 0.08 , 0.   , 0.   , 0.   , 0.   , 0.157, 0.305, 0.24 ]))]
Frame: 11500000, Avg. RL Loss: 0.001, Avg. Q value: -0.194, Avg. Length: 3929.9, P0 Avg. Reward: -4.769, P1 Avg. Reward: 4.769
Q table: 
 [[-0.723 -0.724 -0.728 ... -0.74  -0.733 -0.735]
 [-0.768 -0.77  -0.779 ... -0.75  -0.781 -0.78 ]
 [-0.742 -0.724 -0.75  ... -0.74  -0.74  -0.752]
 ...
 [-0.748 -0.782 -0.76  ... -0.803 -0.77  -0.758]
 [-0.762 -0.786 -0.81  ... -0.762 -0.792 -0.841]
 [-0.762 -0.787 -0.803 ... -0.801 -0.776 -0.765]]
Nash policies:  [(array([0.812, 0.   , 0.   , 0.   , 0.   , 0.   , 0.   , 0.188, 0.   , 0.   , 0.   , 0.   , 0.   , 0.   , 0.   , 0.   , 0.   , 0.   ]), array([0.   , 0.   , 0.   , 0.   , 0.   , 0.   , 0.   , 0.   , 0.   , 0.   , 0.   , 0.   , 0.884, 0.   , 0.   , 0.116, 0.   , 0.   ]))]
Frame: 11750000, Avg. RL Loss: 0.001, Avg. Q value: -0.069, Avg. Length: 3459.7, P0 Avg. Reward: 1.186, P1 Avg. Reward: -1.186
Q table: 
 [[0.971 0.965 0.923 ... 0.973 0.966 0.952]
 [0.991 0.977 0.976 ... 0.987 0.981 0.982]
 [0.972 0.981 0.977 ... 0.966 0.971 0.977]
 ...
 [0.991 0.99  0.985 ... 0.986 0.985 0.969]
 [0.999 0.99  0.982 ... 0.985 0.938 1.   ]
 [0.996 0.993 0.978 ... 0.98  0.979 0.977]]
Nash policies:  [(array([0.   , 0.336, 0.   , 0.   , 0.   , 0.   , 0.   , 0.   , 0.   , 0.   , 0.202, 0.   , 0.123, 0.073, 0.   , 0.   , 0.018, 0.248]), array([0.   , 0.   , 0.258, 0.   , 0.   , 0.024, 0.   , 0.   , 0.284, 0.   , 0.   , 0.08 , 0.   , 0.   , 0.   , 0.   , 0.21 , 0.143]))]
Frame: 12000000, Avg. RL Loss: 0.001, Avg. Q value: -0.088, Avg. Length: 3519.7, P0 Avg. Reward: -2.129, P1 Avg. Reward: 2.129
Q table: 
 [[-0.706 -0.719 -0.721 ... -0.725 -0.729 -0.733]
 [-0.731 -0.746 -0.738 ... -0.749 -0.788 -0.77 ]
 [-0.724 -0.718 -0.737 ... -0.722 -0.732 -0.74 ]
 ...
 [-0.788 -0.752 -0.798 ... -0.798 -0.777 -0.76 ]
 [-0.818 -0.759 -0.82  ... -0.789 -0.731 -0.778]
 [-0.756 -0.796 -0.781 ... -0.771 -0.767 -0.77 ]]
Nash policies:  [(array([0., 0., 0., 0., 0., 0., 0., 0., 0., 1., 0., 0., 0., 0., 0., 0., 0., 0.]), array([0., 0., 0., 0., 0., 0., 0., 0., 0., 0., 0., 0., 1., 0., 0., 0., 0., 0.]))]
Frame: 12250000, Avg. RL Loss: 0.001, Avg. Q value: -0.111, Avg. Length: 3734.4, P0 Avg. Reward: -6.286, P1 Avg. Reward: 6.286
Q table: 
 [[-0.702 -0.696 -0.703 ... -0.716 -0.71  -0.703]
 [-0.749 -0.768 -0.736 ... -0.735 -0.731 -0.75 ]
 [-0.714 -0.715 -0.72  ... -0.708 -0.718 -0.718]
 ...
 [-0.744 -0.802 -0.783 ... -0.754 -0.734 -0.781]
 [-0.753 -0.729 -0.775 ... -0.714 -0.732 -0.749]
 [-0.744 -0.766 -0.765 ... -0.78  -0.755 -0.733]]
Nash policies:  [(array([1., 0., 0., 0., 0., 0., 0., 0., 0., 0., 0., 0., 0., 0., 0., 0., 0., 0.]), array([0., 0., 0., 0., 0., 0., 0., 0., 0., 0., 0., 0., 1., 0., 0., 0., 0., 0.]))]
Frame: 12500000, Avg. RL Loss: 0.001, Avg. Q value: -0.132, Avg. Length: 3710.5, P0 Avg. Reward: -3.062, P1 Avg. Reward: 3.062
Q table: 
 [[-0.433 -0.434 -0.433 ... -0.434 -0.433 -0.43 ]
 [-0.431 -0.43  -0.427 ... -0.437 -0.425 -0.434]
 [-0.427 -0.434 -0.43  ... -0.428 -0.432 -0.432]
 ...
 [-0.428 -0.432 -0.434 ... -0.424 -0.429 -0.435]
 [-0.431 -0.433 -0.425 ... -0.433 -0.43  -0.443]
 [-0.427 -0.433 -0.419 ... -0.43  -0.429 -0.429]]
Nash policies:  [(array([0.   , 0.   , 0.   , 0.281, 0.024, 0.   , 0.   , 0.   , 0.384, 0.187, 0.   , 0.   , 0.   , 0.   , 0.   , 0.   , 0.   , 0.124]), array([0.   , 0.08 , 0.   , 0.   , 0.   , 0.139, 0.   , 0.   , 0.   , 0.   , 0.129, 0.   , 0.   , 0.   , 0.   , 0.   , 0.134, 0.518]))]
Frame: 12750000, Avg. RL Loss: 0.001, Avg. Q value: -0.010, Avg. Length: 3456.6, P0 Avg. Reward: 2.486, P1 Avg. Reward: -2.486
Q table: 
 [[-0.566 -0.574 -0.583 ... -0.58  -0.582 -0.585]
 [-0.638 -0.623 -0.604 ... -0.61  -0.641 -0.568]
 [-0.573 -0.57  -0.579 ... -0.583 -0.57  -0.568]
 ...
 [-0.615 -0.676 -0.639 ... -0.684 -0.685 -0.596]
 [-0.59  -0.655 -0.63  ... -0.654 -0.601 -0.657]
 [-0.614 -0.596 -0.644 ... -0.644 -0.646 -0.614]]
Nash policies:  [(array([0.011, 0.   , 0.069, 0.285, 0.   , 0.   , 0.195, 0.44 , 0.   , 0.   , 0.   , 0.   , 0.   , 0.   , 0.   , 0.   , 0.   , 0.   ]), array([0.   , 0.   , 0.   , 0.   , 0.   , 0.   , 0.147, 0.526, 0.   , 0.   , 0.   , 0.   , 0.095, 0.   , 0.178, 0.   , 0.   , 0.054]))]
Frame: 13000000, Avg. RL Loss: 0.001, Avg. Q value: 0.069, Avg. Length: 3639.8, P0 Avg. Reward: 2.514, P1 Avg. Reward: -2.514
Q table: 
 [[0.281 0.274 0.278 ... 0.288 0.291 0.274]
 [0.289 0.281 0.291 ... 0.279 0.27  0.284]
 [0.286 0.273 0.265 ... 0.272 0.271 0.268]
 ...
 [0.291 0.279 0.279 ... 0.279 0.273 0.28 ]
 [0.277 0.284 0.274 ... 0.282 0.285 0.279]
 [0.28  0.271 0.285 ... 0.279 0.276 0.28 ]]
Nash policies:  [(array([0.039, 0.   , 0.   , 0.   , 0.   , 0.   , 0.   , 0.   , 0.006, 0.   , 0.   , 0.   , 0.008, 0.   , 0.453, 0.   , 0.2  , 0.294]), array([0.   , 0.   , 0.   , 0.026, 0.154, 0.379, 0.   , 0.   , 0.   , 0.078, 0.   , 0.   , 0.   , 0.276, 0.086, 0.   , 0.   , 0.   ]))]
Frame: 13250000, Avg. RL Loss: 0.001, Avg. Q value: -0.074, Avg. Length: 3920.0, P0 Avg. Reward: -0.446, P1 Avg. Reward: 0.446
Q table: 
 [[-0.322 -0.315 -0.331 ... -0.328 -0.323 -0.32 ]
 [-0.322 -0.324 -0.306 ... -0.32  -0.326 -0.324]
 [-0.314 -0.328 -0.323 ... -0.323 -0.319 -0.323]
 ...
 [-0.32  -0.319 -0.327 ... -0.321 -0.32  -0.32 ]
 [-0.323 -0.324 -0.321 ... -0.326 -0.327 -0.317]
 [-0.323 -0.323 -0.327 ... -0.33  -0.323 -0.324]]
Nash policies:  [(array([0.154, 0.   , 0.   , 0.18 , 0.119, 0.   , 0.   , 0.008, 0.   , 0.01 , 0.   , 0.072, 0.   , 0.   , 0.118, 0.   , 0.338, 0.   ]), array([0.   , 0.   , 0.   , 0.   , 0.151, 0.02 , 0.03 , 0.047, 0.   , 0.212, 0.   , 0.   , 0.   , 0.239, 0.   , 0.252, 0.05 , 0.   ]))]
Frame: 13500000, Avg. RL Loss: 0.001, Avg. Q value: 0.064, Avg. Length: 4042.2, P0 Avg. Reward: 0.700, P1 Avg. Reward: -0.700
Q table: 
 [[-0.365 -0.369 -0.37  ... -0.367 -0.366 -0.371]
 [-0.376 -0.362 -0.368 ... -0.369 -0.372 -0.364]
 [-0.367 -0.366 -0.367 ... -0.358 -0.362 -0.367]
 ...
 [-0.372 -0.368 -0.367 ... -0.368 -0.402 -0.368]
 [-0.364 -0.365 -0.349 ... -0.366 -0.359 -0.364]
 [-0.356 -0.363 -0.365 ... -0.37  -0.348 -0.364]]
Nash policies:  [(array([0.   , 0.15 , 0.266, 0.   , 0.   , 0.259, 0.075, 0.   , 0.24 , 0.   , 0.01 , 0.   , 0.   , 0.   , 0.   , 0.   , 0.001, 0.   ]), array([0.   , 0.   , 0.164, 0.099, 0.197, 0.   , 0.01 , 0.084, 0.   , 0.338, 0.108, 0.   , 0.   , 0.   , 0.   , 0.   , 0.   , 0.   ]))]
Frame: 13750000, Avg. RL Loss: 0.001, Avg. Q value: 0.004, Avg. Length: 3379.0, P0 Avg. Reward: -0.480, P1 Avg. Reward: 0.480
Q table: 
 [[0.231 0.22  0.232 ... 0.249 0.227 0.23 ]
 [0.198 0.213 0.219 ... 0.208 0.201 0.212]
 [0.248 0.241 0.23  ... 0.234 0.231 0.243]
 ...
 [0.204 0.19  0.195 ... 0.184 0.185 0.204]
 [0.212 0.193 0.227 ... 0.208 0.209 0.182]
 [0.222 0.215 0.206 ... 0.192 0.199 0.183]]
Nash policies:  [(array([0.127, 0.   , 0.443, 0.363, 0.066, 0.   , 0.   , 0.   , 0.   , 0.   , 0.   , 0.   , 0.   , 0.   , 0.   , 0.   , 0.   , 0.   ]), array([0.   , 0.06 , 0.339, 0.   , 0.   , 0.56 , 0.   , 0.   , 0.   , 0.   , 0.   , 0.04 , 0.   , 0.   , 0.   , 0.   , 0.   , 0.   ]))]
Frame: 14000000, Avg. RL Loss: 0.001, Avg. Q value: 0.053, Avg. Length: 3411.7, P0 Avg. Reward: 3.027, P1 Avg. Reward: -3.027
Q table: 
 [[-0.535 -0.529 -0.523 ... -0.527 -0.528 -0.527]
 [-0.455 -0.538 -0.537 ... -0.541 -0.54  -0.546]
 [-0.535 -0.53  -0.536 ... -0.543 -0.536 -0.535]
 ...
 [-0.572 -0.538 -0.539 ... -0.545 -0.553 -0.548]
 [-0.541 -0.55  -0.54  ... -0.541 -0.553 -0.55 ]
 [-0.544 -0.544 -0.523 ... -0.532 -0.549 -0.548]]
Nash policies:  [(array([0.107, 0.   , 0.   , 0.   , 0.   , 0.   , 0.308, 0.282, 0.304, 0.   , 0.   , 0.   , 0.   , 0.   , 0.   , 0.   , 0.   , 0.   ]), array([0.   , 0.05 , 0.   , 0.   , 0.   , 0.   , 0.   , 0.   , 0.   , 0.   , 0.118, 0.   , 0.513, 0.   , 0.32 , 0.   , 0.   , 0.   ]))]
Frame: 14250000, Avg. RL Loss: 0.001, Avg. Q value: 0.099, Avg. Length: 3691.9, P0 Avg. Reward: 1.129, P1 Avg. Reward: -1.129
Q table: 
 [[0.389 0.387 0.397 ... 0.398 0.404 0.393]
 [0.387 0.396 0.392 ... 0.4   0.393 0.39 ]
 [0.397 0.392 0.39  ... 0.388 0.38  0.396]
 ...
 [0.403 0.397 0.401 ... 0.381 0.4   0.4  ]
 [0.397 0.4   0.396 ... 0.4   0.368 0.405]
 [0.402 0.397 0.398 ... 0.4   0.392 0.381]]
Nash policies:  [(array([0.   , 0.066, 0.   , 0.   , 0.   , 0.078, 0.   , 0.   , 0.   , 0.   , 0.026, 0.038, 0.348, 0.   , 0.307, 0.128, 0.009, 0.   ]), array([0.   , 0.   , 0.   , 0.345, 0.   , 0.   , 0.009, 0.   , 0.   , 0.   , 0.   , 0.105, 0.   , 0.059, 0.045, 0.198, 0.109, 0.129]))]
Frame: 14500000, Avg. RL Loss: 0.001, Avg. Q value: -0.191, Avg. Length: 3972.5, P0 Avg. Reward: -8.150, P1 Avg. Reward: 8.150
Q table: 
 [[0.278 0.272 0.28  ... 0.267 0.279 0.284]
 [0.293 0.288 0.286 ... 0.283 0.287 0.28 ]
 [0.278 0.27  0.272 ... 0.279 0.268 0.262]
 ...
 [0.296 0.284 0.289 ... 0.286 0.28  0.276]
 [0.279 0.281 0.28  ... 0.284 0.294 0.289]
 [0.282 0.288 0.28  ... 0.286 0.283 0.286]]
Nash policies:  [(array([0.   , 0.138, 0.   , 0.   , 0.   , 0.   , 0.   , 0.   , 0.   , 0.   , 0.   , 0.   , 0.   , 0.016, 0.266, 0.4  , 0.179, 0.   ]), array([0.   , 0.   , 0.   , 0.326, 0.   , 0.145, 0.   , 0.   , 0.   , 0.   , 0.   , 0.125, 0.   , 0.   , 0.   , 0.   , 0.315, 0.089]))]
Frame: 14750000, Avg. RL Loss: 0.001, Avg. Q value: -0.165, Avg. Length: 3775.2, P0 Avg. Reward: -4.723, P1 Avg. Reward: 4.723
Q table: 
 [[-0.983 -0.974 -0.985 ... -0.996 -0.993 -0.972]
 [-0.954 -1.042 -1.042 ... -1.017 -1.031 -1.062]
 [-0.992 -0.977 -1.01  ... -0.991 -0.999 -1.011]
 ...
 [-1.034 -1.052 -1.082 ... -1.082 -1.038 -1.058]
 [-1.054 -1.068 -1.039 ... -1.066 -1.062 -1.091]
 [-1.049 -1.076 -1.04  ... -1.034 -1.038 -1.109]]
Nash policies:  [(array([0.623, 0.   , 0.   , 0.   , 0.   , 0.   , 0.   , 0.377, 0.   , 0.   , 0.   , 0.   , 0.   , 0.   , 0.   , 0.   , 0.   , 0.   ]), array([0.   , 0.   , 0.   , 0.   , 0.   , 0.   , 0.   , 0.   , 0.   , 0.   , 0.   , 0.627, 0.373, 0.   , 0.   , 0.   , 0.   , 0.   ]))]
Frame: 15000000, Avg. RL Loss: 0.001, Avg. Q value: -0.207, Avg. Length: 3955.2, P0 Avg. Reward: -7.692, P1 Avg. Reward: 7.692
Q table: 
 [[-0.573 -0.554 -0.573 ... -0.573 -0.558 -0.572]
 [-0.566 -0.595 -0.576 ... -0.591 -0.587 -0.592]
 [-0.572 -0.572 -0.578 ... -0.571 -0.574 -0.574]
 ...
 [-0.585 -0.595 -0.605 ... -0.608 -0.583 -0.597]
 [-0.591 -0.602 -0.586 ... -0.608 -0.59  -0.621]
 [-0.602 -0.611 -0.549 ... -0.595 -0.597 -0.606]]
Nash policies:  [(array([0.   , 0.   , 0.253, 0.098, 0.027, 0.   , 0.213, 0.41 , 0.   , 0.   , 0.   , 0.   , 0.   , 0.   , 0.   , 0.   , 0.   , 0.   ]), array([0.   , 0.   , 0.   , 0.   , 0.105, 0.   , 0.   , 0.   , 0.   , 0.325, 0.129, 0.   , 0.   , 0.402, 0.   , 0.   , 0.039, 0.   ]))]
Frame: 15250000, Avg. RL Loss: 0.000, Avg. Q value: 0.052, Avg. Length: 3209.2, P0 Avg. Reward: 5.825, P1 Avg. Reward: -5.825
Q table: 
 [[0.844 0.846 0.85  ... 0.844 0.861 0.843]
 [0.869 0.857 0.855 ... 0.856 0.846 0.86 ]
 [0.852 0.859 0.866 ... 0.854 0.855 0.837]
 ...
 [0.877 0.864 0.867 ... 0.858 0.865 0.868]
 [0.857 0.847 0.879 ... 0.884 0.861 0.863]
 [0.858 0.853 0.859 ... 0.862 0.869 0.861]]
Nash policies:  [(array([0.   , 0.   , 0.   , 0.03 , 0.   , 0.   , 0.   , 0.   , 0.   , 0.   , 0.261, 0.   , 0.   , 0.555, 0.   , 0.   , 0.154, 0.   ]), array([0.   , 0.   , 0.   , 0.   , 0.   , 0.   , 0.   , 0.348, 0.476, 0.   , 0.   , 0.093, 0.   , 0.   , 0.   , 0.   , 0.083, 0.   ]))]
Frame: 15500000, Avg. RL Loss: 0.001, Avg. Q value: 0.149, Avg. Length: 3586.9, P0 Avg. Reward: 7.657, P1 Avg. Reward: -7.657
Q table: 
 [[-0.599 -0.596 -0.6   ... -0.607 -0.605 -0.607]
 [-0.594 -0.672 -0.64  ... -0.632 -0.639 -0.652]
 [-0.591 -0.605 -0.601 ... -0.6   -0.599 -0.598]
 ...
 [-0.623 -0.666 -0.67  ... -0.702 -0.629 -0.617]
 [-0.659 -0.693 -0.651 ... -0.697 -0.667 -0.704]
 [-0.672 -0.698 -0.629 ... -0.733 -0.688 -0.651]]
Nash policies:  [(array([0.014, 0.   , 0.013, 0.387, 0.   , 0.   , 0.013, 0.336, 0.031, 0.204, 0.   , 0.   , 0.   , 0.   , 0.   , 0.   , 0.   , 0.   ]), array([0.   , 0.008, 0.   , 0.   , 0.   , 0.   , 0.434, 0.053, 0.   , 0.   , 0.   , 0.   , 0.   , 0.434, 0.   , 0.01 , 0.023, 0.037]))]
Frame: 15750000, Avg. RL Loss: 0.001, Avg. Q value: 0.011, Avg. Length: 4163.4, P0 Avg. Reward: 2.867, P1 Avg. Reward: -2.867
Q table: 
 [[0.513 0.528 0.523 ... 0.522 0.513 0.508]
 [0.52  0.515 0.518 ... 0.518 0.522 0.508]
 [0.499 0.52  0.521 ... 0.528 0.523 0.517]
 ...
 [0.517 0.515 0.525 ... 0.524 0.521 0.512]
 [0.519 0.526 0.538 ... 0.489 0.535 0.52 ]
 [0.523 0.523 0.523 ... 0.49  0.502 0.522]]
Nash policies:  [(array([0.355, 0.   , 0.018, 0.   , 0.225, 0.   , 0.   , 0.   , 0.   , 0.   , 0.127, 0.   , 0.029, 0.049, 0.124, 0.   , 0.001, 0.072]), array([0.111, 0.   , 0.   , 0.   , 0.   , 0.   , 0.081, 0.236, 0.149, 0.   , 0.089, 0.   , 0.095, 0.   , 0.   , 0.066, 0.096, 0.076]))]
Frame: 16000000, Avg. RL Loss: 0.001, Avg. Q value: 0.149, Avg. Length: 4404.8, P0 Avg. Reward: 6.582, P1 Avg. Reward: -6.582
Q table: 
 [[-0.46  -0.446 -0.486 ... -0.49  -0.475 -0.481]
 [-0.51  -0.483 -0.483 ... -0.508 -0.513 -0.509]
 [-0.489 -0.468 -0.487 ... -0.489 -0.483 -0.484]
 ...
 [-0.486 -0.531 -0.509 ... -0.526 -0.478 -0.493]
 [-0.542 -0.563 -0.525 ... -0.544 -0.514 -0.546]
 [-0.507 -0.523 -0.518 ... -0.533 -0.537 -0.493]]
Nash policies:  [(array([0.342, 0.   , 0.047, 0.   , 0.366, 0.   , 0.011, 0.   , 0.235, 0.   , 0.   , 0.   , 0.   , 0.   , 0.   , 0.   , 0.   , 0.   ]), array([0.   , 0.   , 0.058, 0.   , 0.   , 0.   , 0.   , 0.   , 0.108, 0.248, 0.148, 0.   , 0.   , 0.   , 0.   , 0.439, 0.   , 0.   ]))]
Frame: 16250000, Avg. RL Loss: 0.001, Avg. Q value: 0.192, Avg. Length: 3855.3, P0 Avg. Reward: 10.508, P1 Avg. Reward: -10.508
Q table: 
 [[-0.719 -0.724 -0.738 ... -0.749 -0.736 -0.722]
 [-0.805 -0.779 -0.734 ... -0.792 -0.775 -0.805]
 [-0.769 -0.781 -0.783 ... -0.739 -0.769 -0.737]
 ...
 [-0.757 -0.796 -0.822 ... -0.787 -0.768 -0.785]
 [-0.789 -0.847 -0.808 ... -0.921 -0.76  -0.868]
 [-0.791 -0.8   -0.816 ... -0.794 -0.835 -0.867]]
Nash policies:  [(array([0.015, 0.   , 0.   , 0.   , 0.   , 0.   , 0.   , 0.985, 0.   , 0.   , 0.   , 0.   , 0.   , 0.   , 0.   , 0.   , 0.   , 0.   ]), array([0.071, 0.   , 0.   , 0.   , 0.   , 0.   , 0.   , 0.   , 0.   , 0.   , 0.   , 0.   , 0.929, 0.   , 0.   , 0.   , 0.   , 0.   ]))]
Frame: 16500000, Avg. RL Loss: 0.001, Avg. Q value: 0.228, Avg. Length: 3876.2, P0 Avg. Reward: 9.446, P1 Avg. Reward: -9.446
Q table: 
 [[-0.316 -0.318 -0.32  ... -0.313 -0.317 -0.33 ]
 [-0.323 -0.339 -0.35  ... -0.353 -0.38  -0.379]
 [-0.327 -0.308 -0.31  ... -0.311 -0.315 -0.306]
 ...
 [-0.355 -0.35  -0.396 ... -0.425 -0.337 -0.328]
 [-0.353 -0.403 -0.368 ... -0.397 -0.37  -0.348]
 [-0.379 -0.334 -0.398 ... -0.365 -0.341 -0.382]]
Nash policies:  [(array([0.131, 0.   , 0.065, 0.   , 0.   , 0.   , 0.804, 0.   , 0.   , 0.   , 0.   , 0.   , 0.   , 0.   , 0.   , 0.   , 0.   , 0.   ]), array([0.449, 0.   , 0.533, 0.   , 0.   , 0.   , 0.   , 0.   , 0.   , 0.018, 0.   , 0.   , 0.   , 0.   , 0.   , 0.   , 0.   , 0.   ]))]
Frame: 16750000, Avg. RL Loss: 0.001, Avg. Q value: 0.282, Avg. Length: 3951.8, P0 Avg. Reward: 10.450, P1 Avg. Reward: -10.450
Q table: 
 [[0.762 0.759 0.759 ... 0.745 0.757 0.755]
 [0.769 0.758 0.755 ... 0.77  0.768 0.771]
 [0.76  0.74  0.761 ... 0.756 0.755 0.761]
 ...
 [0.755 0.769 0.766 ... 0.775 0.758 0.771]
 [0.775 0.777 0.769 ... 0.773 0.79  0.769]
 [0.77  0.766 0.764 ... 0.753 0.776 0.773]]
Nash policies:  [(array([0.   , 0.   , 0.   , 0.   , 0.   , 0.   , 0.   , 0.   , 0.   , 0.   , 0.518, 0.   , 0.482, 0.   , 0.   , 0.   , 0.   , 0.   ]), array([0.   , 0.   , 0.   , 0.   , 0.   , 0.   , 0.   , 0.   , 0.   , 0.126, 0.   , 0.   , 0.   , 0.874, 0.   , 0.   , 0.   , 0.   ]))]
Frame: 17000000, Avg. RL Loss: 0.001, Avg. Q value: 0.216, Avg. Length: 4330.4, P0 Avg. Reward: 8.117, P1 Avg. Reward: -8.117
Q table: 
 [[0.429 0.426 0.433 ... 0.428 0.432 0.426]
 [0.44  0.441 0.441 ... 0.442 0.44  0.439]
 [0.432 0.425 0.425 ... 0.425 0.432 0.428]
 ...
 [0.438 0.445 0.437 ... 0.442 0.442 0.444]
 [0.443 0.436 0.44  ... 0.446 0.437 0.451]
 [0.442 0.446 0.442 ... 0.437 0.445 0.447]]
Nash policies:  [(array([0.   , 0.   , 0.   , 0.   , 0.   , 0.   , 0.   , 0.   , 0.   , 0.   , 0.388, 0.   , 0.285, 0.   , 0.   , 0.   , 0.327, 0.   ]), array([0.507, 0.   , 0.   , 0.   , 0.   , 0.   , 0.204, 0.   , 0.   , 0.288, 0.   , 0.   , 0.   , 0.   , 0.   , 0.   , 0.   , 0.   ]))]
Frame: 17250000, Avg. RL Loss: 0.001, Avg. Q value: 0.281, Avg. Length: 3887.5, P0 Avg. Reward: 11.431, P1 Avg. Reward: -11.431
Q table: 
 [[0.656 0.645 0.641 ... 0.653 0.649 0.633]
 [0.663 0.644 0.641 ... 0.669 0.639 0.642]
 [0.673 0.635 0.649 ... 0.648 0.655 0.639]
 ...
 [0.649 0.632 0.656 ... 0.637 0.63  0.633]
 [0.652 0.643 0.667 ... 0.641 0.643 0.606]
 [0.633 0.655 0.642 ... 0.634 0.511 0.612]]
Nash policies:  [(array([0.   , 0.279, 0.   , 0.61 , 0.   , 0.   , 0.111, 0.   , 0.   , 0.   , 0.   , 0.   , 0.   , 0.   , 0.   , 0.   , 0.   , 0.   ]), array([0.   , 0.   , 0.   , 0.   , 0.   , 0.   , 0.   , 0.55 , 0.034, 0.   , 0.   , 0.416, 0.   , 0.   , 0.   , 0.   , 0.   , 0.   ]))]
Frame: 17500000, Avg. RL Loss: 0.001, Avg. Q value: 0.108, Avg. Length: 3919.8, P0 Avg. Reward: 1.446, P1 Avg. Reward: -1.446
Q table: 
 [[-0.51  -0.513 -0.532 ... -0.545 -0.544 -0.557]
 [-0.558 -0.555 -0.551 ... -0.575 -0.588 -0.571]
 [-0.551 -0.538 -0.561 ... -0.549 -0.562 -0.559]
 ...
 [-0.538 -0.555 -0.561 ... -0.554 -0.567 -0.557]
 [-0.572 -0.535 -0.566 ... -0.569 -0.572 -0.587]
 [-0.548 -0.566 -0.538 ... -0.539 -0.579 -0.588]]
Nash policies:  [(array([0., 0., 0., 0., 0., 0., 0., 1., 0., 0., 0., 0., 0., 0., 0., 0., 0., 0.]), array([0., 0., 0., 0., 0., 0., 0., 0., 0., 0., 0., 0., 1., 0., 0., 0., 0., 0.]))]
Frame: 17750000, Avg. RL Loss: 0.001, Avg. Q value: 0.091, Avg. Length: 3980.6, P0 Avg. Reward: 1.250, P1 Avg. Reward: -1.250
Q table: 
 [[-0.202 -0.208 -0.218 ... -0.206 -0.206 -0.214]
 [-0.194 -0.197 -0.193 ... -0.198 -0.191 -0.192]
 [-0.198 -0.2   -0.196 ... -0.197 -0.201 -0.206]
 ...
 [-0.197 -0.201 -0.195 ... -0.2   -0.2   -0.191]
 [-0.199 -0.195 -0.195 ... -0.194 -0.193 -0.197]
 [-0.194 -0.201 -0.195 ... -0.204 -0.193 -0.174]]
Nash policies:  [(array([0.   , 0.481, 0.   , 0.   , 0.   , 0.132, 0.   , 0.   , 0.   , 0.   , 0.002, 0.   , 0.007, 0.   , 0.   , 0.   , 0.378, 0.   ]), array([0.159, 0.118, 0.   , 0.   , 0.216, 0.   , 0.   , 0.   , 0.   , 0.   , 0.376, 0.   , 0.   , 0.   , 0.   , 0.13 , 0.   , 0.   ]))]
Frame: 18000000, Avg. RL Loss: 0.001, Avg. Q value: 0.003, Avg. Length: 3897.3, P0 Avg. Reward: -3.262, P1 Avg. Reward: 3.262
Q table: 
 [[0.701 0.708 0.721 ... 0.748 0.7   0.734]
 [0.722 0.72  0.72  ... 0.721 0.714 0.728]
 [0.736 0.729 0.727 ... 0.729 0.737 0.718]
 ...
 [0.738 0.723 0.726 ... 0.719 0.712 0.733]
 [0.73  0.735 0.743 ... 0.726 0.74  0.727]
 [0.726 0.723 0.739 ... 0.72  0.723 0.711]]Load PettingZoo Atari env: pong_v1
Load PettingZoo Atari env: pong_v1
Load PettingZoo Atari env: pong_v1
Load PettingZoo Atari env: pong_v1
Load PettingZoo Atari env: pong_v1
