                          Options
                          seed: 1122
                          batch_size: 1024
                          no_cuda: False
                          max_frames: 500000000
                          buffer_size: 1000000
                          update_target: 1000
                          train_freq: 10
                          gamma: 0.99
                          eta: 0.1
                          rl_start: 10000
                          sl_start: 1000
                          num_envs: 10
                          hidden_dim: 256
                          dueling: True
                          multi_step: 1
                          cce: False
                          env: SlimeVolley-v0
                          ram: False
                          negative: False
                          against_baseline: True
                          load_model: None
                          save_model: model
                          evaluate: False
                          render: False
                          evaluation_interval: 10000
                          lr: 0.0001
                          max_tag_interval: 3000
                          eps_start: 1.0
                          eps_final: 0.01
                          eps_decay: 1000000
                          cuda: True
                          device: cuda:0
Load SlimeVolley env: SlimeVolley-v0
[Box(-3.4028234663852886e+38, 3.4028234663852886e+38, (12,), float32), Box(-3.4028234663852886e+38, 3.4028234663852886e+38, (12,), float32), Box(-3.4028234663852886e+38, 3.4028234663852886e+38, (12,), float32), Box(-3.4028234663852886e+38, 3.4028234663852886e+38, (12,), float32), Box(-3.4028234663852886e+38, 3.4028234663852886e+38, (12,), float32), Box(-3.4028234663852886e+38, 3.4028234663852886e+38, (12,), float32), Box(-3.4028234663852886e+38, 3.4028234663852886e+38, (12,), float32), Box(-3.4028234663852886e+38, 3.4028234663852886e+38, (12,), float32), Box(-3.4028234663852886e+38, 3.4028234663852886e+38, (12,), float32), Box(-3.4028234663852886e+38, 3.4028234663852886e+38, (12,), float32)] [Discrete(6), Discrete(6), Discrete(6), Discrete(6), Discrete(6), Discrete(6), Discrete(6), Discrete(6), Discrete(6), Discrete(6)]
(12,)
(12,)
Frame: 100000, Avg. Reward: -4.800, Avg. RL Loss: 0.004, Avg. Length: 686.0
Frame: 200000, Avg. Reward: -4.800, Avg. RL Loss: 0.005, Avg. Length: 653.6
Frame: 300000, Avg. Reward: -4.800, Avg. RL Loss: 0.006, Avg. Length: 566.1
Frame: 400000, Avg. Reward: -5.000, Avg. RL Loss: 0.006, Avg. Length: 608.5
Frame: 500000, Avg. Reward: -4.800, Avg. RL Loss: 0.006, Avg. Length: 630.8
Frame: 600000, Avg. Reward: -4.800, Avg. RL Loss: 0.006, Avg. Length: 670.7
Frame: 700000, Avg. Reward: -4.700, Avg. RL Loss: 0.007, Avg. Length: 632.4
Frame: 800000, Avg. Reward: -4.800, Avg. RL Loss: 0.007, Avg. Length: 570.2
Frame: 900000, Avg. Reward: -4.800, Avg. RL Loss: 0.007, Avg. Length: 594.1
Frame: 1000000, Avg. Reward: -4.900, Avg. RL Loss: 0.007, Avg. Length: 507.1
Frame: 1100000, Avg. Reward: -4.900, Avg. RL Loss: 0.007, Avg. Length: 548.2
Frame: 1200000, Avg. Reward: -4.800, Avg. RL Loss: 0.008, Avg. Length: 667.6
Frame: 1300000, Avg. Reward: -4.900, Avg. RL Loss: 0.008, Avg. Length: 576.7
Frame: 1400000, Avg. Reward: -4.800, Avg. RL Loss: 0.008, Avg. Length: 534.3
Frame: 1500000, Avg. Reward: -4.800, Avg. RL Loss: 0.008, Avg. Length: 585.9
Frame: 1600000, Avg. Reward: -5.000, Avg. RL Loss: 0.008, Avg. Length: 549.8
Frame: 1700000, Avg. Reward: -4.900, Avg. RL Loss: 0.008, Avg. Length: 633.2
Frame: 1800000, Avg. Reward: -4.900, Avg. RL Loss: 0.008, Avg. Length: 633.5
Frame: 1900000, Avg. Reward: -4.900, Avg. RL Loss: 0.009, Avg. Length: 674.8
Frame: 2000000, Avg. Reward: -4.900, Avg. RL Loss: 0.008, Avg. Length: 685.4
Frame: 2100000, Avg. Reward: -4.800, Avg. RL Loss: 0.008, Avg. Length: 586.1
Frame: 2200000, Avg. Reward: -5.000, Avg. RL Loss: 0.008, Avg. Length: 571.5
Frame: 2300000, Avg. Reward: -5.000, Avg. RL Loss: 0.009, Avg. Length: 685.2
Frame: 2400000, Avg. Reward: -4.900, Avg. RL Loss: 0.008, Avg. Length: 619.7
Frame: 2500000, Avg. Reward: -4.800, Avg. RL Loss: 0.008, Avg. Length: 739.2
Frame: 2600000, Avg. Reward: -4.700, Avg. RL Loss: 0.008, Avg. Length: 780.0
Frame: 2700000, Avg. Reward: -4.900, Avg. RL Loss: 0.008, Avg. Length: 647.4
Frame: 2800000, Avg. Reward: -4.700, Avg. RL Loss: 0.007, Avg. Length: 973.0
Frame: 2900000, Avg. Reward: -4.900, Avg. RL Loss: 0.007, Avg. Length: 568.3
Frame: 3000000, Avg. Reward: -4.900, Avg. RL Loss: 0.008, Avg. Length: 821.3
Frame: 3100000, Avg. Reward: -4.900, Avg. RL Loss: 0.007, Avg. Length: 666.2
Frame: 3200000, Avg. Reward: -4.900, Avg. RL Loss: 0.007, Avg. Length: 740.3
Frame: 3300000, Avg. Reward: -4.200, Avg. RL Loss: 0.007, Avg. Length: 1336.0
Frame: 3400000, Avg. Reward: -4.900, Avg. RL Loss: 0.006, Avg. Length: 606.9
Frame: 3500000, Avg. Reward: -4.800, Avg. RL Loss: 0.007, Avg. Length: 750.1
Frame: 3600000, Avg. Reward: -4.500, Avg. RL Loss: 0.007, Avg. Length: 1694.8
Frame: 3700000, Avg. Reward: -1.500, Avg. RL Loss: 0.006, Avg. Length: 3000.0
Frame: 3800000, Avg. Reward: -4.700, Avg. RL Loss: 0.006, Avg. Length: 1037.5
Frame: 3900000, Avg. Reward: -1.300, Avg. RL Loss: 0.006, Avg. Length: 3000.0
Frame: 4000000, Avg. Reward: -0.400, Avg. RL Loss: 0.005, Avg. Length: 3000.0
Frame: 4100000, Avg. Reward: -4.600, Avg. RL Loss: 0.005, Avg. Length: 1769.2
Frame: 4200000, Avg. Reward: -1.200, Avg. RL Loss: 0.004, Avg. Length: 2968.0
Frame: 4300000, Avg. Reward: -0.600, Avg. RL Loss: 0.003, Avg. Length: 3000.0
Frame: 4400000, Avg. Reward: 0.200, Avg. RL Loss: 0.003, Avg. Length: 3000.0
Frame: 4500000, Avg. Reward: 0.200, Avg. RL Loss: 0.002, Avg. Length: 3000.0
Frame: 4600000, Avg. Reward: -2.500, Avg. RL Loss: 0.002, Avg. Length: 2894.0
Frame: 4700000, Avg. Reward: 0.300, Avg. RL Loss: 0.001, Avg. Length: 3000.0
Frame: 4800000, Avg. Reward: 0.400, Avg. RL Loss: 0.001, Avg. Length: 3000.0
Frame: 4900000, Avg. Reward: 0.200, Avg. RL Loss: 0.001, Avg. Length: 3000.0
Frame: 5000000, Avg. Reward: 0.100, Avg. RL Loss: 0.001, Avg. Length: 3000.0
Frame: 5100000, Avg. Reward: -0.100, Avg. RL Loss: 0.001, Avg. Length: 3000.0
Frame: 5200000, Avg. Reward: 0.600, Avg. RL Loss: 0.000, Avg. Length: 3000.0
Frame: 5300000, Avg. Reward: 0.500, Avg. RL Loss: 0.000, Avg. Length: 3000.0
Frame: 5400000, Avg. Reward: 0.400, Avg. RL Loss: 0.000, Avg. Length: 3000.0
Frame: 5500000, Avg. Reward: -2.000, Avg. RL Loss: 0.000, Avg. Length: 3000.0
Frame: 5600000, Avg. Reward: 0.000, Avg. RL Loss: 0.000, Avg. Length: 3000.0
Frame: 5700000, Avg. Reward: -0.700, Avg. RL Loss: 0.000, Avg. Length: 3000.0
Frame: 5800000, Avg. Reward: -0.100, Avg. RL Loss: 0.000, Avg. Length: 3000.0
Frame: 5900000, Avg. Reward: 0.200, Avg. RL Loss: 0.000, Avg. Length: 3000.0
Frame: 6000000, Avg. Reward: -1.200, Avg. RL Loss: 0.000, Avg. Length: 3000.0
Frame: 6100000, Avg. Reward: -1.700, Avg. RL Loss: 0.000, Avg. Length: 2982.7
Frame: 6200000, Avg. Reward: -0.100, Avg. RL Loss: 0.000, Avg. Length: 3000.0
Frame: 6300000, Avg. Reward: -0.700, Avg. RL Loss: 0.000, Avg. Length: 3000.0
Frame: 6400000, Avg. Reward: -0.400, Avg. RL Loss: 0.000, Avg. Length: 3000.0
Frame: 6500000, Avg. Reward: 0.000, Avg. RL Loss: 0.000, Avg. Length: 3000.0
Frame: 6600000, Avg. Reward: 0.300, Avg. RL Loss: 0.000, Avg. Length: 3000.0
Frame: 6700000, Avg. Reward: -0.300, Avg. RL Loss: 0.000, Avg. Length: 3000.0
Frame: 6800000, Avg. Reward: 0.100, Avg. RL Loss: 0.000, Avg. Length: 3000.0
Frame: 6900000, Avg. Reward: 0.200, Avg. RL Loss: 0.000, Avg. Length: 3000.0
Frame: 7000000, Avg. Reward: 0.100, Avg. RL Loss: 0.001, Avg. Length: 3000.0
Frame: 7100000, Avg. Reward: -0.500, Avg. RL Loss: 0.001, Avg. Length: 3000.0
Frame: 7200000, Avg. Reward: -3.200, Avg. RL Loss: 0.001, Avg. Length: 2562.4
Frame: 7300000, Avg. Reward: -0.800, Avg. RL Loss: 0.001, Avg. Length: 3000.0
Frame: 7400000, Avg. Reward: 0.000, Avg. RL Loss: 0.001, Avg. Length: 3000.0
Frame: 7500000, Avg. Reward: 0.600, Avg. RL Loss: 0.001, Avg. Length: 3000.0
Frame: 7600000, Avg. Reward: 0.400, Avg. RL Loss: 0.001, Avg. Length: 3000.0
Frame: 7700000, Avg. Reward: 0.400, Avg. RL Loss: 0.001, Avg. Length: 3000.0
Frame: 7800000, Avg. Reward: 0.200, Avg. RL Loss: 0.001, Avg. Length: 3000.0
Frame: 7900000, Avg. Reward: 0.200, Avg. RL Loss: 0.001, Avg. Length: 3000.0
Frame: 8000000, Avg. Reward: -0.400, Avg. RL Loss: 0.001, Avg. Length: 3000.0
Frame: 8100000, Avg. Reward: 0.300, Avg. RL Loss: 0.001, Avg. Length: 3000.0
Frame: 8200000, Avg. Reward: 0.500, Avg. RL Loss: 0.001, Avg. Length: 3000.0
Frame: 8300000, Avg. Reward: 0.000, Avg. RL Loss: 0.001, Avg. Length: 3000.0
Frame: 8400000, Avg. Reward: -0.100, Avg. RL Loss: 0.001, Avg. Length: 3000.0
Frame: 8500000, Avg. Reward: 0.100, Avg. RL Loss: 0.001, Avg. Length: 3000.0
Frame: 8600000, Avg. Reward: -0.900, Avg. RL Loss: 0.001, Avg. Length: 3000.0
Frame: 8700000, Avg. Reward: 0.200, Avg. RL Loss: 0.001, Avg. Length: 3000.0
Frame: 8800000, Avg. Reward: 0.400, Avg. RL Loss: 0.001, Avg. Length: 3000.0
Frame: 8900000, Avg. Reward: -0.300, Avg. RL Loss: 0.001, Avg. Length: 3000.0
Frame: 9000000, Avg. Reward: 0.400, Avg. RL Loss: 0.001, Avg. Length: 3000.0
Frame: 9100000, Avg. Reward: 0.300, Avg. RL Loss: 0.001, Avg. Length: 3000.0
Frame: 9200000, Avg. Reward: 0.100, Avg. RL Loss: 0.001, Avg. Length: 3000.0
Frame: 9300000, Avg. Reward: 0.300, Avg. RL Loss: 0.001, Avg. Length: 3000.0
Frame: 9400000, Avg. Reward: -1.000, Avg. RL Loss: 0.001, Avg. Length: 3000.0
Frame: 9500000, Avg. Reward: 0.400, Avg. RL Loss: 0.001, Avg. Length: 3000.0
Frame: 9600000, Avg. Reward: -0.100, Avg. RL Loss: 0.001, Avg. Length: 3000.0
Frame: 9700000, Avg. Reward: -0.200, Avg. RL Loss: 0.001, Avg. Length: 3000.0
Frame: 9800000, Avg. Reward: 0.000, Avg. RL Loss: 0.001, Avg. Length: 3000.0
Frame: 9900000, Avg. Reward: -0.200, Avg. RL Loss: 0.001, Avg. Length: 3000.0
Frame: 10000000, Avg. Reward: 0.800, Avg. RL Loss: 0.001, Avg. Length: 3000.0
Frame: 10100000, Avg. Reward: -1.400, Avg. RL Loss: 0.001, Avg. Length: 3000.0
Frame: 10200000, Avg. Reward: -1.600, Avg. RL Loss: 0.001, Avg. Length: 3000.0
Frame: 10300000, Avg. Reward: 0.600, Avg. RL Loss: 0.001, Avg. Length: 3000.0
Frame: 10400000, Avg. Reward: 1.100, Avg. RL Loss: 0.001, Avg. Length: 3000.0
Frame: 10500000, Avg. Reward: 1.000, Avg. RL Loss: 0.001, Avg. Length: 3000.0
Frame: 10600000, Avg. Reward: 0.400, Avg. RL Loss: 0.001, Avg. Length: 3000.0
Frame: 10700000, Avg. Reward: 0.100, Avg. RL Loss: 0.001, Avg. Length: 3000.0
Frame: 10800000, Avg. Reward: 0.300, Avg. RL Loss: 0.000, Avg. Length: 3000.0
Frame: 10900000, Avg. Reward: 0.200, Avg. RL Loss: 0.001, Avg. Length: 3000.0
Frame: 11000000, Avg. Reward: 0.100, Avg. RL Loss: 0.001, Avg. Length: 3000.0
Frame: 11100000, Avg. Reward: -0.300, Avg. RL Loss: 0.001, Avg. Length: 3000.0
Frame: 11200000, Avg. Reward: -0.700, Avg. RL Loss: 0.000, Avg. Length: 3000.0
Frame: 11300000, Avg. Reward: 0.300, Avg. RL Loss: 0.000, Avg. Length: 3000.0
Frame: 11400000, Avg. Reward: 0.000, Avg. RL Loss: 0.000, Avg. Length: 3000.0
Frame: 11500000, Avg. Reward: 0.000, Avg. RL Loss: 0.000, Avg. Length: 3000.0
Frame: 11600000, Avg. Reward: -1.800, Avg. RL Loss: 0.000, Avg. Length: 3000.0
Frame: 11700000, Avg. Reward: 0.400, Avg. RL Loss: 0.001, Avg. Length: 3000.0
Frame: 11800000, Avg. Reward: -1.000, Avg. RL Loss: 0.001, Avg. Length: 3000.0
Frame: 11900000, Avg. Reward: 0.400, Avg. RL Loss: 0.001, Avg. Length: 3000.0
Frame: 12000000, Avg. Reward: 0.000, Avg. RL Loss: 0.001, Avg. Length: 3000.0
Frame: 12100000, Avg. Reward: -0.700, Avg. RL Loss: 0.001, Avg. Length: 3000.0
Frame: 12200000, Avg. Reward: 0.300, Avg. RL Loss: 0.000, Avg. Length: 3000.0
Frame: 12300000, Avg. Reward: 0.000, Avg. RL Loss: 0.000, Avg. Length: 3000.0
Frame: 12400000, Avg. Reward: 0.500, Avg. RL Loss: 0.000, Avg. Length: 3000.0
Frame: 12500000, Avg. Reward: 0.100, Avg. RL Loss: 0.000, Avg. Length: 3000.0
Frame: 12600000, Avg. Reward: -0.500, Avg. RL Loss: 0.000, Avg. Length: 3000.0
Frame: 12700000, Avg. Reward: -0.200, Avg. RL Loss: 0.000, Avg. Length: 3000.0
Frame: 12800000, Avg. Reward: 0.800, Avg. RL Loss: 0.000, Avg. Length: 3000.0
Frame: 12900000, Avg. Reward: 0.100, Avg. RL Loss: 0.000, Avg. Length: 3000.0
Frame: 13000000, Avg. Reward: 0.300, Avg. RL Loss: 0.000, Avg. Length: 3000.0
Frame: 13100000, Avg. Reward: 0.200, Avg. RL Loss: 0.000, Avg. Length: 3000.0
Frame: 13200000, Avg. Reward: -0.100, Avg. RL Loss: 0.000, Avg. Length: 3000.0
Frame: 13300000, Avg. Reward: -1.100, Avg. RL Loss: 0.000, Avg. Length: 3000.0
Frame: 13400000, Avg. Reward: 0.500, Avg. RL Loss: 0.000, Avg. Length: 3000.0
Frame: 13500000, Avg. Reward: -1.600, Avg. RL Loss: 0.000, Avg. Length: 3000.0
Frame: 13600000, Avg. Reward: 0.100, Avg. RL Loss: 0.000, Avg. Length: 3000.0
Frame: 13700000, Avg. Reward: 0.400, Avg. RL Loss: 0.000, Avg. Length: 3000.0
Frame: 13800000, Avg. Reward: 0.200, Avg. RL Loss: 0.000, Avg. Length: 3000.0
Frame: 13900000, Avg. Reward: -0.200, Avg. RL Loss: 0.000, Avg. Length: 3000.0
Frame: 14000000, Avg. Reward: -1.200, Avg. RL Loss: 0.000, Avg. Length: 3000.0
Frame: 14100000, Avg. Reward: 0.000, Avg. RL Loss: 0.001, Avg. Length: 3000.0
Frame: 14200000, Avg. Reward: -0.100, Avg. RL Loss: 0.001, Avg. Length: 3000.0
Frame: 14300000, Avg. Reward: 0.100, Avg. RL Loss: 0.001, Avg. Length: 3000.0
Frame: 14400000, Avg. Reward: 0.600, Avg. RL Loss: 0.001, Avg. Length: 3000.0
Frame: 14500000, Avg. Reward: -0.300, Avg. RL Loss: 0.001, Avg. Length: 3000.0
Frame: 14600000, Avg. Reward: 0.400, Avg. RL Loss: 0.001, Avg. Length: 3000.0
Frame: 14700000, Avg. Reward: -0.600, Avg. RL Loss: 0.001, Avg. Length: 3000.0
Frame: 14800000, Avg. Reward: -1.200, Avg. RL Loss: 0.001, Avg. Length: 3000.0
Frame: 14900000, Avg. Reward: 0.200, Avg. RL Loss: 0.001, Avg. Length: 3000.0
Frame: 15000000, Avg. Reward: 0.000, Avg. RL Loss: 0.001, Avg. Length: 3000.0
Frame: 15100000, Avg. Reward: -0.100, Avg. RL Loss: 0.001, Avg. Length: 3000.0
Frame: 15200000, Avg. Reward: -0.400, Avg. RL Loss: 0.001, Avg. Length: 3000.0
Frame: 15300000, Avg. Reward: 0.300, Avg. RL Loss: 0.001, Avg. Length: 3000.0
Frame: 15400000, Avg. Reward: -0.600, Avg. RL Loss: 0.001, Avg. Length: 3000.0
Frame: 15500000, Avg. Reward: 0.300, Avg. RL Loss: 0.001, Avg. Length: 3000.0
Frame: 15600000, Avg. Reward: 0.400, Avg. RL Loss: 0.001, Avg. Length: 3000.0
Frame: 15700000, Avg. Reward: 0.000, Avg. RL Loss: 0.001, Avg. Length: 3000.0
Frame: 15800000, Avg. Reward: 0.000, Avg. RL Loss: 0.001, Avg. Length: 3000.0
Frame: 15900000, Avg. Reward: 0.400, Avg. RL Loss: 0.001, Avg. Length: 3000.0
Frame: 16000000, Avg. Reward: 0.200, Avg. RL Loss: 0.001, Avg. Length: 3000.0
Frame: 16100000, Avg. Reward: 0.100, Avg. RL Loss: 0.001, Avg. Length: 3000.0
Frame: 16200000, Avg. Reward: -0.100, Avg. RL Loss: 0.001, Avg. Length: 3000.0
Frame: 16300000, Avg. Reward: 0.200, Avg. RL Loss: 0.000, Avg. Length: 3000.0
Frame: 16400000, Avg. Reward: 0.000, Avg. RL Loss: 0.000, Avg. Length: 3000.0
Frame: 16500000, Avg. Reward: 0.400, Avg. RL Loss: 0.000, Avg. Length: 3000.0
Frame: 16600000, Avg. Reward: 0.100, Avg. RL Loss: 0.000, Avg. Length: 3000.0
Frame: 16700000, Avg. Reward: 0.300, Avg. RL Loss: 0.000, Avg. Length: 3000.0
Frame: 16800000, Avg. Reward: 0.000, Avg. RL Loss: 0.000, Avg. Length: 3000.0
Frame: 16900000, Avg. Reward: 0.400, Avg. RL Loss: 0.000, Avg. Length: 3000.0
Frame: 17000000, Avg. Reward: 0.400, Avg. RL Loss: 0.000, Avg. Length: 3000.0
Frame: 17100000, Avg. Reward: 1.100, Avg. RL Loss: 0.000, Avg. Length: 3000.0
Frame: 17200000, Avg. Reward: -0.400, Avg. RL Loss: 0.000, Avg. Length: 3000.0
Frame: 17300000, Avg. Reward: 0.200, Avg. RL Loss: 0.000, Avg. Length: 3000.0
Frame: 17400000, Avg. Reward: -0.500, Avg. RL Loss: 0.000, Avg. Length: 3000.0
Frame: 17500000, Avg. Reward: -0.500, Avg. RL Loss: 0.000, Avg. Length: 3000.0
Frame: 17600000, Avg. Reward: 0.200, Avg. RL Loss: 0.001, Avg. Length: 3000.0
Frame: 17700000, Avg. Reward: -0.400, Avg. RL Loss: 0.000, Avg. Length: 3000.0
Frame: 17800000, Avg. Reward: 0.300, Avg. RL Loss: 0.001, Avg. Length: 3000.0
Frame: 17900000, Avg. Reward: 0.100, Avg. RL Loss: 0.001, Avg. Length: 3000.0
Frame: 18000000, Avg. Reward: 0.100, Avg. RL Loss: 0.001, Avg. Length: 3000.0
Frame: 18100000, Avg. Reward: -0.100, Avg. RL Loss: 0.001, Avg. Length: 3000.0
Frame: 18200000, Avg. Reward: -0.100, Avg. RL Loss: 0.001, Avg. Length: 3000.0
Frame: 18300000, Avg. Reward: -0.800, Avg. RL Loss: 0.001, Avg. Length: 3000.0
Frame: 18400000, Avg. Reward: 0.200, Avg. RL Loss: 0.001, Avg. Length: 3000.0
Frame: 18500000, Avg. Reward: -0.100, Avg. RL Loss: 0.000, Avg. Length: 3000.0
Frame: 18600000, Avg. Reward: 0.300, Avg. RL Loss: 0.001, Avg. Length: 3000.0
Frame: 18700000, Avg. Reward: 0.800, Avg. RL Loss: 0.001, Avg. Length: 3000.0
Frame: 18800000, Avg. Reward: 0.300, Avg. RL Loss: 0.001, Avg. Length: 3000.0
Frame: 18900000, Avg. Reward: 0.600, Avg. RL Loss: 0.001, Avg. Length: 3000.0
Frame: 19000000, Avg. Reward: 0.100, Avg. RL Loss: 0.001, Avg. Length: 3000.0
Frame: 19100000, Avg. Reward: 0.100, Avg. RL Loss: 0.001, Avg. Length: 3000.0
Frame: 19200000, Avg. Reward: 0.000, Avg. RL Loss: 0.001, Avg. Length: 3000.0
Frame: 19300000, Avg. Reward: 0.600, Avg. RL Loss: 0.001, Avg. Length: 3000.0
Frame: 19400000, Avg. Reward: -0.300, Avg. RL Loss: 0.001, Avg. Length: 3000.0
Frame: 19500000, Avg. Reward: 0.700, Avg. RL Loss: 0.001, Avg. Length: 3000.0
Frame: 19600000, Avg. Reward: 0.100, Avg. RL Loss: 0.001, Avg. Length: 3000.0
Frame: 19700000, Avg. Reward: 0.800, Avg. RL Loss: 0.001, Avg. Length: 3000.0
Frame: 19800000, Avg. Reward: 1.100, Avg. RL Loss: 0.000, Avg. Length: 3000.0
Frame: 19900000, Avg. Reward: 0.200, Avg. RL Loss: 0.000, Avg. Length: 3000.0
Frame: 20000000, Avg. Reward: -0.400, Avg. RL Loss: 0.000, Avg. Length: 3000.0
Frame: 20100000, Avg. Reward: -0.700, Avg. RL Loss: 0.000, Avg. Length: 3000.0
Frame: 20200000, Avg. Reward: -0.100, Avg. RL Loss: 0.000, Avg. Length: 3000.0
Frame: 20300000, Avg. Reward: 0.200, Avg. RL Loss: 0.001, Avg. Length: 3000.0
Frame: 20400000, Avg. Reward: -0.400, Avg. RL Loss: 0.001, Avg. Length: 3000.0
Frame: 20500000, Avg. Reward: -0.300, Avg. RL Loss: 0.001, Avg. Length: 3000.0
Frame: 20600000, Avg. Reward: 0.200, Avg. RL Loss: 0.001, Avg. Length: 3000.0
Frame: 20700000, Avg. Reward: -1.200, Avg. RL Loss: 0.001, Avg. Length: 3000.0
Frame: 20800000, Avg. Reward: -0.800, Avg. RL Loss: 0.001, Avg. Length: 3000.0
Frame: 20900000, Avg. Reward: 0.300, Avg. RL Loss: 0.001, Avg. Length: 3000.0
Frame: 21000000, Avg. Reward: 0.700, Avg. RL Loss: 0.001, Avg. Length: 3000.0
Frame: 21100000, Avg. Reward: 0.400, Avg. RL Loss: 0.001, Avg. Length: 3000.0
Frame: 21200000, Avg. Reward: 0.100, Avg. RL Loss: 0.001, Avg. Length: 3000.0
Frame: 21300000, Avg. Reward: 0.300, Avg. RL Loss: 0.001, Avg. Length: 3000.0
Frame: 21400000, Avg. Reward: 0.200, Avg. RL Loss: 0.001, Avg. Length: 3000.0
Frame: 21500000, Avg. Reward: 0.000, Avg. RL Loss: 0.001, Avg. Length: 3000.0
Frame: 21600000, Avg. Reward: 0.600, Avg. RL Loss: 0.001, Avg. Length: 3000.0
Frame: 21700000, Avg. Reward: -0.100, Avg. RL Loss: 0.001, Avg. Length: 3000.0
Frame: 21800000, Avg. Reward: 0.100, Avg. RL Loss: 0.001, Avg. Length: 3000.0
Frame: 21900000, Avg. Reward: -0.300, Avg. RL Loss: 0.001, Avg. Length: 3000.0
Frame: 22000000, Avg. Reward: 0.700, Avg. RL Loss: 0.001, Avg. Length: 3000.0
Frame: 22100000, Avg. Reward: 0.500, Avg. RL Loss: 0.000, Avg. Length: 3000.0
Frame: 22200000, Avg. Reward: -0.300, Avg. RL Loss: 0.001, Avg. Length: 3000.0
Frame: 22300000, Avg. Reward: 0.200, Avg. RL Loss: 0.001, Avg. Length: 3000.0
Frame: 22400000, Avg. Reward: 0.600, Avg. RL Loss: 0.001, Avg. Length: 3000.0
Frame: 22500000, Avg. Reward: 0.400, Avg. RL Loss: 0.000, Avg. Length: 3000.0
Frame: 22600000, Avg. Reward: 0.700, Avg. RL Loss: 0.000, Avg. Length: 3000.0
Frame: 22700000, Avg. Reward: 0.100, Avg. RL Loss: 0.000, Avg. Length: 3000.0
Frame: 22800000, Avg. Reward: 0.300, Avg. RL Loss: 0.001, Avg. Length: 3000.0
Frame: 22900000, Avg. Reward: 0.500, Avg. RL Loss: 0.000, Avg. Length: 3000.0
Frame: 23000000, Avg. Reward: 0.000, Avg. RL Loss: 0.001, Avg. Length: 3000.0
Frame: 23100000, Avg. Reward: 0.300, Avg. RL Loss: 0.001, Avg. Length: 3000.0
Frame: 23200000, Avg. Reward: 0.700, Avg. RL Loss: 0.001, Avg. Length: 3000.0
Frame: 23300000, Avg. Reward: 0.300, Avg. RL Loss: 0.001, Avg. Length: 3000.0
Frame: 23400000, Avg. Reward: -0.800, Avg. RL Loss: 0.001, Avg. Length: 3000.0
Frame: 23500000, Avg. Reward: 0.400, Avg. RL Loss: 0.001, Avg. Length: 3000.0
Frame: 23600000, Avg. Reward: -0.300, Avg. RL Loss: 0.001, Avg. Length: 3000.0
Frame: 23700000, Avg. Reward: 0.100, Avg. RL Loss: 0.001, Avg. Length: 3000.0
Frame: 23800000, Avg. Reward: 0.000, Avg. RL Loss: 0.001, Avg. Length: 3000.0
Frame: 23900000, Avg. Reward: -0.800, Avg. RL Loss: 0.001, Avg. Length: 3000.0
Frame: 24000000, Avg. Reward: 0.200, Avg. RL Loss: 0.001, Avg. Length: 3000.0
Frame: 24100000, Avg. Reward: 0.200, Avg. RL Loss: 0.001, Avg. Length: 3000.0
Frame: 24200000, Avg. Reward: 0.400, Avg. RL Loss: 0.001, Avg. Length: 3000.0
Frame: 24300000, Avg. Reward: -0.600, Avg. RL Loss: 0.001, Avg. Length: 3000.0
Frame: 24400000, Avg. Reward: -1.100, Avg. RL Loss: 0.001, Avg. Length: 3000.0
Frame: 24500000, Avg. Reward: 1.200, Avg. RL Loss: 0.001, Avg. Length: 3000.0
Frame: 24600000, Avg. Reward: 0.100, Avg. RL Loss: 0.001, Avg. Length: 3000.0
Frame: 24700000, Avg. Reward: 0.400, Avg. RL Loss: 0.001, Avg. Length: 3000.0
Frame: 24800000, Avg. Reward: 0.400, Avg. RL Loss: 0.001, Avg. Length: 3000.0
Frame: 24900000, Avg. Reward: 0.000, Avg. RL Loss: 0.001, Avg. Length: 3000.0
Frame: 25000000, Avg. Reward: 0.200, Avg. RL Loss: 0.001, Avg. Length: 3000.0
Frame: 25100000, Avg. Reward: 0.600, Avg. RL Loss: 0.001, Avg. Length: 3000.0
Frame: 25200000, Avg. Reward: 0.400, Avg. RL Loss: 0.001, Avg. Length: 3000.0
Frame: 25300000, Avg. Reward: 0.500, Avg. RL Loss: 0.001, Avg. Length: 3000.0
Frame: 25400000, Avg. Reward: 0.600, Avg. RL Loss: 0.001, Avg. Length: 3000.0
Frame: 25500000, Avg. Reward: 0.000, Avg. RL Loss: 0.001, Avg. Length: 3000.0
Frame: 25600000, Avg. Reward: 0.200, Avg. RL Loss: 0.001, Avg. Length: 3000.0
Frame: 25700000, Avg. Reward: 0.200, Avg. RL Loss: 0.001, Avg. Length: 3000.0
Frame: 25800000, Avg. Reward: 0.000, Avg. RL Loss: 0.001, Avg. Length: 3000.0
Frame: 25900000, Avg. Reward: -0.200, Avg. RL Loss: 0.001, Avg. Length: 3000.0
Frame: 26000000, Avg. Reward: 0.400, Avg. RL Loss: 0.001, Avg. Length: 3000.0
Frame: 26100000, Avg. Reward: -0.300, Avg. RL Loss: 0.001, Avg. Length: 3000.0
Frame: 26200000, Avg. Reward: 0.500, Avg. RL Loss: 0.001, Avg. Length: 3000.0
Frame: 26300000, Avg. Reward: 0.800, Avg. RL Loss: 0.001, Avg. Length: 3000.0
Frame: 26400000, Avg. Reward: 0.500, Avg. RL Loss: 0.001, Avg. Length: 3000.0
Frame: 26500000, Avg. Reward: -0.300, Avg. RL Loss: 0.001, Avg. Length: 3000.0
Frame: 26600000, Avg. Reward: -0.100, Avg. RL Loss: 0.001, Avg. Length: 3000.0
Frame: 26700000, Avg. Reward: 0.200, Avg. RL Loss: 0.001, Avg. Length: 3000.0
Frame: 26800000, Avg. Reward: 0.500, Avg. RL Loss: 0.001, Avg. Length: 2882.0
Frame: 26900000, Avg. Reward: -1.600, Avg. RL Loss: 0.001, Avg. Length: 3000.0
Frame: 27000000, Avg. Reward: 0.200, Avg. RL Loss: 0.001, Avg. Length: 3000.0
Frame: 27100000, Avg. Reward: 0.700, Avg. RL Loss: 0.001, Avg. Length: 3000.0
Frame: 27200000, Avg. Reward: 0.700, Avg. RL Loss: 0.001, Avg. Length: 3000.0
Frame: 27300000, Avg. Reward: 0.700, Avg. RL Loss: 0.001, Avg. Length: 3000.0
Frame: 27400000, Avg. Reward: 0.600, Avg. RL Loss: 0.001, Avg. Length: 3000.0
Frame: 27500000, Avg. Reward: 0.100, Avg. RL Loss: 0.001, Avg. Length: 3000.0
Frame: 27600000, Avg. Reward: 0.300, Avg. RL Loss: 0.001, Avg. Length: 3000.0
Frame: 27700000, Avg. Reward: 0.100, Avg. RL Loss: 0.001, Avg. Length: 3000.0
Frame: 27800000, Avg. Reward: 0.400, Avg. RL Loss: 0.001, Avg. Length: 3000.0
Frame: 27900000, Avg. Reward: -0.300, Avg. RL Loss: 0.001, Avg. Length: 3000.0
Frame: 28000000, Avg. Reward: 0.100, Avg. RL Loss: 0.001, Avg. Length: 3000.0
Frame: 28100000, Avg. Reward: -0.200, Avg. RL Loss: 0.001, Avg. Length: 3000.0
Frame: 28200000, Avg. Reward: 0.400, Avg. RL Loss: 0.001, Avg. Length: 3000.0
Frame: 28300000, Avg. Reward: 0.400, Avg. RL Loss: 0.001, Avg. Length: 3000.0
Frame: 28400000, Avg. Reward: 0.200, Avg. RL Loss: 0.001, Avg. Length: 3000.0
Frame: 28500000, Avg. Reward: 0.700, Avg. RL Loss: 0.001, Avg. Length: 3000.0
Frame: 28600000, Avg. Reward: 0.900, Avg. RL Loss: 0.001, Avg. Length: 3000.0
Frame: 28700000, Avg. Reward: 0.500, Avg. RL Loss: 0.001, Avg. Length: 3000.0
Frame: 28800000, Avg. Reward: 0.400, Avg. RL Loss: 0.001, Avg. Length: 3000.0
Frame: 28900000, Avg. Reward: 0.500, Avg. RL Loss: 0.001, Avg. Length: 3000.0
Frame: 29000000, Avg. Reward: 0.300, Avg. RL Loss: 0.001, Avg. Length: 3000.0
Frame: 29100000, Avg. Reward: 0.000, Avg. RL Loss: 0.001, Avg. Length: 3000.0
Frame: 29200000, Avg. Reward: 0.400, Avg. RL Loss: 0.001, Avg. Length: 3000.0
Frame: 29300000, Avg. Reward: 0.700, Avg. RL Loss: 0.001, Avg. Length: 3000.0
Frame: 29400000, Avg. Reward: 0.100, Avg. RL Loss: 0.001, Avg. Length: 3000.0
Frame: 29500000, Avg. Reward: 0.700, Avg. RL Loss: 0.000, Avg. Length: 3000.0
Frame: 29600000, Avg. Reward: 0.800, Avg. RL Loss: 0.000, Avg. Length: 3000.0
Frame: 29700000, Avg. Reward: 0.600, Avg. RL Loss: 0.001, Avg. Length: 3000.0
Frame: 29800000, Avg. Reward: 0.000, Avg. RL Loss: 0.001, Avg. Length: 3000.0
Frame: 29900000, Avg. Reward: 0.100, Avg. RL Loss: 0.001, Avg. Length: 3000.0
Frame: 30000000, Avg. Reward: 0.400, Avg. RL Loss: 0.001, Avg. Length: 3000.0
Frame: 30100000, Avg. Reward: 0.100, Avg. RL Loss: 0.001, Avg. Length: 3000.0
Frame: 30200000, Avg. Reward: 0.600, Avg. RL Loss: 0.001, Avg. Length: 3000.0
Frame: 30300000, Avg. Reward: -0.400, Avg. RL Loss: 0.001, Avg. Length: 3000.0
Frame: 30400000, Avg. Reward: -0.400, Avg. RL Loss: 0.001, Avg. Length: 3000.0
Frame: 30500000, Avg. Reward: 0.200, Avg. RL Loss: 0.001, Avg. Length: 3000.0
Frame: 30600000, Avg. Reward: -0.800, Avg. RL Loss: 0.001, Avg. Length: 3000.0
Frame: 30700000, Avg. Reward: 0.400, Avg. RL Loss: 0.001, Avg. Length: 3000.0
Frame: 30800000, Avg. Reward: 0.500, Avg. RL Loss: 0.001, Avg. Length: 3000.0
Frame: 30900000, Avg. Reward: 0.400, Avg. RL Loss: 0.001, Avg. Length: 3000.0
Frame: 31000000, Avg. Reward: 0.700, Avg. RL Loss: 0.001, Avg. Length: 3000.0
Frame: 31100000, Avg. Reward: 0.700, Avg. RL Loss: 0.001, Avg. Length: 3000.0
Frame: 31200000, Avg. Reward: 0.300, Avg. RL Loss: 0.001, Avg. Length: 3000.0
Frame: 31300000, Avg. Reward: 0.100, Avg. RL Loss: 0.001, Avg. Length: 3000.0
Frame: 31400000, Avg. Reward: 0.200, Avg. RL Loss: 0.001, Avg. Length: 3000.0
Frame: 31500000, Avg. Reward: -0.800, Avg. RL Loss: 0.001, Avg. Length: 3000.0
Frame: 31600000, Avg. Reward: -0.700, Avg. RL Loss: 0.001, Avg. Length: 3000.0
Frame: 31700000, Avg. Reward: 0.500, Avg. RL Loss: 0.001, Avg. Length: 3000.0
Frame: 31800000, Avg. Reward: 0.400, Avg. RL Loss: 0.001, Avg. Length: 3000.0
Frame: 31900000, Avg. Reward: -0.400, Avg. RL Loss: 0.001, Avg. Length: 3000.0
Frame: 32000000, Avg. Reward: -0.400, Avg. RL Loss: 0.001, Avg. Length: 3000.0
Frame: 32100000, Avg. Reward: 0.300, Avg. RL Loss: 0.001, Avg. Length: 3000.0
Frame: 32200000, Avg. Reward: 0.000, Avg. RL Loss: 0.001, Avg. Length: 3000.0
Frame: 32300000, Avg. Reward: 0.600, Avg. RL Loss: 0.001, Avg. Length: 3000.0
Frame: 32400000, Avg. Reward: -0.300, Avg. RL Loss: 0.001, Avg. Length: 3000.0
Frame: 32500000, Avg. Reward: 0.100, Avg. RL Loss: 0.001, Avg. Length: 3000.0
Frame: 32600000, Avg. Reward: 0.600, Avg. RL Loss: 0.001, Avg. Length: 3000.0
Frame: 32700000, Avg. Reward: 0.100, Avg. RL Loss: 0.001, Avg. Length: 3000.0
Frame: 32800000, Avg. Reward: 0.700, Avg. RL Loss: 0.001, Avg. Length: 3000.0
Frame: 32900000, Avg. Reward: 0.500, Avg. RL Loss: 0.001, Avg. Length: 3000.0
Frame: 33000000, Avg. Reward: 0.400, Avg. RL Loss: 0.001, Avg. Length: 3000.0
Frame: 33100000, Avg. Reward: 0.300, Avg. RL Loss: 0.001, Avg. Length: 3000.0
Frame: 33200000, Avg. Reward: 0.300, Avg. RL Loss: 0.001, Avg. Length: 3000.0
Frame: 33300000, Avg. Reward: 0.100, Avg. RL Loss: 0.000, Avg. Length: 3000.0
Frame: 33400000, Avg. Reward: -0.500, Avg. RL Loss: 0.000, Avg. Length: 3000.0
Frame: 33500000, Avg. Reward: 0.500, Avg. RL Loss: 0.001, Avg. Length: 3000.0
Frame: 33600000, Avg. Reward: 0.500, Avg. RL Loss: 0.000, Avg. Length: 3000.0
Frame: 33700000, Avg. Reward: 0.200, Avg. RL Loss: 0.001, Avg. Length: 3000.0
Frame: 33800000, Avg. Reward: 0.200, Avg. RL Loss: 0.001, Avg. Length: 3000.0
Frame: 33900000, Avg. Reward: 0.700, Avg. RL Loss: 0.001, Avg. Length: 3000.0
Frame: 34000000, Avg. Reward: 0.200, Avg. RL Loss: 0.001, Avg. Length: 3000.0
Frame: 34100000, Avg. Reward: -0.200, Avg. RL Loss: 0.001, Avg. Length: 3000.0
Frame: 34200000, Avg. Reward: 0.800, Avg. RL Loss: 0.001, Avg. Length: 3000.0
Frame: 34300000, Avg. Reward: 0.000, Avg. RL Loss: 0.001, Avg. Length: 3000.0
Frame: 34400000, Avg. Reward: -1.100, Avg. RL Loss: 0.000, Avg. Length: 2917.8
Frame: 34500000, Avg. Reward: 0.700, Avg. RL Loss: 0.000, Avg. Length: 3000.0
Frame: 34600000, Avg. Reward: 0.500, Avg. RL Loss: 0.000, Avg. Length: 3000.0
Frame: 34700000, Avg. Reward: 0.100, Avg. RL Loss: 0.001, Avg. Length: 3000.0
Frame: 34800000, Avg. Reward: 0.400, Avg. RL Loss: 0.001, Avg. Length: 3000.0
Frame: 34900000, Avg. Reward: 0.200, Avg. RL Loss: 0.001, Avg. Length: 3000.0
Frame: 35000000, Avg. Reward: 0.400, Avg. RL Loss: 0.001, Avg. Length: 3000.0
Frame: 35100000, Avg. Reward: -0.400, Avg. RL Loss: 0.001, Avg. Length: 3000.0
Frame: 35200000, Avg. Reward: 0.600, Avg. RL Loss: 0.001, Avg. Length: 3000.0
Frame: 35300000, Avg. Reward: 0.000, Avg. RL Loss: 0.001, Avg. Length: 3000.0
Frame: 35400000, Avg. Reward: 0.300, Avg. RL Loss: 0.001, Avg. Length: 3000.0
Frame: 35500000, Avg. Reward: 0.100, Avg. RL Loss: 0.001, Avg. Length: 3000.0
Frame: 35600000, Avg. Reward: 0.900, Avg. RL Loss: 0.001, Avg. Length: 3000.0
Frame: 35700000, Avg. Reward: 0.800, Avg. RL Loss: 0.001, Avg. Length: 3000.0
Frame: 35800000, Avg. Reward: -0.200, Avg. RL Loss: 0.001, Avg. Length: 3000.0
Frame: 35900000, Avg. Reward: -0.500, Avg. RL Loss: 0.001, Avg. Length: 3000.0
Frame: 36000000, Avg. Reward: 0.100, Avg. RL Loss: 0.001, Avg. Length: 3000.0
Frame: 36100000, Avg. Reward: 0.600, Avg. RL Loss: 0.001, Avg. Length: 3000.0
Frame: 36200000, Avg. Reward: 0.000, Avg. RL Loss: 0.001, Avg. Length: 3000.0
Frame: 36300000, Avg. Reward: 0.600, Avg. RL Loss: 0.001, Avg. Length: 3000.0
Frame: 36400000, Avg. Reward: 0.100, Avg. RL Loss: 0.001, Avg. Length: 3000.0
Frame: 36500000, Avg. Reward: 0.100, Avg. RL Loss: 0.001, Avg. Length: 3000.0
Frame: 36600000, Avg. Reward: 0.600, Avg. RL Loss: 0.001, Avg. Length: 3000.0
Frame: 36700000, Avg. Reward: 0.200, Avg. RL Loss: 0.001, Avg. Length: 3000.0
Frame: 36800000, Avg. Reward: -0.700, Avg. RL Loss: 0.000, Avg. Length: 3000.0
Frame: 36900000, Avg. Reward: 0.300, Avg. RL Loss: 0.000, Avg. Length: 3000.0
Frame: 37000000, Avg. Reward: -0.800, Avg. RL Loss: 0.000, Avg. Length: 3000.0
Frame: 37100000, Avg. Reward: 0.300, Avg. RL Loss: 0.000, Avg. Length: 3000.0
Frame: 37200000, Avg. Reward: 0.300, Avg. RL Loss: 0.000, Avg. Length: 3000.0
Frame: 37300000, Avg. Reward: 0.000, Avg. RL Loss: 0.000, Avg. Length: 3000.0
Frame: 37400000, Avg. Reward: 0.300, Avg. RL Loss: 0.000, Avg. Length: 3000.0
Frame: 37500000, Avg. Reward: 0.200, Avg. RL Loss: 0.000, Avg. Length: 3000.0
Frame: 37600000, Avg. Reward: 0.100, Avg. RL Loss: 0.001, Avg. Length: 3000.0
Frame: 37700000, Avg. Reward: 0.100, Avg. RL Loss: 0.001, Avg. Length: 3000.0
Frame: 37800000, Avg. Reward: 0.500, Avg. RL Loss: 0.001, Avg. Length: 3000.0
Frame: 37900000, Avg. Reward: 0.600, Avg. RL Loss: 0.001, Avg. Length: 3000.0
Frame: 38000000, Avg. Reward: 0.500, Avg. RL Loss: 0.001, Avg. Length: 3000.0
Frame: 38100000, Avg. Reward: 0.100, Avg. RL Loss: 0.001, Avg. Length: 3000.0
Frame: 38200000, Avg. Reward: 0.300, Avg. RL Loss: 0.001, Avg. Length: 3000.0
Frame: 38300000, Avg. Reward: 0.100, Avg. RL Loss: 0.001, Avg. Length: 3000.0
Frame: 38400000, Avg. Reward: 0.700, Avg. RL Loss: 0.001, Avg. Length: 3000.0
Frame: 38500000, Avg. Reward: -0.100, Avg. RL Loss: 0.001, Avg. Length: 3000.0
Frame: 38600000, Avg. Reward: 0.700, Avg. RL Loss: 0.001, Avg. Length: 3000.0
Frame: 38700000, Avg. Reward: 0.300, Avg. RL Loss: 0.001, Avg. Length: 3000.0
Frame: 38800000, Avg. Reward: -0.100, Avg. RL Loss: 0.001, Avg. Length: 3000.0
Frame: 38900000, Avg. Reward: 0.400, Avg. RL Loss: 0.001, Avg. Length: 3000.0
Frame: 39000000, Avg. Reward: -0.500, Avg. RL Loss: 0.001, Avg. Length: 3000.0
Frame: 39100000, Avg. Reward: -0.500, Avg. RL Loss: 0.001, Avg. Length: 3000.0
Frame: 39200000, Avg. Reward: 0.700, Avg. RL Loss: 0.001, Avg. Length: 3000.0
Frame: 39300000, Avg. Reward: 0.300, Avg. RL Loss: 0.001, Avg. Length: 3000.0
Frame: 39400000, Avg. Reward: 0.500, Avg. RL Loss: 0.001, Avg. Length: 3000.0
Frame: 39500000, Avg. Reward: -0.200, Avg. RL Loss: 0.001, Avg. Length: 3000.0
Frame: 39600000, Avg. Reward: 0.600, Avg. RL Loss: 0.001, Avg. Length: 3000.0
Frame: 39700000, Avg. Reward: 0.500, Avg. RL Loss: 0.001, Avg. Length: 3000.0
Frame: 39800000, Avg. Reward: -2.200, Avg. RL Loss: 0.001, Avg. Length: 2804.6
Frame: 39900000, Avg. Reward: -0.400, Avg. RL Loss: 0.001, Avg. Length: 3000.0
Frame: 40000000, Avg. Reward: 0.300, Avg. RL Loss: 0.001, Avg. Length: 3000.0
Frame: 40100000, Avg. Reward: 0.300, Avg. RL Loss: 0.001, Avg. Length: 3000.0
Frame: 40200000, Avg. Reward: 0.600, Avg. RL Loss: 0.001, Avg. Length: 3000.0
Frame: 40300000, Avg. Reward: 0.100, Avg. RL Loss: 0.001, Avg. Length: 3000.0
Frame: 40400000, Avg. Reward: 0.000, Avg. RL Loss: 0.001, Avg. Length: 3000.0
Frame: 40500000, Avg. Reward: 0.000, Avg. RL Loss: 0.001, Avg. Length: 3000.0
Frame: 40600000, Avg. Reward: 0.700, Avg. RL Loss: 0.001, Avg. Length: 3000.0
Frame: 40700000, Avg. Reward: 0.400, Avg. RL Loss: 0.001, Avg. Length: 3000.0
Frame: 40800000, Avg. Reward: 0.800, Avg. RL Loss: 0.001, Avg. Length: 3000.0
Frame: 40900000, Avg. Reward: 0.400, Avg. RL Loss: 0.001, Avg. Length: 3000.0
Frame: 41000000, Avg. Reward: 0.300, Avg. RL Loss: 0.001, Avg. Length: 3000.0
Frame: 41100000, Avg. Reward: 0.100, Avg. RL Loss: 0.001, Avg. Length: 3000.0
Frame: 41200000, Avg. Reward: 0.400, Avg. RL Loss: 0.001, Avg. Length: 3000.0
Frame: 41300000, Avg. Reward: -1.300, Avg. RL Loss: 0.001, Avg. Length: 3000.0
Frame: 41400000, Avg. Reward: 0.400, Avg. RL Loss: 0.001, Avg. Length: 3000.0
Frame: 41500000, Avg. Reward: -1.800, Avg. RL Loss: 0.001, Avg. Length: 2927.5
Frame: 41600000, Avg. Reward: -0.500, Avg. RL Loss: 0.001, Avg. Length: 3000.0
Frame: 41700000, Avg. Reward: 0.300, Avg. RL Loss: 0.001, Avg. Length: 3000.0
Frame: 41800000, Avg. Reward: 0.200, Avg. RL Loss: 0.000, Avg. Length: 3000.0
Frame: 41900000, Avg. Reward: 0.100, Avg. RL Loss: 0.000, Avg. Length: 3000.0
Frame: 42000000, Avg. Reward: 0.200, Avg. RL Loss: 0.001, Avg. Length: 3000.0
Frame: 42100000, Avg. Reward: 0.000, Avg. RL Loss: 0.001, Avg. Length: 3000.0
Frame: 42200000, Avg. Reward: 0.000, Avg. RL Loss: 0.001, Avg. Length: 3000.0
Frame: 42300000, Avg. Reward: -0.100, Avg. RL Loss: 0.001, Avg. Length: 3000.0
Frame: 42400000, Avg. Reward: 0.300, Avg. RL Loss: 0.001, Avg. Length: 3000.0
Frame: 42500000, Avg. Reward: 0.600, Avg. RL Loss: 0.000, Avg. Length: 3000.0
Frame: 42600000, Avg. Reward: 0.300, Avg. RL Loss: 0.001, Avg. Length: 3000.0
Frame: 42700000, Avg. Reward: 0.100, Avg. RL Loss: 0.001, Avg. Length: 3000.0
Frame: 42800000, Avg. Reward: 0.200, Avg. RL Loss: 0.001, Avg. Length: 3000.0
Frame: 42900000, Avg. Reward: -0.200, Avg. RL Loss: 0.001, Avg. Length: 3000.0
Frame: 43000000, Avg. Reward: 0.700, Avg. RL Loss: 0.001, Avg. Length: 3000.0
Frame: 43100000, Avg. Reward: 0.300, Avg. RL Loss: 0.001, Avg. Length: 3000.0
Frame: 43200000, Avg. Reward: 0.200, Avg. RL Loss: 0.000, Avg. Length: 3000.0
Frame: 43300000, Avg. Reward: 0.000, Avg. RL Loss: 0.000, Avg. Length: 3000.0
Frame: 43400000, Avg. Reward: 0.100, Avg. RL Loss: 0.000, Avg. Length: 3000.0
Frame: 43500000, Avg. Reward: 0.500, Avg. RL Loss: 0.001, Avg. Length: 3000.0
Frame: 43600000, Avg. Reward: 0.500, Avg. RL Loss: 0.000, Avg. Length: 3000.0
Frame: 43700000, Avg. Reward: 0.000, Avg. RL Loss: 0.000, Avg. Length: 3000.0
Frame: 43800000, Avg. Reward: 0.400, Avg. RL Loss: 0.001, Avg. Length: 3000.0
Frame: 43900000, Avg. Reward: -0.200, Avg. RL Loss: 0.001, Avg. Length: 3000.0
Frame: 44000000, Avg. Reward: 0.600, Avg. RL Loss: 0.000, Avg. Length: 3000.0
Frame: 44100000, Avg. Reward: 0.700, Avg. RL Loss: 0.001, Avg. Length: 3000.0
Frame: 44200000, Avg. Reward: 0.600, Avg. RL Loss: 0.001, Avg. Length: 3000.0
Frame: 44300000, Avg. Reward: 0.200, Avg. RL Loss: 0.001, Avg. Length: 3000.0
Frame: 44400000, Avg. Reward: -0.200, Avg. RL Loss: 0.001, Avg. Length: 3000.0
Frame: 44500000, Avg. Reward: 1.200, Avg. RL Loss: 0.001, Avg. Length: 3000.0
Frame: 44600000, Avg. Reward: 0.500, Avg. RL Loss: 0.001, Avg. Length: 3000.0
Frame: 44700000, Avg. Reward: 0.300, Avg. RL Loss: 0.001, Avg. Length: 3000.0
Frame: 44800000, Avg. Reward: -0.200, Avg. RL Loss: 0.001, Avg. Length: 3000.0
Frame: 44900000, Avg. Reward: -1.000, Avg. RL Loss: 0.001, Avg. Length: 3000.0
Frame: 45000000, Avg. Reward: 0.200, Avg. RL Loss: 0.001, Avg. Length: 3000.0
Frame: 45100000, Avg. Reward: -0.400, Avg. RL Loss: 0.001, Avg. Length: 3000.0
Frame: 45200000, Avg. Reward: -0.200, Avg. RL Loss: 0.001, Avg. Length: 3000.0
Frame: 45300000, Avg. Reward: 0.600, Avg. RL Loss: 0.001, Avg. Length: 3000.0
Frame: 45400000, Avg. Reward: 0.800, Avg. RL Loss: 0.001, Avg. Length: 3000.0
Frame: 45500000, Avg. Reward: 0.700, Avg. RL Loss: 0.001, Avg. Length: 3000.0
Frame: 45600000, Avg. Reward: 1.200, Avg. RL Loss: 0.001, Avg. Length: 3000.0
Frame: 45700000, Avg. Reward: 0.800, Avg. RL Loss: 0.001, Avg. Length: 3000.0
Frame: 45800000, Avg. Reward: 0.000, Avg. RL Loss: 0.001, Avg. Length: 3000.0
Frame: 45900000, Avg. Reward: -0.700, Avg. RL Loss: 0.001, Avg. Length: 3000.0
Frame: 46000000, Avg. Reward: -0.200, Avg. RL Loss: 0.001, Avg. Length: 3000.0
Frame: 46100000, Avg. Reward: 0.100, Avg. RL Loss: 0.001, Avg. Length: 3000.0
Frame: 46200000, Avg. Reward: 0.600, Avg. RL Loss: 0.001, Avg. Length: 3000.0
Frame: 46300000, Avg. Reward: 0.400, Avg. RL Loss: 0.001, Avg. Length: 3000.0
Frame: 46400000, Avg. Reward: 0.200, Avg. RL Loss: 0.000, Avg. Length: 3000.0
Frame: 46500000, Avg. Reward: 0.500, Avg. RL Loss: 0.001, Avg. Length: 3000.0
Frame: 46600000, Avg. Reward: 0.800, Avg. RL Loss: 0.001, Avg. Length: 3000.0
Frame: 46700000, Avg. Reward: -0.100, Avg. RL Loss: 0.001, Avg. Length: 3000.0
Frame: 46800000, Avg. Reward: 0.800, Avg. RL Loss: 0.001, Avg. Length: 3000.0
Frame: 46900000, Avg. Reward: 0.500, Avg. RL Loss: 0.001, Avg. Length: 3000.0
Frame: 47000000, Avg. Reward: -1.500, Avg. RL Loss: 0.001, Avg. Length: 3000.0
Frame: 47100000, Avg. Reward: 0.100, Avg. RL Loss: 0.001, Avg. Length: 3000.0
Frame: 47200000, Avg. Reward: 0.500, Avg. RL Loss: 0.001, Avg. Length: 3000.0
Frame: 47300000, Avg. Reward: 0.800, Avg. RL Loss: 0.001, Avg. Length: 3000.0
Frame: 47400000, Avg. Reward: 0.600, Avg. RL Loss: 0.001, Avg. Length: 3000.0
Frame: 47500000, Avg. Reward: -0.100, Avg. RL Loss: 0.001, Avg. Length: 3000.0
Frame: 47600000, Avg. Reward: 0.800, Avg. RL Loss: 0.001, Avg. Length: 3000.0
Frame: 47700000, Avg. Reward: 0.000, Avg. RL Loss: 0.001, Avg. Length: 3000.0
Frame: 47800000, Avg. Reward: -0.700, Avg. RL Loss: 0.001, Avg. Length: 3000.0
Frame: 47900000, Avg. Reward: 0.300, Avg. RL Loss: 0.001, Avg. Length: 3000.0
Frame: 48000000, Avg. Reward: 0.700, Avg. RL Loss: 0.001, Avg. Length: 3000.0
Frame: 48100000, Avg. Reward: 0.900, Avg. RL Loss: 0.001, Avg. Length: 3000.0
Frame: 48200000, Avg. Reward: 0.100, Avg. RL Loss: 0.001, Avg. Length: 3000.0
Frame: 48300000, Avg. Reward: 0.600, Avg. RL Loss: 0.001, Avg. Length: 3000.0
Frame: 48400000, Avg. Reward: 0.000, Avg. RL Loss: 0.001, Avg. Length: 3000.0
Frame: 48500000, Avg. Reward: 0.300, Avg. RL Loss: 0.001, Avg. Length: 3000.0
Frame: 48600000, Avg. Reward: 0.000, Avg. RL Loss: 0.001, Avg. Length: 3000.0
Frame: 48700000, Avg. Reward: -1.000, Avg. RL Loss: 0.001, Avg. Length: 3000.0
Frame: 48800000, Avg. Reward: 0.300, Avg. RL Loss: 0.001, Avg. Length: 3000.0
Frame: 48900000, Avg. Reward: -1.400, Avg. RL Loss: 0.001, Avg. Length: 3000.0
Frame: 49000000, Avg. Reward: 0.500, Avg. RL Loss: 0.001, Avg. Length: 3000.0
Frame: 49100000, Avg. Reward: 0.000, Avg. RL Loss: 0.001, Avg. Length: 3000.0
Frame: 49200000, Avg. Reward: 0.400, Avg. RL Loss: 0.001, Avg. Length: 3000.0
Frame: 49300000, Avg. Reward: -0.200, Avg. RL Loss: 0.001, Avg. Length: 3000.0
Frame: 49400000, Avg. Reward: 0.500, Avg. RL Loss: 0.001, Avg. Length: 3000.0
Frame: 49500000, Avg. Reward: 0.300, Avg. RL Loss: 0.001, Avg. Length: 3000.0
Frame: 49600000, Avg. Reward: 0.900, Avg. RL Loss: 0.001, Avg. Length: 3000.0
Frame: 49700000, Avg. Reward: 0.700, Avg. RL Loss: 0.001, Avg. Length: 3000.0
Frame: 49800000, Avg. Reward: -0.600, Avg. RL Loss: 0.001, Avg. Length: 3000.0
Frame: 49900000, Avg. Reward: 0.900, Avg. RL Loss: 0.001, Avg. Length: 3000.0
Frame: 50000000, Avg. Reward: 0.100, Avg. RL Loss: 0.001, Avg. Length: 3000.0
Frame: 50100000, Avg. Reward: 0.500, Avg. RL Loss: 0.001, Avg. Length: 3000.0
Frame: 50200000, Avg. Reward: -0.200, Avg. RL Loss: 0.001, Avg. Length: 3000.0
Frame: 50300000, Avg. Reward: 0.500, Avg. RL Loss: 0.001, Avg. Length: 3000.0
Frame: 50400000, Avg. Reward: 0.100, Avg. RL Loss: 0.001, Avg. Length: 3000.0
Frame: 50500000, Avg. Reward: -0.300, Avg. RL Loss: 0.001, Avg. Length: 3000.0
Frame: 50600000, Avg. Reward: -0.400, Avg. RL Loss: 0.001, Avg. Length: 3000.0
Frame: 50700000, Avg. Reward: -0.200, Avg. RL Loss: 0.001, Avg. Length: 3000.0
Frame: 50800000, Avg. Reward: 1.000, Avg. RL Loss: 0.001, Avg. Length: 3000.0
Frame: 50900000, Avg. Reward: -0.200, Avg. RL Loss: 0.001, Avg. Length: 3000.0
Frame: 51000000, Avg. Reward: 0.300, Avg. RL Loss: 0.001, Avg. Length: 3000.0
Frame: 51100000, Avg. Reward: 0.500, Avg. RL Loss: 0.001, Avg. Length: 3000.0
Frame: 51200000, Avg. Reward: 0.100, Avg. RL Loss: 0.000, Avg. Length: 3000.0
Frame: 51300000, Avg. Reward: 1.100, Avg. RL Loss: 0.001, Avg. Length: 3000.0
Frame: 51400000, Avg. Reward: 0.400, Avg. RL Loss: 0.001, Avg. Length: 3000.0
Frame: 51500000, Avg. Reward: 0.100, Avg. RL Loss: 0.001, Avg. Length: 3000.0
Frame: 51600000, Avg. Reward: 0.700, Avg. RL Loss: 0.001, Avg. Length: 3000.0
Frame: 51700000, Avg. Reward: 0.400, Avg. RL Loss: 0.001, Avg. Length: 3000.0
Frame: 51800000, Avg. Reward: 0.700, Avg. RL Loss: 0.001, Avg. Length: 3000.0
Frame: 51900000, Avg. Reward: 0.600, Avg. RL Loss: 0.001, Avg. Length: 3000.0
Frame: 52000000, Avg. Reward: 0.100, Avg. RL Loss: 0.001, Avg. Length: 3000.0
Frame: 52100000, Avg. Reward: -0.400, Avg. RL Loss: 0.001, Avg. Length: 2976.5
Frame: 52200000, Avg. Reward: 0.100, Avg. RL Loss: 0.001, Avg. Length: 3000.0
Frame: 52300000, Avg. Reward: 0.500, Avg. RL Loss: 0.001, Avg. Length: 3000.0
Frame: 52400000, Avg. Reward: 0.700, Avg. RL Loss: 0.001, Avg. Length: 3000.0
Frame: 52500000, Avg. Reward: -0.900, Avg. RL Loss: 0.001, Avg. Length: 3000.0
Frame: 52600000, Avg. Reward: 0.800, Avg. RL Loss: 0.001, Avg. Length: 3000.0
Frame: 52700000, Avg. Reward: 0.100, Avg. RL Loss: 0.001, Avg. Length: 3000.0
Frame: 52800000, Avg. Reward: 1.000, Avg. RL Loss: 0.001, Avg. Length: 3000.0
Frame: 52900000, Avg. Reward: -1.400, Avg. RL Loss: 0.001, Avg. Length: 2919.2
Frame: 53000000, Avg. Reward: -0.200, Avg. RL Loss: 0.001, Avg. Length: 3000.0
Frame: 53100000, Avg. Reward: -0.400, Avg. RL Loss: 0.001, Avg. Length: 3000.0
Frame: 53200000, Avg. Reward: 0.300, Avg. RL Loss: 0.001, Avg. Length: 3000.0
Frame: 53300000, Avg. Reward: 0.100, Avg. RL Loss: 0.001, Avg. Length: 3000.0
Frame: 53400000, Avg. Reward: -0.200, Avg. RL Loss: 0.001, Avg. Length: 3000.0
Frame: 53500000, Avg. Reward: 0.400, Avg. RL Loss: 0.001, Avg. Length: 3000.0
Frame: 53600000, Avg. Reward: 0.200, Avg. RL Loss: 0.001, Avg. Length: 3000.0
Frame: 53700000, Avg. Reward: 0.500, Avg. RL Loss: 0.001, Avg. Length: 3000.0
Frame: 53800000, Avg. Reward: -0.200, Avg. RL Loss: 0.001, Avg. Length: 3000.0
Frame: 53900000, Avg. Reward: 0.400, Avg. RL Loss: 0.001, Avg. Length: 3000.0
Frame: 54000000, Avg. Reward: 0.600, Avg. RL Loss: 0.001, Avg. Length: 3000.0
Frame: 54100000, Avg. Reward: -0.400, Avg. RL Loss: 0.001, Avg. Length: 3000.0
Frame: 54200000, Avg. Reward: 0.400, Avg. RL Loss: 0.001, Avg. Length: 3000.0
Frame: 54300000, Avg. Reward: 0.600, Avg. RL Loss: 0.001, Avg. Length: 3000.0
Frame: 54400000, Avg. Reward: 0.300, Avg. RL Loss: 0.001, Avg. Length: 3000.0
Frame: 54500000, Avg. Reward: 0.500, Avg. RL Loss: 0.001, Avg. Length: 3000.0
Frame: 54600000, Avg. Reward: 1.100, Avg. RL Loss: 0.000, Avg. Length: 3000.0
Frame: 54700000, Avg. Reward: 0.400, Avg. RL Loss: 0.000, Avg. Length: 3000.0
Frame: 54800000, Avg. Reward: 0.700, Avg. RL Loss: 0.000, Avg. Length: 3000.0
Frame: 54900000, Avg. Reward: 0.000, Avg. RL Loss: 0.000, Avg. Length: 3000.0
Frame: 55000000, Avg. Reward: 0.200, Avg. RL Loss: 0.001, Avg. Length: 3000.0
Frame: 55100000, Avg. Reward: 0.000, Avg. RL Loss: 0.001, Avg. Length: 3000.0
Frame: 55200000, Avg. Reward: -0.500, Avg. RL Loss: 0.001, Avg. Length: 3000.0
Frame: 55300000, Avg. Reward: -0.400, Avg. RL Loss: 0.001, Avg. Length: 3000.0
Frame: 55400000, Avg. Reward: 0.100, Avg. RL Loss: 0.001, Avg. Length: 3000.0
Frame: 55500000, Avg. Reward: 1.100, Avg. RL Loss: 0.001, Avg. Length: 3000.0
Frame: 55600000, Avg. Reward: 0.700, Avg. RL Loss: 0.001, Avg. Length: 3000.0
Frame: 55700000, Avg. Reward: 0.500, Avg. RL Loss: 0.001, Avg. Length: 3000.0
Frame: 55800000, Avg. Reward: 0.500, Avg. RL Loss: 0.001, Avg. Length: 3000.0
Frame: 55900000, Avg. Reward: -1.500, Avg. RL Loss: 0.001, Avg. Length: 3000.0
Frame: 56000000, Avg. Reward: 1.000, Avg. RL Loss: 0.001, Avg. Length: 3000.0
Frame: 56100000, Avg. Reward: 0.400, Avg. RL Loss: 0.001, Avg. Length: 3000.0
Frame: 56200000, Avg. Reward: -0.200, Avg. RL Loss: 0.001, Avg. Length: 3000.0
Frame: 56300000, Avg. Reward: -0.500, Avg. RL Loss: 0.001, Avg. Length: 3000.0
Frame: 56400000, Avg. Reward: -0.400, Avg. RL Loss: 0.001, Avg. Length: 3000.0
Frame: 56500000, Avg. Reward: -1.000, Avg. RL Loss: 0.001, Avg. Length: 3000.0
Frame: 56600000, Avg. Reward: 0.200, Avg. RL Loss: 0.001, Avg. Length: 3000.0
Frame: 56700000, Avg. Reward: 0.100, Avg. RL Loss: 0.001, Avg. Length: 3000.0
Frame: 56800000, Avg. Reward: 0.300, Avg. RL Loss: 0.001, Avg. Length: 3000.0
Frame: 56900000, Avg. Reward: 0.000, Avg. RL Loss: 0.001, Avg. Length: 3000.0
Frame: 57000000, Avg. Reward: 0.000, Avg. RL Loss: 0.001, Avg. Length: 3000.0
Frame: 57100000, Avg. Reward: 0.000, Avg. RL Loss: 0.001, Avg. Length: 3000.0
Frame: 57200000, Avg. Reward: -0.200, Avg. RL Loss: 0.001, Avg. Length: 3000.0
Frame: 57300000, Avg. Reward: 0.200, Avg. RL Loss: 0.001, Avg. Length: 3000.0
Frame: 57400000, Avg. Reward: 0.400, Avg. RL Loss: 0.001, Avg. Length: 3000.0
Frame: 57500000, Avg. Reward: 0.100, Avg. RL Loss: 0.001, Avg. Length: 3000.0
Frame: 57600000, Avg. Reward: 0.600, Avg. RL Loss: 0.001, Avg. Length: 3000.0
Frame: 57700000, Avg. Reward: 0.100, Avg. RL Loss: 0.001, Avg. Length: 3000.0
Frame: 57800000, Avg. Reward: 0.400, Avg. RL Loss: 0.001, Avg. Length: 3000.0
Frame: 57900000, Avg. Reward: 0.100, Avg. RL Loss: 0.001, Avg. Length: 3000.0
Frame: 58000000, Avg. Reward: 0.300, Avg. RL Loss: 0.001, Avg. Length: 3000.0
Frame: 58100000, Avg. Reward: 0.100, Avg. RL Loss: 0.001, Avg. Length: 3000.0
Frame: 58200000, Avg. Reward: 0.300, Avg. RL Loss: 0.001, Avg. Length: 3000.0
Frame: 58300000, Avg. Reward: 0.200, Avg. RL Loss: 0.001, Avg. Length: 3000.0
Frame: 58400000, Avg. Reward: -1.200, Avg. RL Loss: 0.001, Avg. Length: 3000.0
Frame: 58500000, Avg. Reward: 0.500, Avg. RL Loss: 0.001, Avg. Length: 3000.0
Frame: 58600000, Avg. Reward: -0.400, Avg. RL Loss: 0.001, Avg. Length: 3000.0
Frame: 58700000, Avg. Reward: 0.600, Avg. RL Loss: 0.001, Avg. Length: 3000.0
Frame: 58800000, Avg. Reward: 0.300, Avg. RL Loss: 0.001, Avg. Length: 3000.0
Frame: 58900000, Avg. Reward: 0.300, Avg. RL Loss: 0.001, Avg. Length: 3000.0
Frame: 59000000, Avg. Reward: 0.300, Avg. RL Loss: 0.001, Avg. Length: 3000.0
Frame: 59100000, Avg. Reward: -1.100, Avg. RL Loss: 0.001, Avg. Length: 3000.0
Frame: 59200000, Avg. Reward: 0.100, Avg. RL Loss: 0.001, Avg. Length: 3000.0
Frame: 59300000, Avg. Reward: 1.000, Avg. RL Loss: 0.001, Avg. Length: 3000.0
Frame: 59400000, Avg. Reward: 0.600, Avg. RL Loss: 0.001, Avg. Length: 3000.0
Frame: 59500000, Avg. Reward: 0.100, Avg. RL Loss: 0.001, Avg. Length: 3000.0
Frame: 59600000, Avg. Reward: 0.200, Avg. RL Loss: 0.001, Avg. Length: 3000.0
Frame: 59700000, Avg. Reward: 0.900, Avg. RL Loss: 0.001, Avg. Length: 3000.0
Frame: 59800000, Avg. Reward: 0.200, Avg. RL Loss: 0.001, Avg. Length: 3000.0
Frame: 59900000, Avg. Reward: -0.100, Avg. RL Loss: 0.001, Avg. Length: 3000.0
Frame: 60000000, Avg. Reward: 0.200, Avg. RL Loss: 0.001, Avg. Length: 3000.0
Frame: 60100000, Avg. Reward: 0.400, Avg. RL Loss: 0.001, Avg. Length: 3000.0
Frame: 60200000, Avg. Reward: 0.200, Avg. RL Loss: 0.001, Avg. Length: 3000.0
Frame: 60300000, Avg. Reward: -0.200, Avg. RL Loss: 0.001, Avg. Length: 3000.0
Frame: 60400000, Avg. Reward: -0.600, Avg. RL Loss: 0.001, Avg. Length: 3000.0
Frame: 60500000, Avg. Reward: 0.700, Avg. RL Loss: 0.001, Avg. Length: 3000.0
Frame: 60600000, Avg. Reward: 0.300, Avg. RL Loss: 0.000, Avg. Length: 3000.0
Frame: 60700000, Avg. Reward: 0.100, Avg. RL Loss: 0.001, Avg. Length: 3000.0
Frame: 60800000, Avg. Reward: 0.300, Avg. RL Loss: 0.000, Avg. Length: 3000.0
Frame: 60900000, Avg. Reward: 0.100, Avg. RL Loss: 0.000, Avg. Length: 3000.0
Frame: 61000000, Avg. Reward: 0.500, Avg. RL Loss: 0.000, Avg. Length: 3000.0
Frame: 61100000, Avg. Reward: 0.400, Avg. RL Loss: 0.000, Avg. Length: 3000.0
Frame: 61200000, Avg. Reward: 0.600, Avg. RL Loss: 0.001, Avg. Length: 3000.0
Frame: 61300000, Avg. Reward: 0.400, Avg. RL Loss: 0.001, Avg. Length: 3000.0
Frame: 61400000, Avg. Reward: 0.300, Avg. RL Loss: 0.001, Avg. Length: 3000.0
Frame: 61500000, Avg. Reward: 0.000, Avg. RL Loss: 0.001, Avg. Length: 3000.0
Frame: 61600000, Avg. Reward: 0.400, Avg. RL Loss: 0.001, Avg. Length: 3000.0
Frame: 61700000, Avg. Reward: 0.100, Avg. RL Loss: 0.001, Avg. Length: 3000.0
Frame: 61800000, Avg. Reward: 0.600, Avg. RL Loss: 0.001, Avg. Length: 3000.0
Frame: 61900000, Avg. Reward: 0.400, Avg. RL Loss: 0.001, Avg. Length: 3000.0
Frame: 62000000, Avg. Reward: 0.500, Avg. RL Loss: 0.001, Avg. Length: 3000.0
Frame: 62100000, Avg. Reward: 0.800, Avg. RL Loss: 0.001, Avg. Length: 3000.0
Frame: 62200000, Avg. Reward: 0.000, Avg. RL Loss: 0.001, Avg. Length: 3000.0
Frame: 62300000, Avg. Reward: 0.400, Avg. RL Loss: 0.001, Avg. Length: 3000.0
Frame: 62400000, Avg. Reward: 0.600, Avg. RL Loss: 0.001, Avg. Length: 3000.0
Frame: 62500000, Avg. Reward: 0.000, Avg. RL Loss: 0.001, Avg. Length: 3000.0
Frame: 62600000, Avg. Reward: 0.400, Avg. RL Loss: 0.001, Avg. Length: 3000.0
Frame: 62700000, Avg. Reward: -0.700, Avg. RL Loss: 0.001, Avg. Length: 3000.0
Frame: 62800000, Avg. Reward: 0.400, Avg. RL Loss: 0.001, Avg. Length: 3000.0
Frame: 62900000, Avg. Reward: 0.400, Avg. RL Loss: 0.001, Avg. Length: 3000.0
Frame: 63000000, Avg. Reward: -0.900, Avg. RL Loss: 0.001, Avg. Length: 3000.0
Frame: 63100000, Avg. Reward: 0.200, Avg. RL Loss: 0.001, Avg. Length: 3000.0
Frame: 63200000, Avg. Reward: 0.200, Avg. RL Loss: 0.001, Avg. Length: 3000.0
Frame: 63300000, Avg. Reward: 0.100, Avg. RL Loss: 0.001, Avg. Length: 3000.0
Frame: 63400000, Avg. Reward: 0.400, Avg. RL Loss: 0.001, Avg. Length: 3000.0
Frame: 63500000, Avg. Reward: 0.800, Avg. RL Loss: 0.001, Avg. Length: 3000.0
Frame: 63600000, Avg. Reward: 0.000, Avg. RL Loss: 0.001, Avg. Length: 3000.0
Frame: 63700000, Avg. Reward: -0.200, Avg. RL Loss: 0.001, Avg. Length: 3000.0
Frame: 63800000, Avg. Reward: -0.200, Avg. RL Loss: 0.000, Avg. Length: 3000.0
Frame: 63900000, Avg. Reward: 0.200, Avg. RL Loss: 0.001, Avg. Length: 3000.0
Frame: 64000000, Avg. Reward: 0.000, Avg. RL Loss: 0.001, Avg. Length: 3000.0
Frame: 64100000, Avg. Reward: 0.000, Avg. RL Loss: 0.000, Avg. Length: 3000.0
Frame: 64200000, Avg. Reward: 0.500, Avg. RL Loss: 0.001, Avg. Length: 3000.0
Frame: 64300000, Avg. Reward: 0.900, Avg. RL Loss: 0.001, Avg. Length: 3000.0
Frame: 64400000, Avg. Reward: 0.200, Avg. RL Loss: 0.001, Avg. Length: 3000.0
Frame: 64500000, Avg. Reward: 0.000, Avg. RL Loss: 0.001, Avg. Length: 3000.0
Frame: 64600000, Avg. Reward: 0.600, Avg. RL Loss: 0.001, Avg. Length: 3000.0
Frame: 64700000, Avg. Reward: 1.000, Avg. RL Loss: 0.001, Avg. Length: 3000.0
Frame: 64800000, Avg. Reward: 0.100, Avg. RL Loss: 0.001, Avg. Length: 3000.0
Frame: 64900000, Avg. Reward: 0.200, Avg. RL Loss: 0.001, Avg. Length: 3000.0
Frame: 65000000, Avg. Reward: 0.300, Avg. RL Loss: 0.001, Avg. Length: 3000.0
Frame: 65100000, Avg. Reward: 0.100, Avg. RL Loss: 0.001, Avg. Length: 3000.0
Frame: 65200000, Avg. Reward: 0.200, Avg. RL Loss: 0.001, Avg. Length: 3000.0
Frame: 65300000, Avg. Reward: 1.000, Avg. RL Loss: 0.001, Avg. Length: 3000.0
Frame: 65400000, Avg. Reward: 0.100, Avg. RL Loss: 0.001, Avg. Length: 3000.0
Frame: 65500000, Avg. Reward: 0.100, Avg. RL Loss: 0.001, Avg. Length: 3000.0
Frame: 65600000, Avg. Reward: 0.000, Avg. RL Loss: 0.001, Avg. Length: 3000.0
Frame: 65700000, Avg. Reward: 0.800, Avg. RL Loss: 0.000, Avg. Length: 3000.0
Frame: 65800000, Avg. Reward: 0.500, Avg. RL Loss: 0.001, Avg. Length: 3000.0
Frame: 65900000, Avg. Reward: 0.600, Avg. RL Loss: 0.000, Avg. Length: 3000.0
Frame: 66000000, Avg. Reward: 0.100, Avg. RL Loss: 0.001, Avg. Length: 3000.0
Frame: 66100000, Avg. Reward: 0.600, Avg. RL Loss: 0.001, Avg. Length: 3000.0
Frame: 66200000, Avg. Reward: 0.900, Avg. RL Loss: 0.001, Avg. Length: 3000.0
Frame: 66300000, Avg. Reward: 0.500, Avg. RL Loss: 0.001, Avg. Length: 3000.0
Frame: 66400000, Avg. Reward: 0.300, Avg. RL Loss: 0.001, Avg. Length: 3000.0
Frame: 66500000, Avg. Reward: 0.000, Avg. RL Loss: 0.001, Avg. Length: 3000.0
Frame: 66600000, Avg. Reward: -0.300, Avg. RL Loss: 0.001, Avg. Length: 3000.0
Frame: 66700000, Avg. Reward: 0.700, Avg. RL Loss: 0.001, Avg. Length: 3000.0
Frame: 66800000, Avg. Reward: 1.000, Avg. RL Loss: 0.001, Avg. Length: 3000.0
Frame: 66900000, Avg. Reward: 0.100, Avg. RL Loss: 0.001, Avg. Length: 3000.0
Frame: 67000000, Avg. Reward: 0.600, Avg. RL Loss: 0.001, Avg. Length: 3000.0
Frame: 67100000, Avg. Reward: 0.200, Avg. RL Loss: 0.001, Avg. Length: 3000.0
Frame: 67200000, Avg. Reward: 0.000, Avg. RL Loss: 0.001, Avg. Length: 3000.0
Frame: 67300000, Avg. Reward: 0.400, Avg. RL Loss: 0.001, Avg. Length: 3000.0
Frame: 67400000, Avg. Reward: 0.300, Avg. RL Loss: 0.001, Avg. Length: 3000.0
Frame: 67500000, Avg. Reward: -0.300, Avg. RL Loss: 0.001, Avg. Length: 3000.0
Frame: 67600000, Avg. Reward: -0.100, Avg. RL Loss: 0.001, Avg. Length: 3000.0
Frame: 67700000, Avg. Reward: -0.200, Avg. RL Loss: 0.001, Avg. Length: 3000.0
Frame: 67800000, Avg. Reward: 0.700, Avg. RL Loss: 0.001, Avg. Length: 3000.0
Frame: 67900000, Avg. Reward: 1.000, Avg. RL Loss: 0.001, Avg. Length: 3000.0
Frame: 68000000, Avg. Reward: 0.600, Avg. RL Loss: 0.001, Avg. Length: 3000.0
Frame: 68100000, Avg. Reward: -0.800, Avg. RL Loss: 0.001, Avg. Length: 3000.0
Frame: 68200000, Avg. Reward: 0.200, Avg. RL Loss: 0.001, Avg. Length: 3000.0
Frame: 68300000, Avg. Reward: 0.100, Avg. RL Loss: 0.001, Avg. Length: 3000.0
Frame: 68400000, Avg. Reward: -0.300, Avg. RL Loss: 0.001, Avg. Length: 3000.0
Frame: 68500000, Avg. Reward: 0.400, Avg. RL Loss: 0.001, Avg. Length: 3000.0
Frame: 68600000, Avg. Reward: -0.100, Avg. RL Loss: 0.001, Avg. Length: 3000.0
Frame: 68700000, Avg. Reward: 0.400, Avg. RL Loss: 0.001, Avg. Length: 3000.0
Frame: 68800000, Avg. Reward: 0.600, Avg. RL Loss: 0.001, Avg. Length: 3000.0
Frame: 68900000, Avg. Reward: 0.600, Avg. RL Loss: 0.001, Avg. Length: 3000.0
Frame: 69000000, Avg. Reward: 0.500, Avg. RL Loss: 0.001, Avg. Length: 3000.0
Frame: 69100000, Avg. Reward: -0.900, Avg. RL Loss: 0.001, Avg. Length: 3000.0
Frame: 69200000, Avg. Reward: 0.300, Avg. RL Loss: 0.001, Avg. Length: 3000.0
Frame: 69300000, Avg. Reward: 0.000, Avg. RL Loss: 0.001, Avg. Length: 3000.0
Frame: 69400000, Avg. Reward: -0.300, Avg. RL Loss: 0.001, Avg. Length: 3000.0
Frame: 69500000, Avg. Reward: -0.200, Avg. RL Loss: 0.001, Avg. Length: 3000.0
Frame: 69600000, Avg. Reward: 0.500, Avg. RL Loss: 0.001, Avg. Length: 3000.0
Frame: 69700000, Avg. Reward: -3.400, Avg. RL Loss: 0.001, Avg. Length: 2792.3
Frame: 69800000, Avg. Reward: 0.000, Avg. RL Loss: 0.001, Avg. Length: 3000.0
Frame: 69900000, Avg. Reward: 0.100, Avg. RL Loss: 0.001, Avg. Length: 3000.0
Frame: 70000000, Avg. Reward: 0.400, Avg. RL Loss: 0.001, Avg. Length: 3000.0
Frame: 70100000, Avg. Reward: 0.200, Avg. RL Loss: 0.001, Avg. Length: 3000.0
Frame: 70200000, Avg. Reward: 0.300, Avg. RL Loss: 0.001, Avg. Length: 3000.0
Frame: 70300000, Avg. Reward: -0.800, Avg. RL Loss: 0.001, Avg. Length: 3000.0
Frame: 70400000, Avg. Reward: 0.200, Avg. RL Loss: 0.001, Avg. Length: 3000.0
Frame: 70500000, Avg. Reward: 0.700, Avg. RL Loss: 0.001, Avg. Length: 3000.0
Frame: 70600000, Avg. Reward: 0.400, Avg. RL Loss: 0.001, Avg. Length: 3000.0
Frame: 70700000, Avg. Reward: 0.400, Avg. RL Loss: 0.001, Avg. Length: 3000.0
Frame: 70800000, Avg. Reward: 0.500, Avg. RL Loss: 0.001, Avg. Length: 3000.0
Frame: 70900000, Avg. Reward: -0.400, Avg. RL Loss: 0.000, Avg. Length: 3000.0
Frame: 71000000, Avg. Reward: 0.400, Avg. RL Loss: 0.000, Avg. Length: 3000.0
Frame: 71100000, Avg. Reward: 0.000, Avg. RL Loss: 0.000, Avg. Length: 3000.0
Frame: 71200000, Avg. Reward: -4.700, Avg. RL Loss: 0.001, Avg. Length: 1963.8
Frame: 71300000, Avg. Reward: 1.300, Avg. RL Loss: 0.001, Avg. Length: 3000.0
Frame: 71400000, Avg. Reward: 0.800, Avg. RL Loss: 0.001, Avg. Length: 3000.0
Frame: 71500000, Avg. Reward: 1.000, Avg. RL Loss: 0.001, Avg. Length: 2941.9
Frame: 71600000, Avg. Reward: 0.100, Avg. RL Loss: 0.001, Avg. Length: 3000.0
Frame: 71700000, Avg. Reward: 0.600, Avg. RL Loss: 0.001, Avg. Length: 3000.0
Frame: 71800000, Avg. Reward: -0.100, Avg. RL Loss: 0.001, Avg. Length: 3000.0
Frame: 71900000, Avg. Reward: 0.500, Avg. RL Loss: 0.001, Avg. Length: 3000.0
Frame: 72000000, Avg. Reward: 0.700, Avg. RL Loss: 0.001, Avg. Length: 3000.0
Frame: 72100000, Avg. Reward: 0.400, Avg. RL Loss: 0.001, Avg. Length: 3000.0
Frame: 72200000, Avg. Reward: 0.500, Avg. RL Loss: 0.001, Avg. Length: 3000.0
Frame: 72300000, Avg. Reward: 0.400, Avg. RL Loss: 0.001, Avg. Length: 3000.0
Frame: 72400000, Avg. Reward: 0.500, Avg. RL Loss: 0.001, Avg. Length: 3000.0
Frame: 72500000, Avg. Reward: -0.700, Avg. RL Loss: 0.001, Avg. Length: 3000.0
Frame: 72600000, Avg. Reward: 0.400, Avg. RL Loss: 0.001, Avg. Length: 3000.0
Frame: 72700000, Avg. Reward: 0.900, Avg. RL Loss: 0.001, Avg. Length: 3000.0
Frame: 72800000, Avg. Reward: -0.800, Avg. RL Loss: 0.001, Avg. Length: 3000.0
Frame: 72900000, Avg. Reward: 0.800, Avg. RL Loss: 0.001, Avg. Length: 3000.0
Frame: 73000000, Avg. Reward: 0.400, Avg. RL Loss: 0.001, Avg. Length: 3000.0
Frame: 73100000, Avg. Reward: -0.100, Avg. RL Loss: 0.001, Avg. Length: 3000.0
Frame: 73200000, Avg. Reward: 0.200, Avg. RL Loss: 0.001, Avg. Length: 3000.0
Frame: 73300000, Avg. Reward: -0.100, Avg. RL Loss: 0.001, Avg. Length: 3000.0
Frame: 73400000, Avg. Reward: 0.700, Avg. RL Loss: 0.001, Avg. Length: 3000.0
Frame: 73500000, Avg. Reward: 0.300, Avg. RL Loss: 0.001, Avg. Length: 3000.0
Frame: 73600000, Avg. Reward: 0.600, Avg. RL Loss: 0.001, Avg. Length: 2926.1
Frame: 73700000, Avg. Reward: 0.300, Avg. RL Loss: 0.001, Avg. Length: 3000.0
Frame: 73800000, Avg. Reward: 0.500, Avg. RL Loss: 0.001, Avg. Length: 3000.0
Frame: 73900000, Avg. Reward: 0.000, Avg. RL Loss: 0.001, Avg. Length: 3000.0
Frame: 74000000, Avg. Reward: 0.400, Avg. RL Loss: 0.001, Avg. Length: 3000.0
Frame: 74100000, Avg. Reward: 0.300, Avg. RL Loss: 0.001, Avg. Length: 3000.0
Frame: 74200000, Avg. Reward: 0.200, Avg. RL Loss: 0.001, Avg. Length: 3000.0
Frame: 74300000, Avg. Reward: 0.800, Avg. RL Loss: 0.001, Avg. Length: 3000.0
Frame: 74400000, Avg. Reward: 0.300, Avg. RL Loss: 0.001, Avg. Length: 3000.0
Frame: 74500000, Avg. Reward: -0.200, Avg. RL Loss: 0.001, Avg. Length: 3000.0
Frame: 74600000, Avg. Reward: -0.200, Avg. RL Loss: 0.001, Avg. Length: 3000.0
Frame: 74700000, Avg. Reward: -0.400, Avg. RL Loss: 0.001, Avg. Length: 3000.0
Frame: 74800000, Avg. Reward: -0.200, Avg. RL Loss: 0.001, Avg. Length: 3000.0
Frame: 74900000, Avg. Reward: 0.200, Avg. RL Loss: 0.001, Avg. Length: 3000.0
Frame: 75000000, Avg. Reward: 0.100, Avg. RL Loss: 0.001, Avg. Length: 3000.0
Frame: 75100000, Avg. Reward: 0.000, Avg. RL Loss: 0.001, Avg. Length: 3000.0
Frame: 75200000, Avg. Reward: 0.100, Avg. RL Loss: 0.000, Avg. Length: 3000.0
Frame: 75300000, Avg. Reward: 0.100, Avg. RL Loss: 0.000, Avg. Length: 3000.0
Frame: 75400000, Avg. Reward: -0.400, Avg. RL Loss: 0.001, Avg. Length: 3000.0
Frame: 75500000, Avg. Reward: 0.200, Avg. RL Loss: 0.001, Avg. Length: 3000.0
Frame: 75600000, Avg. Reward: 0.600, Avg. RL Loss: 0.001, Avg. Length: 3000.0
Frame: 75700000, Avg. Reward: 0.600, Avg. RL Loss: 0.001, Avg. Length: 3000.0
Frame: 75800000, Avg. Reward: 0.000, Avg. RL Loss: 0.001, Avg. Length: 3000.0
Frame: 75900000, Avg. Reward: 0.700, Avg. RL Loss: 0.001, Avg. Length: 3000.0
Frame: 76000000, Avg. Reward: 0.600, Avg. RL Loss: 0.001, Avg. Length: 3000.0
Frame: 76100000, Avg. Reward: 0.300, Avg. RL Loss: 0.001, Avg. Length: 3000.0
Frame: 76200000, Avg. Reward: 0.000, Avg. RL Loss: 0.000, Avg. Length: 3000.0
Frame: 76300000, Avg. Reward: 0.700, Avg. RL Loss: 0.001, Avg. Length: 3000.0
Frame: 76400000, Avg. Reward: 0.400, Avg. RL Loss: 0.001, Avg. Length: 3000.0
Frame: 76500000, Avg. Reward: 0.400, Avg. RL Loss: 0.001, Avg. Length: 3000.0
Frame: 76600000, Avg. Reward: -1.400, Avg. RL Loss: 0.001, Avg. Length: 3000.0
Frame: 76700000, Avg. Reward: 0.500, Avg. RL Loss: 0.001, Avg. Length: 3000.0
Frame: 76800000, Avg. Reward: 0.800, Avg. RL Loss: 0.000, Avg. Length: 3000.0
Frame: 76900000, Avg. Reward: 0.000, Avg. RL Loss: 0.000, Avg. Length: 3000.0
Frame: 77000000, Avg. Reward: 0.700, Avg. RL Loss: 0.000, Avg. Length: 3000.0
Frame: 77100000, Avg. Reward: 0.500, Avg. RL Loss: 0.000, Avg. Length: 3000.0
Frame: 77200000, Avg. Reward: -0.100, Avg. RL Loss: 0.001, Avg. Length: 3000.0
Frame: 77300000, Avg. Reward: -0.100, Avg. RL Loss: 0.001, Avg. Length: 3000.0
Frame: 77400000, Avg. Reward: 0.500, Avg. RL Loss: 0.000, Avg. Length: 3000.0
Frame: 77500000, Avg. Reward: -3.200, Avg. RL Loss: 0.000, Avg. Length: 2763.3
Frame: 77600000, Avg. Reward: -0.700, Avg. RL Loss: 0.001, Avg. Length: 2919.6
Frame: 77700000, Avg. Reward: 0.500, Avg. RL Loss: 0.001, Avg. Length: 3000.0
Frame: 77800000, Avg. Reward: 0.400, Avg. RL Loss: 0.001, Avg. Length: 3000.0
Frame: 77900000, Avg. Reward: 0.500, Avg. RL Loss: 0.001, Avg. Length: 3000.0
Frame: 78000000, Avg. Reward: 0.400, Avg. RL Loss: 0.001, Avg. Length: 3000.0
Frame: 78100000, Avg. Reward: 0.900, Avg. RL Loss: 0.001, Avg. Length: 3000.0
Frame: 78200000, Avg. Reward: 0.000, Avg. RL Loss: 0.001, Avg. Length: 3000.0
Frame: 78300000, Avg. Reward: 0.200, Avg. RL Loss: 0.001, Avg. Length: 3000.0
Frame: 78400000, Avg. Reward: 0.100, Avg. RL Loss: 0.001, Avg. Length: 3000.0
Frame: 78500000, Avg. Reward: -0.100, Avg. RL Loss: 0.001, Avg. Length: 3000.0
Frame: 78600000, Avg. Reward: 0.500, Avg. RL Loss: 0.001, Avg. Length: 3000.0
Frame: 78700000, Avg. Reward: 0.100, Avg. RL Loss: 0.001, Avg. Length: 3000.0
Frame: 78800000, Avg. Reward: 0.300, Avg. RL Loss: 0.001, Avg. Length: 3000.0
Frame: 78900000, Avg. Reward: 0.300, Avg. RL Loss: 0.001, Avg. Length: 3000.0
Frame: 79000000, Avg. Reward: 0.400, Avg. RL Loss: 0.001, Avg. Length: 3000.0
Frame: 79100000, Avg. Reward: 1.000, Avg. RL Loss: 0.001, Avg. Length: 3000.0
Frame: 79200000, Avg. Reward: 0.500, Avg. RL Loss: 0.001, Avg. Length: 3000.0
Frame: 79300000, Avg. Reward: 0.100, Avg. RL Loss: 0.000, Avg. Length: 3000.0
Frame: 79400000, Avg. Reward: -0.200, Avg. RL Loss: 0.001, Avg. Length: 3000.0
Frame: 79500000, Avg. Reward: 0.600, Avg. RL Loss: 0.001, Avg. Length: 3000.0
Frame: 79600000, Avg. Reward: -0.600, Avg. RL Loss: 0.001, Avg. Length: 3000.0
Frame: 79700000, Avg. Reward: 0.500, Avg. RL Loss: 0.001, Avg. Length: 3000.0
Frame: 79800000, Avg. Reward: 0.000, Avg. RL Loss: 0.000, Avg. Length: 3000.0
Frame: 79900000, Avg. Reward: 0.000, Avg. RL Loss: 0.000, Avg. Length: 3000.0
Frame: 80000000, Avg. Reward: 0.300, Avg. RL Loss: 0.000, Avg. Length: 3000.0
Frame: 80100000, Avg. Reward: 0.300, Avg. RL Loss: 0.000, Avg. Length: 3000.0
Frame: 80200000, Avg. Reward: 0.100, Avg. RL Loss: 0.000, Avg. Length: 3000.0
Frame: 80300000, Avg. Reward: 0.600, Avg. RL Loss: 0.001, Avg. Length: 3000.0
Frame: 80400000, Avg. Reward: -0.100, Avg. RL Loss: 0.001, Avg. Length: 3000.0
Frame: 80500000, Avg. Reward: 0.500, Avg. RL Loss: 0.001, Avg. Length: 3000.0
Frame: 80600000, Avg. Reward: -0.500, Avg. RL Loss: 0.001, Avg. Length: 3000.0
Frame: 80700000, Avg. Reward: -0.300, Avg. RL Loss: 0.001, Avg. Length: 3000.0
Frame: 80800000, Avg. Reward: -0.500, Avg. RL Loss: 0.000, Avg. Length: 3000.0
Frame: 80900000, Avg. Reward: 0.100, Avg. RL Loss: 0.001, Avg. Length: 3000.0
Frame: 81000000, Avg. Reward: 0.900, Avg. RL Loss: 0.001, Avg. Length: 3000.0
Frame: 81100000, Avg. Reward: 0.000, Avg. RL Loss: 0.001, Avg. Length: 3000.0
Frame: 81200000, Avg. Reward: -0.200, Avg. RL Loss: 0.001, Avg. Length: 3000.0
Frame: 81300000, Avg. Reward: 0.300, Avg. RL Loss: 0.001, Avg. Length: 3000.0
Frame: 81400000, Avg. Reward: 0.000, Avg. RL Loss: 0.001, Avg. Length: 3000.0
Frame: 81500000, Avg. Reward: -0.600, Avg. RL Loss: 0.001, Avg. Length: 3000.0
Frame: 81600000, Avg. Reward: 0.100, Avg. RL Loss: 0.001, Avg. Length: 3000.0
Frame: 81700000, Avg. Reward: 0.700, Avg. RL Loss: 0.001, Avg. Length: 3000.0
Frame: 81800000, Avg. Reward: 0.200, Avg. RL Loss: 0.001, Avg. Length: 3000.0
Frame: 81900000, Avg. Reward: 0.900, Avg. RL Loss: 0.001, Avg. Length: 3000.0
Frame: 82000000, Avg. Reward: 0.100, Avg. RL Loss: 0.001, Avg. Length: 3000.0
Frame: 82100000, Avg. Reward: 0.800, Avg. RL Loss: 0.001, Avg. Length: 3000.0
Frame: 82200000, Avg. Reward: 0.300, Avg. RL Loss: 0.001, Avg. Length: 3000.0
Frame: 82300000, Avg. Reward: 0.200, Avg. RL Loss: 0.001, Avg. Length: 3000.0
Frame: 82400000, Avg. Reward: 0.500, Avg. RL Loss: 0.001, Avg. Length: 3000.0
Frame: 82500000, Avg. Reward: 0.400, Avg. RL Loss: 0.001, Avg. Length: 3000.0
Frame: 82600000, Avg. Reward: 0.100, Avg. RL Loss: 0.001, Avg. Length: 3000.0
Frame: 82700000, Avg. Reward: 0.200, Avg. RL Loss: 0.001, Avg. Length: 3000.0
Frame: 82800000, Avg. Reward: 0.100, Avg. RL Loss: 0.001, Avg. Length: 3000.0
Frame: 82900000, Avg. Reward: 0.300, Avg. RL Loss: 0.001, Avg. Length: 3000.0
Frame: 83000000, Avg. Reward: 0.400, Avg. RL Loss: 0.001, Avg. Length: 3000.0