Cannot import pettingzoo env:  pong_v2
                          Options
                          seed: 1122
                          batch_size: 1024
                          no_cuda: False
                          training_id: 0
                          max_frames: 500000000
                          buffer_size: 100000
                          update_target: 1000
                          train_freq: 100
                          gamma: 0.99
                          eta: 0.1
                          rl_start: 10000
                          sl_start: 1000
                          num_envs: 3
                          hidden_dim: 256
                          dueling: False
                          multi_step: 1
                          cce: False
                          env: boxing_v1
                          ram: True
                          negative: False
                          against_baseline: False
                          load_model: None
                          save_model: 20210608_0338
                          evaluate: False
                          render: False
                          evaluation_interval: 50000
                          lr: 0.0001
                          max_tag_interval: 10000
                          eps_start: 1.0
                          eps_final: 0.01
                          eps_decay: 30000
                          cuda: True
                          device: cuda:0
[Box(0.0, 1.0, (128,), float32), Box(0.0, 1.0, (128,), float32), Box(0.0, 1.0, (128,), float32)] [Discrete(18), Discrete(18), Discrete(18)]
(128,)
(128,)
Frame: 150000, Avg. RL Loss: 0.001, Avg. Q value: 0.006, Avg. Length: 7139.0, P0 Avg. Reward: -2.190, P1 Avg. Reward: 2.190
Q table: 
 [[-0.02  -0.001 -0.002 ...  0.005 -0.001 -0.003]
 [ 0.001 -0.004  0.    ... -0.003  0.002  0.001]
 [ 0.002 -0.002 -0.001 ... -0.    -0.011 -0.001]
 ...
 [-0.001  0.006 -0.005 ... -0.003  0.002  0.001]
 [-0.003  0.007 -0.008 ... -0.     0.002 -0.003]
 [-0.013  0.002 -0.003 ...  0.001 -0.001 -0.004]]
Nash policies:  [(array([0.166, 0.132, 0.103, 0.   , 0.   , 0.088, 0.055, 0.   , 0.   , 0.   , 0.007, 0.   , 0.   , 0.32 , 0.068, 0.061, 0.   , 0.   ]), array([0.   , 0.047, 0.119, 0.081, 0.014, 0.   , 0.   , 0.   , 0.03 , 0.123, 0.   , 0.   , 0.   , 0.   , 0.   , 0.168, 0.039, 0.38 ]))]
Frame: 300000, Avg. RL Loss: 0.001, Avg. Q value: -0.002, Avg. Length: 7139.0, P0 Avg. Reward: 0.857, P1 Avg. Reward: -0.857
Q table: 
 [[-0.004 -0.009 -0.002 ...  0.005  0.002  0.002]
 [ 0.007 -0.002  0.    ... -0.007  0.001  0.004]
 [-0.01  -0.004  0.011 ...  0.     0.002 -0.   ]
 ...
 [-0.001  0.001 -0.006 ...  0.011 -0.003 -0.005]
 [ 0.007  0.006 -0.006 ...  0.004 -0.002  0.011]
 [-0.016 -0.002 -0.007 ...  0.009 -0.008 -0.002]]
Nash policies:  [(array([0.   , 0.048, 0.087, 0.113, 0.   , 0.107, 0.   , 0.   , 0.147, 0.   , 0.037, 0.285, 0.076, 0.059, 0.   , 0.041, 0.   , 0.   ]), array([0.021, 0.   , 0.2  , 0.   , 0.083, 0.052, 0.094, 0.   , 0.   , 0.057, 0.   , 0.   , 0.   , 0.252, 0.131, 0.101, 0.   , 0.009]))]
Frame: 450000, Avg. RL Loss: 0.001, Avg. Q value: 0.000, Avg. Length: 7139.0, P0 Avg. Reward: 2.238, P1 Avg. Reward: -2.238
Q table: 
 [[-0.006 -0.005  0.003 ...  0.004  0.    -0.001]
 [-0.001 -0.012 -0.001 ... -0.01   0.002  0.009]
 [ 0.002 -0.002 -0.001 ... -0.     0.003  0.008]
 ...
 [ 0.003  0.001  0.001 ...  0.003 -0.     0.012]
 [-0.001  0.004 -0.005 ... -0.002 -0.003 -0.002]
 [-0.005  0.     0.003 ... -0.001 -0.002  0.001]]
Nash policies:  [(array([0.003, 0.035, 0.   , 0.109, 0.039, 0.   , 0.07 , 0.   , 0.   , 0.113, 0.   , 0.   , 0.291, 0.   , 0.05 , 0.264, 0.   , 0.026]), array([0.   , 0.107, 0.229, 0.   , 0.   , 0.096, 0.214, 0.081, 0.039, 0.086, 0.   , 0.078, 0.   , 0.   , 0.042, 0.   , 0.028, 0.   ]))]
Frame: 600000, Avg. RL Loss: 0.001, Avg. Q value: 0.002, Avg. Length: 7139.0, P0 Avg. Reward: -0.286, P1 Avg. Reward: 0.286
Q table: 
 [[-0.001  0.004  0.004 ...  0.001 -0.002  0.003]
 [ 0.001  0.001  0.001 ...  0.005  0.002  0.005]
 [ 0.     0.004  0.    ... -0.002  0.003  0.002]
 ...
 [ 0.007  0.002  0.    ...  0.002  0.002  0.001]
 [ 0.001 -0.007 -0.002 ... -0.    -0.    -0.001]
 [-0.001  0.003 -0.    ...  0.001  0.005  0.002]]
Nash policies:  [(array([0.089, 0.115, 0.   , 0.   , 0.   , 0.157, 0.   , 0.   , 0.   , 0.   , 0.138, 0.   , 0.051, 0.   , 0.184, 0.185, 0.   , 0.08 ]), array([0.037, 0.   , 0.579, 0.   , 0.08 , 0.102, 0.   , 0.   , 0.088, 0.   , 0.   , 0.082, 0.012, 0.   , 0.   , 0.   , 0.   , 0.019]))]
Frame: 750000, Avg. RL Loss: 0.001, Avg. Q value: 0.001, Avg. Length: 7139.0, P0 Avg. Reward: -1.952, P1 Avg. Reward: 1.952
Q table: 
 [[-0.004 -0.008 -0.001 ... -0.002  0.003 -0.002]
 [-0.003 -0.    -0.002 ...  0.007  0.001 -0.001]
 [ 0.001  0.001 -0.    ... -0.    -0.    -0.001]
 ...
 [-0.008 -0.001  0.001 ... -0.001  0.001  0.   ]
 [-0.006 -0.003 -0.002 ...  0.001  0.    -0.004]
 [-0.002 -0.003 -0.001 ... -0.002 -0.001 -0.004]]
Nash policies:  [(array([0.   , 0.   , 0.111, 0.094, 0.14 , 0.056, 0.   , 0.05 , 0.072, 0.   , 0.076, 0.025, 0.17 , 0.079, 0.   , 0.116, 0.   , 0.011]), array([0.028, 0.108, 0.084, 0.025, 0.012, 0.142, 0.075, 0.009, 0.216, 0.   , 0.19 , 0.   , 0.   , 0.   , 0.056, 0.   , 0.054, 0.   ]))]
Frame: 900000, Avg. RL Loss: 0.001, Avg. Q value: -0.001, Avg. Length: 7139.0, P0 Avg. Reward: 0.429, P1 Avg. Reward: -0.429
Q table: 
 [[-0.002 -0.001 -0.002 ... -0.    -0.002 -0.   ]
 [ 0.001 -0.    -0.001 ...  0.003  0.001  0.002]
 [ 0.    -0.002  0.003 ...  0.004 -0.001  0.002]
 ...
 [-0.004 -0.    -0.001 ... -0.    -0.005 -0.002]
 [ 0.004 -0.    -0.001 ...  0.002 -0.003  0.001]
 [ 0.002 -0.004 -0.004 ...  0.003 -0.004  0.001]]
Nash policies:  [(array([0.   , 0.155, 0.   , 0.27 , 0.   , 0.   , 0.   , 0.   , 0.   , 0.   , 0.217, 0.   , 0.038, 0.244, 0.   , 0.02 , 0.   , 0.056]), array([0.355, 0.151, 0.   , 0.001, 0.   , 0.   , 0.   , 0.   , 0.   , 0.   , 0.   , 0.   , 0.   , 0.329, 0.   , 0.   , 0.057, 0.106]))]
Frame: 1050000, Avg. RL Loss: 0.000, Avg. Q value: -0.001, Avg. Length: 7139.0, P0 Avg. Reward: -1.905, P1 Avg. Reward: 1.905
Q table: 
 [[-0.002 -0.003 -0.003 ... -0.003  0.003 -0.018]
 [-0.005 -0.006 -0.002 ... -0.    -0.003 -0.003]
 [ 0.002  0.    -0.002 ... -0.002 -0.003  0.002]
 ...
 [-0.002 -0.001 -0.001 ... -0.003 -0.001 -0.002]
 [-0.003 -0.001 -0.001 ...  0.002 -0.    -0.003]
 [ 0.002 -0.003 -0.004 ... -0.002 -0.003 -0.004]]
Nash policies:  [(array([0.   , 0.173, 0.135, 0.147, 0.   , 0.065, 0.   , 0.   , 0.018, 0.084, 0.008, 0.122, 0.013, 0.   , 0.   , 0.234, 0.   , 0.   ]), array([0.   , 0.001, 0.127, 0.034, 0.092, 0.153, 0.221, 0.   , 0.   , 0.056, 0.042, 0.   , 0.   , 0.175, 0.099, 0.   , 0.   , 0.   ]))]
Frame: 1200000, Avg. RL Loss: 0.001, Avg. Q value: -0.004, Avg. Length: 7139.0, P0 Avg. Reward: -1.476, P1 Avg. Reward: 1.476
Q table: 
 [[-0.005 -0.013 -0.006 ... -0.01   0.01  -0.007]
 [-0.003 -0.007 -0.006 ... -0.003 -0.019 -0.004]
 [-0.002 -0.004 -0.002 ... -0.001 -0.004  0.002]
 ...
 [-0.006 -0.002 -0.007 ... -0.007 -0.005 -0.007]
 [-0.029  0.005 -0.004 ... -0.001  0.005 -0.004]
 [-0.008  0.001 -0.014 ... -0.005 -0.004 -0.004]]
Nash policies:  [(array([0.054, 0.064, 0.28 , 0.   , 0.232, 0.   , 0.   , 0.   , 0.094, 0.024, 0.055, 0.095, 0.   , 0.07 , 0.   , 0.   , 0.016, 0.016]), array([0.024, 0.017, 0.   , 0.   , 0.045, 0.   , 0.092, 0.   , 0.097, 0.079, 0.233, 0.   , 0.   , 0.121, 0.   , 0.012, 0.127, 0.153]))]
Frame: 1350000, Avg. RL Loss: 0.002, Avg. Q value: -0.004, Avg. Length: 7139.0, P0 Avg. Reward: 0.714, P1 Avg. Reward: -0.714
Q table: 
 [[-0.002 -0.002 -0.011 ... -0.003 -0.006 -0.003]
 [-0.007  0.001 -0.003 ... -0.008 -0.013 -0.004]
 [-0.005 -0.001 -0.002 ...  0.006 -0.008 -0.002]
 ...
 [-0.003 -0.    -0.001 ... -0.012  0.    -0.006]
 [-0.005 -0.005 -0.014 ... -0.002 -0.009 -0.006]
 [ 0.003 -0.    -0.003 ... -0.006  0.005 -0.005]]
Nash policies:  [(array([0.   , 0.012, 0.   , 0.   , 0.   , 0.095, 0.05 , 0.057, 0.327, 0.   , 0.023, 0.   , 0.   , 0.28 , 0.116, 0.   , 0.039, 0.   ]), array([0.   , 0.   , 0.17 , 0.   , 0.028, 0.   , 0.   , 0.249, 0.075, 0.   , 0.   , 0.132, 0.282, 0.   , 0.023, 0.   , 0.009, 0.032]))]
Frame: 1500000, Avg. RL Loss: 0.002, Avg. Q value: -0.003, Avg. Length: 7139.0, P0 Avg. Reward: -2.095, P1 Avg. Reward: 2.095
Q table: 
 [[-0.004 -0.007 -0.012 ... -0.008 -0.006 -0.001]
 [-0.006 -0.006 -0.005 ... -0.011 -0.001 -0.014]
 [-0.003 -0.003 -0.005 ... -0.003 -0.004 -0.001]
 ...
 [-0.012 -0.013 -0.001 ... -0.004 -0.001  0.004]
 [-0.004 -0.003 -0.006 ... -0.003 -0.004 -0.003]
 [ 0.002 -0.002 -0.016 ...  0.001 -0.003 -0.001]]
Nash policies:  [(array([0.   , 0.201, 0.045, 0.002, 0.14 , 0.   , 0.   , 0.   , 0.112, 0.   , 0.   , 0.311, 0.   , 0.   , 0.135, 0.   , 0.   , 0.054]), array([0.01 , 0.   , 0.231, 0.271, 0.   , 0.319, 0.   , 0.   , 0.   , 0.074, 0.   , 0.012, 0.   , 0.   , 0.   , 0.056, 0.025, 0.   ]))]
Frame: 1650000, Avg. RL Loss: 0.002, Avg. Q value: -0.004, Avg. Length: 7139.0, P0 Avg. Reward: -2.143, P1 Avg. Reward: 2.143
Q table: 
 [[-0.028 -0.007 -0.002 ... -0.003 -0.006 -0.005]
 [-0.009 -0.019 -0.014 ... -0.007 -0.004 -0.007]
 [-0.005 -0.003 -0.003 ... -0.006 -0.012  0.007]
 ...
 [-0.001 -0.006 -0.007 ... -0.008 -0.01  -0.002]
 [-0.003 -0.002 -0.004 ... -0.003 -0.005 -0.004]
 [-0.002 -0.002 -0.005 ... -0.004 -0.007 -0.004]]
Nash policies:  [(array([0.09 , 0.   , 0.165, 0.   , 0.   , 0.   , 0.   , 0.   , 0.   , 0.025, 0.   , 0.069, 0.254, 0.   , 0.   , 0.   , 0.181, 0.216]), array([0.02 , 0.   , 0.267, 0.   , 0.   , 0.   , 0.   , 0.   , 0.   , 0.   , 0.   , 0.104, 0.15 , 0.   , 0.09 , 0.293, 0.076, 0.   ]))]
Frame: 1800000, Avg. RL Loss: 0.001, Avg. Q value: -0.006, Avg. Length: 7139.0, P0 Avg. Reward: 0.048, P1 Avg. Reward: -0.048
Q table: 
 [[ 0.007 -0.007 -0.005 ... -0.007 -0.008 -0.003]
 [-0.005 -0.005 -0.003 ... -0.006 -0.005 -0.008]
 [-0.006 -0.006 -0.008 ... -0.005 -0.007 -0.009]
 ...
 [-0.006 -0.005 -0.006 ... -0.006 -0.007  0.003]
 [-0.007 -0.005 -0.005 ... -0.003 -0.008 -0.006]
 [-0.003 -0.004 -0.007 ... -0.002 -0.005 -0.006]]
Nash policies:  [(array([0.   , 0.182, 0.   , 0.   , 0.026, 0.   , 0.   , 0.11 , 0.   , 0.   , 0.031, 0.   , 0.   , 0.27 , 0.253, 0.   , 0.   , 0.127]), array([0.   , 0.056, 0.354, 0.   , 0.   , 0.   , 0.   , 0.   , 0.   , 0.211, 0.075, 0.   , 0.   , 0.038, 0.   , 0.055, 0.212, 0.   ]))]
Frame: 1950000, Avg. RL Loss: 0.000, Avg. Q value: -0.005, Avg. Length: 7139.0, P0 Avg. Reward: -2.714, P1 Avg. Reward: 2.714
Q table: 
 [[-0.008 -0.005 -0.006 ... -0.013 -0.002 -0.003]
 [-0.008 -0.01  -0.007 ... -0.005 -0.001 -0.007]
 [-0.006 -0.004 -0.007 ... -0.007 -0.009  0.001]
 ...
 [-0.002 -0.002 -0.003 ... -0.006 -0.003 -0.003]
 [-0.018 -0.004 -0.    ... -0.003 -0.006 -0.009]
 [-0.008 -0.005 -0.01  ... -0.004 -0.007 -0.008]]
Nash policies:  [(array([0.   , 0.201, 0.   , 0.12 , 0.38 , 0.   , 0.   , 0.   , 0.   , 0.155, 0.   , 0.   , 0.   , 0.   , 0.   , 0.   , 0.144, 0.   ]), array([0.105, 0.   , 0.232, 0.   , 0.   , 0.   , 0.   , 0.   , 0.467, 0.103, 0.   , 0.   , 0.   , 0.   , 0.   , 0.093, 0.   , 0.   ]))]
Frame: 2100000, Avg. RL Loss: 0.001, Avg. Q value: -0.005, Avg. Length: 7139.0, P0 Avg. Reward: 1.571, P1 Avg. Reward: -1.571
Q table: 
 [[-0.008 -0.003 -0.    ... -0.009 -0.006 -0.004]
 [-0.003 -0.001 -0.005 ... -0.    -0.003 -0.008]
 [-0.008 -0.007 -0.006 ... -0.002  0.001 -0.009]
 ...
 [ 0.    -0.003 -0.008 ... -0.005 -0.008 -0.005]
 [ 0.    -0.003 -0.007 ... -0.005 -0.005  0.001]
 [-0.004  0.002 -0.01  ...  0.001  0.001 -0.004]]
Nash policies:  [(array([0.   , 0.03 , 0.   , 0.   , 0.002, 0.179, 0.   , 0.   , 0.108, 0.   , 0.083, 0.143, 0.   , 0.   , 0.257, 0.193, 0.006, 0.   ]), array([0.366, 0.   , 0.14 , 0.008, 0.   , 0.077, 0.   , 0.   , 0.   , 0.   , 0.   , 0.   , 0.024, 0.133, 0.041, 0.123, 0.   , 0.088]))]
Frame: 2250000, Avg. RL Loss: 0.001, Avg. Q value: -0.003, Avg. Length: 7139.0, P0 Avg. Reward: -1.238, P1 Avg. Reward: 1.238
Q table: 
 [[-0.01  -0.009  0.002 ... -0.004  0.001 -0.002]
 [ 0.004 -0.005 -0.005 ... -0.003 -0.005  0.009]
 [ 0.003 -0.004 -0.005 ... -0.004 -0.007  0.005]
 ...
 [-0.013 -0.002 -0.006 ... -0.003 -0.007  0.006]
 [-0.001 -0.002 -0.006 ... -0.004 -0.002  0.001]
 [-0.007  0.004 -0.01  ... -0.002 -0.006 -0.002]]
Nash policies:  [(array([0.093, 0.336, 0.055, 0.   , 0.158, 0.   , 0.   , 0.   , 0.04 , 0.014, 0.085, 0.116, 0.072, 0.03 , 0.   , 0.   , 0.   , 0.   ]), array([0.065, 0.   , 0.073, 0.   , 0.106, 0.   , 0.   , 0.   , 0.   , 0.079, 0.056, 0.02 , 0.148, 0.115, 0.   , 0.1  , 0.237, 0.   ]))]
Frame: 2400000, Avg. RL Loss: 0.002, Avg. Q value: -0.002, Avg. Length: 7139.0, P0 Avg. Reward: -1.429, P1 Avg. Reward: 1.429
Q table: 
 [[-0.001 -0.004 -0.004 ... -0.002 -0.008 -0.002]
 [-0.001 -0.002 -0.013 ... -0.002 -0.008  0.   ]
 [-0.003  0.002 -0.003 ... -0.004 -0.004 -0.   ]
 ...
 [-0.003 -0.005 -0.004 ... -0.007 -0.003 -0.   ]
 [-0.004 -0.002 -0.004 ... -0.003 -0.001  0.005]
 [-0.01   0.005  0.001 ... -0.    -0.007  0.017]]
Nash policies:  [(array([0.   , 0.125, 0.   , 0.167, 0.   , 0.   , 0.   , 0.   , 0.   , 0.   , 0.204, 0.   , 0.211, 0.   , 0.265, 0.   , 0.   , 0.027]), array([0.329, 0.061, 0.125, 0.   , 0.039, 0.   , 0.   , 0.   , 0.   , 0.   , 0.   , 0.   , 0.206, 0.   , 0.24 , 0.   , 0.   , 0.   ]))]
Frame: 2550000, Avg. RL Loss: 0.001, Avg. Q value: -0.002, Avg. Length: 7139.0, P0 Avg. Reward: -1.905, P1 Avg. Reward: 1.905
Q table: 
 [[ 0.001 -0.002 -0.003 ... -0.001 -0.002 -0.   ]
 [-0.003 -0.    -0.002 ... -0.002 -0.004 -0.001]
 [-0.002 -0.001 -0.004 ... -0.004  0.001 -0.   ]
 ...
 [-0.003 -0.002  0.001 ... -0.009 -0.003 -0.004]
 [ 0.    -0.002 -0.001 ... -0.002 -0.001 -0.003]
 [ 0.001 -0.001  0.001 ...  0.    -0.     0.016]]
Nash policies:  [(array([0.   , 0.123, 0.   , 0.   , 0.   , 0.   , 0.   , 0.   , 0.209, 0.   , 0.   , 0.   , 0.009, 0.182, 0.   , 0.   , 0.019, 0.459]), array([0.063, 0.514, 0.   , 0.   , 0.153, 0.   , 0.   , 0.   , 0.   , 0.   , 0.   , 0.002, 0.144, 0.   , 0.   , 0.   , 0.125, 0.   ]))]
Frame: 2700000, Avg. RL Loss: 0.001, Avg. Q value: -0.002, Avg. Length: 7139.0, P0 Avg. Reward: -1.143, P1 Avg. Reward: 1.143
Q table: 
 [[ 0.001 -0.006 -0.004 ... -0.001 -0.007 -0.001]
 [-0.003 -0.002 -0.002 ... -0.002 -0.005  0.001]
 [-0.    -0.003 -0.005 ... -0.004 -0.     0.001]
 ...
 [-0.001  0.     0.002 ... -0.012 -0.001 -0.003]
 [-0.001 -0.003 -0.003 ... -0.004  0.002 -0.002]
 [ 0.003  0.     0.002 ... -0.001 -0.006  0.017]]
Nash policies:  [(array([0.   , 0.   , 0.117, 0.   , 0.   , 0.416, 0.   , 0.   , 0.235, 0.   , 0.   , 0.   , 0.   , 0.   , 0.075, 0.037, 0.04 , 0.08 ]), array([0.   , 0.51 , 0.083, 0.   , 0.   , 0.   , 0.   , 0.   , 0.   , 0.   , 0.   , 0.045, 0.12 , 0.166, 0.048, 0.   , 0.028, 0.   ]))]
Frame: 2850000, Avg. RL Loss: 0.001, Avg. Q value: -0.002, Avg. Length: 7139.0, P0 Avg. Reward: -2.619, P1 Avg. Reward: 2.619
Q table: 
 [[-0.014 -0.003 -0.014 ... -0.004 -0.004 -0.004]
 [-0.015 -0.003 -0.008 ... -0.006 -0.006 -0.001]
 [-0.006 -0.001 -0.007 ... -0.007 -0.002  0.002]
 ...
 [-0.011 -0.006 -0.007 ... -0.007 -0.008  0.002]
 [-0.004 -0.004 -0.003 ... -0.004 -0.003  0.043]
 [-0.007 -0.005 -0.002 ... -0.004 -0.003  0.004]]
Nash policies:  [(array([0.125, 0.   , 0.   , 0.069, 0.   , 0.296, 0.   , 0.   , 0.   , 0.011, 0.   , 0.   , 0.409, 0.   , 0.   , 0.   , 0.088, 0.   ]), array([0.001, 0.363, 0.   , 0.   , 0.   , 0.   , 0.   , 0.   , 0.   , 0.   , 0.106, 0.25 , 0.238, 0.042, 0.   , 0.   , 0.   , 0.   ]))]
Frame: 3000000, Avg. RL Loss: 0.001, Avg. Q value: -0.004, Avg. Length: 7139.0, P0 Avg. Reward: -0.190, P1 Avg. Reward: 0.190
Q table: 
 [[ 0.004 -0.008 -0.006 ... -0.005  0.    -0.004]
 [-0.007 -0.004 -0.01  ... -0.002 -0.005 -0.009]
 [-0.001 -0.008  0.002 ... -0.006 -0.006  0.001]
 ...
 [-0.004 -0.001  0.006 ... -0.001 -0.007 -0.003]
 [-0.005  0.     0.007 ... -0.    -0.004  0.035]
 [ 0.002 -0.012  0.003 ... -0.001  0.003  0.002]]
Nash policies:  [(array([0.   , 0.   , 0.   , 0.   , 0.   , 0.   , 0.   , 0.004, 0.   , 0.   , 0.224, 0.   , 0.292, 0.209, 0.145, 0.006, 0.12 , 0.   ]), array([0.005, 0.   , 0.03 , 0.   , 0.054, 0.   , 0.   , 0.   , 0.   , 0.   , 0.157, 0.496, 0.   , 0.153, 0.104, 0.   , 0.   , 0.   ]))]
Frame: 3150000, Avg. RL Loss: 0.002, Avg. Q value: -0.003, Avg. Length: 7139.0, P0 Avg. Reward: -2.286, P1 Avg. Reward: 2.286
Q table: 
 [[-0.02  -0.007 -0.022 ... -0.003  0.002 -0.001]
 [-0.005 -0.006 -0.006 ... -0.004 -0.008  0.013]
 [-0.009  0.001  0.008 ... -0.01   0.006 -0.001]
 ...
 [-0.001  0.002  0.001 ... -0.003 -0.005 -0.   ]
 [ 0.005 -0.001  0.006 ... -0.    -0.001  0.021]
 [ 0.002 -0.003  0.008 ... -0.001  0.007  0.022]]
Nash policies:  [(array([0.   , 0.   , 0.   , 0.   , 0.   , 0.037, 0.   , 0.   , 0.   , 0.   , 0.085, 0.   , 0.   , 0.   , 0.173, 0.063, 0.2  , 0.441]), array([0.   , 0.058, 0.   , 0.   , 0.155, 0.   , 0.   , 0.148, 0.   , 0.   , 0.   , 0.042, 0.   , 0.   , 0.436, 0.161, 0.   , 0.   ]))]
Frame: 3300000, Avg. RL Loss: 0.002, Avg. Q value: -0.006, Avg. Length: 7139.0, P0 Avg. Reward: -2.000, P1 Avg. Reward: 2.000
Q table: 
 [[-0.034 -0.016 -0.048 ... -0.011 -0.004 -0.017]
 [-0.011 -0.012 -0.036 ... -0.014 -0.008  0.029]
 [-0.021 -0.017 -0.014 ... -0.015 -0.02   0.001]
 ...
 [-0.009 -0.017 -0.012 ... -0.012 -0.014  0.007]
 [-0.003 -0.017 -0.012 ... -0.019 -0.007 -0.   ]
 [-0.012 -0.015 -0.012 ... -0.015 -0.014 -0.001]]
Nash policies:  [(array([0.   , 0.   , 0.   , 0.   , 0.   , 0.   , 0.043, 0.   , 0.116, 0.036, 0.075, 0.411, 0.109, 0.   , 0.   , 0.   , 0.135, 0.074]), array([0.021, 0.   , 0.036, 0.   , 0.   , 0.22 , 0.   , 0.14 , 0.   , 0.   , 0.258, 0.107, 0.139, 0.   , 0.079, 0.   , 0.   , 0.   ]))]
Frame: 3450000, Avg. RL Loss: 0.001, Avg. Q value: -0.008, Avg. Length: 7139.0, P0 Avg. Reward: -0.095, P1 Avg. Reward: 0.095
Q table: 
 [[-0.011 -0.002 -0.015 ... -0.009  0.003  0.   ]
 [-0.009 -0.004  0.008 ... -0.    -0.007  0.019]
 [-0.011 -0.001  0.003 ... -0.008 -0.008 -0.006]
 ...
 [ 0.013  0.     0.008 ...  0.003  0.001 -0.001]
 [ 0.011  0.008  0.007 ...  0.007  0.002  0.001]
 [ 0.007  0.002  0.001 ... -0.002 -0.004  0.008]]
Nash policies:  [(array([0.   , 0.003, 0.065, 0.   , 0.   , 0.   , 0.   , 0.   , 0.   , 0.   , 0.383, 0.047, 0.   , 0.   , 0.042, 0.139, 0.145, 0.177]), array([0.   , 0.   , 0.   , 0.225, 0.017, 0.   , 0.   , 0.007, 0.   , 0.   , 0.   , 0.   , 0.223, 0.128, 0.281, 0.004, 0.   , 0.116]))]
Frame: 3600000, Avg. RL Loss: 0.001, Avg. Q value: -0.005, Avg. Length: 7139.0, P0 Avg. Reward: -0.762, P1 Avg. Reward: 0.762
Q table: 
 [[-0.027 -0.012 -0.016 ...  0.002  0.001 -0.002]
 [-0.02  -0.003  0.003 ... -0.006  0.002  0.011]
 [-0.008 -0.005 -0.006 ... -0.008 -0.009  0.005]
 ...
 [ 0.013 -0.006  0.007 ... -0.     0.005 -0.004]
 [-0.     0.004 -0.003 ... -0.001 -0.002  0.008]
 [-0.003 -0.007 -0.004 ...  0.006 -0.002 -0.012]]
Nash policies:  [(array([0.   , 0.   , 0.   , 0.   , 0.   , 0.   , 0.   , 0.2  , 0.022, 0.182, 0.   , 0.   , 0.074, 0.   , 0.   , 0.172, 0.35 , 0.   ]), array([0.   , 0.   , 0.124, 0.   , 0.   , 0.056, 0.   , 0.   , 0.   , 0.   , 0.   , 0.   , 0.13 , 0.265, 0.363, 0.   , 0.062, 0.   ]))]
Frame: 3750000, Avg. RL Loss: 0.001, Avg. Q value: -0.007, Avg. Length: 7139.0, P0 Avg. Reward: -1.429, P1 Avg. Reward: 1.429
Q table: 
 [[-0.003 -0.008 -0.006 ... -0.002 -0.008 -0.004]
 [-0.005  0.001  0.002 ... -0.008 -0.004 -0.009]
 [-0.01  -0.007 -0.01  ... -0.002 -0.008 -0.008]
 ...
 [ 0.006 -0.001 -0.008 ... -0.003 -0.009 -0.006]
 [ 0.    -0.005 -0.002 ... -0.007 -0.006 -0.007]
 [-0.005 -0.006  0.003 ... -0.005 -0.003 -0.002]]
Nash policies:  [(array([0.   , 0.   , 0.   , 0.   , 0.   , 0.   , 0.   , 0.   , 0.   , 0.   , 0.   , 0.358, 0.56 , 0.081, 0.   , 0.   , 0.   , 0.   ]), array([0.   , 0.   , 0.   , 0.   , 0.   , 0.   , 0.   , 0.   , 0.   , 0.   , 0.204, 0.12 , 0.676, 0.   , 0.   , 0.   , 0.   , 0.   ]))]
Frame: 3900000, Avg. RL Loss: 0.000, Avg. Q value: -0.007, Avg. Length: 7139.0, P0 Avg. Reward: -0.286, P1 Avg. Reward: 0.286
Q table: 
 [[-0.01  -0.004 -0.006 ... -0.007 -0.009 -0.007]
 [-0.012 -0.01  -0.008 ... -0.008 -0.005 -0.006]
 [-0.013 -0.009 -0.016 ... -0.009 -0.009 -0.01 ]
 ...
 [ 0.008 -0.009 -0.005 ... -0.008 -0.004 -0.009]
 [-0.001 -0.006 -0.007 ... -0.009 -0.008 -0.007]
 [-0.003 -0.006 -0.007 ... -0.008 -0.007 -0.001]]
Nash policies:  [(array([0.041, 0.145, 0.   , 0.   , 0.   , 0.   , 0.   , 0.   , 0.   , 0.123, 0.   , 0.   , 0.192, 0.   , 0.073, 0.   , 0.   , 0.426]), array([0.   , 0.   , 0.   , 0.   , 0.   , 0.   , 0.   , 0.   , 0.   , 0.101, 0.049, 0.386, 0.   , 0.161, 0.   , 0.213, 0.09 , 0.   ]))]
Frame: 4050000, Avg. RL Loss: 0.000, Avg. Q value: -0.004, Avg. Length: 7139.0, P0 Avg. Reward: -0.381, P1 Avg. Reward: 0.381
Q table: 
 [[-0.002 -0.004 -0.01  ... -0.004 -0.004 -0.004]
 [-0.001 -0.003 -0.002 ... -0.003 -0.004 -0.003]
 [-0.005 -0.005 -0.003 ... -0.004 -0.004 -0.004]
 ...
 [ 0.006 -0.005 -0.005 ... -0.005 -0.004 -0.004]
 [ 0.004 -0.005 -0.002 ... -0.005 -0.007 -0.005]
 [-0.001 -0.002 -0.002 ... -0.005 -0.004 -0.004]]
Nash policies:  [(array([0.095, 0.633, 0.   , 0.   , 0.272, 0.   , 0.   , 0.   , 0.   , 0.   , 0.   , 0.   , 0.   , 0.   , 0.   , 0.   , 0.   , 0.   ]), array([0.   , 0.   , 0.   , 0.   , 0.   , 0.   , 0.   , 0.   , 0.   , 0.   , 0.228, 0.   , 0.   , 0.   , 0.   , 0.   , 0.223, 0.549]))]
Frame: 4200000, Avg. RL Loss: 0.000, Avg. Q value: -0.003, Avg. Length: 7139.0, P0 Avg. Reward: -0.048, P1 Avg. Reward: 0.048
Q table: 
 [[-0.003 -0.004 -0.003 ... -0.003 -0.005 -0.004]
 [-0.002 -0.004 -0.004 ... -0.004 -0.004 -0.004]
 [-0.006 -0.004 -0.005 ... -0.004 -0.002 -0.005]
 ...
 [ 0.002 -0.006 -0.007 ... -0.005 -0.004 -0.004]
 [ 0.001 -0.006 -0.003 ... -0.006 -0.006 -0.004]
 [-0.005 -0.003 -0.004 ... -0.005 -0.004 -0.004]]
Nash policies:  [(array([0.225, 0.294, 0.   , 0.   , 0.383, 0.   , 0.   , 0.   , 0.   , 0.   , 0.   , 0.007, 0.   , 0.   , 0.   , 0.   , 0.   , 0.092]), array([0.   , 0.613, 0.034, 0.   , 0.   , 0.   , 0.   , 0.   , 0.019, 0.   , 0.   , 0.   , 0.   , 0.282, 0.052, 0.   , 0.   , 0.   ]))]
Frame: 4350000, Avg. RL Loss: 0.001, Avg. Q value: -0.007, Avg. Length: 7139.0, P0 Avg. Reward: 0.048, P1 Avg. Reward: -0.048
Q table: 
 [[ 0.002 -0.006 -0.001 ... -0.006 -0.006 -0.006]
 [ 0.002 -0.003  0.002 ... -0.001 -0.003 -0.004]
 [ 0.    -0.006  0.003 ... -0.005 -0.003 -0.006]
 ...
 [ 0.002 -0.005 -0.001 ... -0.004 -0.007 -0.003]
 [-0.    -0.011 -0.005 ... -0.009 -0.007 -0.007]
 [-0.004 -0.004 -0.004 ... -0.005 -0.003 -0.008]]
Nash policies:  [(array([0.   , 0.16 , 0.   , 0.   , 0.057, 0.078, 0.   , 0.   , 0.   , 0.   , 0.001, 0.352, 0.   , 0.222, 0.   , 0.073, 0.   , 0.057]), array([0.   , 0.101, 0.   , 0.   , 0.   , 0.146, 0.   , 0.   , 0.   , 0.   , 0.198, 0.068, 0.24 , 0.   , 0.131, 0.034, 0.   , 0.082]))]
Frame: 4500000, Avg. RL Loss: 0.002, Avg. Q value: -0.010, Avg. Length: 7139.0, P0 Avg. Reward: -3.524, P1 Avg. Reward: 3.524
Q table: 
 [[-0.142 -0.106 -0.134 ... -0.093 -0.082 -0.082]
 [-0.087 -0.08  -0.114 ... -0.085 -0.104 -0.104]
 [-0.13  -0.129 -0.162 ... -0.105 -0.128 -0.115]
 ...
 [-0.129 -0.091 -0.113 ... -0.092 -0.141 -0.095]
 [-0.079 -0.109 -0.137 ... -0.103 -0.098 -0.087]
 [-0.105 -0.104 -0.123 ... -0.099 -0.146 -0.093]]
Nash policies:  [(array([0.   , 0.359, 0.   , 0.194, 0.   , 0.   , 0.   , 0.   , 0.   , 0.   , 0.   , 0.203, 0.   , 0.   , 0.   , 0.244, 0.   , 0.   ]), array([0.   , 0.   , 0.631, 0.   , 0.   , 0.   , 0.   , 0.   , 0.   , 0.   , 0.   , 0.115, 0.   , 0.   , 0.196, 0.   , 0.058, 0.   ]))]
Frame: 4650000, Avg. RL Loss: 0.002, Avg. Q value: -0.026, Avg. Length: 7139.0, P0 Avg. Reward: -2.905, P1 Avg. Reward: 2.905
Q table: 
 [[ 0.    -0.012 -0.023 ... -0.025 -0.024 -0.023]
 [-0.024 -0.025 -0.016 ... -0.024 -0.023 -0.033]
 [-0.025 -0.021 -0.027 ... -0.025 -0.027 -0.026]
 ...
 [-0.015 -0.023 -0.021 ... -0.022 -0.022 -0.024]
 [-0.014 -0.019 -0.025 ... -0.025 -0.018 -0.026]
 [-0.007 -0.022 -0.017 ... -0.025 -0.021 -0.022]]
Nash policies:  [(array([0.   , 0.   , 0.   , 0.   , 0.   , 0.   , 0.   , 0.03 , 0.054, 0.   , 0.348, 0.119, 0.   , 0.352, 0.002, 0.   , 0.   , 0.095]), array([0.   , 0.   , 0.012, 0.   , 0.   , 0.   , 0.216, 0.   , 0.   , 0.023, 0.565, 0.05 , 0.041, 0.   , 0.   , 0.   , 0.   , 0.093]))]
Frame: 4800000, Avg. RL Loss: 0.001, Avg. Q value: -0.014, Avg. Length: 7139.0, P0 Avg. Reward: 0.048, P1 Avg. Reward: -0.048
Q table: 
 [[ 0.001 -0.001 -0.002 ... -0.005 -0.005 -0.007]
 [-0.012 -0.01  -0.016 ... -0.004 -0.005 -0.005]
 [ 0.001 -0.002 -0.    ... -0.003 -0.006 -0.005]
 ...
 [ 0.008 -0.006 -0.    ... -0.005  0.002 -0.008]
 [-0.002  0.007  0.004 ... -0.004 -0.006 -0.007]
 [ 0.016 -0.    -0.001 ... -0.007 -0.006 -0.008]]
Nash policies:  [(array([0.136, 0.   , 0.021, 0.051, 0.   , 0.   , 0.158, 0.173, 0.   , 0.   , 0.159, 0.171, 0.01 , 0.101, 0.   , 0.   , 0.   , 0.019]), array([0.   , 0.   , 0.   , 0.25 , 0.052, 0.021, 0.   , 0.212, 0.121, 0.074, 0.   , 0.031, 0.004, 0.01 , 0.   , 0.   , 0.   , 0.224]))]
Frame: 4950000, Avg. RL Loss: 0.000, Avg. Q value: -0.003, Avg. Length: 7139.0, P0 Avg. Reward: 0.000, P1 Avg. Reward: 0.000
Q table: 
 [[-0.002 -0.     0.001 ... -0.001 -0.001 -0.001]
 [-0.003 -0.003 -0.016 ... -0.002 -0.003 -0.   ]
 [-0.002  0.001 -0.001 ... -0.002  0.    -0.001]
 ...
 [ 0.007 -0.003  0.009 ... -0.001 -0.    -0.004]
 [ 0.001  0.001  0.003 ... -0.003 -0.003 -0.002]
 [ 0.012  0.001  0.001 ... -0.002 -0.002 -0.002]]
Nash policies:  [(array([0.   , 0.   , 0.386, 0.   , 0.   , 0.056, 0.   , 0.427, 0.   , 0.   , 0.   , 0.   , 0.   , 0.   , 0.072, 0.   , 0.059, 0.   ]), array([0.   , 0.   , 0.021, 0.   , 0.   , 0.125, 0.   , 0.   , 0.   , 0.777, 0.074, 0.   , 0.   , 0.   , 0.   , 0.002, 0.   , 0.   ]))]
Frame: 5100000, Avg. RL Loss: 0.000, Avg. Q value: -0.003, Avg. Length: 7139.0, P0 Avg. Reward: 0.095, P1 Avg. Reward: -0.095
Q table: 
 [[-0.    -0.002 -0.005 ... -0.003 -0.004 -0.003]
 [-0.005 -0.002 -0.007 ... -0.    -0.001 -0.005]
 [-0.003 -0.004 -0.003 ... -0.    -0.004 -0.004]
 ...
 [ 0.001 -0.003  0.01  ... -0.001 -0.006 -0.003]
 [-0.005  0.001 -0.003 ...  0.001 -0.001 -0.002]
 [ 0.002  0.003 -0.001 ... -0.003  0.    -0.004]]
Nash policies:  [(array([0.   , 0.035, 0.   , 0.   , 0.   , 0.   , 0.   , 0.042, 0.   , 0.217, 0.   , 0.355, 0.   , 0.   , 0.261, 0.   , 0.   , 0.091]), array([0.   , 0.066, 0.   , 0.   , 0.   , 0.   , 0.   , 0.   , 0.   , 0.   , 0.289, 0.   , 0.161, 0.   , 0.071, 0.109, 0.   , 0.305]))]
Frame: 5250000, Avg. RL Loss: 0.002, Avg. Q value: -0.009, Avg. Length: 7139.0, P0 Avg. Reward: -0.952, P1 Avg. Reward: 0.952
Q table: 
 [[-0.027 -0.034 -0.042 ... -0.031 -0.03  -0.023]
 [-0.022 -0.029 -0.03  ... -0.024 -0.022 -0.025]
 [-0.029 -0.028 -0.032 ... -0.025 -0.022 -0.029]
 ...
 [-0.026 -0.018 -0.033 ... -0.031 -0.032 -0.025]
 [-0.033 -0.025 -0.027 ... -0.031 -0.03  -0.026]
 [-0.025 -0.031 -0.037 ... -0.026 -0.028 -0.017]]
Nash policies:  [(array([0.   , 0.   , 0.   , 0.107, 0.305, 0.   , 0.145, 0.251, 0.   , 0.074, 0.   , 0.   , 0.   , 0.047, 0.   , 0.002, 0.   , 0.069]), array([0.   , 0.098, 0.225, 0.   , 0.215, 0.   , 0.   , 0.   , 0.   , 0.014, 0.203, 0.12 , 0.   , 0.   , 0.087, 0.   , 0.   , 0.038]))]
Frame: 5400000, Avg. RL Loss: 0.001, Avg. Q value: -0.004, Avg. Length: 7139.0, P0 Avg. Reward: -1.524, P1 Avg. Reward: 1.524
Q table: 
 [[-0.002 -0.006 -0.006 ... -0.006 -0.009 -0.006]
 [-0.005 -0.007 -0.009 ... -0.004 -0.005 -0.002]
 [-0.004 -0.004 -0.01  ... -0.005 -0.005 -0.005]
 ...
 [-0.005 -0.007 -0.008 ... -0.007 -0.002 -0.003]
 [-0.001 -0.004 -0.    ... -0.009 -0.009 -0.003]
 [-0.004 -0.004 -0.004 ... -0.003 -0.01  -0.007]]
Nash policies:  [(array([0.009, 0.   , 0.   , 0.   , 0.188, 0.048, 0.051, 0.   , 0.146, 0.   , 0.   , 0.072, 0.316, 0.11 , 0.06 , 0.   , 0.   , 0.   ]), array([0.   , 0.   , 0.   , 0.587, 0.008, 0.026, 0.2  , 0.   , 0.018, 0.   , 0.004, 0.   , 0.034, 0.   , 0.046, 0.   , 0.079, 0.   ]))]
Frame: 5550000, Avg. RL Loss: 0.000, Avg. Q value: -0.006, Avg. Length: 7139.0, P0 Avg. Reward: 0.571, P1 Avg. Reward: -0.571
Q table: 
 [[ 0.001  0.001  0.002 ... -0.001 -0.001 -0.   ]
 [-0.001 -0.001 -0.001 ... -0.001 -0.002 -0.001]
 [-0.002 -0.    -0.002 ...  0.     0.001  0.003]
 ...
 [-0.001 -0.001  0.    ... -0.001 -0.001 -0.002]
 [ 0.005  0.001  0.004 ... -0.004 -0.005  0.001]
 [ 0.006 -0.001  0.006 ... -0.     0.002  0.005]]
Nash policies:  [(array([0.   , 0.   , 0.   , 0.   , 0.   , 0.   , 0.   , 0.213, 0.   , 0.   , 0.   , 0.   , 0.28 , 0.366, 0.02 , 0.094, 0.027, 0.   ]), array([0.   , 0.284, 0.   , 0.   , 0.   , 0.   , 0.   , 0.   , 0.191, 0.159, 0.   , 0.232, 0.11 , 0.   , 0.   , 0.   , 0.023, 0.   ]))]
Frame: 5700000, Avg. RL Loss: 0.000, Avg. Q value: 0.001, Avg. Length: 7139.0, P0 Avg. Reward: 0.571, P1 Avg. Reward: -0.571
Q table: 
 [[ 0.    -0.     0.    ...  0.     0.001  0.001]
 [-0.001 -0.001 -0.001 ... -0.001  0.001  0.001]
 [-0.001 -0.     0.002 ...  0.001 -0.001  0.001]
 ...
 [ 0.001  0.001  0.002 ...  0.001 -0.001 -0.001]
 [-0.001  0.001 -0.    ... -0.001 -0.001 -0.003]
 [-0.011 -0.001  0.005 ...  0.     0.     0.003]]
Nash policies:  [(array([0.   , 0.   , 0.172, 0.   , 0.   , 0.   , 0.054, 0.162, 0.   , 0.   , 0.   , 0.   , 0.252, 0.125, 0.027, 0.209, 0.   , 0.   ]), array([0.111, 0.   , 0.   , 0.   , 0.048, 0.088, 0.   , 0.   , 0.   , 0.   , 0.178, 0.182, 0.028, 0.   , 0.365, 0.   , 0.   , 0.   ]))]
Frame: 5850000, Avg. RL Loss: 0.000, Avg. Q value: 0.002, Avg. Length: 7139.0, P0 Avg. Reward: -0.000, P1 Avg. Reward: 0.000
Q table: 
 [[ 0.002  0.003  0.002 ...  0.002  0.003  0.002]
 [-0.001  0.002 -0.002 ...  0.002  0.004  0.001]
 [ 0.003  0.002  0.003 ...  0.004  0.003  0.003]
 ...
 [ 0.001  0.003  0.002 ...  0.002  0.003  0.001]
 [-0.001  0.     0.002 ... -0.001  0.003  0.001]
 [ 0.004  0.     0.006 ...  0.012  0.003  0.001]]
Nash policies:  [(array([0.   , 0.   , 0.305, 0.   , 0.212, 0.   , 0.   , 0.   , 0.001, 0.   , 0.083, 0.113, 0.216, 0.068, 0.   , 0.   , 0.   , 0.   ]), array([0.039, 0.142, 0.   , 0.04 , 0.142, 0.   , 0.099, 0.   , 0.   , 0.   , 0.   , 0.232, 0.306, 0.   , 0.   , 0.   , 0.   , 0.   ]))]
Frame: 6000000, Avg. RL Loss: 0.000, Avg. Q value: 0.001, Avg. Length: 7139.0, P0 Avg. Reward: 0.000, P1 Avg. Reward: 0.000
Q table: 
 [[ 0.001  0.002  0.    ...  0.     0.     0.   ]
 [ 0.    -0.    -0.001 ... -0.001 -0.002  0.   ]
 [ 0.001  0.     0.001 ...  0.001  0.    -0.   ]
 ...
 [-0.001 -0.001  0.    ...  0.    -0.002 -0.001]
 [-0.001 -0.003 -0.    ... -0.004 -0.    -0.   ]
 [ 0.001  0.     0.001 ...  0.006  0.001 -0.   ]]
Nash policies:  [(array([0.352, 0.085, 0.   , 0.   , 0.198, 0.   , 0.   , 0.125, 0.   , 0.09 , 0.   , 0.   , 0.   , 0.   , 0.   , 0.149, 0.   , 0.   ]), array([0.048, 0.   , 0.   , 0.   , 0.074, 0.297, 0.   , 0.   , 0.   , 0.   , 0.   , 0.484, 0.   , 0.056, 0.   , 0.   , 0.04 , 0.   ]))]
Frame: 6150000, Avg. RL Loss: 0.000, Avg. Q value: 0.000, Avg. Length: 7139.0, P0 Avg. Reward: -0.143, P1 Avg. Reward: 0.143
Q table: 
 [[ 0.003  0.     0.005 ...  0.004  0.002  0.002]
 [ 0.004  0.001  0.003 ... -0.     0.001  0.002]
 [ 0.002 -0.001  0.005 ...  0.002  0.002  0.001]
 ...
 [ 0.001  0.004  0.003 ...  0.003 -0.     0.002]
 [ 0.003  0.003  0.001 ...  0.     0.003  0.   ]
 [ 0.002  0.001  0.004 ...  0.002  0.001  0.002]]
Nash policies:  [(array([0.1  , 0.06 , 0.082, 0.   , 0.064, 0.149, 0.   , 0.   , 0.074, 0.13 , 0.   , 0.071, 0.   , 0.093, 0.042, 0.137, 0.   , 0.   ]), array([0.161, 0.148, 0.   , 0.   , 0.   , 0.249, 0.021, 0.036, 0.017, 0.068, 0.185, 0.   , 0.   , 0.018, 0.092, 0.005, 0.   , 0.   ]))]
Frame: 6300000, Avg. RL Loss: 0.001, Avg. Q value: -0.002, Avg. Length: 7139.0, P0 Avg. Reward: -2.429, P1 Avg. Reward: 2.429
Q table: 
 [[-0.008 -0.004  0.001 ... -0.009 -0.007 -0.021]
 [-0.001 -0.007  0.002 ... -0.007 -0.008 -0.002]
 [-0.003  0.001  0.001 ... -0.004 -0.005 -0.005]
 ...
 [-0.006 -0.004 -0.005 ... -0.013 -0.009  0.001]
 [ 0.001 -0.003 -0.001 ... -0.004 -0.009 -0.005]
 [-0.006  0.005 -0.005 ... -0.003 -0.003 -0.008]]
Nash policies:  [(array([0.   , 0.   , 0.017, 0.   , 0.   , 0.   , 0.   , 0.   , 0.023, 0.   , 0.41 , 0.   , 0.197, 0.   , 0.   , 0.069, 0.126, 0.158]), array([0.   , 0.   , 0.   , 0.   , 0.069, 0.   , 0.   , 0.   , 0.   , 0.031, 0.179, 0.396, 0.   , 0.099, 0.   , 0.113, 0.   , 0.112]))]
Frame: 6450000, Avg. RL Loss: 0.002, Avg. Q value: -0.022, Avg. Length: 7139.0, P0 Avg. Reward: -3.143, P1 Avg. Reward: 3.143
Q table: 
 [[ 0.001 -0.003  0.    ...  0.004  0.016  0.015]
 [ 0.004  0.005  0.006 ...  0.01   0.011  0.008]
 [-0.004  0.003 -0.004 ...  0.004  0.002  0.012]
 ...
 [ 0.003  0.016  0.024 ...  0.008  0.012  0.017]
 [ 0.016  0.019  0.016 ...  0.02   0.007  0.008]
 [ 0.023  0.009  0.033 ...  0.023  0.034  0.019]]
Nash policies:  [(array([0.   , 0.   , 0.   , 0.   , 0.   , 0.   , 0.   , 0.   , 0.   , 0.   , 0.   , 0.   , 0.   , 0.161, 0.18 , 0.   , 0.448, 0.212]), array([0.   , 0.   , 0.   , 0.   , 0.   , 0.589, 0.   , 0.   , 0.   , 0.197, 0.   , 0.   , 0.   , 0.   , 0.112, 0.   , 0.   , 0.102]))]
Frame: 6600000, Avg. RL Loss: 0.001, Avg. Q value: -0.014, Avg. Length: 7139.0, P0 Avg. Reward: -2.429, P1 Avg. Reward: 2.429
Q table: 
 [[-0.017 -0.017 -0.016 ... -0.018 -0.016 -0.019]
 [-0.016 -0.007 -0.02  ... -0.018 -0.022 -0.021]
 [-0.019 -0.016 -0.026 ... -0.016 -0.028 -0.019]
 ...
 [-0.03  -0.017 -0.026 ... -0.013 -0.022 -0.023]
 [-0.021 -0.023 -0.016 ... -0.023 -0.021 -0.02 ]
 [-0.032 -0.013 -0.024 ... -0.022 -0.031 -0.033]]
Nash policies:  [(array([0.416, 0.   , 0.152, 0.   , 0.   , 0.   , 0.   , 0.   , 0.   , 0.   , 0.345, 0.053, 0.   , 0.   , 0.034, 0.   , 0.   , 0.   ]), array([0.   , 0.   , 0.   , 0.   , 0.   , 0.   , 0.038, 0.076, 0.174, 0.603, 0.   , 0.   , 0.   , 0.   , 0.109, 0.   , 0.   , 0.   ]))]
Frame: 6750000, Avg. RL Loss: 0.001, Avg. Q value: -0.018, Avg. Length: 7139.0, P0 Avg. Reward: -1.952, P1 Avg. Reward: 1.952
Q table: 
 [[-0.017 -0.028 -0.014 ... -0.016 -0.017 -0.021]
 [-0.019 -0.016 -0.026 ... -0.017 -0.019 -0.013]
 [-0.018 -0.015 -0.014 ... -0.016 -0.016 -0.016]
 ...
 [-0.016 -0.014 -0.017 ... -0.017 -0.018 -0.016]
 [-0.018 -0.022 -0.016 ... -0.017 -0.018 -0.023]
 [-0.014 -0.011 -0.018 ... -0.015 -0.019 -0.021]]
Nash policies:  [(array([0.   , 0.029, 0.   , 0.102, 0.   , 0.12 , 0.16 , 0.   , 0.   , 0.   , 0.02 , 0.446, 0.   , 0.   , 0.   , 0.   , 0.   , 0.123]), array([0.   , 0.   , 0.086, 0.   , 0.   , 0.645, 0.056, 0.021, 0.   , 0.088, 0.   , 0.   , 0.   , 0.015, 0.   , 0.   , 0.089, 0.   ]))]
Frame: 6900000, Avg. RL Loss: 0.001, Avg. Q value: -0.006, Avg. Length: 7139.0, P0 Avg. Reward: 0.714, P1 Avg. Reward: -0.714
Q table: 
 [[-0.01  -0.003  0.001 ...  0.001  0.001 -0.003]
 [-0.001  0.001  0.003 ... -0.002 -0.002  0.003]
 [-0.    -0.002  0.007 ... -0.    -0.003 -0.005]
 ...
 [-0.005  0.002 -0.    ...  0.    -0.004 -0.009]
 [-0.004 -0.002 -0.006 ... -0.004 -0.002 -0.006]
 [-0.005 -0.005 -0.006 ... -0.004 -0.011 -0.009]]
Nash policies:  [(array([0.   , 0.214, 0.141, 0.   , 0.006, 0.   , 0.   , 0.   , 0.   , 0.   , 0.045, 0.379, 0.016, 0.068, 0.118, 0.   , 0.013, 0.   ]), array([0.082, 0.   , 0.   , 0.   , 0.   , 0.033, 0.107, 0.281, 0.   , 0.231, 0.   , 0.   , 0.044, 0.126, 0.093, 0.   , 0.   , 0.005]))]
Frame: 7050000, Avg. RL Loss: 0.001, Avg. Q value: -0.005, Avg. Length: 7139.0, P0 Avg. Reward: -0.619, P1 Avg. Reward: 0.619
Q table: 
 [[-0.007 -0.011 -0.016 ... -0.011 -0.008 -0.01 ]
 [-0.009 -0.009 -0.011 ... -0.009 -0.009 -0.009]
 [-0.009 -0.008 -0.007 ... -0.008 -0.008 -0.007]
 ...
 [-0.008 -0.007 -0.008 ... -0.009 -0.01  -0.003]
 [-0.011 -0.01  -0.006 ... -0.009 -0.008 -0.007]
 [-0.008 -0.002 -0.009 ... -0.015 -0.007 -0.01 ]]
Nash policies:  [(array([0.047, 0.105, 0.   , 0.   , 0.023, 0.258, 0.135, 0.17 , 0.   , 0.   , 0.   , 0.   , 0.   , 0.   , 0.   , 0.261, 0.   , 0.   ]), array([0.348, 0.   , 0.089, 0.   , 0.004, 0.373, 0.006, 0.178, 0.   , 0.   , 0.   , 0.   , 0.   , 0.   , 0.   , 0.   , 0.   , 0.002]))]
Frame: 7200000, Avg. RL Loss: 0.001, Avg. Q value: -0.017, Avg. Length: 7139.0, P0 Avg. Reward: -1.714, P1 Avg. Reward: 1.714
Q table: 
 [[-0.011 -0.009 -0.008 ... -0.007 -0.009 -0.01 ]
 [-0.01  -0.013 -0.004 ... -0.009 -0.011 -0.011]
 [-0.01  -0.008 -0.001 ... -0.008 -0.009 -0.009]
 ...
 [-0.004 -0.005 -0.005 ... -0.01  -0.01  -0.011]
 [-0.011 -0.006 -0.011 ... -0.012 -0.011 -0.01 ]
 [-0.009 -0.009 -0.01  ... -0.007 -0.009 -0.008]]
Nash policies:  [(array([0.   , 0.   , 0.   , 0.167, 0.025, 0.182, 0.088, 0.   , 0.   , 0.184, 0.   , 0.057, 0.   , 0.   , 0.   , 0.084, 0.   , 0.213]), array([0.162, 0.143, 0.   , 0.067, 0.   , 0.   , 0.   , 0.017, 0.   , 0.036, 0.   , 0.   , 0.   , 0.   , 0.031, 0.151, 0.394, 0.   ]))]
Frame: 7350000, Avg. RL Loss: 0.000, Avg. Q value: -0.007, Avg. Length: 7139.0, P0 Avg. Reward: -0.190, P1 Avg. Reward: 0.190
Q table: 
 [[-0.014 -0.011 -0.011 ... -0.012 -0.011 -0.012]
 [-0.011 -0.014 -0.01  ... -0.012 -0.016 -0.039]
 [-0.012 -0.01  -0.013 ... -0.012 -0.01  -0.011]
 ...
 [-0.01  -0.01  -0.013 ... -0.011 -0.01  -0.008]
 [-0.014 -0.01  -0.005 ... -0.011 -0.011 -0.02 ]
 [-0.01  -0.014 -0.009 ... -0.012 -0.012 -0.015]]
Nash policies:  [(array([0.   , 0.   , 0.031, 0.   , 0.   , 0.019, 0.531, 0.175, 0.   , 0.106, 0.   , 0.   , 0.097, 0.   , 0.   , 0.   , 0.04 , 0.   ]), array([0.   , 0.   , 0.142, 0.   , 0.   , 0.083, 0.   , 0.498, 0.   , 0.06 , 0.   , 0.   , 0.   , 0.   , 0.   , 0.106, 0.03 , 0.081]))]
Frame: 7500000, Avg. RL Loss: 0.001, Avg. Q value: -0.017, Avg. Length: 7139.0, P0 Avg. Reward: -1.714, P1 Avg. Reward: 1.714
Q table: 
 [[-0.041 -0.038 -0.032 ... -0.033 -0.032 -0.035]
 [-0.03  -0.036 -0.038 ... -0.033 -0.038 -0.042]
 [-0.032 -0.035 -0.035 ... -0.038 -0.037 -0.032]
 ...
 [-0.045 -0.036 -0.036 ... -0.037 -0.04  -0.036]
 [-0.028 -0.039 -0.03  ... -0.034 -0.028 -0.039]
 [-0.028 -0.034 -0.041 ... -0.035 -0.032 -0.041]]
Nash policies:  [(array([0.367, 0.   , 0.193, 0.   , 0.   , 0.   , 0.   , 0.198, 0.   , 0.   , 0.21 , 0.   , 0.   , 0.   , 0.033, 0.   , 0.   , 0.   ]), array([0.   , 0.176, 0.   , 0.   , 0.   , 0.131, 0.   , 0.   , 0.023, 0.   , 0.   , 0.31 , 0.   , 0.   , 0.   , 0.   , 0.   , 0.36 ]))]
Frame: 7650000, Avg. RL Loss: 0.002, Avg. Q value: -0.019, Avg. Length: 7139.0, P0 Avg. Reward: -1.952, P1 Avg. Reward: 1.952
Q table: 
 [[-0.02  -0.015 -0.018 ... -0.014 -0.016 -0.014]
 [-0.018 -0.016 -0.005 ... -0.024 -0.018 -0.019]
 [-0.023 -0.015 -0.015 ... -0.019 -0.017 -0.015]
 ...
 [-0.01  -0.014 -0.015 ... -0.021 -0.016 -0.022]
 [-0.015 -0.017 -0.017 ... -0.016 -0.024 -0.015]
 [-0.017 -0.013 -0.013 ... -0.015 -0.016 -0.016]]
Nash policies:  [(array([0.021, 0.   , 0.035, 0.   , 0.   , 0.142, 0.106, 0.   , 0.   , 0.   , 0.   , 0.   , 0.5  , 0.   , 0.107, 0.   , 0.   , 0.09 ]), array([0.   , 0.168, 0.154, 0.   , 0.   , 0.   , 0.133, 0.   , 0.   , 0.   , 0.   , 0.   , 0.239, 0.074, 0.017, 0.216, 0.   , 0.   ]))]
Frame: 7800000, Avg. RL Loss: 0.002, Avg. Q value: -0.014, Avg. Length: 7139.0, P0 Avg. Reward: -2.429, P1 Avg. Reward: 2.429
Q table: 
 [[-0.002 -0.001  0.001 ...  0.    -0.    -0.014]
 [-0.006 -0.    -0.004 ... -0.004 -0.003  0.007]
 [ 0.    -0.    -0.007 ... -0.006 -0.002 -0.003]
 ...
 [ 0.002 -0.004 -0.006 ... -0.007  0.001  0.002]
 [-0.003 -0.006 -0.002 ... -0.001 -0.002 -0.001]
 [ 0.005 -0.     0.    ...  0.001 -0.002  0.006]]
Nash policies:  [(array([0.   , 0.   , 0.   , 0.   , 0.119, 0.001, 0.098, 0.07 , 0.225, 0.   , 0.   , 0.   , 0.   , 0.   , 0.   , 0.   , 0.163, 0.323]), array([0.   , 0.278, 0.054, 0.   , 0.183, 0.   , 0.044, 0.   , 0.   , 0.145, 0.   , 0.077, 0.   , 0.   , 0.   , 0.   , 0.219, 0.   ]))]
Frame: 7950000, Avg. RL Loss: 0.000, Avg. Q value: -0.002, Avg. Length: 7139.0, P0 Avg. Reward: -1.667, P1 Avg. Reward: 1.667
Q table: 
 [[-0.008 -0.011 -0.01  ... -0.01  -0.012 -0.008]
 [-0.005 -0.012 -0.009 ... -0.004 -0.01  -0.007]
 [-0.01  -0.012 -0.013 ... -0.011 -0.01  -0.011]
 ...
 [-0.011 -0.014 -0.01  ... -0.008 -0.012 -0.004]
 [-0.011 -0.012 -0.01  ... -0.017 -0.01  -0.004]
 [-0.008 -0.014 -0.011 ... -0.008 -0.002 -0.005]]
Nash policies:  [(array([0.   , 0.141, 0.   , 0.169, 0.108, 0.   , 0.   , 0.225, 0.   , 0.   , 0.   , 0.119, 0.024, 0.   , 0.215, 0.   , 0.   , 0.   ]), array([0.   , 0.44 , 0.   , 0.102, 0.049, 0.   , 0.   , 0.   , 0.   , 0.235, 0.   , 0.053, 0.   , 0.   , 0.   , 0.111, 0.009, 0.   ]))]
Frame: 8100000, Avg. RL Loss: 0.001, Avg. Q value: -0.011, Avg. Length: 7139.0, P0 Avg. Reward: -1.095, P1 Avg. Reward: 1.095
Q table: 
 [[-0.004 -0.002 -0.003 ... -0.004 -0.006 -0.002]
 [-0.001 -0.004 -0.003 ... -0.004 -0.005 -0.002]
 [-0.003 -0.002 -0.004 ... -0.004 -0.003 -0.002]
 ...
 [-0.003 -0.004 -0.003 ... -0.005 -0.003  0.001]
 [-0.005  0.    -0.002 ... -0.003 -0.001 -0.   ]
 [-0.001 -0.005 -0.004 ... -0.003 -0.002  0.001]]
Nash policies:  [(array([0.   , 0.   , 0.   , 0.062, 0.144, 0.   , 0.   , 0.   , 0.   , 0.   , 0.283, 0.   , 0.   , 0.   , 0.174, 0.108, 0.128, 0.102]), array([0.   , 0.   , 0.   , 0.139, 0.294, 0.   , 0.321, 0.   , 0.   , 0.   , 0.   , 0.026, 0.054, 0.107, 0.   , 0.   , 0.06 , 0.   ]))]
Frame: 8250000, Avg. RL Loss: 0.000, Avg. Q value: -0.005, Avg. Length: 7139.0, P0 Avg. Reward: -0.095, P1 Avg. Reward: 0.095
Q table: 
 [[-0.011 -0.007 -0.008 ... -0.01  -0.009 -0.007]
 [-0.009 -0.008 -0.007 ... -0.007 -0.007 -0.008]
 [-0.011 -0.009 -0.011 ... -0.012 -0.009 -0.01 ]
 ...
 [-0.005 -0.008 -0.004 ...  0.004 -0.007 -0.005]
 [-0.007 -0.005 -0.005 ... -0.009 -0.008 -0.003]
 [-0.006 -0.008 -0.006 ... -0.009 -0.005 -0.005]]
Nash policies:  [(array([0.   , 0.   , 0.   , 0.   , 0.   , 0.   , 0.   , 0.   , 0.   , 0.   , 0.264, 0.   , 0.074, 0.   , 0.   , 0.043, 0.288, 0.331]), array([0.   , 0.199, 0.   , 0.   , 0.   , 0.   , 0.446, 0.   , 0.116, 0.194, 0.   , 0.   , 0.   , 0.   , 0.   , 0.046, 0.   , 0.   ]))]
Frame: 8400000, Avg. RL Loss: 0.000, Avg. Q value: -0.006, Avg. Length: 7139.0, P0 Avg. Reward: 0.238, P1 Avg. Reward: -0.238
Q table: 
 [[-0.008 -0.006 -0.009 ... -0.008 -0.009 -0.008]
 [-0.006 -0.011 -0.007 ... -0.006 -0.007 -0.006]
 [-0.009 -0.008 -0.008 ... -0.009 -0.006 -0.008]
 ...
 [-0.007 -0.008 -0.009 ... -0.001 -0.007 -0.005]
 [-0.007 -0.005 -0.007 ... -0.007 -0.009 -0.003]
 [-0.007 -0.007 -0.008 ... -0.008 -0.005 -0.004]]
Nash policies:  [(array([0.   , 0.   , 0.   , 0.076, 0.   , 0.   , 0.   , 0.   , 0.   , 0.02 , 0.012, 0.   , 0.   , 0.   , 0.769, 0.   , 0.022, 0.1  ]), array([0.   , 0.   , 0.512, 0.058, 0.   , 0.145, 0.   , 0.   , 0.   , 0.   , 0.137, 0.111, 0.   , 0.   , 0.   , 0.036, 0.   , 0.   ]))]
Frame: 8550000, Avg. RL Loss: 0.001, Avg. Q value: -0.017, Avg. Length: 7139.0, P0 Avg. Reward: -0.190, P1 Avg. Reward: 0.190
Q table: 
 [[-0.036 -0.033 -0.035 ... -0.034 -0.036 -0.034]
 [-0.03  -0.044 -0.032 ... -0.054 -0.038 -0.035]
 [-0.04  -0.035 -0.032 ... -0.038 -0.034 -0.033]
 ...
 [-0.036 -0.036 -0.036 ... -0.034 -0.04  -0.039]
 [-0.035 -0.042 -0.046 ... -0.039 -0.028 -0.034]
 [-0.029 -0.038 -0.032 ... -0.036 -0.023 -0.03 ]]
Nash policies:  [(array([0.664, 0.026, 0.043, 0.091, 0.   , 0.   , 0.016, 0.   , 0.   , 0.   , 0.   , 0.   , 0.032, 0.   , 0.   , 0.052, 0.015, 0.061]), array([0.043, 0.   , 0.   , 0.108, 0.   , 0.   , 0.087, 0.24 , 0.   , 0.   , 0.084, 0.173, 0.   , 0.157, 0.   , 0.037, 0.071, 0.   ]))]