                          Options
                          seed: 1122
                          batch_size: 256
                          no_cuda: False
                          max_frames: 1000000000
                          buffer_size: 100000
                          update_target: 1000
                          train_freq: 100
                          gamma: 0.99
                          eta: 0.1
                          rl_start: 10000
                          sl_start: 1000
                          num_envs: 1
                          hidden_dim: 256
                          dueling: False
                          multi_step: 1
                          env: SlimeVolley-v0
                          ram: False
                          negative: False
                          against_baseline: True
                          load_model: None
                          save_model: model
                          evaluate: False
                          render: False
                          evaluation_interval: 10000
                          lr: 0.0001
                          max_tag_interval: 3000
                          eps_start: 1.0
                          eps_final: 0.01
                          eps_decay: 30000
                          cuda: True
                          device: cuda:0
Load SlimeVolley env: SlimeVolley-v0
Box(-3.4028234663852886e+38, 3.4028234663852886e+38, (12,), float32) Discrete(6)
Frame: 10000, Avg. Reward: -4.733, Avg. RL Loss: nan, Avg. Length: 645.7
Frame: 20000, Avg. Reward: -4.882, Avg. RL Loss: 0.005, Avg. Length: 576.2
Frame: 30000, Avg. Reward: -4.941, Avg. RL Loss: 0.004, Avg. Length: 614.6
Frame: 40000, Avg. Reward: -4.750, Avg. RL Loss: 0.004, Avg. Length: 607.2
Frame: 50000, Avg. Reward: -4.765, Avg. RL Loss: 0.004, Avg. Length: 581.9
Frame: 60000, Avg. Reward: -4.842, Avg. RL Loss: 0.005, Avg. Length: 528.3
Frame: 70000, Avg. Reward: -4.944, Avg. RL Loss: 0.006, Avg. Length: 566.2
Frame: 80000, Avg. Reward: -4.947, Avg. RL Loss: 0.006, Avg. Length: 533.3
Frame: 90000, Avg. Reward: -4.750, Avg. RL Loss: 0.007, Avg. Length: 612.9
Frame: 100000, Avg. Reward: -4.941, Avg. RL Loss: 0.006, Avg. Length: 591.0
Frame: 110000, Avg. Reward: -5.000, Avg. RL Loss: 0.007, Avg. Length: 584.8
Frame: 120000, Avg. Reward: -5.000, Avg. RL Loss: 0.006, Avg. Length: 563.6
Frame: 130000, Avg. Reward: -4.947, Avg. RL Loss: 0.008, Avg. Length: 542.7
Frame: 140000, Avg. Reward: -4.938, Avg. RL Loss: 0.008, Avg. Length: 630.1
Frame: 150000, Avg. Reward: -4.889, Avg. RL Loss: 0.008, Avg. Length: 573.9
Frame: 160000, Avg. Reward: -4.600, Avg. RL Loss: 0.006, Avg. Length: 651.3
Frame: 170000, Avg. Reward: -4.938, Avg. RL Loss: 0.007, Avg. Length: 606.2
Frame: 180000, Avg. Reward: -4.944, Avg. RL Loss: 0.007, Avg. Length: 561.0
Frame: 190000, Avg. Reward: -4.765, Avg. RL Loss: 0.007, Avg. Length: 600.6
Frame: 200000, Avg. Reward: -4.941, Avg. RL Loss: 0.007, Avg. Length: 600.4
Frame: 210000, Avg. Reward: -4.867, Avg. RL Loss: 0.007, Avg. Length: 650.4
Frame: 220000, Avg. Reward: -4.882, Avg. RL Loss: 0.006, Avg. Length: 588.1
Frame: 230000, Avg. Reward: -4.938, Avg. RL Loss: 0.006, Avg. Length: 617.9
Frame: 240000, Avg. Reward: -4.824, Avg. RL Loss: 0.006, Avg. Length: 609.5
Frame: 250000, Avg. Reward: -4.688, Avg. RL Loss: 0.007, Avg. Length: 594.8
Frame: 260000, Avg. Reward: -4.750, Avg. RL Loss: 0.007, Avg. Length: 632.0
Frame: 270000, Avg. Reward: -4.882, Avg. RL Loss: 0.006, Avg. Length: 610.1
Frame: 280000, Avg. Reward: -4.882, Avg. RL Loss: 0.008, Avg. Length: 578.2
Frame: 290000, Avg. Reward: -4.882, Avg. RL Loss: 0.007, Avg. Length: 589.7
Frame: 300000, Avg. Reward: -4.875, Avg. RL Loss: 0.006, Avg. Length: 626.5
Frame: 310000, Avg. Reward: -4.733, Avg. RL Loss: 0.006, Avg. Length: 627.9
Frame: 320000, Avg. Reward: -4.882, Avg. RL Loss: 0.006, Avg. Length: 602.6
Frame: 330000, Avg. Reward: -4.941, Avg. RL Loss: 0.007, Avg. Length: 593.8
Frame: 340000, Avg. Reward: -4.867, Avg. RL Loss: 0.008, Avg. Length: 668.9
Frame: 350000, Avg. Reward: -4.875, Avg. RL Loss: 0.007, Avg. Length: 626.4
Frame: 360000, Avg. Reward: -4.889, Avg. RL Loss: 0.008, Avg. Length: 552.2
Frame: 370000, Avg. Reward: -4.812, Avg. RL Loss: 0.008, Avg. Length: 644.0
Frame: 380000, Avg. Reward: -4.812, Avg. RL Loss: 0.007, Avg. Length: 596.1
Frame: 390000, Avg. Reward: -4.941, Avg. RL Loss: 0.008, Avg. Length: 599.7
Frame: 400000, Avg. Reward: -4.812, Avg. RL Loss: 0.007, Avg. Length: 618.9
Frame: 410000, Avg. Reward: -4.750, Avg. RL Loss: 0.006, Avg. Length: 629.5
Frame: 420000, Avg. Reward: -4.722, Avg. RL Loss: 0.007, Avg. Length: 575.4
Frame: 430000, Avg. Reward: -4.750, Avg. RL Loss: 0.007, Avg. Length: 601.4
Frame: 440000, Avg. Reward: -4.938, Avg. RL Loss: 0.007, Avg. Length: 647.2
Frame: 450000, Avg. Reward: -4.938, Avg. RL Loss: 0.007, Avg. Length: 602.1
Frame: 460000, Avg. Reward: -4.947, Avg. RL Loss: 0.007, Avg. Length: 545.5
Frame: 470000, Avg. Reward: -4.882, Avg. RL Loss: 0.008, Avg. Length: 588.8
Frame: 480000, Avg. Reward: -4.765, Avg. RL Loss: 0.007, Avg. Length: 587.9
Frame: 490000, Avg. Reward: -4.882, Avg. RL Loss: 0.007, Avg. Length: 582.9
Frame: 500000, Avg. Reward: -4.941, Avg. RL Loss: 0.007, Avg. Length: 587.0
Frame: 510000, Avg. Reward: -4.800, Avg. RL Loss: 0.009, Avg. Length: 654.2
Frame: 520000, Avg. Reward: -4.941, Avg. RL Loss: 0.008, Avg. Length: 575.6
Frame: 530000, Avg. Reward: -4.812, Avg. RL Loss: 0.008, Avg. Length: 626.2
Frame: 540000, Avg. Reward: -4.765, Avg. RL Loss: 0.008, Avg. Length: 613.8
Frame: 550000, Avg. Reward: -4.938, Avg. RL Loss: 0.008, Avg. Length: 592.6
Frame: 560000, Avg. Reward: -5.000, Avg. RL Loss: 0.009, Avg. Length: 552.7
Frame: 570000, Avg. Reward: -4.933, Avg. RL Loss: 0.009, Avg. Length: 615.8
Frame: 580000, Avg. Reward: -5.000, Avg. RL Loss: 0.008, Avg. Length: 593.1
Frame: 590000, Avg. Reward: -4.938, Avg. RL Loss: 0.006, Avg. Length: 617.6
Frame: 600000, Avg. Reward: -4.875, Avg. RL Loss: 0.006, Avg. Length: 635.4
Frame: 610000, Avg. Reward: -4.824, Avg. RL Loss: 0.007, Avg. Length: 582.9
Frame: 620000, Avg. Reward: -4.733, Avg. RL Loss: 0.008, Avg. Length: 660.5
Frame: 630000, Avg. Reward: -4.882, Avg. RL Loss: 0.008, Avg. Length: 589.1
Frame: 640000, Avg. Reward: -5.000, Avg. RL Loss: 0.008, Avg. Length: 584.3
Frame: 650000, Avg. Reward: -4.941, Avg. RL Loss: 0.008, Avg. Length: 582.6
Frame: 660000, Avg. Reward: -4.733, Avg. RL Loss: 0.007, Avg. Length: 692.6
Frame: 670000, Avg. Reward: -4.938, Avg. RL Loss: 0.007, Avg. Length: 613.8
Frame: 680000, Avg. Reward: -4.750, Avg. RL Loss: 0.008, Avg. Length: 624.4
Frame: 690000, Avg. Reward: -4.800, Avg. RL Loss: 0.008, Avg. Length: 670.5
Frame: 700000, Avg. Reward: -4.800, Avg. RL Loss: 0.007, Avg. Length: 647.9
Frame: 710000, Avg. Reward: -4.812, Avg. RL Loss: 0.007, Avg. Length: 634.2
Frame: 720000, Avg. Reward: -4.643, Avg. RL Loss: 0.007, Avg. Length: 711.6
Frame: 730000, Avg. Reward: -4.562, Avg. RL Loss: 0.007, Avg. Length: 646.0
Frame: 740000, Avg. Reward: -4.800, Avg. RL Loss: 0.007, Avg. Length: 658.3
Frame: 750000, Avg. Reward: -4.938, Avg. RL Loss: 0.007, Avg. Length: 623.7
Frame: 760000, Avg. Reward: -5.000, Avg. RL Loss: 0.007, Avg. Length: 593.3
Frame: 770000, Avg. Reward: -4.733, Avg. RL Loss: 0.007, Avg. Length: 673.2
Frame: 780000, Avg. Reward: -4.938, Avg. RL Loss: 0.007, Avg. Length: 607.4
Frame: 790000, Avg. Reward: -4.938, Avg. RL Loss: 0.006, Avg. Length: 628.9
Frame: 800000, Avg. Reward: -4.867, Avg. RL Loss: 0.007, Avg. Length: 658.8
Frame: 810000, Avg. Reward: -4.938, Avg. RL Loss: 0.008, Avg. Length: 631.7
Frame: 820000, Avg. Reward: -4.533, Avg. RL Loss: 0.008, Avg. Length: 649.9
Frame: 830000, Avg. Reward: -4.750, Avg. RL Loss: 0.007, Avg. Length: 633.7
Frame: 840000, Avg. Reward: -4.875, Avg. RL Loss: 0.007, Avg. Length: 645.7
Frame: 850000, Avg. Reward: -4.643, Avg. RL Loss: 0.006, Avg. Length: 669.5
Frame: 860000, Avg. Reward: -4.812, Avg. RL Loss: 0.006, Avg. Length: 643.6
Frame: 870000, Avg. Reward: -4.786, Avg. RL Loss: 0.007, Avg. Length: 715.0
Frame: 880000, Avg. Reward: -4.882, Avg. RL Loss: 0.006, Avg. Length: 589.5
Frame: 890000, Avg. Reward: -4.667, Avg. RL Loss: 0.007, Avg. Length: 665.0
Frame: 900000, Avg. Reward: -4.733, Avg. RL Loss: 0.007, Avg. Length: 661.5
Frame: 910000, Avg. Reward: -4.800, Avg. RL Loss: 0.007, Avg. Length: 680.8
Frame: 920000, Avg. Reward: -4.875, Avg. RL Loss: 0.007, Avg. Length: 612.8
Frame: 930000, Avg. Reward: -4.812, Avg. RL Loss: 0.006, Avg. Length: 633.6
Frame: 940000, Avg. Reward: -4.941, Avg. RL Loss: 0.006, Avg. Length: 593.2
Frame: 950000, Avg. Reward: -4.938, Avg. RL Loss: 0.006, Avg. Length: 622.7
Frame: 960000, Avg. Reward: -4.941, Avg. RL Loss: 0.007, Avg. Length: 598.4
Frame: 970000, Avg. Reward: -4.733, Avg. RL Loss: 0.007, Avg. Length: 668.7
Frame: 980000, Avg. Reward: -4.846, Avg. RL Loss: 0.006, Avg. Length: 708.4
Frame: 990000, Avg. Reward: -4.812, Avg. RL Loss: 0.006, Avg. Length: 654.8
Frame: 1000000, Avg. Reward: -4.571, Avg. RL Loss: 0.006, Avg. Length: 689.6
Frame: 1010000, Avg. Reward: -4.600, Avg. RL Loss: 0.006, Avg. Length: 709.5
Frame: 1020000, Avg. Reward: -4.938, Avg. RL Loss: 0.006, Avg. Length: 601.2
Frame: 1030000, Avg. Reward: -4.778, Avg. RL Loss: 0.007, Avg. Length: 572.8
Frame: 1040000, Avg. Reward: -4.867, Avg. RL Loss: 0.007, Avg. Length: 669.7
Frame: 1050000, Avg. Reward: -4.800, Avg. RL Loss: 0.006, Avg. Length: 662.7
Frame: 1060000, Avg. Reward: -4.733, Avg. RL Loss: 0.007, Avg. Length: 627.5
Frame: 1070000, Avg. Reward: -4.875, Avg. RL Loss: 0.007, Avg. Length: 654.0
Frame: 1080000, Avg. Reward: -4.933, Avg. RL Loss: 0.006, Avg. Length: 659.7
Frame: 1090000, Avg. Reward: -4.733, Avg. RL Loss: 0.006, Avg. Length: 656.3
Frame: 1100000, Avg. Reward: -4.923, Avg. RL Loss: 0.006, Avg. Length: 749.5
Frame: 1110000, Avg. Reward: -4.812, Avg. RL Loss: 0.006, Avg. Length: 672.1
Frame: 1120000, Avg. Reward: -4.643, Avg. RL Loss: 0.006, Avg. Length: 708.9
Frame: 1130000, Avg. Reward: -4.643, Avg. RL Loss: 0.006, Avg. Length: 712.4
Frame: 1140000, Avg. Reward: -4.867, Avg. RL Loss: 0.007, Avg. Length: 626.1
Frame: 1150000, Avg. Reward: -4.941, Avg. RL Loss: 0.007, Avg. Length: 586.8
Frame: 1160000, Avg. Reward: -4.941, Avg. RL Loss: 0.006, Avg. Length: 632.4
Frame: 1170000, Avg. Reward: -4.857, Avg. RL Loss: 0.007, Avg. Length: 684.6
Frame: 1180000, Avg. Reward: -4.812, Avg. RL Loss: 0.006, Avg. Length: 644.3
Frame: 1190000, Avg. Reward: -4.800, Avg. RL Loss: 0.006, Avg. Length: 639.6
Frame: 1200000, Avg. Reward: -4.800, Avg. RL Loss: 0.006, Avg. Length: 678.9
Frame: 1210000, Avg. Reward: -4.857, Avg. RL Loss: 0.006, Avg. Length: 734.8
Frame: 1220000, Avg. Reward: -4.857, Avg. RL Loss: 0.007, Avg. Length: 661.8
Frame: 1230000, Avg. Reward: -4.824, Avg. RL Loss: 0.007, Avg. Length: 618.4
Frame: 1240000, Avg. Reward: -4.800, Avg. RL Loss: 0.007, Avg. Length: 633.5
Frame: 1250000, Avg. Reward: -4.938, Avg. RL Loss: 0.007, Avg. Length: 639.2
Frame: 1260000, Avg. Reward: -4.812, Avg. RL Loss: 0.007, Avg. Length: 634.1
Frame: 1270000, Avg. Reward: -4.875, Avg. RL Loss: 0.006, Avg. Length: 618.1
Frame: 1280000, Avg. Reward: -4.867, Avg. RL Loss: 0.006, Avg. Length: 695.8
Frame: 1290000, Avg. Reward: -4.800, Avg. RL Loss: 0.006, Avg. Length: 658.1
Frame: 1300000, Avg. Reward: -4.800, Avg. RL Loss: 0.006, Avg. Length: 656.8
Frame: 1310000, Avg. Reward: -4.938, Avg. RL Loss: 0.006, Avg. Length: 642.4
Frame: 1320000, Avg. Reward: -4.929, Avg. RL Loss: 0.006, Avg. Length: 714.6
Frame: 1330000, Avg. Reward: -4.933, Avg. RL Loss: 0.007, Avg. Length: 650.6
Frame: 1340000, Avg. Reward: -5.000, Avg. RL Loss: 0.007, Avg. Length: 603.1
Frame: 1350000, Avg. Reward: -4.875, Avg. RL Loss: 0.007, Avg. Length: 615.0
Frame: 1360000, Avg. Reward: -4.933, Avg. RL Loss: 0.006, Avg. Length: 669.3
Frame: 1370000, Avg. Reward: -4.643, Avg. RL Loss: 0.006, Avg. Length: 694.6
Frame: 1380000, Avg. Reward: -4.786, Avg. RL Loss: 0.006, Avg. Length: 715.6
Frame: 1390000, Avg. Reward: -5.000, Avg. RL Loss: 0.007, Avg. Length: 699.1
Frame: 1400000, Avg. Reward: -4.786, Avg. RL Loss: 0.007, Avg. Length: 717.9
Frame: 1410000, Avg. Reward: -4.750, Avg. RL Loss: 0.008, Avg. Length: 638.9
Frame: 1420000, Avg. Reward: -4.571, Avg. RL Loss: 0.008, Avg. Length: 716.0
Frame: 1430000, Avg. Reward: -4.786, Avg. RL Loss: 0.007, Avg. Length: 704.6
Frame: 1440000, Avg. Reward: -4.733, Avg. RL Loss: 0.006, Avg. Length: 643.3
Frame: 1450000, Avg. Reward: -4.875, Avg. RL Loss: 0.006, Avg. Length: 646.3
Frame: 1460000, Avg. Reward: -4.867, Avg. RL Loss: 0.006, Avg. Length: 685.0
Frame: 1470000, Avg. Reward: -4.786, Avg. RL Loss: 0.006, Avg. Length: 714.0
Frame: 1480000, Avg. Reward: -4.714, Avg. RL Loss: 0.006, Avg. Length: 674.4
Frame: 1490000, Avg. Reward: -4.800, Avg. RL Loss: 0.006, Avg. Length: 698.1
Frame: 1500000, Avg. Reward: -4.867, Avg. RL Loss: 0.006, Avg. Length: 669.8
Frame: 1510000, Avg. Reward: -4.857, Avg. RL Loss: 0.005, Avg. Length: 697.7
Frame: 1520000, Avg. Reward: -4.867, Avg. RL Loss: 0.007, Avg. Length: 676.5
Frame: 1530000, Avg. Reward: -4.800, Avg. RL Loss: 0.007, Avg. Length: 664.0
Frame: 1540000, Avg. Reward: -4.714, Avg. RL Loss: 0.007, Avg. Length: 721.7
Frame: 1550000, Avg. Reward: -4.938, Avg. RL Loss: 0.006, Avg. Length: 623.4
Frame: 1560000, Avg. Reward: -4.867, Avg. RL Loss: 0.007, Avg. Length: 669.3
Frame: 1570000, Avg. Reward: -4.923, Avg. RL Loss: 0.006, Avg. Length: 746.8
Frame: 1580000, Avg. Reward: -4.933, Avg. RL Loss: 0.007, Avg. Length: 664.9
Frame: 1590000, Avg. Reward: -4.812, Avg. RL Loss: 0.006, Avg. Length: 618.9
Frame: 1600000, Avg. Reward: -4.867, Avg. RL Loss: 0.006, Avg. Length: 689.3
Frame: 1610000, Avg. Reward: -4.643, Avg. RL Loss: 0.006, Avg. Length: 693.7
Frame: 1620000, Avg. Reward: -4.875, Avg. RL Loss: 0.006, Avg. Length: 635.2
Frame: 1630000, Avg. Reward: -4.667, Avg. RL Loss: 0.007, Avg. Length: 662.5
Frame: 1640000, Avg. Reward: -4.625, Avg. RL Loss: 0.006, Avg. Length: 653.2
Frame: 1650000, Avg. Reward: -4.857, Avg. RL Loss: 0.006, Avg. Length: 692.9
Frame: 1660000, Avg. Reward: -4.538, Avg. RL Loss: 0.006, Avg. Length: 745.2
Frame: 1670000, Avg. Reward: -4.875, Avg. RL Loss: 0.006, Avg. Length: 654.6
Frame: 1680000, Avg. Reward: -4.600, Avg. RL Loss: 0.007, Avg. Length: 668.2
Frame: 1690000, Avg. Reward: -5.000, Avg. RL Loss: 0.006, Avg. Length: 633.3
Frame: 1700000, Avg. Reward: -4.786, Avg. RL Loss: 0.007, Avg. Length: 744.4
Frame: 1710000, Avg. Reward: -4.769, Avg. RL Loss: 0.006, Avg. Length: 755.6
Frame: 1720000, Avg. Reward: -4.800, Avg. RL Loss: 0.006, Avg. Length: 659.9
Frame: 1730000, Avg. Reward: -4.933, Avg. RL Loss: 0.007, Avg. Length: 674.5
Frame: 1740000, Avg. Reward: -4.875, Avg. RL Loss: 0.006, Avg. Length: 649.7
Frame: 1750000, Avg. Reward: -4.733, Avg. RL Loss: 0.007, Avg. Length: 634.0
Frame: 1760000, Avg. Reward: -4.714, Avg. RL Loss: 0.007, Avg. Length: 735.3
Frame: 1770000, Avg. Reward: -4.800, Avg. RL Loss: 0.007, Avg. Length: 641.3
Frame: 1780000, Avg. Reward: -4.733, Avg. RL Loss: 0.007, Avg. Length: 703.9
Frame: 1790000, Avg. Reward: -4.846, Avg. RL Loss: 0.007, Avg. Length: 716.1
Frame: 1800000, Avg. Reward: -4.571, Avg. RL Loss: 0.006, Avg. Length: 754.9
Frame: 1810000, Avg. Reward: -4.800, Avg. RL Loss: 0.006, Avg. Length: 637.5
Frame: 1820000, Avg. Reward: -5.000, Avg. RL Loss: 0.007, Avg. Length: 601.9
Frame: 1830000, Avg. Reward: -4.846, Avg. RL Loss: 0.007, Avg. Length: 745.0
Frame: 1840000, Avg. Reward: -4.800, Avg. RL Loss: 0.008, Avg. Length: 675.1
Frame: 1850000, Avg. Reward: -5.000, Avg. RL Loss: 0.007, Avg. Length: 682.3
Frame: 1860000, Avg. Reward: -4.714, Avg. RL Loss: 0.007, Avg. Length: 729.1
Frame: 1870000, Avg. Reward: -4.857, Avg. RL Loss: 0.006, Avg. Length: 719.4
Frame: 1880000, Avg. Reward: -4.812, Avg. RL Loss: 0.006, Avg. Length: 597.8
Frame: 1890000, Avg. Reward: -4.867, Avg. RL Loss: 0.006, Avg. Length: 679.0
Frame: 1900000, Avg. Reward: -4.867, Avg. RL Loss: 0.006, Avg. Length: 678.1
Frame: 1910000, Avg. Reward: -4.583, Avg. RL Loss: 0.006, Avg. Length: 789.0
Frame: 1920000, Avg. Reward: -4.643, Avg. RL Loss: 0.007, Avg. Length: 719.6
Frame: 1930000, Avg. Reward: -4.867, Avg. RL Loss: 0.006, Avg. Length: 680.5
Frame: 1940000, Avg. Reward: -4.857, Avg. RL Loss: 0.006, Avg. Length: 724.8
Frame: 1950000, Avg. Reward: -4.800, Avg. RL Loss: 0.006, Avg. Length: 667.0
Frame: 1960000, Avg. Reward: -4.867, Avg. RL Loss: 0.006, Avg. Length: 669.5
Frame: 1970000, Avg. Reward: -4.933, Avg. RL Loss: 0.006, Avg. Length: 663.3
Frame: 1980000, Avg. Reward: -4.800, Avg. RL Loss: 0.006, Avg. Length: 671.4
Frame: 1990000, Avg. Reward: -4.933, Avg. RL Loss: 0.006, Avg. Length: 640.8
Frame: 2000000, Avg. Reward: -4.857, Avg. RL Loss: 0.007, Avg. Length: 720.1
Frame: 2010000, Avg. Reward: -5.000, Avg. RL Loss: 0.006, Avg. Length: 727.5
Frame: 2020000, Avg. Reward: -4.867, Avg. RL Loss: 0.006, Avg. Length: 669.5
Frame: 2030000, Avg. Reward: -4.857, Avg. RL Loss: 0.006, Avg. Length: 720.4
Frame: 2040000, Avg. Reward: -4.786, Avg. RL Loss: 0.006, Avg. Length: 723.9
Frame: 2050000, Avg. Reward: -4.786, Avg. RL Loss: 0.006, Avg. Length: 709.7
Frame: 2060000, Avg. Reward: -4.867, Avg. RL Loss: 0.006, Avg. Length: 633.3
Frame: 2070000, Avg. Reward: -4.571, Avg. RL Loss: 0.006, Avg. Length: 742.8
Frame: 2080000, Avg. Reward: -4.867, Avg. RL Loss: 0.007, Avg. Length: 640.7
Frame: 2090000, Avg. Reward: -4.867, Avg. RL Loss: 0.006, Avg. Length: 692.3
Frame: 2100000, Avg. Reward: -4.800, Avg. RL Loss: 0.007, Avg. Length: 675.4
Frame: 2110000, Avg. Reward: -4.786, Avg. RL Loss: 0.007, Avg. Length: 694.9
Frame: 2120000, Avg. Reward: -4.800, Avg. RL Loss: 0.006, Avg. Length: 638.0
Frame: 2130000, Avg. Reward: -4.615, Avg. RL Loss: 0.006, Avg. Length: 798.5
Frame: 2140000, Avg. Reward: -4.786, Avg. RL Loss: 0.007, Avg. Length: 728.4
Frame: 2150000, Avg. Reward: -4.867, Avg. RL Loss: 0.006, Avg. Length: 676.9
Frame: 2160000, Avg. Reward: -4.929, Avg. RL Loss: 0.006, Avg. Length: 703.5
Frame: 2170000, Avg. Reward: -4.929, Avg. RL Loss: 0.007, Avg. Length: 699.0
Frame: 2180000, Avg. Reward: -4.812, Avg. RL Loss: 0.007, Avg. Length: 620.1
Frame: 2190000, Avg. Reward: -4.714, Avg. RL Loss: 0.007, Avg. Length: 706.5
Frame: 2200000, Avg. Reward: -4.867, Avg. RL Loss: 0.007, Avg. Length: 655.7
Frame: 2210000, Avg. Reward: -4.867, Avg. RL Loss: 0.007, Avg. Length: 661.7
Frame: 2220000, Avg. Reward: -4.933, Avg. RL Loss: 0.011, Avg. Length: 687.3
Frame: 2230000, Avg. Reward: -4.867, Avg. RL Loss: 0.008, Avg. Length: 694.2
Frame: 2240000, Avg. Reward: -4.786, Avg. RL Loss: 0.006, Avg. Length: 690.8
Frame: 2250000, Avg. Reward: -4.933, Avg. RL Loss: 0.006, Avg. Length: 678.3
Frame: 2260000, Avg. Reward: -4.733, Avg. RL Loss: 0.007, Avg. Length: 664.0
Frame: 2270000, Avg. Reward: -4.875, Avg. RL Loss: 0.007, Avg. Length: 638.4
Frame: 2280000, Avg. Reward: -4.933, Avg. RL Loss: 0.007, Avg. Length: 666.1
Frame: 2290000, Avg. Reward: -4.846, Avg. RL Loss: 0.008, Avg. Length: 758.5
Frame: 2300000, Avg. Reward: -4.714, Avg. RL Loss: 0.007, Avg. Length: 684.0
Frame: 2310000, Avg. Reward: -4.800, Avg. RL Loss: 0.007, Avg. Length: 702.3
Frame: 2320000, Avg. Reward: -4.786, Avg. RL Loss: 0.006, Avg. Length: 694.9
Frame: 2330000, Avg. Reward: -4.846, Avg. RL Loss: 0.007, Avg. Length: 768.0
Frame: 2340000, Avg. Reward: -4.929, Avg. RL Loss: 0.008, Avg. Length: 719.1
Frame: 2350000, Avg. Reward: -4.938, Avg. RL Loss: 0.007, Avg. Length: 630.8
Frame: 2360000, Avg. Reward: -4.667, Avg. RL Loss: 0.007, Avg. Length: 831.8
Frame: 2370000, Avg. Reward: -4.812, Avg. RL Loss: 0.007, Avg. Length: 621.3
Frame: 2380000, Avg. Reward: -4.692, Avg. RL Loss: 0.008, Avg. Length: 793.5
Frame: 2390000, Avg. Reward: -4.857, Avg. RL Loss: 0.007, Avg. Length: 681.1
Frame: 2400000, Avg. Reward: -4.933, Avg. RL Loss: 0.007, Avg. Length: 656.2
Frame: 2410000, Avg. Reward: -4.812, Avg. RL Loss: 0.007, Avg. Length: 653.8
Frame: 2420000, Avg. Reward: -4.933, Avg. RL Loss: 0.008, Avg. Length: 662.3
Frame: 2430000, Avg. Reward: -4.750, Avg. RL Loss: 0.008, Avg. Length: 836.5
Frame: 2440000, Avg. Reward: -4.933, Avg. RL Loss: 0.008, Avg. Length: 643.5
Frame: 2450000, Avg. Reward: -4.688, Avg. RL Loss: 0.008, Avg. Length: 656.8
Frame: 2460000, Avg. Reward: -4.812, Avg. RL Loss: 0.007, Avg. Length: 620.8
Frame: 2470000, Avg. Reward: -4.923, Avg. RL Loss: 0.006, Avg. Length: 724.9
Frame: 2480000, Avg. Reward: -4.812, Avg. RL Loss: 0.007, Avg. Length: 654.8
Frame: 2490000, Avg. Reward: -4.769, Avg. RL Loss: 0.007, Avg. Length: 749.3
Frame: 2500000, Avg. Reward: -4.923, Avg. RL Loss: 0.007, Avg. Length: 768.8
Frame: 2510000, Avg. Reward: -4.929, Avg. RL Loss: 0.007, Avg. Length: 713.1
Frame: 2520000, Avg. Reward: -4.938, Avg. RL Loss: 0.006, Avg. Length: 654.0
Frame: 2530000, Avg. Reward: -4.857, Avg. RL Loss: 0.007, Avg. Length: 713.7
Frame: 2540000, Avg. Reward: -4.417, Avg. RL Loss: 0.007, Avg. Length: 794.0
Frame: 2550000, Avg. Reward: -4.769, Avg. RL Loss: 0.007, Avg. Length: 800.5
Frame: 2560000, Avg. Reward: -4.800, Avg. RL Loss: 0.007, Avg. Length: 655.4
Frame: 2570000, Avg. Reward: -4.769, Avg. RL Loss: 0.006, Avg. Length: 759.2
Frame: 2580000, Avg. Reward: -4.923, Avg. RL Loss: 0.008, Avg. Length: 740.7
Frame: 2590000, Avg. Reward: -4.714, Avg. RL Loss: 0.007, Avg. Length: 759.8
Frame: 2600000, Avg. Reward: -4.929, Avg. RL Loss: 0.006, Avg. Length: 693.6
Frame: 2610000, Avg. Reward: -4.615, Avg. RL Loss: 0.005, Avg. Length: 731.9
Frame: 2620000, Avg. Reward: -5.000, Avg. RL Loss: 0.006, Avg. Length: 685.6
Frame: 2630000, Avg. Reward: -5.000, Avg. RL Loss: 0.007, Avg. Length: 867.2
Frame: 2640000, Avg. Reward: -4.846, Avg. RL Loss: 0.007, Avg. Length: 805.5
Frame: 2650000, Avg. Reward: -4.812, Avg. RL Loss: 0.007, Avg. Length: 617.5
Frame: 2660000, Avg. Reward: -4.769, Avg. RL Loss: 0.007, Avg. Length: 773.5
Frame: 2670000, Avg. Reward: -4.769, Avg. RL Loss: 0.008, Avg. Length: 782.5
Frame: 2680000, Avg. Reward: -5.000, Avg. RL Loss: 0.008, Avg. Length: 711.1
Frame: 2690000, Avg. Reward: -4.929, Avg. RL Loss: 0.008, Avg. Length: 707.3
Frame: 2700000, Avg. Reward: -4.846, Avg. RL Loss: 0.008, Avg. Length: 737.8
Frame: 2710000, Avg. Reward: -4.929, Avg. RL Loss: 0.007, Avg. Length: 769.1
Frame: 2720000, Avg. Reward: -4.917, Avg. RL Loss: 0.008, Avg. Length: 794.9
Frame: 2730000, Avg. Reward: -4.417, Avg. RL Loss: 0.007, Avg. Length: 853.8
Frame: 2740000, Avg. Reward: -4.846, Avg. RL Loss: 0.007, Avg. Length: 792.5
Frame: 2750000, Avg. Reward: -4.833, Avg. RL Loss: 0.007, Avg. Length: 817.7
Frame: 2760000, Avg. Reward: -4.583, Avg. RL Loss: 0.008, Avg. Length: 828.7
Frame: 2770000, Avg. Reward: -4.933, Avg. RL Loss: 0.006, Avg. Length: 665.9
Frame: 2780000, Avg. Reward: -4.692, Avg. RL Loss: 0.007, Avg. Length: 730.3
Frame: 2790000, Avg. Reward: -4.545, Avg. RL Loss: 0.008, Avg. Length: 973.3
Frame: 2800000, Avg. Reward: -4.909, Avg. RL Loss: 0.007, Avg. Length: 857.1
Frame: 2810000, Avg. Reward: -4.833, Avg. RL Loss: 0.007, Avg. Length: 883.5
Frame: 2820000, Avg. Reward: -4.769, Avg. RL Loss: 0.006, Avg. Length: 719.9
Frame: 2830000, Avg. Reward: -4.571, Avg. RL Loss: 0.007, Avg. Length: 752.0
Frame: 2840000, Avg. Reward: -5.000, Avg. RL Loss: 0.007, Avg. Length: 805.2
Frame: 2850000, Avg. Reward: -4.818, Avg. RL Loss: 0.007, Avg. Length: 908.4
Frame: 2860000, Avg. Reward: -4.750, Avg. RL Loss: 0.007, Avg. Length: 874.1
Frame: 2870000, Avg. Reward: -4.500, Avg. RL Loss: 0.007, Avg. Length: 972.1
Frame: 2880000, Avg. Reward: -4.818, Avg. RL Loss: 0.007, Avg. Length: 889.1
Frame: 2890000, Avg. Reward: -4.833, Avg. RL Loss: 0.007, Avg. Length: 860.8
Frame: 2900000, Avg. Reward: -4.900, Avg. RL Loss: 0.008, Avg. Length: 881.2
Frame: 2910000, Avg. Reward: -4.875, Avg. RL Loss: 0.007, Avg. Length: 1286.8
Frame: 2920000, Avg. Reward: -4.889, Avg. RL Loss: 0.006, Avg. Length: 1190.0
Frame: 2930000, Avg. Reward: -4.571, Avg. RL Loss: 0.005, Avg. Length: 1360.7
Frame: 2940000, Avg. Reward: -4.500, Avg. RL Loss: 0.005, Avg. Length: 1266.1
Frame: 2950000, Avg. Reward: -4.500, Avg. RL Loss: 0.005, Avg. Length: 1614.7
Frame: 2960000, Avg. Reward: -4.750, Avg. RL Loss: 0.004, Avg. Length: 1342.9
Frame: 2970000, Avg. Reward: -4.750, Avg. RL Loss: 0.004, Avg. Length: 1260.6
Frame: 2980000, Avg. Reward: -4.875, Avg. RL Loss: 0.004, Avg. Length: 1246.8
Frame: 2990000, Avg. Reward: -4.857, Avg. RL Loss: 0.004, Avg. Length: 1256.6
Frame: 3000000, Avg. Reward: -4.556, Avg. RL Loss: 0.004, Avg. Length: 1183.7
Frame: 3010000, Avg. Reward: -4.778, Avg. RL Loss: 0.004, Avg. Length: 1169.0
Frame: 3020000, Avg. Reward: -4.625, Avg. RL Loss: 0.005, Avg. Length: 1218.9
Frame: 3030000, Avg. Reward: -4.571, Avg. RL Loss: 0.004, Avg. Length: 1476.0
Frame: 3040000, Avg. Reward: -5.000, Avg. RL Loss: 0.004, Avg. Length: 1404.6
Frame: 3050000, Avg. Reward: -4.333, Avg. RL Loss: 0.004, Avg. Length: 1645.0
Frame: 3060000, Avg. Reward: -4.750, Avg. RL Loss: 0.004, Avg. Length: 1276.0
Frame: 3070000, Avg. Reward: -4.571, Avg. RL Loss: 0.004, Avg. Length: 1333.3
Frame: 3080000, Avg. Reward: -4.667, Avg. RL Loss: 0.004, Avg. Length: 1128.6
Frame: 3090000, Avg. Reward: -5.000, Avg. RL Loss: 0.005, Avg. Length: 1978.6
Frame: 3100000, Avg. Reward: -4.375, Avg. RL Loss: 0.005, Avg. Length: 1303.6
Frame: 3110000, Avg. Reward: -4.444, Avg. RL Loss: 0.005, Avg. Length: 1011.3
Frame: 3120000, Avg. Reward: -4.889, Avg. RL Loss: 0.004, Avg. Length: 1223.9
Frame: 3130000, Avg. Reward: -4.500, Avg. RL Loss: 0.005, Avg. Length: 1265.4
Frame: 3140000, Avg. Reward: -4.778, Avg. RL Loss: 0.006, Avg. Length: 1050.3
Frame: 3150000, Avg. Reward: -5.000, Avg. RL Loss: 0.006, Avg. Length: 1069.4
Frame: 3160000, Avg. Reward: -4.778, Avg. RL Loss: 0.005, Avg. Length: 1195.2
Frame: 3170000, Avg. Reward: -4.714, Avg. RL Loss: 0.005, Avg. Length: 1229.4
Frame: 3180000, Avg. Reward: -4.778, Avg. RL Loss: 0.004, Avg. Length: 1222.7
Frame: 3190000, Avg. Reward: -4.200, Avg. RL Loss: 0.004, Avg. Length: 1890.8
Frame: 3200000, Avg. Reward: -4.857, Avg. RL Loss: 0.004, Avg. Length: 1514.1
Frame: 3210000, Avg. Reward: -4.750, Avg. RL Loss: 0.004, Avg. Length: 2127.2
Frame: 3220000, Avg. Reward: -4.571, Avg. RL Loss: 0.005, Avg. Length: 1731.9
Frame: 3230000, Avg. Reward: -4.400, Avg. RL Loss: 0.004, Avg. Length: 1949.2
Frame: 3240000, Avg. Reward: -4.500, Avg. RL Loss: 0.004, Avg. Length: 2011.0
Frame: 3250000, Avg. Reward: -4.714, Avg. RL Loss: 0.003, Avg. Length: 1554.9
Frame: 3260000, Avg. Reward: -4.333, Avg. RL Loss: 0.003, Avg. Length: 1646.7
Frame: 3270000, Avg. Reward: -4.857, Avg. RL Loss: 0.003, Avg. Length: 1588.9
Frame: 3280000, Avg. Reward: -4.667, Avg. RL Loss: 0.003, Avg. Length: 1580.8
Frame: 3290000, Avg. Reward: -4.833, Avg. RL Loss: 0.003, Avg. Length: 1708.8
Frame: 3300000, Avg. Reward: -4.000, Avg. RL Loss: 0.003, Avg. Length: 2778.0
Frame: 3310000, Avg. Reward: -2.000, Avg. RL Loss: 0.003, Avg. Length: 3000.0
Frame: 3320000, Avg. Reward: -4.250, Avg. RL Loss: 0.003, Avg. Length: 2552.8
Frame: 3330000, Avg. Reward: -4.000, Avg. RL Loss: 0.003, Avg. Length: 2916.7
Frame: 3340000, Avg. Reward: -4.000, Avg. RL Loss: 0.003, Avg. Length: 2042.8
Frame: 3350000, Avg. Reward: -3.750, Avg. RL Loss: 0.003, Avg. Length: 2686.5
Frame: 3360000, Avg. Reward: -4.250, Avg. RL Loss: 0.003, Avg. Length: 2191.8
Frame: 3370000, Avg. Reward: -3.800, Avg. RL Loss: 0.003, Avg. Length: 2220.0
Frame: 3380000, Avg. Reward: -3.750, Avg. RL Loss: 0.003, Avg. Length: 2428.8
Frame: 3390000, Avg. Reward: -3.000, Avg. RL Loss: 0.003, Avg. Length: 2742.7
Frame: 3400000, Avg. Reward: -3.000, Avg. RL Loss: 0.002, Avg. Length: 2990.2
Frame: 3410000, Avg. Reward: -3.000, Avg. RL Loss: 0.002, Avg. Length: 3000.0
Frame: 3420000, Avg. Reward: -1.333, Avg. RL Loss: 0.002, Avg. Length: 3000.0
Frame: 3430000, Avg. Reward: -3.800, Avg. RL Loss: 0.002, Avg. Length: 2307.2
Frame: 3440000, Avg. Reward: -3.750, Avg. RL Loss: 0.002, Avg. Length: 2624.5
Frame: 3450000, Avg. Reward: -3.333, Avg. RL Loss: 0.002, Avg. Length: 2802.7
Frame: 3460000, Avg. Reward: -2.750, Avg. RL Loss: 0.002, Avg. Length: 3000.0
Frame: 3470000, Avg. Reward: -4.000, Avg. RL Loss: 0.002, Avg. Length: 2929.3
Frame: 3480000, Avg. Reward: -2.750, Avg. RL Loss: 0.002, Avg. Length: 2421.8
Frame: 3490000, Avg. Reward: -2.333, Avg. RL Loss: 0.001, Avg. Length: 3000.0
Frame: 3500000, Avg. Reward: -1.500, Avg. RL Loss: 0.001, Avg. Length: 2964.8
Frame: 3510000, Avg. Reward: -3.750, Avg. RL Loss: 0.001, Avg. Length: 2652.8
Frame: 3520000, Avg. Reward: -2.000, Avg. RL Loss: 0.001, Avg. Length: 3000.0
Frame: 3530000, Avg. Reward: -4.000, Avg. RL Loss: 0.001, Avg. Length: 2977.0
Frame: 3540000, Avg. Reward: -4.000, Avg. RL Loss: 0.001, Avg. Length: 2372.5
Frame: 3550000, Avg. Reward: -1.250, Avg. RL Loss: 0.001, Avg. Length: 3000.0
Frame: 3560000, Avg. Reward: -0.333, Avg. RL Loss: 0.001, Avg. Length: 3000.0
Frame: 3570000, Avg. Reward: -3.750, Avg. RL Loss: 0.001, Avg. Length: 2788.5
Frame: 3580000, Avg. Reward: -2.333, Avg. RL Loss: 0.001, Avg. Length: 3000.0
Frame: 3590000, Avg. Reward: -2.250, Avg. RL Loss: 0.001, Avg. Length: 2856.8
Frame: 3600000, Avg. Reward: -0.333, Avg. RL Loss: 0.001, Avg. Length: 3000.0
Frame: 3610000, Avg. Reward: -1.667, Avg. RL Loss: 0.002, Avg. Length: 3000.0
Frame: 3620000, Avg. Reward: -2.250, Avg. RL Loss: 0.001, Avg. Length: 3000.0
Frame: 3630000, Avg. Reward: -4.000, Avg. RL Loss: 0.001, Avg. Length: 2548.0
Frame: 3640000, Avg. Reward: -2.667, Avg. RL Loss: 0.002, Avg. Length: 2585.7
Frame: 3650000, Avg. Reward: -4.000, Avg. RL Loss: 0.002, Avg. Length: 2389.5
Frame: 3660000, Avg. Reward: -2.750, Avg. RL Loss: 0.001, Avg. Length: 2924.8
Frame: 3670000, Avg. Reward: -2.667, Avg. RL Loss: 0.002, Avg. Length: 3000.0
Frame: 3680000, Avg. Reward: -1.250, Avg. RL Loss: 0.001, Avg. Length: 3000.0
Frame: 3690000, Avg. Reward: -4.250, Avg. RL Loss: 0.002, Avg. Length: 2265.5
Frame: 3700000, Avg. Reward: -3.750, Avg. RL Loss: 0.001, Avg. Length: 2576.0
Frame: 3710000, Avg. Reward: -2.500, Avg. RL Loss: 0.002, Avg. Length: 2456.8
Frame: 3720000, Avg. Reward: -4.571, Avg. RL Loss: 0.002, Avg. Length: 1300.3
Frame: 3730000, Avg. Reward: -2.000, Avg. RL Loss: 0.002, Avg. Length: 2768.8
Frame: 3740000, Avg. Reward: -4.000, Avg. RL Loss: 0.002, Avg. Length: 2606.0
Frame: 3750000, Avg. Reward: -3.500, Avg. RL Loss: 0.002, Avg. Length: 2558.2
Frame: 3760000, Avg. Reward: -3.500, Avg. RL Loss: 0.002, Avg. Length: 2437.0
Frame: 3770000, Avg. Reward: -3.750, Avg. RL Loss: 0.002, Avg. Length: 2960.2
Frame: 3780000, Avg. Reward: -3.000, Avg. RL Loss: 0.002, Avg. Length: 3000.0
Frame: 3790000, Avg. Reward: -3.833, Avg. RL Loss: 0.003, Avg. Length: 1819.2
Frame: 3800000, Avg. Reward: -3.500, Avg. RL Loss: 0.003, Avg. Length: 2626.5
Frame: 3810000, Avg. Reward: -3.750, Avg. RL Loss: 0.002, Avg. Length: 2211.8
Frame: 3820000, Avg. Reward: -2.000, Avg. RL Loss: 0.002, Avg. Length: 2901.0
Frame: 3830000, Avg. Reward: -1.333, Avg. RL Loss: 0.002, Avg. Length: 3000.0
Frame: 3840000, Avg. Reward: -1.667, Avg. RL Loss: 0.002, Avg. Length: 3000.0
Frame: 3850000, Avg. Reward: -1.750, Avg. RL Loss: 0.002, Avg. Length: 2882.5
Frame: 3860000, Avg. Reward: -3.500, Avg. RL Loss: 0.002, Avg. Length: 2464.8
Frame: 3870000, Avg. Reward: -1.500, Avg. RL Loss: 0.001, Avg. Length: 2678.5
Frame: 3880000, Avg. Reward: -2.000, Avg. RL Loss: 0.002, Avg. Length: 3000.0
Frame: 3890000, Avg. Reward: -1.000, Avg. RL Loss: 0.002, Avg. Length: 3000.0
Frame: 3900000, Avg. Reward: -3.200, Avg. RL Loss: 0.002, Avg. Length: 2405.6
Frame: 3910000, Avg. Reward: -1.667, Avg. RL Loss: 0.001, Avg. Length: 3000.0
Frame: 3920000, Avg. Reward: -2.667, Avg. RL Loss: 0.002, Avg. Length: 2964.0
Frame: 3930000, Avg. Reward: -1.500, Avg. RL Loss: 0.001, Avg. Length: 3000.0
Frame: 3940000, Avg. Reward: -0.667, Avg. RL Loss: 0.001, Avg. Length: 3000.0
Frame: 3950000, Avg. Reward: -1.667, Avg. RL Loss: 0.002, Avg. Length: 3000.0
Frame: 3960000, Avg. Reward: -2.500, Avg. RL Loss: 0.001, Avg. Length: 3000.0
Frame: 3970000, Avg. Reward: -1.750, Avg. RL Loss: 0.002, Avg. Length: 2513.8
Frame: 3980000, Avg. Reward: -4.700, Avg. RL Loss: 0.002, Avg. Length: 881.3
Frame: 3990000, Avg. Reward: -4.333, Avg. RL Loss: 0.002, Avg. Length: 2929.0
Frame: 4000000, Avg. Reward: -5.000, Avg. RL Loss: 0.003, Avg. Length: 1985.8
Frame: 4010000, Avg. Reward: -3.000, Avg. RL Loss: 0.002, Avg. Length: 2004.5
Frame: 4020000, Avg. Reward: -4.500, Avg. RL Loss: 0.003, Avg. Length: 1942.5
Frame: 4030000, Avg. Reward: -4.000, Avg. RL Loss: 0.003, Avg. Length: 2247.8
Frame: 4040000, Avg. Reward: -2.667, Avg. RL Loss: 0.003, Avg. Length: 3000.0
Frame: 4050000, Avg. Reward: -3.500, Avg. RL Loss: 0.004, Avg. Length: 2587.8
Frame: 4060000, Avg. Reward: -3.250, Avg. RL Loss: 0.003, Avg. Length: 2793.0
Frame: 4070000, Avg. Reward: -2.000, Avg. RL Loss: 0.003, Avg. Length: 3000.0
Frame: 4080000, Avg. Reward: -2.750, Avg. RL Loss: 0.003, Avg. Length: 3000.0
Frame: 4090000, Avg. Reward: -1.000, Avg. RL Loss: 0.003, Avg. Length: 3000.0
Frame: 4100000, Avg. Reward: -1.333, Avg. RL Loss: 0.002, Avg. Length: 3000.0
Frame: 4110000, Avg. Reward: -1.500, Avg. RL Loss: 0.002, Avg. Length: 3000.0
Frame: 4120000, Avg. Reward: 1.000, Avg. RL Loss: 0.002, Avg. Length: 3000.0
Frame: 4130000, Avg. Reward: -1.000, Avg. RL Loss: 0.002, Avg. Length: 3000.0
Frame: 4140000, Avg. Reward: -0.250, Avg. RL Loss: 0.002, Avg. Length: 3000.0
Frame: 4150000, Avg. Reward: -1.333, Avg. RL Loss: 0.002, Avg. Length: 3000.0
Frame: 4160000, Avg. Reward: -1.750, Avg. RL Loss: 0.002, Avg. Length: 2624.2
Frame: 4170000, Avg. Reward: -0.667, Avg. RL Loss: 0.002, Avg. Length: 3000.0
Frame: 4180000, Avg. Reward: 0.333, Avg. RL Loss: 0.001, Avg. Length: 3000.0
Frame: 4190000, Avg. Reward: 0.500, Avg. RL Loss: 0.001, Avg. Length: 3000.0
Frame: 4200000, Avg. Reward: -1.000, Avg. RL Loss: 0.001, Avg. Length: 3000.0
Frame: 4210000, Avg. Reward: -2.333, Avg. RL Loss: 0.001, Avg. Length: 3000.0
Frame: 4220000, Avg. Reward: -1.000, Avg. RL Loss: 0.001, Avg. Length: 3000.0
Frame: 4230000, Avg. Reward: -0.333, Avg. RL Loss: 0.001, Avg. Length: 3000.0
Frame: 4240000, Avg. Reward: 0.667, Avg. RL Loss: 0.001, Avg. Length: 3000.0
Frame: 4250000, Avg. Reward: 0.750, Avg. RL Loss: 0.001, Avg. Length: 3000.0
Frame: 4260000, Avg. Reward: -0.333, Avg. RL Loss: 0.001, Avg. Length: 3000.0
Frame: 4270000, Avg. Reward: 0.000, Avg. RL Loss: 0.001, Avg. Length: 3000.0
Frame: 4280000, Avg. Reward: 0.500, Avg. RL Loss: 0.001, Avg. Length: 3000.0
Frame: 4290000, Avg. Reward: -0.333, Avg. RL Loss: 0.001, Avg. Length: 3000.0
Frame: 4300000, Avg. Reward: 0.000, Avg. RL Loss: 0.001, Avg. Length: 3000.0
Frame: 4310000, Avg. Reward: -0.250, Avg. RL Loss: 0.001, Avg. Length: 3000.0
Frame: 4320000, Avg. Reward: -0.333, Avg. RL Loss: 0.001, Avg. Length: 3000.0
Frame: 4330000, Avg. Reward: -1.000, Avg. RL Loss: 0.001, Avg. Length: 3000.0
Frame: 4340000, Avg. Reward: -1.750, Avg. RL Loss: 0.001, Avg. Length: 2771.0
Frame: 4350000, Avg. Reward: -3.500, Avg. RL Loss: 0.001, Avg. Length: 2630.2
Frame: 4360000, Avg. Reward: -2.250, Avg. RL Loss: 0.001, Avg. Length: 2613.5
Frame: 4370000, Avg. Reward: -1.000, Avg. RL Loss: 0.001, Avg. Length: 3000.0
Frame: 4380000, Avg. Reward: -1.000, Avg. RL Loss: 0.001, Avg. Length: 3000.0
Frame: 4390000, Avg. Reward: -0.500, Avg. RL Loss: 0.001, Avg. Length: 3000.0
Frame: 4400000, Avg. Reward: -1.667, Avg. RL Loss: 0.002, Avg. Length: 3000.0
Frame: 4410000, Avg. Reward: -2.333, Avg. RL Loss: 0.001, Avg. Length: 3000.0
Frame: 4420000, Avg. Reward: 0.250, Avg. RL Loss: 0.001, Avg. Length: 3000.0
Frame: 4430000, Avg. Reward: -1.000, Avg. RL Loss: 0.001, Avg. Length: 3000.0
Frame: 4440000, Avg. Reward: 0.000, Avg. RL Loss: 0.001, Avg. Length: 3000.0
Frame: 4450000, Avg. Reward: -0.750, Avg. RL Loss: 0.001, Avg. Length: 3000.0
Frame: 4460000, Avg. Reward: -2.000, Avg. RL Loss: 0.001, Avg. Length: 3000.0
Frame: 4470000, Avg. Reward: -1.750, Avg. RL Loss: 0.001, Avg. Length: 2778.0
Frame: 4480000, Avg. Reward: -2.250, Avg. RL Loss: 0.001, Avg. Length: 2455.2
Frame: 4490000, Avg. Reward: -3.800, Avg. RL Loss: 0.001, Avg. Length: 1924.6
Frame: 4500000, Avg. Reward: -3.750, Avg. RL Loss: 0.002, Avg. Length: 2364.2
Frame: 4510000, Avg. Reward: 0.333, Avg. RL Loss: 0.002, Avg. Length: 3000.0
Frame: 4520000, Avg. Reward: -2.000, Avg. RL Loss: 0.002, Avg. Length: 3000.0
Frame: 4530000, Avg. Reward: 0.000, Avg. RL Loss: 0.002, Avg. Length: 3000.0
Frame: 4540000, Avg. Reward: 0.333, Avg. RL Loss: 0.001, Avg. Length: 3000.0
Frame: 4550000, Avg. Reward: -0.500, Avg. RL Loss: 0.002, Avg. Length: 3000.0
Frame: 4560000, Avg. Reward: 0.333, Avg. RL Loss: 0.002, Avg. Length: 3000.0
Frame: 4570000, Avg. Reward: -0.333, Avg. RL Loss: 0.002, Avg. Length: 3000.0
Frame: 4580000, Avg. Reward: -1.750, Avg. RL Loss: 0.002, Avg. Length: 3000.0
Frame: 4590000, Avg. Reward: -0.667, Avg. RL Loss: 0.001, Avg. Length: 3000.0
Frame: 4600000, Avg. Reward: -1.750, Avg. RL Loss: 0.001, Avg. Length: 2485.0
Frame: 4610000, Avg. Reward: -1.333, Avg. RL Loss: 0.001, Avg. Length: 3000.0
Frame: 4620000, Avg. Reward: -1.000, Avg. RL Loss: 0.001, Avg. Length: 3000.0
Frame: 4630000, Avg. Reward: -1.667, Avg. RL Loss: 0.001, Avg. Length: 3000.0
Frame: 4640000, Avg. Reward: -0.333, Avg. RL Loss: 0.001, Avg. Length: 3000.0
Frame: 4650000, Avg. Reward: -0.500, Avg. RL Loss: 0.002, Avg. Length: 3000.0
Frame: 4660000, Avg. Reward: -0.333, Avg. RL Loss: 0.001, Avg. Length: 3000.0
Frame: 4670000, Avg. Reward: 0.333, Avg. RL Loss: 0.002, Avg. Length: 3000.0
Frame: 4680000, Avg. Reward: -0.750, Avg. RL Loss: 0.002, Avg. Length: 3000.0
Frame: 4690000, Avg. Reward: -0.333, Avg. RL Loss: 0.003, Avg. Length: 3000.0
Frame: 4700000, Avg. Reward: -2.250, Avg. RL Loss: 0.003, Avg. Length: 2738.2
Frame: 4710000, Avg. Reward: 0.667, Avg. RL Loss: 0.002, Avg. Length: 3000.0
Frame: 4720000, Avg. Reward: 0.000, Avg. RL Loss: 0.002, Avg. Length: 3000.0
Frame: 4730000, Avg. Reward: -1.500, Avg. RL Loss: 0.003, Avg. Length: 3000.0
Frame: 4740000, Avg. Reward: -1.333, Avg. RL Loss: 0.003, Avg. Length: 3000.0
Frame: 4750000, Avg. Reward: -0.667, Avg. RL Loss: 0.002, Avg. Length: 3000.0
Frame: 4760000, Avg. Reward: -2.000, Avg. RL Loss: 0.003, Avg. Length: 2979.8
Frame: 4770000, Avg. Reward: -0.333, Avg. RL Loss: 0.002, Avg. Length: 3000.0
Frame: 4780000, Avg. Reward: 0.333, Avg. RL Loss: 0.002, Avg. Length: 3000.0
Frame: 4790000, Avg. Reward: -3.750, Avg. RL Loss: 0.004, Avg. Length: 2707.0
Frame: 4800000, Avg. Reward: -4.667, Avg. RL Loss: 0.003, Avg. Length: 1653.3
Frame: 4810000, Avg. Reward: -3.500, Avg. RL Loss: 0.004, Avg. Length: 2744.0
Frame: 4820000, Avg. Reward: -1.000, Avg. RL Loss: 0.003, Avg. Length: 3000.0
Frame: 4830000, Avg. Reward: -0.500, Avg. RL Loss: 0.003, Avg. Length: 3000.0
Frame: 4840000, Avg. Reward: -0.333, Avg. RL Loss: 0.003, Avg. Length: 3000.0
Frame: 4850000, Avg. Reward: -1.000, Avg. RL Loss: 0.003, Avg. Length: 3000.0
Frame: 4860000, Avg. Reward: -0.250, Avg. RL Loss: 0.002, Avg. Length: 3000.0
Frame: 4870000, Avg. Reward: -2.333, Avg. RL Loss: 0.002, Avg. Length: 3000.0
Frame: 4880000, Avg. Reward: -1.667, Avg. RL Loss: 0.002, Avg. Length: 3000.0
Frame: 4890000, Avg. Reward: -1.000, Avg. RL Loss: 0.002, Avg. Length: 3000.0
Frame: 4900000, Avg. Reward: -2.000, Avg. RL Loss: 0.001, Avg. Length: 3000.0
Frame: 4910000, Avg. Reward: 0.667, Avg. RL Loss: 0.002, Avg. Length: 3000.0
Frame: 4920000, Avg. Reward: 0.250, Avg. RL Loss: 0.002, Avg. Length: 3000.0
Frame: 4930000, Avg. Reward: 0.000, Avg. RL Loss: 0.003, Avg. Length: 3000.0
Frame: 4940000, Avg. Reward: -0.333, Avg. RL Loss: 0.004, Avg. Length: 3000.0
Frame: 4950000, Avg. Reward: -0.750, Avg. RL Loss: 0.002, Avg. Length: 3000.0
Frame: 4960000, Avg. Reward: -0.333, Avg. RL Loss: 0.004, Avg. Length: 3000.0
Frame: 4970000, Avg. Reward: -3.000, Avg. RL Loss: 0.005, Avg. Length: 2810.0
Frame: 4980000, Avg. Reward: -2.667, Avg. RL Loss: 0.005, Avg. Length: 2904.7
Frame: 4990000, Avg. Reward: -1.667, Avg. RL Loss: 0.003, Avg. Length: 3000.0
Frame: 5000000, Avg. Reward: -0.750, Avg. RL Loss: 0.003, Avg. Length: 3000.0
Frame: 5010000, Avg. Reward: -2.333, Avg. RL Loss: 0.005, Avg. Length: 2849.7
Frame: 5020000, Avg. Reward: -1.333, Avg. RL Loss: 0.003, Avg. Length: 3000.0
Frame: 5030000, Avg. Reward: 0.000, Avg. RL Loss: 0.003, Avg. Length: 3000.0
Frame: 5040000, Avg. Reward: -0.333, Avg. RL Loss: 0.002, Avg. Length: 3000.0
Frame: 5050000, Avg. Reward: -0.333, Avg. RL Loss: 0.002, Avg. Length: 3000.0
Frame: 5060000, Avg. Reward: -0.500, Avg. RL Loss: 0.002, Avg. Length: 3000.0
Frame: 5070000, Avg. Reward: 0.000, Avg. RL Loss: 0.002, Avg. Length: 3000.0
Frame: 5080000, Avg. Reward: -0.750, Avg. RL Loss: 0.002, Avg. Length: 2884.8
Frame: 5090000, Avg. Reward: 0.000, Avg. RL Loss: 0.002, Avg. Length: 3000.0
Frame: 5100000, Avg. Reward: 0.000, Avg. RL Loss: 0.002, Avg. Length: 3000.0
Frame: 5110000, Avg. Reward: 0.750, Avg. RL Loss: 0.004, Avg. Length: 3000.0
Frame: 5120000, Avg. Reward: 0.333, Avg. RL Loss: 0.003, Avg. Length: 3000.0
Frame: 5130000, Avg. Reward: -1.333, Avg. RL Loss: 0.007, Avg. Length: 2906.7
Frame: 5140000, Avg. Reward: -3.000, Avg. RL Loss: 0.008, Avg. Length: 2450.5
Frame: 5150000, Avg. Reward: -4.400, Avg. RL Loss: 0.016, Avg. Length: 2439.0
Frame: 5160000, Avg. Reward: -3.200, Avg. RL Loss: 0.028, Avg. Length: 1742.8
Frame: 5170000, Avg. Reward: -4.167, Avg. RL Loss: 0.046, Avg. Length: 1792.2
Frame: 5180000, Avg. Reward: -4.625, Avg. RL Loss: 0.081, Avg. Length: 1268.9
Frame: 5190000, Avg. Reward: -3.333, Avg. RL Loss: 0.091, Avg. Length: 2740.3
Frame: 5200000, Avg. Reward: -3.833, Avg. RL Loss: 0.098, Avg. Length: 1828.3
Frame: 5210000, Avg. Reward: -4.500, Avg. RL Loss: 0.103, Avg. Length: 1898.5
Frame: 5220000, Avg. Reward: -4.538, Avg. RL Loss: 0.110, Avg. Length: 786.4
Frame: 5230000, Avg. Reward: -4.818, Avg. RL Loss: 0.116, Avg. Length: 907.5
Frame: 5240000, Avg. Reward: -4.500, Avg. RL Loss: 0.109, Avg. Length: 835.8
Frame: 5250000, Avg. Reward: -4.857, Avg. RL Loss: 0.136, Avg. Length: 691.5
Frame: 5260000, Avg. Reward: -4.938, Avg. RL Loss: 0.168, Avg. Length: 637.2
Frame: 5270000, Avg. Reward: -4.857, Avg. RL Loss: 0.187, Avg. Length: 726.9
Frame: 5280000, Avg. Reward: -4.688, Avg. RL Loss: 0.178, Avg. Length: 615.8
Frame: 5290000, Avg. Reward: -4.909, Avg. RL Loss: 0.178, Avg. Length: 865.2
Frame: 5300000, Avg. Reward: -4.800, Avg. RL Loss: 0.138, Avg. Length: 1047.0
Frame: 5310000, Avg. Reward: -5.000, Avg. RL Loss: 0.119, Avg. Length: 752.5
Frame: 5320000, Avg. Reward: -4.889, Avg. RL Loss: 0.117, Avg. Length: 1048.9
Frame: 5330000, Avg. Reward: -4.889, Avg. RL Loss: 0.123, Avg. Length: 1146.8
Frame: 5340000, Avg. Reward: -4.800, Avg. RL Loss: 0.109, Avg. Length: 1004.3
Frame: 5350000, Avg. Reward: -5.000, Avg. RL Loss: 0.113, Avg. Length: 932.5
Frame: 5360000, Avg. Reward: -4.636, Avg. RL Loss: 0.110, Avg. Length: 875.5
Frame: 5370000, Avg. Reward: -5.000, Avg. RL Loss: 0.098, Avg. Length: 1132.7
Frame: 5380000, Avg. Reward: -4.667, Avg. RL Loss: 0.120, Avg. Length: 839.7
Frame: 5390000, Avg. Reward: -4.846, Avg. RL Loss: 0.125, Avg. Length: 781.6
Frame: 5400000, Avg. Reward: -4.692, Avg. RL Loss: 0.165, Avg. Length: 722.1
Frame: 5410000, Avg. Reward: -5.000, Avg. RL Loss: 0.174, Avg. Length: 718.7
Frame: 5420000, Avg. Reward: -4.615, Avg. RL Loss: 0.152, Avg. Length: 711.5
Frame: 5430000, Avg. Reward: -4.667, Avg. RL Loss: 0.171, Avg. Length: 1123.8
Frame: 5440000, Avg. Reward: -4.778, Avg. RL Loss: 0.136, Avg. Length: 1178.9
Frame: 5450000, Avg. Reward: -4.909, Avg. RL Loss: 0.119, Avg. Length: 908.3
Frame: 5460000, Avg. Reward: -4.909, Avg. RL Loss: 0.122, Avg. Length: 829.9
Frame: 5470000, Avg. Reward: -5.000, Avg. RL Loss: 0.107, Avg. Length: 1206.2
Frame: 5480000, Avg. Reward: -4.556, Avg. RL Loss: 0.117, Avg. Length: 1241.2
Frame: 5490000, Avg. Reward: -4.889, Avg. RL Loss: 0.108, Avg. Length: 1111.6
Frame: 5500000, Avg. Reward: -4.889, Avg. RL Loss: 0.119, Avg. Length: 1096.2
Frame: 5510000, Avg. Reward: -4.889, Avg. RL Loss: 0.122, Avg. Length: 1097.7
Frame: 5520000, Avg. Reward: -4.750, Avg. RL Loss: 0.091, Avg. Length: 1190.0
Frame: 5530000, Avg. Reward: -4.889, Avg. RL Loss: 0.080, Avg. Length: 1150.7
Frame: 5540000, Avg. Reward: -4.545, Avg. RL Loss: 0.092, Avg. Length: 941.2
Frame: 5550000, Avg. Reward: -4.778, Avg. RL Loss: 0.099, Avg. Length: 1078.1
Frame: 5560000, Avg. Reward: -4.833, Avg. RL Loss: 0.101, Avg. Length: 818.2
Frame: 5570000, Avg. Reward: -4.500, Avg. RL Loss: 0.099, Avg. Length: 993.0
Frame: 5580000, Avg. Reward: -4.667, Avg. RL Loss: 0.085, Avg. Length: 1093.8
Frame: 5590000, Avg. Reward: -4.700, Avg. RL Loss: 0.095, Avg. Length: 1035.5
Frame: 5600000, Avg. Reward: -4.917, Avg. RL Loss: 0.092, Avg. Length: 879.9
Frame: 5610000, Avg. Reward: -4.556, Avg. RL Loss: 0.074, Avg. Length: 1088.4
Frame: 5620000, Avg. Reward: -4.818, Avg. RL Loss: 0.063, Avg. Length: 882.6
Frame: 5630000, Avg. Reward: -4.727, Avg. RL Loss: 0.053, Avg. Length: 953.9
Frame: 5640000, Avg. Reward: -4.875, Avg. RL Loss: 0.053, Avg. Length: 1232.9
Frame: 5650000, Avg. Reward: -4.625, Avg. RL Loss: 0.046, Avg. Length: 1190.2
Frame: 5660000, Avg. Reward: -4.444, Avg. RL Loss: 0.050, Avg. Length: 1141.4
Frame: 5670000, Avg. Reward: -5.000, Avg. RL Loss: 0.047, Avg. Length: 1132.0
Frame: 5680000, Avg. Reward: -4.500, Avg. RL Loss: 0.044, Avg. Length: 1120.0
Frame: 5690000, Avg. Reward: -4.875, Avg. RL Loss: 0.038, Avg. Length: 1329.1
Frame: 5700000, Avg. Reward: -4.857, Avg. RL Loss: 0.023, Avg. Length: 1384.0
Frame: 5710000, Avg. Reward: -4.778, Avg. RL Loss: 0.016, Avg. Length: 1130.9
Frame: 5720000, Avg. Reward: -4.778, Avg. RL Loss: 0.012, Avg. Length: 1091.0
Frame: 5730000, Avg. Reward: -5.000, Avg. RL Loss: 0.011, Avg. Length: 1198.3
Frame: 5740000, Avg. Reward: -4.857, Avg. RL Loss: 0.007, Avg. Length: 1367.6
Frame: 5750000, Avg. Reward: -5.000, Avg. RL Loss: 0.007, Avg. Length: 1163.7
Frame: 5760000, Avg. Reward: -4.500, Avg. RL Loss: 0.007, Avg. Length: 1183.6
Frame: 5770000, Avg. Reward: -4.400, Avg. RL Loss: 0.007, Avg. Length: 919.6
Frame: 5780000, Avg. Reward: -4.818, Avg. RL Loss: 0.006, Avg. Length: 956.5
Frame: 5790000, Avg. Reward: -4.800, Avg. RL Loss: 0.006, Avg. Length: 2098.4
Frame: 5800000, Avg. Reward: -4.500, Avg. RL Loss: 0.005, Avg. Length: 1431.3
Frame: 5810000, Avg. Reward: -4.200, Avg. RL Loss: 0.006, Avg. Length: 2344.0
Frame: 5820000, Avg. Reward: -5.000, Avg. RL Loss: 0.005, Avg. Length: 1611.5
Frame: 5830000, Avg. Reward: -4.600, Avg. RL Loss: 0.004, Avg. Length: 1593.0
Frame: 5840000, Avg. Reward: -3.667, Avg. RL Loss: 0.005, Avg. Length: 1892.3
Frame: 5850000, Avg. Reward: -4.833, Avg. RL Loss: 0.004, Avg. Length: 1478.5
Frame: 5860000, Avg. Reward: -4.667, Avg. RL Loss: 0.004, Avg. Length: 1942.5
Frame: 5870000, Avg. Reward: -4.667, Avg. RL Loss: 0.003, Avg. Length: 1373.2
Frame: 5880000, Avg. Reward: -4.667, Avg. RL Loss: 0.003, Avg. Length: 1862.5
Frame: 5890000, Avg. Reward: -4.667, Avg. RL Loss: 0.003, Avg. Length: 1595.8
Frame: 5900000, Avg. Reward: -4.000, Avg. RL Loss: 0.004, Avg. Length: 2438.2
Frame: 5910000, Avg. Reward: -4.600, Avg. RL Loss: 0.003, Avg. Length: 2003.6
Frame: 5920000, Avg. Reward: -4.167, Avg. RL Loss: 0.003, Avg. Length: 1918.2
Frame: 5930000, Avg. Reward: -3.800, Avg. RL Loss: 0.003, Avg. Length: 2048.0
Frame: 5940000, Avg. Reward: -4.000, Avg. RL Loss: 0.003, Avg. Length: 2881.0
Frame: 5950000, Avg. Reward: -2.750, Avg. RL Loss: 0.003, Avg. Length: 2784.5
Frame: 5960000, Avg. Reward: -4.714, Avg. RL Loss: 0.003, Avg. Length: 1404.7
Frame: 5970000, Avg. Reward: -4.500, Avg. RL Loss: 0.003, Avg. Length: 2162.0
Frame: 5980000, Avg. Reward: -4.000, Avg. RL Loss: 0.003, Avg. Length: 1628.0
Frame: 5990000, Avg. Reward: -2.500, Avg. RL Loss: 0.002, Avg. Length: 2757.2
Frame: 6000000, Avg. Reward: -3.750, Avg. RL Loss: 0.002, Avg. Length: 2641.0
Frame: 6010000, Avg. Reward: -4.250, Avg. RL Loss: 0.002, Avg. Length: 2405.2
Frame: 6020000, Avg. Reward: -3.667, Avg. RL Loss: 0.002, Avg. Length: 2742.7
Frame: 6030000, Avg. Reward: -4.800, Avg. RL Loss: 0.002, Avg. Length: 2365.8
Frame: 6040000, Avg. Reward: -4.600, Avg. RL Loss: 0.002, Avg. Length: 1997.4
Frame: 6050000, Avg. Reward: -4.250, Avg. RL Loss: 0.003, Avg. Length: 2094.5
Frame: 6060000, Avg. Reward: -1.000, Avg. RL Loss: 0.003, Avg. Length: 2703.5
Frame: 6070000, Avg. Reward: -4.571, Avg. RL Loss: 0.003, Avg. Length: 1491.3
Frame: 6080000, Avg. Reward: -3.667, Avg. RL Loss: 0.003, Avg. Length: 2828.7
Frame: 6090000, Avg. Reward: -4.000, Avg. RL Loss: 0.002, Avg. Length: 1550.6
Frame: 6100000, Avg. Reward: -4.333, Avg. RL Loss: 0.003, Avg. Length: 1676.5
Frame: 6110000, Avg. Reward: -3.800, Avg. RL Loss: 0.003, Avg. Length: 1891.2
Frame: 6120000, Avg. Reward: -3.750, Avg. RL Loss: 0.003, Avg. Length: 2429.8
Frame: 6130000, Avg. Reward: -4.500, Avg. RL Loss: 0.003, Avg. Length: 2633.2
Frame: 6140000, Avg. Reward: -4.833, Avg. RL Loss: 0.003, Avg. Length: 1368.7
Frame: 6150000, Avg. Reward: -4.000, Avg. RL Loss: 0.003, Avg. Length: 2801.8
Frame: 6160000, Avg. Reward: -4.000, Avg. RL Loss: 0.003, Avg. Length: 2199.8
Frame: 6170000, Avg. Reward: -4.714, Avg. RL Loss: 0.003, Avg. Length: 1708.0
Frame: 6180000, Avg. Reward: -4.750, Avg. RL Loss: 0.003, Avg. Length: 2153.8
Frame: 6190000, Avg. Reward: -4.200, Avg. RL Loss: 0.003, Avg. Length: 2141.0
Frame: 6200000, Avg. Reward: -4.500, Avg. RL Loss: 0.003, Avg. Length: 1553.0
Frame: 6210000, Avg. Reward: -4.800, Avg. RL Loss: 0.003, Avg. Length: 1825.2