Cannot import pettingzoo env:  pong_v2
                          Options
                          seed: 1122
                          batch_size: 1024
                          no_cuda: False
                          training_id: 0
                          max_frames: 500000000
                          buffer_size: 100000
                          update_target: 1000
                          train_freq: 100
                          gamma: 0.99
                          eta: 0.1
                          rl_start: 10000
                          sl_start: 1000
                          num_envs: 5
                          hidden_dim: 256
                          dueling: False
                          multi_step: 1
                          cce: False
                          env: SlimeVolley-v0
                          ram: False
                          negative: False
                          against_baseline: False
                          load_model: None
                          save_model: 20210608_0336
                          evaluate: False
                          render: False
                          evaluation_interval: 50000
                          lr: 0.0001
                          max_tag_interval: 10000
                          eps_start: 1.0
                          eps_final: 0.01
                          eps_decay: 1000000
                          cuda: True
                          device: cuda:0
[Box(-3.4028234663852886e+38, 3.4028234663852886e+38, (12,), float32), Box(-3.4028234663852886e+38, 3.4028234663852886e+38, (12,), float32), Box(-3.4028234663852886e+38, 3.4028234663852886e+38, (12,), float32), Box(-3.4028234663852886e+38, 3.4028234663852886e+38, (12,), float32), Box(-3.4028234663852886e+38, 3.4028234663852886e+38, (12,), float32)] [Discrete(6), Discrete(6), Discrete(6), Discrete(6), Discrete(6)]
(12,)
(12,)
Frame: 250000, Avg. RL Loss: 0.007, Avg. Q value: 0.015, Avg. Length: 501.9, P0 Avg. Reward: -0.032, P1 Avg. Reward: 0.032
Q table: 
 [[0.08  0.075 0.077 0.1   0.06  0.092]
 [0.082 0.062 0.068 0.084 0.061 0.071]
 [0.072 0.067 0.062 0.071 0.068 0.088]
 [0.078 0.075 0.05  0.072 0.088 0.071]
 [0.091 0.053 0.049 0.075 0.056 0.064]
 [0.09  0.061 0.055 0.095 0.07  0.07 ]]
Nash policies:  [(array([0.687, 0.   , 0.   , 0.313, 0.   , 0.   ]), array([0.   , 0.   , 0.507, 0.   , 0.493, 0.   ]))]
Frame: 500000, Avg. RL Loss: 0.011, Avg. Q value: -0.047, Avg. Length: 515.8, P0 Avg. Reward: -0.021, P1 Avg. Reward: 0.021
Q table: 
 [[0.886 0.876 0.867 0.877 0.862 0.857]
 [0.853 0.901 0.863 0.869 0.85  0.919]
 [0.88  0.85  0.871 0.858 0.853 0.865]
 [0.856 0.872 0.857 0.881 0.841 0.869]
 [0.856 0.88  0.855 0.867 0.856 0.884]
 [0.864 0.87  0.883 0.884 0.864 0.869]]
Nash policies:  [(array([0.033, 0.   , 0.   , 0.   , 0.   , 0.967]), array([0.108, 0.   , 0.   , 0.   , 0.892, 0.   ]))]
Frame: 750000, Avg. RL Loss: 0.011, Avg. Q value: -0.031, Avg. Length: 509.2, P0 Avg. Reward: 0.012, P1 Avg. Reward: -0.012
Q table: 
 [[-0.965 -0.995 -0.947 -0.948 -1.009 -0.991]
 [-1.007 -1.014 -1.    -0.986 -1.038 -0.978]
 [-0.989 -1.003 -0.965 -1.041 -1.027 -0.996]
 [-1.035 -1.006 -0.986 -0.986 -0.953 -0.946]
 [-1.003 -1.058 -0.972 -1.02  -1.012 -1.073]
 [-0.971 -0.969 -1.012 -0.928 -1.071 -1.049]]
Nash policies:  [(array([0.413, 0.   , 0.   , 0.424, 0.   , 0.162]), array([0.109, 0.633, 0.   , 0.   , 0.258, 0.   ]))]
Frame: 1000000, Avg. RL Loss: 0.011, Avg. Q value: -0.031, Avg. Length: 489.8, P0 Avg. Reward: -0.080, P1 Avg. Reward: 0.080
Q table: 
 [[-0.858 -0.878 -0.848 -0.877 -0.889 -0.857]
 [-0.873 -0.866 -0.881 -0.881 -0.898 -0.878]
 [-0.888 -0.88  -0.872 -0.861 -0.878 -0.894]
 [-0.874 -0.885 -0.88  -0.869 -0.889 -0.879]
 [-0.885 -0.904 -0.897 -0.869 -0.879 -0.889]
 [-0.906 -0.878 -0.908 -0.89  -0.895 -0.873]]
Nash policies:  [(array([0.319, 0.   , 0.578, 0.   , 0.103, 0.   ]), array([0.   , 0.04 , 0.   , 0.   , 0.744, 0.217]))]
Frame: 1250000, Avg. RL Loss: 0.013, Avg. Q value: 0.010, Avg. Length: 503.3, P0 Avg. Reward: -0.000, P1 Avg. Reward: 0.000
Q table: 
 [[-0.647 -0.658 -0.651 -0.653 -0.666 -0.661]
 [-0.656 -0.657 -0.663 -0.65  -0.639 -0.651]
 [-0.639 -0.655 -0.655 -0.655 -0.666 -0.671]
 [-0.663 -0.648 -0.65  -0.646 -0.688 -0.678]
 [-0.646 -0.663 -0.656 -0.66  -0.669 -0.671]
 [-0.66  -0.655 -0.661 -0.662 -0.657 -0.66 ]]
Nash policies:  [(array([0.433, 0.501, 0.   , 0.066, 0.   , 0.   ]), array([0.   , 0.433, 0.286, 0.   , 0.   , 0.281]))]
Frame: 1500000, Avg. RL Loss: 0.013, Avg. Q value: -0.051, Avg. Length: 502.2, P0 Avg. Reward: -0.028, P1 Avg. Reward: 0.028
Q table: 
 [[0.836 0.844 0.827 0.841 0.839 0.837]
 [0.813 0.812 0.837 0.823 0.826 0.83 ]
 [0.799 0.828 0.838 0.819 0.799 0.833]
 [0.821 0.815 0.84  0.805 0.843 0.815]
 [0.821 0.831 0.852 0.813 0.824 0.826]
 [0.831 0.844 0.847 0.84  0.835 0.819]]
Nash policies:  [(array([0.712, 0.   , 0.   , 0.   , 0.155, 0.134]), array([0.363, 0.   , 0.355, 0.   , 0.   , 0.282]))]
Frame: 1750000, Avg. RL Loss: 0.015, Avg. Q value: -0.031, Avg. Length: 503.3, P0 Avg. Reward: 0.186, P1 Avg. Reward: -0.186
Q table: 
 [[0.955 0.951 0.951 0.962 0.97  0.952]
 [0.956 0.945 0.929 0.94  0.95  0.963]
 [0.948 0.948 0.95  0.937 0.93  0.947]
 [0.931 0.985 0.953 0.95  0.969 0.938]
 [0.968 0.958 0.983 0.986 0.953 0.979]
 [0.956 0.921 0.948 0.981 0.96  0.962]]
Nash policies:  [(array([0.261, 0.   , 0.   , 0.133, 0.607, 0.   ]), array([0.349, 0.26 , 0.   , 0.   , 0.39 , 0.   ]))]
Frame: 2000000, Avg. RL Loss: 0.015, Avg. Q value: 0.011, Avg. Length: 501.1, P0 Avg. Reward: -0.059, P1 Avg. Reward: 0.059
Q table: 
 [[-0.831 -0.811 -0.817 -0.845 -0.834 -0.82 ]
 [-0.817 -0.803 -0.795 -0.84  -0.844 -0.852]
 [-0.839 -0.837 -0.819 -0.824 -0.841 -0.833]
 [-0.815 -0.813 -0.822 -0.798 -0.815 -0.836]
 [-0.79  -0.817 -0.804 -0.835 -0.827 -0.805]
 [-0.817 -0.811 -0.828 -0.818 -0.826 -0.788]]
Nash policies:  [(array([0.   , 0.   , 0.   , 0.585, 0.203, 0.212]), array([0.   , 0.   , 0.136, 0.   , 0.687, 0.177]))]
Frame: 2250000, Avg. RL Loss: 0.016, Avg. Q value: 0.021, Avg. Length: 507.1, P0 Avg. Reward: 0.081, P1 Avg. Reward: -0.081
Q table: 
 [[-0.184 -0.195 -0.202 -0.269 -0.245 -0.213]
 [-0.251 -0.17  -0.229 -0.192 -0.236 -0.215]
 [-0.221 -0.185 -0.223 -0.202 -0.219 -0.236]
 [-0.201 -0.213 -0.218 -0.213 -0.228 -0.23 ]
 [-0.202 -0.164 -0.191 -0.201 -0.254 -0.199]
 [-0.224 -0.196 -0.218 -0.213 -0.207 -0.22 ]]
Nash policies:  [(array([0.091, 0.   , 0.   , 0.021, 0.128, 0.76 ]), array([0.383, 0.   , 0.   , 0.093, 0.297, 0.226]))]
Frame: 2500000, Avg. RL Loss: 0.016, Avg. Q value: -0.061, Avg. Length: 496.9, P0 Avg. Reward: -0.075, P1 Avg. Reward: 0.075
Q table: 
 [[-0.848 -0.815 -0.844 -0.857 -0.852 -0.83 ]
 [-0.821 -0.82  -0.8   -0.839 -0.854 -0.849]
 [-0.827 -0.835 -0.836 -0.848 -0.831 -0.842]
 [-0.858 -0.819 -0.831 -0.842 -0.859 -0.841]
 [-0.821 -0.852 -0.851 -0.831 -0.859 -0.848]
 [-0.856 -0.855 -0.835 -0.857 -0.859 -0.851]]
Nash policies:  [(array([0.099, 0.   , 0.56 , 0.   , 0.341, 0.   ]), array([0.   , 0.   , 0.   , 0.368, 0.129, 0.503]))]
Frame: 2750000, Avg. RL Loss: 0.017, Avg. Q value: -0.043, Avg. Length: 490.0, P0 Avg. Reward: -0.022, P1 Avg. Reward: 0.022
Q table: 
 [[1.179 1.156 1.163 1.174 1.151 1.144]
 [1.206 1.129 1.158 1.135 1.189 1.13 ]
 [1.198 1.167 1.187 1.169 1.16  1.14 ]
 [1.184 1.211 1.186 1.19  1.183 1.177]
 [1.188 1.177 1.172 1.176 1.169 1.158]
 [1.165 1.173 1.173 1.13  1.153 1.196]]
Nash policies:  [(array([0.   , 0.   , 0.   , 0.874, 0.   , 0.126]), array([0.   , 0.   , 0.   , 0.   , 0.387, 0.613]))]
Frame: 3000000, Avg. RL Loss: 0.017, Avg. Q value: -0.024, Avg. Length: 500.0, P0 Avg. Reward: 0.002, P1 Avg. Reward: -0.002
Q table: 
 [[1.094 1.13  1.092 1.113 1.105 1.119]
 [1.126 1.14  1.109 1.112 1.095 1.153]
 [1.1   1.104 1.145 1.126 1.128 1.131]
 [1.126 1.087 1.109 1.156 1.136 1.116]
 [1.107 1.109 1.137 1.182 1.118 1.138]
 [1.131 1.088 1.14  1.152 1.131 1.164]]
Nash policies:  [(array([0.   , 0.416, 0.392, 0.192, 0.   , 0.   ]), array([0.093, 0.388, 0.   , 0.   , 0.518, 0.   ]))]
Frame: 3250000, Avg. RL Loss: 0.018, Avg. Q value: 0.064, Avg. Length: 498.9, P0 Avg. Reward: 0.074, P1 Avg. Reward: -0.074
Q table: 
 [[1.189 1.258 1.202 1.211 1.233 1.173]
 [1.255 1.224 1.193 1.205 1.244 1.267]
 [1.182 1.22  1.183 1.218 1.274 1.237]
 [1.219 1.275 1.161 1.187 1.187 1.177]
 [1.231 1.255 1.22  1.186 1.242 1.244]
 [1.233 1.206 1.248 1.261 1.288 1.212]]
Nash policies:  [(array([0.   , 0.037, 0.   , 0.   , 0.422, 0.541]), array([0.   , 0.393, 0.   , 0.364, 0.   , 0.243]))]
Frame: 3500000, Avg. RL Loss: 0.019, Avg. Q value: -0.161, Avg. Length: 493.3, P0 Avg. Reward: -0.032, P1 Avg. Reward: 0.032
Q table: 
 [[0.626 0.625 0.609 0.621 0.611 0.613]
 [0.603 0.641 0.603 0.622 0.633 0.618]
 [0.612 0.601 0.621 0.61  0.62  0.612]
 [0.63  0.617 0.626 0.608 0.621 0.634]
 [0.627 0.616 0.623 0.615 0.622 0.593]
 [0.627 0.604 0.607 0.624 0.628 0.615]]
Nash policies:  [(array([0.288, 0.   , 0.   , 0.32 , 0.185, 0.207]), array([0.   , 0.055, 0.355, 0.526, 0.   , 0.063]))]
Frame: 3750000, Avg. RL Loss: 0.019, Avg. Q value: -0.093, Avg. Length: 502.6, P0 Avg. Reward: 0.128, P1 Avg. Reward: -0.128
Q table: 
 [[-1.36  -1.432 -1.396 -1.445 -1.394 -1.47 ]
 [-1.426 -1.372 -1.399 -1.373 -1.356 -1.389]
 [-1.387 -1.417 -1.382 -1.367 -1.394 -1.424]
 [-1.426 -1.409 -1.419 -1.411 -1.386 -1.356]
 [-1.435 -1.439 -1.417 -1.415 -1.44  -1.417]
 [-1.386 -1.434 -1.368 -1.406 -1.419 -1.42 ]]
Nash policies:  [(array([0.   , 0.272, 0.571, 0.157, 0.   , 0.   ]), array([0.503, 0.235, 0.   , 0.   , 0.   , 0.263]))]
Frame: 4000000, Avg. RL Loss: 0.019, Avg. Q value: 0.060, Avg. Length: 514.3, P0 Avg. Reward: 0.008, P1 Avg. Reward: -0.008
Q table: 
 [[0.403 0.42  0.415 0.406 0.394 0.451]
 [0.447 0.397 0.429 0.399 0.453 0.394]
 [0.437 0.386 0.418 0.38  0.396 0.42 ]
 [0.41  0.383 0.406 0.393 0.407 0.414]
 [0.413 0.393 0.39  0.394 0.417 0.416]
 [0.409 0.392 0.415 0.422 0.406 0.42 ]]
Nash policies:  [(array([0.56 , 0.197, 0.   , 0.   , 0.   , 0.244]), array([0.   , 0.338, 0.   , 0.468, 0.194, 0.   ]))]
Frame: 4250000, Avg. RL Loss: 0.020, Avg. Q value: -0.031, Avg. Length: 493.1, P0 Avg. Reward: 0.000, P1 Avg. Reward: -0.000
Q table: 
 [[1.336 1.304 1.277 1.297 1.331 1.321]
 [1.283 1.328 1.303 1.341 1.323 1.351]
 [1.304 1.278 1.279 1.311 1.286 1.342]
 [1.331 1.287 1.319 1.271 1.364 1.304]
 [1.309 1.287 1.334 1.326 1.336 1.329]
 [1.327 1.312 1.306 1.301 1.302 1.31 ]]
Nash policies:  [(array([0.   , 0.277, 0.   , 0.   , 0.215, 0.509]), array([0.112, 0.418, 0.469, 0.   , 0.   , 0.   ]))]
Frame: 4500000, Avg. RL Loss: 0.021, Avg. Q value: 0.019, Avg. Length: 491.3, P0 Avg. Reward: 0.180, P1 Avg. Reward: -0.180
Q table: 
 [[-1.033 -1.025 -1.024 -1.046 -1.026 -1.038]
 [-1.038 -1.006 -1.011 -1.035 -1.016 -1.01 ]
 [-1.026 -1.02  -0.998 -1.012 -1.038 -1.027]
 [-1.028 -1.048 -1.057 -1.027 -1.034 -1.049]
 [-1.04  -0.996 -1.049 -1.026 -1.028 -1.045]
 [-1.054 -1.025 -1.031 -1.04  -1.052 -1.019]]
Nash policies:  [(array([0.433, 0.099, 0.468, 0.   , 0.   , 0.   ]), array([0.647, 0.   , 0.   , 0.   , 0.351, 0.002]))]
Frame: 4750000, Avg. RL Loss: 0.021, Avg. Q value: 0.005, Avg. Length: 499.4, P0 Avg. Reward: 0.048, P1 Avg. Reward: -0.048
Q table: 
 [[1.256 1.272 1.267 1.28  1.234 1.244]
 [1.235 1.262 1.238 1.253 1.282 1.247]
 [1.229 1.26  1.248 1.276 1.243 1.257]
 [1.299 1.291 1.259 1.256 1.261 1.248]
 [1.251 1.275 1.236 1.277 1.274 1.268]
 [1.25  1.255 1.267 1.27  1.289 1.275]]
Nash policies:  [(array([0.112, 0.   , 0.   , 0.278, 0.   , 0.61 ]), array([0.148, 0.   , 0.826, 0.   , 0.   , 0.027]))]
Frame: 5000000, Avg. RL Loss: 0.022, Avg. Q value: -0.070, Avg. Length: 488.9, P0 Avg. Reward: -0.063, P1 Avg. Reward: 0.063
Q table: 
 [[1.664 1.661 1.637 1.65  1.675 1.696]
 [1.621 1.693 1.653 1.716 1.689 1.685]
 [1.649 1.645 1.643 1.637 1.697 1.67 ]
 [1.636 1.69  1.64  1.661 1.661 1.658]
 [1.669 1.703 1.648 1.685 1.679 1.664]
 [1.694 1.701 1.682 1.618 1.702 1.698]]
Nash policies:  [(array([0.   , 0.315, 0.   , 0.   , 0.239, 0.446]), array([0.253, 0.   , 0.433, 0.313, 0.   , 0.   ]))]
Frame: 5250000, Avg. RL Loss: 0.022, Avg. Q value: -0.109, Avg. Length: 478.7, P0 Avg. Reward: -0.143, P1 Avg. Reward: 0.143
Q table: 
 [[1.31  1.307 1.341 1.335 1.357 1.307]
 [1.311 1.308 1.325 1.305 1.308 1.312]
 [1.307 1.331 1.33  1.294 1.288 1.316]
 [1.325 1.314 1.331 1.326 1.364 1.336]
 [1.334 1.328 1.327 1.323 1.336 1.335]
 [1.318 1.331 1.296 1.321 1.329 1.336]]
Nash policies:  [(array([0.191, 0.   , 0.   , 0.   , 0.646, 0.163]), array([0.   , 0.366, 0.008, 0.626, 0.   , 0.   ]))]
Frame: 5500000, Avg. RL Loss: 0.020, Avg. Q value: 0.007, Avg. Length: 498.2, P0 Avg. Reward: 0.100, P1 Avg. Reward: -0.100
Q table: 
 [[-1.465 -1.382 -1.381 -1.463 -1.464 -1.434]
 [-1.358 -1.29  -1.445 -1.483 -1.481 -1.4  ]
 [-1.505 -1.398 -1.393 -1.456 -1.424 -1.44 ]
 [-1.405 -1.35  -1.448 -1.396 -1.383 -1.406]
 [-1.498 -1.456 -1.468 -1.352 -1.443 -1.424]
 [-1.477 -1.385 -1.387 -1.459 -1.398 -1.42 ]]
Nash policies:  [(array([0.355, 0.051, 0.   , 0.594, 0.   , 0.   ]), array([0.324, 0.   , 0.48 , 0.196, 0.   , 0.   ]))]
Frame: 5750000, Avg. RL Loss: 0.021, Avg. Q value: -0.046, Avg. Length: 485.7, P0 Avg. Reward: 0.060, P1 Avg. Reward: -0.060
Q table: 
 [[1.33  1.349 1.374 1.364 1.374 1.379]
 [1.349 1.359 1.372 1.312 1.304 1.371]
 [1.368 1.334 1.357 1.304 1.327 1.359]
 [1.349 1.381 1.365 1.334 1.346 1.354]
 [1.362 1.362 1.348 1.339 1.367 1.359]
 [1.373 1.352 1.347 1.357 1.36  1.372]]
Nash policies:  [(array([0.312, 0.   , 0.   , 0.156, 0.   , 0.532]), array([0.052, 0.451, 0.   , 0.498, 0.   , 0.   ]))]
Frame: 6000000, Avg. RL Loss: 0.022, Avg. Q value: -0.018, Avg. Length: 491.4, P0 Avg. Reward: 0.088, P1 Avg. Reward: -0.088
Q table: 
 [[-1.058 -1.047 -1.029 -1.066 -1.092 -1.063]
 [-1.067 -1.06  -1.046 -1.055 -1.065 -1.054]
 [-1.06  -1.065 -1.045 -1.052 -1.051 -1.069]
 [-1.028 -1.066 -1.066 -1.051 -1.026 -1.049]
 [-1.064 -1.049 -1.051 -1.062 -1.042 -1.046]
 [-1.044 -1.043 -1.071 -1.079 -1.036 -1.043]]
Nash policies:  [(array([0.   , 0.386, 0.   , 0.225, 0.389, 0.   ]), array([0.006, 0.402, 0.   , 0.592, 0.   , 0.   ]))]
Frame: 6250000, Avg. RL Loss: 0.022, Avg. Q value: -0.155, Avg. Length: 486.5, P0 Avg. Reward: -0.142, P1 Avg. Reward: 0.142
Q table: 
 [[-1.277 -1.289 -1.254 -1.275 -1.287 -1.277]
 [-1.301 -1.269 -1.29  -1.232 -1.247 -1.274]
 [-1.271 -1.294 -1.278 -1.288 -1.264 -1.284]
 [-1.281 -1.281 -1.29  -1.284 -1.256 -1.281]
 [-1.278 -1.29  -1.264 -1.29  -1.273 -1.284]
 [-1.286 -1.278 -1.255 -1.279 -1.259 -1.276]]
Nash policies:  [(array([0.102, 0.019, 0.   , 0.742, 0.   , 0.137]), array([0.474, 0.428, 0.023, 0.075, 0.   , 0.   ]))]
Frame: 6500000, Avg. RL Loss: 0.021, Avg. Q value: -0.233, Avg. Length: 501.0, P0 Avg. Reward: -0.172, P1 Avg. Reward: 0.172
Q table: 
 [[-1.013 -1.002 -1.011 -1.024 -1.058 -1.036]
 [-1.034 -1.014 -1.    -1.017 -1.042 -1.016]
 [-1.021 -1.008 -1.023 -1.031 -1.032 -1.027]
 [-1.022 -1.021 -1.026 -1.016 -1.018 -1.038]
 [-1.022 -1.053 -1.015 -1.028 -1.05  -1.02 ]
 [-1.071 -1.037 -1.007 -1.034 -1.044 -1.032]]
Nash policies:  [(array([0.   , 0.437, 0.   , 0.563, 0.   , 0.   ]), array([0.  , 0.  , 0.  , 0.  , 0.49, 0.51]))]
Frame: 6750000, Avg. RL Loss: 0.020, Avg. Q value: -0.167, Avg. Length: 495.0, P0 Avg. Reward: -0.214, P1 Avg. Reward: 0.214
Q table: 
 [[-1.062 -1.083 -1.075 -1.07  -1.087 -1.067]
 [-1.092 -1.097 -1.093 -1.096 -1.061 -1.077]
 [-1.098 -1.075 -1.056 -1.072 -1.073 -1.086]
 [-1.071 -1.09  -1.081 -1.093 -1.096 -1.088]
 [-1.066 -1.066 -1.073 -1.082 -1.096 -1.104]
 [-1.07  -1.116 -1.087 -1.098 -1.083 -1.061]]
Nash policies:  [(array([0.393, 0.114, 0.384, 0.   , 0.11 , 0.   ]), array([0.229, 0.314, 0.   , 0.   , 0.443, 0.014]))]
Frame: 7000000, Avg. RL Loss: 0.023, Avg. Q value: -0.145, Avg. Length: 495.1, P0 Avg. Reward: -0.238, P1 Avg. Reward: 0.238
Q table: 
 [[1.542 1.493 1.503 1.49  1.52  1.497]
 [1.454 1.502 1.46  1.472 1.492 1.465]
 [1.447 1.462 1.494 1.495 1.498 1.487]
 [1.481 1.51  1.489 1.49  1.479 1.489]
 [1.468 1.507 1.452 1.472 1.487 1.49 ]
 [1.476 1.496 1.503 1.512 1.529 1.493]]
Nash policies:  [(array([0.644, 0.   , 0.   , 0.117, 0.   , 0.239]), array([0.   , 0.306, 0.   , 0.067, 0.   , 0.627]))]
Frame: 7250000, Avg. RL Loss: 0.021, Avg. Q value: -0.085, Avg. Length: 490.8, P0 Avg. Reward: -0.094, P1 Avg. Reward: 0.094
Q table: 
 [[0.905 0.925 0.891 0.907 0.902 0.911]
 [0.897 0.888 0.911 0.891 0.896 0.891]
 [0.914 0.895 0.916 0.909 0.908 0.898]
 [0.899 0.919 0.912 0.901 0.931 0.913]
 [0.901 0.923 0.896 0.909 0.896 0.901]
 [0.891 0.912 0.91  0.907 0.924 0.908]]
Nash policies:  [(array([0.332, 0.   , 0.39 , 0.248, 0.   , 0.029]), array([0.071, 0.   , 0.12 , 0.476, 0.   , 0.333]))]
Frame: 7500000, Avg. RL Loss: 0.022, Avg. Q value: 0.010, Avg. Length: 475.1, P0 Avg. Reward: -0.155, P1 Avg. Reward: 0.155
Q table: 
 [[1.164 1.179 1.162 1.158 1.142 1.152]
 [1.174 1.166 1.138 1.143 1.17  1.148]
 [1.154 1.141 1.16  1.17  1.155 1.158]
 [1.145 1.167 1.163 1.171 1.152 1.163]
 [1.164 1.177 1.169 1.184 1.175 1.151]
 [1.161 1.174 1.185 1.167 1.198 1.181]]
Nash policies:  [(array([0.   , 0.253, 0.   , 0.   , 0.256, 0.491]), array([0.687, 0.   , 0.   , 0.166, 0.   , 0.147]))]
Frame: 7750000, Avg. RL Loss: 0.022, Avg. Q value: -0.020, Avg. Length: 497.8, P0 Avg. Reward: -0.092, P1 Avg. Reward: 0.092
Q table: 
 [[0.732 0.708 0.723 0.723 0.734 0.728]
 [0.727 0.721 0.715 0.706 0.716 0.723]
 [0.737 0.726 0.735 0.732 0.738 0.723]
 [0.712 0.71  0.738 0.733 0.715 0.722]
 [0.744 0.726 0.738 0.713 0.736 0.731]
 [0.722 0.714 0.736 0.74  0.718 0.727]]
Nash policies:  [(array([0.   , 0.   , 0.654, 0.   , 0.339, 0.007]), array([0.   , 0.287, 0.   , 0.207, 0.   , 0.506]))]
Frame: 8000000, Avg. RL Loss: 0.021, Avg. Q value: -0.087, Avg. Length: 494.6, P0 Avg. Reward: -0.006, P1 Avg. Reward: 0.006
Q table: 
 [[1.231 1.205 1.236 1.216 1.231 1.226]
 [1.185 1.183 1.176 1.23  1.226 1.207]
 [1.238 1.227 1.219 1.206 1.231 1.228]
 [1.204 1.209 1.235 1.209 1.244 1.222]
 [1.221 1.212 1.214 1.229 1.233 1.221]
 [1.226 1.219 1.208 1.223 1.251 1.223]]
Nash policies:  [(array([0.07 , 0.   , 0.437, 0.   , 0.492, 0.   ]), array([0.   , 0.379, 0.307, 0.314, 0.   , 0.   ]))]
Frame: 8250000, Avg. RL Loss: 0.021, Avg. Q value: 0.068, Avg. Length: 496.5, P0 Avg. Reward: 0.022, P1 Avg. Reward: -0.022
Q table: 
 [[1.585 1.595 1.612 1.603 1.589 1.623]
 [1.632 1.6   1.606 1.63  1.631 1.617]
 [1.613 1.584 1.59  1.617 1.601 1.618]
 [1.598 1.618 1.598 1.584 1.615 1.617]
 [1.626 1.619 1.588 1.604 1.607 1.612]
 [1.606 1.596 1.583 1.6   1.612 1.604]]
Nash policies:  [(array([0.304, 0.328, 0.   , 0.367, 0.   , 0.   ]), array([0.   , 0.393, 0.559, 0.047, 0.   , 0.   ]))]
Frame: 8500000, Avg. RL Loss: 0.021, Avg. Q value: 0.086, Avg. Length: 488.1, P0 Avg. Reward: -0.122, P1 Avg. Reward: 0.122
Q table: 
 [[2.517 2.502 2.484 2.53  2.564 2.547]
 [2.473 2.496 2.545 2.514 2.439 2.554]
 [2.551 2.476 2.403 2.479 2.582 2.554]
 [2.458 2.493 2.551 2.537 2.474 2.597]
 [2.488 2.543 2.567 2.557 2.532 2.522]
 [2.566 2.565 2.668 2.596 2.589 2.55 ]]
Nash policies:  [(array([0.   , 0.   , 0.   , 0.102, 0.   , 0.898]), array([0.303, 0.   , 0.   , 0.   , 0.   , 0.697]))]
Frame: 8750000, Avg. RL Loss: 0.024, Avg. Q value: 0.151, Avg. Length: 489.4, P0 Avg. Reward: -0.062, P1 Avg. Reward: 0.062
Q table: 
 [[-1.047 -1.046 -1.024 -1.047 -1.071 -1.068]
 [-1.056 -1.041 -1.04  -1.044 -1.062 -1.068]
 [-1.042 -1.037 -1.032 -1.042 -1.055 -1.049]
 [-1.037 -1.05  -1.04  -1.056 -1.047 -1.049]
 [-1.051 -1.057 -1.049 -1.029 -1.048 -1.041]
 [-1.061 -1.048 -1.046 -1.047 -1.049 -1.059]]
Nash policies:  [(array([0.   , 0.   , 0.204, 0.626, 0.17 , 0.   ]), array([0.   , 0.29 , 0.   , 0.104, 0.605, 0.   ]))]
Frame: 9000000, Avg. RL Loss: 0.022, Avg. Q value: 0.098, Avg. Length: 488.1, P0 Avg. Reward: 0.008, P1 Avg. Reward: -0.008
Q table: 
 [[1.886 1.907 1.826 1.867 1.911 1.931]
 [1.831 1.919 1.857 1.876 1.853 1.822]
 [1.929 1.863 1.814 1.845 1.901 1.864]
 [1.874 1.873 1.844 1.869 1.858 1.901]
 [1.932 1.915 1.914 1.947 1.906 1.878]
 [1.875 1.896 1.911 1.943 1.912 1.931]]
Nash policies:  [(array([0.096, 0.   , 0.   , 0.   , 0.499, 0.405]), array([0.451, 0.   , 0.061, 0.   , 0.   , 0.488]))]
Frame: 9250000, Avg. RL Loss: 0.021, Avg. Q value: 0.042, Avg. Length: 507.4, P0 Avg. Reward: 0.059, P1 Avg. Reward: -0.059
Q table: 
 [[1.162 1.162 1.155 1.16  1.17  1.141]
 [1.135 1.174 1.166 1.156 1.137 1.18 ]
 [1.164 1.174 1.167 1.16  1.157 1.178]
 [1.169 1.192 1.161 1.141 1.141 1.162]
 [1.172 1.154 1.155 1.139 1.16  1.151]
 [1.147 1.148 1.156 1.164 1.166 1.173]]
Nash policies:  [(array([0.118, 0.   , 0.688, 0.   , 0.   , 0.194]), array([0.225, 0.   , 0.   , 0.736, 0.039, 0.   ]))]
Frame: 9500000, Avg. RL Loss: 0.021, Avg. Q value: 0.050, Avg. Length: 492.3, P0 Avg. Reward: 0.059, P1 Avg. Reward: -0.059
Q table: 
 [[0.574 0.584 0.584 0.574 0.569 0.575]
 [0.557 0.579 0.588 0.585 0.583 0.584]
 [0.564 0.548 0.581 0.571 0.56  0.576]
 [0.58  0.591 0.576 0.579 0.577 0.557]
 [0.585 0.566 0.567 0.589 0.584 0.566]
 [0.57  0.569 0.567 0.607 0.592 0.553]]
Nash policies:  [(array([0.654, 0.129, 0.   , 0.   , 0.217, 0.   ]), array([0.358, 0.   , 0.   , 0.   , 0.087, 0.555]))]
Frame: 9750000, Avg. RL Loss: 0.021, Avg. Q value: -0.003, Avg. Length: 507.3, P0 Avg. Reward: -0.037, P1 Avg. Reward: 0.037
Q table: 
 [[1.461 1.457 1.464 1.501 1.476 1.511]
 [1.462 1.477 1.483 1.417 1.446 1.436]
 [1.481 1.469 1.461 1.448 1.426 1.458]
 [1.477 1.442 1.455 1.437 1.462 1.509]
 [1.465 1.541 1.479 1.452 1.492 1.481]
 [1.495 1.477 1.512 1.462 1.474 1.541]]
Nash policies:  [(array([0.413, 0.   , 0.   , 0.   , 0.131, 0.456]), array([0.352, 0.232, 0.   , 0.417, 0.   , 0.   ]))]
Frame: 10000000, Avg. RL Loss: 0.022, Avg. Q value: -0.076, Avg. Length: 487.6, P0 Avg. Reward: -0.072, P1 Avg. Reward: 0.072
Q table: 
 [[-0.642 -0.676 -0.67  -0.646 -0.643 -0.687]
 [-0.675 -0.676 -0.638 -0.695 -0.692 -0.684]
 [-0.669 -0.664 -0.674 -0.667 -0.66  -0.641]
 [-0.658 -0.684 -0.66  -0.671 -0.688 -0.657]
 [-0.662 -0.655 -0.674 -0.67  -0.658 -0.66 ]
 [-0.649 -0.632 -0.664 -0.651 -0.655 -0.649]]
Nash policies:  [(array([0.139, 0.175, 0.   , 0.   , 0.   , 0.685]), array([0.   , 0.   , 0.586, 0.   , 0.386, 0.028]))]
Frame: 10250000, Avg. RL Loss: 0.022, Avg. Q value: -0.062, Avg. Length: 505.5, P0 Avg. Reward: 0.059, P1 Avg. Reward: -0.059
Q table: 
 [[-0.946 -0.94  -0.948 -0.956 -0.948 -0.951]
 [-0.958 -0.921 -0.942 -0.963 -0.954 -0.965]
 [-0.933 -0.922 -0.919 -0.934 -0.964 -0.972]
 [-0.948 -0.954 -0.937 -0.952 -0.943 -0.942]
 [-0.962 -0.955 -0.936 -0.969 -0.964 -0.972]
 [-0.957 -0.942 -0.932 -0.953 -0.95  -0.945]]
Nash policies:  [(array([0.   , 0.   , 0.206, 0.794, 0.   , 0.   ]), array([0.   , 0.   , 0.   , 0.621, 0.   , 0.379]))]
Frame: 10500000, Avg. RL Loss: 0.023, Avg. Q value: 0.081, Avg. Length: 498.2, P0 Avg. Reward: -0.087, P1 Avg. Reward: 0.087
Q table: 
 [[-0.781 -0.767 -0.764 -0.772 -0.795 -0.776]
 [-0.77  -0.78  -0.794 -0.772 -0.789 -0.767]
 [-0.794 -0.793 -0.782 -0.779 -0.775 -0.76 ]
 [-0.771 -0.764 -0.77  -0.776 -0.768 -0.777]
 [-0.775 -0.757 -0.783 -0.752 -0.783 -0.778]
 [-0.777 -0.762 -0.789 -0.781 -0.78  -0.769]]
Nash policies:  [(array([0.091, 0.132, 0.094, 0.639, 0.044, 0.   ]), array([0.184, 0.   , 0.201, 0.173, 0.013, 0.429]))]
Frame: 10750000, Avg. RL Loss: 0.027, Avg. Q value: 0.056, Avg. Length: 489.2, P0 Avg. Reward: -0.033, P1 Avg. Reward: 0.033
Q table: 
 [[0.726 0.709 0.692 0.736 0.725 0.707]
 [0.691 0.697 0.697 0.703 0.674 0.693]
 [0.657 0.675 0.694 0.701 0.666 0.693]
 [0.699 0.701 0.707 0.704 0.662 0.712]
 [0.746 0.726 0.712 0.73  0.728 0.701]
 [0.741 0.745 0.713 0.737 0.714 0.724]]
Nash policies:  [(array([0., 0., 0., 0., 0., 1.]), array([0., 0., 1., 0., 0., 0.]))]
Frame: 11000000, Avg. RL Loss: 0.024, Avg. Q value: 0.059, Avg. Length: 492.6, P0 Avg. Reward: -0.044, P1 Avg. Reward: 0.044
Q table: 
 [[-1.596 -1.555 -1.624 -1.622 -1.564 -1.577]
 [-1.551 -1.597 -1.597 -1.569 -1.579 -1.615]
 [-1.557 -1.6   -1.567 -1.553 -1.574 -1.583]
 [-1.595 -1.584 -1.596 -1.586 -1.582 -1.561]
 [-1.562 -1.593 -1.596 -1.594 -1.592 -1.579]
 [-1.584 -1.601 -1.637 -1.571 -1.573 -1.578]]
Nash policies:  [(array([0.323, 0.   , 0.677, 0.   , 0.   , 0.   ]), array([0.   , 0.554, 0.446, 0.   , 0.   , 0.   ]))]
Frame: 11250000, Avg. RL Loss: 0.023, Avg. Q value: 0.155, Avg. Length: 492.5, P0 Avg. Reward: -0.147, P1 Avg. Reward: 0.147
Q table: 
 [[1.162 1.189 1.157 1.176 1.16  1.166]
 [1.152 1.164 1.112 1.123 1.15  1.158]
 [1.152 1.162 1.167 1.152 1.184 1.11 ]
 [1.158 1.172 1.17  1.171 1.155 1.171]
 [1.197 1.171 1.173 1.178 1.157 1.175]
 [1.172 1.169 1.174 1.187 1.165 1.155]]
Nash policies:  [(array([0.   , 0.   , 0.   , 0.   , 0.352, 0.648]), array([0.   , 0.   , 0.   , 0.   , 0.702, 0.298]))]
Frame: 11500000, Avg. RL Loss: 0.023, Avg. Q value: 0.146, Avg. Length: 492.9, P0 Avg. Reward: -0.032, P1 Avg. Reward: 0.032
Q table: 
 [[-1.02  -1.042 -1.039 -1.01  -1.047 -1.037]
 [-0.996 -1.004 -1.015 -1.013 -1.037 -1.028]
 [-1.016 -1.008 -1.032 -1.011 -1.035 -1.026]
 [-1.005 -1.004 -0.999 -1.03  -1.058 -1.019]
 [-1.03  -1.004 -1.015 -1.037 -1.061 -1.034]
 [-1.025 -1.024 -1.003 -1.012 -1.017 -1.037]]
Nash policies:  [(array([0.   , 0.   , 0.694, 0.   , 0.   , 0.306]), array([0.   , 0.   , 0.   , 0.   , 0.393, 0.607]))]
Frame: 11750000, Avg. RL Loss: 0.024, Avg. Q value: 0.107, Avg. Length: 486.4, P0 Avg. Reward: -0.068, P1 Avg. Reward: 0.068
Q table: 
 [[1.742 1.725 1.711 1.698 1.714 1.681]
 [1.711 1.713 1.714 1.714 1.702 1.702]
 [1.727 1.713 1.722 1.718 1.721 1.709]
 [1.708 1.689 1.71  1.689 1.694 1.722]
 [1.728 1.72  1.691 1.709 1.704 1.748]
 [1.712 1.709 1.703 1.728 1.72  1.7  ]]
Nash policies:  [(array([0.067, 0.   , 0.728, 0.   , 0.198, 0.007]), array([0.   , 0.605, 0.062, 0.328, 0.   , 0.005]))]
Frame: 12000000, Avg. RL Loss: 0.024, Avg. Q value: 0.029, Avg. Length: 492.2, P0 Avg. Reward: 0.041, P1 Avg. Reward: -0.041
Q table: 
 [[-0.737 -0.755 -0.739 -0.699 -0.72  -0.741]
 [-0.723 -0.735 -0.731 -0.729 -0.714 -0.713]
 [-0.723 -0.735 -0.729 -0.714 -0.725 -0.724]
 [-0.746 -0.735 -0.723 -0.73  -0.735 -0.733]
 [-0.716 -0.72  -0.731 -0.737 -0.742 -0.731]
 [-0.721 -0.733 -0.733 -0.72  -0.727 -0.696]]
Nash policies:  [(array([0.   , 0.296, 0.194, 0.147, 0.362, 0.   ]), array([0.   , 0.326, 0.456, 0.051, 0.168, 0.   ]))]
Frame: 12250000, Avg. RL Loss: 0.025, Avg. Q value: -0.028, Avg. Length: 489.7, P0 Avg. Reward: -0.061, P1 Avg. Reward: 0.061
Q table: 
 [[1.733 1.755 1.778 1.709 1.729 1.747]
 [1.734 1.728 1.723 1.795 1.811 1.736]
 [1.705 1.722 1.725 1.757 1.711 1.745]
 [1.736 1.763 1.754 1.732 1.695 1.737]
 [1.777 1.777 1.773 1.741 1.785 1.754]
 [1.75  1.749 1.754 1.766 1.767 1.738]]
Nash policies:  [(array([0.   , 0.186, 0.   , 0.   , 0.814, 0.   ]), array([0.   , 0.   , 0.   , 0.255, 0.   , 0.745]))]
Frame: 12500000, Avg. RL Loss: 0.026, Avg. Q value: 0.148, Avg. Length: 492.4, P0 Avg. Reward: -0.030, P1 Avg. Reward: 0.030
Q table: 
 [[-1.223 -1.252 -1.224 -1.233 -1.261 -1.258]
 [-1.233 -1.195 -1.228 -1.251 -1.265 -1.263]
 [-1.256 -1.205 -1.218 -1.217 -1.253 -1.257]
 [-1.24  -1.23  -1.218 -1.261 -1.25  -1.243]
 [-1.244 -1.224 -1.208 -1.226 -1.241 -1.252]
 [-1.243 -1.214 -1.198 -1.246 -1.253 -1.264]]
Nash policies:  [(array([0.   , 0.   , 0.   , 0.584, 0.416, 0.   ]), array([0.   , 0.   , 0.   , 0.196, 0.   , 0.804]))]
Frame: 12750000, Avg. RL Loss: 0.024, Avg. Q value: 0.140, Avg. Length: 496.6, P0 Avg. Reward: -0.107, P1 Avg. Reward: 0.107
Q table: 
 [[-0.764 -0.762 -0.763 -0.772 -0.768 -0.769]
 [-0.756 -0.761 -0.761 -0.775 -0.759 -0.776]
 [-0.763 -0.762 -0.742 -0.736 -0.786 -0.776]
 [-0.757 -0.756 -0.756 -0.743 -0.751 -0.766]
 [-0.777 -0.786 -0.751 -0.755 -0.758 -0.766]
 [-0.763 -0.763 -0.763 -0.762 -0.764 -0.766]]
Nash policies:  [(array([0., 0., 0., 0., 0., 1.]), array([0., 0., 0., 0., 0., 1.]))]
Frame: 13000000, Avg. RL Loss: 0.020, Avg. Q value: -0.101, Avg. Length: 484.5, P0 Avg. Reward: 0.027, P1 Avg. Reward: -0.027
Q table: 
 [[1.293 1.275 1.286 1.275 1.295 1.291]
 [1.292 1.273 1.291 1.305 1.308 1.299]
 [1.286 1.311 1.287 1.293 1.313 1.297]
 [1.251 1.277 1.293 1.294 1.28  1.286]
 [1.278 1.276 1.266 1.278 1.301 1.263]
 [1.294 1.29  1.249 1.283 1.276 1.283]]
Nash policies:  [(array([0.   , 0.564, 0.435, 0.   , 0.   , 0.   ]), array([0.036, 0.112, 0.852, 0.   , 0.   , 0.   ]))]
Frame: 13250000, Avg. RL Loss: 0.024, Avg. Q value: -0.100, Avg. Length: 479.8, P0 Avg. Reward: -0.104, P1 Avg. Reward: 0.104
Q table: 
 [[-1.359 -1.409 -1.421 -1.4   -1.364 -1.382]
 [-1.389 -1.415 -1.387 -1.424 -1.375 -1.359]
 [-1.406 -1.455 -1.455 -1.448 -1.394 -1.401]
 [-1.38  -1.408 -1.423 -1.386 -1.396 -1.37 ]
 [-1.364 -1.45  -1.384 -1.423 -1.369 -1.386]
 [-1.399 -1.431 -1.348 -1.388 -1.375 -1.395]]
Nash policies:  [(array([0.   , 0.351, 0.   , 0.649, 0.   , 0.   ]), array([0.   , 0.823, 0.177, 0.   , 0.   , 0.   ]))]
Frame: 13500000, Avg. RL Loss: 0.022, Avg. Q value: 0.112, Avg. Length: 493.5, P0 Avg. Reward: 0.039, P1 Avg. Reward: -0.039
Q table: 
 [[-0.878 -0.857 -0.835 -0.855 -0.855 -0.854]
 [-0.86  -0.866 -0.866 -0.882 -0.861 -0.86 ]
 [-0.858 -0.867 -0.847 -0.864 -0.862 -0.894]
 [-0.86  -0.846 -0.843 -0.854 -0.861 -0.865]
 [-0.837 -0.847 -0.858 -0.871 -0.881 -0.859]
 [-0.85  -0.852 -0.904 -0.874 -0.865 -0.861]]
Nash policies:  [(array([0.251, 0.019, 0.   , 0.404, 0.003, 0.323]), array([0.313, 0.   , 0.043, 0.005, 0.42 , 0.219]))]
Frame: 13750000, Avg. RL Loss: 0.022, Avg. Q value: 0.151, Avg. Length: 494.7, P0 Avg. Reward: 0.040, P1 Avg. Reward: -0.040
Q table: 
 [[-1.733 -1.717 -1.741 -1.712 -1.778 -1.758]
 [-1.743 -1.738 -1.711 -1.707 -1.746 -1.768]
 [-1.734 -1.731 -1.716 -1.745 -1.73  -1.78 ]
 [-1.734 -1.716 -1.728 -1.769 -1.791 -1.75 ]
 [-1.762 -1.735 -1.708 -1.774 -1.75  -1.739]
 [-1.761 -1.704 -1.755 -1.722 -1.803 -1.749]]
Nash policies:  [(array([0.159, 0.138, 0.123, 0.   , 0.579, 0.   ]), array([0.338, 0.   , 0.   , 0.058, 0.217, 0.387]))]
Frame: 14000000, Avg. RL Loss: 0.022, Avg. Q value: -0.017, Avg. Length: 487.0, P0 Avg. Reward: -0.068, P1 Avg. Reward: 0.068
Q table: 
 [[-1.734 -1.743 -1.698 -1.741 -1.731 -1.703]
 [-1.719 -1.691 -1.701 -1.724 -1.74  -1.684]
 [-1.726 -1.731 -1.734 -1.723 -1.734 -1.708]
 [-1.738 -1.748 -1.743 -1.722 -1.705 -1.704]
 [-1.748 -1.73  -1.674 -1.698 -1.744 -1.684]
 [-1.737 -1.744 -1.759 -1.742 -1.716 -1.737]]
Nash policies:  [(array([0.   , 0.595, 0.   , 0.405, 0.   , 0.   ]), array([0.648, 0.   , 0.   , 0.   , 0.352, 0.   ]))]
Frame: 14250000, Avg. RL Loss: 0.025, Avg. Q value: -0.101, Avg. Length: 498.2, P0 Avg. Reward: 0.052, P1 Avg. Reward: -0.052
Q table: 
 [[1.111 1.098 1.108 1.099 1.12  1.103]
 [1.113 1.091 1.05  1.094 1.08  1.11 ]
 [1.107 1.089 1.093 1.088 1.119 1.105]
 [1.087 1.089 1.105 1.093 1.13  1.117]
 [1.134 1.102 1.11  1.075 1.11  1.114]
 [1.103 1.094 1.106 1.062 1.102 1.123]]
Nash policies:  [(array([0.968, 0.   , 0.   , 0.   , 0.032, 0.   ]), array([0.   , 0.877, 0.   , 0.123, 0.   , 0.   ]))]
Frame: 14500000, Avg. RL Loss: 0.026, Avg. Q value: 0.107, Avg. Length: 510.0, P0 Avg. Reward: -0.090, P1 Avg. Reward: 0.090
Q table: 
 [[1.842 1.834 1.788 1.825 1.857 1.813]
 [1.857 1.829 1.803 1.838 1.776 1.806]
 [1.849 1.809 1.835 1.758 1.891 1.898]
 [1.827 1.829 1.837 1.828 1.781 1.81 ]
 [1.842 1.826 1.839 1.841 1.837 1.814]
 [1.808 1.821 1.831 1.851 1.803 1.841]]
Nash policies:  [(array([0.205, 0.   , 0.113, 0.288, 0.253, 0.142]), array([0.   , 0.69 , 0.098, 0.028, 0.013, 0.171]))]
Frame: 14750000, Avg. RL Loss: 0.027, Avg. Q value: -0.056, Avg. Length: 504.2, P0 Avg. Reward: 0.114, P1 Avg. Reward: -0.114
Q table: 
 [[-1.107 -1.102 -1.114 -1.106 -1.109 -1.08 ]
 [-1.104 -1.082 -1.121 -1.091 -1.099 -1.1  ]
 [-1.113 -1.129 -1.113 -1.084 -1.103 -1.1  ]
 [-1.11  -1.107 -1.083 -1.101 -1.105 -1.094]
 [-1.123 -1.098 -1.104 -1.1   -1.101 -1.115]
 [-1.114 -1.093 -1.095 -1.103 -1.1   -1.097]]
Nash policies:  [(array([0.   , 0.612, 0.   , 0.388, 0.   , 0.   ]), array([0.872, 0.   , 0.128, 0.   , 0.   , 0.   ]))]
Frame: 15000000, Avg. RL Loss: 0.026, Avg. Q value: 0.037, Avg. Length: 491.1, P0 Avg. Reward: 0.127, P1 Avg. Reward: -0.127
Q table: 
 [[1.214 1.217 1.209 1.207 1.199 1.221]
 [1.194 1.229 1.186 1.205 1.2   1.186]
 [1.181 1.174 1.22  1.193 1.183 1.184]
 [1.221 1.199 1.218 1.207 1.212 1.206]
 [1.216 1.201 1.203 1.21  1.222 1.211]
 [1.227 1.225 1.211 1.23  1.219 1.199]]
Nash policies:  [(array([0.35 , 0.   , 0.   , 0.26 , 0.199, 0.192]), array([0.   , 0.102, 0.304, 0.   , 0.281, 0.313]))]
Frame: 15250000, Avg. RL Loss: 0.024, Avg. Q value: 0.141, Avg. Length: 505.1, P0 Avg. Reward: 0.069, P1 Avg. Reward: -0.069
Q table: 
 [[-1.12  -1.106 -1.088 -1.098 -1.055 -1.094]
 [-1.113 -1.109 -1.098 -1.086 -1.119 -1.099]
 [-1.104 -1.111 -1.103 -1.098 -1.079 -1.081]
 [-1.096 -1.108 -1.086 -1.105 -1.116 -1.105]
 [-1.083 -1.057 -1.105 -1.104 -1.096 -1.112]
 [-1.093 -1.082 -1.058 -1.103 -1.091 -1.104]]
Nash policies:  [(array([0.   , 0.215, 0.343, 0.   , 0.333, 0.109]), array([0.353, 0.   , 0.039, 0.461, 0.   , 0.146]))]
Frame: 15500000, Avg. RL Loss: 0.024, Avg. Q value: 0.143, Avg. Length: 497.6, P0 Avg. Reward: -0.014, P1 Avg. Reward: 0.014
Q table: 
 [[1.436 1.446 1.436 1.452 1.469 1.432]
 [1.451 1.397 1.44  1.417 1.436 1.418]
 [1.421 1.429 1.403 1.41  1.438 1.426]
 [1.456 1.434 1.434 1.452 1.463 1.441]
 [1.441 1.442 1.435 1.441 1.457 1.457]
 [1.471 1.452 1.445 1.442 1.454 1.44 ]]
Nash policies:  [(array([0.   , 0.   , 0.   , 0.066, 0.151, 0.783]), array([0.   , 0.   , 0.352, 0.394, 0.   , 0.255]))]
Frame: 15750000, Avg. RL Loss: 0.026, Avg. Q value: 0.212, Avg. Length: 491.4, P0 Avg. Reward: 0.069, P1 Avg. Reward: -0.069
Q table: 
 [[-1.14  -1.15  -1.15  -1.156 -1.143 -1.167]
 [-1.149 -1.143 -1.155 -1.166 -1.14  -1.176]
 [-1.139 -1.12  -1.133 -1.142 -1.159 -1.138]
 [-1.134 -1.163 -1.149 -1.148 -1.173 -1.15 ]
 [-1.132 -1.16  -1.146 -1.16  -1.158 -1.166]
 [-1.144 -1.142 -1.143 -1.144 -1.181 -1.149]]
Nash policies:  [(array([0.475, 0.   , 0.525, 0.   , 0.   , 0.   ]), array([0.   , 0.   , 0.   , 0.   , 0.646, 0.354]))]
Frame: 16000000, Avg. RL Loss: 0.026, Avg. Q value: 0.110, Avg. Length: 487.8, P0 Avg. Reward: 0.051, P1 Avg. Reward: -0.051
Q table: 
 [[1.166 1.184 1.161 1.162 1.159 1.164]
 [1.181 1.179 1.169 1.162 1.17  1.178]
 [1.165 1.198 1.162 1.183 1.151 1.161]
 [1.171 1.173 1.167 1.149 1.153 1.158]
 [1.174 1.166 1.154 1.147 1.17  1.142]
 [1.183 1.164 1.15  1.16  1.172 1.152]]
Nash policies:  [(array([0.   , 0.791, 0.209, 0.   , 0.   , 0.   ]), array([0.   , 0.   , 0.   , 0.473, 0.527, 0.   ]))]
Frame: 16250000, Avg. RL Loss: 0.024, Avg. Q value: -0.049, Avg. Length: 494.3, P0 Avg. Reward: 0.067, P1 Avg. Reward: -0.067
Q table: 
 [[-1.745 -1.724 -1.73  -1.757 -1.771 -1.786]
 [-1.777 -1.747 -1.773 -1.759 -1.754 -1.754]
 [-1.759 -1.713 -1.755 -1.779 -1.751 -1.743]
 [-1.746 -1.723 -1.764 -1.754 -1.779 -1.763]
 [-1.726 -1.735 -1.725 -1.764 -1.782 -1.76 ]
 [-1.753 -1.735 -1.738 -1.751 -1.764 -1.752]]
Nash policies:  [(array([0.   , 0.192, 0.231, 0.   , 0.   , 0.576]), array([0.171, 0.   , 0.   , 0.243, 0.585, 0.   ]))]
Frame: 16500000, Avg. RL Loss: 0.024, Avg. Q value: -0.086, Avg. Length: 491.2, P0 Avg. Reward: 0.141, P1 Avg. Reward: -0.141
Q table: 
 [[1.554 1.63  1.618 1.637 1.619 1.601]
 [1.599 1.605 1.593 1.589 1.597 1.607]
 [1.592 1.61  1.627 1.584 1.599 1.627]
 [1.63  1.608 1.592 1.594 1.612 1.612]
 [1.62  1.645 1.615 1.613 1.644 1.618]
 [1.607 1.614 1.631 1.612 1.601 1.635]]
Nash policies:  [(array([0.071, 0.   , 0.   , 0.   , 0.929, 0.   ]), array([0.268, 0.   , 0.   , 0.732, 0.   , 0.   ]))]
Frame: 16750000, Avg. RL Loss: 0.022, Avg. Q value: 0.001, Avg. Length: 484.7, P0 Avg. Reward: 0.021, P1 Avg. Reward: -0.021
Q table: 
 [[1.184 1.216 1.203 1.2   1.218 1.218]
 [1.197 1.204 1.212 1.236 1.206 1.205]
 [1.232 1.207 1.215 1.222 1.213 1.221]
 [1.22  1.215 1.211 1.211 1.219 1.205]
 [1.224 1.216 1.213 1.224 1.205 1.201]
 [1.199 1.224 1.216 1.213 1.204 1.197]]
Nash policies:  [(array([0.139, 0.   , 0.48 , 0.175, 0.   , 0.206]), array([0.   , 0.326, 0.307, 0.   , 0.193, 0.174]))]
Frame: 17000000, Avg. RL Loss: 0.023, Avg. Q value: -0.051, Avg. Length: 501.6, P0 Avg. Reward: 0.078, P1 Avg. Reward: -0.078
Q table: 
 [[0.791 0.801 0.779 0.79  0.791 0.805]
 [0.772 0.78  0.799 0.796 0.777 0.809]
 [0.782 0.776 0.768 0.748 0.776 0.805]
 [0.794 0.781 0.781 0.791 0.802 0.797]
 [0.791 0.786 0.782 0.806 0.792 0.801]
 [0.791 0.822 0.807 0.797 0.804 0.799]]
Nash policies:  [(array([0.   , 0.   , 0.   , 0.543, 0.   , 0.457]), array([0.905, 0.   , 0.095, 0.   , 0.   , 0.   ]))]
Frame: 17250000, Avg. RL Loss: 0.024, Avg. Q value: 0.060, Avg. Length: 500.4, P0 Avg. Reward: 0.056, P1 Avg. Reward: -0.056
Q table: 
 [[-1.528 -1.515 -1.522 -1.551 -1.539 -1.551]
 [-1.546 -1.513 -1.549 -1.551 -1.541 -1.51 ]
 [-1.544 -1.54  -1.62  -1.539 -1.545 -1.527]
 [-1.56  -1.493 -1.555 -1.527 -1.527 -1.519]
 [-1.556 -1.509 -1.513 -1.539 -1.523 -1.542]
 [-1.538 -1.55  -1.537 -1.533 -1.527 -1.51 ]]
Nash policies:  [(array([0.255, 0.   , 0.   , 0.065, 0.   , 0.68 ]), array([0.42 , 0.111, 0.   , 0.469, 0.   , 0.   ]))]
Frame: 17500000, Avg. RL Loss: 0.024, Avg. Q value: 0.086, Avg. Length: 490.5, P0 Avg. Reward: 0.102, P1 Avg. Reward: -0.102
Q table: 
 [[-1.072 -1.07  -1.086 -1.088 -1.099 -1.075]
 [-1.077 -1.042 -1.048 -1.048 -1.08  -1.082]
 [-1.094 -1.037 -1.059 -1.073 -1.06  -1.096]
 [-1.075 -1.064 -1.081 -1.088 -1.088 -1.076]
 [-1.068 -1.077 -1.037 -1.068 -1.089 -1.076]
 [-1.098 -1.055 -1.056 -1.08  -1.084 -1.079]]
Nash policies:  [(array([0.   , 0.095, 0.227, 0.679, 0.   , 0.   ]), array([0.   , 0.   , 0.   , 0.012, 0.41 , 0.579]))]
Frame: 17750000, Avg. RL Loss: 0.021, Avg. Q value: -0.067, Avg. Length: 497.0, P0 Avg. Reward: -0.174, P1 Avg. Reward: 0.174
Q table: 
 [[1.568 1.536 1.534 1.548 1.554 1.555]
 [1.542 1.562 1.523 1.543 1.603 1.553]
 [1.568 1.523 1.532 1.545 1.556 1.526]
 [1.563 1.546 1.541 1.543 1.549 1.55 ]
 [1.613 1.564 1.533 1.568 1.566 1.542]
 [1.581 1.541 1.536 1.549 1.514 1.567]]
Nash policies:  [(array([0., 0., 0., 1., 0., 0.]), array([0., 0., 1., 0., 0., 0.]))]
Frame: 18000000, Avg. RL Loss: 0.022, Avg. Q value: 0.049, Avg. Length: 504.6, P0 Avg. Reward: -0.057, P1 Avg. Reward: 0.057
Q table: 
 [[0.904 0.961 0.911 0.898 0.883 0.903]
 [0.894 0.926 0.898 0.904 0.875 0.942]
 [0.912 0.915 0.919 0.886 0.914 0.928]
 [0.933 0.933 0.9   0.897 0.861 0.9  ]
 [0.895 0.917 0.894 0.906 0.926 0.893]
 [0.901 0.909 0.918 0.915 0.906 0.89 ]]
Nash policies:  [(array([0.   , 0.062, 0.299, 0.041, 0.   , 0.599]), array([0.312, 0.   , 0.   , 0.396, 0.104, 0.188]))]
Frame: 18250000, Avg. RL Loss: 0.020, Avg. Q value: 0.029, Avg. Length: 484.3, P0 Avg. Reward: 0.091, P1 Avg. Reward: -0.091
Q table: 
 [[1.482 1.488 1.477 1.497 1.45  1.49 ]
 [1.446 1.42  1.46  1.492 1.423 1.543]
 [1.472 1.469 1.487 1.473 1.493 1.515]
 [1.481 1.489 1.528 1.486 1.479 1.506]
 [1.482 1.49  1.483 1.487 1.504 1.528]
 [1.46  1.485 1.48  1.527 1.496 1.487]]
Nash policies:  [(array([0.388, 0.   , 0.   , 0.036, 0.577, 0.   ]), array([0.967, 0.   , 0.028, 0.   , 0.005, 0.   ]))]
Frame: 18500000, Avg. RL Loss: 0.023, Avg. Q value: 0.233, Avg. Length: 510.4, P0 Avg. Reward: -0.002, P1 Avg. Reward: 0.002
Q table: 
 [[-1.473 -1.413 -1.442 -1.46  -1.451 -1.471]
 [-1.455 -1.386 -1.387 -1.452 -1.44  -1.448]
 [-1.477 -1.434 -1.405 -1.439 -1.441 -1.434]
 [-1.437 -1.419 -1.451 -1.445 -1.446 -1.443]
 [-1.441 -1.458 -1.437 -1.426 -1.442 -1.438]
 [-1.465 -1.37  -1.408 -1.391 -1.479 -1.462]]
Nash policies:  [(array([0.   , 0.127, 0.   , 0.176, 0.698, 0.   ]), array([0.263, 0.036, 0.   , 0.   , 0.701, 0.   ]))]
Frame: 18750000, Avg. RL Loss: 0.020, Avg. Q value: 0.195, Avg. Length: 504.3, P0 Avg. Reward: 0.178, P1 Avg. Reward: -0.178
Q table: 
 [[-1.062 -1.025 -1.031 -1.023 -1.018 -1.039]
 [-1.011 -1.039 -1.035 -1.038 -1.031 -1.036]
 [-1.013 -1.044 -1.029 -1.029 -1.032 -1.024]
 [-1.034 -1.031 -1.028 -1.048 -1.041 -1.042]
 [-1.043 -1.013 -1.047 -1.026 -1.033 -1.049]
 [-1.025 -1.064 -1.051 -1.036 -1.064 -1.061]]
Nash policies:  [(array([0.293, 0.   , 0.522, 0.024, 0.161, 0.   ]), array([0.083, 0.424, 0.261, 0.   , 0.   , 0.232]))]
Frame: 19000000, Avg. RL Loss: 0.020, Avg. Q value: 0.085, Avg. Length: 507.3, P0 Avg. Reward: -0.053, P1 Avg. Reward: 0.053
Q table: 
 [[-1.054 -1.048 -0.985 -1.046 -1.058 -1.055]
 [-1.025 -1.023 -1.055 -1.046 -1.037 -1.039]
 [-1.055 -1.06  -1.057 -1.068 -1.065 -1.081]
 [-1.038 -1.018 -1.022 -1.045 -1.053 -1.039]
 [-1.055 -1.043 -1.039 -1.039 -1.059 -1.06 ]
 [-1.074 -1.066 -1.054 -1.077 -1.052 -1.058]]
Nash policies:  [(array([0.044, 0.63 , 0.   , 0.111, 0.215, 0.   ]), array([0.   , 0.   , 0.073, 0.66 , 0.22 , 0.047]))]
Frame: 19250000, Avg. RL Loss: 0.018, Avg. Q value: 0.125, Avg. Length: 503.7, P0 Avg. Reward: 0.168, P1 Avg. Reward: -0.168
Q table: 
 [[0.712 0.731 0.713 0.723 0.722 0.726]
 [0.73  0.736 0.732 0.746 0.73  0.733]
 [0.761 0.729 0.732 0.741 0.732 0.743]
 [0.738 0.741 0.74  0.724 0.735 0.736]
 [0.733 0.736 0.725 0.747 0.729 0.713]
 [0.74  0.724 0.721 0.739 0.721 0.732]]
Nash policies:  [(array([0.   , 0.   , 0.555, 0.445, 0.   , 0.   ]), array([0.   , 0.   , 0.   , 0.141, 0.859, 0.   ]))]
Frame: 19500000, Avg. RL Loss: 0.020, Avg. Q value: 0.169, Avg. Length: 502.8, P0 Avg. Reward: 0.014, P1 Avg. Reward: -0.014
Q table: 
 [[-0.785 -0.774 -0.812 -0.791 -0.795 -0.79 ]
 [-0.787 -0.79  -0.76  -0.771 -0.788 -0.781]
 [-0.779 -0.794 -0.778 -0.778 -0.799 -0.787]
 [-0.788 -0.762 -0.764 -0.783 -0.781 -0.786]
 [-0.804 -0.761 -0.768 -0.786 -0.793 -0.799]
 [-0.778 -0.787 -0.763 -0.778 -0.793 -0.81 ]]
Nash policies:  [(array([0.   , 0.093, 0.228, 0.679, 0.   , 0.   ]), array([0.491, 0.   , 0.   , 0.   , 0.225, 0.284]))]
Frame: 19750000, Avg. RL Loss: 0.020, Avg. Q value: 0.012, Avg. Length: 490.1, P0 Avg. Reward: -0.010, P1 Avg. Reward: 0.010
Q table: 
 [[1.714 1.724 1.737 1.736 1.714 1.722]
 [1.743 1.721 1.763 1.693 1.713 1.714]
 [1.731 1.736 1.72  1.715 1.711 1.712]
 [1.733 1.748 1.732 1.672 1.716 1.696]
 [1.711 1.717 1.729 1.747 1.799 1.703]
 [1.742 1.721 1.694 1.721 1.729 1.705]]
Nash policies:  [(array([0.757, 0.182, 0.   , 0.   , 0.061, 0.   ]), array([0.188, 0.   , 0.   , 0.   , 0.153, 0.659]))]
Frame: 20000000, Avg. RL Loss: 0.020, Avg. Q value: 0.026, Avg. Length: 501.5, P0 Avg. Reward: 0.026, P1 Avg. Reward: -0.026
Q table: 
 [[1.026 1.001 1.021 0.999 1.014 1.003]
 [1.    0.992 1.001 1.014 0.992 1.009]
 [0.994 1.003 1.008 0.995 0.996 1.006]
 [1.004 1.006 1.009 1.017 1.019 0.992]
 [1.014 1.021 1.022 1.02  1.015 1.005]
 [1.01  1.024 1.026 1.03  1.033 1.016]]
Nash policies:  [(array([0.221, 0.   , 0.   , 0.   , 0.   , 0.779]), array([0.438, 0.   , 0.   , 0.   , 0.   , 0.562]))]
Frame: 20250000, Avg. RL Loss: 0.023, Avg. Q value: -0.018, Avg. Length: 500.5, P0 Avg. Reward: -0.066, P1 Avg. Reward: 0.066
Q table: 
 [[0.495 0.505 0.49  0.494 0.48  0.486]
 [0.5   0.506 0.471 0.499 0.49  0.498]
 [0.482 0.478 0.484 0.485 0.46  0.479]
 [0.499 0.496 0.483 0.493 0.487 0.485]
 [0.515 0.508 0.497 0.495 0.489 0.501]
 [0.515 0.482 0.499 0.493 0.482 0.503]]
Nash policies:  [(array([0.   , 0.307, 0.   , 0.   , 0.693, 0.   ]), array([0.   , 0.   , 0.025, 0.   , 0.975, 0.   ]))]
Frame: 20500000, Avg. RL Loss: 0.023, Avg. Q value: 0.155, Avg. Length: 487.8, P0 Avg. Reward: 0.053, P1 Avg. Reward: -0.053
Q table: 
 [[0.866 0.846 0.857 0.846 0.845 0.845]
 [0.836 0.835 0.848 0.853 0.859 0.841]
 [0.834 0.824 0.845 0.833 0.85  0.834]
 [0.855 0.854 0.845 0.836 0.85  0.843]
 [0.851 0.836 0.846 0.852 0.843 0.847]
 [0.859 0.84  0.84  0.855 0.843 0.837]]
Nash policies:  [(array([0.951, 0.041, 0.   , 0.009, 0.   , 0.   ]), array([0.   , 0.062, 0.   , 0.   , 0.252, 0.686]))]
Frame: 20750000, Avg. RL Loss: 0.020, Avg. Q value: -0.052, Avg. Length: 481.5, P0 Avg. Reward: 0.044, P1 Avg. Reward: -0.044
Q table: 
 [[1.661 1.644 1.684 1.66  1.674 1.676]
 [1.648 1.61  1.692 1.628 1.683 1.656]
 [1.651 1.676 1.665 1.695 1.66  1.613]
 [1.647 1.653 1.683 1.651 1.711 1.656]
 [1.721 1.676 1.674 1.723 1.682 1.689]
 [1.675 1.665 1.654 1.642 1.685 1.691]]
Nash policies:  [(array([0.   , 0.   , 0.   , 0.053, 0.947, 0.   ]), array([0.   , 0.266, 0.734, 0.   , 0.   , 0.   ]))]
Frame: 21000000, Avg. RL Loss: 0.023, Avg. Q value: 0.027, Avg. Length: 492.5, P0 Avg. Reward: 0.210, P1 Avg. Reward: -0.210
Q table: 
 [[-0.891 -0.875 -0.889 -0.887 -0.887 -0.881]
 [-0.876 -0.883 -0.87  -0.884 -0.876 -0.885]
 [-0.887 -0.89  -0.886 -0.898 -0.865 -0.869]
 [-0.89  -0.878 -0.892 -0.892 -0.875 -0.85 ]
 [-0.869 -0.876 -0.883 -0.847 -0.868 -0.901]
 [-0.889 -0.88  -0.891 -0.872 -0.869 -0.885]]
Nash policies:  [(array([0.123, 0.468, 0.   , 0.227, 0.182, 0.   ]), array([0.048, 0.623, 0.241, 0.   , 0.   , 0.088]))]
Frame: 21250000, Avg. RL Loss: 0.024, Avg. Q value: 0.200, Avg. Length: 491.4, P0 Avg. Reward: 0.091, P1 Avg. Reward: -0.091
Q table: 
 [[-1.676 -1.679 -1.636 -1.627 -1.662 -1.65 ]
 [-1.654 -1.671 -1.676 -1.664 -1.659 -1.651]
 [-1.656 -1.667 -1.705 -1.665 -1.673 -1.672]
 [-1.659 -1.674 -1.669 -1.695 -1.676 -1.683]
 [-1.632 -1.68  -1.654 -1.694 -1.697 -1.649]
 [-1.698 -1.664 -1.659 -1.638 -1.649 -1.672]]
Nash policies:  [(array([0.   , 0.583, 0.   , 0.   , 0.049, 0.368]), array([0.159, 0.697, 0.144, 0.   , 0.   , 0.   ]))]
Frame: 21500000, Avg. RL Loss: 0.022, Avg. Q value: -0.038, Avg. Length: 487.5, P0 Avg. Reward: -0.227, P1 Avg. Reward: 0.227
Q table: 
 [[-0.994 -1.036 -1.007 -1.016 -1.049 -1.053]
 [-1.019 -1.021 -1.017 -1.017 -1.004 -1.015]
 [-1.025 -1.013 -1.031 -1.025 -1.007 -1.035]
 [-1.019 -1.016 -1.001 -1.038 -1.01  -1.032]
 [-1.036 -1.027 -1.017 -1.026 -1.056 -1.018]
 [-1.043 -1.027 -0.961 -1.033 -1.035 -1.012]]
Nash policies:  [(array([0.007, 0.767, 0.148, 0.078, 0.   , 0.   ]), array([0.378, 0.482, 0.   , 0.072, 0.   , 0.068]))]
Frame: 21750000, Avg. RL Loss: 0.022, Avg. Q value: 0.122, Avg. Length: 484.8, P0 Avg. Reward: 0.083, P1 Avg. Reward: -0.083
Q table: 
 [[-1.215 -1.222 -1.239 -1.251 -1.193 -1.219]
 [-1.198 -1.213 -1.195 -1.24  -1.205 -1.201]
 [-1.213 -1.209 -1.189 -1.224 -1.226 -1.201]
 [-1.19  -1.211 -1.215 -1.236 -1.22  -1.219]
 [-1.201 -1.198 -1.205 -1.229 -1.21  -1.214]
 [-1.213 -1.229 -1.213 -1.227 -1.21  -1.226]]
Nash policies:  [(array([0.   , 0.   , 0.896, 0.   , 0.   , 0.104]), array([0.   , 0.   , 0.   , 0.853, 0.147, 0.   ]))]
Frame: 22000000, Avg. RL Loss: 0.022, Avg. Q value: 0.109, Avg. Length: 481.2, P0 Avg. Reward: 0.104, P1 Avg. Reward: -0.104
Q table: 
 [[-0.784 -0.786 -0.788 -0.783 -0.782 -0.764]
 [-0.774 -0.774 -0.776 -0.762 -0.762 -0.764]
 [-0.774 -0.781 -0.772 -0.788 -0.784 -0.766]
 [-0.778 -0.769 -0.774 -0.773 -0.76  -0.785]
 [-0.778 -0.773 -0.781 -0.766 -0.767 -0.77 ]
 [-0.767 -0.775 -0.781 -0.761 -0.769 -0.765]]
Nash policies:  [(array([0.   , 0.629, 0.222, 0.149, 0.   , 0.   ]), array([0.357, 0.191, 0.452, 0.   , 0.   , 0.   ]))]
Frame: 22250000, Avg. RL Loss: 0.023, Avg. Q value: 0.002, Avg. Length: 478.7, P0 Avg. Reward: -0.030, P1 Avg. Reward: 0.030
Q table: 
 [[0.519 0.505 0.48  0.477 0.46  0.509]
 [0.505 0.52  0.491 0.503 0.511 0.484]
 [0.516 0.507 0.5   0.502 0.502 0.507]
 [0.531 0.483 0.498 0.491 0.482 0.484]
 [0.494 0.492 0.507 0.456 0.486 0.461]
 [0.506 0.49  0.499 0.487 0.512 0.471]]
Nash policies:  [(array([0.   , 0.   , 0.976, 0.   , 0.024, 0.   ]), array([0.   , 0.   , 0.875, 0.125, 0.   , 0.   ]))]
Frame: 22500000, Avg. RL Loss: 0.020, Avg. Q value: 0.135, Avg. Length: 482.5, P0 Avg. Reward: 0.095, P1 Avg. Reward: -0.095
Q table: 
 [[1.532 1.526 1.552 1.559 1.544 1.551]
 [1.51  1.535 1.521 1.517 1.54  1.507]
 [1.555 1.523 1.525 1.53  1.516 1.521]
 [1.536 1.547 1.519 1.53  1.555 1.571]
 [1.514 1.57  1.52  1.551 1.56  1.508]
 [1.569 1.521 1.543 1.549 1.583 1.57 ]]
Nash policies:  [(array([0.334, 0.   , 0.   , 0.   , 0.325, 0.342]), array([0.163, 0.396, 0.441, 0.   , 0.   , 0.   ]))]
Frame: 22750000, Avg. RL Loss: 0.021, Avg. Q value: 0.001, Avg. Length: 490.1, P0 Avg. Reward: -0.251, P1 Avg. Reward: 0.251
Q table: 
 [[-1.509 -1.527 -1.526 -1.531 -1.539 -1.552]
 [-1.557 -1.514 -1.509 -1.529 -1.548 -1.543]
 [-1.55  -1.537 -1.55  -1.533 -1.537 -1.542]
 [-1.547 -1.513 -1.509 -1.529 -1.539 -1.521]
 [-1.535 -1.546 -1.48  -1.527 -1.539 -1.537]
 [-1.55  -1.541 -1.529 -1.532 -1.535 -1.534]]
Nash policies:  [(array([0.295, 0.   , 0.   , 0.212, 0.   , 0.492]), array([0.147, 0.   , 0.   , 0.   , 0.691, 0.162]))]
Frame: 23000000, Avg. RL Loss: 0.022, Avg. Q value: 0.080, Avg. Length: 477.3, P0 Avg. Reward: -0.013, P1 Avg. Reward: 0.013
Q table: 
 [[-1.337 -1.318 -1.333 -1.309 -1.309 -1.317]
 [-1.324 -1.331 -1.33  -1.311 -1.308 -1.312]
 [-1.331 -1.328 -1.352 -1.337 -1.326 -1.309]
 [-1.35  -1.323 -1.326 -1.333 -1.349 -1.319]
 [-1.334 -1.349 -1.327 -1.347 -1.32  -1.33 ]
 [-1.315 -1.304 -1.344 -1.299 -1.345 -1.326]]
Nash policies:  [(array([0.   , 0.796, 0.   , 0.196, 0.   , 0.008]), array([0.168, 0.243, 0.589, 0.   , 0.   , 0.   ]))]
Frame: 23250000, Avg. RL Loss: 0.022, Avg. Q value: -0.087, Avg. Length: 493.2, P0 Avg. Reward: -0.265, P1 Avg. Reward: 0.265
Q table: 
 [[0.954 0.931 0.935 0.938 0.95  0.942]
 [0.958 0.96  0.952 0.948 0.932 0.939]
 [0.971 0.95  0.948 0.941 0.952 0.949]
 [0.923 0.941 0.951 0.948 0.949 0.947]
 [0.924 0.954 0.931 0.949 0.933 0.942]
 [0.971 0.945 0.945 0.956 0.94  0.931]]
Nash policies:  [(array([0.   , 0.   , 0.383, 0.462, 0.069, 0.086]), array([0.038, 0.092, 0.   , 0.485, 0.   , 0.386]))]
Frame: 23500000, Avg. RL Loss: 0.021, Avg. Q value: -0.058, Avg. Length: 494.1, P0 Avg. Reward: -0.029, P1 Avg. Reward: 0.029
Q table: 
 [[-2.238 -2.255 -2.219 -2.25  -2.192 -2.249]
 [-2.24  -2.224 -2.221 -2.254 -2.194 -2.242]
 [-2.275 -2.261 -2.253 -2.275 -2.189 -2.228]
 [-2.222 -2.256 -2.291 -2.261 -2.239 -2.209]
 [-2.214 -2.232 -2.262 -2.234 -2.254 -2.223]
 [-2.229 -2.214 -2.231 -2.253 -2.248 -2.213]]
Nash policies:  [(array([0.429, 0.043, 0.   , 0.   , 0.528, 0.   ]), array([0.   , 0.109, 0.281, 0.609, 0.   , 0.   ]))]
Frame: 23750000, Avg. RL Loss: 0.022, Avg. Q value: 0.133, Avg. Length: 495.6, P0 Avg. Reward: 0.150, P1 Avg. Reward: -0.150
Q table: 
 [[0.809 0.806 0.804 0.803 0.799 0.793]
 [0.818 0.795 0.792 0.803 0.801 0.806]
 [0.805 0.789 0.812 0.792 0.813 0.799]
 [0.804 0.8   0.783 0.808 0.788 0.801]
 [0.799 0.815 0.812 0.804 0.809 0.817]
 [0.809 0.806 0.809 0.813 0.81  0.794]]
Nash policies:  [(array([0.   , 0.216, 0.031, 0.   , 0.433, 0.32 ]), array([0.478, 0.   , 0.342, 0.031, 0.   , 0.149]))]
Frame: 24000000, Avg. RL Loss: 0.023, Avg. Q value: 0.103, Avg. Length: 500.1, P0 Avg. Reward: -0.010, P1 Avg. Reward: 0.010
Q table: 
 [[1.291 1.284 1.282 1.273 1.271 1.255]
 [1.263 1.267 1.258 1.272 1.305 1.305]
 [1.261 1.279 1.3   1.297 1.25  1.256]
 [1.267 1.281 1.26  1.284 1.287 1.271]
 [1.267 1.304 1.282 1.264 1.271 1.308]
 [1.291 1.293 1.294 1.283 1.287 1.275]]
Nash policies:  [(array([0.   , 0.257, 0.081, 0.   , 0.   , 0.662]), array([0.07 , 0.   , 0.   , 0.619, 0.   , 0.31 ]))]
Frame: 24250000, Avg. RL Loss: 0.022, Avg. Q value: 0.132, Avg. Length: 487.0, P0 Avg. Reward: -0.128, P1 Avg. Reward: 0.128
Q table: 
 [[0.659 0.67  0.662 0.66  0.646 0.665]
 [0.651 0.655 0.645 0.658 0.656 0.645]
 [0.651 0.652 0.652 0.659 0.662 0.654]
 [0.681 0.664 0.642 0.649 0.643 0.654]
 [0.67  0.667 0.661 0.644 0.653 0.665]
 [0.668 0.657 0.663 0.66  0.649 0.663]]
Nash policies:  [(array([0.017, 0.   , 0.534, 0.   , 0.196, 0.252]), array([0.   , 0.111, 0.372, 0.137, 0.38 , 0.   ]))]
Frame: 24500000, Avg. RL Loss: 0.020, Avg. Q value: 0.055, Avg. Length: 496.1, P0 Avg. Reward: 0.097, P1 Avg. Reward: -0.097
Q table: 
 [[-0.912 -0.888 -0.911 -0.913 -0.924 -0.909]
 [-0.919 -0.902 -0.907 -0.909 -0.921 -0.915]
 [-0.923 -0.9   -0.916 -0.912 -0.92  -0.911]
 [-0.919 -0.91  -0.91  -0.93  -0.91  -0.921]
 [-0.902 -0.923 -0.918 -0.923 -0.915 -0.92 ]
 [-0.935 -0.905 -0.9   -0.905 -0.902 -0.932]]