Cannot import pettingzoo env:  pong_v2
                          Options
                          seed: 1122
                          batch_size: 1024
                          no_cuda: False
                          training_id: 0
                          max_frames: 500000000
                          buffer_size: 100000
                          update_target: 1000
                          train_freq: 100
                          gamma: 0.99
                          eta: 0.1
                          rl_start: 10000
                          sl_start: 1000
                          num_envs: 3
                          hidden_dim: 256
                          dueling: False
                          multi_step: 1
                          cce: False
                          env: boxing_v1
                          ram: True
                          negative: False
                          against_baseline: False
                          load_model: 0
                          save_model: 20210617_0107
                          evaluate: False
                          render: False
                          evaluation_interval: 50000
                          lr: 0.0001
                          max_tag_interval: 10000
                          eps_start: 1.0
                          eps_final: 0.01
                          eps_decay: 30000
                          cuda: True
                          device: cuda:0
[Box(0.0, 1.0, (128,), float32), Box(0.0, 1.0, (128,), float32), Box(0.0, 1.0, (128,), float32)] [Discrete(18), Discrete(18), Discrete(18)]
(128,)
(128,)
Frame: 150000, Avg. RL Loss: 0.008, Avg. Q value: 0.005, Avg. Length: 1785.0, P0 Avg. Reward: -1.226, P1 Avg. Reward: 1.226
Q table: 
 [[ 0.019  0.017  0.005 ...  0.007 -0.004  0.008]
 [ 0.004  0.015  0.008 ...  0.01   0.016  0.016]
 [ 0.002 -0.014 -0.003 ...  0.006  0.01  -0.   ]
 ...
 [ 0.007  0.004  0.004 ...  0.006  0.002  0.014]
 [-0.     0.002  0.004 ... -0.009  0.004  0.001]
 [ 0.001  0.015 -0.003 ...  0.009 -0.001  0.003]]
Nash policies:  [(array([0.109, 0.   , 0.253, 0.   , 0.039, 0.173, 0.   , 0.   , 0.167, 0.   , 0.   , 0.   , 0.   , 0.043, 0.08 , 0.   , 0.   , 0.137]), array([0.   , 0.118, 0.087, 0.104, 0.008, 0.051, 0.   , 0.   , 0.216, 0.   , 0.353, 0.   , 0.   , 0.063, 0.   , 0.   , 0.   , 0.   ]))]
Frame: 300000, Avg. RL Loss: 0.003, Avg. Q value: 0.002, Avg. Length: 1785.0, P0 Avg. Reward: -1.143, P1 Avg. Reward: 1.143
Q table: 
 [[ 0.001  0.011 -0.004 ... -0.003 -0.001  0.007]
 [ 0.011  0.    -0.002 ... -0.015  0.006  0.01 ]
 [ 0.003  0.004 -0.002 ... -0.002 -0.004  0.008]
 ...
 [ 0.004 -0.002 -0.013 ...  0.001  0.002  0.004]
 [-0.013  0.003  0.014 ... -0.008  0.005  0.017]
 [ 0.002  0.011 -0.005 ...  0.     0.001 -0.004]]
Nash policies:  [(array([0.   , 0.08 , 0.   , 0.   , 0.423, 0.   , 0.   , 0.05 , 0.   , 0.   , 0.116, 0.   , 0.219, 0.   , 0.016, 0.   , 0.   , 0.094]), array([0.   , 0.144, 0.   , 0.   , 0.024, 0.   , 0.   , 0.   , 0.203, 0.   , 0.264, 0.196, 0.   , 0.   , 0.109, 0.06 , 0.   , 0.   ]))]
Frame: 450000, Avg. RL Loss: 0.004, Avg. Q value: 0.001, Avg. Length: 1785.0, P0 Avg. Reward: -0.286, P1 Avg. Reward: 0.286
Q table: 
 [[ 0.013  0.011 -0.008 ... -0.005  0.01  -0.003]
 [ 0.004  0.007  0.    ... -0.002  0.009  0.009]
 [-0.011  0.007  0.003 ...  0.003  0.004  0.003]
 ...
 [ 0.005 -0.004  0.003 ... -0.006  0.004  0.008]
 [ 0.018 -0.001  0.003 ... -0.009 -0.003  0.002]
 [ 0.008  0.029  0.002 ... -0.004  0.017 -0.003]]
Nash policies:  [(array([0.   , 0.734, 0.138, 0.   , 0.   , 0.   , 0.   , 0.   , 0.   , 0.   , 0.129, 0.   , 0.   , 0.   , 0.   , 0.   , 0.   , 0.   ]), array([0.   , 0.   , 0.   , 0.   , 0.   , 0.   , 0.   , 0.   , 0.   , 0.   , 0.48 , 0.335, 0.   , 0.   , 0.   , 0.184, 0.   , 0.   ]))]
Frame: 600000, Avg. RL Loss: 0.002, Avg. Q value: 0.003, Avg. Length: 1785.0, P0 Avg. Reward: -0.071, P1 Avg. Reward: 0.071
Q table: 
 [[ 0.007  0.001  0.005 ... -0.013 -0.003 -0.002]
 [ 0.009  0.001  0.001 ...  0.001  0.004  0.006]
 [ 0.003  0.007  0.005 ...  0.005  0.006  0.002]
 ...
 [ 0.009  0.    -0.    ... -0.009  0.007  0.003]
 [ 0.006  0.005  0.    ...  0.001  0.001  0.003]
 [ 0.018  0.005  0.004 ...  0.     0.008  0.007]]
Nash policies:  [(array([0.   , 0.427, 0.   , 0.   , 0.   , 0.   , 0.   , 0.   , 0.   , 0.   , 0.153, 0.   , 0.29 , 0.   , 0.123, 0.   , 0.006, 0.   ]), array([0.   , 0.   , 0.231, 0.   , 0.   , 0.   , 0.   , 0.   , 0.   , 0.   , 0.552, 0.   , 0.092, 0.   , 0.   , 0.078, 0.047, 0.   ]))]
Frame: 750000, Avg. RL Loss: 0.002, Avg. Q value: 0.003, Avg. Length: 1785.0, P0 Avg. Reward: -0.595, P1 Avg. Reward: 0.595
Q table: 
 [[-0.001  0.009 -0.001 ... -0.021  0.001 -0.012]
 [ 0.     0.006  0.005 ... -0.003 -0.001  0.033]
 [ 0.006  0.009  0.002 ...  0.002  0.005  0.006]
 ...
 [ 0.008  0.003 -0.001 ... -0.001  0.003  0.004]
 [-0.001  0.003  0.    ... -0.008  0.002 -0.004]
 [-0.003  0.014  0.004 ...  0.008  0.001  0.007]]
Nash policies:  [(array([0.   , 0.039, 0.   , 0.   , 0.013, 0.   , 0.   , 0.264, 0.   , 0.   , 0.   , 0.   , 0.594, 0.   , 0.018, 0.   , 0.   , 0.073]), array([0.   , 0.   , 0.023, 0.   , 0.   , 0.   , 0.   , 0.   , 0.037, 0.   , 0.225, 0.   , 0.265, 0.   , 0.316, 0.134, 0.   , 0.   ]))]
Frame: 900000, Avg. RL Loss: 0.002, Avg. Q value: -0.002, Avg. Length: 1785.0, P0 Avg. Reward: -0.917, P1 Avg. Reward: 0.917
Q table: 
 [[-0.001  0.004  0.001 ...  0.006  0.001 -0.006]
 [ 0.003 -0.001  0.012 ...  0.008  0.001  0.002]
 [ 0.    -0.005 -0.001 ...  0.001 -0.002 -0.002]
 ...
 [-0.008  0.002  0.006 ...  0.002 -0.006 -0.   ]
 [ 0.006  0.001  0.002 ...  0.002  0.013  0.004]
 [ 0.012  0.006 -0.    ...  0.002  0.009  0.003]]
Nash policies:  [(array([0.   , 0.024, 0.   , 0.   , 0.071, 0.   , 0.   , 0.   , 0.   , 0.   , 0.   , 0.   , 0.   , 0.   , 0.   , 0.   , 0.332, 0.573]), array([0.   , 0.   , 0.029, 0.   , 0.   , 0.   , 0.   , 0.81 , 0.   , 0.   , 0.037, 0.   , 0.   , 0.   , 0.   , 0.124, 0.   , 0.   ]))]
Frame: 1050000, Avg. RL Loss: 0.002, Avg. Q value: 0.000, Avg. Length: 1785.0, P0 Avg. Reward: -0.964, P1 Avg. Reward: 0.964
Q table: 
 [[-0.008  0.018 -0.004 ... -0.011  0.009 -0.008]
 [-0.003 -0.004 -0.001 ... -0.007  0.003  0.008]
 [ 0.005 -0.005 -0.005 ... -0.01   0.001 -0.008]
 ...
 [ 0.004 -0.012 -0.    ... -0.007 -0.     0.015]
 [-0.02   0.007 -0.001 ... -0.02   0.022 -0.009]
 [-0.012 -0.001  0.009 ... -0.005  0.015 -0.003]]
Nash policies:  [(array([0.   , 0.148, 0.187, 0.   , 0.   , 0.   , 0.   , 0.   , 0.   , 0.   , 0.296, 0.   , 0.   , 0.   , 0.369, 0.   , 0.   , 0.   ]), array([0.   , 0.   , 0.   , 0.   , 0.   , 0.   , 0.   , 0.   , 0.   , 0.   , 0.427, 0.332, 0.   , 0.   , 0.078, 0.163, 0.   , 0.   ]))]
Frame: 1200000, Avg. RL Loss: 0.003, Avg. Q value: -0.002, Avg. Length: 1785.0, P0 Avg. Reward: -0.000, P1 Avg. Reward: 0.000
Q table: 
 [[ 0.006  0.004  0.001 ... -0.002  0.015 -0.004]
 [-0.012 -0.002  0.    ... -0.004  0.005 -0.011]
 [ 0.    -0.006  0.    ... -0.011 -0.002 -0.006]
 ...
 [-0.002 -0.004 -0.001 ... -0.008  0.011  0.001]
 [-0.006 -0.006  0.001 ... -0.     0.016 -0.009]
 [-0.001 -0.007  0.002 ... -0.009  0.003 -0.005]]
Nash policies:  [(array([0.   , 0.078, 0.   , 0.021, 0.   , 0.   , 0.   , 0.   , 0.   , 0.   , 0.003, 0.328, 0.   , 0.   , 0.217, 0.354, 0.   , 0.   ]), array([0.   , 0.   , 0.   , 0.   , 0.147, 0.   , 0.006, 0.   , 0.   , 0.099, 0.   , 0.   , 0.   , 0.048, 0.691, 0.009, 0.   , 0.   ]))]
Frame: 1350000, Avg. RL Loss: 0.004, Avg. Q value: -0.004, Avg. Length: 1785.0, P0 Avg. Reward: -0.464, P1 Avg. Reward: 0.464
Q table: 
 [[-0.017  0.007 -0.001 ... -0.034  0.009 -0.01 ]
 [-0.008 -0.013 -0.005 ... -0.009  0.005 -0.003]
 [-0.001 -0.014 -0.009 ... -0.016 -0.006 -0.014]
 ...
 [-0.013 -0.013 -0.004 ... -0.017 -0.013 -0.005]
 [-0.016 -0.017  0.007 ... -0.013  0.002 -0.014]
 [-0.001  0.007 -0.003 ... -0.008  0.003 -0.012]]
Nash policies:  [(array([0.   , 0.   , 0.   , 0.   , 0.   , 0.   , 0.   , 0.   , 0.   , 0.   , 0.027, 0.   , 0.   , 0.   , 0.075, 0.   , 0.036, 0.862]), array([0.   , 0.   , 0.   , 0.   , 0.   , 0.   , 0.   , 0.047, 0.   , 0.   , 0.   , 0.197, 0.   , 0.   , 0.   , 0.53 , 0.   , 0.226]))]
Frame: 1500000, Avg. RL Loss: 0.008, Avg. Q value: -0.003, Avg. Length: 1785.0, P0 Avg. Reward: -0.202, P1 Avg. Reward: 0.202
Q table: 
 [[-0.001 -0.009  0.002 ... -0.005  0.002 -0.009]
 [ 0.015  0.005  0.004 ...  0.009  0.047 -0.014]
 [-0.008 -0.009  0.005 ...  0.015 -0.006 -0.008]
 ...
 [-0.012  0.01   0.002 ... -0.    -0.01  -0.018]
 [ 0.018  0.007 -0.003 ...  0.001  0.004  0.   ]
 [ 0.012 -0.009  0.019 ... -0.005  0.015 -0.009]]
Nash policies:  [(array([0.   , 0.   , 0.   , 0.   , 0.   , 0.   , 0.   , 0.6  , 0.   , 0.   , 0.   , 0.   , 0.   , 0.   , 0.36 , 0.   , 0.039, 0.   ]), array([0.   , 0.   , 0.   , 0.   , 0.   , 0.   , 0.   , 0.   , 0.   , 0.   , 0.   , 0.   , 0.   , 0.15 , 0.   , 0.193, 0.   , 0.657]))]
Frame: 1650000, Avg. RL Loss: 0.007, Avg. Q value: 0.019, Avg. Length: 1785.0, P0 Avg. Reward: 0.940, P1 Avg. Reward: -0.940
Q table: 
 [[ 0.023  0.031  0.02  ... -0.008  0.015  0.024]
 [ 0.021  0.022  0.022 ...  0.022  0.026  0.017]
 [ 0.013  0.031  0.016 ...  0.015  0.023  0.023]
 ...
 [ 0.02   0.029  0.025 ...  0.009  0.027  0.023]
 [ 0.025  0.05   0.029 ...  0.032  0.017  0.026]
 [ 0.024  0.019  0.016 ...  0.01   0.018  0.021]]
Nash policies:  [(array([0.034, 0.   , 0.   , 0.   , 0.177, 0.034, 0.   , 0.235, 0.   , 0.   , 0.153, 0.344, 0.   , 0.   , 0.   , 0.021, 0.002, 0.   ]), array([0.   , 0.008, 0.   , 0.055, 0.   , 0.   , 0.   , 0.   , 0.599, 0.059, 0.   , 0.   , 0.   , 0.225, 0.029, 0.017, 0.   , 0.008]))]
Frame: 1800000, Avg. RL Loss: 0.003, Avg. Q value: 0.017, Avg. Length: 1785.0, P0 Avg. Reward: 0.607, P1 Avg. Reward: -0.607
Q table: 
 [[-0.012  0.014  0.021 ... -0.013  0.037 -0.025]
 [ 0.014  0.025  0.004 ...  0.016  0.019  0.008]
 [ 0.009  0.011  0.006 ...  0.014  0.009  0.005]
 ...
 [ 0.017  0.004  0.039 ...  0.013  0.025  0.014]
 [-0.004  0.014  0.006 ...  0.015  0.022  0.011]
 [ 0.011  0.011 -0.005 ...  0.005  0.024 -0.005]]
Nash policies:  [(array([0.001, 0.066, 0.   , 0.   , 0.083, 0.   , 0.   , 0.035, 0.   , 0.   , 0.   , 0.   , 0.059, 0.   , 0.202, 0.553, 0.   , 0.   ]), array([0.   , 0.086, 0.   , 0.   , 0.   , 0.   , 0.   , 0.   , 0.223, 0.043, 0.   , 0.258, 0.   , 0.353, 0.012, 0.025, 0.   , 0.   ]))]
Frame: 1950000, Avg. RL Loss: 0.005, Avg. Q value: 0.024, Avg. Length: 1785.0, P0 Avg. Reward: 0.560, P1 Avg. Reward: -0.560
Q table: 
 [[ 0.172 -0.109  0.157 ...  0.088 -0.074  0.054]
 [ 0.089  0.189  0.071 ...  0.085  0.149  0.101]
 [ 0.108  0.062  0.13  ...  0.099  0.092  0.145]
 ...
 [ 0.075  0.157  0.137 ...  0.111  0.017  0.066]
 [ 0.148  0.061  0.066 ...  0.103  0.023  0.114]
 [ 0.084  0.086  0.14  ...  0.104  0.1    0.101]]
Nash policies:  [(array([0.   , 0.   , 0.   , 0.   , 0.   , 0.   , 0.   , 0.776, 0.   , 0.   , 0.224, 0.   , 0.   , 0.   , 0.   , 0.   , 0.   , 0.   ]), array([0.   , 0.   , 0.   , 0.127, 0.   , 0.   , 0.   , 0.   , 0.   , 0.   , 0.   , 0.   , 0.   , 0.   , 0.   , 0.873, 0.   , 0.   ]))]
Frame: 2100000, Avg. RL Loss: 0.002, Avg. Q value: 0.027, Avg. Length: 1785.0, P0 Avg. Reward: 0.024, P1 Avg. Reward: -0.024
Q table: 
 [[ 0.018  0.024  0.02  ...  0.031  0.028  0.024]
 [ 0.025  0.034  0.024 ...  0.021  0.022  0.023]
 [ 0.019  0.022  0.021 ...  0.019  0.022  0.021]
 ...
 [ 0.023  0.022  0.018 ...  0.016  0.016  0.021]
 [ 0.016  0.023  0.02  ...  0.012  0.032  0.008]
 [ 0.023  0.014 -0.01  ...  0.018  0.026  0.014]]
Nash policies:  [(array([0.13 , 0.   , 0.   , 0.   , 0.065, 0.   , 0.237, 0.182, 0.353, 0.   , 0.   , 0.   , 0.033, 0.   , 0.   , 0.   , 0.   , 0.   ]), array([0.   , 0.   , 0.   , 0.306, 0.   , 0.   , 0.   , 0.   , 0.056, 0.206, 0.   , 0.   , 0.   , 0.234, 0.   , 0.169, 0.   , 0.029]))]
Frame: 2250000, Avg. RL Loss: 0.001, Avg. Q value: 0.016, Avg. Length: 1785.0, P0 Avg. Reward: -0.393, P1 Avg. Reward: 0.393
Q table: 
 [[ 0.015  0.026  0.018 ...  0.013  0.018  0.015]
 [ 0.012  0.02   0.013 ...  0.019  0.008 -0.007]
 [ 0.013  0.019  0.014 ...  0.016  0.01   0.014]
 ...
 [ 0.01   0.014  0.013 ...  0.029  0.012  0.011]
 [ 0.01   0.014  0.015 ...  0.017  0.019  0.012]
 [ 0.009  0.011 -0.002 ...  0.004  0.021  0.015]]
Nash policies:  [(array([0.   , 0.   , 0.   , 0.   , 0.   , 0.   , 0.278, 0.   , 0.097, 0.   , 0.026, 0.   , 0.39 , 0.   , 0.21 , 0.   , 0.   , 0.   ]), array([0.156, 0.   , 0.   , 0.213, 0.007, 0.287, 0.   , 0.   , 0.   , 0.337, 0.   , 0.   , 0.   , 0.   , 0.   , 0.   , 0.   , 0.   ]))]
Frame: 2400000, Avg. RL Loss: 0.000, Avg. Q value: 0.008, Avg. Length: 1785.0, P0 Avg. Reward: 0.000, P1 Avg. Reward: 0.000
Q table: 
 [[ 0.004  0.022  0.004 ...  0.009  0.003  0.002]
 [ 0.003  0.008  0.007 ...  0.009  0.002 -0.001]
 [ 0.003  0.008  0.009 ...  0.005  0.005  0.001]
 ...
 [ 0.003  0.004  0.006 ...  0.008  0.005  0.004]
 [ 0.003  0.011  0.005 ...  0.006  0.007  0.004]
 [-0.003  0.008 -0.001 ... -0.003  0.001  0.007]]
Nash policies:  [(array([0.   , 0.   , 0.347, 0.034, 0.126, 0.   , 0.149, 0.   , 0.   , 0.   , 0.   , 0.   , 0.   , 0.   , 0.094, 0.25 , 0.   , 0.   ]), array([0.038, 0.   , 0.   , 0.255, 0.109, 0.268, 0.   , 0.   , 0.   , 0.175, 0.   , 0.   , 0.   , 0.   , 0.   , 0.   , 0.   , 0.156]))]
Frame: 2550000, Avg. RL Loss: 0.000, Avg. Q value: 0.003, Avg. Length: 1785.0, P0 Avg. Reward: 0.000, P1 Avg. Reward: 0.000
Q table: 
 [[-0.001  0.007  0.001 ...  0.004  0.003  0.001]
 [ 0.     0.005  0.003 ...  0.006  0.001 -0.001]
 [ 0.001  0.007  0.007 ...  0.006  0.003  0.001]
 ...
 [ 0.001  0.002  0.005 ...  0.005  0.002 -0.001]
 [-0.     0.009  0.003 ...  0.002  0.     0.003]
 [ 0.     0.004 -0.002 ... -0.003  0.001  0.002]]
Nash policies:  [(array([0.   , 0.   , 0.   , 0.006, 0.401, 0.   , 0.593, 0.   , 0.   , 0.   , 0.   , 0.   , 0.   , 0.   , 0.   , 0.   , 0.   , 0.   ]), array([0.036, 0.   , 0.   , 0.   , 0.905, 0.059, 0.   , 0.   , 0.   , 0.   , 0.   , 0.   , 0.   , 0.   , 0.   , 0.   , 0.   , 0.   ]))]
Frame: 2700000, Avg. RL Loss: 0.000, Avg. Q value: 0.000, Avg. Length: 1785.0, P0 Avg. Reward: 0.000, P1 Avg. Reward: 0.000
Q table: 
 [[-0.003  0.006  0.002 ...  0.002  0.002  0.   ]
 [ 0.002  0.002  0.003 ...  0.003 -0.004 -0.003]
 [-0.001  0.003  0.002 ...  0.     0.002 -0.   ]
 ...
 [-0.     0.001  0.002 ...  0.002  0.001 -0.   ]
 [-0.     0.003  0.    ...  0.004 -0.    -0.001]
 [-0.001  0.004 -0.003 ... -0.    -0.002  0.001]]
Nash policies:  [(array([0.   , 0.121, 0.   , 0.   , 0.   , 0.   , 0.464, 0.   , 0.   , 0.   , 0.   , 0.   , 0.   , 0.   , 0.416, 0.   , 0.   , 0.   ]), array([0.   , 0.   , 0.   , 0.796, 0.068, 0.   , 0.   , 0.   , 0.   , 0.   , 0.   , 0.   , 0.   , 0.   , 0.   , 0.   , 0.   , 0.136]))]
Frame: 2850000, Avg. RL Loss: 0.000, Avg. Q value: -0.000, Avg. Length: 1785.0, P0 Avg. Reward: 0.000, P1 Avg. Reward: 0.000
Q table: 
 [[-0.004  0.002  0.    ...  0.     0.    -0.001]
 [-0.001 -0.001  0.001 ...  0.002 -0.001 -0.001]
 [ 0.001 -0.001  0.001 ...  0.001 -0.    -0.001]
 ...
 [-0.002  0.     0.001 ...  0.001  0.001  0.001]
 [-0.003  0.007  0.001 ...  0.001  0.004 -0.001]
 [-0.001  0.002 -0.002 ...  0.002 -0.    -0.   ]]
Nash policies:  [(array([0.   , 0.   , 0.325, 0.   , 0.   , 0.   , 0.46 , 0.   , 0.149, 0.   , 0.   , 0.   , 0.   , 0.   , 0.   , 0.066, 0.   , 0.   ]), array([0.149, 0.   , 0.   , 0.   , 0.138, 0.   , 0.   , 0.   , 0.   , 0.425, 0.   , 0.   , 0.   , 0.   , 0.   , 0.   , 0.   , 0.288]))]
Frame: 3000000, Avg. RL Loss: 0.000, Avg. Q value: -0.000, Avg. Length: 1785.0, P0 Avg. Reward: 0.000, P1 Avg. Reward: 0.000
Q table: 
 [[-0.003 -0.001 -0.001 ... -0.    -0.001 -0.001]
 [-0.001  0.001  0.    ...  0.004 -0.001  0.   ]
 [ 0.     0.001  0.002 ...  0.001 -0.     0.001]
 ...
 [-0.003  0.001  0.001 ...  0.002 -0.001  0.   ]
 [-0.002  0.004  0.    ...  0.002  0.     0.001]
 [-0.001  0.001  0.    ... -0.001 -0.001 -0.001]]
Nash policies:  [(array([0.   , 0.   , 0.26 , 0.   , 0.   , 0.066, 0.336, 0.   , 0.338, 0.   , 0.   , 0.   , 0.   , 0.   , 0.   , 0.   , 0.   , 0.   ]), array([0.   , 0.   , 0.   , 0.266, 0.229, 0.364, 0.   , 0.   , 0.   , 0.14 , 0.   , 0.   , 0.   , 0.   , 0.   , 0.   , 0.   , 0.   ]))]
Frame: 3150000, Avg. RL Loss: 0.000, Avg. Q value: -0.000, Avg. Length: 1785.0, P0 Avg. Reward: 0.000, P1 Avg. Reward: 0.000
Q table: 
 [[ 0.001  0.    -0.001 ...  0.002 -0.002  0.   ]
 [-0.001  0.002  0.002 ...  0.005  0.001 -0.001]
 [ 0.002  0.001  0.003 ...  0.002  0.001 -0.   ]
 ...
 [-0.    -0.     0.001 ...  0.003  0.004  0.   ]
 [ 0.002 -0.001  0.001 ...  0.005 -0.    -0.001]
 [-0.001  0.002  0.001 ... -0.003 -0.    -0.   ]]
Nash policies:  [(array([0.   , 0.   , 0.031, 0.356, 0.   , 0.208, 0.278, 0.   , 0.   , 0.128, 0.   , 0.   , 0.   , 0.   , 0.   , 0.   , 0.   , 0.   ]), array([0.093, 0.   , 0.   , 0.331, 0.   , 0.112, 0.   , 0.   , 0.   , 0.202, 0.   , 0.   , 0.   , 0.   , 0.   , 0.   , 0.   , 0.261]))]
Frame: 3300000, Avg. RL Loss: 0.000, Avg. Q value: 0.000, Avg. Length: 1785.0, P0 Avg. Reward: 0.000, P1 Avg. Reward: 0.000
Q table: 
 [[-0.001 -0.002 -0.    ...  0.     0.001 -0.001]
 [ 0.     0.001  0.    ...  0.002 -0.001 -0.001]
 [-0.001 -0.001 -0.    ...  0.    -0.    -0.002]
 ...
 [-0.     0.001  0.    ... -0.     0.001 -0.   ]
 [ 0.    -0.     0.    ...  0.003  0.001 -0.002]
 [-0.001 -0.    -0.001 ... -0.002 -0.001  0.   ]]
Nash policies:  [(array([0.   , 0.   , 0.   , 0.   , 0.   , 0.   , 0.848, 0.029, 0.124, 0.   , 0.   , 0.   , 0.   , 0.   , 0.   , 0.   , 0.   , 0.   ]), array([0.   , 0.   , 0.   , 0.   , 0.   , 0.099, 0.   , 0.233, 0.   , 0.668, 0.   , 0.   , 0.   , 0.   , 0.   , 0.   , 0.   , 0.   ]))]
Frame: 3450000, Avg. RL Loss: 0.002, Avg. Q value: 0.050, Avg. Length: 1785.0, P0 Avg. Reward: 0.690, P1 Avg. Reward: -0.690
Q table: 
 [[-0.031 -0.034 -0.029 ... -0.02  -0.032 -0.037]
 [-0.028 -0.034 -0.032 ... -0.028 -0.031 -0.034]
 [-0.033 -0.04  -0.035 ... -0.017 -0.018 -0.03 ]
 ...
 [-0.036 -0.036 -0.03  ... -0.039 -0.031 -0.034]
 [-0.025 -0.058 -0.031 ... -0.021 -0.022 -0.026]
 [-0.042 -0.023 -0.015 ... -0.047 -0.031 -0.035]]
Nash policies:  [(array([0.1  , 0.   , 0.   , 0.028, 0.   , 0.216, 0.   , 0.051, 0.   , 0.   , 0.   , 0.066, 0.234, 0.234, 0.   , 0.   , 0.071, 0.   ]), array([0.245, 0.255, 0.   , 0.   , 0.   , 0.223, 0.   , 0.056, 0.072, 0.   , 0.062, 0.   , 0.   , 0.   , 0.066, 0.   , 0.   , 0.02 ]))]
Frame: 3600000, Avg. RL Loss: 0.002, Avg. Q value: -0.025, Avg. Length: 1785.0, P0 Avg. Reward: -0.857, P1 Avg. Reward: 0.857
Q table: 
 [[-0.031 -0.031 -0.034 ... -0.018 -0.034 -0.003]
 [-0.029 -0.026 -0.029 ... -0.026 -0.021 -0.029]
 [-0.027 -0.045 -0.03  ... -0.026 -0.033 -0.02 ]
 ...
 [-0.031 -0.027 -0.028 ... -0.039 -0.028 -0.014]
 [-0.02  -0.031 -0.029 ... -0.021 -0.032 -0.016]
 [-0.027 -0.027 -0.028 ... -0.031 -0.024 -0.029]]
Nash policies:  [(array([0.   , 0.126, 0.   , 0.056, 0.034, 0.112, 0.071, 0.   , 0.   , 0.   , 0.009, 0.39 , 0.   , 0.201, 0.   , 0.   , 0.   , 0.   ]), array([0.072, 0.   , 0.012, 0.273, 0.   , 0.   , 0.   , 0.   , 0.184, 0.   , 0.129, 0.066, 0.   , 0.   , 0.152, 0.112, 0.   , 0.   ]))]
Frame: 3750000, Avg. RL Loss: 0.002, Avg. Q value: -0.023, Avg. Length: 1785.0, P0 Avg. Reward: -0.631, P1 Avg. Reward: 0.631
Q table: 
 [[-0.021 -0.012 -0.02  ... -0.029  0.002 -0.012]
 [-0.014 -0.022 -0.02  ... -0.022 -0.02  -0.025]
 [-0.022 -0.029 -0.019 ... -0.014 -0.023 -0.024]
 ...
 [-0.02  -0.018 -0.018 ... -0.022 -0.013 -0.021]
 [-0.015 -0.016 -0.017 ... -0.019  0.01  -0.025]
 [-0.017 -0.022 -0.015 ... -0.022  0.002 -0.012]]
Nash policies:  [(array([0.   , 0.   , 0.019, 0.   , 0.   , 0.   , 0.   , 0.   , 0.   , 0.11 , 0.112, 0.096, 0.   , 0.   , 0.317, 0.09 , 0.139, 0.117]), array([0.   , 0.126, 0.   , 0.   , 0.   , 0.   , 0.   , 0.134, 0.   , 0.   , 0.15 , 0.106, 0.046, 0.   , 0.008, 0.348, 0.   , 0.082]))]
Frame: 3900000, Avg. RL Loss: 0.003, Avg. Q value: -0.012, Avg. Length: 1785.0, P0 Avg. Reward: -0.417, P1 Avg. Reward: 0.417
Q table: 
 [[-0.024  0.005 -0.02  ...  0.004  0.019 -0.007]
 [-0.029 -0.025 -0.02  ... -0.03  -0.013 -0.027]
 [-0.022 -0.017 -0.022 ... -0.003 -0.028 -0.01 ]
 ...
 [-0.014 -0.019 -0.012 ... -0.02   0.002 -0.02 ]
 [-0.014 -0.009 -0.014 ... -0.006  0.006 -0.026]
 [-0.015 -0.019 -0.019 ... -0.022 -0.017 -0.018]]
Nash policies:  [(array([0.   , 0.   , 0.   , 0.087, 0.045, 0.234, 0.   , 0.   , 0.504, 0.097, 0.   , 0.   , 0.   , 0.   , 0.033, 0.   , 0.   , 0.   ]), array([0.196, 0.   , 0.138, 0.   , 0.327, 0.   , 0.   , 0.229, 0.   , 0.   , 0.   , 0.   , 0.05 , 0.   , 0.   , 0.   , 0.   , 0.06 ]))]
Frame: 4050000, Avg. RL Loss: 0.003, Avg. Q value: -0.011, Avg. Length: 1785.0, P0 Avg. Reward: -0.655, P1 Avg. Reward: 0.655
Q table: 
 [[-0.033 -0.003 -0.031 ... -0.032 -0.004 -0.043]
 [-0.031 -0.027  0.004 ... -0.078  0.028  0.012]
 [-0.    -0.031 -0.025 ... -0.057 -0.026 -0.029]
 ...
 [-0.03  -0.029 -0.033 ... -0.042 -0.028 -0.021]
 [-0.024 -0.024 -0.025 ... -0.058 -0.009 -0.039]
 [-0.037 -0.031 -0.027 ... -0.022 -0.017 -0.038]]
Nash policies:  [(array([0.   , 0.   , 0.   , 0.   , 0.   , 0.   , 0.775, 0.   , 0.073, 0.   , 0.   , 0.   , 0.   , 0.153, 0.   , 0.   , 0.   , 0.   ]), array([0.   , 0.   , 0.   , 0.131, 0.   , 0.   , 0.   , 0.   , 0.   , 0.   , 0.581, 0.   , 0.   , 0.   , 0.   , 0.288, 0.   , 0.   ]))]
Frame: 4200000, Avg. RL Loss: 0.004, Avg. Q value: -0.020, Avg. Length: 1785.0, P0 Avg. Reward: -0.595, P1 Avg. Reward: 0.595
Q table: 
 [[-0.027 -0.03  -0.026 ... -0.022 -0.006 -0.024]
 [-0.033 -0.022 -0.012 ... -0.026  0.003 -0.029]
 [-0.023 -0.027 -0.03  ... -0.024 -0.029 -0.028]
 ...
 [-0.032 -0.022 -0.021 ... -0.017 -0.022 -0.021]
 [-0.03  -0.028 -0.025 ... -0.031 -0.028 -0.027]
 [-0.026 -0.024 -0.034 ... -0.023 -0.014 -0.028]]
Nash policies:  [(array([0.   , 0.   , 0.024, 0.224, 0.132, 0.   , 0.447, 0.   , 0.   , 0.   , 0.   , 0.   , 0.   , 0.   , 0.   , 0.148, 0.   , 0.024]), array([0.   , 0.   , 0.   , 0.   , 0.   , 0.   , 0.152, 0.048, 0.   , 0.   , 0.066, 0.069, 0.   , 0.349, 0.   , 0.   , 0.   , 0.315]))]
Frame: 4350000, Avg. RL Loss: 0.002, Avg. Q value: -0.019, Avg. Length: 1785.0, P0 Avg. Reward: 0.179, P1 Avg. Reward: -0.179
Q table: 
 [[ 0.007  0.009  0.013 ... -0.003  0.023  0.015]
 [ 0.008  0.024  0.022 ... -0.008  0.066  0.037]
 [ 0.015  0.016  0.016 ...  0.028  0.032  0.055]
 ...
 [ 0.023  0.008  0.028 ...  0.014  0.013  0.012]
 [ 0.043  0.014  0.018 ...  0.022  0.003  0.043]
 [ 0.01   0.04   0.037 ...  0.015  0.036  0.04 ]]
Nash policies:  [(array([0.   , 0.   , 0.024, 0.   , 0.041, 0.222, 0.   , 0.   , 0.024, 0.   , 0.   , 0.   , 0.   , 0.106, 0.178, 0.   , 0.264, 0.141]), array([0.171, 0.   , 0.   , 0.   , 0.052, 0.   , 0.193, 0.   , 0.   , 0.   , 0.   , 0.   , 0.05 , 0.024, 0.195, 0.095, 0.22 , 0.   ]))]
Frame: 4500000, Avg. RL Loss: 0.005, Avg. Q value: -0.027, Avg. Length: 1785.0, P0 Avg. Reward: 0.286, P1 Avg. Reward: -0.286
Q table: 
 [[-0.023 -0.031 -0.02  ... -0.008 -0.025 -0.033]
 [-0.012 -0.027 -0.008 ... -0.012 -0.026 -0.005]
 [-0.022  0.003 -0.012 ... -0.004 -0.026 -0.024]
 ...
 [-0.019 -0.022 -0.019 ... -0.009 -0.022 -0.018]
 [-0.023  0.003 -0.025 ... -0.011  0.033 -0.011]
 [-0.01  -0.02  -0.036 ... -0.028 -0.002 -0.024]]
Nash policies:  [(array([0.   , 0.364, 0.093, 0.   , 0.077, 0.   , 0.368, 0.   , 0.   , 0.   , 0.07 , 0.   , 0.   , 0.   , 0.022, 0.   , 0.   , 0.006]), array([0.345, 0.   , 0.   , 0.113, 0.186, 0.   , 0.284, 0.   , 0.001, 0.   , 0.   , 0.   , 0.   , 0.055, 0.   , 0.   , 0.016, 0.   ]))]
Frame: 4650000, Avg. RL Loss: 0.004, Avg. Q value: -0.017, Avg. Length: 1785.0, P0 Avg. Reward: -0.738, P1 Avg. Reward: 0.738
Q table: 
 [[-0.033 -0.023 -0.027 ... -0.01  -0.01  -0.019]
 [-0.024 -0.016 -0.023 ... -0.015 -0.01  -0.028]
 [-0.024 -0.028 -0.028 ... -0.03  -0.058 -0.02 ]
 ...
 [-0.027 -0.026 -0.025 ... -0.013 -0.019 -0.016]
 [-0.033 -0.038 -0.035 ... -0.011  0.009 -0.021]
 [-0.026 -0.024 -0.028 ... -0.019 -0.008 -0.025]]
Nash policies:  [(array([0.   , 0.102, 0.022, 0.   , 0.   , 0.184, 0.   , 0.   , 0.323, 0.   , 0.02 , 0.261, 0.   , 0.   , 0.   , 0.   , 0.087, 0.   ]), array([0.284, 0.   , 0.001, 0.   , 0.398, 0.032, 0.   , 0.   , 0.   , 0.257, 0.   , 0.   , 0.   , 0.015, 0.   , 0.   , 0.   , 0.012]))]
Frame: 4800000, Avg. RL Loss: 0.002, Avg. Q value: -0.017, Avg. Length: 1785.0, P0 Avg. Reward: -0.119, P1 Avg. Reward: 0.119
Q table: 
 [[-0.012  0.003 -0.009 ... -0.005 -0.007 -0.006]
 [-0.015 -0.017 -0.012 ... -0.014  0.001 -0.028]
 [-0.009 -0.013 -0.013 ... -0.018 -0.04  -0.018]
 ...
 [-0.016 -0.013  0.003 ... -0.008 -0.004 -0.007]
 [-0.018 -0.032 -0.02  ...  0.012  0.014 -0.012]
 [-0.011  0.001 -0.013 ...  0.011 -0.002 -0.018]]
Nash policies:  [(array([0.   , 0.   , 0.   , 0.   , 0.   , 0.   , 0.   , 0.   , 0.989, 0.   , 0.   , 0.   , 0.   , 0.011, 0.   , 0.   , 0.   , 0.   ]), array([0.129, 0.   , 0.   , 0.   , 0.   , 0.   , 0.871, 0.   , 0.   , 0.   , 0.   , 0.   , 0.   , 0.   , 0.   , 0.   , 0.   , 0.   ]))]
Frame: 4950000, Avg. RL Loss: 0.004, Avg. Q value: -0.052, Avg. Length: 1785.0, P0 Avg. Reward: -2.155, P1 Avg. Reward: 2.155
Q table: 
 [[-0.073 -0.074 -0.06  ... -0.059 -0.062 -0.051]
 [-0.071 -0.068 -0.071 ... -0.067 -0.076 -0.085]
 [-0.064 -0.076 -0.07  ... -0.086 -0.09  -0.074]
 ...
 [-0.095 -0.073 -0.074 ... -0.079 -0.064 -0.064]
 [-0.078 -0.079 -0.076 ... -0.058 -0.036 -0.061]
 [-0.085 -0.079 -0.077 ... -0.078 -0.036 -0.08 ]]
Nash policies:  [(array([0.642, 0.   , 0.   , 0.301, 0.   , 0.   , 0.   , 0.   , 0.   , 0.   , 0.051, 0.   , 0.   , 0.   , 0.   , 0.007, 0.   , 0.   ]), array([0.274, 0.05 , 0.   , 0.   , 0.   , 0.303, 0.   , 0.   , 0.   , 0.374, 0.   , 0.   , 0.   , 0.   , 0.   , 0.   , 0.   , 0.   ]))]
Frame: 5100000, Avg. RL Loss: 0.003, Avg. Q value: -0.023, Avg. Length: 1785.0, P0 Avg. Reward: 0.048, P1 Avg. Reward: -0.048
Q table: 
 [[0.017 0.03  0.031 ... 0.038 0.028 0.035]
 [0.038 0.031 0.039 ... 0.03  0.03  0.028]
 [0.028 0.031 0.036 ... 0.055 0.033 0.053]
 ...
 [0.035 0.033 0.021 ... 0.032 0.024 0.031]
 [0.036 0.034 0.028 ... 0.024 0.026 0.028]
 [0.01  0.003 0.009 ... 0.047 0.004 0.039]]
Nash policies:  [(array([0.   , 0.031, 0.293, 0.037, 0.   , 0.158, 0.282, 0.   , 0.189, 0.   , 0.   , 0.   , 0.   , 0.   , 0.011, 0.   , 0.   , 0.   ]), array([0.216, 0.   , 0.217, 0.   , 0.351, 0.   , 0.16 , 0.024, 0.021, 0.   , 0.   , 0.   , 0.   , 0.   , 0.01 , 0.   , 0.   , 0.   ]))]
Frame: 5250000, Avg. RL Loss: 0.000, Avg. Q value: -0.005, Avg. Length: 1785.0, P0 Avg. Reward: 0.000, P1 Avg. Reward: 0.000
Q table: 
 [[-0.002  0.001 -0.    ... -0.001 -0.002 -0.003]
 [-0.002 -0.002 -0.003 ...  0.006 -0.005 -0.006]
 [-0.001 -0.002 -0.004 ...  0.006 -0.005 -0.002]
 ...
 [-0.005 -0.003 -0.009 ... -0.005 -0.007 -0.001]
 [-0.004 -0.009 -0.002 ... -0.018 -0.006 -0.004]
 [-0.021 -0.016 -0.008 ... -0.011 -0.012  0.003]]
Nash policies:  [(array([0.387, 0.   , 0.   , 0.171, 0.   , 0.   , 0.143, 0.   , 0.   , 0.   , 0.299, 0.   , 0.   , 0.   , 0.   , 0.   , 0.   , 0.   ]), array([0.   , 0.   , 0.   , 0.   , 0.   , 0.   , 0.   , 0.   , 0.33 , 0.372, 0.178, 0.   , 0.   , 0.   , 0.   , 0.   , 0.   , 0.12 ]))]
Frame: 5400000, Avg. RL Loss: 0.000, Avg. Q value: -0.001, Avg. Length: 1785.0, P0 Avg. Reward: 0.000, P1 Avg. Reward: 0.000
Q table: 
 [[ 0.002  0.003  0.002 ...  0.001 -0.001  0.   ]
 [ 0.    -0.002  0.    ...  0.006 -0.005 -0.001]
 [ 0.     0.002 -0.001 ...  0.005 -0.001 -0.001]
 ...
 [-0.004 -0.003 -0.006 ... -0.003 -0.003 -0.003]
 [-0.002 -0.005 -0.    ... -0.013 -0.002 -0.002]
 [-0.015 -0.011 -0.004 ... -0.006 -0.009 -0.002]]
Nash policies:  [(array([0.   , 0.   , 0.   , 0.   , 0.   , 0.   , 0.   , 0.   , 0.   , 0.   , 0.78 , 0.147, 0.   , 0.   , 0.073, 0.   , 0.   , 0.   ]), array([0.002, 0.   , 0.   , 0.   , 0.   , 0.   , 0.   , 0.   , 0.   , 0.342, 0.   , 0.   , 0.   , 0.   , 0.656, 0.   , 0.   , 0.   ]))]
Frame: 5550000, Avg. RL Loss: 0.000, Avg. Q value: 0.000, Avg. Length: 1785.0, P0 Avg. Reward: 0.000, P1 Avg. Reward: 0.000
Q table: 
 [[ 0.003  0.001  0.003 ...  0.004  0.     0.003]
 [ 0.001 -0.008  0.002 ...  0.005 -0.006  0.003]
 [-0.     0.005  0.002 ...  0.008 -0.002 -0.001]
 ...
 [-0.001 -0.002 -0.005 ...  0.001 -0.002 -0.004]
 [-0.007  0.002 -0.002 ... -0.007 -0.003 -0.005]
 [-0.013 -0.016 -0.005 ...  0.    -0.006 -0.007]]
Nash policies:  [(array([0.553, 0.   , 0.   , 0.   , 0.   , 0.   , 0.   , 0.   , 0.   , 0.   , 0.   , 0.447, 0.   , 0.   , 0.   , 0.   , 0.   , 0.   ]), array([0.   , 0.   , 0.   , 0.942, 0.   , 0.   , 0.   , 0.   , 0.   , 0.   , 0.   , 0.   , 0.   , 0.   , 0.   , 0.   , 0.058, 0.   ]))]
Frame: 5700000, Avg. RL Loss: 0.000, Avg. Q value: 0.000, Avg. Length: 1785.0, P0 Avg. Reward: 0.000, P1 Avg. Reward: 0.000
Q table: 
 [[ 0.003  0.008  0.005 ...  0.005  0.003  0.003]
 [ 0.003  0.002  0.003 ...  0.008  0.     0.003]
 [ 0.003  0.007  0.004 ...  0.005  0.001  0.003]
 ...
 [ 0.004 -0.     0.001 ...  0.002 -0.001 -0.001]
 [-0.001  0.003  0.004 ... -0.005  0.001 -0.   ]
 [-0.006 -0.008  0.002 ...  0.003 -0.001 -0.001]]
Nash policies:  [(array([0.   , 0.   , 0.053, 0.   , 0.   , 0.   , 0.   , 0.   , 0.   , 0.   , 0.298, 0.   , 0.   , 0.   , 0.648, 0.   , 0.   , 0.   ]), array([0.   , 0.   , 0.   , 0.   , 0.   , 0.   , 0.   , 0.   , 0.   , 0.   , 0.   , 0.   , 0.   , 0.   , 0.658, 0.   , 0.2  , 0.142]))]
Frame: 5850000, Avg. RL Loss: 0.000, Avg. Q value: -0.000, Avg. Length: 1785.0, P0 Avg. Reward: 0.000, P1 Avg. Reward: 0.000
Q table: 
 [[ 0.002  0.011  0.005 ...  0.008  0.003  0.002]
 [ 0.005  0.008  0.002 ...  0.01   0.007  0.002]
 [ 0.006  0.006  0.007 ...  0.007  0.004  0.004]
 ...
 [ 0.006  0.002  0.002 ...  0.005 -0.    -0.002]
 [ 0.     0.006  0.005 ...  0.003  0.004 -0.   ]
 [ 0.    -0.003  0.002 ...  0.009  0.004  0.005]]
Nash policies:  [(array([0.865, 0.   , 0.135, 0.   , 0.   , 0.   , 0.   , 0.   , 0.   , 0.   , 0.   , 0.   , 0.   , 0.   , 0.   , 0.   , 0.   , 0.   ]), array([0.   , 0.   , 0.   , 0.   , 0.   , 0.   , 0.   , 0.   , 0.   , 0.   , 0.   , 0.   , 0.   , 0.   , 0.732, 0.   , 0.   , 0.268]))]
Frame: 6000000, Avg. RL Loss: 0.000, Avg. Q value: 0.000, Avg. Length: 1785.0, P0 Avg. Reward: 0.000, P1 Avg. Reward: 0.000
Q table: 
 [[ 0.001  0.006  0.004 ...  0.002  0.001  0.001]
 [ 0.     0.002 -0.    ...  0.004  0.003 -0.002]
 [-0.     0.001  0.002 ...  0.002  0.001  0.001]
 ...
 [ 0.    -0.001  0.001 ... -0.    -0.001 -0.005]
 [-0.002 -0.     0.002 ... -0.002 -0.    -0.002]
 [-0.003 -0.004  0.    ...  0.003 -0.    -0.001]]
Nash policies:  [(array([0.   , 0.   , 0.   , 0.   , 0.   , 0.   , 0.   , 0.   , 0.   , 0.   , 0.062, 0.797, 0.   , 0.   , 0.141, 0.   , 0.   , 0.   ]), array([0.   , 0.   , 0.   , 0.   , 0.   , 0.024, 0.   , 0.   , 0.   , 0.113, 0.   , 0.   , 0.   , 0.   , 0.863, 0.   , 0.   , 0.   ]))]
Frame: 6150000, Avg. RL Loss: 0.000, Avg. Q value: 0.001, Avg. Length: 1785.0, P0 Avg. Reward: 0.000, P1 Avg. Reward: 0.000
Q table: 
 [[ 0.001  0.003  0.002 ...  0.004  0.001  0.002]
 [-0.001 -0.001  0.001 ...  0.002 -0.003  0.   ]
 [-0.     0.003 -0.    ...  0.003 -0.001  0.001]
 ...
 [ 0.001  0.001 -0.001 ...  0.003 -0.     0.003]
 [-0.002  0.001 -0.002 ... -0.005 -0.005 -0.002]
 [-0.007 -0.004 -0.001 ...  0.001 -0.006 -0.003]]
Nash policies:  [(array([1., 0., 0., 0., 0., 0., 0., 0., 0., 0., 0., 0., 0., 0., 0., 0., 0., 0.]), array([0., 0., 0., 0., 0., 0., 0., 0., 0., 0., 0., 0., 0., 0., 0., 0., 1., 0.]))]
Frame: 6300000, Avg. RL Loss: 0.000, Avg. Q value: 0.001, Avg. Length: 1785.0, P0 Avg. Reward: 0.000, P1 Avg. Reward: 0.000
Q table: 
 [[ 0.002  0.004  0.001 ...  0.004  0.001  0.002]
 [-0.001  0.     0.001 ...  0.004 -0.    -0.001]
 [ 0.     0.003  0.001 ...  0.001  0.     0.   ]
 ...
 [ 0.    -0.     0.001 ...  0.001 -0.    -0.001]
 [-0.001  0.001  0.001 ... -0.002 -0.002  0.001]
 [-0.001 -0.     0.002 ...  0.002 -0.002  0.001]]
Nash policies:  [(array([0.   , 0.   , 0.   , 0.   , 0.   , 0.   , 0.   , 0.   , 0.   , 0.   , 0.375, 0.402, 0.   , 0.   , 0.223, 0.   , 0.   , 0.   ]), array([0.   , 0.   , 0.   , 0.   , 0.   , 0.   , 0.   , 0.   , 0.   , 0.   , 0.   , 0.283, 0.   , 0.   , 0.516, 0.   , 0.201, 0.   ]))]
Frame: 6450000, Avg. RL Loss: 0.000, Avg. Q value: 0.001, Avg. Length: 1785.0, P0 Avg. Reward: 0.024, P1 Avg. Reward: -0.024
Q table: 
 [[-0.001  0.002 -0.    ...  0.001 -0.002 -0.001]
 [-0.001 -0.001 -0.    ...  0.002 -0.001 -0.002]
 [-0.002 -0.002 -0.003 ... -0.001 -0.001 -0.002]
 ...
 [-0.002 -0.001  0.001 ...  0.001 -0.001 -0.   ]
 [-0.002 -0.003 -0.002 ... -0.001 -0.004  0.001]
 [-0.001 -0.     0.002 ... -0.003 -0.005 -0.   ]]
Nash policies:  [(array([0.   , 0.326, 0.   , 0.439, 0.   , 0.041, 0.   , 0.   , 0.   , 0.   , 0.175, 0.   , 0.   , 0.   , 0.   , 0.   , 0.   , 0.02 ]), array([0.   , 0.056, 0.   , 0.   , 0.   , 0.   , 0.   , 0.   , 0.   , 0.   , 0.   , 0.583, 0.029, 0.   , 0.253, 0.   , 0.079, 0.   ]))]
Frame: 6600000, Avg. RL Loss: 0.001, Avg. Q value: 0.004, Avg. Length: 1785.0, P0 Avg. Reward: -0.321, P1 Avg. Reward: 0.321
Q table: 
 [[0.266 0.319 0.269 ... 0.263 0.278 0.272]
 [0.265 0.269 0.275 ... 0.28  0.261 0.263]
 [0.262 0.277 0.254 ... 0.316 0.269 0.292]
 ...
 [0.268 0.252 0.254 ... 0.258 0.272 0.261]
 [0.232 0.244 0.244 ... 0.322 0.26  0.259]
 [0.264 0.267 0.256 ... 0.255 0.3   0.276]]
Nash policies:  [(array([0.   , 0.   , 0.081, 0.09 , 0.   , 0.   , 0.32 , 0.109, 0.   , 0.   , 0.   , 0.112, 0.12 , 0.   , 0.   , 0.154, 0.   , 0.014]), array([0.   , 0.01 , 0.   , 0.   , 0.   , 0.   , 0.   , 0.039, 0.   , 0.027, 0.565, 0.   , 0.023, 0.252, 0.   , 0.083, 0.   , 0.001]))]
Frame: 6750000, Avg. RL Loss: 0.009, Avg. Q value: -0.040, Avg. Length: 1782.2, P0 Avg. Reward: -2.345, P1 Avg. Reward: 2.345
Q table: 
 [[-0.042 -0.031 -0.039 ... -0.029 -0.026 -0.054]
 [-0.036 -0.035 -0.042 ... -0.038 -0.041 -0.041]
 [-0.028 -0.041 -0.04  ... -0.03  -0.044 -0.038]
 ...
 [-0.039 -0.033 -0.041 ... -0.036 -0.038 -0.037]
 [-0.036 -0.035 -0.035 ... -0.031 -0.031 -0.034]
 [-0.028 -0.037 -0.042 ... -0.027 -0.04  -0.038]]
Nash policies:  [(array([0.   , 0.   , 0.   , 0.   , 0.   , 0.   , 0.261, 0.075, 0.149, 0.038, 0.   , 0.117, 0.   , 0.009, 0.275, 0.032, 0.043, 0.   ]), array([0.   , 0.053, 0.221, 0.   , 0.   , 0.095, 0.   , 0.022, 0.   , 0.   , 0.   , 0.016, 0.054, 0.118, 0.086, 0.   , 0.   , 0.334]))]
Frame: 6900000, Avg. RL Loss: 0.006, Avg. Q value: -0.019, Avg. Length: 1785.0, P0 Avg. Reward: -0.738, P1 Avg. Reward: 0.738
Q table: 
 [[-0.062 -0.083 -0.07  ... -0.075 -0.049 -0.067]
 [-0.055 -0.072 -0.072 ... -0.055 -0.066 -0.07 ]
 [-0.069 -0.054 -0.064 ... -0.053 -0.078 -0.072]
 ...
 [-0.086 -0.071 -0.076 ... -0.065 -0.071 -0.062]
 [-0.058 -0.071 -0.081 ... -0.059 -0.076 -0.068]
 [-0.072 -0.073 -0.084 ... -0.078 -0.067 -0.08 ]]