                          Options
                          seed: 1122
                          batch_size: 1024
                          no_cuda: False
                          max_frames: 500000000
                          buffer_size: 100000
                          update_target: 1000
                          train_freq: 100
                          gamma: 0.99
                          eta: 0.1
                          rl_start: 10000
                          sl_start: 1000
                          num_envs: 5
                          hidden_dim: 256
                          dueling: False
                          multi_step: 1
                          cce: False
                          env: SlimeVolley-v0
                          ram: False
                          negative: False
                          against_baseline: False
                          load_model: None
                          save_model: model
                          evaluate: False
                          render: False
                          evaluation_interval: 50000
                          lr: 0.0001
                          max_tag_interval: 10000
                          eps_start: 1.0
                          eps_final: 0.01
                          eps_decay: 1000000
                          cuda: True
                          device: cuda:0
[Box(-3.4028234663852886e+38, 3.4028234663852886e+38, (12,), float32), Box(-3.4028234663852886e+38, 3.4028234663852886e+38, (12,), float32), Box(-3.4028234663852886e+38, 3.4028234663852886e+38, (12,), float32), Box(-3.4028234663852886e+38, 3.4028234663852886e+38, (12,), float32), Box(-3.4028234663852886e+38, 3.4028234663852886e+38, (12,), float32)] [Discrete(6), Discrete(6), Discrete(6), Discrete(6), Discrete(6)]
5
(12,)
(12,)
Frame: 250000, Avg. RL Loss: 0.006, Avg. Q value: 0.010, Avg. Length: 493.6, P0 Avg. Reward: -0.065, P1 Avg. Reward: 0.065
Q table: 
 [[0.361 0.392 0.359 0.38  0.376 0.391]
 [0.375 0.363 0.349 0.38  0.352 0.377]
 [0.38  0.37  0.348 0.415 0.346 0.373]
 [0.42  0.375 0.382 0.368 0.373 0.374]
 [0.368 0.381 0.394 0.39  0.401 0.389]
 [0.344 0.378 0.375 0.391 0.397 0.349]]
Nash policies:  [(array([0.22 , 0.   , 0.023, 0.294, 0.463, 0.   ]), array([0.178, 0.512, 0.058, 0.251, 0.   , 0.   ]))]
Frame: 500000, Avg. RL Loss: 0.010, Avg. Q value: -0.012, Avg. Length: 508.4, P0 Avg. Reward: 0.133, P1 Avg. Reward: -0.133
Q table: 
 [[0.361 0.323 0.378 0.367 0.36  0.386]
 [0.378 0.351 0.341 0.372 0.385 0.391]
 [0.367 0.347 0.364 0.36  0.368 0.362]
 [0.33  0.382 0.388 0.374 0.34  0.366]
 [0.376 0.382 0.349 0.348 0.355 0.362]
 [0.36  0.348 0.36  0.362 0.389 0.355]]
Nash policies:  [(array([0.   , 0.155, 0.402, 0.213, 0.212, 0.017]), array([0.283, 0.154, 0.319, 0.106, 0.137, 0.   ]))]
Frame: 750000, Avg. RL Loss: 0.010, Avg. Q value: -0.024, Avg. Length: 497.4, P0 Avg. Reward: 0.032, P1 Avg. Reward: -0.032
Q table: 
 [[-0.85  -0.859 -0.884 -0.831 -0.876 -0.918]
 [-0.883 -0.845 -0.871 -0.882 -0.882 -0.927]
 [-0.896 -0.916 -0.861 -0.857 -0.842 -0.905]
 [-0.88  -0.851 -0.897 -0.863 -0.923 -0.901]
 [-0.878 -0.894 -0.874 -0.823 -0.884 -0.884]
 [-0.878 -0.912 -0.882 -0.854 -0.883 -0.924]]
Nash policies:  [(array([0.   , 0.04 , 0.   , 0.098, 0.862, 0.   ]), array([0.   , 0.361, 0.   , 0.   , 0.215, 0.424]))]
Frame: 1000000, Avg. RL Loss: 0.010, Avg. Q value: -0.049, Avg. Length: 509.2, P0 Avg. Reward: -0.202, P1 Avg. Reward: 0.202
Q table: 
 [[-0.648 -0.652 -0.657 -0.64  -0.678 -0.688]
 [-0.658 -0.642 -0.643 -0.655 -0.645 -0.669]
 [-0.677 -0.63  -0.668 -0.682 -0.673 -0.688]
 [-0.651 -0.658 -0.657 -0.647 -0.663 -0.683]
 [-0.654 -0.668 -0.669 -0.659 -0.668 -0.656]
 [-0.675 -0.653 -0.654 -0.648 -0.652 -0.68 ]]
Nash policies:  [(array([0.   , 0.332, 0.   , 0.   , 0.668, 0.   ]), array([0.   , 0.   , 0.343, 0.   , 0.   , 0.657]))]
Frame: 1250000, Avg. RL Loss: 0.011, Avg. Q value: -0.044, Avg. Length: 499.8, P0 Avg. Reward: 0.044, P1 Avg. Reward: -0.044
Q table: 
 [[-0.692 -0.685 -0.69  -0.694 -0.704 -0.727]
 [-0.711 -0.696 -0.708 -0.713 -0.665 -0.714]
 [-0.72  -0.697 -0.674 -0.686 -0.713 -0.703]
 [-0.715 -0.702 -0.715 -0.698 -0.715 -0.711]
 [-0.713 -0.732 -0.706 -0.723 -0.714 -0.702]
 [-0.735 -0.722 -0.718 -0.697 -0.684 -0.734]]
Nash policies:  [(array([0.253, 0.04 , 0.265, 0.   , 0.442, 0.   ]), array([0.377, 0.095, 0.   , 0.   , 0.035, 0.493]))]
Frame: 1500000, Avg. RL Loss: 0.013, Avg. Q value: -0.037, Avg. Length: 512.0, P0 Avg. Reward: 0.053, P1 Avg. Reward: -0.053
Q table: 
 [[-0.297 -0.261 -0.271 -0.275 -0.284 -0.272]
 [-0.281 -0.286 -0.29  -0.286 -0.282 -0.286]
 [-0.275 -0.267 -0.262 -0.277 -0.271 -0.279]
 [-0.292 -0.277 -0.268 -0.267 -0.287 -0.296]
 [-0.27  -0.283 -0.271 -0.28  -0.28  -0.276]
 [-0.242 -0.276 -0.269 -0.27  -0.295 -0.263]]
Nash policies:  [(array([0.   , 0.   , 0.792, 0.   , 0.   , 0.208]), array([0.   , 0.   , 0.   , 0.   , 0.395, 0.605]))]
Frame: 1750000, Avg. RL Loss: 0.013, Avg. Q value: -0.082, Avg. Length: 492.3, P0 Avg. Reward: 0.149, P1 Avg. Reward: -0.149
Q table: 
 [[0.179 0.182 0.181 0.16  0.159 0.157]
 [0.145 0.163 0.161 0.155 0.163 0.172]
 [0.169 0.154 0.169 0.181 0.172 0.154]
 [0.187 0.17  0.15  0.178 0.149 0.171]
 [0.173 0.167 0.167 0.143 0.166 0.178]
 [0.17  0.205 0.178 0.173 0.187 0.168]]
Nash policies:  [(array([0.   , 0.   , 0.   , 0.235, 0.138, 0.627]), array([0.   , 0.   , 0.125, 0.2  , 0.   , 0.675]))]
Frame: 2000000, Avg. RL Loss: 0.015, Avg. Q value: -0.069, Avg. Length: 495.0, P0 Avg. Reward: 0.075, P1 Avg. Reward: -0.075
Q table: 
 [[-0.669 -0.66  -0.638 -0.678 -0.686 -0.674]
 [-0.644 -0.659 -0.666 -0.67  -0.648 -0.659]
 [-0.651 -0.644 -0.664 -0.652 -0.652 -0.665]
 [-0.658 -0.661 -0.644 -0.644 -0.638 -0.686]
 [-0.653 -0.676 -0.663 -0.638 -0.664 -0.656]
 [-0.659 -0.676 -0.677 -0.66  -0.658 -0.663]]
Nash policies:  [(array([0.134, 0.488, 0.136, 0.   , 0.241, 0.   ]), array([0.   , 0.153, 0.307, 0.011, 0.   , 0.528]))]
Frame: 2250000, Avg. RL Loss: 0.015, Avg. Q value: 0.017, Avg. Length: 501.4, P0 Avg. Reward: 0.108, P1 Avg. Reward: -0.108
Q table: 
 [[-0.356 -0.337 -0.34  -0.331 -0.323 -0.35 ]
 [-0.319 -0.351 -0.332 -0.356 -0.334 -0.35 ]
 [-0.315 -0.323 -0.328 -0.332 -0.341 -0.348]
 [-0.331 -0.321 -0.334 -0.34  -0.339 -0.337]
 [-0.328 -0.327 -0.327 -0.32  -0.321 -0.346]
 [-0.336 -0.322 -0.328 -0.337 -0.342 -0.337]]
Nash policies:  [(array([0.   , 0.   , 0.   , 0.745, 0.084, 0.17 ]), array([0.   , 0.   , 0.   , 0.213, 0.102, 0.685]))]
Frame: 2500000, Avg. RL Loss: 0.014, Avg. Q value: -0.046, Avg. Length: 493.8, P0 Avg. Reward: -0.063, P1 Avg. Reward: 0.063
Q table: 
 [[-1.341 -1.337 -1.334 -1.356 -1.342 -1.337]
 [-1.301 -1.351 -1.317 -1.335 -1.346 -1.33 ]
 [-1.319 -1.287 -1.293 -1.304 -1.314 -1.356]
 [-1.317 -1.355 -1.321 -1.323 -1.357 -1.301]
 [-1.316 -1.333 -1.352 -1.355 -1.342 -1.342]
 [-1.404 -1.358 -1.346 -1.336 -1.337 -1.331]]
Nash policies:  [(array([0.   , 0.   , 0.564, 0.436, 0.   , 0.   ]), array([0.  , 0.  , 0.  , 0.  , 0.56, 0.44]))]
Frame: 2750000, Avg. RL Loss: 0.014, Avg. Q value: -0.050, Avg. Length: 497.9, P0 Avg. Reward: 0.068, P1 Avg. Reward: -0.068
Q table: 
 [[-0.703 -0.714 -0.711 -0.699 -0.726 -0.737]
 [-0.728 -0.727 -0.721 -0.709 -0.709 -0.725]
 [-0.722 -0.712 -0.708 -0.722 -0.758 -0.723]
 [-0.712 -0.698 -0.712 -0.73  -0.715 -0.739]
 [-0.713 -0.714 -0.7   -0.738 -0.692 -0.727]
 [-0.718 -0.735 -0.727 -0.709 -0.72  -0.722]]
Nash policies:  [(array([0.   , 0.   , 0.273, 0.   , 0.24 , 0.486]), array([0.   , 0.1  , 0.   , 0.   , 0.055, 0.845]))]
Frame: 3000000, Avg. RL Loss: 0.015, Avg. Q value: -0.065, Avg. Length: 504.6, P0 Avg. Reward: 0.026, P1 Avg. Reward: -0.026
Q table: 
 [[-0.964 -0.928 -0.96  -0.963 -0.949 -0.964]
 [-0.956 -0.969 -0.963 -0.943 -0.952 -0.966]
 [-0.971 -0.949 -0.949 -0.961 -0.94  -0.992]
 [-0.962 -0.966 -0.966 -0.949 -0.977 -0.969]
 [-0.953 -0.944 -0.982 -0.954 -0.952 -0.982]
 [-0.957 -0.952 -0.949 -0.982 -0.992 -0.993]]
Nash policies:  [(array([0.965, 0.035, 0.   , 0.   , 0.   , 0.   ]), array([0.233, 0.   , 0.   , 0.   , 0.   , 0.767]))]
Frame: 3250000, Avg. RL Loss: 0.015, Avg. Q value: -0.031, Avg. Length: 506.5, P0 Avg. Reward: -0.151, P1 Avg. Reward: 0.151
Q table: 
 [[1.03  1.002 1.015 1.009 1.027 0.983]
 [0.997 1.007 0.994 0.986 1.02  1.037]
 [0.996 1.017 1.008 1.04  1.033 1.007]
 [0.972 1.025 1.033 1.017 1.001 1.012]
 [1.024 1.012 1.011 1.037 1.037 1.039]
 [1.029 1.034 1.022 1.031 1.05  1.019]]
Nash policies:  [(array([0.   , 0.   , 0.   , 0.124, 0.178, 0.697]), array([0.074, 0.   , 0.591, 0.   , 0.   , 0.335]))]
Frame: 3500000, Avg. RL Loss: 0.015, Avg. Q value: -0.038, Avg. Length: 502.9, P0 Avg. Reward: -0.020, P1 Avg. Reward: 0.020
Q table: 
 [[0.896 0.874 0.895 0.888 0.89  0.919]
 [0.876 0.868 0.87  0.866 0.889 0.903]
 [0.883 0.872 0.897 0.865 0.891 0.901]
 [0.883 0.896 0.874 0.897 0.908 0.872]
 [0.902 0.884 0.885 0.886 0.922 0.899]
 [0.895 0.892 0.845 0.861 0.895 0.908]]
Nash policies:  [(array([0.119, 0.   , 0.356, 0.525, 0.   , 0.   ]), array([0.   , 0.482, 0.507, 0.011, 0.   , 0.   ]))]
Frame: 3750000, Avg. RL Loss: 0.016, Avg. Q value: -0.058, Avg. Length: 504.7, P0 Avg. Reward: -0.022, P1 Avg. Reward: 0.022
Q table: 
 [[-0.532 -0.54  -0.511 -0.51  -0.519 -0.517]
 [-0.512 -0.51  -0.502 -0.532 -0.513 -0.524]
 [-0.537 -0.536 -0.521 -0.508 -0.507 -0.523]
 [-0.521 -0.53  -0.514 -0.525 -0.504 -0.522]
 [-0.523 -0.551 -0.515 -0.535 -0.527 -0.523]
 [-0.523 -0.54  -0.513 -0.534 -0.528 -0.517]]
Nash policies:  [(array([0.24 , 0.564, 0.196, 0.   , 0.   , 0.   ]), array([0.   , 0.322, 0.   , 0.335, 0.   , 0.343]))]
Frame: 4000000, Avg. RL Loss: 0.017, Avg. Q value: -0.086, Avg. Length: 514.7, P0 Avg. Reward: 0.000, P1 Avg. Reward: -0.000
Q table: 
 [[0.699 0.667 0.681 0.712 0.692 0.703]
 [0.684 0.66  0.698 0.692 0.696 0.683]
 [0.687 0.684 0.676 0.648 0.683 0.672]
 [0.69  0.672 0.691 0.684 0.677 0.7  ]
 [0.695 0.68  0.682 0.697 0.677 0.697]
 [0.689 0.686 0.679 0.678 0.677 0.69 ]]
Nash policies:  [(array([0.111, 0.111, 0.079, 0.   , 0.   , 0.698]), array([0.   , 0.422, 0.126, 0.036, 0.416, 0.   ]))]
Frame: 4250000, Avg. RL Loss: 0.018, Avg. Q value: -0.084, Avg. Length: 508.5, P0 Avg. Reward: -0.063, P1 Avg. Reward: 0.063
Q table: 
 [[0.646 0.675 0.673 0.647 0.67  0.661]
 [0.654 0.638 0.636 0.661 0.665 0.676]
 [0.642 0.655 0.63  0.654 0.656 0.683]
 [0.649 0.672 0.633 0.656 0.669 0.661]
 [0.681 0.668 0.674 0.655 0.68  0.682]
 [0.662 0.655 0.659 0.661 0.666 0.689]]
Nash policies:  [(array([0.   , 0.   , 0.   , 0.108, 0.207, 0.685]), array([0.   , 0.271, 0.04 , 0.689, 0.   , 0.   ]))]
Frame: 4500000, Avg. RL Loss: 0.019, Avg. Q value: -0.066, Avg. Length: 507.3, P0 Avg. Reward: 0.168, P1 Avg. Reward: -0.168
Q table: 
 [[1.566 1.567 1.608 1.627 1.608 1.544]
 [1.594 1.583 1.597 1.571 1.616 1.589]
 [1.591 1.606 1.598 1.574 1.579 1.61 ]
 [1.596 1.601 1.553 1.609 1.567 1.637]
 [1.621 1.634 1.635 1.654 1.601 1.609]
 [1.59  1.606 1.587 1.606 1.596 1.584]]
Nash policies:  [(array([0.   , 0.223, 0.   , 0.   , 0.777, 0.   ]), array([0.   , 0.   , 0.   , 0.   , 0.563, 0.437]))]
Frame: 4750000, Avg. RL Loss: 0.018, Avg. Q value: -0.100, Avg. Length: 513.8, P0 Avg. Reward: 0.049, P1 Avg. Reward: -0.049
Q table: 
 [[1.133 1.093 1.096 1.085 1.132 1.081]
 [1.098 1.098 1.078 1.097 1.121 1.084]
 [1.109 1.08  1.081 1.064 1.103 1.1  ]
 [1.094 1.098 1.089 1.087 1.118 1.095]
 [1.118 1.081 1.097 1.103 1.099 1.109]
 [1.117 1.094 1.097 1.118 1.122 1.115]]
Nash policies:  [(array([0.   , 0.   , 0.   , 0.217, 0.   , 0.783]), array([0.   , 0.655, 0.345, 0.   , 0.   , 0.   ]))]
Frame: 5000000, Avg. RL Loss: 0.018, Avg. Q value: -0.076, Avg. Length: 502.9, P0 Avg. Reward: 0.024, P1 Avg. Reward: -0.024
Q table: 
 [[-1.19  -1.201 -1.229 -1.217 -1.246 -1.245]
 [-1.219 -1.25  -1.233 -1.252 -1.23  -1.229]
 [-1.245 -1.226 -1.182 -1.257 -1.207 -1.22 ]
 [-1.211 -1.2   -1.239 -1.21  -1.244 -1.207]
 [-1.227 -1.253 -1.192 -1.232 -1.239 -1.248]
 [-1.256 -1.219 -1.216 -1.234 -1.214 -1.236]]
Nash policies:  [(array([0.221, 0.   , 0.162, 0.264, 0.   , 0.352]), array([0.184, 0.   , 0.   , 0.263, 0.514, 0.04 ]))]
Frame: 5250000, Avg. RL Loss: 0.018, Avg. Q value: -0.108, Avg. Length: 498.0, P0 Avg. Reward: -0.147, P1 Avg. Reward: 0.147
Q table: 
 [[0.718 0.723 0.715 0.709 0.717 0.722]
 [0.728 0.716 0.701 0.711 0.713 0.723]
 [0.716 0.727 0.705 0.717 0.721 0.717]
 [0.725 0.732 0.714 0.716 0.731 0.725]
 [0.712 0.724 0.708 0.73  0.737 0.699]
 [0.714 0.717 0.724 0.718 0.723 0.704]]
Nash policies:  [(array([0.   , 0.   , 0.   , 0.638, 0.048, 0.315]), array([0.   , 0.   , 0.299, 0.503, 0.   , 0.198]))]
Frame: 5500000, Avg. RL Loss: 0.018, Avg. Q value: -0.072, Avg. Length: 491.9, P0 Avg. Reward: 0.061, P1 Avg. Reward: -0.061
Q table: 
 [[-1.253 -1.282 -1.294 -1.294 -1.317 -1.286]
 [-1.306 -1.298 -1.291 -1.272 -1.319 -1.299]
 [-1.308 -1.308 -1.301 -1.291 -1.314 -1.295]
 [-1.339 -1.288 -1.306 -1.277 -1.293 -1.31 ]
 [-1.262 -1.278 -1.312 -1.311 -1.31  -1.344]
 [-1.314 -1.312 -1.311 -1.304 -1.277 -1.309]]
Nash policies:  [(array([0.242, 0.325, 0.   , 0.   , 0.   , 0.433]), array([0.   , 0.07 , 0.613, 0.   , 0.316, 0.   ]))]
Frame: 5750000, Avg. RL Loss: 0.018, Avg. Q value: -0.051, Avg. Length: 491.4, P0 Avg. Reward: 0.018, P1 Avg. Reward: -0.018
Q table: 
 [[-0.836 -0.809 -0.805 -0.835 -0.781 -0.803]
 [-0.792 -0.789 -0.815 -0.811 -0.811 -0.82 ]
 [-0.795 -0.776 -0.795 -0.777 -0.825 -0.807]
 [-0.805 -0.8   -0.8   -0.812 -0.803 -0.829]
 [-0.818 -0.813 -0.825 -0.82  -0.814 -0.81 ]
 [-0.815 -0.807 -0.816 -0.817 -0.827 -0.812]]
Nash policies:  [(array([0.333, 0.163, 0.503, 0.   , 0.   , 0.   ]), array([0.345, 0.   , 0.   , 0.   , 0.287, 0.368]))]
Frame: 6000000, Avg. RL Loss: 0.018, Avg. Q value: -0.064, Avg. Length: 493.6, P0 Avg. Reward: 0.116, P1 Avg. Reward: -0.116
Q table: 
 [[1.581 1.562 1.567 1.588 1.551 1.572]
 [1.626 1.547 1.521 1.554 1.587 1.613]
 [1.556 1.614 1.544 1.597 1.576 1.54 ]
 [1.566 1.586 1.594 1.575 1.572 1.588]
 [1.579 1.559 1.552 1.573 1.595 1.572]
 [1.616 1.568 1.563 1.574 1.566 1.551]]
Nash policies:  [(array([0.049, 0.   , 0.048, 0.531, 0.242, 0.13 ]), array([0.156, 0.   , 0.117, 0.454, 0.205, 0.068]))]
Frame: 6250000, Avg. RL Loss: 0.019, Avg. Q value: -0.044, Avg. Length: 505.8, P0 Avg. Reward: -0.065, P1 Avg. Reward: 0.065
Q table: 
 [[0.714 0.707 0.706 0.708 0.716 0.704]
 [0.701 0.695 0.683 0.69  0.694 0.697]
 [0.704 0.683 0.702 0.705 0.69  0.705]
 [0.705 0.687 0.715 0.707 0.705 0.692]
 [0.733 0.685 0.709 0.694 0.705 0.678]
 [0.696 0.695 0.682 0.697 0.716 0.717]]
Nash policies:  [(array([0.963, 0.   , 0.   , 0.   , 0.   , 0.037]), array([0.   , 0.   , 0.341, 0.   , 0.   , 0.659]))]
Frame: 6500000, Avg. RL Loss: 0.019, Avg. Q value: -0.115, Avg. Length: 499.7, P0 Avg. Reward: -0.088, P1 Avg. Reward: 0.088
Q table: 
 [[-1.113 -1.135 -1.135 -1.112 -1.13  -1.127]
 [-1.102 -1.115 -1.127 -1.127 -1.111 -1.103]
 [-1.102 -1.109 -1.113 -1.129 -1.1   -1.126]
 [-1.139 -1.113 -1.096 -1.124 -1.146 -1.117]
 [-1.133 -1.12  -1.125 -1.135 -1.144 -1.131]
 [-1.133 -1.124 -1.138 -1.141 -1.146 -1.11 ]]
Nash policies:  [(array([0.397, 0.169, 0.27 , 0.164, 0.   , 0.   ]), array([0.   , 0.   , 0.19 , 0.522, 0.151, 0.137]))]
Frame: 6750000, Avg. RL Loss: 0.018, Avg. Q value: -0.111, Avg. Length: 492.7, P0 Avg. Reward: -0.188, P1 Avg. Reward: 0.188
Q table: 
 [[0.629 0.59  0.608 0.637 0.616 0.594]
 [0.599 0.593 0.602 0.598 0.611 0.623]
 [0.615 0.615 0.588 0.614 0.588 0.607]
 [0.611 0.586 0.606 0.601 0.601 0.598]
 [0.611 0.597 0.598 0.602 0.623 0.603]
 [0.616 0.613 0.587 0.6   0.619 0.607]]
Nash policies:  [(array([0.568, 0.045, 0.387, 0.   , 0.   , 0.   ]), array([0.   , 0.387, 0.538, 0.   , 0.   , 0.074]))]
Frame: 7000000, Avg. RL Loss: 0.019, Avg. Q value: -0.115, Avg. Length: 504.7, P0 Avg. Reward: -0.139, P1 Avg. Reward: 0.139
Q table: 
 [[1.188 1.195 1.19  1.213 1.202 1.203]
 [1.215 1.217 1.181 1.208 1.19  1.192]
 [1.197 1.241 1.218 1.198 1.185 1.182]
 [1.193 1.206 1.204 1.204 1.195 1.236]
 [1.146 1.2   1.164 1.215 1.213 1.198]
 [1.243 1.181 1.203 1.206 1.182 1.203]]
Nash policies:  [(array([0.522, 0.   , 0.   , 0.353, 0.   , 0.125]), array([0.16 , 0.   , 0.243, 0.   , 0.597, 0.   ]))]
Frame: 7250000, Avg. RL Loss: 0.019, Avg. Q value: -0.120, Avg. Length: 497.0, P0 Avg. Reward: -0.123, P1 Avg. Reward: 0.123
Q table: 
 [[-0.934 -0.947 -0.943 -0.951 -0.937 -0.934]
 [-0.93  -0.924 -0.924 -0.948 -0.932 -0.929]
 [-0.938 -0.947 -0.937 -0.922 -0.939 -0.935]
 [-0.944 -0.935 -0.927 -0.942 -0.93  -0.929]
 [-0.943 -0.941 -0.918 -0.916 -0.933 -0.939]
 [-0.948 -0.934 -0.912 -0.939 -0.93  -0.934]]
Nash policies:  [(array([0.   , 0.508, 0.333, 0.   , 0.158, 0.   ]), array([0.567, 0.132, 0.   , 0.301, 0.   , 0.   ]))]
Frame: 7500000, Avg. RL Loss: 0.019, Avg. Q value: -0.133, Avg. Length: 484.2, P0 Avg. Reward: -0.097, P1 Avg. Reward: 0.097
Q table: 
 [[1.648 1.642 1.595 1.619 1.599 1.679]
 [1.638 1.647 1.609 1.65  1.601 1.601]
 [1.658 1.618 1.613 1.61  1.638 1.584]
 [1.584 1.682 1.6   1.623 1.616 1.689]
 [1.659 1.666 1.647 1.689 1.641 1.626]
 [1.654 1.643 1.639 1.625 1.613 1.632]]
Nash policies:  [(array([0.   , 0.   , 0.   , 0.168, 0.832, 0.   ]), array([0.   , 0.   , 0.   , 0.   , 0.715, 0.285]))]
Frame: 7750000, Avg. RL Loss: 0.019, Avg. Q value: -0.121, Avg. Length: 493.7, P0 Avg. Reward: -0.186, P1 Avg. Reward: 0.186
Q table: 
 [[1.276 1.301 1.353 1.338 1.319 1.355]
 [1.327 1.327 1.318 1.328 1.334 1.32 ]
 [1.325 1.306 1.332 1.303 1.286 1.346]
 [1.343 1.298 1.303 1.304 1.345 1.357]
 [1.291 1.281 1.298 1.323 1.341 1.332]
 [1.347 1.31  1.304 1.338 1.319 1.325]]
Nash policies:  [(array([0.087, 0.794, 0.119, 0.   , 0.   , 0.   ]), array([0.184, 0.318, 0.497, 0.   , 0.   , 0.   ]))]
Frame: 8000000, Avg. RL Loss: 0.020, Avg. Q value: -0.080, Avg. Length: 503.5, P0 Avg. Reward: 0.066, P1 Avg. Reward: -0.066
Q table: 
 [[-1.024 -1.014 -1.011 -0.998 -1.013 -1.015]
 [-1.002 -1.015 -1.012 -1.016 -1.028 -1.02 ]
 [-1.011 -1.008 -1.022 -1.008 -1.014 -1.01 ]
 [-1.01  -1.008 -1.017 -0.999 -1.028 -1.027]
 [-1.016 -1.023 -1.008 -1.021 -1.022 -1.01 ]
 [-1.023 -1.03  -1.02  -1.004 -1.003 -1.026]]
Nash policies:  [(array([0.298, 0.165, 0.29 , 0.   , 0.111, 0.136]), array([0.275, 0.02 , 0.311, 0.   , 0.345, 0.05 ]))]
Frame: 8250000, Avg. RL Loss: 0.021, Avg. Q value: -0.091, Avg. Length: 493.6, P0 Avg. Reward: -0.075, P1 Avg. Reward: 0.075
Q table: 
 [[0.842 0.825 0.862 0.859 0.839 0.857]
 [0.846 0.832 0.839 0.842 0.846 0.85 ]
 [0.86  0.832 0.836 0.829 0.835 0.849]
 [0.842 0.837 0.857 0.862 0.858 0.844]
 [0.861 0.853 0.839 0.848 0.845 0.855]
 [0.864 0.851 0.849 0.853 0.855 0.846]]
Nash policies:  [(array([0.1  , 0.   , 0.   , 0.   , 0.172, 0.728]), array([0.   , 0.313, 0.342, 0.   , 0.   , 0.346]))]
Frame: 8500000, Avg. RL Loss: 0.020, Avg. Q value: -0.045, Avg. Length: 494.0, P0 Avg. Reward: -0.204, P1 Avg. Reward: 0.204
Q table: 
 [[-1.161 -1.13  -1.162 -1.17  -1.172 -1.145]
 [-1.179 -1.174 -1.163 -1.159 -1.185 -1.166]
 [-1.143 -1.155 -1.157 -1.149 -1.184 -1.161]
 [-1.151 -1.162 -1.155 -1.159 -1.182 -1.195]
 [-1.164 -1.174 -1.152 -1.158 -1.17  -1.172]
 [-1.189 -1.175 -1.176 -1.171 -1.193 -1.166]]
Nash policies:  [(array([0.085, 0.   , 0.   , 0.   , 0.915, 0.   ]), array([0.   , 0.   , 0.   , 0.   , 0.935, 0.065]))]
Frame: 8750000, Avg. RL Loss: 0.018, Avg. Q value: -0.021, Avg. Length: 477.9, P0 Avg. Reward: 0.050, P1 Avg. Reward: -0.050
Q table: 
 [[0.691 0.704 0.706 0.724 0.709 0.706]
 [0.719 0.704 0.72  0.705 0.682 0.725]
 [0.729 0.711 0.697 0.741 0.716 0.715]
 [0.688 0.702 0.716 0.7   0.743 0.711]
 [0.71  0.715 0.713 0.718 0.712 0.718]
 [0.714 0.697 0.691 0.713 0.716 0.721]]
Nash policies:  [(array([0.   , 0.124, 0.142, 0.101, 0.633, 0.   ]), array([0.329, 0.041, 0.435, 0.   , 0.195, 0.   ]))]
Frame: 9000000, Avg. RL Loss: 0.020, Avg. Q value: -0.007, Avg. Length: 489.1, P0 Avg. Reward: -0.084, P1 Avg. Reward: 0.084
Q table: 
 [[1.319 1.33  1.282 1.332 1.319 1.292]
 [1.3   1.341 1.293 1.317 1.324 1.367]
 [1.297 1.328 1.298 1.324 1.297 1.323]
 [1.294 1.318 1.272 1.275 1.305 1.297]
 [1.299 1.32  1.311 1.32  1.323 1.332]
 [1.311 1.316 1.318 1.268 1.267 1.334]]
Nash policies:  [(array([0.225, 0.   , 0.   , 0.   , 0.497, 0.277]), array([0.509, 0.   , 0.337, 0.   , 0.154, 0.   ]))]
Frame: 9250000, Avg. RL Loss: 0.019, Avg. Q value: -0.010, Avg. Length: 491.6, P0 Avg. Reward: -0.055, P1 Avg. Reward: 0.055
Q table: 
 [[1.191 1.211 1.203 1.188 1.232 1.223]
 [1.203 1.189 1.225 1.201 1.224 1.197]
 [1.208 1.204 1.199 1.212 1.244 1.25 ]
 [1.177 1.196 1.221 1.178 1.213 1.22 ]
 [1.197 1.209 1.211 1.206 1.241 1.222]
 [1.224 1.222 1.203 1.228 1.223 1.227]]
Nash policies:  [(array([0.   , 0.187, 0.   , 0.193, 0.   , 0.62 ]), array([0.01, 0.39, 0.6 , 0.  , 0.  , 0.  ]))]
Frame: 9500000, Avg. RL Loss: 0.019, Avg. Q value: 0.013, Avg. Length: 495.0, P0 Avg. Reward: 0.026, P1 Avg. Reward: -0.026
Q table: 
 [[-1.397 -1.395 -1.405 -1.397 -1.419 -1.422]
 [-1.432 -1.417 -1.401 -1.397 -1.409 -1.416]
 [-1.433 -1.399 -1.417 -1.404 -1.413 -1.412]
 [-1.406 -1.398 -1.404 -1.386 -1.404 -1.441]
 [-1.409 -1.392 -1.368 -1.36  -1.425 -1.376]
 [-1.376 -1.41  -1.399 -1.388 -1.434 -1.373]]
Nash policies:  [(array([0.   , 0.217, 0.   , 0.431, 0.352, 0.   ]), array([0.084, 0.   , 0.   , 0.   , 0.688, 0.228]))]
Frame: 9750000, Avg. RL Loss: 0.019, Avg. Q value: -0.003, Avg. Length: 500.2, P0 Avg. Reward: -0.051, P1 Avg. Reward: 0.051
Q table: 
 [[0.987 0.981 0.997 0.998 0.996 0.963]
 [0.988 1.005 1.    1.016 1.005 0.988]
 [1.005 0.995 1.006 1.    0.995 0.967]
 [1.005 0.993 0.993 0.988 1.004 0.998]
 [0.982 0.987 0.986 0.998 0.993 0.975]
 [0.986 1.008 1.02  1.013 1.025 0.988]]
Nash policies:  [(array([0.   , 0.229, 0.   , 0.724, 0.   , 0.047]), array([0.   , 0.   , 0.068, 0.23 , 0.   , 0.702]))]
Frame: 10000000, Avg. RL Loss: 0.022, Avg. Q value: -0.057, Avg. Length: 492.4, P0 Avg. Reward: -0.172, P1 Avg. Reward: 0.172
Q table: 
 [[-1.383 -1.362 -1.367 -1.342 -1.362 -1.368]
 [-1.346 -1.351 -1.347 -1.375 -1.345 -1.37 ]
 [-1.363 -1.351 -1.359 -1.342 -1.344 -1.349]
 [-1.346 -1.341 -1.354 -1.374 -1.362 -1.332]
 [-1.378 -1.354 -1.359 -1.361 -1.333 -1.36 ]
 [-1.365 -1.336 -1.334 -1.358 -1.363 -1.345]]
Nash policies:  [(array([0.   , 0.182, 0.577, 0.242, 0.   , 0.   ]), array([0.582, 0.   , 0.087, 0.331, 0.   , 0.   ]))]
Frame: 10250000, Avg. RL Loss: 0.020, Avg. Q value: 0.038, Avg. Length: 495.8, P0 Avg. Reward: 0.057, P1 Avg. Reward: -0.057
Q table: 
 [[1.501 1.438 1.454 1.444 1.474 1.431]
 [1.506 1.473 1.451 1.45  1.535 1.447]
 [1.457 1.462 1.506 1.5   1.44  1.479]
 [1.449 1.459 1.471 1.468 1.441 1.495]
 [1.479 1.464 1.453 1.44  1.453 1.442]
 [1.459 1.454 1.453 1.441 1.471 1.458]]
Nash policies:  [(array([0.   , 0.501, 0.256, 0.243, 0.   , 0.   ]), array([0.   , 0.756, 0.   , 0.03 , 0.   , 0.214]))]
Frame: 10500000, Avg. RL Loss: 0.021, Avg. Q value: 0.003, Avg. Length: 491.7, P0 Avg. Reward: -0.161, P1 Avg. Reward: 0.161
Q table: 
 [[-0.974 -0.971 -0.996 -0.962 -0.988 -0.99 ]
 [-0.976 -0.987 -0.974 -0.971 -0.974 -0.997]
 [-1.007 -0.972 -0.993 -0.987 -1.035 -0.999]
 [-0.992 -0.98  -0.969 -0.962 -0.988 -1.004]
 [-1.001 -0.971 -0.985 -1.009 -0.953 -1.015]
 [-1.007 -1.017 -1.002 -0.988 -0.956 -0.985]]
Nash policies:  [(array([0.348, 0.334, 0.   , 0.   , 0.   , 0.318]), array([0.   , 0.041, 0.254, 0.   , 0.   , 0.705]))]
Frame: 10750000, Avg. RL Loss: 0.023, Avg. Q value: -0.077, Avg. Length: 483.6, P0 Avg. Reward: -0.126, P1 Avg. Reward: 0.126
Q table: 
 [[-1.653 -1.64  -1.64  -1.597 -1.662 -1.659]
 [-1.654 -1.64  -1.656 -1.638 -1.611 -1.64 ]
 [-1.666 -1.62  -1.666 -1.66  -1.67  -1.647]
 [-1.663 -1.624 -1.612 -1.654 -1.672 -1.66 ]
 [-1.646 -1.641 -1.61  -1.673 -1.664 -1.653]
 [-1.637 -1.663 -1.629 -1.652 -1.647 -1.634]]
Nash policies:  [(array([0.167, 0.236, 0.   , 0.   , 0.325, 0.272]), array([0.59 , 0.322, 0.   , 0.041, 0.047, 0.   ]))]
Frame: 11000000, Avg. RL Loss: 0.022, Avg. Q value: -0.135, Avg. Length: 485.0, P0 Avg. Reward: -0.054, P1 Avg. Reward: 0.054
Q table: 
 [[-0.937 -0.934 -0.932 -0.907 -0.944 -0.941]
 [-0.913 -0.916 -0.938 -0.941 -0.922 -0.95 ]
 [-0.921 -0.927 -0.9   -0.92  -0.945 -0.925]
 [-0.927 -0.913 -0.904 -0.927 -0.948 -0.925]
 [-0.945 -0.91  -0.92  -0.937 -0.917 -0.918]
 [-0.91  -0.91  -0.927 -0.938 -0.952 -0.922]]
Nash policies:  [(array([0.102, 0.225, 0.304, 0.   , 0.369, 0.   ]), array([0.199, 0.   , 0.   , 0.343, 0.359, 0.099]))]
Frame: 11250000, Avg. RL Loss: 0.022, Avg. Q value: -0.154, Avg. Length: 484.0, P0 Avg. Reward: -0.068, P1 Avg. Reward: 0.068
Q table: 
 [[-1.805 -1.831 -1.78  -1.828 -1.833 -1.815]
 [-1.849 -1.809 -1.821 -1.804 -1.823 -1.856]
 [-1.811 -1.814 -1.818 -1.83  -1.849 -1.848]
 [-1.836 -1.813 -1.826 -1.82  -1.822 -1.823]
 [-1.817 -1.812 -1.8   -1.838 -1.804 -1.812]
 [-1.803 -1.783 -1.839 -1.796 -1.824 -1.817]]
Nash policies:  [(array([0.1  , 0.051, 0.   , 0.   , 0.4  , 0.449]), array([0.   , 0.   , 0.258, 0.388, 0.308, 0.046]))]
Frame: 11500000, Avg. RL Loss: 0.021, Avg. Q value: -0.091, Avg. Length: 483.9, P0 Avg. Reward: -0.019, P1 Avg. Reward: 0.019
Q table: 
 [[-2.002 -1.985 -1.995 -1.949 -1.962 -2.005]
 [-1.964 -1.97  -1.953 -1.942 -1.98  -1.985]
 [-1.975 -1.978 -1.972 -1.943 -1.96  -1.946]
 [-1.953 -1.974 -1.964 -1.962 -1.972 -1.955]
 [-2.029 -1.96  -1.965 -1.917 -1.936 -1.97 ]
 [-1.886 -1.971 -1.967 -1.959 -1.982 -1.976]]
Nash policies:  [(array([0.   , 0.   , 0.   , 0.29 , 0.432, 0.278]), array([0.061, 0.66 , 0.   , 0.   , 0.   , 0.28 ]))]
Frame: 11750000, Avg. RL Loss: 0.021, Avg. Q value: -0.025, Avg. Length: 472.8, P0 Avg. Reward: 0.091, P1 Avg. Reward: -0.091
Q table: 
 [[-0.874 -0.874 -0.896 -0.867 -0.869 -0.862]
 [-0.885 -0.876 -0.883 -0.862 -0.871 -0.873]
 [-0.863 -0.853 -0.872 -0.871 -0.881 -0.855]
 [-0.898 -0.875 -0.873 -0.885 -0.897 -0.881]
 [-0.873 -0.87  -0.872 -0.897 -0.886 -0.882]
 [-0.893 -0.882 -0.869 -0.86  -0.874 -0.872]]
Nash policies:  [(array([0.2  , 0.   , 0.446, 0.   , 0.   , 0.354]), array([0.168, 0.   , 0.219, 0.   , 0.613, 0.   ]))]
Frame: 12000000, Avg. RL Loss: 0.021, Avg. Q value: -0.039, Avg. Length: 495.2, P0 Avg. Reward: 0.002, P1 Avg. Reward: -0.002
Q table: 
 [[-0.804 -0.814 -0.832 -0.812 -0.802 -0.825]
 [-0.813 -0.81  -0.823 -0.809 -0.802 -0.833]
 [-0.818 -0.834 -0.814 -0.828 -0.812 -0.802]
 [-0.828 -0.821 -0.836 -0.82  -0.812 -0.811]
 [-0.808 -0.826 -0.797 -0.812 -0.823 -0.811]
 [-0.812 -0.804 -0.81  -0.808 -0.82  -0.817]]
Nash policies:  [(array([0.121, 0.06 , 0.295, 0.   , 0.001, 0.524]), array([0.   , 0.053, 0.147, 0.2  , 0.362, 0.238]))]
Frame: 12250000, Avg. RL Loss: 0.021, Avg. Q value: -0.022, Avg. Length: 475.8, P0 Avg. Reward: -0.071, P1 Avg. Reward: 0.071
Q table: 
 [[-1.481 -1.481 -1.503 -1.452 -1.488 -1.448]
 [-1.483 -1.471 -1.48  -1.485 -1.451 -1.495]
 [-1.497 -1.498 -1.458 -1.489 -1.456 -1.493]
 [-1.475 -1.461 -1.515 -1.5   -1.475 -1.457]
 [-1.493 -1.492 -1.503 -1.482 -1.473 -1.491]
 [-1.502 -1.483 -1.494 -1.517 -1.469 -1.436]]
Nash policies:  [(array([0.239, 0.679, 0.083, 0.   , 0.   , 0.   ]), array([0.528, 0.   , 0.329, 0.   , 0.   , 0.143]))]
Frame: 12500000, Avg. RL Loss: 0.022, Avg. Q value: -0.079, Avg. Length: 485.5, P0 Avg. Reward: -0.087, P1 Avg. Reward: 0.087
Q table: 
 [[-1.379 -1.36  -1.393 -1.381 -1.35  -1.355]
 [-1.37  -1.358 -1.387 -1.339 -1.36  -1.389]
 [-1.377 -1.352 -1.336 -1.373 -1.35  -1.348]
 [-1.343 -1.365 -1.334 -1.362 -1.349 -1.366]
 [-1.37  -1.361 -1.353 -1.352 -1.337 -1.367]
 [-1.402 -1.38  -1.352 -1.382 -1.382 -1.368]]
Nash policies:  [(array([0.   , 0.   , 0.276, 0.388, 0.337, 0.   ]), array([0.126, 0.   , 0.   , 0.405, 0.   , 0.469]))]
Frame: 12750000, Avg. RL Loss: 0.022, Avg. Q value: 0.022, Avg. Length: 480.5, P0 Avg. Reward: 0.015, P1 Avg. Reward: -0.015
Q table: 
 [[1.676 1.677 1.693 1.701 1.696 1.673]
 [1.679 1.673 1.726 1.723 1.678 1.617]
 [1.67  1.682 1.678 1.662 1.687 1.667]
 [1.695 1.652 1.669 1.667 1.704 1.646]
 [1.699 1.686 1.657 1.694 1.695 1.65 ]
 [1.66  1.686 1.682 1.67  1.675 1.694]]
Nash policies:  [(array([0.188, 0.   , 0.   , 0.   , 0.323, 0.488]), array([0.516, 0.   , 0.068, 0.   , 0.   , 0.416]))]
Frame: 13000000, Avg. RL Loss: 0.022, Avg. Q value: -0.006, Avg. Length: 484.2, P0 Avg. Reward: -0.074, P1 Avg. Reward: 0.074
Q table: 
 [[1.133 1.121 1.1   1.104 1.085 1.095]
 [1.091 1.123 1.097 1.137 1.149 1.109]
 [1.119 1.078 1.124 1.093 1.137 1.111]
 [1.1   1.106 1.118 1.097 1.098 1.098]
 [1.142 1.109 1.081 1.109 1.111 1.087]
 [1.092 1.113 1.13  1.107 1.116 1.12 ]]
Nash policies:  [(array([0.263, 0.2  , 0.233, 0.   , 0.   , 0.304]), array([0.297, 0.036, 0.   , 0.177, 0.   , 0.489]))]
Frame: 13250000, Avg. RL Loss: 0.022, Avg. Q value: 0.043, Avg. Length: 474.1, P0 Avg. Reward: -0.006, P1 Avg. Reward: 0.006
Q table: 
 [[2.087 2.023 2.062 2.102 2.117 2.036]
 [2.07  2.079 2.081 2.093 2.08  2.096]
 [2.092 2.061 2.111 2.099 2.083 2.067]
 [2.033 2.02  2.078 2.128 2.099 2.068]
 [2.047 2.057 2.09  2.124 2.083 2.014]
 [2.018 2.048 2.044 2.07  1.971 2.124]]
Nash policies:  [(array([0.   , 0.787, 0.213, 0.   , 0.   , 0.   ]), array([0.441, 0.559, 0.   , 0.   , 0.   , 0.   ]))]
Frame: 13500000, Avg. RL Loss: 0.021, Avg. Q value: 0.032, Avg. Length: 495.8, P0 Avg. Reward: -0.087, P1 Avg. Reward: 0.087
Q table: 
 [[0.72  0.676 0.716 0.725 0.694 0.716]
 [0.7   0.698 0.701 0.712 0.692 0.705]
 [0.692 0.711 0.717 0.705 0.685 0.708]
 [0.694 0.704 0.709 0.713 0.69  0.693]
 [0.724 0.723 0.726 0.71  0.715 0.714]
 [0.716 0.682 0.699 0.718 0.695 0.7  ]]
Nash policies:  [(array([0.15, 0.  , 0.  , 0.  , 0.85, 0.  ]), array([0.   , 0.   , 0.   , 0.597, 0.403, 0.   ]))]
Frame: 13750000, Avg. RL Loss: 0.022, Avg. Q value: 0.128, Avg. Length: 488.1, P0 Avg. Reward: 0.122, P1 Avg. Reward: -0.122
Q table: 
 [[-1.496 -1.498 -1.516 -1.516 -1.511 -1.497]
 [-1.467 -1.484 -1.485 -1.481 -1.441 -1.433]
 [-1.493 -1.509 -1.472 -1.495 -1.496 -1.481]
 [-1.526 -1.486 -1.534 -1.51  -1.526 -1.462]
 [-1.487 -1.498 -1.539 -1.502 -1.502 -1.443]
 [-1.459 -1.521 -1.511 -1.483 -1.405 -1.455]]
Nash policies:  [(array([0.   , 0.956, 0.044, 0.   , 0.   , 0.   ]), array([0.   , 0.348, 0.652, 0.   , 0.   , 0.   ]))]
Frame: 14000000, Avg. RL Loss: 0.023, Avg. Q value: 0.031, Avg. Length: 487.9, P0 Avg. Reward: -0.020, P1 Avg. Reward: 0.020
Q table: 
 [[-2.256 -2.235 -2.23  -2.244 -2.224 -2.184]
 [-2.217 -2.211 -2.209 -2.214 -2.212 -2.256]
 [-2.141 -2.228 -2.208 -2.182 -2.153 -2.186]
 [-2.242 -2.219 -2.214 -2.193 -2.243 -2.26 ]
 [-2.215 -2.154 -2.234 -2.199 -2.177 -2.211]
 [-2.253 -2.227 -2.23  -2.229 -2.247 -2.245]]
Nash policies:  [(array([0.   , 0.32 , 0.537, 0.   , 0.143, 0.   ]), array([0.   , 0.257, 0.689, 0.   , 0.   , 0.053]))]
Frame: 14250000, Avg. RL Loss: 0.021, Avg. Q value: -0.092, Avg. Length: 491.0, P0 Avg. Reward: 0.020, P1 Avg. Reward: -0.020
Q table: 
 [[1.204 1.179 1.194 1.189 1.211 1.221]
 [1.167 1.189 1.204 1.2   1.194 1.193]
 [1.147 1.191 1.207 1.181 1.174 1.201]
 [1.179 1.199 1.202 1.203 1.221 1.192]
 [1.212 1.191 1.19  1.199 1.193 1.212]
 [1.202 1.217 1.197 1.2   1.235 1.202]]
Nash policies:  [(array([0.   , 0.   , 0.   , 0.177, 0.   , 0.823]), array([0.177, 0.   , 0.823, 0.   , 0.   , 0.   ]))]
Frame: 14500000, Avg. RL Loss: 0.021, Avg. Q value: -0.069, Avg. Length: 482.8, P0 Avg. Reward: -0.105, P1 Avg. Reward: 0.105
Q table: 
 [[1.002 1.01  1.015 1.02  1.029 1.014]
 [1.045 1.014 1.044 1.024 1.042 1.021]
 [0.992 1.009 1.006 1.018 1.015 0.998]
 [0.998 1.006 1.004 1.019 1.038 1.041]
 [0.999 1.017 1.006 1.012 1.039 1.03 ]
 [1.05  1.001 1.    0.994 1.014 1.022]]
Nash policies:  [(array([0.   , 0.356, 0.   , 0.   , 0.644, 0.   ]), array([0.059, 0.941, 0.   , 0.   , 0.   , 0.   ]))]
Frame: 14750000, Avg. RL Loss: 0.021, Avg. Q value: 0.002, Avg. Length: 496.4, P0 Avg. Reward: 0.160, P1 Avg. Reward: -0.160
Q table: 
 [[-1.077 -1.061 -1.069 -1.065 -1.076 -1.074]
 [-1.057 -1.067 -1.082 -1.07  -1.051 -1.07 ]
 [-1.067 -1.072 -1.08  -1.05  -1.062 -1.058]
 [-1.052 -1.077 -1.084 -1.078 -1.074 -1.064]
 [-1.079 -1.066 -1.052 -1.081 -1.066 -1.071]
 [-1.079 -1.06  -1.057 -1.069 -1.073 -1.071]]
Nash policies:  [(array([0.   , 0.295, 0.074, 0.108, 0.   , 0.524]), array([0.413, 0.   , 0.373, 0.149, 0.   , 0.065]))]
Frame: 15000000, Avg. RL Loss: 0.022, Avg. Q value: 0.062, Avg. Length: 487.5, P0 Avg. Reward: 0.159, P1 Avg. Reward: -0.159
Q table: 
 [[-1.363 -1.37  -1.378 -1.392 -1.365 -1.372]
 [-1.39  -1.389 -1.399 -1.391 -1.381 -1.384]
 [-1.383 -1.362 -1.391 -1.387 -1.377 -1.398]
 [-1.373 -1.392 -1.375 -1.364 -1.361 -1.396]
 [-1.418 -1.405 -1.371 -1.374 -1.339 -1.34 ]
 [-1.387 -1.365 -1.373 -1.38  -1.398 -1.376]]
Nash policies:  [(array([0.291, 0.   , 0.   , 0.309, 0.082, 0.318]), array([0.192, 0.145, 0.   , 0.404, 0.   , 0.259]))]
Frame: 15250000, Avg. RL Loss: 0.021, Avg. Q value: -0.001, Avg. Length: 497.5, P0 Avg. Reward: 0.022, P1 Avg. Reward: -0.022
Q table: 
 [[1.362 1.401 1.364 1.397 1.392 1.389]
 [1.393 1.359 1.425 1.438 1.4   1.367]
 [1.399 1.378 1.406 1.39  1.406 1.403]
 [1.405 1.36  1.403 1.42  1.374 1.408]
 [1.39  1.412 1.394 1.36  1.413 1.418]
 [1.37  1.403 1.414 1.407 1.423 1.418]]
Nash policies:  [(array([0.   , 0.   , 0.   , 0.366, 0.434, 0.201]), array([0.384, 0.379, 0.   , 0.237, 0.   , 0.   ]))]
Frame: 15500000, Avg. RL Loss: 0.023, Avg. Q value: -0.064, Avg. Length: 491.7, P0 Avg. Reward: -0.022, P1 Avg. Reward: 0.022
Q table: 
 [[-1.833 -1.816 -1.817 -1.84  -1.832 -1.837]
 [-1.827 -1.865 -1.841 -1.851 -1.832 -1.845]
 [-1.811 -1.836 -1.861 -1.839 -1.846 -1.823]
 [-1.85  -1.866 -1.86  -1.845 -1.82  -1.821]
 [-1.853 -1.831 -1.82  -1.84  -1.837 -1.799]
 [-1.834 -1.838 -1.853 -1.8   -1.831 -1.806]]
Nash policies:  [(array([0.532, 0.201, 0.   , 0.004, 0.   , 0.263]), array([0.325, 0.038, 0.   , 0.013, 0.624, 0.   ]))]
Frame: 15750000, Avg. RL Loss: 0.024, Avg. Q value: -0.112, Avg. Length: 490.4, P0 Avg. Reward: 0.071, P1 Avg. Reward: -0.071
Q table: 
 [[1.368 1.352 1.341 1.36  1.325 1.355]
 [1.351 1.343 1.365 1.343 1.336 1.359]
 [1.346 1.343 1.362 1.351 1.355 1.387]
 [1.355 1.338 1.371 1.36  1.354 1.349]
 [1.313 1.353 1.346 1.363 1.348 1.371]
 [1.367 1.354 1.364 1.357 1.382 1.355]]
Nash policies:  [(array([0., 0., 0., 0., 0., 1.]), array([0., 1., 0., 0., 0., 0.]))]
Frame: 16000000, Avg. RL Loss: 0.023, Avg. Q value: -0.055, Avg. Length: 489.1, P0 Avg. Reward: 0.120, P1 Avg. Reward: -0.120
Q table: 
 [[-2.125 -2.11  -2.104 -2.141 -2.105 -2.097]
 [-2.117 -2.114 -2.128 -2.106 -2.096 -2.13 ]
 [-2.084 -2.105 -2.072 -2.049 -2.115 -2.121]
 [-2.17  -2.125 -2.129 -2.096 -2.072 -2.122]
 [-2.11  -2.093 -2.068 -2.081 -2.139 -2.126]
 [-2.117 -2.064 -2.115 -2.104 -2.144 -2.122]]
Nash policies:  [(array([0.538, 0.   , 0.436, 0.025, 0.   , 0.001]), array([0.116, 0.381, 0.   , 0.   , 0.41 , 0.093]))]
Frame: 16250000, Avg. RL Loss: 0.025, Avg. Q value: -0.062, Avg. Length: 483.3, P0 Avg. Reward: 0.065, P1 Avg. Reward: -0.065
Q table: 
 [[-1.598 -1.583 -1.576 -1.586 -1.59  -1.604]
 [-1.59  -1.59  -1.582 -1.569 -1.607 -1.595]
 [-1.598 -1.593 -1.548 -1.58  -1.59  -1.604]
 [-1.626 -1.574 -1.568 -1.599 -1.619 -1.61 ]
 [-1.623 -1.565 -1.559 -1.62  -1.62  -1.598]
 [-1.574 -1.566 -1.569 -1.593 -1.606 -1.6  ]]
Nash policies:  [(array([0.   , 0.552, 0.448, 0.   , 0.   , 0.   ]), array([0.   , 0.   , 0.   , 0.   , 0.366, 0.634]))]
Frame: 16500000, Avg. RL Loss: 0.022, Avg. Q value: 0.053, Avg. Length: 479.8, P0 Avg. Reward: 0.202, P1 Avg. Reward: -0.202
Q table: 
 [[1.741 1.774 1.812 1.819 1.787 1.813]
 [1.737 1.772 1.826 1.742 1.778 1.815]
 [1.797 1.736 1.786 1.749 1.794 1.834]
 [1.762 1.763 1.795 1.774 1.745 1.829]
 [1.799 1.788 1.806 1.842 1.861 1.862]
 [1.78  1.796 1.816 1.854 1.883 1.793]]
Nash policies:  [(array([0.  , 0.  , 0.  , 0.  , 0.61, 0.39]), array([0.303, 0.697, 0.   , 0.   , 0.   , 0.   ]))]
Frame: 16750000, Avg. RL Loss: 0.022, Avg. Q value: 0.057, Avg. Length: 476.6, P0 Avg. Reward: -0.055, P1 Avg. Reward: 0.055
Q table: 
 [[1.195 1.201 1.208 1.213 1.178 1.181]
 [1.192 1.206 1.189 1.191 1.217 1.197]
 [1.189 1.171 1.182 1.189 1.193 1.209]
 [1.219 1.189 1.189 1.179 1.172 1.2  ]
 [1.207 1.208 1.22  1.218 1.213 1.223]
 [1.217 1.204 1.219 1.187 1.204 1.2  ]]
Nash policies:  [(array([0.   , 0.   , 0.   , 0.   , 0.921, 0.079]), array([0.244, 0.756, 0.   , 0.   , 0.   , 0.   ]))]
Frame: 17000000, Avg. RL Loss: 0.021, Avg. Q value: 0.073, Avg. Length: 478.5, P0 Avg. Reward: 0.113, P1 Avg. Reward: -0.113
Q table: 
 [[0.791 0.783 0.793 0.79  0.792 0.794]
 [0.797 0.787 0.794 0.806 0.808 0.793]
 [0.799 0.789 0.79  0.783 0.777 0.802]
 [0.797 0.794 0.79  0.796 0.78  0.786]
 [0.809 0.794 0.794 0.782 0.801 0.781]
 [0.798 0.78  0.791 0.794 0.78  0.779]]
Nash policies:  [(array([0.   , 0.235, 0.291, 0.216, 0.258, 0.   ]), array([0.   , 0.649, 0.   , 0.043, 0.075, 0.233]))]
Frame: 17250000, Avg. RL Loss: 0.020, Avg. Q value: 0.040, Avg. Length: 483.8, P0 Avg. Reward: 0.037, P1 Avg. Reward: -0.037
Q table: 
 [[-1.201 -1.216 -1.194 -1.202 -1.208 -1.192]
 [-1.19  -1.2   -1.171 -1.173 -1.17  -1.155]
 [-1.206 -1.234 -1.217 -1.209 -1.164 -1.188]
 [-1.164 -1.213 -1.2   -1.182 -1.146 -1.194]
 [-1.198 -1.221 -1.214 -1.176 -1.204 -1.19 ]
 [-1.205 -1.2   -1.191 -1.185 -1.197 -1.182]]
Nash policies:  [(array([0., 1., 0., 0., 0., 0.]), array([0., 1., 0., 0., 0., 0.]))]
Frame: 17500000, Avg. RL Loss: 0.021, Avg. Q value: 0.004, Avg. Length: 484.7, P0 Avg. Reward: -0.031, P1 Avg. Reward: 0.031
Q table: 
 [[-0.84  -0.813 -0.824 -0.831 -0.84  -0.818]
 [-0.817 -0.82  -0.821 -0.821 -0.834 -0.826]
 [-0.827 -0.809 -0.843 -0.824 -0.836 -0.836]
 [-0.825 -0.817 -0.836 -0.828 -0.837 -0.819]
 [-0.829 -0.817 -0.826 -0.815 -0.816 -0.809]
 [-0.823 -0.826 -0.819 -0.827 -0.819 -0.826]]
Nash policies:  [(array([0.   , 0.295, 0.   , 0.   , 0.227, 0.479]), array([0.505, 0.   , 0.   , 0.199, 0.296, 0.   ]))]
Frame: 17750000, Avg. RL Loss: 0.020, Avg. Q value: -0.059, Avg. Length: 479.2, P0 Avg. Reward: -0.048, P1 Avg. Reward: 0.048
Q table: 
 [[0.74  0.735 0.755 0.733 0.749 0.753]
 [0.754 0.759 0.749 0.755 0.746 0.744]
 [0.754 0.736 0.727 0.734 0.749 0.761]
 [0.728 0.718 0.73  0.747 0.734 0.72 ]
 [0.735 0.71  0.724 0.738 0.7   0.72 ]
 [0.741 0.741 0.736 0.745 0.719 0.732]]
Nash policies:  [(array([0.351, 0.649, 0.   , 0.   , 0.   , 0.   ]), array([0.   , 0.   , 0.   , 0.144, 0.856, 0.   ]))]
Frame: 18000000, Avg. RL Loss: 0.022, Avg. Q value: -0.041, Avg. Length: 486.9, P0 Avg. Reward: -0.076, P1 Avg. Reward: 0.076
Q table: 
 [[-1.294 -1.288 -1.29  -1.299 -1.311 -1.3  ]
 [-1.305 -1.303 -1.3   -1.304 -1.298 -1.299]
 [-1.287 -1.306 -1.296 -1.305 -1.312 -1.286]
 [-1.266 -1.336 -1.306 -1.304 -1.308 -1.306]
 [-1.308 -1.311 -1.312 -1.294 -1.276 -1.31 ]
 [-1.324 -1.303 -1.309 -1.308 -1.308 -1.284]]
Nash policies:  [(array([0.431, 0.008, 0.164, 0.   , 0.323, 0.075]), array([0.003, 0.176, 0.175, 0.   , 0.322, 0.323]))]
Frame: 18250000, Avg. RL Loss: 0.023, Avg. Q value: -0.035, Avg. Length: 490.2, P0 Avg. Reward: 0.102, P1 Avg. Reward: -0.102
Q table: 
 [[-1.294 -1.285 -1.278 -1.276 -1.322 -1.311]
 [-1.293 -1.271 -1.286 -1.287 -1.275 -1.32 ]
 [-1.305 -1.32  -1.307 -1.291 -1.28  -1.309]
 [-1.294 -1.28  -1.292 -1.293 -1.318 -1.308]
 [-1.301 -1.304 -1.293 -1.276 -1.309 -1.306]
 [-1.289 -1.279 -1.288 -1.286 -1.308 -1.301]]
Nash policies:  [(array([0.   , 0.   , 0.197, 0.   , 0.   , 0.803]), array([0.  , 0.  , 0.  , 0.  , 0.21, 0.79]))]
Frame: 18500000, Avg. RL Loss: 0.023, Avg. Q value: 0.015, Avg. Length: 500.5, P0 Avg. Reward: -0.074, P1 Avg. Reward: 0.074
Q table: 
 [[-1.489 -1.491 -1.479 -1.488 -1.484 -1.46 ]
 [-1.471 -1.47  -1.501 -1.467 -1.529 -1.452]
 [-1.475 -1.471 -1.447 -1.434 -1.488 -1.509]
 [-1.475 -1.476 -1.479 -1.501 -1.537 -1.474]
 [-1.498 -1.487 -1.479 -1.492 -1.507 -1.503]
 [-1.488 -1.511 -1.467 -1.492 -1.486 -1.491]]
Nash policies:  [(array([0.686, 0.   , 0.314, 0.   , 0.   , 0.   ]), array([0.   , 0.168, 0.   , 0.   , 0.832, 0.   ]))]
Frame: 18750000, Avg. RL Loss: 0.022, Avg. Q value: 0.032, Avg. Length: 484.6, P0 Avg. Reward: 0.045, P1 Avg. Reward: -0.045
Q table: 
 [[-1.702 -1.795 -1.789 -1.802 -1.802 -1.797]
 [-1.752 -1.797 -1.773 -1.73  -1.741 -1.655]
 [-1.751 -1.794 -1.804 -1.726 -1.804 -1.797]
 [-1.756 -1.81  -1.794 -1.731 -1.838 -1.812]
 [-1.736 -1.792 -1.775 -1.729 -1.778 -1.825]
 [-1.719 -1.749 -1.836 -1.738 -1.782 -1.768]]
Nash policies:  [(array([0.   , 0.172, 0.   , 0.   , 0.651, 0.177]), array([0.   , 0.578, 0.412, 0.   , 0.   , 0.01 ]))]
Frame: 19000000, Avg. RL Loss: 0.023, Avg. Q value: -0.054, Avg. Length: 482.4, P0 Avg. Reward: -0.150, P1 Avg. Reward: 0.150
Q table: 
 [[-1.398 -1.389 -1.383 -1.39  -1.391 -1.396]
 [-1.387 -1.369 -1.385 -1.383 -1.409 -1.396]
 [-1.387 -1.388 -1.414 -1.373 -1.426 -1.395]
 [-1.402 -1.38  -1.391 -1.414 -1.411 -1.403]
 [-1.395 -1.401 -1.402 -1.4   -1.404 -1.395]
 [-1.387 -1.385 -1.373 -1.393 -1.408 -1.396]]
Nash policies:  [(array([0.735, 0.171, 0.   , 0.   , 0.094, 0.   ]), array([0.057, 0.   , 0.   , 0.   , 0.038, 0.905]))]
Frame: 19250000, Avg. RL Loss: 0.022, Avg. Q value: 0.002, Avg. Length: 490.4, P0 Avg. Reward: 0.176, P1 Avg. Reward: -0.176
Q table: 
 [[-1.652 -1.651 -1.636 -1.623 -1.645 -1.646]
 [-1.594 -1.639 -1.657 -1.656 -1.623 -1.689]
 [-1.633 -1.657 -1.629 -1.64  -1.62  -1.635]
 [-1.641 -1.634 -1.654 -1.622 -1.642 -1.654]
 [-1.647 -1.641 -1.65  -1.63  -1.634 -1.635]
 [-1.64  -1.668 -1.629 -1.638 -1.641 -1.644]]
Nash policies:  [(array([0.   , 0.   , 0.386, 0.463, 0.151, 0.   ]), array([0.   , 0.51 , 0.391, 0.   , 0.   , 0.1  ]))]
Frame: 19500000, Avg. RL Loss: 0.021, Avg. Q value: 0.028, Avg. Length: 493.0, P0 Avg. Reward: 0.022, P1 Avg. Reward: -0.022
Q table: 
 [[1.67  1.659 1.583 1.631 1.603 1.601]
 [1.614 1.649 1.591 1.611 1.583 1.62 ]
 [1.618 1.615 1.609 1.595 1.638 1.629]
 [1.609 1.602 1.618 1.609 1.585 1.631]
 [1.618 1.608 1.628 1.612 1.591 1.598]
 [1.659 1.6   1.613 1.62  1.608 1.616]]
Nash policies:  [(array([0.105, 0.   , 0.288, 0.   , 0.238, 0.37 ]), array([0.   , 0.139, 0.341, 0.294, 0.226, 0.   ]))]
Frame: 19750000, Avg. RL Loss: 0.020, Avg. Q value: 0.070, Avg. Length: 495.0, P0 Avg. Reward: 0.063, P1 Avg. Reward: -0.063
Q table: 
 [[-1.757 -1.8   -1.713 -1.69  -1.728 -1.725]
 [-1.72  -1.779 -1.721 -1.761 -1.706 -1.725]
 [-1.77  -1.861 -1.763 -1.783 -1.74  -1.72 ]
 [-1.761 -1.735 -1.732 -1.736 -1.717 -1.707]
 [-1.76  -1.749 -1.748 -1.727 -1.674 -1.732]
 [-1.721 -1.792 -1.733 -1.728 -1.711 -1.686]]
Nash policies:  [(array([0.   , 0.304, 0.   , 0.696, 0.   , 0.   ]), array([0.517, 0.483, 0.   , 0.   , 0.   , 0.   ]))]
Frame: 20000000, Avg. RL Loss: 0.021, Avg. Q value: 0.029, Avg. Length: 479.3, P0 Avg. Reward: 0.019, P1 Avg. Reward: -0.019
Q table: 
 [[-1.388 -1.409 -1.436 -1.412 -1.43  -1.427]
 [-1.411 -1.432 -1.41  -1.416 -1.399 -1.366]
 [-1.377 -1.389 -1.424 -1.433 -1.418 -1.43 ]
 [-1.394 -1.375 -1.439 -1.412 -1.377 -1.403]
 [-1.414 -1.404 -1.427 -1.413 -1.432 -1.374]
 [-1.431 -1.427 -1.404 -1.405 -1.38  -1.421]]
Nash policies:  [(array([0.   , 0.134, 0.218, 0.115, 0.   , 0.533]), array([0.   , 0.338, 0.532, 0.032, 0.   , 0.099]))]
Frame: 20250000, Avg. RL Loss: 0.022, Avg. Q value: 0.104, Avg. Length: 485.7, P0 Avg. Reward: 0.031, P1 Avg. Reward: -0.031
Q table: 
 [[1.622 1.635 1.611 1.63  1.647 1.62 ]
 [1.641 1.646 1.622 1.639 1.633 1.631]
 [1.633 1.643 1.63  1.62  1.651 1.622]
 [1.612 1.636 1.621 1.587 1.669 1.606]
 [1.605 1.634 1.603 1.605 1.633 1.567]
 [1.609 1.642 1.606 1.594 1.599 1.609]]
Nash policies:  [(array([0.   , 0.455, 0.545, 0.   , 0.   , 0.   ]), array([0.   , 0.   , 0.525, 0.   , 0.   , 0.475]))]
Frame: 20500000, Avg. RL Loss: 0.020, Avg. Q value: 0.119, Avg. Length: 489.6, P0 Avg. Reward: -0.037, P1 Avg. Reward: 0.037
Q table: 
 [[0.902 0.884 0.878 0.877 0.863 0.892]
 [0.876 0.867 0.883 0.88  0.883 0.872]
 [0.871 0.893 0.878 0.883 0.886 0.878]
 [0.871 0.879 0.874 0.883 0.877 0.875]
 [0.871 0.859 0.859 0.85  0.869 0.87 ]
 [0.856 0.873 0.863 0.862 0.879 0.867]]
Nash policies:  [(array([0.237, 0.309, 0.454, 0.   , 0.   , 0.   ]), array([0.   , 0.   , 0.507, 0.   , 0.18 , 0.313]))]
Frame: 20750000, Avg. RL Loss: 0.022, Avg. Q value: 0.145, Avg. Length: 487.0, P0 Avg. Reward: 0.019, P1 Avg. Reward: -0.019
Q table: 
 [[-0.74  -0.742 -0.733 -0.765 -0.774 -0.755]
 [-0.73  -0.747 -0.786 -0.76  -0.768 -0.753]
 [-0.764 -0.719 -0.762 -0.743 -0.744 -0.743]
 [-0.739 -0.724 -0.734 -0.742 -0.789 -0.754]
 [-0.719 -0.728 -0.717 -0.762 -0.754 -0.758]
 [-0.76  -0.751 -0.733 -0.751 -0.758 -0.756]]
Nash policies:  [(array([0.   , 0.   , 0.644, 0.038, 0.318, 0.   ]), array([0.27 , 0.   , 0.   , 0.57 , 0.161, 0.   ]))]
Frame: 21000000, Avg. RL Loss: 0.019, Avg. Q value: 0.099, Avg. Length: 476.1, P0 Avg. Reward: 0.114, P1 Avg. Reward: -0.114
Q table: 
 [[-0.679 -0.674 -0.65  -0.69  -0.678 -0.689]
 [-0.687 -0.681 -0.673 -0.679 -0.699 -0.692]
 [-0.673 -0.663 -0.666 -0.67  -0.688 -0.684]
 [-0.704 -0.684 -0.673 -0.676 -0.69  -0.692]
 [-0.695 -0.68  -0.659 -0.678 -0.675 -0.672]
 [-0.682 -0.665 -0.658 -0.679 -0.68  -0.691]]
Nash policies:  [(array([0.265, 0.   , 0.415, 0.   , 0.321, 0.   ]), array([0.357, 0.   , 0.   , 0.   , 0.363, 0.28 ]))]
Frame: 21250000, Avg. RL Loss: 0.021, Avg. Q value: 0.057, Avg. Length: 496.8, P0 Avg. Reward: -0.101, P1 Avg. Reward: 0.101
Q table: 
 [[0.777 0.804 0.824 0.816 0.813 0.804]
 [0.818 0.798 0.812 0.807 0.804 0.819]
 [0.795 0.806 0.799 0.799 0.793 0.798]
 [0.79  0.803 0.799 0.817 0.795 0.803]
 [0.831 0.817 0.821 0.813 0.819 0.814]
 [0.792 0.812 0.802 0.831 0.807 0.824]]
Nash policies:  [(array([0.   , 0.   , 0.   , 0.   , 0.797, 0.203]), array([0.   , 0.   , 0.   , 0.   , 0.451, 0.549]))]
Frame: 21500000, Avg. RL Loss: 0.022, Avg. Q value: 0.031, Avg. Length: 483.1, P0 Avg. Reward: -0.157, P1 Avg. Reward: 0.157
Q table: 
 [[-1.437 -1.346 -1.314 -1.356 -1.23  -1.237]
 [-1.277 -1.226 -1.315 -1.222 -1.349 -1.357]
 [-1.346 -1.196 -1.266 -1.256 -1.346 -1.306]
 [-1.339 -1.203 -1.263 -1.302 -1.29  -1.29 ]
 [-1.383 -1.267 -1.274 -1.315 -1.367 -1.286]
 [-1.378 -1.248 -1.267 -1.331 -1.389 -1.407]]
Nash policies:  [(array([0.   , 0.379, 0.   , 0.621, 0.   , 0.   ]), array([0.524, 0.   , 0.   , 0.   , 0.   , 0.476]))]
Frame: 21750000, Avg. RL Loss: 0.021, Avg. Q value: 0.021, Avg. Length: 493.5, P0 Avg. Reward: 0.071, P1 Avg. Reward: -0.071
Q table: 
 [[-1.438 -1.458 -1.454 -1.49  -1.489 -1.489]
 [-1.472 -1.468 -1.455 -1.468 -1.482 -1.455]
 [-1.49  -1.481 -1.524 -1.499 -1.461 -1.479]
 [-1.463 -1.457 -1.45  -1.486 -1.449 -1.495]
 [-1.463 -1.483 -1.5   -1.474 -1.48  -1.453]
 [-1.467 -1.469 -1.45  -1.49  -1.465 -1.458]]
Nash policies:  [(array([0.   , 0.719, 0.   , 0.281, 0.   , 0.   ]), array([0.   , 0.   , 0.   , 0.654, 0.346, 0.   ]))]
Frame: 22000000, Avg. RL Loss: 0.022, Avg. Q value: 0.084, Avg. Length: 484.1, P0 Avg. Reward: 0.088, P1 Avg. Reward: -0.088
Q table: 
 [[-1.603 -1.6   -1.581 -1.6   -1.575 -1.583]
 [-1.614 -1.576 -1.581 -1.608 -1.601 -1.628]
 [-1.57  -1.595 -1.566 -1.598 -1.606 -1.617]
 [-1.568 -1.594 -1.601 -1.612 -1.621 -1.63 ]
 [-1.595 -1.561 -1.576 -1.568 -1.565 -1.592]
 [-1.584 -1.585 -1.597 -1.594 -1.596 -1.606]]
Nash policies:  [(array([0.   , 0.   , 0.057, 0.   , 0.943, 0.   ]), array([0.508, 0.   , 0.   , 0.   , 0.   , 0.492]))]
Frame: 22250000, Avg. RL Loss: 0.021, Avg. Q value: 0.012, Avg. Length: 496.7, P0 Avg. Reward: 0.068, P1 Avg. Reward: -0.068
Q table: 
 [[-1.698 -1.75  -1.7   -1.699 -1.672 -1.701]
 [-1.746 -1.686 -1.715 -1.682 -1.682 -1.679]
 [-1.689 -1.667 -1.707 -1.705 -1.697 -1.699]
 [-1.699 -1.693 -1.697 -1.712 -1.681 -1.692]
 [-1.676 -1.663 -1.734 -1.695 -1.692 -1.692]
 [-1.647 -1.726 -1.72  -1.684 -1.688 -1.723]]
Nash policies:  [(array([0.133, 0.171, 0.   , 0.609, 0.   , 0.086]), array([0.056, 0.062, 0.502, 0.379, 0.   , 0.   ]))]
Frame: 22500000, Avg. RL Loss: 0.021, Avg. Q value: -0.030, Avg. Length: 479.8, P0 Avg. Reward: 0.081, P1 Avg. Reward: -0.081
Q table: 
 [[-0.811 -0.779 -0.778 -0.808 -0.789 -0.805]
 [-0.787 -0.79  -0.808 -0.796 -0.791 -0.785]
 [-0.785 -0.79  -0.801 -0.796 -0.804 -0.79 ]
 [-0.798 -0.771 -0.779 -0.796 -0.788 -0.799]
 [-0.788 -0.815 -0.781 -0.809 -0.796 -0.794]
 [-0.799 -0.808 -0.797 -0.78  -0.806 -0.793]]
Nash policies:  [(array([0.   , 0.299, 0.113, 0.428, 0.   , 0.16 ]), array([0.395, 0.   , 0.155, 0.325, 0.124, 0.   ]))]
Frame: 22750000, Avg. RL Loss: 0.020, Avg. Q value: -0.091, Avg. Length: 485.1, P0 Avg. Reward: -0.112, P1 Avg. Reward: 0.112
Q table: 
 [[1.103 1.115 1.121 1.123 1.107 1.105]
 [1.12  1.125 1.148 1.116 1.13  1.099]
 [1.114 1.119 1.148 1.111 1.107 1.107]
 [1.124 1.133 1.121 1.132 1.13  1.131]
 [1.112 1.152 1.15  1.129 1.132 1.123]
 [1.132 1.11  1.124 1.142 1.148 1.152]]
Nash policies:  [(array([0.   , 0.   , 0.   , 0.452, 0.133, 0.416]), array([0.648, 0.228, 0.124, 0.   , 0.   , 0.   ]))]
Frame: 23000000, Avg. RL Loss: 0.020, Avg. Q value: 0.010, Avg. Length: 493.9, P0 Avg. Reward: -0.038, P1 Avg. Reward: 0.038
Q table: 
 [[-0.789 -0.8   -0.802 -0.779 -0.787 -0.783]
 [-0.783 -0.8   -0.796 -0.776 -0.779 -0.776]
 [-0.782 -0.786 -0.809 -0.792 -0.777 -0.78 ]
 [-0.782 -0.787 -0.784 -0.795 -0.784 -0.779]
 [-0.799 -0.804 -0.798 -0.786 -0.779 -0.773]
 [-0.796 -0.823 -0.802 -0.783 -0.79  -0.779]]
Nash policies:  [(array([0.   , 0.254, 0.125, 0.62 , 0.   , 0.   ]), array([0.   , 0.529, 0.065, 0.407, 0.   , 0.   ]))]
Frame: 23250000, Avg. RL Loss: 0.020, Avg. Q value: -0.026, Avg. Length: 486.2, P0 Avg. Reward: -0.165, P1 Avg. Reward: 0.165
Q table: 
 [[-0.864 -0.872 -0.874 -0.844 -0.831 -0.837]
 [-0.849 -0.868 -0.865 -0.846 -0.834 -0.851]
 [-0.837 -0.865 -0.861 -0.84  -0.834 -0.855]
 [-0.851 -0.875 -0.884 -0.862 -0.851 -0.824]
 [-0.848 -0.855 -0.882 -0.843 -0.85  -0.834]
 [-0.857 -0.874 -0.88  -0.861 -0.854 -0.831]]
Nash policies:  [(array([0.   , 0.   , 0.887, 0.   , 0.113, 0.   ]), array([0.   , 0.667, 0.333, 0.   , 0.   , 0.   ]))]
Frame: 23500000, Avg. RL Loss: 0.021, Avg. Q value: 0.052, Avg. Length: 494.1, P0 Avg. Reward: 0.004, P1 Avg. Reward: -0.004
Q table: 
 [[0.943 0.937 0.922 0.949 0.945 0.936]
 [0.932 0.925 0.932 0.949 0.933 0.938]
 [0.945 0.925 0.935 0.936 0.933 0.946]
 [0.927 0.916 0.932 0.933 0.937 0.937]
 [0.932 0.937 0.941 0.939 0.933 0.951]
 [0.94  0.948 0.943 0.964 0.942 0.943]]
Nash policies:  [(array([0.058, 0.   , 0.093, 0.   , 0.   , 0.848]), array([0.67 , 0.   , 0.115, 0.   , 0.214, 0.   ]))]
Frame: 23750000, Avg. RL Loss: 0.025, Avg. Q value: 0.067, Avg. Length: 484.1, P0 Avg. Reward: -0.078, P1 Avg. Reward: 0.078
Q table: 
 [[-1.609 -1.604 -1.608 -1.608 -1.614 -1.614]
 [-1.601 -1.622 -1.584 -1.608 -1.598 -1.611]
 [-1.591 -1.636 -1.642 -1.614 -1.602 -1.623]
 [-1.602 -1.625 -1.6   -1.597 -1.601 -1.589]
 [-1.627 -1.63  -1.628 -1.61  -1.632 -1.597]
 [-1.624 -1.604 -1.619 -1.616 -1.609 -1.585]]
Nash policies:  [(array([0.58 , 0.279, 0.   , 0.   , 0.   , 0.141]), array([0.154, 0.442, 0.   , 0.   , 0.404, 0.   ]))]
Frame: 24000000, Avg. RL Loss: 0.027, Avg. Q value: 0.164, Avg. Length: 486.2, P0 Avg. Reward: 0.068, P1 Avg. Reward: -0.068
Q table: 
 [[-0.982 -0.958 -0.946 -0.969 -0.988 -0.982]
 [-0.964 -0.963 -0.976 -0.974 -0.985 -0.997]
 [-0.969 -0.933 -0.954 -0.952 -0.96  -0.976]
 [-0.971 -0.941 -0.951 -0.938 -1.004 -0.983]
 [-0.973 -0.939 -0.932 -0.978 -0.991 -0.967]
 [-0.985 -0.957 -0.96  -0.981 -0.973 -0.974]]
Nash policies:  [(array([0.   , 0.   , 0.593, 0.   , 0.407, 0.   ]), array([0.   , 0.   , 0.   , 0.   , 0.223, 0.777]))]
Frame: 24250000, Avg. RL Loss: 0.025, Avg. Q value: 0.140, Avg. Length: 489.8, P0 Avg. Reward: -0.055, P1 Avg. Reward: 0.055
Q table: 
 [[2.178 2.153 2.148 2.192 2.223 2.209]
 [2.168 2.167 2.165 2.186 2.158 2.193]
 [2.218 2.215 2.171 2.214 2.179 2.181]
 [2.167 2.174 2.172 2.165 2.166 2.172]
 [2.163 2.168 2.164 2.169 2.189 2.152]
 [2.148 2.173 2.128 2.117 2.151 2.168]]
Nash policies:  [(array([0.   , 0.   , 0.436, 0.564, 0.   , 0.   ]), array([0.   , 0.   , 0.957, 0.   , 0.043, 0.   ]))]
Frame: 24500000, Avg. RL Loss: 0.024, Avg. Q value: 0.089, Avg. Length: 494.7, P0 Avg. Reward: -0.050, P1 Avg. Reward: 0.050
Q table: 
 [[-1.859 -1.808 -1.854 -1.811 -1.805 -1.819]
 [-1.803 -1.82  -1.832 -1.798 -1.8   -1.783]
 [-1.786 -1.827 -1.789 -1.798 -1.772 -1.786]
 [-1.823 -1.791 -1.776 -1.764 -1.806 -1.785]
 [-1.845 -1.811 -1.752 -1.838 -1.788 -1.802]
 [-1.867 -1.845 -1.797 -1.839 -1.791 -1.814]]
Nash policies:  [(array([0.   , 0.   , 0.437, 0.563, 0.   , 0.   ]), array([0.495, 0.505, 0.   , 0.   , 0.   , 0.   ]))]
Frame: 24750000, Avg. RL Loss: 0.021, Avg. Q value: -0.008, Avg. Length: 496.6, P0 Avg. Reward: -0.008, P1 Avg. Reward: 0.008
Q table: 
 [[0.985 0.96  0.963 0.967 0.967 0.969]
 [0.956 0.956 0.96  0.959 0.96  0.959]
 [0.922 0.974 0.964 0.958 0.947 0.952]
 [0.964 0.97  0.959 0.966 0.951 0.974]
 [0.972 0.971 0.963 0.968 0.971 0.971]
 [0.974 0.985 0.971 0.972 0.975 0.963]]
Nash policies:  [(array([0.   , 0.   , 0.   , 0.   , 0.473, 0.527]), array([0.   , 0.   , 0.497, 0.   , 0.   , 0.503]))]
Frame: 25000000, Avg. RL Loss: 0.022, Avg. Q value: -0.020, Avg. Length: 483.9, P0 Avg. Reward: -0.115, P1 Avg. Reward: 0.115
Q table: 
 [[1.952 2.072 1.997 2.02  2.046 2.065]
 [1.968 2.109 2.086 1.961 1.952 1.941]
 [1.987 1.998 2.045 1.963 2.061 1.932]
 [2.    2.04  1.937 1.981 1.889 2.025]
 [1.994 1.999 1.901 1.956 1.996 2.033]
 [2.139 1.968 2.078 2.029 2.062 2.128]]
Nash policies:  [(array([0.534, 0.   , 0.   , 0.   , 0.   , 0.466]), array([0.  , 0.08, 0.  , 0.92, 0.  , 0.  ]))]
Frame: 25250000, Avg. RL Loss: 0.020, Avg. Q value: 0.023, Avg. Length: 480.5, P0 Avg. Reward: -0.063, P1 Avg. Reward: 0.063
Q table: 
 [[-0.948 -0.938 -0.95  -0.965 -0.959 -0.943]
 [-0.957 -0.932 -0.943 -0.936 -0.945 -0.948]
 [-0.939 -0.937 -0.935 -0.933 -0.951 -0.936]
 [-0.95  -0.925 -0.947 -0.96  -0.971 -0.954]
 [-0.915 -0.939 -0.923 -0.946 -0.949 -0.953]
 [-0.941 -0.933 -0.976 -0.96  -0.969 -0.947]]
Nash policies:  [(array([0.   , 0.657, 0.172, 0.   , 0.171, 0.   ]), array([0.101, 0.   , 0.   , 0.   , 0.682, 0.217]))]
Frame: 25500000, Avg. RL Loss: 0.020, Avg. Q value: 0.053, Avg. Length: 492.7, P0 Avg. Reward: -0.036, P1 Avg. Reward: 0.036
Q table: 
 [[0.886 0.874 0.867 0.874 0.874 0.875]
 [0.88  0.875 0.87  0.894 0.869 0.864]
 [0.883 0.87  0.869 0.878 0.872 0.877]
 [0.882 0.867 0.873 0.885 0.887 0.87 ]
 [0.873 0.874 0.853 0.856 0.894 0.842]
 [0.864 0.881 0.846 0.881 0.85  0.859]]
Nash policies:  [(array([0.   , 0.304, 0.382, 0.314, 0.   , 0.   ]), array([0.   , 0.282, 0.55 , 0.   , 0.   , 0.168]))]
Frame: 25750000, Avg. RL Loss: 0.020, Avg. Q value: -0.004, Avg. Length: 488.6, P0 Avg. Reward: 0.070, P1 Avg. Reward: -0.070
Q table: 
 [[0.8   0.789 0.775 0.789 0.788 0.803]
 [0.799 0.788 0.781 0.814 0.802 0.795]
 [0.818 0.778 0.79  0.818 0.805 0.814]
 [0.799 0.795 0.781 0.804 0.78  0.802]
 [0.797 0.769 0.764 0.788 0.767 0.787]
 [0.783 0.784 0.787 0.796 0.757 0.751]]
Nash policies:  [(array([0.   , 0.   , 0.537, 0.463, 0.   , 0.   ]), array([0.   , 0.342, 0.658, 0.   , 0.   , 0.   ]))]
Frame: 26000000, Avg. RL Loss: 0.019, Avg. Q value: -0.001, Avg. Length: 490.5, P0 Avg. Reward: -0.086, P1 Avg. Reward: 0.086
Q table: 
 [[1.53  1.518 1.502 1.527 1.557 1.517]
 [1.504 1.529 1.512 1.554 1.535 1.525]
 [1.533 1.516 1.52  1.531 1.487 1.513]
 [1.484 1.525 1.525 1.537 1.515 1.515]
 [1.495 1.529 1.479 1.501 1.482 1.493]
 [1.513 1.517 1.497 1.548 1.539 1.475]]
Nash policies:  [(array([0.231, 0.116, 0.389, 0.265, 0.   , 0.   ]), array([0.144, 0.   , 0.546, 0.   , 0.139, 0.171]))]
Frame: 26250000, Avg. RL Loss: 0.021, Avg. Q value: -0.011, Avg. Length: 489.1, P0 Avg. Reward: 0.176, P1 Avg. Reward: -0.176
Q table: 
 [[0.798 0.818 0.806 0.812 0.809 0.813]
 [0.797 0.813 0.825 0.822 0.819 0.803]
 [0.817 0.828 0.821 0.818 0.828 0.806]
 [0.801 0.81  0.813 0.834 0.798 0.827]
 [0.783 0.799 0.801 0.807 0.801 0.789]
 [0.803 0.786 0.814 0.811 0.796 0.779]]
Nash policies:  [(array([0. , 0. , 0.7, 0.3, 0. , 0. ]), array([0.582, 0.   , 0.   , 0.   , 0.   , 0.418]))]
Frame: 26500000, Avg. RL Loss: 0.021, Avg. Q value: 0.056, Avg. Length: 481.0, P0 Avg. Reward: 0.115, P1 Avg. Reward: -0.115
Q table: 
 [[-1.297 -1.284 -1.29  -1.286 -1.296 -1.291]
 [-1.28  -1.317 -1.316 -1.279 -1.307 -1.316]
 [-1.296 -1.281 -1.264 -1.307 -1.322 -1.327]
 [-1.293 -1.298 -1.278 -1.312 -1.298 -1.295]
 [-1.303 -1.312 -1.216 -1.3   -1.293 -1.295]
 [-1.303 -1.281 -1.279 -1.292 -1.302 -1.31 ]]
Nash policies:  [(array([0.521, 0.   , 0.   , 0.338, 0.141, 0.   ]), array([0.344, 0.   , 0.   , 0.011, 0.645, 0.   ]))]
Frame: 26750000, Avg. RL Loss: 0.021, Avg. Q value: 0.058, Avg. Length: 503.4, P0 Avg. Reward: 0.083, P1 Avg. Reward: -0.083
Q table: 
 [[-0.922 -0.917 -0.893 -0.904 -0.914 -0.916]
 [-0.891 -0.894 -0.915 -0.907 -0.906 -0.907]
 [-0.918 -0.912 -0.925 -0.911 -0.941 -0.907]
 [-0.931 -0.902 -0.895 -0.929 -0.916 -0.946]
 [-0.902 -0.908 -0.91  -0.934 -0.908 -0.92 ]
 [-0.906 -0.935 -0.931 -0.906 -0.912 -0.918]]
Nash policies:  [(array([0.268, 0.732, 0.   , 0.   , 0.   , 0.   ]), array([0.   , 0.   , 0.299, 0.   , 0.   , 0.701]))]
Frame: 27000000, Avg. RL Loss: 0.020, Avg. Q value: 0.047, Avg. Length: 487.3, P0 Avg. Reward: 0.082, P1 Avg. Reward: -0.082
Q table: 
 [[-1.338 -1.375 -1.382 -1.338 -1.358 -1.379]
 [-1.345 -1.354 -1.336 -1.359 -1.357 -1.349]
 [-1.346 -1.369 -1.369 -1.391 -1.378 -1.362]
 [-1.354 -1.35  -1.346 -1.364 -1.346 -1.359]
 [-1.417 -1.361 -1.382 -1.362 -1.358 -1.369]
 [-1.364 -1.37  -1.348 -1.36  -1.363 -1.379]]
Nash policies:  [(array([0.146, 0.774, 0.   , 0.079, 0.   , 0.   ]), array([0.   , 0.461, 0.   , 0.475, 0.064, 0.   ]))]
Frame: 27250000, Avg. RL Loss: 0.021, Avg. Q value: -0.056, Avg. Length: 495.7, P0 Avg. Reward: -0.042, P1 Avg. Reward: 0.042
Q table: 
 [[-1.807 -1.793 -1.797 -1.792 -1.791 -1.769]
 [-1.788 -1.806 -1.799 -1.854 -1.792 -1.76 ]
 [-1.813 -1.791 -1.784 -1.8   -1.796 -1.742]
 [-1.821 -1.795 -1.791 -1.802 -1.789 -1.812]
 [-1.758 -1.784 -1.762 -1.804 -1.809 -1.786]
 [-1.798 -1.795 -1.798 -1.798 -1.801 -1.761]]
Nash policies:  [(array([0.758, 0.004, 0.   , 0.   , 0.239, 0.   ]), array([0.271, 0.   , 0.   , 0.065, 0.664, 0.   ]))]
Frame: 27500000, Avg. RL Loss: 0.021, Avg. Q value: -0.043, Avg. Length: 496.0, P0 Avg. Reward: 0.121, P1 Avg. Reward: -0.121
Q table: 
 [[-1.329 -1.328 -1.342 -1.325 -1.315 -1.308]
 [-1.333 -1.33  -1.346 -1.311 -1.332 -1.336]
 [-1.336 -1.319 -1.326 -1.366 -1.328 -1.314]
 [-1.334 -1.336 -1.351 -1.34  -1.339 -1.316]
 [-1.33  -1.338 -1.368 -1.357 -1.3   -1.318]
 [-1.335 -1.334 -1.325 -1.298 -1.325 -1.318]]
Nash policies:  [(array([0.422, 0.   , 0.   , 0.   , 0.   , 0.578]), array([0.74, 0.  , 0.26, 0.  , 0.  , 0.  ]))]
Frame: 27750000, Avg. RL Loss: 0.019, Avg. Q value: -0.066, Avg. Length: 485.3, P0 Avg. Reward: -0.029, P1 Avg. Reward: 0.029
Q table: 
 [[1.137 1.137 1.132 1.125 1.144 1.151]
 [1.153 1.163 1.153 1.148 1.151 1.151]
 [1.133 1.135 1.163 1.152 1.153 1.141]
 [1.152 1.158 1.144 1.157 1.119 1.107]
 [1.142 1.152 1.132 1.118 1.12  1.14 ]
 [1.136 1.14  1.124 1.136 1.156 1.136]]
Nash policies:  [(array([0.   , 0.785, 0.21 , 0.005, 0.   , 0.   ]), array([0.093, 0.   , 0.   , 0.747, 0.   , 0.159]))]
Frame: 28000000, Avg. RL Loss: 0.020, Avg. Q value: -0.038, Avg. Length: 486.2, P0 Avg. Reward: 0.091, P1 Avg. Reward: -0.091
Q table: 
 [[-1.36  -1.342 -1.344 -1.385 -1.391 -1.365]
 [-1.389 -1.359 -1.393 -1.389 -1.375 -1.395]
 [-1.408 -1.365 -1.371 -1.379 -1.415 -1.37 ]
 [-1.384 -1.369 -1.342 -1.405 -1.396 -1.419]
 [-1.36  -1.37  -1.336 -1.419 -1.375 -1.405]
 [-1.38  -1.348 -1.348 -1.376 -1.382 -1.383]]
Nash policies:  [(array([0.235, 0.296, 0.   , 0.   , 0.   , 0.469]), array([0.   , 0.   , 0.   , 0.019, 0.652, 0.329]))]
Frame: 28250000, Avg. RL Loss: 0.020, Avg. Q value: -0.023, Avg. Length: 478.4, P0 Avg. Reward: 0.063, P1 Avg. Reward: -0.063
Q table: 
 [[1.47  1.456 1.451 1.442 1.46  1.438]
 [1.416 1.448 1.448 1.423 1.448 1.442]
 [1.466 1.434 1.447 1.438 1.463 1.471]
 [1.43  1.43  1.441 1.474 1.448 1.396]
 [1.456 1.431 1.468 1.431 1.482 1.465]
 [1.455 1.447 1.472 1.44  1.444 1.453]]
Nash policies:  [(array([0.507, 0.   , 0.365, 0.129, 0.   , 0.   ]), array([0.   , 0.246, 0.   , 0.52 , 0.   , 0.234]))]
Frame: 28500000, Avg. RL Loss: 0.020, Avg. Q value: -0.047, Avg. Length: 491.2, P0 Avg. Reward: -0.082, P1 Avg. Reward: 0.082
Q table: 
 [[0.933 0.92  0.91  0.908 0.92  0.909]
 [0.91  0.89  0.907 0.929 0.893 0.914]
 [0.901 0.904 0.908 0.9   0.932 0.907]
 [0.914 0.913 0.902 0.916 0.929 0.906]
 [0.926 0.931 0.912 0.909 0.935 0.911]
 [0.922 0.925 0.918 0.928 0.926 0.914]]
Nash policies:  [(array([0., 0., 0., 0., 0., 1.]), array([0., 0., 0., 0., 0., 1.]))]
Frame: 28750000, Avg. RL Loss: 0.019, Avg. Q value: -0.063, Avg. Length: 481.8, P0 Avg. Reward: 0.048, P1 Avg. Reward: -0.048
Q table: 
 [[-0.976 -0.968 -0.996 -1.008 -0.978 -1.011]
 [-0.973 -0.988 -0.998 -0.996 -0.98  -0.994]
 [-0.982 -1.004 -0.998 -0.989 -0.976 -0.965]
 [-0.984 -1.007 -1.009 -0.991 -0.964 -0.975]
 [-0.997 -1.004 -1.001 -0.985 -0.977 -0.967]
 [-0.997 -1.003 -1.    -0.997 -0.978 -0.983]]
Nash policies:  [(array([0.422, 0.   , 0.578, 0.   , 0.   , 0.   ]), array([0.   , 0.   , 0.932, 0.068, 0.   , 0.   ]))]
Frame: 29000000, Avg. RL Loss: 0.020, Avg. Q value: 0.028, Avg. Length: 493.3, P0 Avg. Reward: 0.121, P1 Avg. Reward: -0.121
Q table: 
 [[1.147 1.145 1.151 1.136 1.188 1.15 ]
 [1.16  1.134 1.144 1.166 1.141 1.146]
 [1.138 1.146 1.152 1.144 1.166 1.15 ]
 [1.154 1.141 1.154 1.167 1.143 1.154]
 [1.193 1.155 1.158 1.16  1.159 1.154]
 [1.17  1.166 1.166 1.18  1.153 1.174]]
Nash policies:  [(array([0.229, 0.   , 0.   , 0.   , 0.   , 0.771]), array([0.   , 0.631, 0.   , 0.   , 0.369, 0.   ]))]
Frame: 29250000, Avg. RL Loss: 0.021, Avg. Q value: -0.010, Avg. Length: 482.3, P0 Avg. Reward: -0.025, P1 Avg. Reward: 0.025
Q table: 
 [[-1.193 -1.19  -1.21  -1.193 -1.203 -1.203]
 [-1.203 -1.21  -1.197 -1.213 -1.207 -1.175]
 [-1.19  -1.217 -1.207 -1.197 -1.182 -1.192]
 [-1.197 -1.207 -1.21  -1.2   -1.191 -1.204]
 [-1.223 -1.209 -1.205 -1.21  -1.21  -1.176]
 [-1.233 -1.211 -1.209 -1.199 -1.212 -1.196]]
Nash policies:  [(array([0.381, 0.49 , 0.129, 0.   , 0.   , 0.   ]), array([0.   , 0.003, 0.619, 0.378, 0.   , 0.   ]))]
Frame: 29500000, Avg. RL Loss: 0.024, Avg. Q value: 0.054, Avg. Length: 495.2, P0 Avg. Reward: -0.101, P1 Avg. Reward: 0.101
Q table: 
 [[0.867 0.866 0.869 0.87  0.873 0.849]
 [0.88  0.836 0.863 0.872 0.882 0.874]
 [0.857 0.872 0.854 0.865 0.858 0.863]
 [0.859 0.874 0.867 0.892 0.867 0.878]
 [0.864 0.904 0.871 0.885 0.859 0.87 ]
 [0.901 0.878 0.868 0.895 0.875 0.864]]
Nash policies:  [(array([0.   , 0.   , 0.   , 0.184, 0.296, 0.52 ]), array([0.   , 0.   , 0.687, 0.   , 0.176, 0.137]))]
Frame: 29750000, Avg. RL Loss: 0.024, Avg. Q value: 0.142, Avg. Length: 480.1, P0 Avg. Reward: -0.173, P1 Avg. Reward: 0.173
Q table: 
 [[1.918 1.919 1.941 1.905 1.936 1.894]
 [1.918 1.947 1.885 1.942 1.915 1.937]
 [1.897 1.942 1.944 1.944 1.921 1.924]
 [1.919 1.9   1.935 1.942 1.933 1.918]
 [1.919 1.952 1.956 1.958 1.972 1.94 ]
 [1.956 1.931 1.954 1.936 1.938 1.967]]
Nash policies:  [(array([0.  , 0.  , 0.  , 0.  , 0.43, 0.57]), array([0.372, 0.628, 0.   , 0.   , 0.   , 0.   ]))]
Frame: 30000000, Avg. RL Loss: 0.021, Avg. Q value: 0.055, Avg. Length: 492.4, P0 Avg. Reward: 0.071, P1 Avg. Reward: -0.071
Q table: 
 [[-0.851 -0.845 -0.853 -0.827 -0.857 -0.891]
 [-0.899 -0.852 -0.83  -0.86  -0.87  -0.878]
 [-0.852 -0.846 -0.842 -0.861 -0.85  -0.863]
 [-0.862 -0.819 -0.85  -0.847 -0.863 -0.861]
 [-0.864 -0.881 -0.862 -0.836 -0.864 -0.853]
 [-0.862 -0.845 -0.844 -0.851 -0.856 -0.863]]
Nash policies:  [(array([0.   , 0.   , 0.428, 0.117, 0.455, 0.   ]), array([0.317, 0.071, 0.   , 0.   , 0.   , 0.612]))]
Frame: 30250000, Avg. RL Loss: 0.021, Avg. Q value: -0.038, Avg. Length: 493.3, P0 Avg. Reward: 0.069, P1 Avg. Reward: -0.069
Q table: 
 [[-1.385 -1.396 -1.384 -1.378 -1.358 -1.376]
 [-1.375 -1.378 -1.362 -1.378 -1.355 -1.359]
 [-1.368 -1.382 -1.365 -1.376 -1.363 -1.353]
 [-1.358 -1.36  -1.372 -1.377 -1.368 -1.354]
 [-1.38  -1.405 -1.422 -1.364 -1.368 -1.365]
 [-1.365 -1.377 -1.384 -1.374 -1.376 -1.399]]
Nash policies:  [(array([0.   , 0.   , 0.441, 0.445, 0.115, 0.   ]), array([0.   , 0.074, 0.135, 0.791, 0.   , 0.   ]))]
Frame: 30500000, Avg. RL Loss: 0.023, Avg. Q value: 0.011, Avg. Length: 488.3, P0 Avg. Reward: 0.131, P1 Avg. Reward: -0.131
Q table: 
 [[-1.402 -1.351 -1.377 -1.393 -1.42  -1.424]
 [-1.407 -1.364 -1.374 -1.391 -1.413 -1.426]
 [-1.385 -1.391 -1.379 -1.392 -1.404 -1.417]
 [-1.393 -1.373 -1.398 -1.39  -1.41  -1.414]
 [-1.362 -1.36  -1.371 -1.392 -1.374 -1.386]
 [-1.397 -1.378 -1.384 -1.395 -1.408 -1.438]]
Nash policies:  [(array([0.   , 0.   , 0.   , 0.201, 0.799, 0.   ]), array([0.   , 0.   , 0.   , 0.934, 0.   , 0.066]))]
Frame: 30750000, Avg. RL Loss: 0.022, Avg. Q value: -0.105, Avg. Length: 487.7, P0 Avg. Reward: -0.107, P1 Avg. Reward: 0.107
Q table: 
 [[0.777 0.76  0.765 0.775 0.76  0.761]
 [0.768 0.768 0.755 0.78  0.767 0.772]
 [0.769 0.764 0.759 0.759 0.752 0.772]
 [0.776 0.759 0.738 0.759 0.761 0.756]
 [0.773 0.781 0.77  0.76  0.761 0.773]
 [0.775 0.736 0.757 0.78  0.752 0.748]]
Nash policies:  [(array([0.  , 0.43, 0.  , 0.  , 0.57, 0.  ]), array([0.   , 0.   , 0.302, 0.   , 0.698, 0.   ]))]
Frame: 31000000, Avg. RL Loss: 0.021, Avg. Q value: -0.045, Avg. Length: 482.8, P0 Avg. Reward: 0.070, P1 Avg. Reward: -0.070
Q table: 
 [[-0.945 -0.944 -0.933 -0.931 -0.933 -0.938]
 [-0.936 -0.931 -0.921 -0.977 -0.915 -0.956]
 [-0.945 -0.928 -0.929 -0.923 -0.932 -0.937]
 [-0.947 -0.937 -0.917 -0.934 -0.927 -0.942]
 [-0.967 -0.943 -0.936 -0.953 -0.932 -0.954]
 [-0.931 -0.929 -0.931 -0.94  -0.939 -0.934]]
Nash policies:  [(array([0.   , 0.019, 0.324, 0.   , 0.   , 0.657]), array([0.135, 0.   , 0.   , 0.   , 0.43 , 0.435]))]
Frame: 31250000, Avg. RL Loss: 0.021, Avg. Q value: -0.057, Avg. Length: 485.1, P0 Avg. Reward: -0.021, P1 Avg. Reward: 0.021
Q table: 
 [[-1.102 -1.113 -1.122 -1.117 -1.109 -1.108]
 [-1.107 -1.107 -1.1   -1.109 -1.091 -1.093]
 [-1.1   -1.116 -1.105 -1.097 -1.107 -1.108]
 [-1.118 -1.11  -1.108 -1.105 -1.094 -1.105]
 [-1.094 -1.111 -1.119 -1.094 -1.103 -1.119]
 [-1.107 -1.106 -1.129 -1.101 -1.119 -1.102]]
Nash policies:  [(array([0.   , 0.761, 0.   , 0.   , 0.017, 0.221]), array([0.264, 0.703, 0.033, 0.   , 0.   , 0.   ]))]
Frame: 31500000, Avg. RL Loss: 0.021, Avg. Q value: -0.024, Avg. Length: 481.6, P0 Avg. Reward: 0.100, P1 Avg. Reward: -0.100
Q table: 
 [[-1.878 -1.866 -1.859 -1.946 -1.919 -1.898]
 [-1.9   -1.898 -1.876 -1.903 -1.907 -1.903]
 [-1.886 -1.872 -1.911 -1.888 -1.917 -1.916]
 [-1.914 -1.872 -1.897 -1.917 -1.905 -1.884]
 [-1.907 -1.894 -1.912 -1.902 -1.909 -1.918]
 [-1.88  -1.87  -1.875 -1.918 -1.934 -1.912]]
Nash policies:  [(array([0.   , 0.719, 0.   , 0.281, 0.   , 0.   ]), array([0.   , 0.   , 0.   , 0.152, 0.848, 0.   ]))]
Frame: 31750000, Avg. RL Loss: 0.023, Avg. Q value: -0.129, Avg. Length: 478.6, P0 Avg. Reward: -0.104, P1 Avg. Reward: 0.104
Q table: 
 [[-1.188 -1.191 -1.197 -1.191 -1.197 -1.202]
 [-1.176 -1.2   -1.208 -1.194 -1.212 -1.22 ]
 [-1.174 -1.185 -1.191 -1.175 -1.207 -1.189]
 [-1.222 -1.217 -1.197 -1.181 -1.198 -1.201]
 [-1.178 -1.195 -1.201 -1.213 -1.191 -1.231]
 [-1.201 -1.19  -1.199 -1.196 -1.213 -1.208]]
Nash policies:  [(array([0.757, 0.   , 0.243, 0.   , 0.   , 0.   ]), array([0.   , 0.   , 0.   , 0.   , 0.566, 0.434]))]
Frame: 32000000, Avg. RL Loss: 0.026, Avg. Q value: -0.218, Avg. Length: 483.2, P0 Avg. Reward: -0.033, P1 Avg. Reward: 0.033
Q table: 
 [[0.993 1.003 0.992 0.99  0.99  0.99 ]
 [0.973 1.003 0.96  0.998 0.987 0.978]
 [0.999 0.983 0.988 0.991 0.996 0.985]
 [1.013 1.007 0.985 0.995 0.967 0.999]
 [0.995 0.993 0.999 0.988 0.985 0.981]
 [0.995 1.003 0.994 0.995 0.999 1.004]]
Nash policies:  [(array([0.   , 0.   , 0.   , 0.   , 0.072, 0.928]), array([0.   , 0.   , 0.559, 0.441, 0.   , 0.   ]))]
Frame: 32250000, Avg. RL Loss: 0.025, Avg. Q value: -0.238, Avg. Length: 482.8, P0 Avg. Reward: 0.012, P1 Avg. Reward: -0.012
Q table: 
 [[1.261 1.257 1.25  1.265 1.249 1.258]
 [1.232 1.245 1.264 1.257 1.252 1.268]
 [1.256 1.249 1.258 1.263 1.248 1.267]
 [1.27  1.275 1.261 1.264 1.253 1.253]
 [1.248 1.272 1.257 1.254 1.254 1.273]
 [1.272 1.255 1.272 1.274 1.268 1.237]]
Nash policies:  [(array([0.   , 0.   , 0.   , 0.086, 0.561, 0.352]), array([0.334, 0.   , 0.   , 0.   , 0.312, 0.354]))]
Frame: 32500000, Avg. RL Loss: 0.023, Avg. Q value: -0.173, Avg. Length: 488.7, P0 Avg. Reward: -0.049, P1 Avg. Reward: 0.049
Q table: 
 [[-1.76  -1.741 -1.691 -1.756 -1.779 -1.831]
 [-1.816 -1.745 -1.744 -1.764 -1.777 -1.838]
 [-1.811 -1.778 -1.709 -1.798 -1.818 -1.793]
 [-1.727 -1.743 -1.718 -1.768 -1.744 -1.822]
 [-1.789 -1.73  -1.694 -1.764 -1.776 -1.778]
 [-1.779 -1.76  -1.694 -1.767 -1.822 -1.805]]
Nash policies:  [(array([0.   , 0.   , 0.   , 0.104, 0.896, 0.   ]), array([0.415, 0.   , 0.   , 0.   , 0.   , 0.585]))]
Frame: 32750000, Avg. RL Loss: 0.022, Avg. Q value: -0.234, Avg. Length: 486.4, P0 Avg. Reward: -0.270, P1 Avg. Reward: 0.270
Q table: 
 [[-1.719 -1.682 -1.747 -1.726 -1.672 -1.71 ]
 [-1.699 -1.715 -1.714 -1.747 -1.726 -1.692]
 [-1.694 -1.705 -1.702 -1.682 -1.709 -1.709]
 [-1.71  -1.705 -1.743 -1.74  -1.686 -1.705]
 [-1.75  -1.723 -1.694 -1.702 -1.695 -1.675]
 [-1.706 -1.724 -1.712 -1.677 -1.714 -1.707]]
Nash policies:  [(array([0.093, 0.   , 0.797, 0.   , 0.111, 0.   ]), array([0.   , 0.523, 0.259, 0.   , 0.   , 0.218]))]
Frame: 33000000, Avg. RL Loss: 0.022, Avg. Q value: -0.115, Avg. Length: 492.6, P0 Avg. Reward: 0.099, P1 Avg. Reward: -0.099
Q table: 
 [[-1.145 -1.164 -1.148 -1.142 -1.139 -1.167]
 [-1.135 -1.159 -1.147 -1.143 -1.127 -1.145]
 [-1.151 -1.155 -1.154 -1.148 -1.13  -1.132]
 [-1.162 -1.157 -1.16  -1.136 -1.151 -1.129]
 [-1.143 -1.182 -1.154 -1.127 -1.127 -1.135]
 [-1.157 -1.156 -1.156 -1.145 -1.148 -1.132]]
Nash policies:  [(array([0., 0., 1., 0., 0., 0.]), array([0., 1., 0., 0., 0., 0.]))]
Frame: 33250000, Avg. RL Loss: 0.022, Avg. Q value: -0.170, Avg. Length: 490.3, P0 Avg. Reward: 0.112, P1 Avg. Reward: -0.112
Q table: 
 [[0.686 0.683 0.694 0.69  0.687 0.685]
 [0.701 0.686 0.693 0.691 0.688 0.691]
 [0.687 0.683 0.686 0.692 0.684 0.69 ]
 [0.694 0.696 0.689 0.699 0.695 0.683]
 [0.708 0.699 0.688 0.683 0.694 0.671]
 [0.687 0.708 0.691 0.694 0.702 0.693]]
Nash policies:  [(array([0.   , 0.615, 0.   , 0.   , 0.   , 0.385]), array([0.   , 0.   , 0.491, 0.   , 0.   , 0.509]))]
Frame: 33500000, Avg. RL Loss: 0.022, Avg. Q value: -0.152, Avg. Length: 495.2, P0 Avg. Reward: 0.152, P1 Avg. Reward: -0.152
Q table: 
 [[0.93  0.932 0.927 0.9   0.924 0.93 ]
 [0.925 0.912 0.907 0.893 0.925 0.919]
 [0.915 0.913 0.927 0.928 0.935 0.918]
 [0.935 0.924 0.929 0.936 0.94  0.92 ]
 [0.943 0.944 0.939 0.938 0.912 0.942]
 [0.94  0.939 0.936 0.946 0.942 0.918]]
Nash policies:  [(array([0.   , 0.   , 0.   , 0.597, 0.403, 0.   ]), array([0.   , 0.   , 0.   , 0.   , 0.433, 0.567]))]
Frame: 33750000, Avg. RL Loss: 0.024, Avg. Q value: -0.053, Avg. Length: 488.1, P0 Avg. Reward: 0.021, P1 Avg. Reward: -0.021
Q table: 
 [[-1.508 -1.548 -1.487 -1.526 -1.529 -1.525]
 [-1.571 -1.546 -1.543 -1.553 -1.546 -1.509]
 [-1.517 -1.556 -1.565 -1.575 -1.532 -1.551]
 [-1.549 -1.527 -1.555 -1.567 -1.566 -1.544]
 [-1.52  -1.537 -1.541 -1.531 -1.543 -1.524]
 [-1.535 -1.532 -1.546 -1.551 -1.551 -1.531]]
Nash policies:  [(array([0.232, 0.   , 0.   , 0.   , 0.768, 0.   ]), array([0.   , 0.575, 0.   , 0.   , 0.425, 0.   ]))]
Frame: 34000000, Avg. RL Loss: 0.020, Avg. Q value: 0.070, Avg. Length: 479.3, P0 Avg. Reward: 0.002, P1 Avg. Reward: -0.002
Q table: 
 [[-1.212 -1.28  -1.286 -1.269 -1.266 -1.269]
 [-1.245 -1.241 -1.239 -1.22  -1.23  -1.235]
 [-1.225 -1.236 -1.24  -1.231 -1.247 -1.221]
 [-1.229 -1.261 -1.264 -1.211 -1.24  -1.224]
 [-1.234 -1.224 -1.241 -1.24  -1.219 -1.253]
 [-1.248 -1.238 -1.232 -1.242 -1.238 -1.255]]
Nash policies:  [(array([0.   , 0.243, 0.363, 0.   , 0.097, 0.297]), array([0.115, 0.   , 0.602, 0.   , 0.174, 0.109]))]
Frame: 34250000, Avg. RL Loss: 0.021, Avg. Q value: 0.001, Avg. Length: 488.3, P0 Avg. Reward: 0.025, P1 Avg. Reward: -0.025
Q table: 
 [[1.847 1.799 1.853 1.818 1.843 1.775]
 [1.843 1.795 1.824 1.834 1.849 1.822]
 [1.877 1.811 1.858 1.827 1.862 1.839]
 [1.844 1.819 1.837 1.8   1.84  1.781]
 [1.897 1.799 1.84  1.795 1.85  1.793]
 [1.77  1.831 1.865 1.804 1.8   1.772]]
Nash policies:  [(array([0.   , 0.   , 0.674, 0.   , 0.   , 0.326]), array([0.   , 0.774, 0.   , 0.   , 0.   , 0.226]))]
Frame: 34500000, Avg. RL Loss: 0.020, Avg. Q value: -0.060, Avg. Length: 491.4, P0 Avg. Reward: -0.012, P1 Avg. Reward: 0.012
Q table: 
 [[-1.438 -1.423 -1.426 -1.428 -1.446 -1.475]
 [-1.435 -1.461 -1.429 -1.446 -1.446 -1.464]
 [-1.422 -1.458 -1.424 -1.459 -1.434 -1.45 ]
 [-1.434 -1.436 -1.439 -1.439 -1.473 -1.451]
 [-1.445 -1.413 -1.416 -1.448 -1.454 -1.429]
 [-1.445 -1.477 -1.438 -1.461 -1.432 -1.466]]
Nash policies:  [(array([0.239, 0.   , 0.29 , 0.   , 0.47 , 0.   ]), array([0.   , 0.   , 0.   , 0.337, 0.438, 0.225]))]
Frame: 34750000, Avg. RL Loss: 0.019, Avg. Q value: -0.075, Avg. Length: 483.1, P0 Avg. Reward: -0.033, P1 Avg. Reward: 0.033
Q table: 
 [[-1.276 -1.307 -1.304 -1.311 -1.294 -1.279]
 [-1.281 -1.314 -1.304 -1.296 -1.305 -1.284]
 [-1.286 -1.298 -1.289 -1.31  -1.259 -1.285]
 [-1.279 -1.298 -1.333 -1.298 -1.28  -1.322]
 [-1.305 -1.276 -1.311 -1.301 -1.297 -1.287]
 [-1.303 -1.296 -1.304 -1.301 -1.285 -1.285]]
Nash policies:  [(array([0.   , 0.495, 0.292, 0.   , 0.213, 0.   ]), array([0.   , 0.14 , 0.359, 0.501, 0.   , 0.   ]))]
Frame: 35000000, Avg. RL Loss: 0.019, Avg. Q value: -0.087, Avg. Length: 468.7, P0 Avg. Reward: 0.002, P1 Avg. Reward: -0.002
Q table: 
 [[-2.07  -1.988 -2.041 -2.089 -2.054 -2.075]
 [-2.086 -2.055 -2.062 -2.111 -2.074 -2.09 ]
 [-2.094 -2.078 -1.966 -2.102 -2.082 -2.097]
 [-2.126 -2.063 -2.066 -2.046 -2.038 -2.074]
 [-2.125 -2.017 -2.05  -2.104 -2.099 -2.078]
 [-2.09  -2.06  -2.062 -2.058 -2.059 -2.047]]
Nash policies:  [(array([0.634, 0.   , 0.   , 0.   , 0.   , 0.366]), array([0.618, 0.   , 0.   , 0.382, 0.   , 0.   ]))]
Frame: 35250000, Avg. RL Loss: 0.019, Avg. Q value: -0.063, Avg. Length: 483.5, P0 Avg. Reward: 0.052, P1 Avg. Reward: -0.052
Q table: 
 [[-1.74  -1.772 -1.729 -1.75  -1.748 -1.726]
 [-1.767 -1.812 -1.806 -1.821 -1.802 -1.796]
 [-1.88  -1.725 -1.781 -1.825 -1.737 -1.773]
 [-1.734 -1.749 -1.756 -1.814 -1.79  -1.753]
 [-1.765 -1.799 -1.752 -1.785 -1.759 -1.794]
 [-1.856 -1.771 -1.779 -1.807 -1.78  -1.747]]
Nash policies:  [(array([0.818, 0.   , 0.168, 0.013, 0.   , 0.   ]), array([0.092, 0.665, 0.   , 0.243, 0.   , 0.   ]))]
Frame: 35500000, Avg. RL Loss: 0.021, Avg. Q value: -0.044, Avg. Length: 487.0, P0 Avg. Reward: -0.031, P1 Avg. Reward: 0.031
Q table: 
 [[0.691 0.7   0.699 0.694 0.688 0.706]
 [0.714 0.706 0.7   0.697 0.712 0.705]
 [0.706 0.701 0.706 0.7   0.703 0.694]
 [0.7   0.701 0.69  0.695 0.698 0.707]
 [0.683 0.674 0.694 0.683 0.687 0.686]
 [0.683 0.698 0.703 0.709 0.699 0.676]]
Nash policies:  [(array([0.   , 0.806, 0.   , 0.   , 0.   , 0.194]), array([0.   , 0.   , 0.   , 0.702, 0.   , 0.298]))]
Frame: 35750000, Avg. RL Loss: 0.021, Avg. Q value: 0.005, Avg. Length: 499.3, P0 Avg. Reward: -0.020, P1 Avg. Reward: 0.020
Q table: 
 [[1.351 1.371 1.378 1.384 1.399 1.35 ]
 [1.362 1.374 1.35  1.369 1.381 1.375]
 [1.365 1.366 1.358 1.377 1.37  1.348]
 [1.378 1.349 1.39  1.375 1.372 1.369]
 [1.358 1.341 1.362 1.354 1.394 1.353]
 [1.351 1.353 1.34  1.37  1.373 1.322]]
Nash policies:  [(array([0.101, 0.578, 0.   , 0.322, 0.   , 0.   ]), array([0.324, 0.491, 0.185, 0.   , 0.   , 0.   ]))]
Frame: 36000000, Avg. RL Loss: 0.021, Avg. Q value: 0.021, Avg. Length: 484.2, P0 Avg. Reward: 0.006, P1 Avg. Reward: -0.006
Q table: 
 [[1.144 1.127 1.119 1.128 1.107 1.121]
 [1.114 1.118 1.117 1.12  1.114 1.115]
 [1.11  1.122 1.13  1.114 1.122 1.132]
 [1.117 1.125 1.126 1.113 1.122 1.12 ]
 [1.118 1.084 1.093 1.107 1.109 1.104]
 [1.136 1.122 1.102 1.071 1.128 1.099]]
Nash policies:  [(array([0.267, 0.   , 0.733, 0.   , 0.   , 0.   ]), array([0.  , 0.  , 0.  , 0.51, 0.49, 0.  ]))]
Frame: 36250000, Avg. RL Loss: 0.021, Avg. Q value: 0.021, Avg. Length: 484.0, P0 Avg. Reward: 0.008, P1 Avg. Reward: -0.008
Q table: 
 [[-0.894 -0.902 -0.899 -0.92  -0.907 -0.92 ]
 [-0.919 -0.877 -0.892 -0.912 -0.902 -0.9  ]
 [-0.914 -0.889 -0.883 -0.89  -0.894 -0.902]
 [-0.9   -0.891 -0.879 -0.891 -0.909 -0.911]
 [-0.903 -0.889 -0.897 -0.909 -0.889 -0.92 ]
 [-0.894 -0.904 -0.881 -0.905 -0.897 -0.92 ]]
Nash policies:  [(array([0.   , 0.   , 0.474, 0.526, 0.   , 0.   ]), array([0.393, 0.   , 0.   , 0.   , 0.   , 0.607]))]
Frame: 36500000, Avg. RL Loss: 0.020, Avg. Q value: -0.019, Avg. Length: 489.4, P0 Avg. Reward: 0.024, P1 Avg. Reward: -0.024
Q table: 
 [[-1.818 -1.877 -1.849 -1.852 -1.825 -1.823]
 [-1.805 -1.887 -1.862 -1.886 -1.809 -1.82 ]
 [-1.881 -1.89  -1.877 -1.89  -1.834 -1.865]
 [-1.941 -1.848 -1.881 -1.814 -1.839 -1.801]
 [-1.857 -1.877 -1.872 -1.89  -1.84  -1.835]
 [-1.809 -1.931 -1.931 -1.862 -1.84  -1.815]]
Nash policies:  [(array([0.61, 0.  , 0.  , 0.39, 0.  , 0.  ]), array([0.192, 0.808, 0.   , 0.   , 0.   , 0.   ]))]
Frame: 36750000, Avg. RL Loss: 0.021, Avg. Q value: -0.038, Avg. Length: 489.9, P0 Avg. Reward: -0.075, P1 Avg. Reward: 0.075
Q table: 
 [[1.087 1.081 1.09  1.081 1.08  1.073]
 [1.076 1.095 1.089 1.077 1.107 1.054]
 [1.085 1.107 1.079 1.082 1.093 1.055]
 [1.094 1.096 1.056 1.067 1.098 1.088]
 [1.082 1.074 1.068 1.087 1.083 1.081]
 [1.089 1.076 1.047 1.066 1.06  1.094]]
Nash policies:  [(array([0.671, 0.   , 0.   , 0.065, 0.097, 0.167]), array([0.   , 0.   , 0.256, 0.098, 0.031, 0.615]))]
Frame: 37000000, Avg. RL Loss: 0.020, Avg. Q value: -0.021, Avg. Length: 485.7, P0 Avg. Reward: -0.058, P1 Avg. Reward: 0.058
Q table: 
 [[0.715 0.731 0.733 0.738 0.762 0.744]
 [0.751 0.758 0.741 0.748 0.783 0.758]
 [0.74  0.751 0.76  0.754 0.753 0.751]
 [0.734 0.748 0.737 0.731 0.754 0.723]
 [0.744 0.711 0.727 0.712 0.728 0.728]
 [0.731 0.73  0.739 0.73  0.737 0.739]]
Nash policies:  [(array([0.   , 0.672, 0.328, 0.   , 0.   , 0.   ]), array([0.645, 0.   , 0.355, 0.   , 0.   , 0.   ]))]
Frame: 37250000, Avg. RL Loss: 0.021, Avg. Q value: 0.023, Avg. Length: 477.9, P0 Avg. Reward: -0.006, P1 Avg. Reward: 0.006
Q table: 
 [[0.971 0.996 0.977 0.974 0.988 0.973]
 [0.984 0.999 0.973 0.988 0.977 0.981]
 [0.971 0.971 0.978 0.968 0.958 0.969]
 [0.966 0.999 0.977 0.965 0.969 0.977]
 [0.98  0.944 0.997 0.964 0.942 0.957]
 [0.985 0.994 0.972 0.982 0.972 0.962]]
Nash policies:  [(array([0.279, 0.626, 0.   , 0.   , 0.095, 0.   ]), array([0.   , 0.   , 0.516, 0.   , 0.095, 0.389]))]
Frame: 37500000, Avg. RL Loss: 0.021, Avg. Q value: 0.059, Avg. Length: 483.8, P0 Avg. Reward: 0.167, P1 Avg. Reward: -0.167
Q table: 
 [[-0.682 -0.678 -0.677 -0.659 -0.694 -0.678]
 [-0.682 -0.661 -0.674 -0.676 -0.676 -0.684]
 [-0.671 -0.653 -0.655 -0.674 -0.666 -0.657]
 [-0.66  -0.658 -0.643 -0.658 -0.679 -0.662]
 [-0.661 -0.651 -0.637 -0.66  -0.674 -0.675]
 [-0.675 -0.654 -0.657 -0.673 -0.669 -0.672]]
Nash policies:  [(array([0.   , 0.   , 0.632, 0.   , 0.368, 0.   ]), array([0.   , 0.   , 0.   , 0.374, 0.626, 0.   ]))]
Frame: 37750000, Avg. RL Loss: 0.021, Avg. Q value: 0.025, Avg. Length: 485.0, P0 Avg. Reward: 0.010, P1 Avg. Reward: -0.010
Q table: 
 [[1.319 1.319 1.322 1.316 1.328 1.347]
 [1.343 1.32  1.33  1.322 1.336 1.336]
 [1.337 1.338 1.338 1.335 1.33  1.336]
 [1.303 1.359 1.314 1.325 1.321 1.306]
 [1.352 1.338 1.303 1.344 1.312 1.334]
 [1.312 1.292 1.286 1.322 1.296 1.336]]
Nash policies:  [(array([0.   , 0.271, 0.729, 0.   , 0.   , 0.   ]), array([0.   , 0.   , 0.   , 0.321, 0.679, 0.   ]))]
Frame: 38000000, Avg. RL Loss: 0.020, Avg. Q value: -0.064, Avg. Length: 478.3, P0 Avg. Reward: -0.229, P1 Avg. Reward: 0.229
Q table: 
 [[1.375 1.357 1.362 1.381 1.378 1.387]
 [1.375 1.388 1.375 1.371 1.362 1.382]
 [1.387 1.396 1.38  1.376 1.362 1.384]
 [1.377 1.442 1.413 1.389 1.368 1.374]
 [1.357 1.352 1.351 1.361 1.42  1.38 ]
 [1.363 1.373 1.377 1.374 1.392 1.384]]
Nash policies:  [(array([0.207, 0.   , 0.413, 0.195, 0.184, 0.   ]), array([0.492, 0.   , 0.009, 0.194, 0.306, 0.   ]))]
Frame: 38250000, Avg. RL Loss: 0.021, Avg. Q value: -0.073, Avg. Length: 475.5, P0 Avg. Reward: 0.156, P1 Avg. Reward: -0.156
Q table: 
 [[1.148 1.139 1.145 1.16  1.138 1.123]
 [1.118 1.164 1.144 1.156 1.144 1.132]
 [1.117 1.154 1.142 1.126 1.103 1.118]
 [1.146 1.162 1.139 1.149 1.191 1.159]
 [1.125 1.134 1.157 1.133 1.13  1.14 ]
 [1.146 1.153 1.145 1.164 1.158 1.139]]
Nash policies:  [(array([0.   , 0.   , 0.   , 0.259, 0.086, 0.656]), array([0.329, 0.   , 0.526, 0.   , 0.   , 0.145]))]
Frame: 38500000, Avg. RL Loss: 0.022, Avg. Q value: 0.013, Avg. Length: 487.6, P0 Avg. Reward: 0.095, P1 Avg. Reward: -0.095
Q table: 
 [[0.763 0.778 0.776 0.777 0.793 0.774]
 [0.78  0.777 0.778 0.779 0.768 0.784]
 [0.792 0.785 0.781 0.79  0.782 0.772]
 [0.759 0.785 0.75  0.78  0.746 0.777]
 [0.762 0.764 0.758 0.774 0.767 0.776]
 [0.76  0.751 0.785 0.763 0.756 0.763]]
Nash policies:  [(array([0.252, 0.468, 0.28 , 0.   , 0.   , 0.   ]), array([0.   , 0.   , 0.52 , 0.   , 0.166, 0.315]))]
Frame: 38750000, Avg. RL Loss: 0.022, Avg. Q value: -0.016, Avg. Length: 484.4, P0 Avg. Reward: -0.120, P1 Avg. Reward: 0.120
Q table: 
 [[1.208 1.253 1.209 1.216 1.213 1.212]
 [1.188 1.229 1.206 1.209 1.222 1.213]
 [1.22  1.226 1.208 1.204 1.204 1.233]
 [1.213 1.199 1.212 1.196 1.195 1.202]
 [1.187 1.218 1.203 1.217 1.182 1.228]
 [1.203 1.225 1.204 1.213 1.213 1.227]]
Nash policies:  [(array([0.773, 0.   , 0.052, 0.175, 0.   , 0.   ]), array([0.157, 0.   , 0.69 , 0.   , 0.153, 0.   ]))]
Frame: 39000000, Avg. RL Loss: 0.020, Avg. Q value: 0.010, Avg. Length: 491.1, P0 Avg. Reward: 0.036, P1 Avg. Reward: -0.036
Q table: 
 [[1.518 1.527 1.512 1.527 1.513 1.532]
 [1.524 1.544 1.528 1.523 1.52  1.513]
 [1.527 1.538 1.505 1.529 1.519 1.538]
 [1.525 1.505 1.544 1.506 1.514 1.477]
 [1.518 1.47  1.49  1.503 1.479 1.504]
 [1.502 1.501 1.536 1.504 1.48  1.524]]
Nash policies:  [(array([0.   , 0.724, 0.276, 0.   , 0.   , 0.   ]), array([0.   , 0.   , 0.   , 0.   , 0.951, 0.049]))]
Frame: 39250000, Avg. RL Loss: 0.021, Avg. Q value: 0.020, Avg. Length: 491.6, P0 Avg. Reward: -0.088, P1 Avg. Reward: 0.088
Q table: 
 [[1.24  1.242 1.252 1.232 1.231 1.223]
 [1.206 1.246 1.257 1.212 1.221 1.234]
 [1.228 1.275 1.253 1.239 1.229 1.213]
 [1.248 1.226 1.232 1.234 1.228 1.237]
 [1.24  1.257 1.235 1.231 1.219 1.257]
 [1.286 1.266 1.246 1.249 1.264 1.268]]
Nash policies:  [(array([0.   , 0.   , 0.187, 0.   , 0.   , 0.813]), array([0.   , 0.   , 0.576, 0.424, 0.   , 0.   ]))]
Frame: 39500000, Avg. RL Loss: 0.020, Avg. Q value: 0.001, Avg. Length: 484.5, P0 Avg. Reward: -0.033, P1 Avg. Reward: 0.033
Q table: 
 [[1.535 1.623 1.564 1.525 1.549 1.519]
 [1.545 1.575 1.532 1.536 1.516 1.542]
 [1.543 1.541 1.578 1.547 1.498 1.528]
 [1.525 1.57  1.55  1.533 1.519 1.525]
 [1.55  1.608 1.493 1.527 1.482 1.55 ]
 [1.572 1.515 1.474 1.505 1.492 1.509]]
Nash policies:  [(array([0.474, 0.491, 0.035, 0.   , 0.   , 0.   ]), array([0.   , 0.   , 0.   , 0.583, 0.286, 0.131]))]
Frame: 39750000, Avg. RL Loss: 0.019, Avg. Q value: -0.006, Avg. Length: 493.7, P0 Avg. Reward: -0.112, P1 Avg. Reward: 0.112
Q table: 
 [[0.781 0.768 0.78  0.766 0.771 0.761]
 [0.772 0.761 0.768 0.781 0.761 0.764]
 [0.781 0.766 0.777 0.768 0.765 0.76 ]
 [0.767 0.77  0.765 0.762 0.772 0.78 ]
 [0.77  0.797 0.771 0.75  0.772 0.773]
 [0.798 0.776 0.776 0.783 0.767 0.769]]
Nash policies:  [(array([0.363, 0.   , 0.   , 0.337, 0.   , 0.3  ]), array([0.  , 0.  , 0.  , 0.19, 0.8 , 0.01]))]
Frame: 40000000, Avg. RL Loss: 0.019, Avg. Q value: 0.004, Avg. Length: 485.6, P0 Avg. Reward: -0.000, P1 Avg. Reward: 0.000
Q table: 
 [[1.504 1.53  1.5   1.529 1.49  1.526]
 [1.507 1.516 1.523 1.495 1.517 1.529]
 [1.55  1.511 1.503 1.509 1.561 1.526]
 [1.577 1.527 1.524 1.529 1.515 1.528]
 [1.512 1.516 1.535 1.485 1.495 1.517]
 [1.578 1.502 1.513 1.497 1.505 1.515]]
Nash policies:  [(array([0.   , 0.   , 0.184, 0.711, 0.105, 0.   ]), array([0.   , 0.   , 0.657, 0.037, 0.305, 0.   ]))]
Frame: 40250000, Avg. RL Loss: 0.021, Avg. Q value: 0.018, Avg. Length: 482.6, P0 Avg. Reward: 0.070, P1 Avg. Reward: -0.070
Q table: 
 [[-1.439 -1.385 -1.387 -1.381 -1.39  -1.403]
 [-1.41  -1.399 -1.399 -1.368 -1.375 -1.341]
 [-1.371 -1.365 -1.386 -1.38  -1.39  -1.378]
 [-1.391 -1.385 -1.37  -1.392 -1.376 -1.382]
 [-1.384 -1.395 -1.38  -1.374 -1.385 -1.387]
 [-1.391 -1.38  -1.4   -1.38  -1.409 -1.389]]
Nash policies:  [(array([0.   , 0.   , 0.313, 0.398, 0.289, 0.   ]), array([0.31 , 0.   , 0.   , 0.148, 0.542, 0.   ]))]
Frame: 40500000, Avg. RL Loss: 0.020, Avg. Q value: 0.042, Avg. Length: 482.3, P0 Avg. Reward: -0.038, P1 Avg. Reward: 0.038