                          Options
                          seed: 1122
                          batch_size: 1024
                          no_cuda: False
                          max_frames: 500000000
                          buffer_size: 100000
                          update_target: 1000
                          train_freq: 100
                          gamma: 0.99
                          eta: 0.1
                          rl_start: 10000
                          sl_start: 1000
                          num_envs: 3
                          hidden_dim: 256
                          dueling: False
                          multi_step: 1
                          cce: False
                          env: pong_v1
                          ram: True
                          negative: False
                          against_baseline: False
                          load_model: None
                          save_model: model
                          evaluate: False
                          render: False
                          evaluation_interval: 50000
                          lr: 0.0001
                          max_tag_interval: 10000
                          eps_start: 1.0
                          eps_final: 0.01
                          eps_decay: 30000
                          cuda: True
                          device: cuda:0
[Box(0, 255, (128,), uint8), Box(0, 255, (128,), uint8), Box(0, 255, (128,), uint8)] [Discrete(18), Discrete(18), Discrete(18)]
(128,)
(128,)
Frame: 150000, Avg. RL Loss: 10.359, Avg. Q value: 320.563, Avg. Length: 3868.6, P0 Avg. Reward: -9.056, P1 Avg. Reward: 9.056
Q table: 
 [[522.161 520.925 522.725 ... 520.839 520.958 518.053]
 [517.949 517.422 521.435 ... 519.717 521.761 516.927]
 [518.668 520.624 521.994 ... 521.095 521.862 524.383]
 ...
 [521.273 520.625 519.002 ... 516.761 516.234 509.958]
 [514.863 521.414 524.785 ... 520.478 524.484 519.528]
 [513.255 517.326 513.728 ... 520.206 519.309 521.608]]
Nash policies:  [(array([0.496, 0.   , 0.081, 0.   , 0.   , 0.   , 0.   , 0.141, 0.037, 0.   , 0.   , 0.   , 0.   , 0.   , 0.108, 0.   , 0.138, 0.   ]), array([0.   , 0.134, 0.   , 0.157, 0.072, 0.   , 0.   , 0.   , 0.   , 0.   , 0.378, 0.   , 0.   , 0.172, 0.   , 0.   , 0.   , 0.088]))]
Frame: 300000, Avg. RL Loss: 3.339, Avg. Q value: 621.673, Avg. Length: 4373.8, P0 Avg. Reward: -7.583, P1 Avg. Reward: 7.583
Q table: 
 [[701.514 702.531 700.701 ... 703.561 701.637 698.701]
 [700.562 704.258 691.909 ... 701.238 704.835 703.258]
 [699.924 701.506 706.067 ... 702.557 700.042 704.964]
 ...
 [692.88  703.048 701.745 ... 704.558 696.634 706.372]
 [702.581 697.569 705.285 ... 698.797 695.828 702.801]
 [699.449 703.371 699.994 ... 702.606 701.792 703.176]]
Nash policies:  [(array([0.   , 0.016, 0.165, 0.   , 0.   , 0.117, 0.   , 0.125, 0.198, 0.   , 0.   , 0.07 , 0.03 , 0.111, 0.049, 0.   , 0.   , 0.118]), array([0.125, 0.   , 0.129, 0.119, 0.13 , 0.102, 0.038, 0.   , 0.008, 0.3  , 0.009, 0.   , 0.   , 0.   , 0.   , 0.   , 0.041, 0.   ]))]
Frame: 450000, Avg. RL Loss: 4.158, Avg. Q value: 942.403, Avg. Length: 4618.9, P0 Avg. Reward: -4.970, P1 Avg. Reward: 4.970
Q table: 
 [[1026.668 1022.508 1026.06  ... 1025.81  1024.457 1025.15 ]
 [1025.522 1021.772 1015.859 ... 1024.462 1019.921 1028.603]
 [1025.924 1022.423 1023.955 ... 1028.431 1022.018 1022.268]
 ...
 [1028.983 1024.8   1027.579 ... 1023.226 1022.627 1021.533]
 [1022.964 1025.627 1023.591 ... 1024.827 1020.023 1018.88 ]
 [1024.693 1030.402 1024.704 ... 1028.918 1017.925 1021.505]]
Nash policies:  [(array([0.   , 0.039, 0.457, 0.278, 0.   , 0.   , 0.01 , 0.   , 0.   , 0.   , 0.   , 0.113, 0.   , 0.   , 0.002, 0.06 , 0.   , 0.041]), array([0.   , 0.185, 0.042, 0.123, 0.   , 0.073, 0.   , 0.067, 0.   , 0.   , 0.   , 0.   , 0.   , 0.   , 0.341, 0.   , 0.101, 0.066]))]
Frame: 600000, Avg. RL Loss: 2.904, Avg. Q value: 1049.236, Avg. Length: 4857.2, P0 Avg. Reward: -1.600, P1 Avg. Reward: 1.600
Q table: 
 [[1079.181 1079.412 1077.889 ... 1078.716 1077.587 1076.631]
 [1076.332 1077.202 1073.572 ... 1072.502 1077.92  1072.831]
 [1078.567 1074.083 1076.65  ... 1076.485 1074.219 1078.995]
 ...
 [1074.004 1078.845 1075.659 ... 1078.502 1079.032 1074.242]
 [1073.089 1076.824 1077.034 ... 1079.773 1078.447 1078.332]
 [1077.688 1082.192 1087.849 ... 1081.776 1074.836 1064.942]]
Nash policies:  [(array([0.259, 0.177, 0.   , 0.039, 0.   , 0.   , 0.136, 0.018, 0.   , 0.101, 0.012, 0.   , 0.174, 0.   , 0.085, 0.   , 0.   , 0.   ]), array([0.   , 0.   , 0.   , 0.   , 0.061, 0.198, 0.   , 0.012, 0.   , 0.   , 0.   , 0.034, 0.042, 0.105, 0.227, 0.   , 0.124, 0.197]))]
Frame: 750000, Avg. RL Loss: 2.694, Avg. Q value: 1028.548, Avg. Length: 4394.6, P0 Avg. Reward: -2.030, P1 Avg. Reward: 2.030
Q table: 
 [[1033.923 1030.985 1033.808 ... 1032.129 1028.926 1034.204]
 [1034.793 1032.733 1033.591 ... 1031.766 1029.219 1033.071]
 [1032.239 1033.541 1031.94  ... 1029.261 1034.461 1033.461]
 ...
 [1034.55  1032.394 1032.918 ... 1033.213 1033.816 1030.761]
 [1033.45  1035.005 1032.343 ... 1033.452 1034.005 1034.451]
 [1032.298 1029.799 1031.71  ... 1034.881 1031.91  1033.391]]
Nash policies:  [(array([0.   , 0.   , 0.021, 0.   , 0.   , 0.086, 0.   , 0.   , 0.081, 0.   , 0.031, 0.   , 0.   , 0.115, 0.223, 0.   , 0.25 , 0.191]), array([0.   , 0.037, 0.   , 0.237, 0.   , 0.044, 0.   , 0.   , 0.104, 0.115, 0.   , 0.   , 0.   , 0.079, 0.   , 0.097, 0.288, 0.   ]))]
Frame: 900000, Avg. RL Loss: 2.625, Avg. Q value: 977.491, Avg. Length: 4426.7, P0 Avg. Reward: -0.444, P1 Avg. Reward: 0.444
Q table: 
 [[912.982 912.111 912.868 ... 915.46  914.057 911.851]
 [916.226 914.11  914.105 ... 912.266 912.039 916.5  ]
 [913.218 919.669 912.345 ... 914.698 913.955 915.025]
 ...
 [918.061 921.915 918.043 ... 916.912 915.477 913.772]
 [920.63  919.074 916.246 ... 917.316 912.411 914.155]
 [918.153 912.932 913.227 ... 911.672 913.125 911.903]]
Nash policies:  [(array([0.   , 0.   , 0.   , 0.   , 0.   , 0.094, 0.   , 0.   , 0.137, 0.078, 0.052, 0.178, 0.   , 0.227, 0.   , 0.234, 0.   , 0.   ]), array([0.   , 0.   , 0.052, 0.02 , 0.   , 0.   , 0.   , 0.   , 0.   , 0.   , 0.   , 0.24 , 0.   , 0.   , 0.269, 0.031, 0.322, 0.066]))]
Frame: 1050000, Avg. RL Loss: 2.745, Avg. Q value: 910.965, Avg. Length: 4142.8, P0 Avg. Reward: -1.364, P1 Avg. Reward: 1.364
Q table: 
 [[884.542 884.676 881.051 ... 884.043 886.103 886.395]
 [887.499 886.044 886.017 ... 886.619 884.817 888.315]
 [888.621 888.65  882.282 ... 882.42  887.993 882.227]
 ...
 [887.106 885.657 886.868 ... 886.173 883.694 885.908]
 [886.815 884.015 887.011 ... 889.414 885.673 884.141]
 [883.185 884.337 884.764 ... 887.92  886.553 884.77 ]]
Nash policies:  [(array([0.   , 0.   , 0.035, 0.006, 0.131, 0.   , 0.167, 0.   , 0.   , 0.   , 0.   , 0.161, 0.389, 0.   , 0.026, 0.039, 0.045, 0.   ]), array([0.   , 0.115, 0.209, 0.   , 0.   , 0.   , 0.056, 0.087, 0.   , 0.   , 0.076, 0.038, 0.069, 0.   , 0.174, 0.   , 0.176, 0.   ]))]
Frame: 1200000, Avg. RL Loss: 2.296, Avg. Q value: 838.976, Avg. Length: 4709.7, P0 Avg. Reward: 0.455, P1 Avg. Reward: -0.455
Q table: 
 [[789.693 782.323 789.592 ... 784.956 788.368 789.208]
 [792.015 788.073 795.835 ... 790.352 795.433 788.871]
 [788.258 791.677 792.157 ... 789.13  794.77  785.887]
 ...
 [794.218 788.572 791.453 ... 793.956 790.435 790.174]
 [791.604 793.625 791.056 ... 790.72  789.696 790.278]
 [790.001 791.651 793.315 ... 789.125 790.769 793.239]]
Nash policies:  [(array([0.   , 0.085, 0.   , 0.   , 0.097, 0.   , 0.   , 0.   , 0.   , 0.   , 0.058, 0.037, 0.135, 0.171, 0.248, 0.169, 0.   , 0.   ]), array([0.   , 0.07 , 0.   , 0.224, 0.1  , 0.091, 0.094, 0.   , 0.   , 0.   , 0.   , 0.087, 0.   , 0.   , 0.12 , 0.214, 0.   , 0.   ]))]
Frame: 1350000, Avg. RL Loss: 2.155, Avg. Q value: 711.656, Avg. Length: 4513.9, P0 Avg. Reward: -0.242, P1 Avg. Reward: 0.242
Q table: 
 [[650.406 650.894 650.401 ... 651.923 654.729 652.041]
 [654.189 656.4   649.853 ... 653.676 652.247 652.243]
 [653.698 653.672 654.079 ... 657.266 652.696 650.986]
 ...
 [650.798 651.606 653.365 ... 653.997 649.917 654.118]
 [651.874 656.208 653.037 ... 650.825 657.099 652.959]
 [653.823 654.663 654.629 ... 653.353 656.37  653.692]]
Nash policies:  [(array([0.   , 0.014, 0.127, 0.116, 0.   , 0.171, 0.   , 0.   , 0.046, 0.   , 0.244, 0.037, 0.   , 0.152, 0.017, 0.   , 0.076, 0.   ]), array([0.   , 0.   , 0.   , 0.019, 0.   , 0.173, 0.   , 0.   , 0.042, 0.028, 0.   , 0.105, 0.093, 0.196, 0.   , 0.059, 0.   , 0.286]))]
Frame: 1500000, Avg. RL Loss: 1.798, Avg. Q value: 512.714, Avg. Length: 4055.4, P0 Avg. Reward: 7.795, P1 Avg. Reward: -7.795
Q table: 
 [[386.312 387.493 386.118 ... 387.104 386.401 389.068]
 [388.475 387.424 385.842 ... 386.863 388.491 392.82 ]
 [387.244 386.922 386.029 ... 386.141 388.05  387.86 ]
 ...
 [387.256 384.444 387.704 ... 386.123 386.738 387.394]
 [387.918 387.664 387.147 ... 387.453 386.81  387.137]
 [386.907 388.452 386.572 ... 386.165 388.834 387.294]]
Nash policies:  [(array([0.   , 0.016, 0.073, 0.096, 0.   , 0.013, 0.261, 0.   , 0.   , 0.   , 0.   , 0.16 , 0.   , 0.012, 0.144, 0.014, 0.147, 0.064]), array([0.065, 0.129, 0.122, 0.055, 0.   , 0.193, 0.   , 0.003, 0.056, 0.225, 0.   , 0.105, 0.   , 0.017, 0.   , 0.   , 0.   , 0.03 ]))]
Frame: 1650000, Avg. RL Loss: 1.352, Avg. Q value: 328.467, Avg. Length: 3737.6, P0 Avg. Reward: 11.154, P1 Avg. Reward: -11.154
Q table: 
 [[269.816 269.492 270.049 ... 270.183 270.904 273.699]
 [269.738 270.34  271.68  ... 270.967 269.243 269.164]
 [269.186 271.128 268.394 ... 270.001 268.552 269.499]
 ...
 [267.802 269.831 268.531 ... 271.33  269.597 270.194]
 [269.792 270.278 271.103 ... 268.885 270.002 272.834]
 [270.546 270.438 270.411 ... 269.964 268.48  270.224]]
Nash policies:  [(array([0.   , 0.316, 0.   , 0.   , 0.   , 0.   , 0.   , 0.   , 0.   , 0.   , 0.127, 0.121, 0.154, 0.012, 0.   , 0.   , 0.161, 0.108]), array([0.178, 0.   , 0.   , 0.011, 0.17 , 0.   , 0.   , 0.282, 0.   , 0.086, 0.   , 0.   , 0.   , 0.   , 0.206, 0.   , 0.067, 0.   ]))]
Frame: 1800000, Avg. RL Loss: 1.062, Avg. Q value: 268.813, Avg. Length: 3228.9, P0 Avg. Reward: 10.600, P1 Avg. Reward: -10.600
Q table: 
 [[299.937 297.787 297.706 ... 298.424 297.436 301.88 ]
 [298.139 297.494 298.521 ... 298.541 296.891 296.973]
 [297.271 299.159 296.585 ... 296.924 295.07  295.621]
 ...
 [297.621 296.802 296.104 ... 297.957 297.605 297.207]
 [300.623 298.327 297.721 ... 297.56  296.739 304.489]
 [297.586 297.119 298.897 ... 298.58  297.693 297.173]]
Nash policies:  [(array([0.083, 0.225, 0.   , 0.   , 0.   , 0.   , 0.   , 0.289, 0.   , 0.   , 0.   , 0.   , 0.28 , 0.   , 0.   , 0.   , 0.   , 0.123]), array([0.   , 0.   , 0.116, 0.   , 0.   , 0.   , 0.   , 0.   , 0.069, 0.   , 0.   , 0.082, 0.   , 0.722, 0.011, 0.   , 0.   , 0.   ]))]
Frame: 1950000, Avg. RL Loss: 1.201, Avg. Q value: 321.120, Avg. Length: 3583.4, P0 Avg. Reward: 10.643, P1 Avg. Reward: -10.643
Q table: 
 [[340.569 340.237 338.97  ... 342.025 341.22  342.272]
 [340.403 338.694 340.334 ... 338.331 339.868 337.881]
 [339.217 339.491 339.478 ... 339.204 339.959 337.749]
 ...
 [341.748 339.967 341.108 ... 339.795 338.087 338.846]
 [344.857 338.627 338.385 ... 339.019 337.95  339.717]
 [340.033 339.45  339.909 ... 340.93  338.079 340.876]]
Nash policies:  [(array([0.154, 0.342, 0.   , 0.   , 0.   , 0.   , 0.   , 0.   , 0.084, 0.   , 0.   , 0.064, 0.   , 0.   , 0.   , 0.245, 0.   , 0.111]), array([0.   , 0.   , 0.   , 0.   , 0.067, 0.   , 0.   , 0.   , 0.172, 0.   , 0.   , 0.   , 0.   , 0.127, 0.217, 0.   , 0.237, 0.179]))]
Frame: 2100000, Avg. RL Loss: 1.608, Avg. Q value: 354.747, Avg. Length: 3764.2, P0 Avg. Reward: 3.024, P1 Avg. Reward: -3.024
Q table: 
 [[409.306 409.12  408.647 ... 410.457 411.991 417.512]
 [408.957 410.027 410.061 ... 408.16  410.787 409.325]
 [409.149 409.274 410.106 ... 409.779 410.165 410.29 ]
 ...
 [409.449 409.342 412.736 ... 409.111 411.789 411.133]
 [412.795 409.255 410.875 ... 410.709 411.187 412.6  ]
 [409.658 410.246 410.696 ... 409.629 411.051 412.607]]
Nash policies:  [(array([0.026, 0.   , 0.   , 0.   , 0.115, 0.041, 0.   , 0.   , 0.   , 0.   , 0.07 , 0.   , 0.275, 0.   , 0.   , 0.   , 0.112, 0.36 ]), array([0.038, 0.   , 0.067, 0.   , 0.067, 0.   , 0.   , 0.   , 0.253, 0.   , 0.   , 0.   , 0.06 , 0.116, 0.   , 0.399, 0.   , 0.   ]))]
Frame: 2250000, Avg. RL Loss: 2.108, Avg. Q value: 429.440, Avg. Length: 4491.6, P0 Avg. Reward: 2.061, P1 Avg. Reward: -2.061
Q table: 
 [[480.672 482.721 483.5   ... 480.25  480.965 486.795]
 [482.852 481.313 480.922 ... 480.342 482.591 481.921]
 [483.871 483.906 481.995 ... 483.191 478.658 481.15 ]
 ...
 [481.082 479.131 481.658 ... 478.927 483.552 483.355]
 [482.932 481.033 482.937 ... 481.095 482.725 485.052]
 [482.715 482.523 482.824 ... 481.091 480.125 480.491]]
Nash policies:  [(array([0.   , 0.   , 0.244, 0.   , 0.096, 0.   , 0.237, 0.038, 0.116, 0.196, 0.   , 0.   , 0.   , 0.   , 0.   , 0.   , 0.   , 0.073]), array([0.   , 0.353, 0.   , 0.   , 0.206, 0.046, 0.   , 0.   , 0.   , 0.   , 0.   , 0.   , 0.   , 0.109, 0.03 , 0.139, 0.117, 0.   ]))]
Frame: 2400000, Avg. RL Loss: 3.474, Avg. Q value: 566.542, Avg. Length: 5036.6, P0 Avg. Reward: -2.533, P1 Avg. Reward: 2.533
Q table: 
 [[629.888 628.887 630.901 ... 626.448 632.446 625.826]
 [626.358 631.33  626.543 ... 626.546 629.424 629.565]
 [627.799 626.371 625.566 ... 628.592 624.738 634.675]
 ...
 [626.699 630.045 629.285 ... 627.224 633.729 626.894]
 [633.712 624.061 624.972 ... 630.612 625.711 625.17 ]
 [632.729 632.351 628.779 ... 625.96  628.711 629.448]]
Nash policies:  [(array([0.   , 0.133, 0.   , 0.   , 0.008, 0.   , 0.144, 0.   , 0.087, 0.   , 0.08 , 0.   , 0.   , 0.   , 0.164, 0.004, 0.085, 0.294]), array([0.   , 0.186, 0.102, 0.182, 0.015, 0.022, 0.135, 0.   , 0.   , 0.   , 0.   , 0.065, 0.   , 0.036, 0.   , 0.258, 0.   , 0.   ]))]
Frame: 2550000, Avg. RL Loss: 5.826, Avg. Q value: 888.379, Avg. Length: 4542.1, P0 Avg. Reward: -1.067, P1 Avg. Reward: 1.067
Q table: 
 [[980.991 978.916 976.467 ... 980.06  978.281 965.261]
 [972.848 979.722 979.306 ... 986.375 976.095 985.195]
 [977.113 972.715 978.94  ... 979.362 978.481 979.61 ]
 ...
 [965.368 979.69  984.266 ... 977.991 981.319 982.84 ]
 [980.6   984.112 979.642 ... 977.893 977.364 979.128]
 [980.27  981.026 981.786 ... 985.917 977.841 990.489]]
Nash policies:  [(array([0.188, 0.   , 0.   , 0.   , 0.   , 0.   , 0.   , 0.   , 0.   , 0.   , 0.19 , 0.069, 0.083, 0.102, 0.039, 0.   , 0.066, 0.263]), array([0.   , 0.   , 0.172, 0.   , 0.199, 0.   , 0.   , 0.   , 0.05 , 0.   , 0.066, 0.   , 0.   , 0.   , 0.287, 0.191, 0.011, 0.024]))]
Frame: 2700000, Avg. RL Loss: 24.035, Avg. Q value: 1749.679, Avg. Length: 4515.2, P0 Avg. Reward: -3.361, P1 Avg. Reward: 3.361
Q table: 
 [[2396.752 2388.49  2392.771 ... 2389.838 2393.921 2409.768]
 [2359.909 2393.163 2397.768 ... 2390.454 2395.206 2414.172]
 [2427.128 2401.374 2402.042 ... 2388.886 2361.096 2363.062]
 ...
 [2391.271 2375.804 2356.937 ... 2392.779 2392.555 2372.037]
 [2401.295 2383.658 2386.757 ... 2365.169 2379.339 2373.253]
 [2385.195 2412.171 2372.317 ... 2364.896 2372.192 2386.95 ]]
Nash policies:  [(array([0.044, 0.202, 0.104, 0.   , 0.   , 0.   , 0.   , 0.   , 0.   , 0.257, 0.   , 0.   , 0.334, 0.   , 0.059, 0.   , 0.   , 0.   ]), array([0.14 , 0.   , 0.   , 0.   , 0.   , 0.   , 0.206, 0.   , 0.   , 0.   , 0.   , 0.   , 0.142, 0.   , 0.275, 0.025, 0.212, 0.   ]))]
Frame: 2850000, Avg. RL Loss: 105.285, Avg. Q value: 6105.247, Avg. Length: 4583.6, P0 Avg. Reward: -0.818, P1 Avg. Reward: 0.818
Q table: 
 [[10586.124 10527.699 10624.836 ... 10502.18  10539.098 10565.723]
 [10368.258 10468.793 10515.468 ... 10591.828 10405.777 10543.173]
 [10631.025 10529.072 10608.144 ... 10657.38  10572.888 10530.061]
 ...
 [10546.978 10456.73  10560.755 ... 10393.453 10491.16  10515.54 ]
 [10669.32  10479.565 10418.648 ... 10554.504 10431.783 10220.066]
 [10542.729 10433.545 10476.165 ... 10306.924 10316.426 10567.138]]
Nash policies:  [(array([0.   , 0.   , 0.   , 0.   , 0.186, 0.076, 0.239, 0.407, 0.   , 0.092, 0.   , 0.   , 0.   , 0.   , 0.   , 0.   , 0.   , 0.   ]), array([0.   , 0.   , 0.   , 0.008, 0.   , 0.   , 0.   , 0.   , 0.   , 0.   , 0.   , 0.361, 0.157, 0.   , 0.101, 0.   , 0.   , 0.373]))]
Frame: 3000000, Avg. RL Loss: 41.638, Avg. Q value: 12004.198, Avg. Length: 5360.9, P0 Avg. Reward: 10.148, P1 Avg. Reward: -10.148
Q table: 
 [[11937.484 11972.816 11946.389 ... 11950.337 11956.731 11955.792]
 [11990.132 11924.654 11939.45  ... 11960.827 11889.984 11943.954]
 [11948.775 11953.66  11958.495 ... 11950.467 11967.98  11965.113]
 ...
 [11913.819 11981.874 11889.176 ... 11966.451 11940.262 11905.424]
 [11885.227 11961.512 11995.944 ... 11942.168 11939.01  11884.496]
 [11947.988 11837.6   11790.475 ... 11973.803 11894.65  12037.337]]
Nash policies:  [(array([0.232, 0.045, 0.04 , 0.108, 0.17 , 0.048, 0.   , 0.008, 0.188, 0.161, 0.   , 0.   , 0.   , 0.   , 0.   , 0.   , 0.   , 0.   ]), array([0.088, 0.021, 0.   , 0.   , 0.   , 0.   , 0.   , 0.113, 0.   , 0.   , 0.059, 0.   , 0.018, 0.   , 0.308, 0.021, 0.108, 0.264]))]
Frame: 3150000, Avg. RL Loss: 69.447, Avg. Q value: 14071.129, Avg. Length: 5763.9, P0 Avg. Reward: 12.333, P1 Avg. Reward: -12.333
Q table: 
 [[16698.467 16695.266 16632.63  ... 16559.863 16647.154 16581.752]
 [16558.863 16438.043 16465.412 ... 16681.932 16396.53  16393.6  ]
 [16693.604 16665.348 16568.959 ... 16593.635 16617.896 16639.332]
 ...
 [16359.08  16394.691 16450.402 ... 16392.69  16539.457 16575.027]
 [16600.543 16528.53  16418.588 ... 16649.209 16346.159 16927.16 ]
 [16621.117 16729.115 16598.75  ... 16368.189 16589.24  16256.969]]
Nash policies:  [(array([0.028, 0.   , 0.045, 0.066, 0.17 , 0.   , 0.289, 0.229, 0.   , 0.173, 0.   , 0.   , 0.   , 0.   , 0.   , 0.   , 0.   , 0.   ]), array([0.   , 0.022, 0.273, 0.   , 0.147, 0.247, 0.   , 0.117, 0.   , 0.   , 0.   , 0.   , 0.   , 0.   , 0.   , 0.   , 0.123, 0.071]))]
Frame: 3300000, Avg. RL Loss: 86.467, Avg. Q value: 19330.424, Avg. Length: 5375.7, P0 Avg. Reward: 13.296, P1 Avg. Reward: -13.296
Q table: 
 [[20210.336 20192.875 20168.514 ... 20167.719 20164.172 20214.707]
 [20267.27  20169.518 20073.23  ... 20024.898 19924.656 19738.504]
 [20174.207 20139.416 20196.393 ... 20130.75  20131.777 20120.184]
 ...
 [19903.152 20003.748 20195.137 ... 20133.89  19983.598 19825.432]
 [19947.936 20037.285 20009.336 ... 19882.533 20073.191 19966.572]
 [19582.41  19868.621 20177.902 ... 19567.693 19962.484 19900.385]]
Nash policies:  [(array([0.291, 0.   , 0.008, 0.059, 0.165, 0.   , 0.   , 0.   , 0.254, 0.223, 0.   , 0.   , 0.   , 0.   , 0.   , 0.   , 0.   , 0.   ]), array([0.   , 0.   , 0.169, 0.   , 0.   , 0.   , 0.   , 0.   , 0.186, 0.044, 0.   , 0.336, 0.   , 0.   , 0.   , 0.   , 0.266, 0.   ]))]
Frame: 3450000, Avg. RL Loss: 155.023, Avg. Q value: 26081.701, Avg. Length: 6152.0, P0 Avg. Reward: 12.792, P1 Avg. Reward: -12.792
Q table: 
 [[32659.26  32634.865 32583.582 ... 32654.918 32603.406 32587.258]
 [31804.389 32242.27  31911.008 ... 32265.541 32394.861 32149.7  ]
 [32513.2   32525.828 32633.941 ... 32593.943 32573.152 32561.826]
 ...
 [32165.39  32892.176 31498.156 ... 32231.629 30525.387 32730.36 ]
 [32496.203 31955.068 31835.299 ... 32092.99  31382.164 31030.414]
 [31763.225 31652.074 32012.457 ... 32026.55  31922.857 32503.994]]
Nash policies:  [(array([0.254, 0.   , 0.   , 0.   , 0.249, 0.   , 0.062, 0.   , 0.28 , 0.155, 0.   , 0.   , 0.   , 0.   , 0.   , 0.   , 0.   , 0.   ]), array([0.3  , 0.   , 0.266, 0.   , 0.   , 0.   , 0.   , 0.   , 0.   , 0.   , 0.   , 0.089, 0.211, 0.   , 0.   , 0.   , 0.   , 0.134]))]
Frame: 3600000, Avg. RL Loss: 157.016, Avg. Q value: 35724.120, Avg. Length: 6223.2, P0 Avg. Reward: 14.542, P1 Avg. Reward: -14.542
Q table: 
 [[40351.977 40337.562 40259.84  ... 40305.754 40346.723 40352.78 ]
 [39987.5   39281.12  40577.496 ... 39632.156 39933.367 40321.117]
 [40385.56  40283.9   40410.812 ... 40357.344 40362.695 40362.707]
 ...
 [39414.65  38613.652 39692.03  ... 38877.58  37726.68  39802.78 ]
 [40159.535 39861.527 38969.527 ... 40247.18  40877.418 40129.98 ]
 [40332.16  39937.938 39500.953 ... 38536.59  40110.344 39213.375]]
Nash policies:  [(array([0.   , 0.   , 0.073, 0.   , 0.   , 0.155, 0.408, 0.247, 0.   , 0.117, 0.   , 0.   , 0.   , 0.   , 0.   , 0.   , 0.   , 0.   ]), array([0.   , 0.   , 0.   , 0.   , 0.   , 0.   , 0.   , 0.   , 0.084, 0.   , 0.034, 0.146, 0.   , 0.488, 0.   , 0.248, 0.   , 0.   ]))]
Frame: 3750000, Avg. RL Loss: 173.670, Avg. Q value: 47459.220, Avg. Length: 7288.6, P0 Avg. Reward: 10.476, P1 Avg. Reward: -10.476
Q table: 
 [[51301.64  51469.426 51515.883 ... 51523.523 51290.004 51382.355]
 [50379.258 50873.543 50545.195 ... 48310.57  51190.395 51110.97 ]
 [51569.68  51487.29  51427.617 ... 51451.535 51409.188 51790.11 ]
 ...
 [51223.523 51616.816 51129.438 ... 50679.39  51378.625 50203.3  ]
 [50733.9   50607.883 50870.62  ... 51428.145 50950.285 50886.387]
 [50590.734 50842.285 48804.418 ... 50583.203 51065.805 50936.906]]
Nash policies:  [(array([0.039, 0.   , 0.117, 0.   , 0.   , 0.   , 0.067, 0.323, 0.135, 0.319, 0.   , 0.   , 0.   , 0.   , 0.   , 0.   , 0.   , 0.   ]), array([0.   , 0.   , 0.   , 0.   , 0.   , 0.   , 0.   , 0.181, 0.   , 0.   , 0.122, 0.   , 0.098, 0.   , 0.343, 0.141, 0.114, 0.   ]))]
Frame: 3900000, Avg. RL Loss: 300.871, Avg. Q value: 58861.348, Avg. Length: 6047.5, P0 Avg. Reward: 8.250, P1 Avg. Reward: -8.250
Q table: 
 [[72278.33  72162.38  72252.74  ... 72792.68  72678.84  72849.91 ]
 [69948.62  71444.41  67745.336 ... 70579.38  70646.6   70107.28 ]
 [73035.08  72300.805 72394.    ... 72424.47  72455.93  72649.95 ]
 ...
 [71402.6   71316.9   71249.47  ... 71168.39  68545.59  69327.71 ]
 [71806.625 69587.3   68447.33  ... 69559.305 71680.445 70454.766]
 [70632.21  68231.26  71398.89  ... 69442.42  71239.766 70248.234]]
Nash policies:  [(array([0.   , 0.   , 0.17 , 0.09 , 0.377, 0.   , 0.101, 0.262, 0.   , 0.   , 0.   , 0.   , 0.   , 0.   , 0.   , 0.   , 0.   , 0.   ]), array([0.   , 0.238, 0.   , 0.   , 0.   , 0.   , 0.   , 0.071, 0.028, 0.   , 0.182, 0.   , 0.   , 0.   , 0.48 , 0.   , 0.   , 0.   ]))]
Frame: 4050000, Avg. RL Loss: 410.614, Avg. Q value: 86452.493, Avg. Length: 6611.8, P0 Avg. Reward: 11.042, P1 Avg. Reward: -11.042
Q table: 
 [[102401.61  101957.25  102182.61  ... 101860.484 101866.82  101815.28 ]
 [ 93666.84   98800.76  102433.86  ... 100662.234  99791.516 100183.445]
 [102458.14  102065.016 102469.305 ... 102356.2   101321.64  102092.13 ]
 ...
 [ 99867.97   99099.43   99838.59  ...  96763.734  97449.734  97584.05 ]
 [102578.95  102457.805  99792.89  ... 100621.44  100221.22   99848.65 ]
 [ 96739.08  100758.89   98060.766 ... 100853.63   96310.86  100006.42 ]]
Nash policies:  [(array([0.164, 0.   , 0.   , 0.067, 0.182, 0.212, 0.11 , 0.251, 0.   , 0.015, 0.   , 0.   , 0.   , 0.   , 0.   , 0.   , 0.   , 0.   ]), array([0.   , 0.   , 0.   , 0.   , 0.223, 0.273, 0.   , 0.   , 0.179, 0.   , 0.068, 0.   , 0.078, 0.152, 0.   , 0.   , 0.026, 0.   ]))]
Frame: 4200000, Avg. RL Loss: 759.541, Avg. Q value: 136579.334, Avg. Length: 6292.9, P0 Avg. Reward: 10.833, P1 Avg. Reward: -10.833
Q table: 
 [[162386.48 162253.23 162600.94 ... 162348.38 162302.4  162726.6 ]
 [146589.08 159997.53 160174.94 ... 154587.3  157705.72 159444.72]
 [162441.08 162562.78 162304.62 ... 162520.17 162412.52 162290.52]
 ...
 [155170.58 152478.25 159561.39 ... 156906.12 159657.78 155854.55]
 [162924.33 157033.08 160369.7  ... 156669.48 155726.84 160142.06]
 [161322.7  160596.92 159832.53 ... 161307.12 161862.28 159217.11]]
Nash policies:  [(array([0.161, 0.   , 0.231, 0.   , 0.195, 0.121, 0.058, 0.194, 0.007, 0.033, 0.   , 0.   , 0.   , 0.   , 0.   , 0.   , 0.   , 0.   ]), array([0.   , 0.152, 0.   , 0.202, 0.258, 0.   , 0.082, 0.   , 0.057, 0.   , 0.124, 0.   , 0.009, 0.   , 0.116, 0.   , 0.   , 0.   ]))]
Frame: 4350000, Avg. RL Loss: 497.858, Avg. Q value: 172590.059, Avg. Length: 7019.7, P0 Avg. Reward: 13.238, P1 Avg. Reward: -13.238
Q table: 
 [[180226.89 180365.62 180401.94 ... 180410.88 180350.2  180341.97]
 [178240.27 177414.34 177587.22 ... 176210.7  177929.62 179134.67]
 [180492.47 180476.97 180328.28 ... 180544.25 180442.05 180392.97]
 ...
 [175479.34 179116.11 179062.75 ... 177811.12 176242.34 175692.  ]
 [173000.19 176992.48 179411.92 ... 176813.81 177525.94 175426.34]
 [174808.22 175304.12 179147.66 ... 176929.44 179875.11 177602.73]]
Nash policies:  [(array([0.055, 0.   , 0.124, 0.   , 0.003, 0.   , 0.161, 0.128, 0.351, 0.177, 0.   , 0.   , 0.   , 0.   , 0.   , 0.   , 0.   , 0.   ]), array([0.047, 0.   , 0.   , 0.   , 0.   , 0.203, 0.   , 0.   , 0.   , 0.13 , 0.11 , 0.   , 0.   , 0.229, 0.   , 0.04 , 0.   , 0.24 ]))]
Frame: 4500000, Avg. RL Loss: 482.899, Avg. Q value: 188056.929, Avg. Length: 5917.2, P0 Avg. Reward: 7.958, P1 Avg. Reward: -7.958
Q table: 
 [[184836.25 184598.4  184786.92 ... 184997.44 184657.   184783.98]
 [183391.27 182053.44 185580.66 ... 179940.5  182149.98 182106.95]
 [184905.61 184757.45 184717.66 ... 184592.77 184833.47 184462.22]
 ...
 [179221.77 183117.25 181075.19 ... 182446.34 180161.89 182100.66]
 [179825.5  180862.86 180991.06 ... 182343.69 180651.5  183453.5 ]
 [182887.66 183592.39 182047.88 ... 185583.55 184841.06 182014.03]]
Nash policies:  [(array([0.144, 0.   , 0.247, 0.   , 0.297, 0.   , 0.   , 0.087, 0.079, 0.147, 0.   , 0.   , 0.   , 0.   , 0.   , 0.   , 0.   , 0.   ]), array([0.   , 0.   , 0.   , 0.   , 0.17 , 0.045, 0.151, 0.   , 0.058, 0.   , 0.   , 0.   , 0.   , 0.   , 0.   , 0.   , 0.465, 0.112]))]
Frame: 4650000, Avg. RL Loss: 374.424, Avg. Q value: 183952.405, Avg. Length: 6970.6, P0 Avg. Reward: 14.810, P1 Avg. Reward: -14.810
Q table: 
 [[178847.78 178674.47 178864.86 ... 177930.6  178781.81 178944.56]
 [177525.56 175420.67 178211.89 ... 175558.4  175859.44 174397.33]
 [178865.02 178454.94 178835.11 ... 178461.4  178853.66 178645.84]
 ...
 [179326.47 178458.67 174805.72 ... 177194.77 176168.11 177016.86]
 [173994.61 177693.88 179099.05 ... 177714.62 178696.12 176126.58]
 [174265.02 176723.58 173780.78 ... 176149.39 175671.8  177167.36]]
Nash policies:  [(array([0.034, 0.   , 0.022, 0.097, 0.21 , 0.208, 0.   , 0.   , 0.001, 0.428, 0.   , 0.   , 0.   , 0.   , 0.   , 0.   , 0.   , 0.   ]), array([0.   , 0.358, 0.   , 0.093, 0.097, 0.   , 0.   , 0.   , 0.   , 0.   , 0.   , 0.   , 0.023, 0.277, 0.   , 0.016, 0.137, 0.   ]))]