                          Options
                          seed: 1122
                          batch_size: 128
                          no_cuda: False
                          max_frames: 20000000
                          buffer_size: 100000
                          update_target: 1000
                          train_freq: 1
                          gamma: 0.99
                          eta: 0.1
                          rl_start: 10000
                          sl_start: 1000
                          num_envs: 5
                          hidden_dim: 256
                          dueling: False
                          multi_step: 1
                          env: SlimeVolley-v0
                          ram: False
                          negative: False
                          against_baseline: True
                          load_model: None
                          save_model: model
                          evaluate: False
                          render: False
                          evaluation_interval: 10000
                          lr: 0.0001
                          max_tag_interval: 1000
                          eps_start: 1.0
                          eps_final: 0.01
                          eps_decay: 30000
                          cuda: True
                          device: cuda:0
[Box(-3.4028234663852886e+38, 3.4028234663852886e+38, (12,), float32), Box(-3.4028234663852886e+38, 3.4028234663852886e+38, (12,), float32), Box(-3.4028234663852886e+38, 3.4028234663852886e+38, (12,), float32), Box(-3.4028234663852886e+38, 3.4028234663852886e+38, (12,), float32), Box(-3.4028234663852886e+38, 3.4028234663852886e+38, (12,), float32)] [Discrete(6), Discrete(6), Discrete(6), Discrete(6), Discrete(6)]
Frame: 50000, Avg. Reward: -5.585, Avg. RL Loss: 0.004, Avg. Length: 746.3
Frame: 100000, Avg. Reward: -5.908, Avg. RL Loss: 0.004, Avg. Length: 768.0
Frame: 150000, Avg. Reward: -5.743, Avg. RL Loss: 0.004, Avg. Length: 722.7
Frame: 200000, Avg. Reward: -5.771, Avg. RL Loss: 0.004, Avg. Length: 713.1
Frame: 250000, Avg. Reward: -5.557, Avg. RL Loss: 0.004, Avg. Length: 691.5
Frame: 300000, Avg. Reward: -5.629, Avg. RL Loss: 0.004, Avg. Length: 710.6
Frame: 350000, Avg. Reward: -5.877, Avg. RL Loss: 0.004, Avg. Length: 770.5
Frame: 400000, Avg. Reward: -6.092, Avg. RL Loss: 0.004, Avg. Length: 768.2
Frame: 450000, Avg. Reward: -5.723, Avg. RL Loss: 0.004, Avg. Length: 764.5
Frame: 500000, Avg. Reward: -5.800, Avg. RL Loss: 0.004, Avg. Length: 713.9
Frame: 550000, Avg. Reward: -5.686, Avg. RL Loss: 0.004, Avg. Length: 683.2
Frame: 600000, Avg. Reward: -5.529, Avg. RL Loss: 0.004, Avg. Length: 691.0
Frame: 650000, Avg. Reward: -5.714, Avg. RL Loss: 0.004, Avg. Length: 733.9
Frame: 700000, Avg. Reward: -5.743, Avg. RL Loss: 0.004, Avg. Length: 716.6
Frame: 750000, Avg. Reward: -5.700, Avg. RL Loss: 0.004, Avg. Length: 736.6
Frame: 800000, Avg. Reward: -5.708, Avg. RL Loss: 0.004, Avg. Length: 705.0
Frame: 850000, Avg. Reward: -5.729, Avg. RL Loss: 0.004, Avg. Length: 726.6
Frame: 900000, Avg. Reward: -6.062, Avg. RL Loss: 0.004, Avg. Length: 758.9
Frame: 950000, Avg. Reward: -6.100, Avg. RL Loss: 0.004, Avg. Length: 822.4
Frame: 1000000, Avg. Reward: -5.786, Avg. RL Loss: 0.004, Avg. Length: 758.8
Frame: 1050000, Avg. Reward: -5.692, Avg. RL Loss: 0.004, Avg. Length: 726.8
Frame: 1100000, Avg. Reward: -5.831, Avg. RL Loss: 0.004, Avg. Length: 742.5
Frame: 1150000, Avg. Reward: -5.671, Avg. RL Loss: 0.004, Avg. Length: 722.0
Frame: 1200000, Avg. Reward: -5.529, Avg. RL Loss: 0.004, Avg. Length: 714.5
Frame: 1250000, Avg. Reward: -5.754, Avg. RL Loss: 0.004, Avg. Length: 725.0
Frame: 1300000, Avg. Reward: -5.846, Avg. RL Loss: 0.004, Avg. Length: 786.9
Frame: 1350000, Avg. Reward: -5.714, Avg. RL Loss: 0.004, Avg. Length: 690.5
Frame: 1400000, Avg. Reward: -5.815, Avg. RL Loss: 0.004, Avg. Length: 762.5
Frame: 1450000, Avg. Reward: -5.643, Avg. RL Loss: 0.004, Avg. Length: 691.1
Frame: 1500000, Avg. Reward: -5.653, Avg. RL Loss: 0.004, Avg. Length: 710.1
Frame: 1550000, Avg. Reward: -5.831, Avg. RL Loss: 0.004, Avg. Length: 747.3
Frame: 1600000, Avg. Reward: -5.785, Avg. RL Loss: 0.004, Avg. Length: 741.8
Frame: 1650000, Avg. Reward: -5.443, Avg. RL Loss: 0.004, Avg. Length: 699.6
Frame: 1700000, Avg. Reward: -5.700, Avg. RL Loss: 0.004, Avg. Length: 731.4
Frame: 1750000, Avg. Reward: -5.800, Avg. RL Loss: 0.004, Avg. Length: 740.5
Frame: 1800000, Avg. Reward: -5.877, Avg. RL Loss: 0.004, Avg. Length: 741.7
Frame: 1850000, Avg. Reward: -5.643, Avg. RL Loss: 0.004, Avg. Length: 701.0
Frame: 1900000, Avg. Reward: -5.720, Avg. RL Loss: 0.004, Avg. Length: 700.9
Frame: 1950000, Avg. Reward: -5.833, Avg. RL Loss: 0.004, Avg. Length: 791.3
Frame: 2000000, Avg. Reward: -5.729, Avg. RL Loss: 0.004, Avg. Length: 730.9
Frame: 2050000, Avg. Reward: -5.677, Avg. RL Loss: 0.004, Avg. Length: 757.0
Frame: 2100000, Avg. Reward: -5.600, Avg. RL Loss: 0.004, Avg. Length: 709.6
Frame: 2150000, Avg. Reward: -5.877, Avg. RL Loss: 0.004, Avg. Length: 722.5
Frame: 2200000, Avg. Reward: -5.729, Avg. RL Loss: 0.004, Avg. Length: 707.9
Frame: 2250000, Avg. Reward: -5.573, Avg. RL Loss: 0.004, Avg. Length: 685.2
Frame: 2300000, Avg. Reward: -5.613, Avg. RL Loss: 0.004, Avg. Length: 676.3
Frame: 2350000, Avg. Reward: -5.814, Avg. RL Loss: 0.004, Avg. Length: 696.5
Frame: 2400000, Avg. Reward: -5.786, Avg. RL Loss: 0.004, Avg. Length: 722.6
Frame: 2450000, Avg. Reward: -5.857, Avg. RL Loss: 0.004, Avg. Length: 713.9
Frame: 2500000, Avg. Reward: -5.480, Avg. RL Loss: 0.004, Avg. Length: 673.9
Frame: 2550000, Avg. Reward: -5.507, Avg. RL Loss: 0.004, Avg. Length: 691.5
Frame: 2600000, Avg. Reward: -5.800, Avg. RL Loss: 0.004, Avg. Length: 734.2
Frame: 2650000, Avg. Reward: -6.031, Avg. RL Loss: 0.004, Avg. Length: 783.8
Frame: 2700000, Avg. Reward: -5.657, Avg. RL Loss: 0.004, Avg. Length: 703.0
Frame: 2750000, Avg. Reward: -5.667, Avg. RL Loss: 0.004, Avg. Length: 688.7
Frame: 2800000, Avg. Reward: -5.643, Avg. RL Loss: 0.004, Avg. Length: 690.7
Frame: 2850000, Avg. Reward: -5.757, Avg. RL Loss: 0.004, Avg. Length: 725.7
Frame: 2900000, Avg. Reward: -5.646, Avg. RL Loss: 0.004, Avg. Length: 719.8
Frame: 2950000, Avg. Reward: -5.723, Avg. RL Loss: 0.004, Avg. Length: 763.6
Frame: 3000000, Avg. Reward: -5.723, Avg. RL Loss: 0.004, Avg. Length: 752.2
Frame: 3050000, Avg. Reward: -5.900, Avg. RL Loss: 0.004, Avg. Length: 719.2
Frame: 3100000, Avg. Reward: -5.800, Avg. RL Loss: 0.004, Avg. Length: 697.5
Frame: 3150000, Avg. Reward: -5.729, Avg. RL Loss: 0.004, Avg. Length: 702.0
Frame: 3200000, Avg. Reward: -5.388, Avg. RL Loss: 0.004, Avg. Length: 668.4
Frame: 3250000, Avg. Reward: -5.543, Avg. RL Loss: 0.004, Avg. Length: 677.3
Frame: 3300000, Avg. Reward: -5.486, Avg. RL Loss: 0.004, Avg. Length: 713.9
Frame: 3350000, Avg. Reward: -5.714, Avg. RL Loss: 0.004, Avg. Length: 743.6
Frame: 3400000, Avg. Reward: -5.985, Avg. RL Loss: 0.004, Avg. Length: 739.4
Frame: 3450000, Avg. Reward: -5.680, Avg. RL Loss: 0.004, Avg. Length: 685.3
Frame: 3500000, Avg. Reward: -5.586, Avg. RL Loss: 0.004, Avg. Length: 704.5
Frame: 3550000, Avg. Reward: -5.587, Avg. RL Loss: 0.004, Avg. Length: 658.1
Frame: 3600000, Avg. Reward: -5.900, Avg. RL Loss: 0.004, Avg. Length: 796.5
Frame: 3650000, Avg. Reward: -5.723, Avg. RL Loss: 0.004, Avg. Length: 741.6
Frame: 3700000, Avg. Reward: -5.600, Avg. RL Loss: 0.004, Avg. Length: 714.4
Frame: 3750000, Avg. Reward: -5.800, Avg. RL Loss: 0.004, Avg. Length: 746.5
Frame: 3800000, Avg. Reward: -5.643, Avg. RL Loss: 0.004, Avg. Length: 726.6
Frame: 3850000, Avg. Reward: -5.708, Avg. RL Loss: 0.004, Avg. Length: 752.4
Frame: 3900000, Avg. Reward: -6.033, Avg. RL Loss: 0.004, Avg. Length: 804.2
Frame: 3950000, Avg. Reward: -5.738, Avg. RL Loss: 0.004, Avg. Length: 764.5
Frame: 4000000, Avg. Reward: -5.892, Avg. RL Loss: 0.004, Avg. Length: 783.8
Frame: 4050000, Avg. Reward: -5.523, Avg. RL Loss: 0.004, Avg. Length: 758.8
Frame: 4100000, Avg. Reward: -6.150, Avg. RL Loss: 0.004, Avg. Length: 812.0
Frame: 4150000, Avg. Reward: -5.657, Avg. RL Loss: 0.004, Avg. Length: 718.1
Frame: 4200000, Avg. Reward: -5.938, Avg. RL Loss: 0.004, Avg. Length: 730.5
Frame: 4250000, Avg. Reward: -5.785, Avg. RL Loss: 0.004, Avg. Length: 753.4
Frame: 4300000, Avg. Reward: -5.769, Avg. RL Loss: 0.004, Avg. Length: 771.6
Frame: 4350000, Avg. Reward: -5.631, Avg. RL Loss: 0.004, Avg. Length: 731.2
Frame: 4400000, Avg. Reward: -5.707, Avg. RL Loss: 0.004, Avg. Length: 700.5
Frame: 4450000, Avg. Reward: -5.692, Avg. RL Loss: 0.004, Avg. Length: 722.2
Frame: 4500000, Avg. Reward: -5.923, Avg. RL Loss: 0.004, Avg. Length: 788.3
Frame: 4550000, Avg. Reward: -5.643, Avg. RL Loss: 0.004, Avg. Length: 732.2
Frame: 4600000, Avg. Reward: -6.100, Avg. RL Loss: 0.004, Avg. Length: 818.5
Frame: 4650000, Avg. Reward: -5.414, Avg. RL Loss: 0.004, Avg. Length: 681.0
Frame: 4700000, Avg. Reward: -5.714, Avg. RL Loss: 0.004, Avg. Length: 723.7
Frame: 4750000, Avg. Reward: -5.923, Avg. RL Loss: 0.004, Avg. Length: 748.2
Frame: 4800000, Avg. Reward: -5.743, Avg. RL Loss: 0.004, Avg. Length: 713.2
Frame: 4850000, Avg. Reward: -5.923, Avg. RL Loss: 0.004, Avg. Length: 777.1
Frame: 4900000, Avg. Reward: -5.677, Avg. RL Loss: 0.004, Avg. Length: 734.7
Frame: 4950000, Avg. Reward: -5.723, Avg. RL Loss: 0.004, Avg. Length: 739.3
Frame: 5000000, Avg. Reward: -5.729, Avg. RL Loss: 0.004, Avg. Length: 707.5
Frame: 5050000, Avg. Reward: -6.200, Avg. RL Loss: 0.004, Avg. Length: 802.2
Frame: 5100000, Avg. Reward: -5.738, Avg. RL Loss: 0.004, Avg. Length: 781.7
Frame: 5150000, Avg. Reward: -5.629, Avg. RL Loss: 0.004, Avg. Length: 711.8
Frame: 5200000, Avg. Reward: -5.554, Avg. RL Loss: 0.004, Avg. Length: 729.9
Frame: 5250000, Avg. Reward: -5.957, Avg. RL Loss: 0.004, Avg. Length: 740.4
Frame: 5300000, Avg. Reward: -5.714, Avg. RL Loss: 0.004, Avg. Length: 708.6
Frame: 5350000, Avg. Reward: -5.800, Avg. RL Loss: 0.004, Avg. Length: 677.4
Frame: 5400000, Avg. Reward: -6.117, Avg. RL Loss: 0.004, Avg. Length: 791.2
Frame: 5450000, Avg. Reward: -5.686, Avg. RL Loss: 0.004, Avg. Length: 736.1
Frame: 5500000, Avg. Reward: -5.614, Avg. RL Loss: 0.004, Avg. Length: 695.1
Frame: 5550000, Avg. Reward: -5.671, Avg. RL Loss: 0.004, Avg. Length: 705.9
Frame: 5600000, Avg. Reward: -5.729, Avg. RL Loss: 0.004, Avg. Length: 707.4
Frame: 5650000, Avg. Reward: -6.015, Avg. RL Loss: 0.004, Avg. Length: 738.5
Frame: 5700000, Avg. Reward: -5.631, Avg. RL Loss: 0.004, Avg. Length: 782.5
Frame: 5750000, Avg. Reward: -5.586, Avg. RL Loss: 0.004, Avg. Length: 712.5
Frame: 5800000, Avg. Reward: -5.643, Avg. RL Loss: 0.004, Avg. Length: 702.9
Frame: 5850000, Avg. Reward: -5.785, Avg. RL Loss: 0.004, Avg. Length: 767.1
Frame: 5900000, Avg. Reward: -5.846, Avg. RL Loss: 0.004, Avg. Length: 751.2
Frame: 5950000, Avg. Reward: -5.757, Avg. RL Loss: 0.004, Avg. Length: 691.3
Frame: 6000000, Avg. Reward: -5.857, Avg. RL Loss: 0.004, Avg. Length: 694.6
Frame: 6050000, Avg. Reward: -5.843, Avg. RL Loss: 0.004, Avg. Length: 689.3
Frame: 6100000, Avg. Reward: -5.729, Avg. RL Loss: 0.004, Avg. Length: 704.5
Frame: 6150000, Avg. Reward: -5.600, Avg. RL Loss: 0.004, Avg. Length: 711.5
Frame: 6200000, Avg. Reward: -5.529, Avg. RL Loss: 0.004, Avg. Length: 694.3
Frame: 6250000, Avg. Reward: -5.692, Avg. RL Loss: 0.004, Avg. Length: 737.8
Frame: 6300000, Avg. Reward: -5.613, Avg. RL Loss: 0.004, Avg. Length: 711.5
Frame: 6350000, Avg. Reward: -5.686, Avg. RL Loss: 0.004, Avg. Length: 682.1
Frame: 6400000, Avg. Reward: -6.171, Avg. RL Loss: 0.004, Avg. Length: 747.5
Frame: 6450000, Avg. Reward: -5.892, Avg. RL Loss: 0.004, Avg. Length: 724.7
Frame: 6500000, Avg. Reward: -6.262, Avg. RL Loss: 0.004, Avg. Length: 804.8
Frame: 6550000, Avg. Reward: -5.653, Avg. RL Loss: 0.004, Avg. Length: 675.7
Frame: 6600000, Avg. Reward: -5.800, Avg. RL Loss: 0.004, Avg. Length: 724.4
Frame: 6650000, Avg. Reward: -5.908, Avg. RL Loss: 0.004, Avg. Length: 789.0
Frame: 6700000, Avg. Reward: -5.686, Avg. RL Loss: 0.004, Avg. Length: 728.7
Frame: 6750000, Avg. Reward: -5.862, Avg. RL Loss: 0.004, Avg. Length: 774.5
Frame: 6800000, Avg. Reward: -5.586, Avg. RL Loss: 0.004, Avg. Length: 672.2
Frame: 6850000, Avg. Reward: -5.871, Avg. RL Loss: 0.004, Avg. Length: 736.1
Frame: 6900000, Avg. Reward: -5.923, Avg. RL Loss: 0.004, Avg. Length: 738.3
Frame: 6950000, Avg. Reward: -6.133, Avg. RL Loss: 0.004, Avg. Length: 796.7
Frame: 7000000, Avg. Reward: -5.769, Avg. RL Loss: 0.004, Avg. Length: 767.4
Frame: 7050000, Avg. Reward: -5.543, Avg. RL Loss: 0.004, Avg. Length: 730.3
Frame: 7100000, Avg. Reward: -5.767, Avg. RL Loss: 0.004, Avg. Length: 763.2
Frame: 7150000, Avg. Reward: -5.738, Avg. RL Loss: 0.004, Avg. Length: 799.5
Frame: 7200000, Avg. Reward: -6.062, Avg. RL Loss: 0.004, Avg. Length: 771.5
Frame: 7250000, Avg. Reward: -5.486, Avg. RL Loss: 0.004, Avg. Length: 717.0
Frame: 7300000, Avg. Reward: -5.829, Avg. RL Loss: 0.004, Avg. Length: 724.9
Frame: 7350000, Avg. Reward: -5.757, Avg. RL Loss: 0.004, Avg. Length: 705.5
Frame: 7400000, Avg. Reward: -5.814, Avg. RL Loss: 0.004, Avg. Length: 694.7
Frame: 7450000, Avg. Reward: -5.700, Avg. RL Loss: 0.004, Avg. Length: 710.6
Frame: 7500000, Avg. Reward: -5.743, Avg. RL Loss: 0.004, Avg. Length: 719.4
Frame: 7550000, Avg. Reward: -5.923, Avg. RL Loss: 0.004, Avg. Length: 743.5
Frame: 7600000, Avg. Reward: -5.533, Avg. RL Loss: 0.004, Avg. Length: 670.9
Frame: 7650000, Avg. Reward: -5.969, Avg. RL Loss: 0.004, Avg. Length: 746.2
Frame: 7700000, Avg. Reward: -5.846, Avg. RL Loss: 0.004, Avg. Length: 787.8
Frame: 7750000, Avg. Reward: -5.723, Avg. RL Loss: 0.004, Avg. Length: 756.8
Frame: 7800000, Avg. Reward: -5.817, Avg. RL Loss: 0.004, Avg. Length: 802.6
Frame: 7850000, Avg. Reward: -5.883, Avg. RL Loss: 0.004, Avg. Length: 772.3
Frame: 7900000, Avg. Reward: -5.883, Avg. RL Loss: 0.004, Avg. Length: 786.3
Frame: 7950000, Avg. Reward: -5.829, Avg. RL Loss: 0.004, Avg. Length: 714.9
Frame: 8000000, Avg. Reward: -5.686, Avg. RL Loss: 0.004, Avg. Length: 704.1
Frame: 8050000, Avg. Reward: -5.757, Avg. RL Loss: 0.004, Avg. Length: 736.6
Frame: 8100000, Avg. Reward: -5.862, Avg. RL Loss: 0.004, Avg. Length: 748.8
Frame: 8150000, Avg. Reward: -5.708, Avg. RL Loss: 0.004, Avg. Length: 722.6
Frame: 8200000, Avg. Reward: -5.883, Avg. RL Loss: 0.004, Avg. Length: 817.4
Frame: 8250000, Avg. Reward: -5.846, Avg. RL Loss: 0.004, Avg. Length: 758.5
Frame: 8300000, Avg. Reward: -5.586, Avg. RL Loss: 0.004, Avg. Length: 717.2
Frame: 8350000, Avg. Reward: -5.677, Avg. RL Loss: 0.004, Avg. Length: 756.6
Frame: 8400000, Avg. Reward: -6.046, Avg. RL Loss: 0.004, Avg. Length: 726.2
Frame: 8450000, Avg. Reward: -6.167, Avg. RL Loss: 0.004, Avg. Length: 836.9
Frame: 8500000, Avg. Reward: -5.908, Avg. RL Loss: 0.004, Avg. Length: 763.6
Frame: 8550000, Avg. Reward: -5.923, Avg. RL Loss: 0.004, Avg. Length: 743.2
Frame: 8600000, Avg. Reward: -5.900, Avg. RL Loss: 0.004, Avg. Length: 769.4
Frame: 8650000, Avg. Reward: -5.843, Avg. RL Loss: 0.004, Avg. Length: 760.2
Frame: 8700000, Avg. Reward: -5.677, Avg. RL Loss: 0.004, Avg. Length: 706.2
Frame: 8750000, Avg. Reward: -5.747, Avg. RL Loss: 0.004, Avg. Length: 700.5
Frame: 8800000, Avg. Reward: -5.657, Avg. RL Loss: 0.004, Avg. Length: 689.9
Frame: 8850000, Avg. Reward: -5.829, Avg. RL Loss: 0.004, Avg. Length: 719.4
Frame: 8900000, Avg. Reward: -5.723, Avg. RL Loss: 0.004, Avg. Length: 720.2
Frame: 8950000, Avg. Reward: -5.520, Avg. RL Loss: 0.004, Avg. Length: 683.7
Frame: 9000000, Avg. Reward: -5.414, Avg. RL Loss: 0.004, Avg. Length: 688.7
Frame: 9050000, Avg. Reward: -6.046, Avg. RL Loss: 0.004, Avg. Length: 752.5
Frame: 9100000, Avg. Reward: -5.800, Avg. RL Loss: 0.004, Avg. Length: 737.5
Frame: 9150000, Avg. Reward: -5.677, Avg. RL Loss: 0.004, Avg. Length: 729.3
Frame: 9200000, Avg. Reward: -5.771, Avg. RL Loss: 0.004, Avg. Length: 739.7
Frame: 9250000, Avg. Reward: -5.600, Avg. RL Loss: 0.004, Avg. Length: 717.4
Frame: 9300000, Avg. Reward: -5.900, Avg. RL Loss: 0.004, Avg. Length: 743.3
Frame: 9350000, Avg. Reward: -5.631, Avg. RL Loss: 0.004, Avg. Length: 734.6
Frame: 9400000, Avg. Reward: -5.627, Avg. RL Loss: 0.004, Avg. Length: 708.5
Frame: 9450000, Avg. Reward: -5.414, Avg. RL Loss: 0.004, Avg. Length: 692.6
Frame: 9500000, Avg. Reward: -5.571, Avg. RL Loss: 0.004, Avg. Length: 717.3
Frame: 9550000, Avg. Reward: -5.629, Avg. RL Loss: 0.004, Avg. Length: 692.7
Frame: 9600000, Avg. Reward: -5.627, Avg. RL Loss: 0.004, Avg. Length: 694.5
Frame: 9650000, Avg. Reward: -5.629, Avg. RL Loss: 0.004, Avg. Length: 719.1
Frame: 9700000, Avg. Reward: -5.657, Avg. RL Loss: 0.004, Avg. Length: 695.6
Frame: 9750000, Avg. Reward: -5.857, Avg. RL Loss: 0.004, Avg. Length: 710.9
Frame: 9800000, Avg. Reward: -5.440, Avg. RL Loss: 0.004, Avg. Length: 673.5
Frame: 9850000, Avg. Reward: -5.786, Avg. RL Loss: 0.004, Avg. Length: 711.7
Frame: 9900000, Avg. Reward: -5.814, Avg. RL Loss: 0.004, Avg. Length: 703.9
Frame: 9950000, Avg. Reward: -6.255, Avg. RL Loss: 0.004, Avg. Length: 839.8
Frame: 10000000, Avg. Reward: -6.062, Avg. RL Loss: 0.004, Avg. Length: 805.5
Frame: 10050000, Avg. Reward: -5.769, Avg. RL Loss: 0.004, Avg. Length: 754.0
Frame: 10100000, Avg. Reward: -5.923, Avg. RL Loss: 0.004, Avg. Length: 778.8
Frame: 10150000, Avg. Reward: -6.083, Avg. RL Loss: 0.004, Avg. Length: 805.7
Frame: 10200000, Avg. Reward: -5.723, Avg. RL Loss: 0.004, Avg. Length: 770.8
Frame: 10250000, Avg. Reward: -5.686, Avg. RL Loss: 0.004, Avg. Length: 733.6
Frame: 10300000, Avg. Reward: -5.800, Avg. RL Loss: 0.004, Avg. Length: 799.2
Frame: 10350000, Avg. Reward: -5.586, Avg. RL Loss: 0.004, Avg. Length: 734.6
Frame: 10400000, Avg. Reward: -5.829, Avg. RL Loss: 0.004, Avg. Length: 713.9
Frame: 10450000, Avg. Reward: -5.833, Avg. RL Loss: 0.004, Avg. Length: 782.4
Frame: 10500000, Avg. Reward: -5.914, Avg. RL Loss: 0.004, Avg. Length: 752.6
Frame: 10550000, Avg. Reward: -5.300, Avg. RL Loss: 0.004, Avg. Length: 690.8
Frame: 10600000, Avg. Reward: -5.387, Avg. RL Loss: 0.004, Avg. Length: 663.9
Frame: 10650000, Avg. Reward: -5.453, Avg. RL Loss: 0.004, Avg. Length: 661.8
Frame: 10700000, Avg. Reward: -5.413, Avg. RL Loss: 0.004, Avg. Length: 689.3
Frame: 10750000, Avg. Reward: -6.062, Avg. RL Loss: 0.004, Avg. Length: 753.7
Frame: 10800000, Avg. Reward: -5.815, Avg. RL Loss: 0.004, Avg. Length: 762.2
Frame: 10850000, Avg. Reward: -5.983, Avg. RL Loss: 0.004, Avg. Length: 784.3
Frame: 10900000, Avg. Reward: -5.754, Avg. RL Loss: 0.004, Avg. Length: 757.4
Frame: 10950000, Avg. Reward: -6.123, Avg. RL Loss: 0.004, Avg. Length: 793.4
Frame: 11000000, Avg. Reward: -5.933, Avg. RL Loss: 0.004, Avg. Length: 764.9
Frame: 11050000, Avg. Reward: -5.600, Avg. RL Loss: 0.004, Avg. Length: 731.9
Frame: 11100000, Avg. Reward: -5.643, Avg. RL Loss: 0.004, Avg. Length: 673.6
Frame: 11150000, Avg. Reward: -5.520, Avg. RL Loss: 0.004, Avg. Length: 671.2
Frame: 11200000, Avg. Reward: -5.686, Avg. RL Loss: 0.004, Avg. Length: 704.1
Frame: 11250000, Avg. Reward: -5.525, Avg. RL Loss: 0.004, Avg. Length: 656.9
Frame: 11300000, Avg. Reward: -5.714, Avg. RL Loss: 0.004, Avg. Length: 699.1
Frame: 11350000, Avg. Reward: -5.829, Avg. RL Loss: 0.004, Avg. Length: 696.5
Frame: 11400000, Avg. Reward: -5.557, Avg. RL Loss: 0.004, Avg. Length: 698.8
Frame: 11450000, Avg. Reward: -5.457, Avg. RL Loss: 0.004, Avg. Length: 714.6
Frame: 11500000, Avg. Reward: -5.615, Avg. RL Loss: 0.004, Avg. Length: 774.3
Frame: 11550000, Avg. Reward: -5.738, Avg. RL Loss: 0.004, Avg. Length: 737.6
Frame: 11600000, Avg. Reward: -5.586, Avg. RL Loss: 0.004, Avg. Length: 733.4
Frame: 11650000, Avg. Reward: -5.829, Avg. RL Loss: 0.004, Avg. Length: 732.2
Frame: 11700000, Avg. Reward: -5.754, Avg. RL Loss: 0.004, Avg. Length: 725.8
Frame: 11750000, Avg. Reward: -5.600, Avg. RL Loss: 0.004, Avg. Length: 695.3
Frame: 11800000, Avg. Reward: -5.587, Avg. RL Loss: 0.004, Avg. Length: 680.4
Frame: 11850000, Avg. Reward: -5.615, Avg. RL Loss: 0.004, Avg. Length: 750.8
Frame: 11900000, Avg. Reward: -5.657, Avg. RL Loss: 0.004, Avg. Length: 746.4
Frame: 11950000, Avg. Reward: -5.700, Avg. RL Loss: 0.004, Avg. Length: 722.2
Frame: 12000000, Avg. Reward: -5.529, Avg. RL Loss: 0.004, Avg. Length: 712.4
Frame: 12050000, Avg. Reward: -5.471, Avg. RL Loss: 0.004, Avg. Length: 703.6
Frame: 12100000, Avg. Reward: -5.471, Avg. RL Loss: 0.004, Avg. Length: 685.6
Frame: 12150000, Avg. Reward: -5.627, Avg. RL Loss: 0.004, Avg. Length: 682.9
Frame: 12200000, Avg. Reward: -5.743, Avg. RL Loss: 0.004, Avg. Length: 709.3
Frame: 12250000, Avg. Reward: -5.627, Avg. RL Loss: 0.004, Avg. Length: 693.3
Frame: 12300000, Avg. Reward: -6.050, Avg. RL Loss: 0.004, Avg. Length: 807.7
Frame: 12350000, Avg. Reward: -5.586, Avg. RL Loss: 0.004, Avg. Length: 715.1
Frame: 12400000, Avg. Reward: -5.850, Avg. RL Loss: 0.004, Avg. Length: 790.3
Frame: 12450000, Avg. Reward: -5.729, Avg. RL Loss: 0.004, Avg. Length: 726.4
Frame: 12500000, Avg. Reward: -5.738, Avg. RL Loss: 0.004, Avg. Length: 733.6
Frame: 12550000, Avg. Reward: -5.785, Avg. RL Loss: 0.004, Avg. Length: 769.8
Frame: 12600000, Avg. Reward: -5.817, Avg. RL Loss: 0.004, Avg. Length: 781.3
Frame: 12650000, Avg. Reward: -5.671, Avg. RL Loss: 0.004, Avg. Length: 726.7
Frame: 12700000, Avg. Reward: -5.714, Avg. RL Loss: 0.004, Avg. Length: 735.8
Frame: 12750000, Avg. Reward: -5.757, Avg. RL Loss: 0.004, Avg. Length: 720.8
Frame: 12800000, Avg. Reward: -5.950, Avg. RL Loss: 0.004, Avg. Length: 791.5
Frame: 12850000, Avg. Reward: -5.771, Avg. RL Loss: 0.004, Avg. Length: 731.3
Frame: 12900000, Avg. Reward: -5.985, Avg. RL Loss: 0.004, Avg. Length: 742.8
Frame: 12950000, Avg. Reward: -5.829, Avg. RL Loss: 0.004, Avg. Length: 753.0
Frame: 13000000, Avg. Reward: -5.671, Avg. RL Loss: 0.004, Avg. Length: 680.8
Frame: 13050000, Avg. Reward: -5.529, Avg. RL Loss: 0.004, Avg. Length: 712.0
Frame: 13100000, Avg. Reward: -5.717, Avg. RL Loss: 0.004, Avg. Length: 785.2
Frame: 13150000, Avg. Reward: -5.573, Avg. RL Loss: 0.004, Avg. Length: 715.7
Frame: 13200000, Avg. Reward: -5.843, Avg. RL Loss: 0.004, Avg. Length: 726.4
Frame: 13250000, Avg. Reward: -5.908, Avg. RL Loss: 0.004, Avg. Length: 746.7
Frame: 13300000, Avg. Reward: -5.587, Avg. RL Loss: 0.004, Avg. Length: 685.0
Frame: 13350000, Avg. Reward: -5.815, Avg. RL Loss: 0.004, Avg. Length: 727.2
Frame: 13400000, Avg. Reward: -5.750, Avg. RL Loss: 0.004, Avg. Length: 778.9
Frame: 13450000, Avg. Reward: -6.067, Avg. RL Loss: 0.004, Avg. Length: 831.4
Frame: 13500000, Avg. Reward: -5.862, Avg. RL Loss: 0.004, Avg. Length: 804.9
Frame: 13550000, Avg. Reward: -6.145, Avg. RL Loss: 0.004, Avg. Length: 870.6
Frame: 13600000, Avg. Reward: -5.492, Avg. RL Loss: 0.004, Avg. Length: 781.8
Frame: 13650000, Avg. Reward: -5.785, Avg. RL Loss: 0.004, Avg. Length: 742.4
Frame: 13700000, Avg. Reward: -5.543, Avg. RL Loss: 0.004, Avg. Length: 720.2
Frame: 13750000, Avg. Reward: -5.714, Avg. RL Loss: 0.004, Avg. Length: 727.1
Frame: 13800000, Avg. Reward: -5.786, Avg. RL Loss: 0.004, Avg. Length: 697.4
Frame: 13850000, Avg. Reward: -5.667, Avg. RL Loss: 0.004, Avg. Length: 695.4
Frame: 13900000, Avg. Reward: -5.587, Avg. RL Loss: 0.004, Avg. Length: 666.3
Frame: 13950000, Avg. Reward: -6.046, Avg. RL Loss: 0.004, Avg. Length: 724.9
Frame: 14000000, Avg. Reward: -5.800, Avg. RL Loss: 0.004, Avg. Length: 696.7
Frame: 14050000, Avg. Reward: -5.657, Avg. RL Loss: 0.004, Avg. Length: 705.1
Frame: 14100000, Avg. Reward: -5.600, Avg. RL Loss: 0.004, Avg. Length: 688.5
Frame: 14150000, Avg. Reward: -6.015, Avg. RL Loss: 0.004, Avg. Length: 759.3
Frame: 14200000, Avg. Reward: -5.829, Avg. RL Loss: 0.004, Avg. Length: 724.1
Frame: 14250000, Avg. Reward: -5.677, Avg. RL Loss: 0.004, Avg. Length: 735.5
Frame: 14300000, Avg. Reward: -5.571, Avg. RL Loss: 0.004, Avg. Length: 727.6
Frame: 14350000, Avg. Reward: -5.757, Avg. RL Loss: 0.004, Avg. Length: 712.1
Frame: 14400000, Avg. Reward: -5.786, Avg. RL Loss: 0.004, Avg. Length: 721.7
Frame: 14450000, Avg. Reward: -5.846, Avg. RL Loss: 0.004, Avg. Length: 759.2
Frame: 14500000, Avg. Reward: -5.646, Avg. RL Loss: 0.004, Avg. Length: 745.3
Frame: 14550000, Avg. Reward: -5.923, Avg. RL Loss: 0.004, Avg. Length: 745.8
Frame: 14600000, Avg. Reward: -5.877, Avg. RL Loss: 0.004, Avg. Length: 767.2
Frame: 14650000, Avg. Reward: -5.729, Avg. RL Loss: 0.004, Avg. Length: 741.9
Frame: 14700000, Avg. Reward: -6.000, Avg. RL Loss: 0.004, Avg. Length: 775.6
Frame: 14750000, Avg. Reward: -5.917, Avg. RL Loss: 0.004, Avg. Length: 823.2
Frame: 14800000, Avg. Reward: -5.733, Avg. RL Loss: 0.004, Avg. Length: 771.3
Frame: 14850000, Avg. Reward: -5.892, Avg. RL Loss: 0.004, Avg. Length: 762.8
Frame: 14900000, Avg. Reward: -5.950, Avg. RL Loss: 0.004, Avg. Length: 811.1
Frame: 14950000, Avg. Reward: -5.914, Avg. RL Loss: 0.004, Avg. Length: 751.5
Frame: 15000000, Avg. Reward: -5.631, Avg. RL Loss: 0.004, Avg. Length: 722.2
Frame: 15050000, Avg. Reward: -5.708, Avg. RL Loss: 0.004, Avg. Length: 751.4
Frame: 15100000, Avg. Reward: -6.046, Avg. RL Loss: 0.004, Avg. Length: 766.8
Frame: 15150000, Avg. Reward: -5.843, Avg. RL Loss: 0.004, Avg. Length: 736.1
Frame: 15200000, Avg. Reward: -5.785, Avg. RL Loss: 0.004, Avg. Length: 749.1
Frame: 15250000, Avg. Reward: -5.662, Avg. RL Loss: 0.004, Avg. Length: 747.4
Frame: 15300000, Avg. Reward: -5.714, Avg. RL Loss: 0.004, Avg. Length: 721.9
Frame: 15350000, Avg. Reward: -5.457, Avg. RL Loss: 0.004, Avg. Length: 716.8
Frame: 15400000, Avg. Reward: -5.814, Avg. RL Loss: 0.004, Avg. Length: 731.5
Frame: 15450000, Avg. Reward: -5.543, Avg. RL Loss: 0.004, Avg. Length: 663.6
Frame: 15500000, Avg. Reward: -5.743, Avg. RL Loss: 0.004, Avg. Length: 716.0
Frame: 15550000, Avg. Reward: -5.743, Avg. RL Loss: 0.004, Avg. Length: 727.5
Frame: 15600000, Avg. Reward: -5.500, Avg. RL Loss: 0.004, Avg. Length: 694.1
Frame: 15650000, Avg. Reward: -5.547, Avg. RL Loss: 0.004, Avg. Length: 677.6
Frame: 15700000, Avg. Reward: -5.846, Avg. RL Loss: 0.004, Avg. Length: 739.5
Frame: 15750000, Avg. Reward: -5.667, Avg. RL Loss: 0.004, Avg. Length: 693.4
Frame: 15800000, Avg. Reward: -5.387, Avg. RL Loss: 0.004, Avg. Length: 640.9
Frame: 15850000, Avg. Reward: -5.733, Avg. RL Loss: 0.004, Avg. Length: 673.5
Frame: 15900000, Avg. Reward: -5.507, Avg. RL Loss: 0.004, Avg. Length: 691.1
Frame: 15950000, Avg. Reward: -5.831, Avg. RL Loss: 0.004, Avg. Length: 743.8
Frame: 16000000, Avg. Reward: -5.900, Avg. RL Loss: 0.004, Avg. Length: 786.5
Frame: 16050000, Avg. Reward: -6.046, Avg. RL Loss: 0.004, Avg. Length: 737.9
Frame: 16100000, Avg. Reward: -5.686, Avg. RL Loss: 0.004, Avg. Length: 729.4
Frame: 16150000, Avg. Reward: -5.671, Avg. RL Loss: 0.004, Avg. Length: 715.9
Frame: 16200000, Avg. Reward: -5.493, Avg. RL Loss: 0.004, Avg. Length: 671.8
Frame: 16250000, Avg. Reward: -5.969, Avg. RL Loss: 0.004, Avg. Length: 770.5
Frame: 16300000, Avg. Reward: -5.817, Avg. RL Loss: 0.004, Avg. Length: 790.9
Frame: 16350000, Avg. Reward: -5.571, Avg. RL Loss: 0.004, Avg. Length: 709.5
Frame: 16400000, Avg. Reward: -5.985, Avg. RL Loss: 0.004, Avg. Length: 767.7
Frame: 16450000, Avg. Reward: -5.643, Avg. RL Loss: 0.004, Avg. Length: 724.9
Frame: 16500000, Avg. Reward: -5.631, Avg. RL Loss: 0.004, Avg. Length: 757.3
Frame: 16550000, Avg. Reward: -5.600, Avg. RL Loss: 0.004, Avg. Length: 698.0
Frame: 16600000, Avg. Reward: -5.440, Avg. RL Loss: 0.004, Avg. Length: 668.8
Frame: 16650000, Avg. Reward: -5.693, Avg. RL Loss: 0.004, Avg. Length: 678.2
Frame: 16700000, Avg. Reward: -5.543, Avg. RL Loss: 0.004, Avg. Length: 679.6
Frame: 16750000, Avg. Reward: -5.969, Avg. RL Loss: 0.004, Avg. Length: 747.4
Frame: 16800000, Avg. Reward: -5.507, Avg. RL Loss: 0.004, Avg. Length: 679.8
Frame: 16850000, Avg. Reward: -5.843, Avg. RL Loss: 0.004, Avg. Length: 714.1
Frame: 16900000, Avg. Reward: -5.587, Avg. RL Loss: 0.004, Avg. Length: 702.6
Frame: 16950000, Avg. Reward: -5.831, Avg. RL Loss: 0.004, Avg. Length: 742.9
Frame: 17000000, Avg. Reward: -5.600, Avg. RL Loss: 0.004, Avg. Length: 689.8
Frame: 17050000, Avg. Reward: -5.533, Avg. RL Loss: 0.004, Avg. Length: 686.5
Frame: 17100000, Avg. Reward: -5.587, Avg. RL Loss: 0.004, Avg. Length: 687.5
Frame: 17150000, Avg. Reward: -5.386, Avg. RL Loss: 0.004, Avg. Length: 673.8
Frame: 17200000, Avg. Reward: -5.520, Avg. RL Loss: 0.004, Avg. Length: 672.9
Frame: 17250000, Avg. Reward: -5.831, Avg. RL Loss: 0.004, Avg. Length: 739.4
Frame: 17300000, Avg. Reward: -5.900, Avg. RL Loss: 0.004, Avg. Length: 735.5
Frame: 17350000, Avg. Reward: -5.738, Avg. RL Loss: 0.004, Avg. Length: 730.8
Frame: 17400000, Avg. Reward: -5.700, Avg. RL Loss: 0.004, Avg. Length: 706.3
Frame: 17450000, Avg. Reward: -5.743, Avg. RL Loss: 0.004, Avg. Length: 714.4
Frame: 17500000, Avg. Reward: -5.886, Avg. RL Loss: 0.004, Avg. Length: 740.2
Frame: 17550000, Avg. Reward: -5.683, Avg. RL Loss: 0.004, Avg. Length: 767.7
Frame: 17600000, Avg. Reward: -5.771, Avg. RL Loss: 0.004, Avg. Length: 752.1
Frame: 17650000, Avg. Reward: -5.850, Avg. RL Loss: 0.004, Avg. Length: 792.7
Frame: 17700000, Avg. Reward: -5.708, Avg. RL Loss: 0.004, Avg. Length: 724.7
Frame: 17750000, Avg. Reward: -5.629, Avg. RL Loss: 0.004, Avg. Length: 710.2
Frame: 17800000, Avg. Reward: -6.050, Avg. RL Loss: 0.004, Avg. Length: 794.2
Frame: 17850000, Avg. Reward: -5.892, Avg. RL Loss: 0.004, Avg. Length: 721.3
Frame: 17900000, Avg. Reward: -5.846, Avg. RL Loss: 0.004, Avg. Length: 779.6
Frame: 17950000, Avg. Reward: -5.514, Avg. RL Loss: 0.004, Avg. Length: 710.8
Frame: 18000000, Avg. Reward: -5.471, Avg. RL Loss: 0.004, Avg. Length: 693.9
Frame: 18050000, Avg. Reward: -5.714, Avg. RL Loss: 0.004, Avg. Length: 724.9
Frame: 18100000, Avg. Reward: -5.954, Avg. RL Loss: 0.004, Avg. Length: 757.5
Frame: 18150000, Avg. Reward: -5.743, Avg. RL Loss: 0.004, Avg. Length: 729.7
Frame: 18200000, Avg. Reward: -5.615, Avg. RL Loss: 0.004, Avg. Length: 754.8
Frame: 18250000, Avg. Reward: -5.729, Avg. RL Loss: 0.004, Avg. Length: 718.4
Frame: 18300000, Avg. Reward: -5.493, Avg. RL Loss: 0.004, Avg. Length: 685.1
Frame: 18350000, Avg. Reward: -5.671, Avg. RL Loss: 0.004, Avg. Length: 665.8
Frame: 18400000, Avg. Reward: -5.800, Avg. RL Loss: 0.004, Avg. Length: 724.8
Frame: 18450000, Avg. Reward: -5.543, Avg. RL Loss: 0.004, Avg. Length: 708.5
Frame: 18500000, Avg. Reward: -6.067, Avg. RL Loss: 0.004, Avg. Length: 810.6
Frame: 18550000, Avg. Reward: -5.347, Avg. RL Loss: 0.004, Avg. Length: 711.5
Frame: 18600000, Avg. Reward: -5.850, Avg. RL Loss: 0.004, Avg. Length: 792.8
Frame: 18650000, Avg. Reward: -5.700, Avg. RL Loss: 0.004, Avg. Length: 718.7
Frame: 18700000, Avg. Reward: -5.800, Avg. RL Loss: 0.004, Avg. Length: 741.9
Frame: 18750000, Avg. Reward: -5.829, Avg. RL Loss: 0.004, Avg. Length: 766.9
Frame: 18800000, Avg. Reward: -5.769, Avg. RL Loss: 0.004, Avg. Length: 709.3
Frame: 18850000, Avg. Reward: -5.886, Avg. RL Loss: 0.004, Avg. Length: 719.7
Frame: 18900000, Avg. Reward: -5.785, Avg. RL Loss: 0.004, Avg. Length: 759.9
Frame: 18950000, Avg. Reward: -6.000, Avg. RL Loss: 0.004, Avg. Length: 801.1
Frame: 19000000, Avg. Reward: -6.000, Avg. RL Loss: 0.004, Avg. Length: 761.9
Frame: 19050000, Avg. Reward: -5.929, Avg. RL Loss: 0.004, Avg. Length: 702.0
Frame: 19100000, Avg. Reward: -5.969, Avg. RL Loss: 0.004, Avg. Length: 782.3
Frame: 19150000, Avg. Reward: -5.967, Avg. RL Loss: 0.004, Avg. Length: 772.1
Frame: 19200000, Avg. Reward: -5.686, Avg. RL Loss: 0.004, Avg. Length: 717.0
Frame: 19250000, Avg. Reward: -5.671, Avg. RL Loss: 0.004, Avg. Length: 690.8
Frame: 19300000, Avg. Reward: -5.585, Avg. RL Loss: 0.004, Avg. Length: 754.8
Frame: 19350000, Avg. Reward: -5.983, Avg. RL Loss: 0.004, Avg. Length: 820.1
Frame: 19400000, Avg. Reward: -5.723, Avg. RL Loss: 0.004, Avg. Length: 743.3
Frame: 19450000, Avg. Reward: -5.523, Avg. RL Loss: 0.004, Avg. Length: 741.8
Frame: 19500000, Avg. Reward: -6.138, Avg. RL Loss: 0.004, Avg. Length: 759.6
Frame: 19550000, Avg. Reward: -5.923, Avg. RL Loss: 0.004, Avg. Length: 785.5
Frame: 19600000, Avg. Reward: -5.967, Avg. RL Loss: 0.004, Avg. Length: 771.7
Frame: 19650000, Avg. Reward: -5.700, Avg. RL Loss: 0.004, Avg. Length: 721.7
Frame: 19700000, Avg. Reward: -5.547, Avg. RL Loss: 0.004, Avg. Length: 688.7
Frame: 19750000, Avg. Reward: -5.443, Avg. RL Loss: 0.004, Avg. Length: 728.2
Frame: 19800000, Avg. Reward: -6.183, Avg. RL Loss: 0.004, Avg. Length: 766.1
Frame: 19850000, Avg. Reward: -5.653, Avg. RL Loss: 0.004, Avg. Length: 687.8
Frame: 19900000, Avg. Reward: -5.846, Avg. RL Loss: 0.004, Avg. Length: 729.8
Frame: 19950000, Avg. Reward: -5.700, Avg. RL Loss: 0.004, Avg. Length: 728.2
Frame: 20000000, Avg. Reward: -5.785, Avg. RL Loss: 0.004, Avg. Length: 762.2
Frame: 20050000, Avg. Reward: -5.662, Avg. RL Loss: 0.004, Avg. Length: 741.8
Frame: 20100000, Avg. Reward: -5.653, Avg. RL Loss: 0.004, Avg. Length: 684.5
Frame: 20150000, Avg. Reward: -6.000, Avg. RL Loss: 0.004, Avg. Length: 797.3
Frame: 20200000, Avg. Reward: -5.846, Avg. RL Loss: 0.004, Avg. Length: 751.3
Frame: 20250000, Avg. Reward: -6.200, Avg. RL Loss: 0.004, Avg. Length: 757.4
Frame: 20300000, Avg. Reward: -5.662, Avg. RL Loss: 0.004, Avg. Length: 750.8
Frame: 20350000, Avg. Reward: -6.017, Avg. RL Loss: 0.004, Avg. Length: 808.8
Frame: 20400000, Avg. Reward: -5.785, Avg. RL Loss: 0.004, Avg. Length: 749.2
Frame: 20450000, Avg. Reward: -6.077, Avg. RL Loss: 0.004, Avg. Length: 737.4
Frame: 20500000, Avg. Reward: -5.708, Avg. RL Loss: 0.004, Avg. Length: 744.8
Frame: 20550000, Avg. Reward: -5.814, Avg. RL Loss: 0.004, Avg. Length: 728.3
Frame: 20600000, Avg. Reward: -5.743, Avg. RL Loss: 0.004, Avg. Length: 709.9
Frame: 20650000, Avg. Reward: -5.520, Avg. RL Loss: 0.004, Avg. Length: 676.8
Frame: 20700000, Avg. Reward: -5.600, Avg. RL Loss: 0.004, Avg. Length: 702.2
Frame: 20750000, Avg. Reward: -5.800, Avg. RL Loss: 0.004, Avg. Length: 772.4
Frame: 20800000, Avg. Reward: -5.692, Avg. RL Loss: 0.004, Avg. Length: 768.9
Frame: 20850000, Avg. Reward: -5.815, Avg. RL Loss: 0.004, Avg. Length: 700.2
Frame: 20900000, Avg. Reward: -5.671, Avg. RL Loss: 0.004, Avg. Length: 746.1
Frame: 20950000, Avg. Reward: -5.500, Avg. RL Loss: 0.004, Avg. Length: 672.4
Frame: 21000000, Avg. Reward: -5.862, Avg. RL Loss: 0.004, Avg. Length: 759.1
Frame: 21050000, Avg. Reward: -5.723, Avg. RL Loss: 0.004, Avg. Length: 757.9
Frame: 21100000, Avg. Reward: -5.785, Avg. RL Loss: 0.004, Avg. Length: 763.5
Frame: 21150000, Avg. Reward: -5.923, Avg. RL Loss: 0.004, Avg. Length: 789.3
Frame: 21200000, Avg. Reward: -5.754, Avg. RL Loss: 0.004, Avg. Length: 761.9
Frame: 21250000, Avg. Reward: -5.785, Avg. RL Loss: 0.004, Avg. Length: 744.0
Frame: 21300000, Avg. Reward: -5.857, Avg. RL Loss: 0.004, Avg. Length: 737.6
Frame: 21350000, Avg. Reward: -5.615, Avg. RL Loss: 0.004, Avg. Length: 735.8
Frame: 21400000, Avg. Reward: -5.686, Avg. RL Loss: 0.004, Avg. Length: 730.0
Frame: 21450000, Avg. Reward: -5.785, Avg. RL Loss: 0.004, Avg. Length: 733.5
Frame: 21500000, Avg. Reward: -5.938, Avg. RL Loss: 0.004, Avg. Length: 764.9
Frame: 21550000, Avg. Reward: -5.708, Avg. RL Loss: 0.004, Avg. Length: 754.7
Frame: 21600000, Avg. Reward: -5.908, Avg. RL Loss: 0.004, Avg. Length: 748.9
Frame: 21650000, Avg. Reward: -5.467, Avg. RL Loss: 0.004, Avg. Length: 664.4
Frame: 21700000, Avg. Reward: -5.862, Avg. RL Loss: 0.004, Avg. Length: 764.0
Frame: 21750000, Avg. Reward: -5.700, Avg. RL Loss: 0.004, Avg. Length: 712.7
Frame: 21800000, Avg. Reward: -5.643, Avg. RL Loss: 0.004, Avg. Length: 708.9
Frame: 21850000, Avg. Reward: -5.529, Avg. RL Loss: 0.004, Avg. Length: 703.2
Frame: 21900000, Avg. Reward: -5.814, Avg. RL Loss: 0.004, Avg. Length: 745.3
Frame: 21950000, Avg. Reward: -5.862, Avg. RL Loss: 0.004, Avg. Length: 752.0
Frame: 22000000, Avg. Reward: -5.714, Avg. RL Loss: 0.004, Avg. Length: 732.8
Frame: 22050000, Avg. Reward: -5.700, Avg. RL Loss: 0.004, Avg. Length: 717.2
Frame: 22100000, Avg. Reward: -5.440, Avg. RL Loss: 0.004, Avg. Length: 650.3
Frame: 22150000, Avg. Reward: -5.571, Avg. RL Loss: 0.004, Avg. Length: 687.0
Frame: 22200000, Avg. Reward: -5.757, Avg. RL Loss: 0.004, Avg. Length: 728.7
Frame: 22250000, Avg. Reward: -5.954, Avg. RL Loss: 0.004, Avg. Length: 739.7
Frame: 22300000, Avg. Reward: -5.493, Avg. RL Loss: 0.004, Avg. Length: 692.7
Frame: 22350000, Avg. Reward: -5.547, Avg. RL Loss: 0.004, Avg. Length: 667.5
Frame: 22400000, Avg. Reward: -5.743, Avg. RL Loss: 0.004, Avg. Length: 691.9
Frame: 22450000, Avg. Reward: -5.857, Avg. RL Loss: 0.004, Avg. Length: 728.1
Frame: 22500000, Avg. Reward: -6.291, Avg. RL Loss: 0.004, Avg. Length: 842.5
Frame: 22550000, Avg. Reward: -5.814, Avg. RL Loss: 0.004, Avg. Length: 741.3
Frame: 22600000, Avg. Reward: -5.757, Avg. RL Loss: 0.004, Avg. Length: 701.1
Frame: 22650000, Avg. Reward: -5.800, Avg. RL Loss: 0.004, Avg. Length: 759.8
Frame: 22700000, Avg. Reward: -5.671, Avg. RL Loss: 0.004, Avg. Length: 735.3
Frame: 22750000, Avg. Reward: -5.614, Avg. RL Loss: 0.004, Avg. Length: 689.6
Frame: 22800000, Avg. Reward: -5.615, Avg. RL Loss: 0.004, Avg. Length: 752.7
Frame: 22850000, Avg. Reward: -5.850, Avg. RL Loss: 0.004, Avg. Length: 791.3
Frame: 22900000, Avg. Reward: -5.738, Avg. RL Loss: 0.004, Avg. Length: 767.6
Frame: 22950000, Avg. Reward: -5.692, Avg. RL Loss: 0.004, Avg. Length: 743.2
Frame: 23000000, Avg. Reward: -6.031, Avg. RL Loss: 0.004, Avg. Length: 740.7
Frame: 23050000, Avg. Reward: -5.800, Avg. RL Loss: 0.004, Avg. Length: 764.2
Frame: 23100000, Avg. Reward: -5.908, Avg. RL Loss: 0.004, Avg. Length: 734.5
Frame: 23150000, Avg. Reward: -5.923, Avg. RL Loss: 0.004, Avg. Length: 731.0
Frame: 23200000, Avg. Reward: -5.629, Avg. RL Loss: 0.004, Avg. Length: 731.0
Frame: 23250000, Avg. Reward: -5.883, Avg. RL Loss: 0.004, Avg. Length: 775.8
Frame: 23300000, Avg. Reward: -5.831, Avg. RL Loss: 0.004, Avg. Length: 766.2
Frame: 23350000, Avg. Reward: -5.969, Avg. RL Loss: 0.004, Avg. Length: 781.7
Frame: 23400000, Avg. Reward: -5.969, Avg. RL Loss: 0.004, Avg. Length: 789.8
Frame: 23450000, Avg. Reward: -5.767, Avg. RL Loss: 0.004, Avg. Length: 810.3
Frame: 23500000, Avg. Reward: -5.723, Avg. RL Loss: 0.004, Avg. Length: 754.3
Frame: 23550000, Avg. Reward: -5.507, Avg. RL Loss: 0.004, Avg. Length: 692.8
Frame: 23600000, Avg. Reward: -5.386, Avg. RL Loss: 0.004, Avg. Length: 704.2
Frame: 23650000, Avg. Reward: -5.471, Avg. RL Loss: 0.004, Avg. Length: 677.4
Frame: 23700000, Avg. Reward: -5.829, Avg. RL Loss: 0.004, Avg. Length: 725.6
Frame: 23750000, Avg. Reward: -5.363, Avg. RL Loss: 0.004, Avg. Length: 650.8
Frame: 23800000, Avg. Reward: -5.723, Avg. RL Loss: 0.004, Avg. Length: 718.5
Frame: 23850000, Avg. Reward: -6.067, Avg. RL Loss: 0.004, Avg. Length: 789.6
Frame: 23900000, Avg. Reward: -6.183, Avg. RL Loss: 0.004, Avg. Length: 835.5
Frame: 23950000, Avg. Reward: -5.900, Avg. RL Loss: 0.004, Avg. Length: 798.9
Frame: 24000000, Avg. Reward: -5.969, Avg. RL Loss: 0.004, Avg. Length: 766.7
Frame: 24050000, Avg. Reward: -5.677, Avg. RL Loss: 0.004, Avg. Length: 755.5
Frame: 24100000, Avg. Reward: -5.954, Avg. RL Loss: 0.004, Avg. Length: 768.9
Frame: 24150000, Avg. Reward: -5.700, Avg. RL Loss: 0.004, Avg. Length: 733.2
Frame: 24200000, Avg. Reward: -5.646, Avg. RL Loss: 0.004, Avg. Length: 745.3
Frame: 24250000, Avg. Reward: -5.800, Avg. RL Loss: 0.004, Avg. Length: 813.2
Frame: 24300000, Avg. Reward: -5.969, Avg. RL Loss: 0.004, Avg. Length: 784.0
Frame: 24350000, Avg. Reward: -5.615, Avg. RL Loss: 0.004, Avg. Length: 770.9
Frame: 24400000, Avg. Reward: -5.954, Avg. RL Loss: 0.004, Avg. Length: 737.6
Frame: 24450000, Avg. Reward: -5.692, Avg. RL Loss: 0.004, Avg. Length: 726.6
Frame: 24500000, Avg. Reward: -5.657, Avg. RL Loss: 0.004, Avg. Length: 756.3
Frame: 24550000, Avg. Reward: -5.523, Avg. RL Loss: 0.004, Avg. Length: 737.7
Frame: 24600000, Avg. Reward: -5.714, Avg. RL Loss: 0.004, Avg. Length: 724.6
Frame: 24650000, Avg. Reward: -5.769, Avg. RL Loss: 0.004, Avg. Length: 777.7
Frame: 24700000, Avg. Reward: -5.908, Avg. RL Loss: 0.004, Avg. Length: 747.1
Frame: 24750000, Avg. Reward: -6.200, Avg. RL Loss: 0.004, Avg. Length: 831.2
Frame: 24800000, Avg. Reward: -5.846, Avg. RL Loss: 0.004, Avg. Length: 735.2
Frame: 24850000, Avg. Reward: -5.629, Avg. RL Loss: 0.004, Avg. Length: 749.8
Frame: 24900000, Avg. Reward: -5.600, Avg. RL Loss: 0.004, Avg. Length: 752.3
Frame: 24950000, Avg. Reward: -5.615, Avg. RL Loss: 0.004, Avg. Length: 740.7
Frame: 25000000, Avg. Reward: -5.969, Avg. RL Loss: 0.004, Avg. Length: 797.5
Frame: 25050000, Avg. Reward: -5.600, Avg. RL Loss: 0.004, Avg. Length: 758.9
Frame: 25100000, Avg. Reward: -5.754, Avg. RL Loss: 0.004, Avg. Length: 733.9
Frame: 25150000, Avg. Reward: -5.738, Avg. RL Loss: 0.004, Avg. Length: 759.9
Frame: 25200000, Avg. Reward: -5.892, Avg. RL Loss: 0.004, Avg. Length: 797.7
Frame: 25250000, Avg. Reward: -5.754, Avg. RL Loss: 0.004, Avg. Length: 756.1
Frame: 25300000, Avg. Reward: -5.514, Avg. RL Loss: 0.004, Avg. Length: 729.6
Frame: 25350000, Avg. Reward: -5.877, Avg. RL Loss: 0.004, Avg. Length: 758.8
Frame: 25400000, Avg. Reward: -5.738, Avg. RL Loss: 0.004, Avg. Length: 730.2
Frame: 25450000, Avg. Reward: -5.829, Avg. RL Loss: 0.004, Avg. Length: 728.1
Frame: 25500000, Avg. Reward: -5.857, Avg. RL Loss: 0.004, Avg. Length: 693.6
Frame: 25550000, Avg. Reward: -5.954, Avg. RL Loss: 0.004, Avg. Length: 759.8
Frame: 25600000, Avg. Reward: -5.686, Avg. RL Loss: 0.004, Avg. Length: 715.9
Frame: 25650000, Avg. Reward: -5.533, Avg. RL Loss: 0.004, Avg. Length: 676.2
Frame: 25700000, Avg. Reward: -5.500, Avg. RL Loss: 0.004, Avg. Length: 711.8
Frame: 25750000, Avg. Reward: -5.800, Avg. RL Loss: 0.004, Avg. Length: 727.7
Frame: 25800000, Avg. Reward: -5.671, Avg. RL Loss: 0.004, Avg. Length: 689.5
Frame: 25850000, Avg. Reward: -5.829, Avg. RL Loss: 0.004, Avg. Length: 712.8
Frame: 25900000, Avg. Reward: -5.520, Avg. RL Loss: 0.004, Avg. Length: 681.1
Frame: 25950000, Avg. Reward: -5.743, Avg. RL Loss: 0.004, Avg. Length: 723.2
Frame: 26000000, Avg. Reward: -5.629, Avg. RL Loss: 0.004, Avg. Length: 714.0
Frame: 26050000, Avg. Reward: -5.846, Avg. RL Loss: 0.004, Avg. Length: 735.7
Frame: 26100000, Avg. Reward: -5.757, Avg. RL Loss: 0.004, Avg. Length: 707.2
Frame: 26150000, Avg. Reward: -5.733, Avg. RL Loss: 0.004, Avg. Length: 703.7
Frame: 26200000, Avg. Reward: -5.846, Avg. RL Loss: 0.004, Avg. Length: 733.4
Frame: 26250000, Avg. Reward: -5.829, Avg. RL Loss: 0.004, Avg. Length: 724.5
Frame: 26300000, Avg. Reward: -5.600, Avg. RL Loss: 0.004, Avg. Length: 711.0
Frame: 26350000, Avg. Reward: -5.614, Avg. RL Loss: 0.004, Avg. Length: 710.0
Frame: 26400000, Avg. Reward: -5.573, Avg. RL Loss: 0.004, Avg. Length: 677.1
Frame: 26450000, Avg. Reward: -5.400, Avg. RL Loss: 0.004, Avg. Length: 670.4
Frame: 26500000, Avg. Reward: -5.714, Avg. RL Loss: 0.004, Avg. Length: 739.4
Frame: 26550000, Avg. Reward: -5.892, Avg. RL Loss: 0.004, Avg. Length: 742.6
Frame: 26600000, Avg. Reward: -5.714, Avg. RL Loss: 0.004, Avg. Length: 710.0
Frame: 26650000, Avg. Reward: -5.646, Avg. RL Loss: 0.004, Avg. Length: 748.2
Frame: 26700000, Avg. Reward: -5.831, Avg. RL Loss: 0.004, Avg. Length: 763.2
Frame: 26750000, Avg. Reward: -5.729, Avg. RL Loss: 0.004, Avg. Length: 730.9
Frame: 26800000, Avg. Reward: -5.614, Avg. RL Loss: 0.004, Avg. Length: 681.8
Frame: 26850000, Avg. Reward: -6.071, Avg. RL Loss: 0.004, Avg. Length: 742.0
Frame: 26900000, Avg. Reward: -5.600, Avg. RL Loss: 0.004, Avg. Length: 753.9
Frame: 26950000, Avg. Reward: -5.557, Avg. RL Loss: 0.004, Avg. Length: 698.2
Frame: 27000000, Avg. Reward: -5.754, Avg. RL Loss: 0.004, Avg. Length: 760.2
Frame: 27050000, Avg. Reward: -5.786, Avg. RL Loss: 0.004, Avg. Length: 721.8
Frame: 27100000, Avg. Reward: -5.520, Avg. RL Loss: 0.004, Avg. Length: 680.1
Frame: 27150000, Avg. Reward: -5.929, Avg. RL Loss: 0.004, Avg. Length: 692.3
Frame: 27200000, Avg. Reward: -5.427, Avg. RL Loss: 0.004, Avg. Length: 669.4
Frame: 27250000, Avg. Reward: -6.000, Avg. RL Loss: 0.004, Avg. Length: 783.9
Frame: 27300000, Avg. Reward: -5.754, Avg. RL Loss: 0.004, Avg. Length: 737.5
Frame: 27350000, Avg. Reward: -6.167, Avg. RL Loss: 0.004, Avg. Length: 789.0
Frame: 27400000, Avg. Reward: -5.700, Avg. RL Loss: 0.004, Avg. Length: 740.5
Frame: 27450000, Avg. Reward: -5.843, Avg. RL Loss: 0.004, Avg. Length: 748.4
Frame: 27500000, Avg. Reward: -5.846, Avg. RL Loss: 0.004, Avg. Length: 740.1
Frame: 27550000, Avg. Reward: -5.743, Avg. RL Loss: 0.004, Avg. Length: 740.4
Frame: 27600000, Avg. Reward: -5.529, Avg. RL Loss: 0.004, Avg. Length: 668.6
Frame: 27650000, Avg. Reward: -5.667, Avg. RL Loss: 0.004, Avg. Length: 698.0
Frame: 27700000, Avg. Reward: -5.657, Avg. RL Loss: 0.004, Avg. Length: 704.0
Frame: 27750000, Avg. Reward: -5.700, Avg. RL Loss: 0.004, Avg. Length: 700.8
Frame: 27800000, Avg. Reward: -5.586, Avg. RL Loss: 0.004, Avg. Length: 713.3
Frame: 27850000, Avg. Reward: -5.923, Avg. RL Loss: 0.004, Avg. Length: 773.2
Frame: 27900000, Avg. Reward: -5.846, Avg. RL Loss: 0.004, Avg. Length: 731.3
Frame: 27950000, Avg. Reward: -5.867, Avg. RL Loss: 0.004, Avg. Length: 806.8
Frame: 28000000, Avg. Reward: -6.217, Avg. RL Loss: 0.004, Avg. Length: 813.4
Frame: 28050000, Avg. Reward: -5.738, Avg. RL Loss: 0.004, Avg. Length: 779.3
Frame: 28100000, Avg. Reward: -5.640, Avg. RL Loss: 0.004, Avg. Length: 697.6
Frame: 28150000, Avg. Reward: -5.892, Avg. RL Loss: 0.004, Avg. Length: 748.4
Frame: 28200000, Avg. Reward: -5.917, Avg. RL Loss: 0.004, Avg. Length: 781.4
Frame: 28250000, Avg. Reward: -5.771, Avg. RL Loss: 0.004, Avg. Length: 735.4
Frame: 28300000, Avg. Reward: -5.543, Avg. RL Loss: 0.004, Avg. Length: 705.9
Frame: 28350000, Avg. Reward: -5.514, Avg. RL Loss: 0.004, Avg. Length: 706.4
Frame: 28400000, Avg. Reward: -5.667, Avg. RL Loss: 0.004, Avg. Length: 677.9
Frame: 28450000, Avg. Reward: -5.686, Avg. RL Loss: 0.004, Avg. Length: 665.0
Frame: 28500000, Avg. Reward: -6.143, Avg. RL Loss: 0.004, Avg. Length: 736.2
Frame: 28550000, Avg. Reward: -5.657, Avg. RL Loss: 0.004, Avg. Length: 703.4
Frame: 28600000, Avg. Reward: -5.729, Avg. RL Loss: 0.004, Avg. Length: 737.0
Frame: 28650000, Avg. Reward: -5.923, Avg. RL Loss: 0.004, Avg. Length: 732.9
Frame: 28700000, Avg. Reward: -5.954, Avg. RL Loss: 0.004, Avg. Length: 722.8
Frame: 28750000, Avg. Reward: -5.667, Avg. RL Loss: 0.004, Avg. Length: 705.9
Frame: 28800000, Avg. Reward: -5.750, Avg. RL Loss: 0.004, Avg. Length: 774.3
Frame: 28850000, Avg. Reward: -5.831, Avg. RL Loss: 0.004, Avg. Length: 775.8
Frame: 28900000, Avg. Reward: -5.815, Avg. RL Loss: 0.004, Avg. Length: 742.2
Frame: 28950000, Avg. Reward: -6.333, Avg. RL Loss: 0.004, Avg. Length: 765.3
Frame: 29000000, Avg. Reward: -5.986, Avg. RL Loss: 0.004, Avg. Length: 750.6
Frame: 29050000, Avg. Reward: -5.643, Avg. RL Loss: 0.004, Avg. Length: 718.4
Frame: 29100000, Avg. Reward: -5.785, Avg. RL Loss: 0.004, Avg. Length: 766.1
Frame: 29150000, Avg. Reward: -6.000, Avg. RL Loss: 0.004, Avg. Length: 792.5
Frame: 29200000, Avg. Reward: -5.693, Avg. RL Loss: 0.004, Avg. Length: 698.4
Frame: 29250000, Avg. Reward: -5.877, Avg. RL Loss: 0.004, Avg. Length: 764.6
Frame: 29300000, Avg. Reward: -5.815, Avg. RL Loss: 0.004, Avg. Length: 720.2
Frame: 29350000, Avg. Reward: -5.738, Avg. RL Loss: 0.004, Avg. Length: 749.0
Frame: 29400000, Avg. Reward: -5.614, Avg. RL Loss: 0.004, Avg. Length: 732.6
Frame: 29450000, Avg. Reward: -5.815, Avg. RL Loss: 0.004, Avg. Length: 718.1
Frame: 29500000, Avg. Reward: -5.587, Avg. RL Loss: 0.004, Avg. Length: 706.7
Frame: 29550000, Avg. Reward: -5.917, Avg. RL Loss: 0.004, Avg. Length: 770.3
Frame: 29600000, Avg. Reward: -5.677, Avg. RL Loss: 0.004, Avg. Length: 769.4
Frame: 29650000, Avg. Reward: -5.600, Avg. RL Loss: 0.004, Avg. Length: 735.2
Frame: 29700000, Avg. Reward: -5.833, Avg. RL Loss: 0.004, Avg. Length: 780.4
Frame: 29750000, Avg. Reward: -5.743, Avg. RL Loss: 0.004, Avg. Length: 707.3
Frame: 29800000, Avg. Reward: -5.386, Avg. RL Loss: 0.004, Avg. Length: 715.6
Frame: 29850000, Avg. Reward: -5.800, Avg. RL Loss: 0.004, Avg. Length: 767.3
Frame: 29900000, Avg. Reward: -5.800, Avg. RL Loss: 0.004, Avg. Length: 767.6
Frame: 29950000, Avg. Reward: -5.815, Avg. RL Loss: 0.004, Avg. Length: 747.3
Frame: 30000000, Avg. Reward: -5.600, Avg. RL Loss: 0.004, Avg. Length: 702.1
Frame: 30050000, Avg. Reward: -5.707, Avg. RL Loss: 0.004, Avg. Length: 685.4
Frame: 30100000, Avg. Reward: -5.586, Avg. RL Loss: 0.004, Avg. Length: 707.1
Frame: 30150000, Avg. Reward: -5.877, Avg. RL Loss: 0.004, Avg. Length: 750.6
Frame: 30200000, Avg. Reward: -5.643, Avg. RL Loss: 0.004, Avg. Length: 696.8
Frame: 30250000, Avg. Reward: -5.771, Avg. RL Loss: 0.004, Avg. Length: 725.6
Frame: 30300000, Avg. Reward: -6.167, Avg. RL Loss: 0.004, Avg. Length: 829.0
Frame: 30350000, Avg. Reward: -5.815, Avg. RL Loss: 0.004, Avg. Length: 727.2
Frame: 30400000, Avg. Reward: -5.657, Avg. RL Loss: 0.004, Avg. Length: 701.7
Frame: 30450000, Avg. Reward: -5.680, Avg. RL Loss: 0.004, Avg. Length: 683.3
Frame: 30500000, Avg. Reward: -6.117, Avg. RL Loss: 0.004, Avg. Length: 825.0
Frame: 30550000, Avg. Reward: -5.477, Avg. RL Loss: 0.004, Avg. Length: 747.7
Frame: 30600000, Avg. Reward: -5.585, Avg. RL Loss: 0.004, Avg. Length: 731.5
Frame: 30650000, Avg. Reward: -6.092, Avg. RL Loss: 0.004, Avg. Length: 765.6
Frame: 30700000, Avg. Reward: -5.700, Avg. RL Loss: 0.004, Avg. Length: 733.6
Frame: 30750000, Avg. Reward: -5.969, Avg. RL Loss: 0.004, Avg. Length: 771.2
Frame: 30800000, Avg. Reward: -5.957, Avg. RL Loss: 0.004, Avg. Length: 725.6
Frame: 30850000, Avg. Reward: -5.857, Avg. RL Loss: 0.004, Avg. Length: 710.4
Frame: 30900000, Avg. Reward: -5.646, Avg. RL Loss: 0.004, Avg. Length: 713.1
Frame: 30950000, Avg. Reward: -6.046, Avg. RL Loss: 0.004, Avg. Length: 770.8
Frame: 31000000, Avg. Reward: -5.671, Avg. RL Loss: 0.004, Avg. Length: 736.9
Frame: 31050000, Avg. Reward: -5.708, Avg. RL Loss: 0.004, Avg. Length: 756.1
Frame: 31100000, Avg. Reward: -5.587, Avg. RL Loss: 0.004, Avg. Length: 692.3
Frame: 31150000, Avg. Reward: -5.573, Avg. RL Loss: 0.004, Avg. Length: 668.9
Frame: 31200000, Avg. Reward: -5.900, Avg. RL Loss: 0.004, Avg. Length: 759.0
Frame: 31250000, Avg. Reward: -5.846, Avg. RL Loss: 0.004, Avg. Length: 757.4
Frame: 31300000, Avg. Reward: -5.720, Avg. RL Loss: 0.004, Avg. Length: 673.1
Frame: 31350000, Avg. Reward: -5.754, Avg. RL Loss: 0.004, Avg. Length: 742.6
Frame: 31400000, Avg. Reward: -5.757, Avg. RL Loss: 0.004, Avg. Length: 721.6
Frame: 31450000, Avg. Reward: -5.657, Avg. RL Loss: 0.004, Avg. Length: 725.7
Frame: 31500000, Avg. Reward: -5.692, Avg. RL Loss: 0.004, Avg. Length: 727.6
Frame: 31550000, Avg. Reward: -5.586, Avg. RL Loss: 0.004, Avg. Length: 700.9
Frame: 31600000, Avg. Reward: -5.585, Avg. RL Loss: 0.004, Avg. Length: 747.8
Frame: 31650000, Avg. Reward: -5.700, Avg. RL Loss: 0.004, Avg. Length: 725.9
Frame: 31700000, Avg. Reward: -5.923, Avg. RL Loss: 0.004, Avg. Length: 790.1
Frame: 31750000, Avg. Reward: -5.815, Avg. RL Loss: 0.004, Avg. Length: 732.0
Frame: 31800000, Avg. Reward: -5.833, Avg. RL Loss: 0.004, Avg. Length: 738.7
Frame: 31850000, Avg. Reward: -5.814, Avg. RL Loss: 0.004, Avg. Length: 775.7
Frame: 31900000, Avg. Reward: -5.500, Avg. RL Loss: 0.004, Avg. Length: 685.3
Frame: 31950000, Avg. Reward: -5.500, Avg. RL Loss: 0.004, Avg. Length: 726.4
Frame: 32000000, Avg. Reward: -5.571, Avg. RL Loss: 0.004, Avg. Length: 691.7
Frame: 32050000, Avg. Reward: -5.427, Avg. RL Loss: 0.004, Avg. Length: 670.5
Frame: 32100000, Avg. Reward: -5.769, Avg. RL Loss: 0.004, Avg. Length: 759.5
Frame: 32150000, Avg. Reward: -5.400, Avg. RL Loss: 0.004, Avg. Length: 714.9
Frame: 32200000, Avg. Reward: -5.429, Avg. RL Loss: 0.004, Avg. Length: 716.4
Frame: 32250000, Avg. Reward: -5.560, Avg. RL Loss: 0.004, Avg. Length: 686.4
Frame: 32300000, Avg. Reward: -5.662, Avg. RL Loss: 0.004, Avg. Length: 726.0
Frame: 32350000, Avg. Reward: -5.814, Avg. RL Loss: 0.004, Avg. Length: 759.6
Frame: 32400000, Avg. Reward: -5.729, Avg. RL Loss: 0.004, Avg. Length: 699.9
Frame: 32450000, Avg. Reward: -5.543, Avg. RL Loss: 0.004, Avg. Length: 731.5
Frame: 32500000, Avg. Reward: -5.615, Avg. RL Loss: 0.004, Avg. Length: 748.8
Frame: 32550000, Avg. Reward: -5.400, Avg. RL Loss: 0.004, Avg. Length: 774.0
Frame: 32600000, Avg. Reward: -5.985, Avg. RL Loss: 0.004, Avg. Length: 776.5
Frame: 32650000, Avg. Reward: -5.662, Avg. RL Loss: 0.004, Avg. Length: 728.3
Frame: 32700000, Avg. Reward: -5.769, Avg. RL Loss: 0.004, Avg. Length: 758.4
Frame: 32750000, Avg. Reward: -5.957, Avg. RL Loss: 0.004, Avg. Length: 750.9
Frame: 32800000, Avg. Reward: -5.643, Avg. RL Loss: 0.004, Avg. Length: 701.1
Frame: 32850000, Avg. Reward: -5.814, Avg. RL Loss: 0.004, Avg. Length: 704.4
Frame: 32900000, Avg. Reward: -5.614, Avg. RL Loss: 0.004, Avg. Length: 740.4
Frame: 32950000, Avg. Reward: -5.815, Avg. RL Loss: 0.004, Avg. Length: 770.6
Frame: 33000000, Avg. Reward: -5.815, Avg. RL Loss: 0.004, Avg. Length: 739.5
Frame: 33050000, Avg. Reward: -5.862, Avg. RL Loss: 0.004, Avg. Length: 741.3
Frame: 33100000, Avg. Reward: -5.846, Avg. RL Loss: 0.004, Avg. Length: 774.6
Frame: 33150000, Avg. Reward: -5.586, Avg. RL Loss: 0.004, Avg. Length: 735.5
Frame: 33200000, Avg. Reward: -5.631, Avg. RL Loss: 0.004, Avg. Length: 741.8
Frame: 33250000, Avg. Reward: -6.183, Avg. RL Loss: 0.004, Avg. Length: 825.8
Frame: 33300000, Avg. Reward: -5.657, Avg. RL Loss: 0.004, Avg. Length: 731.5
Frame: 33350000, Avg. Reward: -5.754, Avg. RL Loss: 0.004, Avg. Length: 769.7
Frame: 33400000, Avg. Reward: -5.862, Avg. RL Loss: 0.004, Avg. Length: 753.8
Frame: 33450000, Avg. Reward: -5.614, Avg. RL Loss: 0.004, Avg. Length: 729.6
Frame: 33500000, Avg. Reward: -5.600, Avg. RL Loss: 0.004, Avg. Length: 788.2
Frame: 33550000, Avg. Reward: -5.714, Avg. RL Loss: 0.004, Avg. Length: 732.0
Frame: 33600000, Avg. Reward: -5.817, Avg. RL Loss: 0.004, Avg. Length: 762.2
Frame: 33650000, Avg. Reward: -6.400, Avg. RL Loss: 0.004, Avg. Length: 832.4
Frame: 33700000, Avg. Reward: -5.969, Avg. RL Loss: 0.004, Avg. Length: 739.8
Frame: 33750000, Avg. Reward: -5.785, Avg. RL Loss: 0.004, Avg. Length: 761.2
Frame: 33800000, Avg. Reward: -5.646, Avg. RL Loss: 0.004, Avg. Length: 716.2
Frame: 33850000, Avg. Reward: -5.743, Avg. RL Loss: 0.004, Avg. Length: 742.9
Frame: 33900000, Avg. Reward: -5.723, Avg. RL Loss: 0.004, Avg. Length: 724.0
Frame: 33950000, Avg. Reward: -5.708, Avg. RL Loss: 0.004, Avg. Length: 762.7
Frame: 34000000, Avg. Reward: -5.943, Avg. RL Loss: 0.004, Avg. Length: 758.0
Frame: 34050000, Avg. Reward: -5.629, Avg. RL Loss: 0.004, Avg. Length: 711.9
Frame: 34100000, Avg. Reward: -5.373, Avg. RL Loss: 0.004, Avg. Length: 655.7
Frame: 34150000, Avg. Reward: -5.646, Avg. RL Loss: 0.004, Avg. Length: 740.0
Frame: 34200000, Avg. Reward: -5.938, Avg. RL Loss: 0.004, Avg. Length: 789.5
Frame: 34250000, Avg. Reward: -5.671, Avg. RL Loss: 0.004, Avg. Length: 734.5
Frame: 34300000, Avg. Reward: -5.950, Avg. RL Loss: 0.004, Avg. Length: 773.9
Frame: 34350000, Avg. Reward: -5.754, Avg. RL Loss: 0.004, Avg. Length: 777.9
Frame: 34400000, Avg. Reward: -6.077, Avg. RL Loss: 0.004, Avg. Length: 800.0
Frame: 34450000, Avg. Reward: -5.529, Avg. RL Loss: 0.004, Avg. Length: 682.3
Frame: 34500000, Avg. Reward: -5.743, Avg. RL Loss: 0.004, Avg. Length: 730.9
Frame: 34550000, Avg. Reward: -5.738, Avg. RL Loss: 0.004, Avg. Length: 773.7
Frame: 34600000, Avg. Reward: -5.938, Avg. RL Loss: 0.004, Avg. Length: 755.2
Frame: 34650000, Avg. Reward: -5.815, Avg. RL Loss: 0.004, Avg. Length: 748.6
Frame: 34700000, Avg. Reward: -5.457, Avg. RL Loss: 0.004, Avg. Length: 728.0
Frame: 34750000, Avg. Reward: -5.754, Avg. RL Loss: 0.004, Avg. Length: 758.1
Frame: 34800000, Avg. Reward: -5.738, Avg. RL Loss: 0.004, Avg. Length: 765.2
Frame: 34850000, Avg. Reward: -5.938, Avg. RL Loss: 0.004, Avg. Length: 771.5
Frame: 34900000, Avg. Reward: -5.743, Avg. RL Loss: 0.004, Avg. Length: 730.2
Frame: 34950000, Avg. Reward: -5.785, Avg. RL Loss: 0.004, Avg. Length: 747.7
Frame: 35000000, Avg. Reward: -5.714, Avg. RL Loss: 0.004, Avg. Length: 741.1
Frame: 35050000, Avg. Reward: -5.646, Avg. RL Loss: 0.004, Avg. Length: 739.8
Frame: 35100000, Avg. Reward: -5.769, Avg. RL Loss: 0.004, Avg. Length: 752.2
Frame: 35150000, Avg. Reward: -5.943, Avg. RL Loss: 0.004, Avg. Length: 759.7
Frame: 35200000, Avg. Reward: -5.786, Avg. RL Loss: 0.004, Avg. Length: 719.6
Frame: 35250000, Avg. Reward: -5.892, Avg. RL Loss: 0.004, Avg. Length: 737.2
Frame: 35300000, Avg. Reward: -5.892, Avg. RL Loss: 0.004, Avg. Length: 741.4
Frame: 35350000, Avg. Reward: -5.757, Avg. RL Loss: 0.004, Avg. Length: 737.1
Frame: 35400000, Avg. Reward: -5.738, Avg. RL Loss: 0.004, Avg. Length: 775.3
Frame: 35450000, Avg. Reward: -5.862, Avg. RL Loss: 0.004, Avg. Length: 743.5
Frame: 35500000, Avg. Reward: -5.680, Avg. RL Loss: 0.004, Avg. Length: 687.9
Frame: 35550000, Avg. Reward: -5.600, Avg. RL Loss: 0.004, Avg. Length: 699.4
Frame: 35600000, Avg. Reward: -5.815, Avg. RL Loss: 0.004, Avg. Length: 778.5
Frame: 35650000, Avg. Reward: -5.585, Avg. RL Loss: 0.004, Avg. Length: 735.4
Frame: 35700000, Avg. Reward: -5.800, Avg. RL Loss: 0.004, Avg. Length: 754.6
Frame: 35750000, Avg. Reward: -5.815, Avg. RL Loss: 0.004, Avg. Length: 743.3
Frame: 35800000, Avg. Reward: -5.877, Avg. RL Loss: 0.004, Avg. Length: 721.0
Frame: 35850000, Avg. Reward: -5.646, Avg. RL Loss: 0.004, Avg. Length: 764.2
Frame: 35900000, Avg. Reward: -5.629, Avg. RL Loss: 0.004, Avg. Length: 685.1
Frame: 35950000, Avg. Reward: -6.185, Avg. RL Loss: 0.004, Avg. Length: 794.8
Frame: 36000000, Avg. Reward: -5.614, Avg. RL Loss: 0.004, Avg. Length: 726.1
Frame: 36050000, Avg. Reward: -5.615, Avg. RL Loss: 0.004, Avg. Length: 721.7
Frame: 36100000, Avg. Reward: -5.785, Avg. RL Loss: 0.004, Avg. Length: 782.3
Frame: 36150000, Avg. Reward: -5.692, Avg. RL Loss: 0.004, Avg. Length: 713.8
Frame: 36200000, Avg. Reward: -5.800, Avg. RL Loss: 0.004, Avg. Length: 778.8
Frame: 36250000, Avg. Reward: -5.983, Avg. RL Loss: 0.004, Avg. Length: 788.4
Frame: 36300000, Avg. Reward: -5.743, Avg. RL Loss: 0.004, Avg. Length: 745.6
Frame: 36350000, Avg. Reward: -5.815, Avg. RL Loss: 0.004, Avg. Length: 738.0
Frame: 36400000, Avg. Reward: -6.167, Avg. RL Loss: 0.004, Avg. Length: 799.9
Frame: 36450000, Avg. Reward: -5.785, Avg. RL Loss: 0.004, Avg. Length: 767.8
Frame: 36500000, Avg. Reward: -5.843, Avg. RL Loss: 0.004, Avg. Length: 736.8
Frame: 36550000, Avg. Reward: -5.686, Avg. RL Loss: 0.004, Avg. Length: 723.2
Frame: 36600000, Avg. Reward: -5.729, Avg. RL Loss: 0.004, Avg. Length: 660.6
Frame: 36650000, Avg. Reward: -6.062, Avg. RL Loss: 0.004, Avg. Length: 756.8
Frame: 36700000, Avg. Reward: -5.815, Avg. RL Loss: 0.004, Avg. Length: 758.3
Frame: 36750000, Avg. Reward: -6.015, Avg. RL Loss: 0.004, Avg. Length: 718.2
Frame: 36800000, Avg. Reward: -6.169, Avg. RL Loss: 0.004, Avg. Length: 740.1
Frame: 36850000, Avg. Reward: -5.871, Avg. RL Loss: 0.004, Avg. Length: 722.0
Frame: 36900000, Avg. Reward: -5.680, Avg. RL Loss: 0.004, Avg. Length: 678.5
Frame: 36950000, Avg. Reward: -5.467, Avg. RL Loss: 0.004, Avg. Length: 656.1
Frame: 37000000, Avg. Reward: -5.757, Avg. RL Loss: 0.004, Avg. Length: 738.5
Frame: 37050000, Avg. Reward: -5.831, Avg. RL Loss: 0.004, Avg. Length: 736.2
Frame: 37100000, Avg. Reward: -5.700, Avg. RL Loss: 0.004, Avg. Length: 720.6
Frame: 37150000, Avg. Reward: -5.729, Avg. RL Loss: 0.004, Avg. Length: 690.3
Frame: 37200000, Avg. Reward: -5.857, Avg. RL Loss: 0.004, Avg. Length: 712.5
Frame: 37250000, Avg. Reward: -5.862, Avg. RL Loss: 0.004, Avg. Length: 796.4
Frame: 37300000, Avg. Reward: -5.643, Avg. RL Loss: 0.004, Avg. Length: 726.4
Frame: 37350000, Avg. Reward: -5.646, Avg. RL Loss: 0.004, Avg. Length: 724.5
Frame: 37400000, Avg. Reward: -5.786, Avg. RL Loss: 0.004, Avg. Length: 733.7
Frame: 37450000, Avg. Reward: -6.086, Avg. RL Loss: 0.004, Avg. Length: 733.5
Frame: 37500000, Avg. Reward: -6.083, Avg. RL Loss: 0.004, Avg. Length: 829.4
Frame: 37550000, Avg. Reward: -5.831, Avg. RL Loss: 0.004, Avg. Length: 752.9
Frame: 37600000, Avg. Reward: -5.600, Avg. RL Loss: 0.004, Avg. Length: 728.4
Frame: 37650000, Avg. Reward: -5.914, Avg. RL Loss: 0.004, Avg. Length: 736.8
Frame: 37700000, Avg. Reward: -5.769, Avg. RL Loss: 0.004, Avg. Length: 715.5
Frame: 37750000, Avg. Reward: -5.815, Avg. RL Loss: 0.004, Avg. Length: 781.6
Frame: 37800000, Avg. Reward: -6.015, Avg. RL Loss: 0.004, Avg. Length: 787.6
Frame: 37850000, Avg. Reward: -5.743, Avg. RL Loss: 0.004, Avg. Length: 717.6
Frame: 37900000, Avg. Reward: -5.867, Avg. RL Loss: 0.004, Avg. Length: 797.7
Frame: 37950000, Avg. Reward: -5.643, Avg. RL Loss: 0.004, Avg. Length: 715.7
Frame: 38000000, Avg. Reward: -6.083, Avg. RL Loss: 0.004, Avg. Length: 817.8
Frame: 38050000, Avg. Reward: -5.586, Avg. RL Loss: 0.004, Avg. Length: 738.6
Frame: 38100000, Avg. Reward: -5.877, Avg. RL Loss: 0.004, Avg. Length: 772.9
Frame: 38150000, Avg. Reward: -5.429, Avg. RL Loss: 0.004, Avg. Length: 695.6
Frame: 38200000, Avg. Reward: -5.831, Avg. RL Loss: 0.004, Avg. Length: 793.9
Frame: 38250000, Avg. Reward: -5.950, Avg. RL Loss: 0.004, Avg. Length: 797.3
Frame: 38300000, Avg. Reward: -5.892, Avg. RL Loss: 0.004, Avg. Length: 739.6
Frame: 38350000, Avg. Reward: -5.840, Avg. RL Loss: 0.004, Avg. Length: 702.7
Frame: 38400000, Avg. Reward: -5.757, Avg. RL Loss: 0.004, Avg. Length: 693.4
Frame: 38450000, Avg. Reward: -5.500, Avg. RL Loss: 0.004, Avg. Length: 714.8
Frame: 38500000, Avg. Reward: -5.900, Avg. RL Loss: 0.004, Avg. Length: 799.7
Frame: 38550000, Avg. Reward: -6.000, Avg. RL Loss: 0.004, Avg. Length: 841.5
Frame: 38600000, Avg. Reward: -5.785, Avg. RL Loss: 0.004, Avg. Length: 738.8
Frame: 38650000, Avg. Reward: -5.877, Avg. RL Loss: 0.004, Avg. Length: 768.3
Frame: 38700000, Avg. Reward: -5.957, Avg. RL Loss: 0.004, Avg. Length: 738.6
Frame: 38750000, Avg. Reward: -5.386, Avg. RL Loss: 0.004, Avg. Length: 691.6
Frame: 38800000, Avg. Reward: -5.586, Avg. RL Loss: 0.004, Avg. Length: 719.3
Frame: 38850000, Avg. Reward: -5.831, Avg. RL Loss: 0.004, Avg. Length: 730.2
Frame: 38900000, Avg. Reward: -6.033, Avg. RL Loss: 0.004, Avg. Length: 829.3
Frame: 38950000, Avg. Reward: -5.877, Avg. RL Loss: 0.004, Avg. Length: 755.7
Frame: 39000000, Avg. Reward: -5.692, Avg. RL Loss: 0.004, Avg. Length: 739.6
Frame: 39050000, Avg. Reward: -6.133, Avg. RL Loss: 0.004, Avg. Length: 821.2
Frame: 39100000, Avg. Reward: -5.908, Avg. RL Loss: 0.004, Avg. Length: 750.8
Frame: 39150000, Avg. Reward: -5.800, Avg. RL Loss: 0.004, Avg. Length: 757.0
Frame: 39200000, Avg. Reward: -5.700, Avg. RL Loss: 0.004, Avg. Length: 733.2
Frame: 39250000, Avg. Reward: -5.831, Avg. RL Loss: 0.004, Avg. Length: 735.3
Frame: 39300000, Avg. Reward: -5.700, Avg. RL Loss: 0.004, Avg. Length: 749.2
Frame: 39350000, Avg. Reward: -5.631, Avg. RL Loss: 0.004, Avg. Length: 750.1
Frame: 39400000, Avg. Reward: -5.708, Avg. RL Loss: 0.004, Avg. Length: 744.8
Frame: 39450000, Avg. Reward: -5.657, Avg. RL Loss: 0.004, Avg. Length: 737.1
Frame: 39500000, Avg. Reward: -5.677, Avg. RL Loss: 0.004, Avg. Length: 745.2
Frame: 39550000, Avg. Reward: -5.877, Avg. RL Loss: 0.004, Avg. Length: 758.4
Frame: 39600000, Avg. Reward: -5.714, Avg. RL Loss: 0.004, Avg. Length: 746.8
Frame: 39650000, Avg. Reward: -5.714, Avg. RL Loss: 0.004, Avg. Length: 694.6
Frame: 39700000, Avg. Reward: -5.757, Avg. RL Loss: 0.004, Avg. Length: 699.5
Frame: 39750000, Avg. Reward: -5.693, Avg. RL Loss: 0.004, Avg. Length: 699.6
Frame: 39800000, Avg. Reward: -5.686, Avg. RL Loss: 0.004, Avg. Length: 710.1
Frame: 39850000, Avg. Reward: -5.413, Avg. RL Loss: 0.004, Avg. Length: 660.1
Frame: 39900000, Avg. Reward: -5.862, Avg. RL Loss: 0.004, Avg. Length: 745.5
Frame: 39950000, Avg. Reward: -5.785, Avg. RL Loss: 0.004, Avg. Length: 773.6
Frame: 40000000, Avg. Reward: -5.700, Avg. RL Loss: 0.004, Avg. Length: 817.7
Frame: 40050000, Avg. Reward: -5.850, Avg. RL Loss: 0.004, Avg. Length: 739.2
Frame: 40100000, Avg. Reward: -5.829, Avg. RL Loss: 0.004, Avg. Length: 724.9
Frame: 40150000, Avg. Reward: -5.573, Avg. RL Loss: 0.004, Avg. Length: 703.7
Frame: 40200000, Avg. Reward: -5.950, Avg. RL Loss: 0.004, Avg. Length: 767.0
Frame: 40250000, Avg. Reward: -5.786, Avg. RL Loss: 0.004, Avg. Length: 714.4
Frame: 40300000, Avg. Reward: -5.680, Avg. RL Loss: 0.004, Avg. Length: 704.0
Frame: 40350000, Avg. Reward: -5.547, Avg. RL Loss: 0.004, Avg. Length: 658.6
Frame: 40400000, Avg. Reward: -5.413, Avg. RL Loss: 0.004, Avg. Length: 660.8
Frame: 40450000, Avg. Reward: -5.514, Avg. RL Loss: 0.004, Avg. Length: 662.5
Frame: 40500000, Avg. Reward: -5.892, Avg. RL Loss: 0.004, Avg. Length: 716.3
Frame: 40550000, Avg. Reward: -6.154, Avg. RL Loss: 0.004, Avg. Length: 810.2
Frame: 40600000, Avg. Reward: -5.754, Avg. RL Loss: 0.004, Avg. Length: 758.4
Frame: 40650000, Avg. Reward: -6.185, Avg. RL Loss: 0.004, Avg. Length: 768.3
Frame: 40700000, Avg. Reward: -5.754, Avg. RL Loss: 0.004, Avg. Length: 760.5
Frame: 40750000, Avg. Reward: -5.692, Avg. RL Loss: 0.004, Avg. Length: 774.2
Frame: 40800000, Avg. Reward: -5.708, Avg. RL Loss: 0.004, Avg. Length: 768.9
Frame: 40850000, Avg. Reward: -5.877, Avg. RL Loss: 0.004, Avg. Length: 738.5
Frame: 40900000, Avg. Reward: -5.938, Avg. RL Loss: 0.004, Avg. Length: 786.5
Frame: 40950000, Avg. Reward: -5.800, Avg. RL Loss: 0.004, Avg. Length: 750.2
Frame: 41000000, Avg. Reward: -5.600, Avg. RL Loss: 0.004, Avg. Length: 715.3
Frame: 41050000, Avg. Reward: -5.614, Avg. RL Loss: 0.004, Avg. Length: 719.8
Frame: 41100000, Avg. Reward: -5.571, Avg. RL Loss: 0.004, Avg. Length: 695.6
Frame: 41150000, Avg. Reward: -5.686, Avg. RL Loss: 0.004, Avg. Length: 711.9
Frame: 41200000, Avg. Reward: -5.985, Avg. RL Loss: 0.004, Avg. Length: 757.8
Frame: 41250000, Avg. Reward: -5.677, Avg. RL Loss: 0.004, Avg. Length: 738.3
Frame: 41300000, Avg. Reward: -6.138, Avg. RL Loss: 0.004, Avg. Length: 760.7
Frame: 41350000, Avg. Reward: -5.523, Avg. RL Loss: 0.004, Avg. Length: 744.8
Frame: 41400000, Avg. Reward: -5.769, Avg. RL Loss: 0.004, Avg. Length: 741.9
Frame: 41450000, Avg. Reward: -5.969, Avg. RL Loss: 0.004, Avg. Length: 750.4
Frame: 41500000, Avg. Reward: -5.708, Avg. RL Loss: 0.004, Avg. Length: 745.9
Frame: 41550000, Avg. Reward: -5.831, Avg. RL Loss: 0.004, Avg. Length: 778.8
Frame: 41600000, Avg. Reward: -5.877, Avg. RL Loss: 0.004, Avg. Length: 764.1
Frame: 41650000, Avg. Reward: -5.486, Avg. RL Loss: 0.004, Avg. Length: 715.4
Frame: 41700000, Avg. Reward: -5.614, Avg. RL Loss: 0.004, Avg. Length: 690.5
Frame: 41750000, Avg. Reward: -5.929, Avg. RL Loss: 0.004, Avg. Length: 721.9
Frame: 41800000, Avg. Reward: -5.671, Avg. RL Loss: 0.004, Avg. Length: 713.1
Frame: 41850000, Avg. Reward: -5.800, Avg. RL Loss: 0.004, Avg. Length: 767.8
Frame: 41900000, Avg. Reward: -6.100, Avg. RL Loss: 0.004, Avg. Length: 774.5
Frame: 41950000, Avg. Reward: -5.560, Avg. RL Loss: 0.004, Avg. Length: 699.4
Frame: 42000000, Avg. Reward: -5.557, Avg. RL Loss: 0.004, Avg. Length: 668.5
Frame: 42050000, Avg. Reward: -6.029, Avg. RL Loss: 0.004, Avg. Length: 748.4
Frame: 42100000, Avg. Reward: -5.507, Avg. RL Loss: 0.004, Avg. Length: 670.0
Frame: 42150000, Avg. Reward: -5.671, Avg. RL Loss: 0.004, Avg. Length: 690.0
Frame: 42200000, Avg. Reward: -5.971, Avg. RL Loss: 0.004, Avg. Length: 734.8
Frame: 42250000, Avg. Reward: -5.514, Avg. RL Loss: 0.004, Avg. Length: 685.0