                          Options
                          seed: 1122
                          batch_size: 32
                          no_cuda: False
                          max_frames: 20000000
                          buffer_size: 100000
                          update_target: 1000
                          train_freq: 1
                          gamma: 0.99
                          eta: 0.1
                          rl_start: 10000
                          sl_start: 1000
                          num_envs: 3
                          hidden_dim: 256
                          dueling: False
                          multi_step: 1
                          cce: False
                          env: pong_v1
                          ram: True
                          negative: False
                          against_baseline: False
                          load_model: None
                          save_model: model
                          evaluate: False
                          render: False
                          evaluation_interval: 20000
                          lr: 0.0001
                          max_tag_interval: 10000
                          eps_start: 1.0
                          eps_final: 0.01
                          eps_decay: 30000
                          cuda: True
                          device: cuda:0
[Box(0, 255, (128,), uint8), Box(0, 255, (128,), uint8), Box(0, 255, (128,), uint8)] [Discrete(18), Discrete(18), Discrete(18)]
(128,)
(128,)
(128,)
(128,)
[5240, 5465, 3992, 4281]
Frame: 60000, Avg. Length: 4744.5, P0 Avg. Reward: 2.167, P0 Avg. RL Loss: 0.003, P1 Avg. Reward: -2.167, P1 Avg. RL Loss: 0.003
[4829, 4897, 6209, 3707]
Frame: 120000, Avg. Length: 4910.5, P0 Avg. Reward: 7.333, P0 Avg. RL Loss: 0.003, P1 Avg. Reward: -7.333, P1 Avg. RL Loss: 0.003
[4692, 5292, 4823, 4559]
Frame: 180000, Avg. Length: 4841.5, P0 Avg. Reward: -3.250, P0 Avg. RL Loss: 0.002, P1 Avg. Reward: 3.250, P1 Avg. RL Loss: 0.002
[4808, 3646, 3299, 5089, 5148]
Frame: 240000, Avg. Length: 4398.0, P0 Avg. Reward: -0.067, P0 Avg. RL Loss: 0.002, P1 Avg. Reward: 0.067, P1 Avg. RL Loss: 0.002
[4652, 5641, 4986, 4268]
Frame: 300000, Avg. Length: 4886.8, P0 Avg. Reward: 0.333, P0 Avg. RL Loss: 0.002, P1 Avg. Reward: -0.333, P1 Avg. RL Loss: 0.003
[5764, 4829, 5030, 4611]
Frame: 360000, Avg. Length: 5058.5, P0 Avg. Reward: 0.167, P0 Avg. RL Loss: 0.003, P1 Avg. Reward: -0.167, P1 Avg. RL Loss: 0.003
[5444, 3612, 5158, 5150]
Frame: 420000, Avg. Length: 4841.0, P0 Avg. Reward: 0.250, P0 Avg. RL Loss: 0.003, P1 Avg. Reward: -0.250, P1 Avg. RL Loss: 0.003
[6345, 5421, 4780, 3577]
Frame: 480000, Avg. Length: 5030.8, P0 Avg. Reward: 1.000, P0 Avg. RL Loss: 0.003, P1 Avg. Reward: -1.000, P1 Avg. RL Loss: 0.003
[5471, 3398, 5593, 4237]
Frame: 540000, Avg. Length: 4674.8, P0 Avg. Reward: 7.083, P0 Avg. RL Loss: 0.002, P1 Avg. Reward: -7.083, P1 Avg. RL Loss: 0.003
[5440, 3703, 4904, 4421]
Frame: 600000, Avg. Length: 4617.0, P0 Avg. Reward: 6.667, P0 Avg. RL Loss: 0.002, P1 Avg. Reward: -6.667, P1 Avg. RL Loss: 0.003
[5041, 5004, 4966, 5224]
Frame: 660000, Avg. Length: 5058.8, P0 Avg. Reward: 4.417, P0 Avg. RL Loss: 0.002, P1 Avg. Reward: -4.417, P1 Avg. RL Loss: 0.003
[4347, 7256, 3531, 6481]
Frame: 720000, Avg. Length: 5403.8, P0 Avg. Reward: 4.833, P0 Avg. RL Loss: 0.003, P1 Avg. Reward: -4.833, P1 Avg. RL Loss: 0.003
[3551, 4482, 4241, 5794, 3505]
Frame: 780000, Avg. Length: 4314.6, P0 Avg. Reward: 12.400, P0 Avg. RL Loss: 0.003, P1 Avg. Reward: -12.400, P1 Avg. RL Loss: 0.003
[4689, 5048, 6314]
Frame: 840000, Avg. Length: 5350.3, P0 Avg. Reward: 1.111, P0 Avg. RL Loss: 0.003, P1 Avg. Reward: -1.111, P1 Avg. RL Loss: 0.003
[4746, 4633, 4474, 3229, 4597]
Frame: 900000, Avg. Length: 4335.8, P0 Avg. Reward: 5.867, P0 Avg. RL Loss: 0.003, P1 Avg. Reward: -5.867, P1 Avg. RL Loss: 0.003
[4350, 6431, 3945, 4316]
Frame: 960000, Avg. Length: 4760.5, P0 Avg. Reward: 5.667, P0 Avg. RL Loss: 0.003, P1 Avg. Reward: -5.667, P1 Avg. RL Loss: 0.003
[6155, 5070, 5250, 6394]
Frame: 1020000, Avg. Length: 5717.2, P0 Avg. Reward: 0.667, P0 Avg. RL Loss: 0.003, P1 Avg. Reward: -0.667, P1 Avg. RL Loss: 0.003
[3996, 4267, 3767, 5258]
Frame: 1080000, Avg. Length: 4322.0, P0 Avg. Reward: 9.333, P0 Avg. RL Loss: 0.003, P1 Avg. Reward: -9.333, P1 Avg. RL Loss: 0.003
[5166, 5821, 3856, 3331]
Frame: 1140000, Avg. Length: 4543.5, P0 Avg. Reward: 6.167, P0 Avg. RL Loss: 0.003, P1 Avg. Reward: -6.167, P1 Avg. RL Loss: 0.003
[5939, 4711, 3805, 5580, 5021]
Frame: 1200000, Avg. Length: 5011.2, P0 Avg. Reward: -2.267, P0 Avg. RL Loss: 0.003, P1 Avg. Reward: 2.267, P1 Avg. RL Loss: 0.003
[5327, 5472, 5127, 3286]
Frame: 1260000, Avg. Length: 4803.0, P0 Avg. Reward: 5.500, P0 Avg. RL Loss: 0.003, P1 Avg. Reward: -5.500, P1 Avg. RL Loss: 0.003
[5373, 4556, 5045, 4420]
Frame: 1320000, Avg. Length: 4848.5, P0 Avg. Reward: 0.083, P0 Avg. RL Loss: 0.003, P1 Avg. Reward: -0.083, P1 Avg. RL Loss: 0.003
[3329, 3581, 4882, 3632, 5507]
Frame: 1380000, Avg. Length: 4186.2, P0 Avg. Reward: 9.933, P0 Avg. RL Loss: 0.003, P1 Avg. Reward: -9.933, P1 Avg. RL Loss: 0.003
[4420, 4585, 3951, 4019]
Frame: 1440000, Avg. Length: 4243.8, P0 Avg. Reward: 10.417, P0 Avg. RL Loss: 0.003, P1 Avg. Reward: -10.417, P1 Avg. RL Loss: 0.003
[4470, 4539, 5771, 5171]
Frame: 1500000, Avg. Length: 4987.8, P0 Avg. Reward: 7.583, P0 Avg. RL Loss: 0.003, P1 Avg. Reward: -7.583, P1 Avg. RL Loss: 0.003
[3811, 5867, 5863, 4599]
Frame: 1560000, Avg. Length: 5035.0, P0 Avg. Reward: 2.000, P0 Avg. RL Loss: 0.003, P1 Avg. Reward: -2.000, P1 Avg. RL Loss: 0.003
[6004, 4658, 5021, 3993]
Frame: 1620000, Avg. Length: 4919.0, P0 Avg. Reward: -0.250, P0 Avg. RL Loss: 0.003, P1 Avg. Reward: 0.250, P1 Avg. RL Loss: 0.003
[6112, 6187, 5615, 5164]
Frame: 1680000, Avg. Length: 5769.5, P0 Avg. Reward: -2.000, P0 Avg. RL Loss: 0.003, P1 Avg. Reward: 2.000, P1 Avg. RL Loss: 0.004
[4015, 4742, 5155, 3984]
Frame: 1740000, Avg. Length: 4474.0, P0 Avg. Reward: 1.750, P0 Avg. RL Loss: 0.003, P1 Avg. Reward: -1.750, P1 Avg. RL Loss: 0.004
[5980, 5349, 4233, 5990]
Frame: 1800000, Avg. Length: 5388.0, P0 Avg. Reward: -3.333, P0 Avg. RL Loss: 0.003, P1 Avg. Reward: 3.333, P1 Avg. RL Loss: 0.003
[4558, 5204, 4586, 4646]
Frame: 1860000, Avg. Length: 4748.5, P0 Avg. Reward: 6.000, P0 Avg. RL Loss: 0.003, P1 Avg. Reward: -6.000, P1 Avg. RL Loss: 0.003
[5786, 5918, 3997, 3557]
Frame: 1920000, Avg. Length: 4814.5, P0 Avg. Reward: -4.583, P0 Avg. RL Loss: 0.004, P1 Avg. Reward: 4.583, P1 Avg. RL Loss: 0.004
[5325, 5179, 5036, 5681]
Frame: 1980000, Avg. Length: 5305.2, P0 Avg. Reward: -4.250, P0 Avg. RL Loss: 0.004, P1 Avg. Reward: 4.250, P1 Avg. RL Loss: 0.004
[4939, 5170, 5765]
Frame: 2040000, Avg. Length: 5291.3, P0 Avg. Reward: -7.444, P0 Avg. RL Loss: 0.004, P1 Avg. Reward: 7.444, P1 Avg. RL Loss: 0.004
[5972, 3639, 4289, 4048, 4062, 3793]
Frame: 2100000, Avg. Length: 4300.5, P0 Avg. Reward: -3.611, P0 Avg. RL Loss: 0.004, P1 Avg. Reward: 3.611, P1 Avg. RL Loss: 0.004
[3670, 4572, 4066, 5514]
Frame: 2160000, Avg. Length: 4455.5, P0 Avg. Reward: 9.417, P0 Avg. RL Loss: 0.004, P1 Avg. Reward: -9.417, P1 Avg. RL Loss: 0.004
[4124, 5601, 3258, 5385]
Frame: 2220000, Avg. Length: 4592.0, P0 Avg. Reward: 4.417, P0 Avg. RL Loss: 0.004, P1 Avg. Reward: -4.417, P1 Avg. RL Loss: 0.004
[4446, 3465, 4484, 4259, 5149]
Frame: 2280000, Avg. Length: 4360.6, P0 Avg. Reward: -2.067, P0 Avg. RL Loss: 0.004, P1 Avg. Reward: 2.067, P1 Avg. RL Loss: 0.004
[3991, 4500, 3377, 4126, 5189]
Frame: 2340000, Avg. Length: 4236.6, P0 Avg. Reward: 2.867, P0 Avg. RL Loss: 0.003, P1 Avg. Reward: -2.867, P1 Avg. RL Loss: 0.004
[6001, 3440, 3123, 3928, 4314]
Frame: 2400000, Avg. Length: 4161.2, P0 Avg. Reward: 6.733, P0 Avg. RL Loss: 0.004, P1 Avg. Reward: -6.733, P1 Avg. RL Loss: 0.005
[6055, 4563, 4129, 3285]
Frame: 2460000, Avg. Length: 4508.0, P0 Avg. Reward: -4.000, P0 Avg. RL Loss: 0.004, P1 Avg. Reward: 4.000, P1 Avg. RL Loss: 0.004
[4523, 3077, 3040, 3104, 5455]
Frame: 2520000, Avg. Length: 3839.8, P0 Avg. Reward: 1.800, P0 Avg. RL Loss: 0.004, P1 Avg. Reward: -1.800, P1 Avg. RL Loss: 0.004
[4263, 5070, 5661, 3873]
Frame: 2580000, Avg. Length: 4716.8, P0 Avg. Reward: 0.417, P0 Avg. RL Loss: 0.004, P1 Avg. Reward: -0.417, P1 Avg. RL Loss: 0.004
[4208, 4386, 3422, 5537, 4358]
Frame: 2640000, Avg. Length: 4382.2, P0 Avg. Reward: 4.600, P0 Avg. RL Loss: 0.004, P1 Avg. Reward: -4.600, P1 Avg. RL Loss: 0.004
[4675, 4261, 3250, 3607, 5254]
Frame: 2700000, Avg. Length: 4209.4, P0 Avg. Reward: 9.533, P0 Avg. RL Loss: 0.004, P1 Avg. Reward: -9.533, P1 Avg. RL Loss: 0.004
[3529, 4330, 4854, 4458]
Frame: 2760000, Avg. Length: 4292.8, P0 Avg. Reward: 7.500, P0 Avg. RL Loss: 0.004, P1 Avg. Reward: -7.500, P1 Avg. RL Loss: 0.003
[6233, 5462, 4322, 4980]
Frame: 2820000, Avg. Length: 5249.2, P0 Avg. Reward: 1.417, P0 Avg. RL Loss: 0.004, P1 Avg. Reward: -1.417, P1 Avg. RL Loss: 0.004
[3736, 4672, 4483, 3751, 3609]
Frame: 2880000, Avg. Length: 4050.2, P0 Avg. Reward: 6.800, P0 Avg. RL Loss: 0.004, P1 Avg. Reward: -6.800, P1 Avg. RL Loss: 0.004
[5380, 5430, 4090, 5167]
Frame: 2940000, Avg. Length: 5016.8, P0 Avg. Reward: 1.583, P0 Avg. RL Loss: 0.004, P1 Avg. Reward: -1.583, P1 Avg. RL Loss: 0.003
[4883, 4310, 3867, 5789]
Frame: 3000000, Avg. Length: 4712.2, P0 Avg. Reward: 1.250, P0 Avg. RL Loss: 0.004, P1 Avg. Reward: -1.250, P1 Avg. RL Loss: 0.003
[5302, 6316, 4160, 3940]
Frame: 3060000, Avg. Length: 4929.5, P0 Avg. Reward: -4.333, P0 Avg. RL Loss: 0.004, P1 Avg. Reward: 4.333, P1 Avg. RL Loss: 0.003
[3976, 4632, 4542, 5101, 4728]
Frame: 3120000, Avg. Length: 4595.8, P0 Avg. Reward: 9.200, P0 Avg. RL Loss: 0.004, P1 Avg. Reward: -9.200, P1 Avg. RL Loss: 0.003
[3989, 4563, 3728, 3919, 4732]
Frame: 3180000, Avg. Length: 4186.2, P0 Avg. Reward: -0.400, P0 Avg. RL Loss: 0.004, P1 Avg. Reward: 0.400, P1 Avg. RL Loss: 0.003
[6385, 4125, 4116, 4096]
Frame: 3240000, Avg. Length: 4680.5, P0 Avg. Reward: 4.167, P0 Avg. RL Loss: 0.004, P1 Avg. Reward: -4.167, P1 Avg. RL Loss: 0.003
[4124, 3478, 4143, 4261, 5096]
Frame: 3300000, Avg. Length: 4220.4, P0 Avg. Reward: 5.867, P0 Avg. RL Loss: 0.004, P1 Avg. Reward: -5.867, P1 Avg. RL Loss: 0.003
[7141, 3956, 4955]
Frame: 3360000, Avg. Length: 5350.7, P0 Avg. Reward: -7.556, P0 Avg. RL Loss: 0.004, P1 Avg. Reward: 7.556, P1 Avg. RL Loss: 0.003
[5491, 4351, 6185, 6918]
Frame: 3420000, Avg. Length: 5736.2, P0 Avg. Reward: -1.250, P0 Avg. RL Loss: 0.004, P1 Avg. Reward: 1.250, P1 Avg. RL Loss: 0.003
[4104, 3931, 4716, 3008, 5138]
Frame: 3480000, Avg. Length: 4179.4, P0 Avg. Reward: 9.800, P0 Avg. RL Loss: 0.004, P1 Avg. Reward: -9.800, P1 Avg. RL Loss: 0.003
[3956, 3919, 4721, 3939]
Frame: 3540000, Avg. Length: 4133.8, P0 Avg. Reward: 3.667, P0 Avg. RL Loss: 0.004, P1 Avg. Reward: -3.667, P1 Avg. RL Loss: 0.003
[4832, 3857, 4143, 5505, 3994]
Frame: 3600000, Avg. Length: 4466.2, P0 Avg. Reward: 1.800, P0 Avg. RL Loss: 0.004, P1 Avg. Reward: -1.800, P1 Avg. RL Loss: 0.003
[4427, 5939, 2965, 6009]
Frame: 3660000, Avg. Length: 4835.0, P0 Avg. Reward: 4.500, P0 Avg. RL Loss: 0.004, P1 Avg. Reward: -4.500, P1 Avg. RL Loss: 0.003
[4531, 5790, 4581, 3489]
Frame: 3720000, Avg. Length: 4597.8, P0 Avg. Reward: 5.083, P0 Avg. RL Loss: 0.004, P1 Avg. Reward: -5.083, P1 Avg. RL Loss: 0.003
[4282, 3852, 3390, 5826, 4305]
Frame: 3780000, Avg. Length: 4331.0, P0 Avg. Reward: 6.400, P0 Avg. RL Loss: 0.004, P1 Avg. Reward: -6.400, P1 Avg. RL Loss: 0.003
[4115, 5575, 4850, 5352]
Frame: 3840000, Avg. Length: 4973.0, P0 Avg. Reward: -3.833, P0 Avg. RL Loss: 0.004, P1 Avg. Reward: 3.833, P1 Avg. RL Loss: 0.003
[4099, 3399, 3811, 3965, 5258]
Frame: 3900000, Avg. Length: 4106.4, P0 Avg. Reward: -4.133, P0 Avg. RL Loss: 0.004, P1 Avg. Reward: 4.133, P1 Avg. RL Loss: 0.003
[3224, 5605, 5483, 5522]
Frame: 3960000, Avg. Length: 4958.5, P0 Avg. Reward: 5.667, P0 Avg. RL Loss: 0.004, P1 Avg. Reward: -5.667, P1 Avg. RL Loss: 0.003
[4430, 3329, 4386, 5254]
Frame: 4020000, Avg. Length: 4349.8, P0 Avg. Reward: 9.667, P0 Avg. RL Loss: 0.004, P1 Avg. Reward: -9.667, P1 Avg. RL Loss: 0.003
[5469, 5157, 5148, 5183]
Frame: 4080000, Avg. Length: 5239.2, P0 Avg. Reward: 0.583, P0 Avg. RL Loss: 0.004, P1 Avg. Reward: -0.583, P1 Avg. RL Loss: 0.003
[5636, 4159, 4930, 4443]
Frame: 4140000, Avg. Length: 4792.0, P0 Avg. Reward: 6.000, P0 Avg. RL Loss: 0.004, P1 Avg. Reward: -6.000, P1 Avg. RL Loss: 0.003
[4440, 3846, 5764, 3731, 5878]
Frame: 4200000, Avg. Length: 4731.8, P0 Avg. Reward: 7.800, P0 Avg. RL Loss: 0.004, P1 Avg. Reward: -7.800, P1 Avg. RL Loss: 0.003
[5432, 5165, 5640]
Frame: 4260000, Avg. Length: 5412.3, P0 Avg. Reward: 5.556, P0 Avg. RL Loss: 0.004, P1 Avg. Reward: -5.556, P1 Avg. RL Loss: 0.003
[5019, 5799, 4081, 6157]
Frame: 4320000, Avg. Length: 5264.0, P0 Avg. Reward: 4.167, P0 Avg. RL Loss: 0.004, P1 Avg. Reward: -4.167, P1 Avg. RL Loss: 0.003
[4654, 4494, 4398, 5363]
Frame: 4380000, Avg. Length: 4727.2, P0 Avg. Reward: 1.250, P0 Avg. RL Loss: 0.004, P1 Avg. Reward: -1.250, P1 Avg. RL Loss: 0.003
[6322, 4565, 4666, 4358]
Frame: 4440000, Avg. Length: 4977.8, P0 Avg. Reward: 5.167, P0 Avg. RL Loss: 0.004, P1 Avg. Reward: -5.167, P1 Avg. RL Loss: 0.003
[4936, 3687, 4187, 5624, 6061]
Frame: 4500000, Avg. Length: 4899.0, P0 Avg. Reward: 3.267, P0 Avg. RL Loss: 0.004, P1 Avg. Reward: -3.267, P1 Avg. RL Loss: 0.003
[5094, 4952, 5372]
Frame: 4560000, Avg. Length: 5139.3, P0 Avg. Reward: -3.222, P0 Avg. RL Loss: 0.004, P1 Avg. Reward: 3.222, P1 Avg. RL Loss: 0.003
[4877, 3821, 5801, 5499, 4060]
Frame: 4620000, Avg. Length: 4811.6, P0 Avg. Reward: 1.667, P0 Avg. RL Loss: 0.004, P1 Avg. Reward: -1.667, P1 Avg. RL Loss: 0.003
[5704, 5600, 4359]
Frame: 4680000, Avg. Length: 5221.0, P0 Avg. Reward: -2.778, P0 Avg. RL Loss: 0.004, P1 Avg. Reward: 2.778, P1 Avg. RL Loss: 0.003
[5178, 3854, 4091, 4128, 4633]
Frame: 4740000, Avg. Length: 4376.8, P0 Avg. Reward: -2.000, P0 Avg. RL Loss: 0.004, P1 Avg. Reward: 2.000, P1 Avg. RL Loss: 0.003
[4078, 4470, 3332, 6118]
Frame: 4800000, Avg. Length: 4499.5, P0 Avg. Reward: 6.917, P0 Avg. RL Loss: 0.004, P1 Avg. Reward: -6.917, P1 Avg. RL Loss: 0.003
[6066, 3404, 5080, 4411, 4829]
Frame: 4860000, Avg. Length: 4758.0, P0 Avg. Reward: -2.400, P0 Avg. RL Loss: 0.004, P1 Avg. Reward: 2.400, P1 Avg. RL Loss: 0.003
[4503, 4411, 4086, 5523]
Frame: 4920000, Avg. Length: 4630.8, P0 Avg. Reward: 4.083, P0 Avg. RL Loss: 0.004, P1 Avg. Reward: -4.083, P1 Avg. RL Loss: 0.003
[5149, 5140, 5286, 5746]
Frame: 4980000, Avg. Length: 5330.2, P0 Avg. Reward: -6.083, P0 Avg. RL Loss: 0.004, P1 Avg. Reward: 6.083, P1 Avg. RL Loss: 0.003
[4601, 4328, 4663, 5181]
Frame: 5040000, Avg. Length: 4693.2, P0 Avg. Reward: -2.417, P0 Avg. RL Loss: 0.004, P1 Avg. Reward: 2.417, P1 Avg. RL Loss: 0.003
[5475, 5065, 5643, 5250]
Frame: 5100000, Avg. Length: 5358.2, P0 Avg. Reward: -4.500, P0 Avg. RL Loss: 0.004, P1 Avg. Reward: 4.500, P1 Avg. RL Loss: 0.003
[4849, 4636, 3543, 3950]
Frame: 5160000, Avg. Length: 4244.5, P0 Avg. Reward: -1.167, P0 Avg. RL Loss: 0.004, P1 Avg. Reward: 1.167, P1 Avg. RL Loss: 0.003
[4290, 3971, 4362, 6264, 4049]
Frame: 5220000, Avg. Length: 4587.2, P0 Avg. Reward: 6.533, P0 Avg. RL Loss: 0.004, P1 Avg. Reward: -6.533, P1 Avg. RL Loss: 0.003
[5655, 4341, 4646, 4816]
Frame: 5280000, Avg. Length: 4864.5, P0 Avg. Reward: 4.667, P0 Avg. RL Loss: 0.005, P1 Avg. Reward: -4.667, P1 Avg. RL Loss: 0.003
[4999, 6503, 3844, 3825]
Frame: 5340000, Avg. Length: 4792.8, P0 Avg. Reward: -1.750, P0 Avg. RL Loss: 0.004, P1 Avg. Reward: 1.750, P1 Avg. RL Loss: 0.003
[6215, 5401, 4975, 4244]
Frame: 5400000, Avg. Length: 5208.8, P0 Avg. Reward: 7.000, P0 Avg. RL Loss: 0.004, P1 Avg. Reward: -7.000, P1 Avg. RL Loss: 0.003
[4297, 3798, 4252, 6134]
Frame: 5460000, Avg. Length: 4620.2, P0 Avg. Reward: 3.917, P0 Avg. RL Loss: 0.004, P1 Avg. Reward: -3.917, P1 Avg. RL Loss: 0.003
[6103, 3042, 5327, 3711]
Frame: 5520000, Avg. Length: 4545.8, P0 Avg. Reward: 5.917, P0 Avg. RL Loss: 0.004, P1 Avg. Reward: -5.917, P1 Avg. RL Loss: 0.003
[5387, 4089, 5105, 4450, 4260]
Frame: 5580000, Avg. Length: 4658.2, P0 Avg. Reward: 2.533, P0 Avg. RL Loss: 0.004, P1 Avg. Reward: -2.533, P1 Avg. RL Loss: 0.003
[4254, 5104, 5425, 5308]
Frame: 5640000, Avg. Length: 5022.8, P0 Avg. Reward: 1.000, P0 Avg. RL Loss: 0.004, P1 Avg. Reward: -1.000, P1 Avg. RL Loss: 0.003
[5457, 4228, 4371, 4656]
Frame: 5700000, Avg. Length: 4678.0, P0 Avg. Reward: 0.833, P0 Avg. RL Loss: 0.004, P1 Avg. Reward: -0.833, P1 Avg. RL Loss: 0.003
[5262, 6106, 4095, 5350]
Frame: 5760000, Avg. Length: 5203.2, P0 Avg. Reward: 6.000, P0 Avg. RL Loss: 0.004, P1 Avg. Reward: -6.000, P1 Avg. RL Loss: 0.003
[4392, 5545, 3961, 3831, 3926]
Frame: 5820000, Avg. Length: 4331.0, P0 Avg. Reward: 2.000, P0 Avg. RL Loss: 0.004, P1 Avg. Reward: -2.000, P1 Avg. RL Loss: 0.003
[3559, 6526, 4996, 3276]
Frame: 5880000, Avg. Length: 4589.2, P0 Avg. Reward: 6.250, P0 Avg. RL Loss: 0.004, P1 Avg. Reward: -6.250, P1 Avg. RL Loss: 0.003
[4194, 5381, 3572, 3438, 4403]
Frame: 5940000, Avg. Length: 4197.6, P0 Avg. Reward: 1.267, P0 Avg. RL Loss: 0.004, P1 Avg. Reward: -1.267, P1 Avg. RL Loss: 0.003
[3752, 4862, 5726, 3665]
Frame: 6000000, Avg. Length: 4501.2, P0 Avg. Reward: -2.750, P0 Avg. RL Loss: 0.004, P1 Avg. Reward: 2.750, P1 Avg. RL Loss: 0.003
[5215, 3574, 4557, 3916, 5527]
Frame: 6060000, Avg. Length: 4557.8, P0 Avg. Reward: 0.867, P0 Avg. RL Loss: 0.004, P1 Avg. Reward: -0.867, P1 Avg. RL Loss: 0.003
[4203, 5270, 4907, 4588]
Frame: 6120000, Avg. Length: 4742.0, P0 Avg. Reward: 2.917, P0 Avg. RL Loss: 0.004, P1 Avg. Reward: -2.917, P1 Avg. RL Loss: 0.003
[4189, 3855, 4183, 3483, 4624]
Frame: 6180000, Avg. Length: 4066.8, P0 Avg. Reward: 8.133, P0 Avg. RL Loss: 0.004, P1 Avg. Reward: -8.133, P1 Avg. RL Loss: 0.003
[5668, 5051, 6157]
Frame: 6240000, Avg. Length: 5625.3, P0 Avg. Reward: -1.222, P0 Avg. RL Loss: 0.004, P1 Avg. Reward: 1.222, P1 Avg. RL Loss: 0.004
[5422, 5289, 4437, 3817, 3799]
Frame: 6300000, Avg. Length: 4552.8, P0 Avg. Reward: 4.667, P0 Avg. RL Loss: 0.004, P1 Avg. Reward: -4.667, P1 Avg. RL Loss: 0.004
[5304, 5016, 3244, 4506]
Frame: 6360000, Avg. Length: 4517.5, P0 Avg. Reward: 7.750, P0 Avg. RL Loss: 0.004, P1 Avg. Reward: -7.750, P1 Avg. RL Loss: 0.003
[4079, 4921, 5680, 4540, 4134]
Frame: 6420000, Avg. Length: 4670.8, P0 Avg. Reward: 8.400, P0 Avg. RL Loss: 0.004, P1 Avg. Reward: -8.400, P1 Avg. RL Loss: 0.004
[4040, 4382, 5728, 3774]
Frame: 6480000, Avg. Length: 4481.0, P0 Avg. Reward: 3.750, P0 Avg. RL Loss: 0.004, P1 Avg. Reward: -3.750, P1 Avg. RL Loss: 0.004
[5355, 4619, 4876, 3732, 3480]
Frame: 6540000, Avg. Length: 4412.4, P0 Avg. Reward: -0.133, P0 Avg. RL Loss: 0.004, P1 Avg. Reward: 0.133, P1 Avg. RL Loss: 0.004
[5297, 5764, 5118]
Frame: 6600000, Avg. Length: 5393.0, P0 Avg. Reward: 2.444, P0 Avg. RL Loss: 0.004, P1 Avg. Reward: -2.444, P1 Avg. RL Loss: 0.004
[5678, 4498, 3315, 3799, 5358]
Frame: 6660000, Avg. Length: 4529.6, P0 Avg. Reward: 4.733, P0 Avg. RL Loss: 0.004, P1 Avg. Reward: -4.733, P1 Avg. RL Loss: 0.004
[3408, 5046, 5556, 6061]
Frame: 6720000, Avg. Length: 5017.8, P0 Avg. Reward: -5.250, P0 Avg. RL Loss: 0.004, P1 Avg. Reward: 5.250, P1 Avg. RL Loss: 0.004
[6291, 3596, 3558, 4308]
Frame: 6780000, Avg. Length: 4438.2, P0 Avg. Reward: -3.833, P0 Avg. RL Loss: 0.004, P1 Avg. Reward: 3.833, P1 Avg. RL Loss: 0.004
[5805, 4886, 3910, 5101]
Frame: 6840000, Avg. Length: 4925.5, P0 Avg. Reward: 4.167, P0 Avg. RL Loss: 0.004, P1 Avg. Reward: -4.167, P1 Avg. RL Loss: 0.004
[4163, 3398, 4307, 5178, 4451]
Frame: 6900000, Avg. Length: 4299.4, P0 Avg. Reward: 5.200, P0 Avg. RL Loss: 0.004, P1 Avg. Reward: -5.200, P1 Avg. RL Loss: 0.004
[5276, 5597, 6865, 4007]
Frame: 6960000, Avg. Length: 5436.2, P0 Avg. Reward: -2.083, P0 Avg. RL Loss: 0.004, P1 Avg. Reward: 2.083, P1 Avg. RL Loss: 0.004
[5059, 4842, 5021, 4917]
Frame: 7020000, Avg. Length: 4959.8, P0 Avg. Reward: -2.417, P0 Avg. RL Loss: 0.004, P1 Avg. Reward: 2.417, P1 Avg. RL Loss: 0.004
[5224, 5001, 3130, 3043]
Frame: 7080000, Avg. Length: 4099.5, P0 Avg. Reward: 2.417, P0 Avg. RL Loss: 0.004, P1 Avg. Reward: -2.417, P1 Avg. RL Loss: 0.004
[5503, 3883, 3900, 4288, 3471]
Frame: 7140000, Avg. Length: 4209.0, P0 Avg. Reward: -3.133, P0 Avg. RL Loss: 0.004, P1 Avg. Reward: 3.133, P1 Avg. RL Loss: 0.004
[4803, 5218, 4923, 5687]
Frame: 7200000, Avg. Length: 5157.8, P0 Avg. Reward: 5.083, P0 Avg. RL Loss: 0.004, P1 Avg. Reward: -5.083, P1 Avg. RL Loss: 0.004
[4800, 4136, 6698, 4303]
Frame: 7260000, Avg. Length: 4984.2, P0 Avg. Reward: 2.917, P0 Avg. RL Loss: 0.004, P1 Avg. Reward: -2.917, P1 Avg. RL Loss: 0.004
[4359, 4085, 6247, 3647]
Frame: 7320000, Avg. Length: 4584.5, P0 Avg. Reward: -8.917, P0 Avg. RL Loss: 0.004, P1 Avg. Reward: 8.917, P1 Avg. RL Loss: 0.004
[5278, 5204, 5402, 6094]
Frame: 7380000, Avg. Length: 5494.5, P0 Avg. Reward: -1.250, P0 Avg. RL Loss: 0.004, P1 Avg. Reward: 1.250, P1 Avg. RL Loss: 0.004
[4627, 3872, 5199, 5267]
Frame: 7440000, Avg. Length: 4741.2, P0 Avg. Reward: 8.750, P0 Avg. RL Loss: 0.005, P1 Avg. Reward: -8.750, P1 Avg. RL Loss: 0.004
[3470, 3969, 3269, 5435, 4010]
Frame: 7500000, Avg. Length: 4030.6, P0 Avg. Reward: 0.267, P0 Avg. RL Loss: 0.004, P1 Avg. Reward: -0.267, P1 Avg. RL Loss: 0.004
[5391, 6392, 4522, 3542]
Frame: 7560000, Avg. Length: 4961.8, P0 Avg. Reward: 2.000, P0 Avg. RL Loss: 0.004, P1 Avg. Reward: -2.000, P1 Avg. RL Loss: 0.004
[4787, 4423, 4594, 5675]
Frame: 7620000, Avg. Length: 4869.8, P0 Avg. Reward: 2.917, P0 Avg. RL Loss: 0.004, P1 Avg. Reward: -2.917, P1 Avg. RL Loss: 0.004
[4127, 5917, 4475, 4062, 4768]
Frame: 7680000, Avg. Length: 4669.8, P0 Avg. Reward: 3.133, P0 Avg. RL Loss: 0.004, P1 Avg. Reward: -3.133, P1 Avg. RL Loss: 0.004
[4395, 5394, 3347, 4069]
Frame: 7740000, Avg. Length: 4301.2, P0 Avg. Reward: 6.500, P0 Avg. RL Loss: 0.004, P1 Avg. Reward: -6.500, P1 Avg. RL Loss: 0.004
[6001, 4786, 6204, 4766]
Frame: 7800000, Avg. Length: 5439.2, P0 Avg. Reward: 0.667, P0 Avg. RL Loss: 0.004, P1 Avg. Reward: -0.667, P1 Avg. RL Loss: 0.004
[4527, 5593, 5238, 5639]
Frame: 7860000, Avg. Length: 5249.2, P0 Avg. Reward: -4.083, P0 Avg. RL Loss: 0.004, P1 Avg. Reward: 4.083, P1 Avg. RL Loss: 0.004
[3680, 6554, 5118, 4510]
Frame: 7920000, Avg. Length: 4965.5, P0 Avg. Reward: 7.917, P0 Avg. RL Loss: 0.004, P1 Avg. Reward: -7.917, P1 Avg. RL Loss: 0.004
[5726, 4586, 5082, 3660]
Frame: 7980000, Avg. Length: 4763.5, P0 Avg. Reward: 5.083, P0 Avg. RL Loss: 0.004, P1 Avg. Reward: -5.083, P1 Avg. RL Loss: 0.004
[4581, 5644, 4687, 5211]
Frame: 8040000, Avg. Length: 5030.8, P0 Avg. Reward: 4.667, P0 Avg. RL Loss: 0.004, P1 Avg. Reward: -4.667, P1 Avg. RL Loss: 0.004
[4752, 3982, 4547, 4114]
Frame: 8100000, Avg. Length: 4348.8, P0 Avg. Reward: 2.417, P0 Avg. RL Loss: 0.004, P1 Avg. Reward: -2.417, P1 Avg. RL Loss: 0.003
[4812, 5042, 3979, 4045, 5612]
Frame: 8160000, Avg. Length: 4698.0, P0 Avg. Reward: 3.600, P0 Avg. RL Loss: 0.004, P1 Avg. Reward: -3.600, P1 Avg. RL Loss: 0.003
[4500, 5820, 4454, 5776]
Frame: 8220000, Avg. Length: 5137.5, P0 Avg. Reward: -3.917, P0 Avg. RL Loss: 0.004, P1 Avg. Reward: 3.917, P1 Avg. RL Loss: 0.004
[5088, 5217, 4522, 4393]
Frame: 8280000, Avg. Length: 4805.0, P0 Avg. Reward: -8.250, P0 Avg. RL Loss: 0.004, P1 Avg. Reward: 8.250, P1 Avg. RL Loss: 0.004
[3457, 3055, 5141, 5003]
Frame: 8340000, Avg. Length: 4164.0, P0 Avg. Reward: 7.083, P0 Avg. RL Loss: 0.004, P1 Avg. Reward: -7.083, P1 Avg. RL Loss: 0.004
[5333, 6347, 5160, 5515]
Frame: 8400000, Avg. Length: 5588.8, P0 Avg. Reward: 1.833, P0 Avg. RL Loss: 0.004, P1 Avg. Reward: -1.833, P1 Avg. RL Loss: 0.004
[5501, 4583, 4192, 6130]
Frame: 8460000, Avg. Length: 5101.5, P0 Avg. Reward: -4.500, P0 Avg. RL Loss: 0.004, P1 Avg. Reward: 4.500, P1 Avg. RL Loss: 0.004
[4448, 5235, 3250, 4984, 3055]
Frame: 8520000, Avg. Length: 4194.4, P0 Avg. Reward: 2.667, P0 Avg. RL Loss: 0.004, P1 Avg. Reward: -2.667, P1 Avg. RL Loss: 0.004
[5289, 3974, 5682, 5482]
Frame: 8580000, Avg. Length: 5106.8, P0 Avg. Reward: 1.583, P0 Avg. RL Loss: 0.004, P1 Avg. Reward: -1.583, P1 Avg. RL Loss: 0.004
[3700, 3555, 4405, 4619]
Frame: 8640000, Avg. Length: 4069.8, P0 Avg. Reward: 8.250, P0 Avg. RL Loss: 0.004, P1 Avg. Reward: -8.250, P1 Avg. RL Loss: 0.004
[3955, 5332, 4526, 4180, 4595]
Frame: 8700000, Avg. Length: 4517.6, P0 Avg. Reward: -0.533, P0 Avg. RL Loss: 0.004, P1 Avg. Reward: 0.533, P1 Avg. RL Loss: 0.003
[5991, 4445, 5090, 4001]
Frame: 8760000, Avg. Length: 4881.8, P0 Avg. Reward: 0.833, P0 Avg. RL Loss: 0.004, P1 Avg. Reward: -0.833, P1 Avg. RL Loss: 0.004
[3360, 5453, 4050, 4678]
Frame: 8820000, Avg. Length: 4385.2, P0 Avg. Reward: 3.750, P0 Avg. RL Loss: 0.004, P1 Avg. Reward: -3.750, P1 Avg. RL Loss: 0.004
[5829, 4465, 4734, 6238]
Frame: 8880000, Avg. Length: 5316.5, P0 Avg. Reward: 0.583, P0 Avg. RL Loss: 0.004, P1 Avg. Reward: -0.583, P1 Avg. RL Loss: 0.004
[4929, 3343, 5692, 5714]
Frame: 8940000, Avg. Length: 4919.5, P0 Avg. Reward: 2.250, P0 Avg. RL Loss: 0.005, P1 Avg. Reward: -2.250, P1 Avg. RL Loss: 0.004
[6200, 4736, 5939, 5852]
Frame: 9000000, Avg. Length: 5681.8, P0 Avg. Reward: 2.417, P0 Avg. RL Loss: 0.004, P1 Avg. Reward: -2.417, P1 Avg. RL Loss: 0.004
[4740, 5591, 5126, 4234]
Frame: 9060000, Avg. Length: 4922.8, P0 Avg. Reward: -4.167, P0 Avg. RL Loss: 0.004, P1 Avg. Reward: 4.167, P1 Avg. RL Loss: 0.004
[6056, 3563, 3515, 5499]
Frame: 9120000, Avg. Length: 4658.2, P0 Avg. Reward: 4.500, P0 Avg. RL Loss: 0.004, P1 Avg. Reward: -4.500, P1 Avg. RL Loss: 0.004
[5232, 3282, 3501, 5701]
Frame: 9180000, Avg. Length: 4429.0, P0 Avg. Reward: 0.833, P0 Avg. RL Loss: 0.004, P1 Avg. Reward: -0.833, P1 Avg. RL Loss: 0.004
[4963, 3846, 4814, 5079, 5304]
Frame: 9240000, Avg. Length: 4801.2, P0 Avg. Reward: 2.667, P0 Avg. RL Loss: 0.004, P1 Avg. Reward: -2.667, P1 Avg. RL Loss: 0.004
[3353, 3369, 5098, 5475]
Frame: 9300000, Avg. Length: 4323.8, P0 Avg. Reward: 6.417, P0 Avg. RL Loss: 0.004, P1 Avg. Reward: -6.417, P1 Avg. RL Loss: 0.003
[4201, 3787, 5371, 3907, 5336]
Frame: 9360000, Avg. Length: 4520.4, P0 Avg. Reward: 5.400, P0 Avg. RL Loss: 0.004, P1 Avg. Reward: -5.400, P1 Avg. RL Loss: 0.003
[5135, 5781, 5547, 3427]
Frame: 9420000, Avg. Length: 4972.5, P0 Avg. Reward: -0.667, P0 Avg. RL Loss: 0.004, P1 Avg. Reward: 0.667, P1 Avg. RL Loss: 0.004
[5084, 3389, 4170, 5939]
Frame: 9480000, Avg. Length: 4645.5, P0 Avg. Reward: 9.917, P0 Avg. RL Loss: 0.004, P1 Avg. Reward: -9.917, P1 Avg. RL Loss: 0.004
[4457, 5599, 4355, 4153]
Frame: 9540000, Avg. Length: 4641.0, P0 Avg. Reward: 0.833, P0 Avg. RL Loss: 0.004, P1 Avg. Reward: -0.833, P1 Avg. RL Loss: 0.004
[5493, 5797, 3268, 4178, 4086]
Frame: 9600000, Avg. Length: 4564.4, P0 Avg. Reward: 7.533, P0 Avg. RL Loss: 0.004, P1 Avg. Reward: -7.533, P1 Avg. RL Loss: 0.004
[3283, 5220, 3504, 3024, 5123]
Frame: 9660000, Avg. Length: 4030.8, P0 Avg. Reward: 9.600, P0 Avg. RL Loss: 0.004, P1 Avg. Reward: -9.600, P1 Avg. RL Loss: 0.003
[4797, 3968, 3215, 4139]
Frame: 9720000, Avg. Length: 4029.8, P0 Avg. Reward: 4.500, P0 Avg. RL Loss: 0.004, P1 Avg. Reward: -4.500, P1 Avg. RL Loss: 0.004
[5862, 4618, 4641, 5303]
Frame: 9780000, Avg. Length: 5106.0, P0 Avg. Reward: 2.333, P0 Avg. RL Loss: 0.004, P1 Avg. Reward: -2.333, P1 Avg. RL Loss: 0.004
[4191, 6391, 5181, 5653]
Frame: 9840000, Avg. Length: 5354.0, P0 Avg. Reward: -1.333, P0 Avg. RL Loss: 0.004, P1 Avg. Reward: 1.333, P1 Avg. RL Loss: 0.004
[4328, 5135, 3855, 3648, 5104]
Frame: 9900000, Avg. Length: 4414.0, P0 Avg. Reward: 3.733, P0 Avg. RL Loss: 0.004, P1 Avg. Reward: -3.733, P1 Avg. RL Loss: 0.004
[5885, 3627, 5461, 5005]
Frame: 9960000, Avg. Length: 4994.5, P0 Avg. Reward: -4.250, P0 Avg. RL Loss: 0.004, P1 Avg. Reward: 4.250, P1 Avg. RL Loss: 0.004
[5161, 5072, 4330]
Frame: 10020000, Avg. Length: 4854.3, P0 Avg. Reward: 6.000, P0 Avg. RL Loss: 0.004, P1 Avg. Reward: -6.000, P1 Avg. RL Loss: 0.004
[6741, 3983, 5386, 5059]
Frame: 10080000, Avg. Length: 5292.2, P0 Avg. Reward: -3.917, P0 Avg. RL Loss: 0.004, P1 Avg. Reward: 3.917, P1 Avg. RL Loss: 0.004
[5524, 5110, 3314, 3986, 3805]
Frame: 10140000, Avg. Length: 4347.8, P0 Avg. Reward: 5.333, P0 Avg. RL Loss: 0.004, P1 Avg. Reward: -5.333, P1 Avg. RL Loss: 0.004
[4746, 4701, 3104, 5167]
Frame: 10200000, Avg. Length: 4429.5, P0 Avg. Reward: 3.583, P0 Avg. RL Loss: 0.004, P1 Avg. Reward: -3.583, P1 Avg. RL Loss: 0.004
[5524, 3588, 5358, 3030, 3944]
Frame: 10260000, Avg. Length: 4288.8, P0 Avg. Reward: 7.867, P0 Avg. RL Loss: 0.004, P1 Avg. Reward: -7.867, P1 Avg. RL Loss: 0.004
[4494, 6485, 5828, 4878]
Frame: 10320000, Avg. Length: 5421.2, P0 Avg. Reward: 2.917, P0 Avg. RL Loss: 0.004, P1 Avg. Reward: -2.917, P1 Avg. RL Loss: 0.004
[5582, 5171, 4162, 4703]
Frame: 10380000, Avg. Length: 4904.5, P0 Avg. Reward: -1.667, P0 Avg. RL Loss: 0.004, P1 Avg. Reward: 1.667, P1 Avg. RL Loss: 0.004
[4161, 3229, 6332, 6130]
Frame: 10440000, Avg. Length: 4963.0, P0 Avg. Reward: -0.167, P0 Avg. RL Loss: 0.004, P1 Avg. Reward: 0.167, P1 Avg. RL Loss: 0.004
[5166, 4294, 6567, 4972]
Frame: 10500000, Avg. Length: 5249.8, P0 Avg. Reward: -1.083, P0 Avg. RL Loss: 0.004, P1 Avg. Reward: 1.083, P1 Avg. RL Loss: 0.004
[4620, 3167, 3727, 5003, 3715]
Frame: 10560000, Avg. Length: 4046.4, P0 Avg. Reward: 7.000, P0 Avg. RL Loss: 0.004, P1 Avg. Reward: -7.000, P1 Avg. RL Loss: 0.004
[4143, 5925, 5652, 3846]
Frame: 10620000, Avg. Length: 4891.5, P0 Avg. Reward: 0.833, P0 Avg. RL Loss: 0.004, P1 Avg. Reward: -0.833, P1 Avg. RL Loss: 0.004
[6079, 5948, 4820]
Frame: 10680000, Avg. Length: 5615.7, P0 Avg. Reward: 3.444, P0 Avg. RL Loss: 0.004, P1 Avg. Reward: -3.444, P1 Avg. RL Loss: 0.004
[5786, 4749, 3761, 5285]
Frame: 10740000, Avg. Length: 4895.2, P0 Avg. Reward: -5.333, P0 Avg. RL Loss: 0.004, P1 Avg. Reward: 5.333, P1 Avg. RL Loss: 0.004
[5593, 4861, 3267, 4696, 5302]
Frame: 10800000, Avg. Length: 4743.8, P0 Avg. Reward: 4.400, P0 Avg. RL Loss: 0.004, P1 Avg. Reward: -4.400, P1 Avg. RL Loss: 0.004
[4276, 4850, 4078, 4512]
Frame: 10860000, Avg. Length: 4429.0, P0 Avg. Reward: -1.750, P0 Avg. RL Loss: 0.004, P1 Avg. Reward: 1.750, P1 Avg. RL Loss: 0.004
[5473, 4746, 4455, 6620]
Frame: 10920000, Avg. Length: 5323.5, P0 Avg. Reward: 2.917, P0 Avg. RL Loss: 0.004, P1 Avg. Reward: -2.917, P1 Avg. RL Loss: 0.004
[3324, 3380, 6199, 4278, 4714]
Frame: 10980000, Avg. Length: 4379.0, P0 Avg. Reward: -2.933, P0 Avg. RL Loss: 0.004, P1 Avg. Reward: 2.933, P1 Avg. RL Loss: 0.004
[5077, 4798, 4104, 4799]
Frame: 11040000, Avg. Length: 4694.5, P0 Avg. Reward: 1.667, P0 Avg. RL Loss: 0.004, P1 Avg. Reward: -1.667, P1 Avg. RL Loss: 0.004
[5101, 4254, 5215, 6140]
Frame: 11100000, Avg. Length: 5177.5, P0 Avg. Reward: 0.833, P0 Avg. RL Loss: 0.004, P1 Avg. Reward: -0.833, P1 Avg. RL Loss: 0.004
[4896, 4685, 5710, 4289]
Frame: 11160000, Avg. Length: 4895.0, P0 Avg. Reward: -3.250, P0 Avg. RL Loss: 0.004, P1 Avg. Reward: 3.250, P1 Avg. RL Loss: 0.004
[4118, 4965, 3285, 5385, 3780]
Frame: 11220000, Avg. Length: 4306.6, P0 Avg. Reward: 1.200, P0 Avg. RL Loss: 0.004, P1 Avg. Reward: -1.200, P1 Avg. RL Loss: 0.004
[4018, 3339, 5433, 5186]
Frame: 11280000, Avg. Length: 4494.0, P0 Avg. Reward: 0.333, P0 Avg. RL Loss: 0.004, P1 Avg. Reward: -0.333, P1 Avg. RL Loss: 0.004
[4722, 4785, 4968, 4011, 3647]
Frame: 11340000, Avg. Length: 4426.6, P0 Avg. Reward: -3.933, P0 Avg. RL Loss: 0.004, P1 Avg. Reward: 3.933, P1 Avg. RL Loss: 0.004
[4485, 4007, 5565, 6035]
Frame: 11400000, Avg. Length: 5023.0, P0 Avg. Reward: 0.833, P0 Avg. RL Loss: 0.004, P1 Avg. Reward: -0.833, P1 Avg. RL Loss: 0.004
[4749, 4220, 4748, 3852]
Frame: 11460000, Avg. Length: 4392.2, P0 Avg. Reward: 10.167, P0 Avg. RL Loss: 0.004, P1 Avg. Reward: -10.167, P1 Avg. RL Loss: 0.004
[4667, 6266, 4422, 3864]
Frame: 11520000, Avg. Length: 4804.8, P0 Avg. Reward: -1.833, P0 Avg. RL Loss: 0.004, P1 Avg. Reward: 1.833, P1 Avg. RL Loss: 0.004
[4834, 5423, 4850, 3094, 3059]
Frame: 11580000, Avg. Length: 4252.0, P0 Avg. Reward: 2.000, P0 Avg. RL Loss: 0.004, P1 Avg. Reward: -2.000, P1 Avg. RL Loss: 0.004
[5021, 3941, 4082, 5939]
Frame: 11640000, Avg. Length: 4745.8, P0 Avg. Reward: 7.250, P0 Avg. RL Loss: 0.004, P1 Avg. Reward: -7.250, P1 Avg. RL Loss: 0.004
[5510, 5382, 4472, 5820]
Frame: 11700000, Avg. Length: 5296.0, P0 Avg. Reward: -4.250, P0 Avg. RL Loss: 0.004, P1 Avg. Reward: 4.250, P1 Avg. RL Loss: 0.004
[4967, 4422, 4907, 5452]
Frame: 11760000, Avg. Length: 4937.0, P0 Avg. Reward: 3.000, P0 Avg. RL Loss: 0.004, P1 Avg. Reward: -3.000, P1 Avg. RL Loss: 0.004
[5560, 4170, 6481, 4253]
Frame: 11820000, Avg. Length: 5116.0, P0 Avg. Reward: 2.000, P0 Avg. RL Loss: 0.004, P1 Avg. Reward: -2.000, P1 Avg. RL Loss: 0.004
[4637, 4043, 4926, 5846]
Frame: 11880000, Avg. Length: 4863.0, P0 Avg. Reward: 2.833, P0 Avg. RL Loss: 0.004, P1 Avg. Reward: -2.833, P1 Avg. RL Loss: 0.004
[4304, 4803, 5160, 4070]
Frame: 11940000, Avg. Length: 4584.2, P0 Avg. Reward: 1.500, P0 Avg. RL Loss: 0.004, P1 Avg. Reward: -1.500, P1 Avg. RL Loss: 0.004
[5801, 4946, 4914, 3362, 3886]
Frame: 12000000, Avg. Length: 4581.8, P0 Avg. Reward: 1.133, P0 Avg. RL Loss: 0.004, P1 Avg. Reward: -1.133, P1 Avg. RL Loss: 0.004
[5383, 4251, 3811, 4728]
Frame: 12060000, Avg. Length: 4543.2, P0 Avg. Reward: 3.333, P0 Avg. RL Loss: 0.004, P1 Avg. Reward: -3.333, P1 Avg. RL Loss: 0.004
[4117, 4868, 4879, 5885]
Frame: 12120000, Avg. Length: 4937.2, P0 Avg. Reward: 2.333, P0 Avg. RL Loss: 0.004, P1 Avg. Reward: -2.333, P1 Avg. RL Loss: 0.004
[3664, 4539, 4630, 6172]
Frame: 12180000, Avg. Length: 4751.2, P0 Avg. Reward: 6.583, P0 Avg. RL Loss: 0.004, P1 Avg. Reward: -6.583, P1 Avg. RL Loss: 0.004
[5499, 5573, 4297, 6686]
Frame: 12240000, Avg. Length: 5513.8, P0 Avg. Reward: 2.000, P0 Avg. RL Loss: 0.004, P1 Avg. Reward: -2.000, P1 Avg. RL Loss: 0.004
[6497, 4664, 4083, 5621]
Frame: 12300000, Avg. Length: 5216.2, P0 Avg. Reward: 1.417, P0 Avg. RL Loss: 0.004, P1 Avg. Reward: -1.417, P1 Avg. RL Loss: 0.004
[5063, 4464, 3800, 4592]
Frame: 12360000, Avg. Length: 4479.8, P0 Avg. Reward: 4.917, P0 Avg. RL Loss: 0.004, P1 Avg. Reward: -4.917, P1 Avg. RL Loss: 0.004
[5468, 4961, 3784, 4949]
Frame: 12420000, Avg. Length: 4790.5, P0 Avg. Reward: 3.750, P0 Avg. RL Loss: 0.004, P1 Avg. Reward: -3.750, P1 Avg. RL Loss: 0.004
[5683, 5904, 4306, 3474, 4572]
Frame: 12480000, Avg. Length: 4787.8, P0 Avg. Reward: 4.267, P0 Avg. RL Loss: 0.004, P1 Avg. Reward: -4.267, P1 Avg. RL Loss: 0.004
[3428, 4144, 6231, 4344]
Frame: 12540000, Avg. Length: 4536.8, P0 Avg. Reward: -2.500, P0 Avg. RL Loss: 0.005, P1 Avg. Reward: 2.500, P1 Avg. RL Loss: 0.004
[4689, 3991, 3755, 4020, 3815]
Frame: 12600000, Avg. Length: 4054.0, P0 Avg. Reward: 4.800, P0 Avg. RL Loss: 0.004, P1 Avg. Reward: -4.800, P1 Avg. RL Loss: 0.004
[5335, 4677, 4235, 6708]
Frame: 12660000, Avg. Length: 5238.8, P0 Avg. Reward: 2.417, P0 Avg. RL Loss: 0.004, P1 Avg. Reward: -2.417, P1 Avg. RL Loss: 0.004
[5403, 3024, 3845, 3252, 3394]
Frame: 12720000, Avg. Length: 3783.6, P0 Avg. Reward: -1.533, P0 Avg. RL Loss: 0.004, P1 Avg. Reward: 1.533, P1 Avg. RL Loss: 0.004
[4839, 4003, 5841, 4610]
Frame: 12780000, Avg. Length: 4823.2, P0 Avg. Reward: 3.833, P0 Avg. RL Loss: 0.004, P1 Avg. Reward: -3.833, P1 Avg. RL Loss: 0.004
[4040, 5938, 5324, 4399]
Frame: 12840000, Avg. Length: 4925.2, P0 Avg. Reward: 2.333, P0 Avg. RL Loss: 0.004, P1 Avg. Reward: -2.333, P1 Avg. RL Loss: 0.004
[3209, 5937, 3395, 4744]
Frame: 12900000, Avg. Length: 4321.2, P0 Avg. Reward: 7.083, P0 Avg. RL Loss: 0.004, P1 Avg. Reward: -7.083, P1 Avg. RL Loss: 0.004
[6034, 4587, 4066, 5159, 4010]
Frame: 12960000, Avg. Length: 4771.2, P0 Avg. Reward: 1.400, P0 Avg. RL Loss: 0.004, P1 Avg. Reward: -1.400, P1 Avg. RL Loss: 0.004
[4248, 3744, 4151, 5616, 3467]
Frame: 13020000, Avg. Length: 4245.2, P0 Avg. Reward: 0.133, P0 Avg. RL Loss: 0.004, P1 Avg. Reward: -0.133, P1 Avg. RL Loss: 0.004
[4168, 4384, 4305, 5029]
Frame: 13080000, Avg. Length: 4471.5, P0 Avg. Reward: 0.167, P0 Avg. RL Loss: 0.004, P1 Avg. Reward: -0.167, P1 Avg. RL Loss: 0.004
[3791, 5223, 3368, 5633, 3261]
Frame: 13140000, Avg. Length: 4255.2, P0 Avg. Reward: 8.000, P0 Avg. RL Loss: 0.004, P1 Avg. Reward: -8.000, P1 Avg. RL Loss: 0.004
[5253, 4681, 3954, 4630]
Frame: 13200000, Avg. Length: 4629.5, P0 Avg. Reward: 7.000, P0 Avg. RL Loss: 0.004, P1 Avg. Reward: -7.000, P1 Avg. RL Loss: 0.004
[3044, 5713, 4386, 5214]
Frame: 13260000, Avg. Length: 4589.2, P0 Avg. Reward: 3.833, P0 Avg. RL Loss: 0.004, P1 Avg. Reward: -3.833, P1 Avg. RL Loss: 0.004
[5644, 4478, 3914, 5829]
Frame: 13320000, Avg. Length: 4966.2, P0 Avg. Reward: -1.083, P0 Avg. RL Loss: 0.004, P1 Avg. Reward: 1.083, P1 Avg. RL Loss: 0.004
[6181, 6352, 5110, 5104]
Frame: 13380000, Avg. Length: 5686.8, P0 Avg. Reward: 1.083, P0 Avg. RL Loss: 0.004, P1 Avg. Reward: -1.083, P1 Avg. RL Loss: 0.004
[6152, 6134, 4781, 3630]
Frame: 13440000, Avg. Length: 5174.2, P0 Avg. Reward: 5.417, P0 Avg. RL Loss: 0.004, P1 Avg. Reward: -5.417, P1 Avg. RL Loss: 0.004
[6172, 6692, 4751]
Frame: 13500000, Avg. Length: 5871.7, P0 Avg. Reward: 4.000, P0 Avg. RL Loss: 0.004, P1 Avg. Reward: -4.000, P1 Avg. RL Loss: 0.004
[5096, 4748, 4908, 5316]
Frame: 13560000, Avg. Length: 5017.0, P0 Avg. Reward: -1.167, P0 Avg. RL Loss: 0.004, P1 Avg. Reward: 1.167, P1 Avg. RL Loss: 0.004
[3405, 3664, 5523, 5318, 4152]
Frame: 13620000, Avg. Length: 4412.4, P0 Avg. Reward: -2.467, P0 Avg. RL Loss: 0.004, P1 Avg. Reward: 2.467, P1 Avg. RL Loss: 0.004
[5392, 5316, 4375]
Frame: 13680000, Avg. Length: 5027.7, P0 Avg. Reward: 0.889, P0 Avg. RL Loss: 0.004, P1 Avg. Reward: -0.889, P1 Avg. RL Loss: 0.004
[6400, 4741, 5065, 3961, 3926]
Frame: 13740000, Avg. Length: 4818.6, P0 Avg. Reward: 4.000, P0 Avg. RL Loss: 0.004, P1 Avg. Reward: -4.000, P1 Avg. RL Loss: 0.004
[4062, 3555, 4796, 5671, 3681]
Frame: 13800000, Avg. Length: 4353.0, P0 Avg. Reward: 3.467, P0 Avg. RL Loss: 0.004, P1 Avg. Reward: -3.467, P1 Avg. RL Loss: 0.004
[5670, 4614, 4981, 3054]
Frame: 13860000, Avg. Length: 4579.8, P0 Avg. Reward: 1.750, P0 Avg. RL Loss: 0.004, P1 Avg. Reward: -1.750, P1 Avg. RL Loss: 0.004
[3399, 4745, 4429, 4358, 3278]
Frame: 13920000, Avg. Length: 4041.8, P0 Avg. Reward: 6.533, P0 Avg. RL Loss: 0.004, P1 Avg. Reward: -6.533, P1 Avg. RL Loss: 0.004
[4468, 4990, 4732, 3302]
Frame: 13980000, Avg. Length: 4373.0, P0 Avg. Reward: 2.417, P0 Avg. RL Loss: 0.004, P1 Avg. Reward: -2.417, P1 Avg. RL Loss: 0.004
[5549, 5163, 4649, 5396]
Frame: 14040000, Avg. Length: 5189.2, P0 Avg. Reward: -3.083, P0 Avg. RL Loss: 0.004, P1 Avg. Reward: 3.083, P1 Avg. RL Loss: 0.004
[4814, 4869, 4329, 5163]
Frame: 14100000, Avg. Length: 4793.8, P0 Avg. Reward: 0.917, P0 Avg. RL Loss: 0.004, P1 Avg. Reward: -0.917, P1 Avg. RL Loss: 0.004
[5213, 6526, 5160, 5208]
Frame: 14160000, Avg. Length: 5526.8, P0 Avg. Reward: 0.000, P0 Avg. RL Loss: 0.004, P1 Avg. Reward: -0.000, P1 Avg. RL Loss: 0.004
[4517, 4349, 4933, 4047, 3990]
Frame: 14220000, Avg. Length: 4367.2, P0 Avg. Reward: 0.267, P0 Avg. RL Loss: 0.004, P1 Avg. Reward: -0.267, P1 Avg. RL Loss: 0.004
[5524, 5224, 3923, 3138]
Frame: 14280000, Avg. Length: 4452.2, P0 Avg. Reward: 0.417, P0 Avg. RL Loss: 0.004, P1 Avg. Reward: -0.417, P1 Avg. RL Loss: 0.004
[5941, 3208, 3210, 3531, 4808]
Frame: 14340000, Avg. Length: 4139.6, P0 Avg. Reward: 3.467, P0 Avg. RL Loss: 0.004, P1 Avg. Reward: -3.467, P1 Avg. RL Loss: 0.004
[4551, 4032, 4744, 3641, 4427]
Frame: 14400000, Avg. Length: 4279.0, P0 Avg. Reward: 4.867, P0 Avg. RL Loss: 0.004, P1 Avg. Reward: -4.867, P1 Avg. RL Loss: 0.004
[4818, 4212, 3637, 5804]
Frame: 14460000, Avg. Length: 4617.8, P0 Avg. Reward: 2.000, P0 Avg. RL Loss: 0.004, P1 Avg. Reward: -2.000, P1 Avg. RL Loss: 0.004
[4308, 7329, 5261, 3567]
Frame: 14520000, Avg. Length: 5116.2, P0 Avg. Reward: -3.750, P0 Avg. RL Loss: 0.004, P1 Avg. Reward: 3.750, P1 Avg. RL Loss: 0.004
[6040, 5574, 6665]
Frame: 14580000, Avg. Length: 6093.0, P0 Avg. Reward: 3.667, P0 Avg. RL Loss: 0.004, P1 Avg. Reward: -3.667, P1 Avg. RL Loss: 0.004
[5131, 5143, 3419, 5234]
Frame: 14640000, Avg. Length: 4731.8, P0 Avg. Reward: -2.167, P0 Avg. RL Loss: 0.004, P1 Avg. Reward: 2.167, P1 Avg. RL Loss: 0.004
[6393, 3948, 5478, 4907]
Frame: 14700000, Avg. Length: 5181.5, P0 Avg. Reward: 3.667, P0 Avg. RL Loss: 0.004, P1 Avg. Reward: -3.667, P1 Avg. RL Loss: 0.004
[3793, 3288, 5001, 4200, 5429]
Frame: 14760000, Avg. Length: 4342.2, P0 Avg. Reward: -1.467, P0 Avg. RL Loss: 0.004, P1 Avg. Reward: 1.467, P1 Avg. RL Loss: 0.004
[5625, 6329, 5180, 4204]
Frame: 14820000, Avg. Length: 5334.5, P0 Avg. Reward: 1.667, P0 Avg. RL Loss: 0.004, P1 Avg. Reward: -1.667, P1 Avg. RL Loss: 0.004
[5859, 3874, 4239, 5841]
Frame: 14880000, Avg. Length: 4953.2, P0 Avg. Reward: 2.667, P0 Avg. RL Loss: 0.004, P1 Avg. Reward: -2.667, P1 Avg. RL Loss: 0.004
[5518, 6257, 4273]
Frame: 14940000, Avg. Length: 5349.3, P0 Avg. Reward: 1.000, P0 Avg. RL Loss: 0.005, P1 Avg. Reward: -1.000, P1 Avg. RL Loss: 0.004
[6127, 5438, 5095, 5068]
Frame: 15000000, Avg. Length: 5432.0, P0 Avg. Reward: -1.750, P0 Avg. RL Loss: 0.004, P1 Avg. Reward: 1.750, P1 Avg. RL Loss: 0.004
[4938, 6520, 5602, 4136]
Frame: 15060000, Avg. Length: 5299.0, P0 Avg. Reward: -0.417, P0 Avg. RL Loss: 0.004, P1 Avg. Reward: 0.417, P1 Avg. RL Loss: 0.004
[5498, 6081, 4969, 4656]
Frame: 15120000, Avg. Length: 5301.0, P0 Avg. Reward: 3.583, P0 Avg. RL Loss: 0.004, P1 Avg. Reward: -3.583, P1 Avg. RL Loss: 0.004
[5118, 3619, 4071, 5285]
Frame: 15180000, Avg. Length: 4523.2, P0 Avg. Reward: 7.417, P0 Avg. RL Loss: 0.004, P1 Avg. Reward: -7.417, P1 Avg. RL Loss: 0.004
[4203, 5261, 4316, 4408]
Frame: 15240000, Avg. Length: 4547.0, P0 Avg. Reward: 1.750, P0 Avg. RL Loss: 0.004, P1 Avg. Reward: -1.750, P1 Avg. RL Loss: 0.004
[5993, 6119, 4986, 4566]
Frame: 15300000, Avg. Length: 5416.0, P0 Avg. Reward: 5.583, P0 Avg. RL Loss: 0.004, P1 Avg. Reward: -5.583, P1 Avg. RL Loss: 0.004
[5567, 4843, 6450, 5117]
Frame: 15360000, Avg. Length: 5494.2, P0 Avg. Reward: 2.833, P0 Avg. RL Loss: 0.004, P1 Avg. Reward: -2.833, P1 Avg. RL Loss: 0.004
[6459, 3688, 5851]
Frame: 15420000, Avg. Length: 5332.7, P0 Avg. Reward: 0.889, P0 Avg. RL Loss: 0.005, P1 Avg. Reward: -0.889, P1 Avg. RL Loss: 0.004
[5165, 4812, 4782, 5561, 4071]
Frame: 15480000, Avg. Length: 4878.2, P0 Avg. Reward: 1.667, P0 Avg. RL Loss: 0.005, P1 Avg. Reward: -1.667, P1 Avg. RL Loss: 0.004
[6358, 5674, 4489, 3482]
Frame: 15540000, Avg. Length: 5000.8, P0 Avg. Reward: 8.167, P0 Avg. RL Loss: 0.004, P1 Avg. Reward: -8.167, P1 Avg. RL Loss: 0.004
[4719, 6087, 5362]
Frame: 15600000, Avg. Length: 5389.3, P0 Avg. Reward: -0.556, P0 Avg. RL Loss: 0.004, P1 Avg. Reward: 0.556, P1 Avg. RL Loss: 0.004