Cannot import pettingzoo env:  pong_v2
                          Options
                          seed: 1122
                          batch_size: 1024
                          no_cuda: False
                          training_id: 0
                          max_frames: 500000000
                          buffer_size: 100000
                          update_target: 1000
                          train_freq: 100
                          gamma: 0.99
                          eta: 0.1
                          rl_start: 10000
                          sl_start: 1000
                          num_envs: 5
                          hidden_dim: 256
                          dueling: False
                          multi_step: 1
                          cce: False
                          env: pong_v1
                          ram: True
                          negative: False
                          against_baseline: False
                          load_model: 0
                          save_model: 20210617_0527
                          evaluate: False
                          render: False
                          evaluation_interval: 50000
                          lr: 0.0001
                          max_tag_interval: 10000
                          eps_start: 1.0
                          eps_final: 0.01
                          eps_decay: 30000
                          cuda: True
                          device: cuda:0
[Box(0.0, 1.0, (128,), float32), Box(0.0, 1.0, (128,), float32), Box(0.0, 1.0, (128,), float32), Box(0.0, 1.0, (128,), float32), Box(0.0, 1.0, (128,), float32)] [Discrete(18), Discrete(18), Discrete(18), Discrete(18), Discrete(18)]
(128,)
(128,)
Frame: 250000, Avg. RL Loss: 0.012, Avg. Q value: 0.014, Avg. Length: 975.0, P0 Avg. Reward: 0.580, P1 Avg. Reward: -0.580
Q table: 
 [[ 0.063  0.003  0.073 ...  0.066  0.048  0.125]
 [ 0.063  0.076  0.051 ...  0.041  0.046  0.068]
 [ 0.009  0.041  0.072 ...  0.035 -0.015  0.037]
 ...
 [-0.028  0.071 -0.002 ...  0.04  -0.024  0.023]
 [ 0.13   0.116  0.094 ...  0.073  0.089  0.095]
 [ 0.03   0.061  0.077 ...  0.064  0.023  0.034]]
Nash policies:  [(array([0.   , 0.   , 0.   , 0.085, 0.   , 0.   , 0.   , 0.   , 0.   , 0.003, 0.503, 0.   , 0.   , 0.   , 0.   , 0.   , 0.41 , 0.   ]), array([0.   , 0.   , 0.   , 0.   , 0.162, 0.   , 0.   , 0.   , 0.   , 0.   , 0.   , 0.08 , 0.   , 0.   , 0.12 , 0.638, 0.   , 0.   ]))]
Frame: 500000, Avg. RL Loss: 0.011, Avg. Q value: 0.840, Avg. Length: 783.5, P0 Avg. Reward: 6.103, P1 Avg. Reward: -6.103
Q table: 
 [[2.226 2.108 2.206 ... 2.25  2.195 2.229]
 [2.287 2.145 2.233 ... 2.29  2.19  2.199]
 [2.232 2.196 2.284 ... 2.194 2.215 2.24 ]
 ...
 [2.197 2.219 2.118 ... 2.207 2.184 2.191]
 [2.243 2.208 2.232 ... 2.248 2.206 2.218]
 [2.277 2.304 2.146 ... 2.118 1.965 2.221]]
Nash policies:  [(array([0.011, 0.   , 0.   , 0.   , 0.032, 0.076, 0.   , 0.   , 0.   , 0.   , 0.087, 0.041, 0.   , 0.068, 0.225, 0.   , 0.46 , 0.   ]), array([0.   , 0.   , 0.   , 0.   , 0.   , 0.   , 0.063, 0.135, 0.002, 0.155, 0.   , 0.   , 0.179, 0.   , 0.041, 0.   , 0.19 , 0.236]))]
Frame: 750000, Avg. RL Loss: 0.014, Avg. Q value: 0.137, Avg. Length: 849.4, P0 Avg. Reward: -2.059, P1 Avg. Reward: 2.059
Q table: 
 [[-2.128 -2.11  -2.1   ... -2.184 -2.154 -2.148]
 [-2.045 -1.95  -2.027 ... -2.146 -2.165 -2.13 ]
 [-2.053 -2.084 -2.007 ... -2.196 -2.046 -2.092]
 ...
 [-2.135 -2.069 -2.111 ... -2.16  -2.159 -2.13 ]
 [-2.099 -2.072 -2.068 ... -2.191 -2.152 -2.152]
 [-2.098 -2.004 -2.118 ... -2.157 -2.014 -2.121]]
Nash policies:  [(array([0.   , 0.   , 0.   , 0.   , 0.   , 0.   , 0.1  , 0.172, 0.728, 0.   , 0.   , 0.   , 0.   , 0.   , 0.   , 0.   , 0.   , 0.   ]), array([0.066, 0.   , 0.   , 0.   , 0.   , 0.   , 0.   , 0.   , 0.   , 0.   , 0.151, 0.   , 0.   , 0.   , 0.   , 0.784, 0.   , 0.   ]))]
Frame: 1000000, Avg. RL Loss: 0.013, Avg. Q value: 0.174, Avg. Length: 838.8, P0 Avg. Reward: 1.390, P1 Avg. Reward: -1.390
Q table: 
 [[2.976 2.959 2.977 ... 2.981 2.951 2.949]
 [2.977 3.021 2.965 ... 2.971 2.965 2.961]
 [2.974 3.011 2.985 ... 3.02  2.968 2.913]
 ...
 [3.02  2.993 2.948 ... 2.974 2.949 3.   ]
 [2.978 2.974 2.963 ... 3.02  2.956 2.981]
 [2.955 3.    2.999 ... 3.017 3.031 2.991]]
Nash policies:  [(array([0.   , 0.349, 0.113, 0.   , 0.   , 0.   , 0.   , 0.   , 0.   , 0.099, 0.129, 0.085, 0.   , 0.005, 0.097, 0.   , 0.025, 0.097]), array([0.   , 0.   , 0.163, 0.   , 0.051, 0.   , 0.08 , 0.   , 0.273, 0.   , 0.12 , 0.   , 0.125, 0.   , 0.109, 0.   , 0.053, 0.024]))]
Frame: 1250000, Avg. RL Loss: 0.013, Avg. Q value: 0.435, Avg. Length: 878.5, P0 Avg. Reward: 1.625, P1 Avg. Reward: -1.625
Q table: 
 [[2.302 2.304 2.299 ... 2.311 2.28  2.336]
 [2.194 2.289 2.305 ... 2.331 2.314 2.267]
 [2.303 2.331 2.126 ... 2.31  2.331 2.314]
 ...
 [2.298 2.295 2.309 ... 2.315 2.344 2.323]
 [2.348 2.317 2.305 ... 2.357 2.32  2.303]
 [2.339 2.311 2.344 ... 2.323 2.33  2.323]]
Nash policies:  [(array([0.   , 0.13 , 0.095, 0.   , 0.   , 0.178, 0.   , 0.064, 0.   , 0.   , 0.   , 0.   , 0.038, 0.019, 0.   , 0.068, 0.   , 0.407]), array([0.087, 0.   , 0.004, 0.372, 0.   , 0.022, 0.   , 0.201, 0.   , 0.18 , 0.   , 0.093, 0.   , 0.   , 0.041, 0.   , 0.   , 0.   ]))]
Frame: 1500000, Avg. RL Loss: 0.013, Avg. Q value: 0.416, Avg. Length: 838.6, P0 Avg. Reward: 3.787, P1 Avg. Reward: -3.787
Q table: 
 [[2.19  2.221 2.216 ... 2.187 2.205 2.21 ]
 [2.19  2.191 2.214 ... 2.171 2.196 2.204]
 [2.206 2.194 2.227 ... 2.251 2.233 2.215]
 ...
 [2.201 2.168 2.217 ... 2.222 2.202 2.197]
 [2.201 2.192 2.185 ... 2.207 2.206 2.192]
 [2.19  2.2   2.242 ... 2.19  2.22  2.196]]
Nash policies:  [(array([0.   , 0.   , 0.   , 0.157, 0.   , 0.   , 0.   , 0.   , 0.   , 0.095, 0.   , 0.12 , 0.034, 0.   , 0.038, 0.   , 0.123, 0.434]), array([0.145, 0.   , 0.   , 0.126, 0.   , 0.   , 0.078, 0.   , 0.066, 0.   , 0.157, 0.35 , 0.077, 0.   , 0.   , 0.   , 0.   , 0.   ]))]
Frame: 1750000, Avg. RL Loss: 0.014, Avg. Q value: 0.441, Avg. Length: 877.9, P0 Avg. Reward: 2.611, P1 Avg. Reward: -2.611
Q table: 
 [[2.686 2.693 2.655 ... 2.669 2.683 2.65 ]
 [2.66  2.663 2.63  ... 2.659 2.666 2.665]
 [2.697 2.643 2.648 ... 2.684 2.64  2.664]
 ...
 [2.656 2.695 2.666 ... 2.671 2.69  2.665]
 [2.626 2.656 2.681 ... 2.677 2.659 2.646]
 [2.672 2.669 2.641 ... 2.667 2.678 2.64 ]]
Nash policies:  [(array([0.   , 0.   , 0.098, 0.   , 0.096, 0.   , 0.   , 0.048, 0.   , 0.286, 0.126, 0.143, 0.101, 0.031, 0.   , 0.073, 0.   , 0.   ]), array([0.131, 0.054, 0.072, 0.196, 0.   , 0.178, 0.   , 0.   , 0.101, 0.   , 0.188, 0.   , 0.   , 0.   , 0.02 , 0.   , 0.06 , 0.   ]))]
Frame: 2000000, Avg. RL Loss: 0.015, Avg. Q value: 0.464, Avg. Length: 858.6, P0 Avg. Reward: 3.393, P1 Avg. Reward: -3.393
Q table: 
 [[-1.978 -1.974 -1.99  ... -2.022 -1.995 -1.993]
 [-2.026 -2.02  -2.    ... -2.014 -1.994 -1.974]
 [-1.971 -1.974 -1.982 ... -1.984 -1.889 -2.003]
 ...
 [-1.967 -1.997 -2.001 ... -1.995 -1.953 -1.975]
 [-1.995 -2.042 -1.992 ... -2.003 -1.987 -2.018]
 [-1.951 -1.994 -1.976 ... -2.003 -1.96  -1.991]]
Nash policies:  [(array([0.   , 0.   , 0.   , 0.167, 0.   , 0.   , 0.534, 0.129, 0.08 , 0.   , 0.   , 0.091, 0.   , 0.   , 0.   , 0.   , 0.   , 0.   ]), array([0.   , 0.   , 0.   , 0.   , 0.   , 0.   , 0.   , 0.165, 0.   , 0.207, 0.365, 0.012, 0.   , 0.   , 0.   , 0.25 , 0.   , 0.   ]))]
Frame: 2250000, Avg. RL Loss: 0.017, Avg. Q value: 0.578, Avg. Length: 906.4, P0 Avg. Reward: 4.662, P1 Avg. Reward: -4.662
Q table: 
 [[2.173 2.143 2.214 ... 2.205 2.23  2.229]
 [2.22  2.24  2.221 ... 2.25  2.186 2.269]
 [2.188 2.251 2.22  ... 2.201 2.179 2.229]
 ...
 [2.211 2.223 2.226 ... 2.239 2.202 2.26 ]
 [2.226 2.222 2.268 ... 2.206 2.175 2.205]
 [2.215 2.23  2.206 ... 2.225 2.194 2.215]]
Nash policies:  [(array([0.   , 0.   , 0.052, 0.   , 0.   , 0.373, 0.011, 0.   , 0.   , 0.   , 0.206, 0.   , 0.   , 0.086, 0.   , 0.   , 0.272, 0.   ]), array([0.   , 0.104, 0.   , 0.   , 0.   , 0.151, 0.   , 0.   , 0.   , 0.   , 0.001, 0.003, 0.656, 0.   , 0.   , 0.   , 0.085, 0.   ]))]
Frame: 2500000, Avg. RL Loss: 0.016, Avg. Q value: 0.236, Avg. Length: 873.0, P0 Avg. Reward: 1.347, P1 Avg. Reward: -1.347
Q table: 
 [[-2.395 -2.405 -2.438 ... -2.461 -2.226 -2.446]
 [-2.43  -2.461 -2.425 ... -2.432 -2.429 -2.432]
 [-2.422 -2.443 -2.466 ... -2.45  -2.419 -2.486]
 ...
 [-2.427 -2.422 -2.431 ... -2.432 -2.388 -2.398]
 [-2.432 -2.44  -2.439 ... -2.423 -2.444 -2.406]
 [-2.414 -2.431 -2.363 ... -2.44  -2.444 -2.427]]
Nash policies:  [(array([0.   , 0.   , 0.   , 0.12 , 0.   , 0.117, 0.123, 0.16 , 0.   , 0.   , 0.   , 0.   , 0.   , 0.129, 0.052, 0.158, 0.048, 0.093]), array([0.   , 0.   , 0.008, 0.   , 0.117, 0.152, 0.   , 0.262, 0.   , 0.1  , 0.067, 0.   , 0.   , 0.   , 0.   , 0.077, 0.081, 0.136]))]
Frame: 2750000, Avg. RL Loss: 0.015, Avg. Q value: 0.516, Avg. Length: 868.8, P0 Avg. Reward: 4.376, P1 Avg. Reward: -4.376
Q table: 
 [[2.555 2.578 2.537 ... 2.577 2.555 2.554]
 [2.497 2.566 2.572 ... 2.573 2.57  2.554]
 [2.576 2.578 2.568 ... 2.549 2.573 2.575]
 ...
 [2.616 2.57  2.58  ... 2.567 2.594 2.544]
 [2.57  2.534 2.568 ... 2.571 2.568 2.581]
 [2.571 2.574 2.573 ... 2.578 2.565 2.58 ]]
Nash policies:  [(array([0.   , 0.   , 0.   , 0.048, 0.   , 0.315, 0.   , 0.   , 0.   , 0.   , 0.   , 0.   , 0.146, 0.   , 0.231, 0.   , 0.234, 0.025]), array([0.   , 0.042, 0.108, 0.217, 0.   , 0.   , 0.588, 0.025, 0.   , 0.   , 0.   , 0.021, 0.   , 0.   , 0.   , 0.   , 0.   , 0.   ]))]
Frame: 3000000, Avg. RL Loss: 0.016, Avg. Q value: 0.798, Avg. Length: 837.8, P0 Avg. Reward: 6.960, P1 Avg. Reward: -6.960
Q table: 
 [[-2.674 -2.662 -2.69  ... -2.666 -2.68  -2.718]
 [-2.67  -2.682 -2.647 ... -2.735 -2.692 -2.644]
 [-2.695 -2.71  -2.716 ... -2.745 -2.654 -2.692]
 ...
 [-2.722 -2.656 -2.698 ... -2.704 -2.762 -2.722]
 [-2.72  -2.679 -2.693 ... -2.693 -2.652 -2.617]
 [-2.713 -2.693 -2.682 ... -2.71  -2.695 -2.679]]
Nash policies:  [(array([0.   , 0.   , 0.   , 0.268, 0.   , 0.   , 0.   , 0.031, 0.   , 0.071, 0.   , 0.384, 0.076, 0.   , 0.012, 0.   , 0.159, 0.   ]), array([0.086, 0.   , 0.04 , 0.002, 0.   , 0.   , 0.   , 0.   , 0.   , 0.   , 0.232, 0.   , 0.427, 0.   , 0.   , 0.184, 0.   , 0.03 ]))]
Frame: 3250000, Avg. RL Loss: 0.015, Avg. Q value: 0.632, Avg. Length: 882.8, P0 Avg. Reward: 3.589, P1 Avg. Reward: -3.589
Q table: 
 [[2.947 2.933 2.962 ... 2.948 2.942 2.97 ]
 [2.978 2.957 2.969 ... 2.965 2.985 2.955]
 [2.944 2.951 2.961 ... 2.971 2.948 2.989]
 ...
 [2.95  2.969 2.976 ... 2.976 2.973 2.956]
 [2.976 2.977 2.967 ... 2.973 2.97  2.986]
 [2.958 2.964 2.989 ... 2.975 2.941 2.967]]
Nash policies:  [(array([0.   , 0.   , 0.068, 0.001, 0.   , 0.   , 0.   , 0.   , 0.076, 0.   , 0.118, 0.454, 0.   , 0.182, 0.102, 0.   , 0.   , 0.   ]), array([0.   , 0.   , 0.   , 0.032, 0.061, 0.363, 0.039, 0.   , 0.215, 0.   , 0.   , 0.   , 0.   , 0.   , 0.091, 0.   , 0.   , 0.2  ]))]
Frame: 3500000, Avg. RL Loss: 0.015, Avg. Q value: 0.277, Avg. Length: 885.5, P0 Avg. Reward: 2.046, P1 Avg. Reward: -2.046
Q table: 
 [[2.383 2.395 2.383 ... 2.373 2.379 2.322]
 [2.378 2.395 2.4   ... 2.394 2.4   2.385]
 [2.387 2.39  2.423 ... 2.388 2.397 2.311]
 ...
 [2.4   2.385 2.387 ... 2.387 2.387 2.375]
 [2.38  2.379 2.375 ... 2.369 2.381 2.353]
 [2.393 2.374 2.4   ... 2.417 2.396 2.381]]
Nash policies:  [(array([0.   , 0.096, 0.027, 0.   , 0.01 , 0.221, 0.   , 0.   , 0.   , 0.031, 0.091, 0.   , 0.068, 0.301, 0.053, 0.007, 0.   , 0.096]), array([0.074, 0.212, 0.   , 0.047, 0.057, 0.139, 0.048, 0.05 , 0.   , 0.005, 0.   , 0.   , 0.041, 0.   , 0.   , 0.   , 0.254, 0.074]))]
Frame: 3750000, Avg. RL Loss: 0.015, Avg. Q value: 0.595, Avg. Length: 854.8, P0 Avg. Reward: 4.641, P1 Avg. Reward: -4.641
Q table: 
 [[2.174 2.179 2.182 ... 2.177 2.23  2.185]
 [2.162 2.196 2.193 ... 2.192 2.2   2.183]
 [2.179 2.205 2.184 ... 2.179 2.184 2.193]
 ...
 [2.188 2.205 2.178 ... 2.193 2.22  2.186]
 [2.199 2.198 2.178 ... 2.198 2.215 2.196]
 [2.192 2.193 2.181 ... 2.218 2.182 2.201]]
Nash policies:  [(array([0.129, 0.   , 0.   , 0.   , 0.   , 0.   , 0.   , 0.   , 0.   , 0.   , 0.   , 0.   , 0.   , 0.   , 0.166, 0.561, 0.061, 0.083]), array([0.   , 0.   , 0.153, 0.   , 0.   , 0.108, 0.   , 0.304, 0.   , 0.396, 0.038, 0.   , 0.   , 0.   , 0.   , 0.   , 0.   , 0.   ]))]
Frame: 4000000, Avg. RL Loss: 0.015, Avg. Q value: 0.462, Avg. Length: 891.2, P0 Avg. Reward: 3.357, P1 Avg. Reward: -3.357
Q table: 
 [[-2.418 -2.424 -2.417 ... -2.422 -2.406 -2.427]
 [-2.411 -2.408 -2.414 ... -2.371 -2.406 -2.412]
 [-2.432 -2.422 -2.374 ... -2.399 -2.42  -2.404]
 ...
 [-2.479 -2.445 -2.45  ... -2.409 -2.403 -2.392]
 [-2.435 -2.429 -2.401 ... -2.408 -2.419 -2.42 ]
 [-2.427 -2.452 -2.4   ... -2.43  -2.401 -2.419]]
Nash policies:  [(array([0.   , 0.104, 0.16 , 0.   , 0.537, 0.   , 0.   , 0.058, 0.   , 0.   , 0.   , 0.067, 0.   , 0.044, 0.   , 0.   , 0.03 , 0.   ]), array([0.   , 0.282, 0.254, 0.   , 0.   , 0.   , 0.   , 0.   , 0.   , 0.011, 0.163, 0.071, 0.   , 0.102, 0.   , 0.119, 0.   , 0.   ]))]
Frame: 4250000, Avg. RL Loss: 0.017, Avg. Q value: 0.446, Avg. Length: 901.2, P0 Avg. Reward: 3.321, P1 Avg. Reward: -3.321
Q table: 
 [[2.245 2.24  2.265 ... 2.258 2.216 2.226]
 [2.237 2.269 2.271 ... 2.254 2.256 2.272]
 [2.234 2.242 2.226 ... 2.265 2.251 2.245]
 ...
 [2.254 2.258 2.259 ... 2.253 2.253 2.256]
 [2.267 2.243 2.247 ... 2.27  2.251 2.264]
 [2.239 2.248 2.264 ... 2.257 2.24  2.251]]
Nash policies:  [(array([0.   , 0.052, 0.   , 0.   , 0.   , 0.   , 0.   , 0.   , 0.   , 0.   , 0.433, 0.17 , 0.205, 0.   , 0.   , 0.14 , 0.   , 0.   ]), array([0.   , 0.   , 0.   , 0.   , 0.   , 0.   , 0.   , 0.083, 0.   , 0.234, 0.254, 0.   , 0.117, 0.   , 0.   , 0.201, 0.   , 0.112]))]
Frame: 4500000, Avg. RL Loss: 0.016, Avg. Q value: 0.259, Avg. Length: 862.9, P0 Avg. Reward: 1.328, P1 Avg. Reward: -1.328
Q table: 
 [[2.33  2.426 2.412 ... 2.407 2.367 2.393]
 [2.392 2.409 2.41  ... 2.399 2.404 2.412]
 [2.396 2.395 2.404 ... 2.4   2.415 2.4  ]
 ...
 [2.364 2.408 2.431 ... 2.387 2.405 2.421]
 [2.416 2.423 2.41  ... 2.414 2.426 2.419]
 [2.403 2.406 2.417 ... 2.398 2.406 2.405]]
Nash policies:  [(array([0.   , 0.   , 0.   , 0.   , 0.   , 0.   , 0.05 , 0.   , 0.   , 0.154, 0.014, 0.003, 0.   , 0.   , 0.109, 0.   , 0.578, 0.093]), array([0.   , 0.   , 0.   , 0.161, 0.129, 0.005, 0.   , 0.   , 0.095, 0.   , 0.372, 0.1  , 0.   , 0.   , 0.   , 0.139, 0.   , 0.   ]))]
Frame: 4750000, Avg. RL Loss: 0.014, Avg. Q value: -0.079, Avg. Length: 868.7, P0 Avg. Reward: -0.740, P1 Avg. Reward: 0.740
Q table: 
 [[-2.21  -2.213 -2.222 ... -2.207 -2.221 -2.197]
 [-2.204 -2.21  -2.208 ... -2.208 -2.21  -2.213]
 [-2.218 -2.169 -2.203 ... -2.216 -2.216 -2.229]
 ...
 [-2.206 -2.212 -2.208 ... -2.224 -2.212 -2.209]
 [-2.206 -2.214 -2.193 ... -2.218 -2.201 -2.209]
 [-2.209 -2.188 -2.218 ... -2.211 -2.2   -2.2  ]]
Nash policies:  [(array([0.146, 0.643, 0.   , 0.   , 0.   , 0.   , 0.   , 0.   , 0.   , 0.   , 0.101, 0.   , 0.   , 0.   , 0.017, 0.   , 0.   , 0.094]), array([0.   , 0.003, 0.145, 0.   , 0.   , 0.   , 0.   , 0.198, 0.   , 0.   , 0.   , 0.   , 0.   , 0.   , 0.   , 0.438, 0.   , 0.216]))]
Frame: 5000000, Avg. RL Loss: 0.014, Avg. Q value: 0.109, Avg. Length: 868.4, P0 Avg. Reward: 0.100, P1 Avg. Reward: -0.100
Q table: 
 [[-2.92  -2.895 -2.902 ... -2.897 -2.895 -2.884]
 [-2.869 -2.816 -2.873 ... -2.889 -2.896 -2.878]
 [-2.857 -2.907 -2.87  ... -2.855 -2.882 -2.9  ]
 ...
 [-2.888 -2.869 -2.881 ... -2.89  -2.926 -2.907]
 [-2.876 -2.933 -2.893 ... -2.895 -2.89  -2.879]
 [-2.866 -2.873 -2.872 ... -2.878 -2.877 -2.899]]
Nash policies:  [(array([0.   , 0.127, 0.15 , 0.112, 0.085, 0.   , 0.181, 0.   , 0.138, 0.   , 0.   , 0.139, 0.   , 0.   , 0.002, 0.   , 0.065, 0.   ]), array([0.   , 0.026, 0.   , 0.017, 0.   , 0.   , 0.   , 0.   , 0.   , 0.   , 0.   , 0.282, 0.011, 0.023, 0.072, 0.263, 0.087, 0.218]))]
Frame: 5250000, Avg. RL Loss: 0.016, Avg. Q value: 0.055, Avg. Length: 906.9, P0 Avg. Reward: 0.811, P1 Avg. Reward: -0.811
Q table: 
 [[2.907 2.894 2.885 ... 2.876 2.899 2.902]
 [2.912 2.917 2.917 ... 2.936 2.906 2.902]
 [2.9   2.903 2.866 ... 2.904 2.883 2.898]
 ...
 [2.891 2.946 2.904 ... 2.939 2.915 2.926]
 [2.928 2.912 2.899 ... 2.939 2.909 2.949]
 [2.918 2.935 2.898 ... 2.899 2.916 2.937]]
Nash policies:  [(array([0.   , 0.078, 0.   , 0.   , 0.   , 0.   , 0.   , 0.039, 0.   , 0.   , 0.   , 0.071, 0.065, 0.031, 0.063, 0.301, 0.149, 0.202]), array([0.091, 0.   , 0.439, 0.028, 0.   , 0.016, 0.169, 0.082, 0.112, 0.   , 0.012, 0.051, 0.   , 0.   , 0.   , 0.   , 0.   , 0.   ]))]
Frame: 5500000, Avg. RL Loss: 0.014, Avg. Q value: 0.036, Avg. Length: 873.4, P0 Avg. Reward: 0.333, P1 Avg. Reward: -0.333
Q table: 
 [[-2.133 -2.149 -2.139 ... -2.13  -2.101 -2.131]
 [-2.128 -2.135 -2.137 ... -2.138 -2.152 -2.148]
 [-2.15  -2.16  -2.128 ... -2.15  -2.14  -2.167]
 ...
 [-2.145 -2.136 -2.142 ... -2.132 -2.134 -2.141]
 [-2.132 -2.12  -2.142 ... -2.134 -2.15  -2.142]
 [-2.135 -2.125 -2.144 ... -2.129 -2.151 -2.129]]
Nash policies:  [(array([0.003, 0.   , 0.003, 0.147, 0.   , 0.04 , 0.131, 0.061, 0.122, 0.   , 0.057, 0.018, 0.142, 0.   , 0.062, 0.   , 0.   , 0.214]), array([0.06 , 0.047, 0.405, 0.043, 0.061, 0.   , 0.009, 0.   , 0.178, 0.023, 0.   , 0.   , 0.108, 0.014, 0.013, 0.   , 0.   , 0.038]))]
Frame: 5750000, Avg. RL Loss: 0.015, Avg. Q value: 0.101, Avg. Length: 865.3, P0 Avg. Reward: 0.179, P1 Avg. Reward: -0.179
Q table: 
 [[2.815 2.81  2.824 ... 2.829 2.849 2.849]
 [2.834 2.837 2.802 ... 2.834 2.847 2.807]
 [2.84  2.829 2.815 ... 2.845 2.879 2.844]
 ...
 [2.833 2.843 2.851 ... 2.857 2.852 2.85 ]
 [2.847 2.855 2.853 ... 2.844 2.849 2.838]
 [2.85  2.842 2.851 ... 2.837 2.831 2.834]]
Nash policies:  [(array([0.   , 0.   , 0.   , 0.   , 0.   , 0.   , 0.   , 0.   , 0.   , 0.   , 0.054, 0.634, 0.   , 0.   , 0.155, 0.   , 0.067, 0.09 ]), array([0.   , 0.226, 0.   , 0.   , 0.057, 0.091, 0.   , 0.363, 0.   , 0.   , 0.   , 0.   , 0.   , 0.264, 0.   , 0.   , 0.   , 0.   ]))]
Frame: 6000000, Avg. RL Loss: 0.016, Avg. Q value: -0.128, Avg. Length: 938.9, P0 Avg. Reward: -1.438, P1 Avg. Reward: 1.438
Q table: 
 [[2.518 2.495 2.512 ... 2.523 2.509 2.497]
 [2.522 2.511 2.522 ... 2.522 2.502 2.517]
 [2.523 2.527 2.495 ... 2.526 2.504 2.467]
 ...
 [2.527 2.516 2.516 ... 2.524 2.503 2.523]
 [2.536 2.515 2.503 ... 2.528 2.504 2.503]
 [2.517 2.533 2.502 ... 2.524 2.505 2.509]]
Nash policies:  [(array([0.   , 0.301, 0.   , 0.   , 0.   , 0.   , 0.   , 0.252, 0.044, 0.   , 0.176, 0.054, 0.005, 0.075, 0.   , 0.   , 0.093, 0.   ]), array([0.01 , 0.   , 0.   , 0.   , 0.   , 0.   , 0.211, 0.074, 0.   , 0.   , 0.003, 0.237, 0.   , 0.287, 0.   , 0.   , 0.08 , 0.098]))]
Frame: 6250000, Avg. RL Loss: 0.017, Avg. Q value: 0.044, Avg. Length: 909.8, P0 Avg. Reward: 0.167, P1 Avg. Reward: -0.167
Q table: 
 [[2.339 2.356 2.337 ... 2.333 2.35  2.34 ]
 [2.326 2.334 2.333 ... 2.342 2.323 2.326]
 [2.342 2.343 2.354 ... 2.335 2.285 2.337]
 ...
 [2.345 2.343 2.338 ... 2.331 2.354 2.347]
 [2.345 2.341 2.361 ... 2.298 2.33  2.352]
 [2.357 2.335 2.354 ... 2.304 2.329 2.342]]
Nash policies:  [(array([0.   , 0.435, 0.   , 0.   , 0.073, 0.   , 0.005, 0.   , 0.089, 0.   , 0.   , 0.   , 0.025, 0.   , 0.166, 0.207, 0.   , 0.   ]), array([0.   , 0.   , 0.   , 0.   , 0.257, 0.   , 0.139, 0.061, 0.   , 0.   , 0.   , 0.   , 0.   , 0.   , 0.022, 0.161, 0.128, 0.232]))]
Frame: 6500000, Avg. RL Loss: 0.017, Avg. Q value: 0.041, Avg. Length: 897.5, P0 Avg. Reward: 1.836, P1 Avg. Reward: -1.836
Q table: 
 [[-1.936 -1.952 -1.955 ... -1.952 -1.954 -1.94 ]
 [-1.913 -1.89  -1.934 ... -1.949 -1.944 -1.938]
 [-1.956 -1.935 -1.93  ... -1.945 -1.947 -1.936]
 ...
 [-1.943 -1.924 -1.94  ... -1.965 -1.949 -1.939]
 [-1.955 -1.945 -1.936 ... -1.94  -1.95  -1.943]
 [-1.946 -1.934 -1.953 ... -1.938 -1.944 -1.916]]
Nash policies:  [(array([0.   , 0.   , 0.   , 0.   , 0.   , 0.076, 0.6  , 0.   , 0.111, 0.   , 0.   , 0.   , 0.   , 0.   , 0.159, 0.011, 0.   , 0.042]), array([0.   , 0.   , 0.   , 0.   , 0.   , 0.134, 0.   , 0.123, 0.   , 0.   , 0.322, 0.   , 0.   , 0.025, 0.265, 0.13 , 0.   , 0.   ]))]
Frame: 6750000, Avg. RL Loss: 0.016, Avg. Q value: 0.275, Avg. Length: 893.0, P0 Avg. Reward: 2.175, P1 Avg. Reward: -2.175
Q table: 
 [[-2.759 -2.795 -2.619 ... -2.77  -2.753 -2.764]
 [-2.759 -2.779 -2.76  ... -2.782 -2.791 -2.767]
 [-2.759 -2.764 -2.758 ... -2.783 -2.772 -2.765]
 ...
 [-2.777 -2.753 -2.755 ... -2.773 -2.759 -2.771]
 [-2.767 -2.772 -2.771 ... -2.776 -2.773 -2.722]
 [-2.78  -2.776 -2.757 ... -2.76  -2.772 -2.766]]
Nash policies:  [(array([0.044, 0.   , 0.   , 0.   , 0.   , 0.18 , 0.078, 0.   , 0.228, 0.   , 0.174, 0.   , 0.085, 0.   , 0.043, 0.05 , 0.   , 0.117]), array([0.037, 0.244, 0.   , 0.   , 0.234, 0.   , 0.   , 0.   , 0.   , 0.   , 0.113, 0.061, 0.   , 0.024, 0.075, 0.   , 0.108, 0.102]))]
Frame: 7000000, Avg. RL Loss: 0.016, Avg. Q value: -0.231, Avg. Length: 942.6, P0 Avg. Reward: -2.174, P1 Avg. Reward: 2.174
Q table: 
 [[2.428 2.429 2.409 ... 2.436 2.411 2.437]
 [2.431 2.429 2.296 ... 2.407 2.423 2.405]
 [2.43  2.457 2.428 ... 2.318 2.337 2.418]
 ...
 [2.424 2.423 2.415 ... 2.435 2.425 2.432]
 [2.447 2.446 2.396 ... 2.444 2.392 2.343]
 [2.423 2.444 2.425 ... 2.414 2.417 2.441]]
Nash policies:  [(array([0.239, 0.   , 0.   , 0.214, 0.053, 0.   , 0.   , 0.031, 0.   , 0.   , 0.038, 0.009, 0.202, 0.015, 0.   , 0.076, 0.123, 0.   ]), array([0.   , 0.   , 0.046, 0.096, 0.   , 0.104, 0.048, 0.   , 0.   , 0.05 , 0.   , 0.026, 0.442, 0.035, 0.101, 0.   , 0.   , 0.051]))]
Frame: 7250000, Avg. RL Loss: 0.017, Avg. Q value: 0.212, Avg. Length: 947.8, P0 Avg. Reward: 3.136, P1 Avg. Reward: -3.136
Q table: 
 [[2.078 2.075 2.084 ... 2.071 2.088 2.079]
 [2.056 2.095 2.07  ... 2.075 2.011 2.07 ]
 [2.089 2.075 2.097 ... 2.066 2.112 2.075]
 ...
 [2.09  2.098 2.078 ... 2.063 2.034 2.077]
 [2.073 2.079 2.075 ... 2.062 2.094 2.067]
 [2.073 2.085 2.097 ... 2.072 2.037 2.072]]
Nash policies:  [(array([0.189, 0.043, 0.201, 0.   , 0.   , 0.098, 0.   , 0.   , 0.   , 0.   , 0.234, 0.   , 0.   , 0.   , 0.   , 0.   , 0.028, 0.207]), array([0.   , 0.342, 0.   , 0.   , 0.   , 0.07 , 0.   , 0.029, 0.   , 0.04 , 0.   , 0.   , 0.   , 0.   , 0.131, 0.304, 0.084, 0.   ]))]
Frame: 7500000, Avg. RL Loss: 0.017, Avg. Q value: 0.200, Avg. Length: 914.0, P0 Avg. Reward: 2.004, P1 Avg. Reward: -2.004
Q table: 
 [[-2.707 -2.724 -2.725 ... -2.697 -2.702 -2.693]
 [-2.676 -2.711 -2.717 ... -2.693 -2.728 -2.715]
 [-2.652 -2.716 -2.698 ... -2.728 -2.707 -2.706]
 ...
 [-2.56  -2.683 -2.636 ... -2.724 -2.71  -2.715]
 [-2.715 -2.719 -2.73  ... -2.711 -2.711 -2.705]
 [-2.709 -2.699 -2.71  ... -2.709 -2.707 -2.709]]
Nash policies:  [(array([0.441, 0.   , 0.   , 0.   , 0.184, 0.051, 0.   , 0.   , 0.017, 0.075, 0.   , 0.   , 0.   , 0.05 , 0.003, 0.18 , 0.   , 0.   ]), array([0.   , 0.051, 0.134, 0.045, 0.   , 0.   , 0.   , 0.   , 0.   , 0.   , 0.113, 0.   , 0.041, 0.105, 0.   , 0.   , 0.265, 0.246]))]
Frame: 7750000, Avg. RL Loss: 0.017, Avg. Q value: 0.076, Avg. Length: 942.1, P0 Avg. Reward: 0.898, P1 Avg. Reward: -0.898
Q table: 
 [[-2.27  -2.23  -2.245 ... -2.252 -2.23  -2.276]
 [-2.273 -2.191 -2.273 ... -2.24  -2.274 -2.269]
 [-2.245 -2.238 -2.279 ... -2.253 -2.253 -2.273]
 ...
 [-2.244 -2.251 -2.238 ... -2.272 -2.259 -2.262]
 [-2.278 -2.257 -2.169 ... -2.246 -2.256 -2.276]
 [-2.236 -2.257 -2.251 ... -2.27  -2.264 -2.249]]
Nash policies:  [(array([0.054, 0.   , 0.059, 0.006, 0.   , 0.083, 0.   , 0.059, 0.286, 0.199, 0.075, 0.   , 0.08 , 0.   , 0.   , 0.   , 0.   , 0.101]), array([0.   , 0.   , 0.   , 0.   , 0.   , 0.   , 0.274, 0.05 , 0.   , 0.   , 0.141, 0.238, 0.039, 0.045, 0.004, 0.082, 0.043, 0.085]))]
Frame: 8000000, Avg. RL Loss: 0.016, Avg. Q value: 0.046, Avg. Length: 906.1, P0 Avg. Reward: 0.314, P1 Avg. Reward: -0.314
Q table: 
 [[2.437 2.42  2.435 ... 2.416 2.428 2.415]
 [2.441 2.421 2.446 ... 2.425 2.433 2.429]
 [2.428 2.424 2.422 ... 2.428 2.45  2.418]
 ...
 [2.429 2.44  2.432 ... 2.427 2.43  2.398]
 [2.44  2.428 2.443 ... 2.434 2.413 2.453]
 [2.436 2.44  2.44  ... 2.446 2.433 2.436]]
Nash policies:  [(array([0.   , 0.   , 0.   , 0.   , 0.   , 0.   , 0.   , 0.   , 0.   , 0.   , 0.08 , 0.   , 0.213, 0.139, 0.024, 0.065, 0.   , 0.479]), array([0.292, 0.   , 0.   , 0.   , 0.   , 0.126, 0.   , 0.   , 0.   , 0.   , 0.   , 0.354, 0.   , 0.   , 0.061, 0.   , 0.128, 0.038]))]
Frame: 8250000, Avg. RL Loss: 0.016, Avg. Q value: -0.127, Avg. Length: 891.2, P0 Avg. Reward: -0.068, P1 Avg. Reward: 0.068
Q table: 
 [[2.827 2.792 2.868 ... 2.852 2.843 2.899]
 [2.848 2.9   2.812 ... 2.853 2.878 2.866]
 [2.847 2.884 2.845 ... 2.847 2.868 2.855]
 ...
 [2.887 2.861 2.875 ... 2.891 2.89  2.864]
 [2.91  2.868 2.86  ... 2.865 2.88  2.906]
 [2.752 2.872 2.869 ... 2.862 2.87  2.851]]
Nash policies:  [(array([0.009, 0.   , 0.   , 0.   , 0.   , 0.   , 0.156, 0.   , 0.   , 0.   , 0.165, 0.032, 0.31 , 0.124, 0.055, 0.081, 0.051, 0.016]), array([0.042, 0.   , 0.   , 0.   , 0.018, 0.096, 0.051, 0.037, 0.   , 0.   , 0.113, 0.   , 0.28 , 0.   , 0.   , 0.182, 0.   , 0.181]))]
Frame: 8500000, Avg. RL Loss: 0.016, Avg. Q value: 0.190, Avg. Length: 907.9, P0 Avg. Reward: 1.135, P1 Avg. Reward: -1.135
Q table: 
 [[-2.119 -2.14  -2.119 ... -2.141 -2.129 -2.129]
 [-2.141 -2.145 -2.132 ... -2.141 -2.14  -2.131]
 [-2.148 -2.119 -2.137 ... -2.135 -2.138 -2.143]
 ...
 [-2.14  -2.132 -2.134 ... -2.124 -2.14  -2.13 ]
 [-2.128 -2.138 -2.148 ... -2.13  -2.125 -2.13 ]
 [-2.137 -2.147 -2.15  ... -2.148 -2.138 -2.142]]
Nash policies:  [(array([0.   , 0.107, 0.   , 0.   , 0.   , 0.   , 0.233, 0.124, 0.106, 0.111, 0.   , 0.175, 0.   , 0.   , 0.144, 0.001, 0.   , 0.   ]), array([0.   , 0.   , 0.   , 0.   , 0.   , 0.201, 0.021, 0.   , 0.174, 0.142, 0.   , 0.   , 0.118, 0.063, 0.   , 0.176, 0.104, 0.   ]))]
Frame: 8750000, Avg. RL Loss: 0.016, Avg. Q value: 0.251, Avg. Length: 902.5, P0 Avg. Reward: 3.200, P1 Avg. Reward: -3.200
Q table: 
 [[2.676 2.665 2.661 ... 2.684 2.662 2.731]
 [2.693 2.685 2.689 ... 2.681 2.674 2.686]
 [2.659 2.663 2.669 ... 2.661 2.678 2.667]
 ...
 [2.653 2.681 2.697 ... 2.648 2.624 2.659]
 [2.681 2.665 2.676 ... 2.665 2.647 2.624]
 [2.664 2.661 2.636 ... 2.657 2.682 2.665]]
Nash policies:  [(array([0.195, 0.006, 0.006, 0.   , 0.   , 0.09 , 0.007, 0.   , 0.   , 0.   , 0.03 , 0.   , 0.174, 0.04 , 0.25 , 0.   , 0.202, 0.   ]), array([0.   , 0.   , 0.301, 0.118, 0.   , 0.   , 0.   , 0.   , 0.072, 0.   , 0.   , 0.152, 0.008, 0.085, 0.02 , 0.124, 0.048, 0.071]))]
Frame: 9000000, Avg. RL Loss: 0.016, Avg. Q value: -0.254, Avg. Length: 897.1, P0 Avg. Reward: -1.936, P1 Avg. Reward: 1.936
Q table: 
 [[-2.658 -2.659 -2.638 ... -2.67  -2.653 -2.658]
 [-2.651 -2.655 -2.657 ... -2.654 -2.654 -2.656]
 [-2.67  -2.648 -2.652 ... -2.655 -2.653 -2.662]
 ...
 [-2.652 -2.659 -2.652 ... -2.639 -2.661 -2.658]
 [-2.661 -2.657 -2.65  ... -2.648 -2.652 -2.602]
 [-2.66  -2.651 -2.648 ... -2.647 -2.63  -2.642]]
Nash policies:  [(array([0.   , 0.   , 0.   , 0.121, 0.   , 0.   , 0.04 , 0.126, 0.   , 0.   , 0.055, 0.219, 0.   , 0.   , 0.   , 0.058, 0.   , 0.381]), array([0.   , 0.49 , 0.   , 0.   , 0.   , 0.   , 0.092, 0.   , 0.144, 0.   , 0.   , 0.017, 0.046, 0.065, 0.   , 0.146, 0.   , 0.   ]))]
Frame: 9250000, Avg. RL Loss: 0.016, Avg. Q value: -0.203, Avg. Length: 894.9, P0 Avg. Reward: -0.918, P1 Avg. Reward: 0.918
Q table: 
 [[1.924 1.939 1.911 ... 1.923 1.91  1.897]
 [1.851 1.907 1.914 ... 1.896 1.898 1.913]
 [1.919 1.922 1.903 ... 1.883 1.922 1.912]
 ...
 [1.912 1.91  1.929 ... 1.91  1.898 1.89 ]
 [1.908 1.9   1.909 ... 1.906 1.848 1.908]
 [1.916 1.929 1.906 ... 1.893 1.933 1.883]]
Nash policies:  [(array([0.081, 0.123, 0.   , 0.   , 0.   , 0.   , 0.003, 0.   , 0.244, 0.   , 0.254, 0.   , 0.   , 0.   , 0.   , 0.   , 0.116, 0.18 ]), array([0.077, 0.   , 0.   , 0.   , 0.121, 0.174, 0.173, 0.   , 0.113, 0.   , 0.   , 0.   , 0.   , 0.   , 0.   , 0.   , 0.013, 0.329]))]
Frame: 9500000, Avg. RL Loss: 0.017, Avg. Q value: -0.234, Avg. Length: 928.7, P0 Avg. Reward: -1.204, P1 Avg. Reward: 1.204
Q table: 
 [[2.711 2.706 2.709 ... 2.727 2.713 2.691]
 [2.729 2.707 2.652 ... 2.741 2.701 2.747]
 [2.691 2.704 2.705 ... 2.712 2.719 2.715]
 ...
 [2.759 2.762 2.732 ... 2.727 2.722 2.692]
 [2.718 2.739 2.673 ... 2.723 2.74  2.688]
 [2.751 2.728 2.725 ... 2.718 2.673 2.715]]
Nash policies:  [(array([0.   , 0.   , 0.   , 0.   , 0.   , 0.   , 0.   , 0.   , 0.   , 0.   , 0.098, 0.332, 0.   , 0.113, 0.235, 0.125, 0.   , 0.097]), array([0.   , 0.   , 0.   , 0.144, 0.   , 0.   , 0.   , 0.   , 0.   , 0.319, 0.   , 0.   , 0.001, 0.   , 0.   , 0.108, 0.093, 0.335]))]
Frame: 9750000, Avg. RL Loss: 0.016, Avg. Q value: -0.136, Avg. Length: 915.5, P0 Avg. Reward: -0.526, P1 Avg. Reward: 0.526
Q table: 
 [[-2.288 -2.312 -2.299 ... -2.306 -2.318 -2.31 ]
 [-2.306 -2.299 -2.305 ... -2.312 -2.304 -2.266]
 [-2.312 -2.331 -2.307 ... -2.301 -2.32  -2.316]
 ...
 [-2.299 -2.3   -2.305 ... -2.32  -2.32  -2.305]
 [-2.302 -2.311 -2.308 ... -2.317 -2.306 -2.309]
 [-2.33  -2.316 -2.312 ... -2.326 -2.306 -2.316]]
Nash policies:  [(array([0.151, 0.2  , 0.   , 0.   , 0.   , 0.   , 0.   , 0.   , 0.   , 0.   , 0.   , 0.   , 0.   , 0.   , 0.371, 0.277, 0.   , 0.   ]), array([0.   , 0.188, 0.   , 0.   , 0.   , 0.   , 0.   , 0.   , 0.   , 0.   , 0.044, 0.   , 0.   , 0.   , 0.361, 0.408, 0.   , 0.   ]))]
Frame: 10000000, Avg. RL Loss: 0.016, Avg. Q value: -0.300, Avg. Length: 869.1, P0 Avg. Reward: -2.624, P1 Avg. Reward: 2.624
Q table: 
 [[-2.638 -2.661 -2.644 ... -2.66  -2.656 -2.657]
 [-2.647 -2.654 -2.653 ... -2.657 -2.649 -2.644]
 [-2.641 -2.65  -2.652 ... -2.596 -2.656 -2.654]
 ...
 [-2.655 -2.58  -2.648 ... -2.637 -2.656 -2.649]
 [-2.671 -2.657 -2.636 ... -2.651 -2.626 -2.658]
 [-2.671 -2.649 -2.632 ... -2.652 -2.653 -2.659]]
Nash policies:  [(array([0.   , 0.15 , 0.   , 0.   , 0.081, 0.079, 0.   , 0.076, 0.282, 0.   , 0.051, 0.   , 0.   , 0.117, 0.   , 0.04 , 0.125, 0.   ]), array([0.   , 0.024, 0.   , 0.   , 0.004, 0.   , 0.   , 0.002, 0.   , 0.   , 0.   , 0.174, 0.539, 0.072, 0.   , 0.074, 0.094, 0.017]))]
Frame: 10250000, Avg. RL Loss: 0.016, Avg. Q value: -0.433, Avg. Length: 906.1, P0 Avg. Reward: -2.415, P1 Avg. Reward: 2.415
Q table: 
 [[2.045 2.033 2.034 ... 2.042 2.034 1.975]
 [1.959 2.025 2.026 ... 2.025 2.032 2.032]
 [1.995 2.063 2.022 ... 2.04  2.027 2.032]
 ...
 [2.043 2.044 2.03  ... 2.031 2.044 2.015]
 [1.995 2.034 2.035 ... 1.98  2.023 2.043]
 [2.013 2.023 2.025 ... 2.019 2.015 2.018]]
Nash policies:  [(array([0.143, 0.   , 0.   , 0.009, 0.   , 0.   , 0.   , 0.   , 0.144, 0.   , 0.   , 0.   , 0.521, 0.094, 0.01 , 0.   , 0.077, 0.001]), array([0.   , 0.   , 0.   , 0.   , 0.   , 0.294, 0.349, 0.1  , 0.033, 0.   , 0.109, 0.   , 0.   , 0.043, 0.052, 0.   , 0.   , 0.02 ]))]
Frame: 10500000, Avg. RL Loss: 0.015, Avg. Q value: -0.443, Avg. Length: 914.3, P0 Avg. Reward: -2.341, P1 Avg. Reward: 2.341
Q table: 
 [[-2.557 -2.569 -2.54  ... -2.559 -2.555 -2.551]
 [-2.513 -2.53  -2.549 ... -2.556 -2.578 -2.562]
 [-2.545 -2.553 -2.554 ... -2.564 -2.561 -2.57 ]
 ...
 [-2.558 -2.559 -2.545 ... -2.574 -2.561 -2.501]
 [-2.572 -2.565 -2.542 ... -2.552 -2.564 -2.559]
 [-2.552 -2.575 -2.537 ... -2.528 -2.569 -2.574]]
Nash policies:  [(array([0.   , 0.   , 0.   , 0.067, 0.226, 0.176, 0.   , 0.   , 0.   , 0.452, 0.   , 0.   , 0.   , 0.   , 0.009, 0.   , 0.   , 0.07 ]), array([0.   , 0.   , 0.   , 0.516, 0.029, 0.025, 0.   , 0.   , 0.   , 0.   , 0.25 , 0.075, 0.   , 0.106, 0.   , 0.   , 0.   , 0.   ]))]
Frame: 10750000, Avg. RL Loss: 0.018, Avg. Q value: -0.198, Avg. Length: 948.7, P0 Avg. Reward: -0.902, P1 Avg. Reward: 0.902
Q table: 
 [[2.114 2.093 2.119 ... 2.123 2.128 2.093]
 [2.093 2.101 2.122 ... 2.131 2.13  2.121]
 [2.135 2.117 2.103 ... 2.116 2.131 2.115]
 ...
 [2.134 2.118 2.117 ... 2.122 2.14  2.112]
 [2.121 2.116 2.127 ... 2.117 2.12  2.129]
 [2.114 2.118 2.123 ... 2.125 2.141 2.102]]
Nash policies:  [(array([0.032, 0.064, 0.194, 0.146, 0.   , 0.   , 0.   , 0.   , 0.   , 0.   , 0.165, 0.013, 0.038, 0.   , 0.222, 0.125, 0.   , 0.   ]), array([0.   , 0.022, 0.034, 0.   , 0.059, 0.   , 0.202, 0.   , 0.11 , 0.   , 0.053, 0.064, 0.023, 0.   , 0.   , 0.432, 0.   , 0.   ]))]
Frame: 11000000, Avg. RL Loss: 0.016, Avg. Q value: -0.068, Avg. Length: 868.6, P0 Avg. Reward: -0.734, P1 Avg. Reward: 0.734
Q table: 
 [[-2.797 -2.785 -2.805 ... -2.787 -2.788 -2.793]
 [-2.804 -2.785 -2.792 ... -2.787 -2.778 -2.79 ]
 [-2.794 -2.786 -2.774 ... -2.788 -2.798 -2.788]
 ...
 [-2.795 -2.787 -2.809 ... -2.784 -2.785 -2.789]
 [-2.796 -2.791 -2.791 ... -2.79  -2.782 -2.788]
 [-2.783 -2.8   -2.777 ... -2.788 -2.792 -2.786]]
Nash policies:  [(array([0.196, 0.02 , 0.   , 0.   , 0.045, 0.   , 0.   , 0.   , 0.014, 0.025, 0.171, 0.029, 0.075, 0.   , 0.   , 0.14 , 0.   , 0.284]), array([0.   , 0.003, 0.135, 0.   , 0.   , 0.127, 0.   , 0.158, 0.   , 0.077, 0.033, 0.046, 0.   , 0.179, 0.09 , 0.   , 0.   , 0.153]))]
Frame: 11250000, Avg. RL Loss: 0.018, Avg. Q value: -0.478, Avg. Length: 966.9, P0 Avg. Reward: -3.827, P1 Avg. Reward: 3.827
Q table: 
 [[-2.379 -2.35  -2.355 ... -2.377 -2.359 -2.382]
 [-2.36  -2.384 -2.415 ... -2.367 -2.361 -2.374]
 [-2.351 -2.361 -2.353 ... -2.361 -2.388 -2.35 ]
 ...
 [-2.351 -2.358 -2.354 ... -2.365 -2.349 -2.356]
 [-2.393 -2.352 -2.37  ... -2.376 -2.359 -2.367]
 [-2.358 -2.37  -2.341 ... -2.352 -2.332 -2.362]]
Nash policies:  [(array([0.   , 0.   , 0.245, 0.   , 0.004, 0.   , 0.068, 0.   , 0.   , 0.   , 0.   , 0.163, 0.   , 0.   , 0.036, 0.   , 0.079, 0.406]), array([0.   , 0.   , 0.   , 0.122, 0.   , 0.   , 0.   , 0.   , 0.   , 0.   , 0.   , 0.135, 0.107, 0.117, 0.   , 0.142, 0.137, 0.24 ]))]
Frame: 11500000, Avg. RL Loss: 0.018, Avg. Q value: -0.522, Avg. Length: 942.0, P0 Avg. Reward: -4.044, P1 Avg. Reward: 4.044
Q table: 
 [[2.1   2.1   2.089 ... 2.111 1.999 2.097]
 [2.1   2.119 2.103 ... 2.121 2.084 2.116]
 [2.145 2.108 2.094 ... 2.1   2.108 2.071]
 ...
 [2.131 2.02  2.127 ... 2.124 2.096 2.026]
 [2.097 2.093 2.11  ... 2.116 2.097 2.013]
 [2.082 2.094 2.092 ... 2.048 2.123 2.084]]
Nash policies:  [(array([0.   , 0.421, 0.028, 0.053, 0.014, 0.   , 0.   , 0.   , 0.195, 0.   , 0.242, 0.   , 0.   , 0.   , 0.   , 0.   , 0.047, 0.   ]), array([0.   , 0.   , 0.   , 0.439, 0.   , 0.   , 0.013, 0.   , 0.173, 0.018, 0.   , 0.114, 0.099, 0.   , 0.   , 0.   , 0.   , 0.145]))]
Frame: 11750000, Avg. RL Loss: 0.019, Avg. Q value: -0.616, Avg. Length: 966.6, P0 Avg. Reward: -4.824, P1 Avg. Reward: 4.824
Q table: 
 [[-2.495 -2.478 -2.506 ... -2.496 -2.494 -2.499]
 [-2.495 -2.491 -2.489 ... -2.509 -2.486 -2.486]
 [-2.509 -2.503 -2.496 ... -2.497 -2.506 -2.505]
 ...
 [-2.508 -2.49  -2.497 ... -2.505 -2.488 -2.516]
 [-2.485 -2.506 -2.509 ... -2.477 -2.505 -2.497]
 [-2.492 -2.499 -2.508 ... -2.492 -2.465 -2.503]]
Nash policies:  [(array([0.243, 0.114, 0.   , 0.   , 0.007, 0.102, 0.155, 0.057, 0.006, 0.   , 0.   , 0.094, 0.223, 0.   , 0.   , 0.   , 0.   , 0.   ]), array([0.   , 0.   , 0.05 , 0.049, 0.   , 0.026, 0.   , 0.037, 0.302, 0.182, 0.162, 0.   , 0.162, 0.   , 0.   , 0.   , 0.   , 0.03 ]))]
Frame: 12000000, Avg. RL Loss: 0.020, Avg. Q value: -0.539, Avg. Length: 960.4, P0 Avg. Reward: -4.208, P1 Avg. Reward: 4.208