                          Options
                          seed: 1122
                          batch_size: 32
                          no_cuda: False
                          max_frames: 30000000
                          buffer_size: 100000
                          update_target: 1000
                          train_freq: 1
                          gamma: 0.99
                          eta: 0.1
                          rl_start: 10000
                          sl_start: 1000
                          dueling: False
                          multi_step: 1
                          env: SlimeVolleyNoFrameskip-v0
                          negative: False
                          load_model: None
                          save_model: model
                          evaluate: False
                          render: False
                          evaluation_interval: 10000
                          lr: 0.0001
                          max_tag_interval: 1000
                          eps_start: 1.0
                          eps_final: 0.01
                          eps_decay: 30000
                          cuda: True
                          device: cuda:0
Box(0, 1, (4, 84, 84), uint8) Discrete(6)
Frame: 10000, Avg. Reward: -4.859, Avg. RL Loss: nan, Avg. Length: 139.9
Frame: 20000, Avg. Reward: -4.806, Avg. RL Loss: 0.011, Avg. Length: 149.9
Frame: 30000, Avg. Reward: -4.877, Avg. RL Loss: 0.004, Avg. Length: 152.9
Frame: 40000, Avg. Reward: -4.969, Avg. RL Loss: 0.005, Avg. Length: 154.8
Frame: 50000, Avg. Reward: -4.926, Avg. RL Loss: 0.005, Avg. Length: 146.8
Frame: 60000, Avg. Reward: -4.896, Avg. RL Loss: 0.005, Avg. Length: 149.8
Frame: 70000, Avg. Reward: -4.833, Avg. RL Loss: 0.005, Avg. Length: 150.8
Frame: 80000, Avg. Reward: -4.800, Avg. RL Loss: 0.005, Avg. Length: 153.3
Frame: 90000, Avg. Reward: -4.803, Avg. RL Loss: 0.005, Avg. Length: 152.6
Frame: 100000, Avg. Reward: -4.794, Avg. RL Loss: 0.005, Avg. Length: 145.7
Frame: 110000, Avg. Reward: -4.912, Avg. RL Loss: 0.005, Avg. Length: 147.0
Frame: 120000, Avg. Reward: -4.866, Avg. RL Loss: 0.005, Avg. Length: 149.1
Frame: 130000, Avg. Reward: -4.864, Avg. RL Loss: 0.005, Avg. Length: 152.6
Frame: 140000, Avg. Reward: -4.906, Avg. RL Loss: 0.004, Avg. Length: 154.6
Frame: 150000, Avg. Reward: -4.882, Avg. RL Loss: 0.004, Avg. Length: 147.9
Frame: 160000, Avg. Reward: -4.859, Avg. RL Loss: 0.004, Avg. Length: 156.7
Frame: 170000, Avg. Reward: -4.909, Avg. RL Loss: 0.004, Avg. Length: 151.2
Frame: 180000, Avg. Reward: -4.909, Avg. RL Loss: 0.004, Avg. Length: 153.1
Frame: 190000, Avg. Reward: -4.833, Avg. RL Loss: 0.003, Avg. Length: 150.4
Frame: 200000, Avg. Reward: -4.826, Avg. RL Loss: 0.003, Avg. Length: 145.2
Frame: 210000, Avg. Reward: -4.836, Avg. RL Loss: 0.003, Avg. Length: 148.7
Frame: 220000, Avg. Reward: -4.750, Avg. RL Loss: 0.003, Avg. Length: 157.2
Frame: 230000, Avg. Reward: -4.864, Avg. RL Loss: 0.003, Avg. Length: 150.0
Frame: 240000, Avg. Reward: -4.868, Avg. RL Loss: 0.003, Avg. Length: 148.2
Frame: 250000, Avg. Reward: -4.866, Avg. RL Loss: 0.003, Avg. Length: 149.1
Frame: 260000, Avg. Reward: -4.868, Avg. RL Loss: 0.003, Avg. Length: 146.1
Frame: 270000, Avg. Reward: -4.841, Avg. RL Loss: 0.003, Avg. Length: 145.3
Frame: 280000, Avg. Reward: -4.788, Avg. RL Loss: 0.003, Avg. Length: 152.2
Frame: 290000, Avg. Reward: -4.891, Avg. RL Loss: 0.003, Avg. Length: 156.8
Frame: 300000, Avg. Reward: -4.841, Avg. RL Loss: 0.003, Avg. Length: 144.2
Frame: 310000, Avg. Reward: -4.879, Avg. RL Loss: 0.003, Avg. Length: 151.5
Frame: 320000, Avg. Reward: -4.818, Avg. RL Loss: 0.003, Avg. Length: 151.7
Frame: 330000, Avg. Reward: -4.794, Avg. RL Loss: 0.003, Avg. Length: 157.9
Frame: 340000, Avg. Reward: -4.806, Avg. RL Loss: 0.003, Avg. Length: 150.1
Frame: 350000, Avg. Reward: -4.864, Avg. RL Loss: 0.003, Avg. Length: 150.0
Frame: 360000, Avg. Reward: -4.908, Avg. RL Loss: 0.003, Avg. Length: 154.0
Frame: 370000, Avg. Reward: -4.794, Avg. RL Loss: 0.003, Avg. Length: 159.0
Frame: 380000, Avg. Reward: -4.812, Avg. RL Loss: 0.003, Avg. Length: 146.1
Frame: 390000, Avg. Reward: -4.815, Avg. RL Loss: 0.003, Avg. Length: 154.5
Frame: 400000, Avg. Reward: -4.881, Avg. RL Loss: 0.003, Avg. Length: 148.0
Frame: 410000, Avg. Reward: -4.833, Avg. RL Loss: 0.003, Avg. Length: 152.5
Frame: 420000, Avg. Reward: -4.812, Avg. RL Loss: 0.003, Avg. Length: 155.0
Frame: 430000, Avg. Reward: -4.829, Avg. RL Loss: 0.003, Avg. Length: 142.8
Frame: 440000, Avg. Reward: -4.848, Avg. RL Loss: 0.003, Avg. Length: 152.9
Frame: 450000, Avg. Reward: -4.864, Avg. RL Loss: 0.003, Avg. Length: 151.3
Frame: 460000, Avg. Reward: -4.810, Avg. RL Loss: 0.003, Avg. Length: 157.1
Frame: 470000, Avg. Reward: -4.894, Avg. RL Loss: 0.003, Avg. Length: 153.2
Frame: 480000, Avg. Reward: -4.877, Avg. RL Loss: 0.003, Avg. Length: 152.6
Frame: 490000, Avg. Reward: -4.812, Avg. RL Loss: 0.003, Avg. Length: 157.3
Frame: 500000, Avg. Reward: -4.857, Avg. RL Loss: 0.003, Avg. Length: 159.1
Frame: 510000, Avg. Reward: -4.906, Avg. RL Loss: 0.003, Avg. Length: 155.2
Frame: 520000, Avg. Reward: -4.910, Avg. RL Loss: 0.003, Avg. Length: 149.3
Frame: 530000, Avg. Reward: -4.815, Avg. RL Loss: 0.002, Avg. Length: 153.9
Frame: 540000, Avg. Reward: -4.800, Avg. RL Loss: 0.002, Avg. Length: 154.5
Frame: 550000, Avg. Reward: -4.821, Avg. RL Loss: 0.003, Avg. Length: 149.8
Frame: 560000, Avg. Reward: -4.812, Avg. RL Loss: 0.003, Avg. Length: 154.8
Frame: 570000, Avg. Reward: -4.812, Avg. RL Loss: 0.003, Avg. Length: 155.7
Frame: 580000, Avg. Reward: -4.905, Avg. RL Loss: 0.003, Avg. Length: 158.7
Frame: 590000, Avg. Reward: -4.864, Avg. RL Loss: 0.003, Avg. Length: 153.3
Frame: 600000, Avg. Reward: -4.823, Avg. RL Loss: 0.002, Avg. Length: 159.7
Frame: 610000, Avg. Reward: -4.848, Avg. RL Loss: 0.003, Avg. Length: 152.4
Frame: 620000, Avg. Reward: -4.906, Avg. RL Loss: 0.002, Avg. Length: 156.5
Frame: 630000, Avg. Reward: -4.812, Avg. RL Loss: 0.003, Avg. Length: 156.8
Frame: 640000, Avg. Reward: -4.873, Avg. RL Loss: 0.003, Avg. Length: 157.3
Frame: 650000, Avg. Reward: -4.910, Avg. RL Loss: 0.003, Avg. Length: 148.6
Frame: 660000, Avg. Reward: -4.823, Avg. RL Loss: 0.003, Avg. Length: 161.9
Frame: 670000, Avg. Reward: -4.908, Avg. RL Loss: 0.003, Avg. Length: 154.8
Frame: 680000, Avg. Reward: -4.810, Avg. RL Loss: 0.002, Avg. Length: 157.2
Frame: 690000, Avg. Reward: -4.785, Avg. RL Loss: 0.002, Avg. Length: 154.4
Frame: 700000, Avg. Reward: -4.831, Avg. RL Loss: 0.003, Avg. Length: 154.7
Frame: 710000, Avg. Reward: -4.788, Avg. RL Loss: 0.003, Avg. Length: 150.7
Frame: 720000, Avg. Reward: -4.855, Avg. RL Loss: 0.003, Avg. Length: 162.2
Frame: 730000, Avg. Reward: -4.846, Avg. RL Loss: 0.003, Avg. Length: 152.2
Frame: 740000, Avg. Reward: -4.894, Avg. RL Loss: 0.002, Avg. Length: 152.5
Frame: 750000, Avg. Reward: -4.875, Avg. RL Loss: 0.003, Avg. Length: 156.4
Frame: 760000, Avg. Reward: -4.859, Avg. RL Loss: 0.003, Avg. Length: 156.4
Frame: 770000, Avg. Reward: -4.938, Avg. RL Loss: 0.003, Avg. Length: 153.6
Frame: 780000, Avg. Reward: -4.922, Avg. RL Loss: 0.003, Avg. Length: 157.1
Frame: 790000, Avg. Reward: -4.774, Avg. RL Loss: 0.003, Avg. Length: 161.0
Frame: 800000, Avg. Reward: -4.823, Avg. RL Loss: 0.002, Avg. Length: 160.3
Frame: 810000, Avg. Reward: -4.939, Avg. RL Loss: 0.003, Avg. Length: 152.2
Frame: 820000, Avg. Reward: -4.873, Avg. RL Loss: 0.003, Avg. Length: 157.9
Frame: 830000, Avg. Reward: -4.939, Avg. RL Loss: 0.003, Avg. Length: 153.2
Frame: 840000, Avg. Reward: -4.919, Avg. RL Loss: 0.003, Avg. Length: 158.9
Frame: 850000, Avg. Reward: -4.892, Avg. RL Loss: 0.002, Avg. Length: 155.5
Frame: 860000, Avg. Reward: -4.859, Avg. RL Loss: 0.002, Avg. Length: 155.2
Frame: 870000, Avg. Reward: -4.831, Avg. RL Loss: 0.002, Avg. Length: 154.7
Frame: 880000, Avg. Reward: -4.823, Avg. RL Loss: 0.002, Avg. Length: 161.5
Frame: 890000, Avg. Reward: -4.905, Avg. RL Loss: 0.002, Avg. Length: 158.2
Frame: 900000, Avg. Reward: -4.855, Avg. RL Loss: 0.002, Avg. Length: 161.0
Frame: 910000, Avg. Reward: -4.848, Avg. RL Loss: 0.002, Avg. Length: 152.7
Frame: 920000, Avg. Reward: -4.836, Avg. RL Loss: 0.002, Avg. Length: 164.1
Frame: 930000, Avg. Reward: -4.839, Avg. RL Loss: 0.003, Avg. Length: 160.8
Frame: 940000, Avg. Reward: -4.875, Avg. RL Loss: 0.003, Avg. Length: 154.5
Frame: 950000, Avg. Reward: -4.877, Avg. RL Loss: 0.003, Avg. Length: 156.0
Frame: 960000, Avg. Reward: -4.952, Avg. RL Loss: 0.003, Avg. Length: 158.8
Frame: 970000, Avg. Reward: -4.889, Avg. RL Loss: 0.003, Avg. Length: 158.3
Frame: 980000, Avg. Reward: -4.787, Avg. RL Loss: 0.002, Avg. Length: 162.6
Frame: 990000, Avg. Reward: -4.867, Avg. RL Loss: 0.002, Avg. Length: 165.8
Frame: 1000000, Avg. Reward: -4.823, Avg. RL Loss: 0.002, Avg. Length: 162.6
Frame: 1010000, Avg. Reward: -4.770, Avg. RL Loss: 0.002, Avg. Length: 163.7
Frame: 1020000, Avg. Reward: -4.793, Avg. RL Loss: 0.003, Avg. Length: 172.4
Frame: 1030000, Avg. Reward: -4.800, Avg. RL Loss: 0.002, Avg. Length: 166.7
Frame: 1040000, Avg. Reward: -4.867, Avg. RL Loss: 0.003, Avg. Length: 166.1
Frame: 1050000, Avg. Reward: -4.889, Avg. RL Loss: 0.003, Avg. Length: 159.6
Frame: 1060000, Avg. Reward: -4.746, Avg. RL Loss: 0.003, Avg. Length: 170.1
Frame: 1070000, Avg. Reward: -4.871, Avg. RL Loss: 0.003, Avg. Length: 161.4
Frame: 1080000, Avg. Reward: -4.836, Avg. RL Loss: 0.003, Avg. Length: 159.7
Frame: 1090000, Avg. Reward: -4.661, Avg. RL Loss: 0.003, Avg. Length: 174.3
Frame: 1100000, Avg. Reward: -4.850, Avg. RL Loss: 0.003, Avg. Length: 166.6
Frame: 1110000, Avg. Reward: -4.729, Avg. RL Loss: 0.003, Avg. Length: 168.9
Frame: 1120000, Avg. Reward: -4.867, Avg. RL Loss: 0.003, Avg. Length: 164.7
Frame: 1130000, Avg. Reward: -4.783, Avg. RL Loss: 0.003, Avg. Length: 167.0
Frame: 1140000, Avg. Reward: -4.932, Avg. RL Loss: 0.003, Avg. Length: 169.1
Frame: 1150000, Avg. Reward: -4.729, Avg. RL Loss: 0.003, Avg. Length: 171.3
Frame: 1160000, Avg. Reward: -4.845, Avg. RL Loss: 0.003, Avg. Length: 169.5
Frame: 1170000, Avg. Reward: -4.887, Avg. RL Loss: 0.003, Avg. Length: 164.9
Frame: 1180000, Avg. Reward: -4.729, Avg. RL Loss: 0.003, Avg. Length: 169.4
Frame: 1190000, Avg. Reward: -4.867, Avg. RL Loss: 0.003, Avg. Length: 164.8
Frame: 1200000, Avg. Reward: -4.898, Avg. RL Loss: 0.003, Avg. Length: 168.3
Frame: 1210000, Avg. Reward: -4.831, Avg. RL Loss: 0.003, Avg. Length: 172.3
Frame: 1220000, Avg. Reward: -4.831, Avg. RL Loss: 0.003, Avg. Length: 167.8
Frame: 1230000, Avg. Reward: -4.943, Avg. RL Loss: 0.002, Avg. Length: 189.6
Frame: 1240000, Avg. Reward: -4.797, Avg. RL Loss: 0.002, Avg. Length: 169.2
Frame: 1250000, Avg. Reward: -4.825, Avg. RL Loss: 0.003, Avg. Length: 176.6
Frame: 1260000, Avg. Reward: -4.881, Avg. RL Loss: 0.002, Avg. Length: 168.3
Frame: 1270000, Avg. Reward: -4.881, Avg. RL Loss: 0.002, Avg. Length: 168.6
Frame: 1280000, Avg. Reward: -4.793, Avg. RL Loss: 0.003, Avg. Length: 174.8
Frame: 1290000, Avg. Reward: -4.845, Avg. RL Loss: 0.003, Avg. Length: 171.8
Frame: 1300000, Avg. Reward: -4.893, Avg. RL Loss: 0.003, Avg. Length: 177.2
Frame: 1310000, Avg. Reward: -4.877, Avg. RL Loss: 0.003, Avg. Length: 177.1
Frame: 1320000, Avg. Reward: -4.881, Avg. RL Loss: 0.003, Avg. Length: 168.0
Frame: 1330000, Avg. Reward: -4.793, Avg. RL Loss: 0.002, Avg. Length: 172.8
Frame: 1340000, Avg. Reward: -4.864, Avg. RL Loss: 0.003, Avg. Length: 170.9
Frame: 1350000, Avg. Reward: -4.750, Avg. RL Loss: 0.003, Avg. Length: 176.9
Frame: 1360000, Avg. Reward: -4.778, Avg. RL Loss: 0.003, Avg. Length: 186.8
Frame: 1370000, Avg. Reward: -4.774, Avg. RL Loss: 0.003, Avg. Length: 185.6
Frame: 1380000, Avg. Reward: -4.831, Avg. RL Loss: 0.003, Avg. Length: 171.1
Frame: 1390000, Avg. Reward: -4.879, Avg. RL Loss: 0.003, Avg. Length: 172.8
Frame: 1400000, Avg. Reward: -4.929, Avg. RL Loss: 0.003, Avg. Length: 178.1
Frame: 1410000, Avg. Reward: -4.811, Avg. RL Loss: 0.003, Avg. Length: 189.4
Frame: 1420000, Avg. Reward: -4.793, Avg. RL Loss: 0.003, Avg. Length: 172.8
Frame: 1430000, Avg. Reward: -4.964, Avg. RL Loss: 0.003, Avg. Length: 177.3
Frame: 1440000, Avg. Reward: -4.772, Avg. RL Loss: 0.003, Avg. Length: 176.2
Frame: 1450000, Avg. Reward: -4.804, Avg. RL Loss: 0.003, Avg. Length: 178.7
Frame: 1460000, Avg. Reward: -4.818, Avg. RL Loss: 0.003, Avg. Length: 181.3
Frame: 1470000, Avg. Reward: -4.893, Avg. RL Loss: 0.003, Avg. Length: 179.4
Frame: 1480000, Avg. Reward: -4.877, Avg. RL Loss: 0.002, Avg. Length: 172.2
Frame: 1490000, Avg. Reward: -4.931, Avg. RL Loss: 0.003, Avg. Length: 174.2
Frame: 1500000, Avg. Reward: -4.776, Avg. RL Loss: 0.002, Avg. Length: 171.5
Frame: 1510000, Avg. Reward: -4.736, Avg. RL Loss: 0.003, Avg. Length: 190.5
Frame: 1520000, Avg. Reward: -4.800, Avg. RL Loss: 0.003, Avg. Length: 180.6
Frame: 1530000, Avg. Reward: -4.828, Avg. RL Loss: 0.003, Avg. Length: 171.1
Frame: 1540000, Avg. Reward: -4.818, Avg. RL Loss: 0.003, Avg. Length: 185.3
Frame: 1550000, Avg. Reward: -4.811, Avg. RL Loss: 0.003, Avg. Length: 186.0
Frame: 1560000, Avg. Reward: -4.768, Avg. RL Loss: 0.003, Avg. Length: 179.1
Frame: 1570000, Avg. Reward: -4.950, Avg. RL Loss: 0.003, Avg. Length: 167.0
Frame: 1580000, Avg. Reward: -4.852, Avg. RL Loss: 0.003, Avg. Length: 186.2
Frame: 1590000, Avg. Reward: -4.821, Avg. RL Loss: 0.003, Avg. Length: 179.0
Frame: 1600000, Avg. Reward: -4.867, Avg. RL Loss: 0.003, Avg. Length: 163.9
Frame: 1610000, Avg. Reward: -4.909, Avg. RL Loss: 0.003, Avg. Length: 185.2
Frame: 1620000, Avg. Reward: -4.839, Avg. RL Loss: 0.003, Avg. Length: 175.9
Frame: 1630000, Avg. Reward: -4.830, Avg. RL Loss: 0.003, Avg. Length: 189.6
Frame: 1640000, Avg. Reward: -4.883, Avg. RL Loss: 0.003, Avg. Length: 168.2
Frame: 1650000, Avg. Reward: -4.911, Avg. RL Loss: 0.003, Avg. Length: 176.2
Frame: 1660000, Avg. Reward: -4.821, Avg. RL Loss: 0.003, Avg. Length: 179.0
Frame: 1670000, Avg. Reward: -4.818, Avg. RL Loss: 0.003, Avg. Length: 180.5
Frame: 1680000, Avg. Reward: -4.691, Avg. RL Loss: 0.003, Avg. Length: 183.0
Frame: 1690000, Avg. Reward: -4.804, Avg. RL Loss: 0.003, Avg. Length: 178.7
Frame: 1700000, Avg. Reward: -4.930, Avg. RL Loss: 0.003, Avg. Length: 177.3
Frame: 1710000, Avg. Reward: -4.717, Avg. RL Loss: 0.003, Avg. Length: 188.6
Frame: 1720000, Avg. Reward: -4.704, Avg. RL Loss: 0.003, Avg. Length: 184.5
Frame: 1730000, Avg. Reward: -4.875, Avg. RL Loss: 0.003, Avg. Length: 178.4
Frame: 1740000, Avg. Reward: -4.885, Avg. RL Loss: 0.003, Avg. Length: 191.6
Frame: 1750000, Avg. Reward: -4.815, Avg. RL Loss: 0.003, Avg. Length: 186.3
Frame: 1760000, Avg. Reward: -4.807, Avg. RL Loss: 0.003, Avg. Length: 175.6
Frame: 1770000, Avg. Reward: -4.691, Avg. RL Loss: 0.003, Avg. Length: 180.8
Frame: 1780000, Avg. Reward: -4.825, Avg. RL Loss: 0.003, Avg. Length: 176.7
Frame: 1790000, Avg. Reward: -4.860, Avg. RL Loss: 0.003, Avg. Length: 174.2
Frame: 1800000, Avg. Reward: -4.704, Avg. RL Loss: 0.003, Avg. Length: 185.9
Frame: 1810000, Avg. Reward: -4.860, Avg. RL Loss: 0.003, Avg. Length: 174.5
Frame: 1820000, Avg. Reward: -4.800, Avg. RL Loss: 0.003, Avg. Length: 181.2
Frame: 1830000, Avg. Reward: -4.846, Avg. RL Loss: 0.003, Avg. Length: 190.2
Frame: 1840000, Avg. Reward: -4.868, Avg. RL Loss: 0.003, Avg. Length: 189.6
Frame: 1850000, Avg. Reward: -4.852, Avg. RL Loss: 0.003, Avg. Length: 187.7
Frame: 1860000, Avg. Reward: -4.839, Avg. RL Loss: 0.003, Avg. Length: 177.7
Frame: 1870000, Avg. Reward: -4.857, Avg. RL Loss: 0.003, Avg. Length: 179.2
Frame: 1880000, Avg. Reward: -4.778, Avg. RL Loss: 0.003, Avg. Length: 182.2
Frame: 1890000, Avg. Reward: -4.842, Avg. RL Loss: 0.003, Avg. Length: 178.9
Frame: 1900000, Avg. Reward: -4.725, Avg. RL Loss: 0.003, Avg. Length: 192.6
Frame: 1910000, Avg. Reward: -4.745, Avg. RL Loss: 0.003, Avg. Length: 185.4
Frame: 1920000, Avg. Reward: -4.685, Avg. RL Loss: 0.003, Avg. Length: 183.6
Frame: 1930000, Avg. Reward: -4.877, Avg. RL Loss: 0.003, Avg. Length: 174.1
Frame: 1940000, Avg. Reward: -4.793, Avg. RL Loss: 0.003, Avg. Length: 174.9
Frame: 1950000, Avg. Reward: -4.914, Avg. RL Loss: 0.003, Avg. Length: 171.1
Frame: 1960000, Avg. Reward: -4.879, Avg. RL Loss: 0.003, Avg. Length: 170.7
Frame: 1970000, Avg. Reward: -4.800, Avg. RL Loss: 0.003, Avg. Length: 182.3
Frame: 1980000, Avg. Reward: -4.873, Avg. RL Loss: 0.003, Avg. Length: 181.8
Frame: 1990000, Avg. Reward: -4.862, Avg. RL Loss: 0.003, Avg. Length: 173.3
Frame: 2000000, Avg. Reward: -4.820, Avg. RL Loss: 0.003, Avg. Length: 200.1
Frame: 2010000, Avg. Reward: -4.778, Avg. RL Loss: 0.003, Avg. Length: 185.2
Frame: 2020000, Avg. Reward: -4.873, Avg. RL Loss: 0.003, Avg. Length: 180.7
Frame: 2030000, Avg. Reward: -4.786, Avg. RL Loss: 0.003, Avg. Length: 180.5
Frame: 2040000, Avg. Reward: -4.877, Avg. RL Loss: 0.003, Avg. Length: 174.6
Frame: 2050000, Avg. Reward: -4.815, Avg. RL Loss: 0.003, Avg. Length: 184.8
Frame: 2060000, Avg. Reward: -4.804, Avg. RL Loss: 0.003, Avg. Length: 180.5
Frame: 2070000, Avg. Reward: -4.873, Avg. RL Loss: 0.003, Avg. Length: 180.5
Frame: 2080000, Avg. Reward: -4.789, Avg. RL Loss: 0.003, Avg. Length: 175.6
Frame: 2090000, Avg. Reward: -4.831, Avg. RL Loss: 0.003, Avg. Length: 166.9
Frame: 2100000, Avg. Reward: -4.833, Avg. RL Loss: 0.003, Avg. Length: 188.9
Frame: 2110000, Avg. Reward: -4.879, Avg. RL Loss: 0.003, Avg. Length: 172.0
Frame: 2120000, Avg. Reward: -4.849, Avg. RL Loss: 0.003, Avg. Length: 185.8
Frame: 2130000, Avg. Reward: -4.679, Avg. RL Loss: 0.003, Avg. Length: 191.4
Frame: 2140000, Avg. Reward: -4.887, Avg. RL Loss: 0.003, Avg. Length: 187.2
Frame: 2150000, Avg. Reward: -4.782, Avg. RL Loss: 0.003, Avg. Length: 184.2
Frame: 2160000, Avg. Reward: -4.788, Avg. RL Loss: 0.003, Avg. Length: 189.6
Frame: 2170000, Avg. Reward: -4.765, Avg. RL Loss: 0.003, Avg. Length: 197.1
Frame: 2180000, Avg. Reward: -4.846, Avg. RL Loss: 0.003, Avg. Length: 192.5
Frame: 2190000, Avg. Reward: -4.786, Avg. RL Loss: 0.003, Avg. Length: 179.1
Frame: 2200000, Avg. Reward: -4.906, Avg. RL Loss: 0.003, Avg. Length: 188.4
Frame: 2210000, Avg. Reward: -4.811, Avg. RL Loss: 0.003, Avg. Length: 189.2
Frame: 2220000, Avg. Reward: -4.727, Avg. RL Loss: 0.003, Avg. Length: 182.2
Frame: 2230000, Avg. Reward: -4.882, Avg. RL Loss: 0.003, Avg. Length: 194.3
Frame: 2240000, Avg. Reward: -4.811, Avg. RL Loss: 0.003, Avg. Length: 189.7
Frame: 2250000, Avg. Reward: -4.909, Avg. RL Loss: 0.003, Avg. Length: 182.2
Frame: 2260000, Avg. Reward: -4.698, Avg. RL Loss: 0.003, Avg. Length: 186.4
Frame: 2270000, Avg. Reward: -4.887, Avg. RL Loss: 0.003, Avg. Length: 188.5
Frame: 2280000, Avg. Reward: -4.836, Avg. RL Loss: 0.003, Avg. Length: 184.9
Frame: 2290000, Avg. Reward: -4.774, Avg. RL Loss: 0.003, Avg. Length: 185.6
Frame: 2300000, Avg. Reward: -4.855, Avg. RL Loss: 0.003, Avg. Length: 183.5
Frame: 2310000, Avg. Reward: -4.784, Avg. RL Loss: 0.003, Avg. Length: 196.0
Frame: 2320000, Avg. Reward: -4.686, Avg. RL Loss: 0.003, Avg. Length: 196.8
Frame: 2330000, Avg. Reward: -4.849, Avg. RL Loss: 0.003, Avg. Length: 187.4
Frame: 2340000, Avg. Reward: -4.796, Avg. RL Loss: 0.003, Avg. Length: 183.6
Frame: 2350000, Avg. Reward: -4.814, Avg. RL Loss: 0.003, Avg. Length: 173.1
Frame: 2360000, Avg. Reward: -4.926, Avg. RL Loss: 0.003, Avg. Length: 183.3
Frame: 2370000, Avg. Reward: -4.857, Avg. RL Loss: 0.003, Avg. Length: 179.2
Frame: 2380000, Avg. Reward: -4.824, Avg. RL Loss: 0.003, Avg. Length: 194.5
Frame: 2390000, Avg. Reward: -4.776, Avg. RL Loss: 0.003, Avg. Length: 204.9
Frame: 2400000, Avg. Reward: -4.836, Avg. RL Loss: 0.003, Avg. Length: 181.4
Frame: 2410000, Avg. Reward: -4.911, Avg. RL Loss: 0.003, Avg. Length: 178.4
Frame: 2420000, Avg. Reward: -4.780, Avg. RL Loss: 0.003, Avg. Length: 201.8
Frame: 2430000, Avg. Reward: -4.868, Avg. RL Loss: 0.003, Avg. Length: 187.5
Frame: 2440000, Avg. Reward: -4.852, Avg. RL Loss: 0.003, Avg. Length: 187.2
Frame: 2450000, Avg. Reward: -4.843, Avg. RL Loss: 0.003, Avg. Length: 193.6
Frame: 2460000, Avg. Reward: -4.769, Avg. RL Loss: 0.003, Avg. Length: 193.3
Frame: 2470000, Avg. Reward: -4.827, Avg. RL Loss: 0.003, Avg. Length: 190.3
Frame: 2480000, Avg. Reward: -4.833, Avg. RL Loss: 0.003, Avg. Length: 187.3
Frame: 2490000, Avg. Reward: -4.804, Avg. RL Loss: 0.003, Avg. Length: 193.0
Frame: 2500000, Avg. Reward: -4.873, Avg. RL Loss: 0.003, Avg. Length: 185.6
Frame: 2510000, Avg. Reward: -4.692, Avg. RL Loss: 0.003, Avg. Length: 189.3
Frame: 2520000, Avg. Reward: -4.796, Avg. RL Loss: 0.003, Avg. Length: 186.0
Frame: 2530000, Avg. Reward: -4.909, Avg. RL Loss: 0.003, Avg. Length: 183.5
Frame: 2540000, Avg. Reward: -4.808, Avg. RL Loss: 0.003, Avg. Length: 190.7
Frame: 2550000, Avg. Reward: -4.660, Avg. RL Loss: 0.003, Avg. Length: 189.2
Frame: 2560000, Avg. Reward: -4.788, Avg. RL Loss: 0.003, Avg. Length: 191.5
Frame: 2570000, Avg. Reward: -4.774, Avg. RL Loss: 0.003, Avg. Length: 189.2
Frame: 2580000, Avg. Reward: -4.840, Avg. RL Loss: 0.003, Avg. Length: 200.9
Frame: 2590000, Avg. Reward: -4.836, Avg. RL Loss: 0.003, Avg. Length: 182.5
Frame: 2600000, Avg. Reward: -4.755, Avg. RL Loss: 0.003, Avg. Length: 187.1
Frame: 2610000, Avg. Reward: -4.846, Avg. RL Loss: 0.003, Avg. Length: 193.2
Frame: 2620000, Avg. Reward: -4.907, Avg. RL Loss: 0.003, Avg. Length: 180.7
Frame: 2630000, Avg. Reward: -4.774, Avg. RL Loss: 0.003, Avg. Length: 193.9
Frame: 2640000, Avg. Reward: -4.755, Avg. RL Loss: 0.003, Avg. Length: 188.5
Frame: 2650000, Avg. Reward: -4.796, Avg. RL Loss: 0.003, Avg. Length: 185.9
Frame: 2660000, Avg. Reward: -4.852, Avg. RL Loss: 0.003, Avg. Length: 184.0
Frame: 2670000, Avg. Reward: -4.788, Avg. RL Loss: 0.003, Avg. Length: 192.1
Frame: 2680000, Avg. Reward: -4.885, Avg. RL Loss: 0.003, Avg. Length: 191.9
Frame: 2690000, Avg. Reward: -4.865, Avg. RL Loss: 0.003, Avg. Length: 193.5
Frame: 2700000, Avg. Reward: -4.887, Avg. RL Loss: 0.003, Avg. Length: 187.5
Frame: 2710000, Avg. Reward: -4.808, Avg. RL Loss: 0.003, Avg. Length: 193.1
Frame: 2720000, Avg. Reward: -4.846, Avg. RL Loss: 0.003, Avg. Length: 191.6
Frame: 2730000, Avg. Reward: -4.765, Avg. RL Loss: 0.003, Avg. Length: 195.1
Frame: 2740000, Avg. Reward: -4.833, Avg. RL Loss: 0.003, Avg. Length: 185.8
Frame: 2750000, Avg. Reward: -4.875, Avg. RL Loss: 0.003, Avg. Length: 180.6
Frame: 2760000, Avg. Reward: -4.782, Avg. RL Loss: 0.003, Avg. Length: 179.5
Frame: 2770000, Avg. Reward: -4.879, Avg. RL Loss: 0.003, Avg. Length: 173.0
Frame: 2780000, Avg. Reward: -4.755, Avg. RL Loss: 0.003, Avg. Length: 188.5
Frame: 2790000, Avg. Reward: -4.846, Avg. RL Loss: 0.003, Avg. Length: 194.2
Frame: 2800000, Avg. Reward: -4.855, Avg. RL Loss: 0.003, Avg. Length: 181.3
Frame: 2810000, Avg. Reward: -4.875, Avg. RL Loss: 0.003, Avg. Length: 179.0
Frame: 2820000, Avg. Reward: -4.750, Avg. RL Loss: 0.003, Avg. Length: 190.6
Frame: 2830000, Avg. Reward: -4.885, Avg. RL Loss: 0.003, Avg. Length: 191.4
Frame: 2840000, Avg. Reward: -4.830, Avg. RL Loss: 0.003, Avg. Length: 190.9
Frame: 2850000, Avg. Reward: -4.849, Avg. RL Loss: 0.003, Avg. Length: 187.0
Frame: 2860000, Avg. Reward: -4.736, Avg. RL Loss: 0.003, Avg. Length: 188.4
Frame: 2870000, Avg. Reward: -4.774, Avg. RL Loss: 0.003, Avg. Length: 191.4
Frame: 2880000, Avg. Reward: -4.909, Avg. RL Loss: 0.003, Avg. Length: 179.7
Frame: 2890000, Avg. Reward: -4.870, Avg. RL Loss: 0.003, Avg. Length: 185.5
Frame: 2900000, Avg. Reward: -4.796, Avg. RL Loss: 0.003, Avg. Length: 183.6
Frame: 2910000, Avg. Reward: -4.782, Avg. RL Loss: 0.003, Avg. Length: 185.2
Frame: 2920000, Avg. Reward: -4.788, Avg. RL Loss: 0.003, Avg. Length: 190.8
Frame: 2930000, Avg. Reward: -4.830, Avg. RL Loss: 0.003, Avg. Length: 189.0
Frame: 2940000, Avg. Reward: -4.778, Avg. RL Loss: 0.003, Avg. Length: 183.3
Frame: 2950000, Avg. Reward: -4.712, Avg. RL Loss: 0.003, Avg. Length: 194.9
Frame: 2960000, Avg. Reward: -4.740, Avg. RL Loss: 0.003, Avg. Length: 199.2
Frame: 2970000, Avg. Reward: -4.808, Avg. RL Loss: 0.003, Avg. Length: 189.9
Frame: 2980000, Avg. Reward: -4.745, Avg. RL Loss: 0.003, Avg. Length: 198.5
Frame: 2990000, Avg. Reward: -4.923, Avg. RL Loss: 0.003, Avg. Length: 191.4
Frame: 3000000, Avg. Reward: -4.820, Avg. RL Loss: 0.003, Avg. Length: 198.6
Frame: 3010000, Avg. Reward: -4.778, Avg. RL Loss: 0.003, Avg. Length: 188.2
Frame: 3020000, Avg. Reward: -4.846, Avg. RL Loss: 0.003, Avg. Length: 190.8
Frame: 3030000, Avg. Reward: -4.712, Avg. RL Loss: 0.003, Avg. Length: 192.2
Frame: 3040000, Avg. Reward: -4.870, Avg. RL Loss: 0.003, Avg. Length: 183.5
Frame: 3050000, Avg. Reward: -4.830, Avg. RL Loss: 0.003, Avg. Length: 188.8
Frame: 3060000, Avg. Reward: -4.759, Avg. RL Loss: 0.003, Avg. Length: 186.8