Cannot import pettingzoo env:  pong_v2
                          Options
                          seed: 1122
                          batch_size: 1024
                          no_cuda: False
                          training_id: 20210603_2324
                          max_frames: 500000000
                          buffer_size: 100000
                          update_target: 1000
                          train_freq: 100
                          gamma: 0.99
                          eta: 0.1
                          rl_start: 10000
                          sl_start: 1000
                          num_envs: 5
                          hidden_dim: 256
                          dueling: False
                          multi_step: 1
                          cce: False
                          env: SlimeVolley-v0
                          ram: False
                          negative: False
                          against_baseline: False
                          load_model: None
                          save_model: model
                          evaluate: False
                          render: False
                          evaluation_interval: 50000
                          lr: 0.0001
                          max_tag_interval: 10000
                          eps_start: 1.0
                          eps_final: 0.01
                          eps_decay: 1000000
                          cuda: True
                          device: cuda:0
[Box(-3.4028234663852886e+38, 3.4028234663852886e+38, (12,), float32), Box(-3.4028234663852886e+38, 3.4028234663852886e+38, (12,), float32), Box(-3.4028234663852886e+38, 3.4028234663852886e+38, (12,), float32), Box(-3.4028234663852886e+38, 3.4028234663852886e+38, (12,), float32), Box(-3.4028234663852886e+38, 3.4028234663852886e+38, (12,), float32)] [Discrete(6), Discrete(6), Discrete(6), Discrete(6), Discrete(6)]
(12,)
(12,)
Frame: 250000, Avg. RL Loss: 0.007, Avg. Q value: 0.015, Avg. Length: 501.9, P0 Avg. Reward: -0.032, P1 Avg. Reward: 0.032
Q table: 
 [[0.08  0.075 0.077 0.1   0.06  0.092]
 [0.082 0.062 0.068 0.084 0.061 0.071]
 [0.072 0.067 0.062 0.071 0.068 0.088]
 [0.078 0.075 0.05  0.072 0.088 0.071]
 [0.091 0.053 0.049 0.075 0.056 0.064]
 [0.09  0.061 0.055 0.095 0.07  0.07 ]]
Nash policies:  [(array([0.687, 0.   , 0.   , 0.313, 0.   , 0.   ]), array([0.   , 0.   , 0.507, 0.   , 0.493, 0.   ]))]
Frame: 500000, Avg. RL Loss: 0.011, Avg. Q value: -0.047, Avg. Length: 515.8, P0 Avg. Reward: -0.021, P1 Avg. Reward: 0.021
Q table: 
 [[0.886 0.876 0.867 0.877 0.862 0.857]
 [0.853 0.901 0.863 0.869 0.85  0.919]
 [0.88  0.85  0.871 0.858 0.853 0.865]
 [0.856 0.872 0.857 0.881 0.841 0.869]
 [0.856 0.88  0.855 0.867 0.856 0.884]
 [0.864 0.87  0.883 0.884 0.864 0.869]]
Nash policies:  [(array([0.033, 0.   , 0.   , 0.   , 0.   , 0.967]), array([0.108, 0.   , 0.   , 0.   , 0.892, 0.   ]))]
Frame: 750000, Avg. RL Loss: 0.011, Avg. Q value: -0.031, Avg. Length: 509.2, P0 Avg. Reward: 0.012, P1 Avg. Reward: -0.012
Q table: 
 [[-0.965 -0.995 -0.947 -0.948 -1.009 -0.991]
 [-1.007 -1.014 -1.    -0.986 -1.038 -0.978]
 [-0.989 -1.003 -0.965 -1.041 -1.027 -0.996]
 [-1.035 -1.006 -0.986 -0.986 -0.953 -0.946]
 [-1.003 -1.058 -0.972 -1.02  -1.012 -1.073]
 [-0.971 -0.969 -1.012 -0.928 -1.071 -1.049]]
Nash policies:  [(array([0.413, 0.   , 0.   , 0.424, 0.   , 0.162]), array([0.109, 0.633, 0.   , 0.   , 0.258, 0.   ]))]
Frame: 1000000, Avg. RL Loss: 0.011, Avg. Q value: -0.031, Avg. Length: 489.8, P0 Avg. Reward: -0.080, P1 Avg. Reward: 0.080
Q table: 
 [[-0.858 -0.878 -0.848 -0.877 -0.889 -0.857]
 [-0.873 -0.866 -0.881 -0.881 -0.898 -0.878]
 [-0.888 -0.88  -0.872 -0.861 -0.878 -0.894]
 [-0.874 -0.885 -0.88  -0.869 -0.889 -0.879]
 [-0.885 -0.904 -0.897 -0.869 -0.879 -0.889]
 [-0.906 -0.878 -0.908 -0.89  -0.895 -0.873]]
Nash policies:  [(array([0.319, 0.   , 0.578, 0.   , 0.103, 0.   ]), array([0.   , 0.04 , 0.   , 0.   , 0.744, 0.217]))]
Frame: 1250000, Avg. RL Loss: 0.013, Avg. Q value: 0.010, Avg. Length: 503.3, P0 Avg. Reward: -0.000, P1 Avg. Reward: 0.000
Q table: 
 [[-0.647 -0.658 -0.651 -0.653 -0.666 -0.661]
 [-0.656 -0.657 -0.663 -0.65  -0.639 -0.651]
 [-0.639 -0.655 -0.655 -0.655 -0.666 -0.671]
 [-0.663 -0.648 -0.65  -0.646 -0.688 -0.678]
 [-0.646 -0.663 -0.656 -0.66  -0.669 -0.671]
 [-0.66  -0.655 -0.661 -0.662 -0.657 -0.66 ]]
Nash policies:  [(array([0.433, 0.501, 0.   , 0.066, 0.   , 0.   ]), array([0.   , 0.433, 0.286, 0.   , 0.   , 0.281]))]
Frame: 1500000, Avg. RL Loss: 0.013, Avg. Q value: -0.051, Avg. Length: 502.2, P0 Avg. Reward: -0.028, P1 Avg. Reward: 0.028
Q table: 
 [[0.836 0.844 0.827 0.841 0.839 0.837]
 [0.813 0.812 0.837 0.823 0.826 0.83 ]
 [0.799 0.828 0.838 0.819 0.799 0.833]
 [0.821 0.815 0.84  0.805 0.843 0.815]
 [0.821 0.831 0.852 0.813 0.824 0.826]
 [0.831 0.844 0.847 0.84  0.835 0.819]]
Nash policies:  [(array([0.712, 0.   , 0.   , 0.   , 0.155, 0.134]), array([0.363, 0.   , 0.355, 0.   , 0.   , 0.282]))]
Frame: 1750000, Avg. RL Loss: 0.015, Avg. Q value: -0.031, Avg. Length: 503.3, P0 Avg. Reward: 0.186, P1 Avg. Reward: -0.186
Q table: 
 [[0.955 0.951 0.951 0.962 0.97  0.952]
 [0.956 0.945 0.929 0.94  0.95  0.963]
 [0.948 0.948 0.95  0.937 0.93  0.947]
 [0.931 0.985 0.953 0.95  0.969 0.938]
 [0.968 0.958 0.983 0.986 0.953 0.979]
 [0.956 0.921 0.948 0.981 0.96  0.962]]
Nash policies:  [(array([0.261, 0.   , 0.   , 0.133, 0.607, 0.   ]), array([0.349, 0.26 , 0.   , 0.   , 0.39 , 0.   ]))]
Frame: 2000000, Avg. RL Loss: 0.015, Avg. Q value: 0.011, Avg. Length: 501.1, P0 Avg. Reward: -0.059, P1 Avg. Reward: 0.059
Q table: 
 [[-0.831 -0.811 -0.817 -0.845 -0.834 -0.82 ]
 [-0.817 -0.803 -0.795 -0.84  -0.844 -0.852]
 [-0.839 -0.837 -0.819 -0.824 -0.841 -0.833]
 [-0.815 -0.813 -0.822 -0.798 -0.815 -0.836]
 [-0.79  -0.817 -0.804 -0.835 -0.827 -0.805]
 [-0.817 -0.811 -0.828 -0.818 -0.826 -0.788]]
Nash policies:  [(array([0.   , 0.   , 0.   , 0.585, 0.203, 0.212]), array([0.   , 0.   , 0.136, 0.   , 0.687, 0.177]))]
Frame: 2250000, Avg. RL Loss: 0.016, Avg. Q value: 0.021, Avg. Length: 507.1, P0 Avg. Reward: 0.081, P1 Avg. Reward: -0.081
Q table: 
 [[-0.184 -0.195 -0.202 -0.269 -0.245 -0.213]
 [-0.251 -0.17  -0.229 -0.192 -0.236 -0.215]
 [-0.221 -0.185 -0.223 -0.202 -0.219 -0.236]
 [-0.201 -0.213 -0.218 -0.213 -0.228 -0.23 ]
 [-0.202 -0.164 -0.191 -0.201 -0.254 -0.199]
 [-0.224 -0.196 -0.218 -0.213 -0.207 -0.22 ]]
Nash policies:  [(array([0.091, 0.   , 0.   , 0.021, 0.128, 0.76 ]), array([0.383, 0.   , 0.   , 0.093, 0.297, 0.226]))]
Frame: 2500000, Avg. RL Loss: 0.016, Avg. Q value: -0.061, Avg. Length: 496.9, P0 Avg. Reward: -0.075, P1 Avg. Reward: 0.075
Q table: 
 [[-0.848 -0.815 -0.844 -0.857 -0.852 -0.83 ]
 [-0.821 -0.82  -0.8   -0.839 -0.854 -0.849]
 [-0.827 -0.835 -0.836 -0.848 -0.831 -0.842]
 [-0.858 -0.819 -0.831 -0.842 -0.859 -0.841]
 [-0.821 -0.852 -0.851 -0.831 -0.859 -0.848]
 [-0.856 -0.855 -0.835 -0.857 -0.859 -0.851]]
Nash policies:  [(array([0.099, 0.   , 0.56 , 0.   , 0.341, 0.   ]), array([0.   , 0.   , 0.   , 0.368, 0.129, 0.503]))]
Frame: 2750000, Avg. RL Loss: 0.017, Avg. Q value: -0.043, Avg. Length: 490.0, P0 Avg. Reward: -0.022, P1 Avg. Reward: 0.022
Q table: 
 [[1.179 1.156 1.163 1.174 1.151 1.144]
 [1.206 1.129 1.158 1.135 1.189 1.13 ]
 [1.198 1.167 1.187 1.169 1.16  1.14 ]
 [1.184 1.211 1.186 1.19  1.183 1.177]
 [1.188 1.177 1.172 1.176 1.169 1.158]
 [1.165 1.173 1.173 1.13  1.153 1.196]]
Nash policies:  [(array([0.   , 0.   , 0.   , 0.874, 0.   , 0.126]), array([0.   , 0.   , 0.   , 0.   , 0.387, 0.613]))]
Frame: 3000000, Avg. RL Loss: 0.017, Avg. Q value: -0.024, Avg. Length: 500.0, P0 Avg. Reward: 0.002, P1 Avg. Reward: -0.002
Q table: 
 [[1.094 1.13  1.092 1.113 1.105 1.119]
 [1.126 1.14  1.109 1.112 1.095 1.153]
 [1.1   1.104 1.145 1.126 1.128 1.131]
 [1.126 1.087 1.109 1.156 1.136 1.116]
 [1.107 1.109 1.137 1.182 1.118 1.138]
 [1.131 1.088 1.14  1.152 1.131 1.164]]
Nash policies:  [(array([0.   , 0.416, 0.392, 0.192, 0.   , 0.   ]), array([0.093, 0.388, 0.   , 0.   , 0.518, 0.   ]))]
Frame: 3250000, Avg. RL Loss: 0.018, Avg. Q value: 0.064, Avg. Length: 498.9, P0 Avg. Reward: 0.074, P1 Avg. Reward: -0.074
Q table: 
 [[1.189 1.258 1.202 1.211 1.233 1.173]
 [1.255 1.224 1.193 1.205 1.244 1.267]
 [1.182 1.22  1.183 1.218 1.274 1.237]
 [1.219 1.275 1.161 1.187 1.187 1.177]
 [1.231 1.255 1.22  1.186 1.242 1.244]
 [1.233 1.206 1.248 1.261 1.288 1.212]]
Nash policies:  [(array([0.   , 0.037, 0.   , 0.   , 0.422, 0.541]), array([0.   , 0.393, 0.   , 0.364, 0.   , 0.243]))]
Frame: 3500000, Avg. RL Loss: 0.019, Avg. Q value: -0.161, Avg. Length: 493.3, P0 Avg. Reward: -0.032, P1 Avg. Reward: 0.032
Q table: 
 [[0.626 0.625 0.609 0.621 0.611 0.613]
 [0.603 0.641 0.603 0.622 0.633 0.618]
 [0.612 0.601 0.621 0.61  0.62  0.612]
 [0.63  0.617 0.626 0.608 0.621 0.634]
 [0.627 0.616 0.623 0.615 0.622 0.593]
 [0.627 0.604 0.607 0.624 0.628 0.615]]
Nash policies:  [(array([0.288, 0.   , 0.   , 0.32 , 0.185, 0.207]), array([0.   , 0.055, 0.355, 0.526, 0.   , 0.063]))]
Frame: 3750000, Avg. RL Loss: 0.019, Avg. Q value: -0.093, Avg. Length: 502.6, P0 Avg. Reward: 0.128, P1 Avg. Reward: -0.128
Q table: 
 [[-1.36  -1.432 -1.396 -1.445 -1.394 -1.47 ]
 [-1.426 -1.372 -1.399 -1.373 -1.356 -1.389]
 [-1.387 -1.417 -1.382 -1.367 -1.394 -1.424]
 [-1.426 -1.409 -1.419 -1.411 -1.386 -1.356]
 [-1.435 -1.439 -1.417 -1.415 -1.44  -1.417]
 [-1.386 -1.434 -1.368 -1.406 -1.419 -1.42 ]]
Nash policies:  [(array([0.   , 0.272, 0.571, 0.157, 0.   , 0.   ]), array([0.503, 0.235, 0.   , 0.   , 0.   , 0.263]))]
Frame: 4000000, Avg. RL Loss: 0.019, Avg. Q value: 0.060, Avg. Length: 514.3, P0 Avg. Reward: 0.008, P1 Avg. Reward: -0.008
Q table: 
 [[0.403 0.42  0.415 0.406 0.394 0.451]
 [0.447 0.397 0.429 0.399 0.453 0.394]
 [0.437 0.386 0.418 0.38  0.396 0.42 ]
 [0.41  0.383 0.406 0.393 0.407 0.414]
 [0.413 0.393 0.39  0.394 0.417 0.416]
 [0.409 0.392 0.415 0.422 0.406 0.42 ]]
Nash policies:  [(array([0.56 , 0.197, 0.   , 0.   , 0.   , 0.244]), array([0.   , 0.338, 0.   , 0.468, 0.194, 0.   ]))]
Frame: 4250000, Avg. RL Loss: 0.020, Avg. Q value: -0.031, Avg. Length: 493.1, P0 Avg. Reward: 0.000, P1 Avg. Reward: -0.000
Q table: 
 [[1.336 1.304 1.277 1.297 1.331 1.321]
 [1.283 1.328 1.303 1.341 1.323 1.351]
 [1.304 1.278 1.279 1.311 1.286 1.342]
 [1.331 1.287 1.319 1.271 1.364 1.304]
 [1.309 1.287 1.334 1.326 1.336 1.329]
 [1.327 1.312 1.306 1.301 1.302 1.31 ]]
Nash policies:  [(array([0.   , 0.277, 0.   , 0.   , 0.215, 0.509]), array([0.112, 0.418, 0.469, 0.   , 0.   , 0.   ]))]
Frame: 4500000, Avg. RL Loss: 0.021, Avg. Q value: 0.019, Avg. Length: 491.3, P0 Avg. Reward: 0.180, P1 Avg. Reward: -0.180
Q table: 
 [[-1.033 -1.025 -1.024 -1.046 -1.026 -1.038]
 [-1.038 -1.006 -1.011 -1.035 -1.016 -1.01 ]
 [-1.026 -1.02  -0.998 -1.012 -1.038 -1.027]
 [-1.028 -1.048 -1.057 -1.027 -1.034 -1.049]
 [-1.04  -0.996 -1.049 -1.026 -1.028 -1.045]
 [-1.054 -1.025 -1.031 -1.04  -1.052 -1.019]]
Nash policies:  [(array([0.433, 0.099, 0.468, 0.   , 0.   , 0.   ]), array([0.647, 0.   , 0.   , 0.   , 0.351, 0.002]))]
Frame: 4750000, Avg. RL Loss: 0.021, Avg. Q value: 0.005, Avg. Length: 499.4, P0 Avg. Reward: 0.048, P1 Avg. Reward: -0.048
Q table: 
 [[1.256 1.272 1.267 1.28  1.234 1.244]
 [1.235 1.262 1.238 1.253 1.282 1.247]
 [1.229 1.26  1.248 1.276 1.243 1.257]
 [1.299 1.291 1.259 1.256 1.261 1.248]
 [1.251 1.275 1.236 1.277 1.274 1.268]
 [1.25  1.255 1.267 1.27  1.289 1.275]]
Nash policies:  [(array([0.112, 0.   , 0.   , 0.278, 0.   , 0.61 ]), array([0.148, 0.   , 0.826, 0.   , 0.   , 0.027]))]
Frame: 5000000, Avg. RL Loss: 0.022, Avg. Q value: -0.070, Avg. Length: 488.9, P0 Avg. Reward: -0.063, P1 Avg. Reward: 0.063
Q table: 
 [[1.664 1.661 1.637 1.65  1.675 1.696]
 [1.621 1.693 1.653 1.716 1.689 1.685]
 [1.649 1.645 1.643 1.637 1.697 1.67 ]
 [1.636 1.69  1.64  1.661 1.661 1.658]
 [1.669 1.703 1.648 1.685 1.679 1.664]
 [1.694 1.701 1.682 1.618 1.702 1.698]]
Nash policies:  [(array([0.   , 0.315, 0.   , 0.   , 0.239, 0.446]), array([0.253, 0.   , 0.433, 0.313, 0.   , 0.   ]))]
Frame: 5250000, Avg. RL Loss: 0.022, Avg. Q value: -0.109, Avg. Length: 478.7, P0 Avg. Reward: -0.143, P1 Avg. Reward: 0.143
Q table: 
 [[1.31  1.307 1.341 1.335 1.357 1.307]
 [1.311 1.308 1.325 1.305 1.308 1.312]
 [1.307 1.331 1.33  1.294 1.288 1.316]
 [1.325 1.314 1.331 1.326 1.364 1.336]
 [1.334 1.328 1.327 1.323 1.336 1.335]
 [1.318 1.331 1.296 1.321 1.329 1.336]]
Nash policies:  [(array([0.191, 0.   , 0.   , 0.   , 0.646, 0.163]), array([0.   , 0.366, 0.008, 0.626, 0.   , 0.   ]))]
Frame: 5500000, Avg. RL Loss: 0.020, Avg. Q value: 0.007, Avg. Length: 498.2, P0 Avg. Reward: 0.100, P1 Avg. Reward: -0.100
Q table: 
 [[-1.465 -1.382 -1.381 -1.463 -1.464 -1.434]
 [-1.358 -1.29  -1.445 -1.483 -1.481 -1.4  ]
 [-1.505 -1.398 -1.393 -1.456 -1.424 -1.44 ]
 [-1.405 -1.35  -1.448 -1.396 -1.383 -1.406]
 [-1.498 -1.456 -1.468 -1.352 -1.443 -1.424]
 [-1.477 -1.385 -1.387 -1.459 -1.398 -1.42 ]]
Nash policies:  [(array([0.355, 0.051, 0.   , 0.594, 0.   , 0.   ]), array([0.324, 0.   , 0.48 , 0.196, 0.   , 0.   ]))]
Frame: 5750000, Avg. RL Loss: 0.021, Avg. Q value: -0.046, Avg. Length: 485.7, P0 Avg. Reward: 0.060, P1 Avg. Reward: -0.060
Q table: 
 [[1.33  1.349 1.374 1.364 1.374 1.379]
 [1.349 1.359 1.372 1.312 1.304 1.371]
 [1.368 1.334 1.357 1.304 1.327 1.359]
 [1.349 1.381 1.365 1.334 1.346 1.354]
 [1.362 1.362 1.348 1.339 1.367 1.359]
 [1.373 1.352 1.347 1.357 1.36  1.372]]
Nash policies:  [(array([0.312, 0.   , 0.   , 0.156, 0.   , 0.532]), array([0.052, 0.451, 0.   , 0.498, 0.   , 0.   ]))]
Frame: 6000000, Avg. RL Loss: 0.022, Avg. Q value: -0.018, Avg. Length: 491.4, P0 Avg. Reward: 0.088, P1 Avg. Reward: -0.088
Q table: 
 [[-1.058 -1.047 -1.029 -1.066 -1.092 -1.063]
 [-1.067 -1.06  -1.046 -1.055 -1.065 -1.054]
 [-1.06  -1.065 -1.045 -1.052 -1.051 -1.069]
 [-1.028 -1.066 -1.066 -1.051 -1.026 -1.049]
 [-1.064 -1.049 -1.051 -1.062 -1.042 -1.046]
 [-1.044 -1.043 -1.071 -1.079 -1.036 -1.043]]
Nash policies:  [(array([0.   , 0.386, 0.   , 0.225, 0.389, 0.   ]), array([0.006, 0.402, 0.   , 0.592, 0.   , 0.   ]))]
Frame: 6250000, Avg. RL Loss: 0.022, Avg. Q value: -0.155, Avg. Length: 486.5, P0 Avg. Reward: -0.142, P1 Avg. Reward: 0.142
Q table: 
 [[-1.277 -1.289 -1.254 -1.275 -1.287 -1.277]
 [-1.301 -1.269 -1.29  -1.232 -1.247 -1.274]
 [-1.271 -1.294 -1.278 -1.288 -1.264 -1.284]
 [-1.281 -1.281 -1.29  -1.284 -1.256 -1.281]
 [-1.278 -1.29  -1.264 -1.29  -1.273 -1.284]
 [-1.286 -1.278 -1.255 -1.279 -1.259 -1.276]]
Nash policies:  [(array([0.102, 0.019, 0.   , 0.742, 0.   , 0.137]), array([0.474, 0.428, 0.023, 0.075, 0.   , 0.   ]))]
Frame: 6500000, Avg. RL Loss: 0.021, Avg. Q value: -0.233, Avg. Length: 501.0, P0 Avg. Reward: -0.172, P1 Avg. Reward: 0.172
Q table: 
 [[-1.013 -1.002 -1.011 -1.024 -1.058 -1.036]
 [-1.034 -1.014 -1.    -1.017 -1.042 -1.016]
 [-1.021 -1.008 -1.023 -1.031 -1.032 -1.027]
 [-1.022 -1.021 -1.026 -1.016 -1.018 -1.038]
 [-1.022 -1.053 -1.015 -1.028 -1.05  -1.02 ]
 [-1.071 -1.037 -1.007 -1.034 -1.044 -1.032]]
Nash policies:  [(array([0.   , 0.437, 0.   , 0.563, 0.   , 0.   ]), array([0.  , 0.  , 0.  , 0.  , 0.49, 0.51]))]
Frame: 6750000, Avg. RL Loss: 0.020, Avg. Q value: -0.167, Avg. Length: 495.0, P0 Avg. Reward: -0.214, P1 Avg. Reward: 0.214
Q table: 
 [[-1.062 -1.083 -1.075 -1.07  -1.087 -1.067]
 [-1.092 -1.097 -1.093 -1.096 -1.061 -1.077]
 [-1.098 -1.075 -1.056 -1.072 -1.073 -1.086]
 [-1.071 -1.09  -1.081 -1.093 -1.096 -1.088]
 [-1.066 -1.066 -1.073 -1.082 -1.096 -1.104]
 [-1.07  -1.116 -1.087 -1.098 -1.083 -1.061]]
Nash policies:  [(array([0.393, 0.114, 0.384, 0.   , 0.11 , 0.   ]), array([0.229, 0.314, 0.   , 0.   , 0.443, 0.014]))]
Frame: 7000000, Avg. RL Loss: 0.023, Avg. Q value: -0.145, Avg. Length: 495.1, P0 Avg. Reward: -0.238, P1 Avg. Reward: 0.238
Q table: 
 [[1.542 1.493 1.503 1.49  1.52  1.497]
 [1.454 1.502 1.46  1.472 1.492 1.465]
 [1.447 1.462 1.494 1.495 1.498 1.487]
 [1.481 1.51  1.489 1.49  1.479 1.489]
 [1.468 1.507 1.452 1.472 1.487 1.49 ]
 [1.476 1.496 1.503 1.512 1.529 1.493]]
Nash policies:  [(array([0.644, 0.   , 0.   , 0.117, 0.   , 0.239]), array([0.   , 0.306, 0.   , 0.067, 0.   , 0.627]))]
Frame: 7250000, Avg. RL Loss: 0.021, Avg. Q value: -0.085, Avg. Length: 490.8, P0 Avg. Reward: -0.094, P1 Avg. Reward: 0.094
Q table: 
 [[0.905 0.925 0.891 0.907 0.902 0.911]
 [0.897 0.888 0.911 0.891 0.896 0.891]
 [0.914 0.895 0.916 0.909 0.908 0.898]
 [0.899 0.919 0.912 0.901 0.931 0.913]
 [0.901 0.923 0.896 0.909 0.896 0.901]
 [0.891 0.912 0.91  0.907 0.924 0.908]]
Nash policies:  [(array([0.332, 0.   , 0.39 , 0.248, 0.   , 0.029]), array([0.071, 0.   , 0.12 , 0.476, 0.   , 0.333]))]
Frame: 7500000, Avg. RL Loss: 0.022, Avg. Q value: 0.010, Avg. Length: 475.1, P0 Avg. Reward: -0.155, P1 Avg. Reward: 0.155
Q table: 
 [[1.164 1.179 1.162 1.158 1.142 1.152]
 [1.174 1.166 1.138 1.143 1.17  1.148]
 [1.154 1.141 1.16  1.17  1.155 1.158]
 [1.145 1.167 1.163 1.171 1.152 1.163]
 [1.164 1.177 1.169 1.184 1.175 1.151]
 [1.161 1.174 1.185 1.167 1.198 1.181]]
Nash policies:  [(array([0.   , 0.253, 0.   , 0.   , 0.256, 0.491]), array([0.687, 0.   , 0.   , 0.166, 0.   , 0.147]))]
Frame: 7750000, Avg. RL Loss: 0.022, Avg. Q value: -0.020, Avg. Length: 497.8, P0 Avg. Reward: -0.092, P1 Avg. Reward: 0.092
Q table: 
 [[0.732 0.708 0.723 0.723 0.734 0.728]
 [0.727 0.721 0.715 0.706 0.716 0.723]
 [0.737 0.726 0.735 0.732 0.738 0.723]
 [0.712 0.71  0.738 0.733 0.715 0.722]
 [0.744 0.726 0.738 0.713 0.736 0.731]
 [0.722 0.714 0.736 0.74  0.718 0.727]]
Nash policies:  [(array([0.   , 0.   , 0.654, 0.   , 0.339, 0.007]), array([0.   , 0.287, 0.   , 0.207, 0.   , 0.506]))]
Frame: 8000000, Avg. RL Loss: 0.021, Avg. Q value: -0.087, Avg. Length: 494.6, P0 Avg. Reward: -0.006, P1 Avg. Reward: 0.006
Q table: 
 [[1.231 1.205 1.236 1.216 1.231 1.226]
 [1.185 1.183 1.176 1.23  1.226 1.207]
 [1.238 1.227 1.219 1.206 1.231 1.228]
 [1.204 1.209 1.235 1.209 1.244 1.222]
 [1.221 1.212 1.214 1.229 1.233 1.221]
 [1.226 1.219 1.208 1.223 1.251 1.223]]
Nash policies:  [(array([0.07 , 0.   , 0.437, 0.   , 0.492, 0.   ]), array([0.   , 0.379, 0.307, 0.314, 0.   , 0.   ]))]