                          Options
                          seed: 1122
                          batch_size: 32
                          no_cuda: False
                          max_frames: 20000000
                          buffer_size: 100000
                          update_target: 1000
                          train_freq: 1
                          gamma: 0.99
                          eta: 0.1
                          rl_start: 10000
                          sl_start: 1000
                          hidden_dim: 64
                          dueling: False
                          multi_step: 1
                          env: pong_v1
                          ram: True
                          negative: False
                          load_model: None
                          save_model: model
                          evaluate: False
                          render: False
                          evaluation_interval: 10000
                          lr: 0.0001
                          max_tag_interval: 1000
                          eps_start: 1.0
                          eps_final: 0.01
                          eps_decay: 30000
                          cuda: True
                          device: cuda:0
Load PettingZoo env: pong_v1
Box(0, 255, (128,), uint8) Discrete(18)
Frame: 10000    FPS: 187.65 Avg. Tagging Interval Length: nan
Player 1 Avg. Reward: 3.40 Avg. RL/SL Loss: 0.00/0.00
Player 2 Avg. Reward: -3.40 Avg. RL/SL Loss: 0.00/0.00
Frame: 20000    FPS: 32.57 Avg. Tagging Interval Length: nan
Player 1 Avg. Reward: -0.30 Avg. RL/SL Loss: 0.00/2.79
Player 2 Avg. Reward: 0.30 Avg. RL/SL Loss: 0.00/2.79
Frame: 30000    FPS: 32.73 Avg. Tagging Interval Length: nan
Player 1 Avg. Reward: 2.10 Avg. RL/SL Loss: 0.00/2.81
Player 2 Avg. Reward: -2.10 Avg. RL/SL Loss: 0.00/2.79
Frame: 40000    FPS: 32.04 Avg. Tagging Interval Length: nan
Player 1 Avg. Reward: 0.40 Avg. RL/SL Loss: 0.00/2.80
Player 2 Avg. Reward: -0.40 Avg. RL/SL Loss: 0.00/2.77
Frame: 50000    FPS: 31.91 Avg. Tagging Interval Length: nan
Player 1 Avg. Reward: -1.70 Avg. RL/SL Loss: 0.00/2.81
Player 2 Avg. Reward: 1.70 Avg. RL/SL Loss: 0.00/2.79
Frame: 60000    FPS: 31.46 Avg. Tagging Interval Length: nan
Player 1 Avg. Reward: 2.20 Avg. RL/SL Loss: 0.00/2.81
Player 2 Avg. Reward: -2.20 Avg. RL/SL Loss: 0.00/2.80
Frame: 70000    FPS: 31.44 Avg. Tagging Interval Length: nan
Player 1 Avg. Reward: 2.00 Avg. RL/SL Loss: 0.00/2.81
Player 2 Avg. Reward: -2.00 Avg. RL/SL Loss: 0.00/2.80
Frame: 80000    FPS: 31.11 Avg. Tagging Interval Length: nan
Player 1 Avg. Reward: 2.80 Avg. RL/SL Loss: 0.00/2.80
Player 2 Avg. Reward: -2.80 Avg. RL/SL Loss: 0.00/2.81
Frame: 90000    FPS: 31.02 Avg. Tagging Interval Length: nan
Player 1 Avg. Reward: 2.80 Avg. RL/SL Loss: 0.00/2.80
Player 2 Avg. Reward: -2.80 Avg. RL/SL Loss: 0.00/2.81
Frame: 100000   FPS: 30.96 Avg. Tagging Interval Length: nan
Player 1 Avg. Reward: 0.80 Avg. RL/SL Loss: 0.00/2.79
Player 2 Avg. Reward: -0.80 Avg. RL/SL Loss: 0.00/2.80
Frame: 110000   FPS: 31.16 Avg. Tagging Interval Length: nan
Player 1 Avg. Reward: 0.10 Avg. RL/SL Loss: 0.00/2.77
Player 2 Avg. Reward: -0.10 Avg. RL/SL Loss: 0.00/2.80
Frame: 120000   FPS: 30.89 Avg. Tagging Interval Length: nan
Player 1 Avg. Reward: 4.00 Avg. RL/SL Loss: 0.00/2.76
Player 2 Avg. Reward: -4.00 Avg. RL/SL Loss: 0.00/2.79
Frame: 130000   FPS: 30.92 Avg. Tagging Interval Length: nan
Player 1 Avg. Reward: 3.60 Avg. RL/SL Loss: 0.00/2.76
Player 2 Avg. Reward: -3.60 Avg. RL/SL Loss: 0.00/2.79
Frame: 140000   FPS: 29.86 Avg. Tagging Interval Length: nan
Player 1 Avg. Reward: 3.00 Avg. RL/SL Loss: 0.00/2.75
Player 2 Avg. Reward: -3.00 Avg. RL/SL Loss: 0.00/2.79
Frame: 150000   FPS: 29.39 Avg. Tagging Interval Length: nan
Player 1 Avg. Reward: 2.60 Avg. RL/SL Loss: 0.00/2.75
Player 2 Avg. Reward: -2.60 Avg. RL/SL Loss: 0.00/2.78
Frame: 160000   FPS: 29.70 Avg. Tagging Interval Length: nan
Player 1 Avg. Reward: 3.40 Avg. RL/SL Loss: 0.00/2.75
Player 2 Avg. Reward: -3.40 Avg. RL/SL Loss: 0.00/2.77
Frame: 170000   FPS: 29.61 Avg. Tagging Interval Length: nan
Player 1 Avg. Reward: 3.00 Avg. RL/SL Loss: 0.00/2.74
Player 2 Avg. Reward: -3.00 Avg. RL/SL Loss: 0.00/2.77
Frame: 180000   FPS: 29.36 Avg. Tagging Interval Length: nan
Player 1 Avg. Reward: 0.40 Avg. RL/SL Loss: 0.00/2.74
Player 2 Avg. Reward: -0.40 Avg. RL/SL Loss: 0.00/2.77
Frame: 190000   FPS: 31.33 Avg. Tagging Interval Length: nan
Player 1 Avg. Reward: 1.70 Avg. RL/SL Loss: 0.00/2.75
Player 2 Avg. Reward: -1.70 Avg. RL/SL Loss: 0.00/2.76
Frame: 200000   FPS: 31.43 Avg. Tagging Interval Length: nan
Player 1 Avg. Reward: 3.50 Avg. RL/SL Loss: 0.00/2.75
Player 2 Avg. Reward: -3.50 Avg. RL/SL Loss: 0.00/2.76
Frame: 210000   FPS: 32.15 Avg. Tagging Interval Length: nan
Player 1 Avg. Reward: 3.40 Avg. RL/SL Loss: 0.00/2.75
Player 2 Avg. Reward: -3.40 Avg. RL/SL Loss: 0.00/2.76
Frame: 220000   FPS: 31.95 Avg. Tagging Interval Length: nan
Player 1 Avg. Reward: 1.60 Avg. RL/SL Loss: 0.00/2.75
Player 2 Avg. Reward: -1.60 Avg. RL/SL Loss: 0.00/2.75
Frame: 230000   FPS: 31.94 Avg. Tagging Interval Length: nan
Player 1 Avg. Reward: 2.00 Avg. RL/SL Loss: 0.00/2.75
Player 2 Avg. Reward: -2.00 Avg. RL/SL Loss: 0.00/2.75
Frame: 240000   FPS: 31.67 Avg. Tagging Interval Length: nan
Player 1 Avg. Reward: 0.00 Avg. RL/SL Loss: 0.00/2.76
Player 2 Avg. Reward: 0.00 Avg. RL/SL Loss: 0.00/2.75
Frame: 250000   FPS: 32.29 Avg. Tagging Interval Length: nan
Player 1 Avg. Reward: 1.70 Avg. RL/SL Loss: 0.00/2.76
Player 2 Avg. Reward: -1.70 Avg. RL/SL Loss: 0.00/2.75
Frame: 260000   FPS: 31.50 Avg. Tagging Interval Length: nan
Player 1 Avg. Reward: 0.50 Avg. RL/SL Loss: 0.00/2.76
Player 2 Avg. Reward: -0.50 Avg. RL/SL Loss: 0.00/2.75
Frame: 270000   FPS: 31.81 Avg. Tagging Interval Length: nan
Player 1 Avg. Reward: 1.80 Avg. RL/SL Loss: 0.00/2.76
Player 2 Avg. Reward: -1.80 Avg. RL/SL Loss: 0.00/2.75
Frame: 280000   FPS: 31.41 Avg. Tagging Interval Length: nan
Player 1 Avg. Reward: 1.00 Avg. RL/SL Loss: 0.00/2.76
Player 2 Avg. Reward: -1.00 Avg. RL/SL Loss: 0.00/2.75
Frame: 290000   FPS: 31.82 Avg. Tagging Interval Length: nan
Player 1 Avg. Reward: 0.90 Avg. RL/SL Loss: 0.00/2.76
Player 2 Avg. Reward: -0.90 Avg. RL/SL Loss: 0.00/2.75
Frame: 300000   FPS: 31.81 Avg. Tagging Interval Length: nan
Player 1 Avg. Reward: -0.40 Avg. RL/SL Loss: 0.00/2.76
Player 2 Avg. Reward: 0.40 Avg. RL/SL Loss: 0.00/2.75
Frame: 310000   FPS: 31.73 Avg. Tagging Interval Length: nan
Player 1 Avg. Reward: 0.80 Avg. RL/SL Loss: 0.00/2.76
Player 2 Avg. Reward: -0.80 Avg. RL/SL Loss: 0.00/2.74
Frame: 320000   FPS: 31.84 Avg. Tagging Interval Length: nan
Player 1 Avg. Reward: 1.20 Avg. RL/SL Loss: 0.00/2.75
Player 2 Avg. Reward: -1.20 Avg. RL/SL Loss: 0.00/2.74
Frame: 330000   FPS: 31.86 Avg. Tagging Interval Length: nan
Player 1 Avg. Reward: 0.60 Avg. RL/SL Loss: 0.00/2.76
Player 2 Avg. Reward: -0.60 Avg. RL/SL Loss: 0.00/2.74
Frame: 340000   FPS: 31.46 Avg. Tagging Interval Length: nan
Player 1 Avg. Reward: 1.00 Avg. RL/SL Loss: 0.00/2.76
Player 2 Avg. Reward: -1.00 Avg. RL/SL Loss: 0.00/2.73
Frame: 350000   FPS: 31.63 Avg. Tagging Interval Length: nan
Player 1 Avg. Reward: -0.70 Avg. RL/SL Loss: 0.00/2.76
Player 2 Avg. Reward: 0.70 Avg. RL/SL Loss: 0.00/2.73
Frame: 360000   FPS: 31.43 Avg. Tagging Interval Length: nan
Player 1 Avg. Reward: -0.20 Avg. RL/SL Loss: 0.00/2.76
Player 2 Avg. Reward: 0.20 Avg. RL/SL Loss: 0.00/2.73
Frame: 370000   FPS: 31.50 Avg. Tagging Interval Length: nan
Player 1 Avg. Reward: -1.00 Avg. RL/SL Loss: 0.00/2.76
Player 2 Avg. Reward: 1.00 Avg. RL/SL Loss: 0.00/2.73
Frame: 380000   FPS: 31.42 Avg. Tagging Interval Length: nan
Player 1 Avg. Reward: -0.80 Avg. RL/SL Loss: 0.00/2.76
Player 2 Avg. Reward: 0.80 Avg. RL/SL Loss: 0.00/2.73
Frame: 390000   FPS: 31.59 Avg. Tagging Interval Length: nan
Player 1 Avg. Reward: -0.50 Avg. RL/SL Loss: 0.00/2.76
Player 2 Avg. Reward: 0.50 Avg. RL/SL Loss: 0.00/2.73
Frame: 400000   FPS: 31.69 Avg. Tagging Interval Length: nan
Player 1 Avg. Reward: -0.30 Avg. RL/SL Loss: 0.00/2.76
Player 2 Avg. Reward: 0.30 Avg. RL/SL Loss: 0.00/2.73
Frame: 410000   FPS: 31.93 Avg. Tagging Interval Length: nan
Player 1 Avg. Reward: 0.20 Avg. RL/SL Loss: 0.00/2.76
Player 2 Avg. Reward: -0.20 Avg. RL/SL Loss: 0.00/2.73
Frame: 420000   FPS: 31.25 Avg. Tagging Interval Length: nan
Player 1 Avg. Reward: -1.10 Avg. RL/SL Loss: 0.00/2.76
Player 2 Avg. Reward: 1.10 Avg. RL/SL Loss: 0.00/2.73
Frame: 430000   FPS: 31.86 Avg. Tagging Interval Length: nan
Player 1 Avg. Reward: 0.30 Avg. RL/SL Loss: 0.00/2.76
Player 2 Avg. Reward: -0.30 Avg. RL/SL Loss: 0.00/2.73
Frame: 440000   FPS: 31.35 Avg. Tagging Interval Length: nan
Player 1 Avg. Reward: 0.90 Avg. RL/SL Loss: 0.00/2.76
Player 2 Avg. Reward: -0.90 Avg. RL/SL Loss: 0.00/2.73
Frame: 450000   FPS: 31.52 Avg. Tagging Interval Length: nan
Player 1 Avg. Reward: -0.80 Avg. RL/SL Loss: 0.00/2.76
Player 2 Avg. Reward: 0.80 Avg. RL/SL Loss: 0.00/2.73
Frame: 460000   FPS: 31.34 Avg. Tagging Interval Length: nan
Player 1 Avg. Reward: -0.50 Avg. RL/SL Loss: 0.00/2.76
Player 2 Avg. Reward: 0.50 Avg. RL/SL Loss: 0.00/2.73
Frame: 470000   FPS: 31.62 Avg. Tagging Interval Length: nan
Player 1 Avg. Reward: -0.40 Avg. RL/SL Loss: 0.00/2.77
Player 2 Avg. Reward: 0.40 Avg. RL/SL Loss: 0.00/2.73
Frame: 480000   FPS: 31.56 Avg. Tagging Interval Length: nan
Player 1 Avg. Reward: -0.40 Avg. RL/SL Loss: 0.00/2.77
Player 2 Avg. Reward: 0.40 Avg. RL/SL Loss: 0.00/2.73
Frame: 490000   FPS: 31.34 Avg. Tagging Interval Length: nan
Player 1 Avg. Reward: -0.20 Avg. RL/SL Loss: 0.00/2.77
Player 2 Avg. Reward: 0.20 Avg. RL/SL Loss: 0.00/2.73
Frame: 500000   FPS: 31.17 Avg. Tagging Interval Length: nan
Player 1 Avg. Reward: 0.00 Avg. RL/SL Loss: 0.00/2.77
Player 2 Avg. Reward: 0.00 Avg. RL/SL Loss: 0.00/2.73
Frame: 510000   FPS: 31.07 Avg. Tagging Interval Length: nan
Player 1 Avg. Reward: -1.20 Avg. RL/SL Loss: 0.00/2.77
Player 2 Avg. Reward: 1.20 Avg. RL/SL Loss: 0.00/2.73
Frame: 520000   FPS: 31.87 Avg. Tagging Interval Length: nan
Player 1 Avg. Reward: -0.40 Avg. RL/SL Loss: 0.00/2.77
Player 2 Avg. Reward: 0.40 Avg. RL/SL Loss: 0.00/2.73
Frame: 530000   FPS: 31.54 Avg. Tagging Interval Length: nan
Player 1 Avg. Reward: -0.50 Avg. RL/SL Loss: 0.00/2.77
Player 2 Avg. Reward: 0.50 Avg. RL/SL Loss: 0.00/2.73
Frame: 540000   FPS: 31.74 Avg. Tagging Interval Length: nan
Player 1 Avg. Reward: -0.50 Avg. RL/SL Loss: 0.00/2.77
Player 2 Avg. Reward: 0.50 Avg. RL/SL Loss: 0.00/2.73
Frame: 550000   FPS: 31.64 Avg. Tagging Interval Length: nan
Player 1 Avg. Reward: -0.90 Avg. RL/SL Loss: 0.00/2.77
Player 2 Avg. Reward: 0.90 Avg. RL/SL Loss: 0.00/2.73
Frame: 560000   FPS: 31.36 Avg. Tagging Interval Length: nan
Player 1 Avg. Reward: 2.00 Avg. RL/SL Loss: 0.00/2.77
Player 2 Avg. Reward: -2.00 Avg. RL/SL Loss: 0.00/2.73
Frame: 570000   FPS: 31.18 Avg. Tagging Interval Length: nan
Player 1 Avg. Reward: 0.10 Avg. RL/SL Loss: 0.00/2.77
Player 2 Avg. Reward: -0.10 Avg. RL/SL Loss: 0.00/2.73
Frame: 580000   FPS: 31.41 Avg. Tagging Interval Length: nan
Player 1 Avg. Reward: -0.20 Avg. RL/SL Loss: 0.00/2.77
Player 2 Avg. Reward: 0.20 Avg. RL/SL Loss: 0.00/2.73
Frame: 590000   FPS: 31.43 Avg. Tagging Interval Length: nan
Player 1 Avg. Reward: 0.40 Avg. RL/SL Loss: 0.00/2.77
Player 2 Avg. Reward: -0.40 Avg. RL/SL Loss: 0.00/2.73
Frame: 600000   FPS: 31.51 Avg. Tagging Interval Length: nan
Player 1 Avg. Reward: 0.40 Avg. RL/SL Loss: 0.00/2.77
Player 2 Avg. Reward: -0.40 Avg. RL/SL Loss: 0.00/2.73
Frame: 610000   FPS: 31.27 Avg. Tagging Interval Length: nan
Player 1 Avg. Reward: -0.30 Avg. RL/SL Loss: 0.00/2.77
Player 2 Avg. Reward: 0.30 Avg. RL/SL Loss: 0.00/2.73
Frame: 620000   FPS: 31.41 Avg. Tagging Interval Length: nan
Player 1 Avg. Reward: -0.80 Avg. RL/SL Loss: 0.00/2.77
Player 2 Avg. Reward: 0.80 Avg. RL/SL Loss: 0.00/2.73
Frame: 630000   FPS: 31.16 Avg. Tagging Interval Length: nan
Player 1 Avg. Reward: 1.00 Avg. RL/SL Loss: 0.00/2.77
Player 2 Avg. Reward: -1.00 Avg. RL/SL Loss: 0.00/2.73
Frame: 640000   FPS: 31.05 Avg. Tagging Interval Length: nan
Player 1 Avg. Reward: 0.30 Avg. RL/SL Loss: 0.00/2.77
Player 2 Avg. Reward: -0.30 Avg. RL/SL Loss: 0.00/2.74
Frame: 650000   FPS: 31.21 Avg. Tagging Interval Length: nan
Player 1 Avg. Reward: 2.80 Avg. RL/SL Loss: 0.00/2.77
Player 2 Avg. Reward: -2.80 Avg. RL/SL Loss: 0.00/2.73
Frame: 660000   FPS: 31.27 Avg. Tagging Interval Length: nan
Player 1 Avg. Reward: -0.80 Avg. RL/SL Loss: 0.00/2.77
Player 2 Avg. Reward: 0.80 Avg. RL/SL Loss: 0.00/2.74
Frame: 670000   FPS: 31.46 Avg. Tagging Interval Length: nan
Player 1 Avg. Reward: 1.00 Avg. RL/SL Loss: 0.00/2.77
Player 2 Avg. Reward: -1.00 Avg. RL/SL Loss: 0.00/2.74
Frame: 680000   FPS: 30.75 Avg. Tagging Interval Length: nan
Player 1 Avg. Reward: 0.40 Avg. RL/SL Loss: 0.00/2.77
Player 2 Avg. Reward: -0.40 Avg. RL/SL Loss: 0.00/2.74
Frame: 690000   FPS: 31.43 Avg. Tagging Interval Length: nan
Player 1 Avg. Reward: 0.10 Avg. RL/SL Loss: 0.00/2.77
Player 2 Avg. Reward: -0.10 Avg. RL/SL Loss: 0.00/2.74
Frame: 700000   FPS: 31.29 Avg. Tagging Interval Length: nan
Player 1 Avg. Reward: 1.50 Avg. RL/SL Loss: 0.00/2.77
Player 2 Avg. Reward: -1.50 Avg. RL/SL Loss: 0.00/2.74
Frame: 710000   FPS: 31.12 Avg. Tagging Interval Length: nan
Player 1 Avg. Reward: 0.80 Avg. RL/SL Loss: 0.00/2.77
Player 2 Avg. Reward: -0.80 Avg. RL/SL Loss: 0.00/2.74
Frame: 720000   FPS: 31.74 Avg. Tagging Interval Length: nan
Player 1 Avg. Reward: 1.70 Avg. RL/SL Loss: 0.00/2.77
Player 2 Avg. Reward: -1.70 Avg. RL/SL Loss: 0.00/2.74
Frame: 730000   FPS: 29.65 Avg. Tagging Interval Length: nan
Player 1 Avg. Reward: 0.00 Avg. RL/SL Loss: 0.00/2.77
Player 2 Avg. Reward: 0.00 Avg. RL/SL Loss: 0.00/2.74
Frame: 740000   FPS: 31.16 Avg. Tagging Interval Length: nan
Player 1 Avg. Reward: 0.40 Avg. RL/SL Loss: 0.00/2.77
Player 2 Avg. Reward: -0.40 Avg. RL/SL Loss: 0.00/2.75
Frame: 750000   FPS: 31.43 Avg. Tagging Interval Length: nan
Player 1 Avg. Reward: -1.60 Avg. RL/SL Loss: 0.00/2.77
Player 2 Avg. Reward: 1.60 Avg. RL/SL Loss: 0.00/2.75
Frame: 760000   FPS: 31.48 Avg. Tagging Interval Length: nan
Player 1 Avg. Reward: -2.00 Avg. RL/SL Loss: 0.00/2.77
Player 2 Avg. Reward: 2.00 Avg. RL/SL Loss: 0.00/2.75
Frame: 770000   FPS: 31.07 Avg. Tagging Interval Length: nan
Player 1 Avg. Reward: 1.90 Avg. RL/SL Loss: 0.00/2.77
Player 2 Avg. Reward: -1.90 Avg. RL/SL Loss: 0.00/2.75
Frame: 780000   FPS: 31.10 Avg. Tagging Interval Length: nan
Player 1 Avg. Reward: 0.20 Avg. RL/SL Loss: 0.00/2.77
Player 2 Avg. Reward: -0.20 Avg. RL/SL Loss: 0.00/2.75
Frame: 790000   FPS: 31.37 Avg. Tagging Interval Length: nan
Player 1 Avg. Reward: 0.10 Avg. RL/SL Loss: 0.00/2.77
Player 2 Avg. Reward: -0.10 Avg. RL/SL Loss: 0.00/2.75
Frame: 800000   FPS: 31.55 Avg. Tagging Interval Length: nan
Player 1 Avg. Reward: -0.10 Avg. RL/SL Loss: 0.00/2.77
Player 2 Avg. Reward: 0.10 Avg. RL/SL Loss: 0.00/2.75
Frame: 810000   FPS: 31.07 Avg. Tagging Interval Length: nan
Player 1 Avg. Reward: -0.40 Avg. RL/SL Loss: 0.00/2.77
Player 2 Avg. Reward: 0.40 Avg. RL/SL Loss: 0.00/2.75
Frame: 820000   FPS: 31.08 Avg. Tagging Interval Length: nan
Player 1 Avg. Reward: 1.20 Avg. RL/SL Loss: 0.00/2.77
Player 2 Avg. Reward: -1.20 Avg. RL/SL Loss: 0.00/2.75
Frame: 830000   FPS: 31.32 Avg. Tagging Interval Length: nan
Player 1 Avg. Reward: 2.50 Avg. RL/SL Loss: 0.00/2.77
Player 2 Avg. Reward: -2.50 Avg. RL/SL Loss: 0.00/2.75
Frame: 840000   FPS: 31.07 Avg. Tagging Interval Length: nan
Player 1 Avg. Reward: 2.80 Avg. RL/SL Loss: 0.00/2.77
Player 2 Avg. Reward: -2.80 Avg. RL/SL Loss: 0.00/2.75
Frame: 850000   FPS: 31.20 Avg. Tagging Interval Length: nan
Player 1 Avg. Reward: 1.20 Avg. RL/SL Loss: 0.00/2.77
Player 2 Avg. Reward: -1.20 Avg. RL/SL Loss: 0.00/2.75
Frame: 860000   FPS: 31.02 Avg. Tagging Interval Length: nan
Player 1 Avg. Reward: 1.40 Avg. RL/SL Loss: 0.00/2.77
Player 2 Avg. Reward: -1.40 Avg. RL/SL Loss: 0.00/2.75
Frame: 870000   FPS: 31.31 Avg. Tagging Interval Length: nan
Player 1 Avg. Reward: -1.00 Avg. RL/SL Loss: 0.00/2.77
Player 2 Avg. Reward: 1.00 Avg. RL/SL Loss: 0.00/2.75
Frame: 880000   FPS: 31.14 Avg. Tagging Interval Length: nan
Player 1 Avg. Reward: -1.80 Avg. RL/SL Loss: 0.00/2.77
Player 2 Avg. Reward: 1.80 Avg. RL/SL Loss: 0.00/2.75
Frame: 890000   FPS: 30.96 Avg. Tagging Interval Length: nan
Player 1 Avg. Reward: 0.60 Avg. RL/SL Loss: 0.00/2.77
Player 2 Avg. Reward: -0.60 Avg. RL/SL Loss: 0.00/2.75
Frame: 900000   FPS: 31.09 Avg. Tagging Interval Length: nan
Player 1 Avg. Reward: 0.70 Avg. RL/SL Loss: 0.00/2.77
Player 2 Avg. Reward: -0.70 Avg. RL/SL Loss: 0.00/2.75
Frame: 910000   FPS: 31.05 Avg. Tagging Interval Length: nan
Player 1 Avg. Reward: -1.10 Avg. RL/SL Loss: 0.00/2.77
Player 2 Avg. Reward: 1.10 Avg. RL/SL Loss: 0.00/2.75
Frame: 920000   FPS: 30.80 Avg. Tagging Interval Length: nan
Player 1 Avg. Reward: -0.10 Avg. RL/SL Loss: 0.00/2.77
Player 2 Avg. Reward: 0.10 Avg. RL/SL Loss: 0.00/2.76
Frame: 930000   FPS: 30.54 Avg. Tagging Interval Length: nan
Player 1 Avg. Reward: -4.00 Avg. RL/SL Loss: 0.00/2.77
Player 2 Avg. Reward: 4.00 Avg. RL/SL Loss: 0.00/2.76
Frame: 940000   FPS: 31.40 Avg. Tagging Interval Length: nan
Player 1 Avg. Reward: -0.30 Avg. RL/SL Loss: 0.00/2.77
Player 2 Avg. Reward: 0.30 Avg. RL/SL Loss: 0.00/2.76
Frame: 950000   FPS: 30.71 Avg. Tagging Interval Length: nan
Player 1 Avg. Reward: -1.70 Avg. RL/SL Loss: 0.00/2.77
Player 2 Avg. Reward: 1.70 Avg. RL/SL Loss: 0.00/2.76
Frame: 960000   FPS: 30.67 Avg. Tagging Interval Length: nan
Player 1 Avg. Reward: 0.10 Avg. RL/SL Loss: 0.00/2.77
Player 2 Avg. Reward: -0.10 Avg. RL/SL Loss: 0.00/2.76
Frame: 970000   FPS: 30.96 Avg. Tagging Interval Length: nan
Player 1 Avg. Reward: -2.40 Avg. RL/SL Loss: 0.00/2.77
Player 2 Avg. Reward: 2.40 Avg. RL/SL Loss: 0.00/2.76
Frame: 980000   FPS: 30.70 Avg. Tagging Interval Length: nan
Player 1 Avg. Reward: 0.40 Avg. RL/SL Loss: 0.00/2.77
Player 2 Avg. Reward: -0.40 Avg. RL/SL Loss: 0.00/2.76
Frame: 990000   FPS: 30.59 Avg. Tagging Interval Length: nan
Player 1 Avg. Reward: 0.10 Avg. RL/SL Loss: 0.00/2.77
Player 2 Avg. Reward: -0.10 Avg. RL/SL Loss: 0.00/2.76
Frame: 1000000  FPS: 30.87 Avg. Tagging Interval Length: nan
Player 1 Avg. Reward: 1.30 Avg. RL/SL Loss: 0.00/2.77
Player 2 Avg. Reward: -1.30 Avg. RL/SL Loss: 0.00/2.76
Frame: 1010000  FPS: 31.34 Avg. Tagging Interval Length: nan
Player 1 Avg. Reward: 0.10 Avg. RL/SL Loss: 0.00/2.77
Player 2 Avg. Reward: -0.10 Avg. RL/SL Loss: 0.00/2.76
Frame: 1020000  FPS: 31.13 Avg. Tagging Interval Length: nan
Player 1 Avg. Reward: -1.20 Avg. RL/SL Loss: 0.00/2.77
Player 2 Avg. Reward: 1.20 Avg. RL/SL Loss: 0.00/2.76
Frame: 1030000  FPS: 31.19 Avg. Tagging Interval Length: nan
Player 1 Avg. Reward: -1.60 Avg. RL/SL Loss: 0.00/2.77
Player 2 Avg. Reward: 1.60 Avg. RL/SL Loss: 0.00/2.76
Frame: 1040000  FPS: 30.69 Avg. Tagging Interval Length: nan
Player 1 Avg. Reward: 1.10 Avg. RL/SL Loss: 0.00/2.77
Player 2 Avg. Reward: -1.10 Avg. RL/SL Loss: 0.00/2.76
Frame: 1050000  FPS: 31.62 Avg. Tagging Interval Length: nan
Player 1 Avg. Reward: -1.10 Avg. RL/SL Loss: 0.00/2.77
Player 2 Avg. Reward: 1.10 Avg. RL/SL Loss: 0.00/2.76
Frame: 1060000  FPS: 30.67 Avg. Tagging Interval Length: nan
Player 1 Avg. Reward: -2.20 Avg. RL/SL Loss: 0.00/2.77
Player 2 Avg. Reward: 2.20 Avg. RL/SL Loss: 0.00/2.75
Frame: 1070000  FPS: 29.92 Avg. Tagging Interval Length: nan
Player 1 Avg. Reward: -3.80 Avg. RL/SL Loss: 0.00/2.77
Player 2 Avg. Reward: 3.80 Avg. RL/SL Loss: 0.00/2.75
Frame: 1080000  FPS: 30.64 Avg. Tagging Interval Length: nan
Player 1 Avg. Reward: 0.30 Avg. RL/SL Loss: 0.00/2.76
Player 2 Avg. Reward: -0.30 Avg. RL/SL Loss: 0.00/2.75
Frame: 1090000  FPS: 29.99 Avg. Tagging Interval Length: nan
Player 1 Avg. Reward: -1.20 Avg. RL/SL Loss: 0.00/2.76
Player 2 Avg. Reward: 1.20 Avg. RL/SL Loss: 0.00/2.75
Frame: 1100000  FPS: 30.10 Avg. Tagging Interval Length: nan
Player 1 Avg. Reward: -0.40 Avg. RL/SL Loss: 0.00/2.76
Player 2 Avg. Reward: 0.40 Avg. RL/SL Loss: 0.00/2.75
Frame: 1110000  FPS: 29.90 Avg. Tagging Interval Length: nan
Player 1 Avg. Reward: -2.60 Avg. RL/SL Loss: 0.00/2.76
Player 2 Avg. Reward: 2.60 Avg. RL/SL Loss: 0.00/2.75
Frame: 1120000  FPS: 30.26 Avg. Tagging Interval Length: nan
Player 1 Avg. Reward: 0.00 Avg. RL/SL Loss: 0.00/2.76
Player 2 Avg. Reward: 0.00 Avg. RL/SL Loss: 0.00/2.75
Frame: 1130000  FPS: 30.17 Avg. Tagging Interval Length: nan
Player 1 Avg. Reward: -0.90 Avg. RL/SL Loss: 0.00/2.76
Player 2 Avg. Reward: 0.90 Avg. RL/SL Loss: 0.00/2.75
Frame: 1140000  FPS: 31.18 Avg. Tagging Interval Length: nan
Player 1 Avg. Reward: -2.70 Avg. RL/SL Loss: 0.00/2.76
Player 2 Avg. Reward: 2.70 Avg. RL/SL Loss: 0.00/2.75
Frame: 1150000  FPS: 30.73 Avg. Tagging Interval Length: nan
Player 1 Avg. Reward: -0.80 Avg. RL/SL Loss: 0.00/2.76
Player 2 Avg. Reward: 0.80 Avg. RL/SL Loss: 0.00/2.75
Frame: 1160000  FPS: 30.69 Avg. Tagging Interval Length: nan
Player 1 Avg. Reward: -0.70 Avg. RL/SL Loss: 0.00/2.76
Player 2 Avg. Reward: 0.70 Avg. RL/SL Loss: 0.00/2.75
Frame: 1170000  FPS: 30.73 Avg. Tagging Interval Length: nan
Player 1 Avg. Reward: -2.40 Avg. RL/SL Loss: 0.00/2.76
Player 2 Avg. Reward: 2.40 Avg. RL/SL Loss: 0.00/2.75
Frame: 1180000  FPS: 30.87 Avg. Tagging Interval Length: nan
Player 1 Avg. Reward: -3.20 Avg. RL/SL Loss: 0.00/2.76
Player 2 Avg. Reward: 3.20 Avg. RL/SL Loss: 0.00/2.75
Frame: 1190000  FPS: 31.00 Avg. Tagging Interval Length: nan
Player 1 Avg. Reward: -2.40 Avg. RL/SL Loss: 0.00/2.76
Player 2 Avg. Reward: 2.40 Avg. RL/SL Loss: 0.00/2.74
Frame: 1200000  FPS: 31.25 Avg. Tagging Interval Length: nan
Player 1 Avg. Reward: -1.00 Avg. RL/SL Loss: 0.00/2.76
Player 2 Avg. Reward: 1.00 Avg. RL/SL Loss: 0.00/2.74
Frame: 1210000  FPS: 31.12 Avg. Tagging Interval Length: nan
Player 1 Avg. Reward: 0.60 Avg. RL/SL Loss: 0.00/2.76
Player 2 Avg. Reward: -0.60 Avg. RL/SL Loss: 0.00/2.74
Frame: 1220000  FPS: 30.93 Avg. Tagging Interval Length: nan
Player 1 Avg. Reward: -0.90 Avg. RL/SL Loss: 0.00/2.76
Player 2 Avg. Reward: 0.90 Avg. RL/SL Loss: 0.00/2.74
Frame: 1230000  FPS: 30.92 Avg. Tagging Interval Length: nan
Player 1 Avg. Reward: -3.30 Avg. RL/SL Loss: 0.00/2.76
Player 2 Avg. Reward: 3.30 Avg. RL/SL Loss: 0.00/2.74
Frame: 1240000  FPS: 30.77 Avg. Tagging Interval Length: nan
Player 1 Avg. Reward: -2.30 Avg. RL/SL Loss: 0.00/2.76
Player 2 Avg. Reward: 2.30 Avg. RL/SL Loss: 0.00/2.74
Frame: 1250000  FPS: 30.85 Avg. Tagging Interval Length: nan
Player 1 Avg. Reward: -2.80 Avg. RL/SL Loss: 0.00/2.76
Player 2 Avg. Reward: 2.80 Avg. RL/SL Loss: 0.00/2.74
Frame: 1260000  FPS: 30.90 Avg. Tagging Interval Length: nan
Player 1 Avg. Reward: -2.20 Avg. RL/SL Loss: 0.00/2.76
Player 2 Avg. Reward: 2.20 Avg. RL/SL Loss: 0.00/2.74
Frame: 1270000  FPS: 30.66 Avg. Tagging Interval Length: nan
Player 1 Avg. Reward: -0.70 Avg. RL/SL Loss: 0.00/2.76
Player 2 Avg. Reward: 0.70 Avg. RL/SL Loss: 0.00/2.74
Frame: 1280000  FPS: 30.83 Avg. Tagging Interval Length: nan
Player 1 Avg. Reward: -2.10 Avg. RL/SL Loss: 0.00/2.76
Player 2 Avg. Reward: 2.10 Avg. RL/SL Loss: 0.00/2.74
Frame: 1290000  FPS: 30.98 Avg. Tagging Interval Length: nan
Player 1 Avg. Reward: -1.70 Avg. RL/SL Loss: 0.00/2.76
Player 2 Avg. Reward: 1.70 Avg. RL/SL Loss: 0.00/2.74
Frame: 1300000  FPS: 31.07 Avg. Tagging Interval Length: nan
Player 1 Avg. Reward: -1.00 Avg. RL/SL Loss: 0.00/2.76
Player 2 Avg. Reward: 1.00 Avg. RL/SL Loss: 0.00/2.74
Frame: 1310000  FPS: 30.72 Avg. Tagging Interval Length: nan
Player 1 Avg. Reward: -1.70 Avg. RL/SL Loss: 0.00/2.76
Player 2 Avg. Reward: 1.70 Avg. RL/SL Loss: 0.00/2.74
Frame: 1320000  FPS: 30.76 Avg. Tagging Interval Length: nan
Player 1 Avg. Reward: -1.50 Avg. RL/SL Loss: 0.00/2.76
Player 2 Avg. Reward: 1.50 Avg. RL/SL Loss: 0.00/2.74
Frame: 1330000  FPS: 30.86 Avg. Tagging Interval Length: nan
Player 1 Avg. Reward: -0.90 Avg. RL/SL Loss: 0.00/2.76
Player 2 Avg. Reward: 0.90 Avg. RL/SL Loss: 0.00/2.74
Frame: 1340000  FPS: 31.00 Avg. Tagging Interval Length: nan
Player 1 Avg. Reward: -2.60 Avg. RL/SL Loss: 0.00/2.76
Player 2 Avg. Reward: 2.60 Avg. RL/SL Loss: 0.00/2.74
Frame: 1350000  FPS: 31.23 Avg. Tagging Interval Length: nan
Player 1 Avg. Reward: -1.30 Avg. RL/SL Loss: 0.00/2.76
Player 2 Avg. Reward: 1.30 Avg. RL/SL Loss: 0.00/2.74
Frame: 1360000  FPS: 31.11 Avg. Tagging Interval Length: nan
Player 1 Avg. Reward: -2.00 Avg. RL/SL Loss: 0.00/2.76
Player 2 Avg. Reward: 2.00 Avg. RL/SL Loss: 0.00/2.74
Frame: 1370000  FPS: 30.54 Avg. Tagging Interval Length: nan
Player 1 Avg. Reward: -1.90 Avg. RL/SL Loss: 0.00/2.76
Player 2 Avg. Reward: 1.90 Avg. RL/SL Loss: 0.00/2.74
Frame: 1380000  FPS: 30.84 Avg. Tagging Interval Length: nan
Player 1 Avg. Reward: -1.70 Avg. RL/SL Loss: 0.00/2.76
Player 2 Avg. Reward: 1.70 Avg. RL/SL Loss: 0.00/2.74
Frame: 1390000  FPS: 30.96 Avg. Tagging Interval Length: nan
Player 1 Avg. Reward: -0.90 Avg. RL/SL Loss: 0.00/2.76
Player 2 Avg. Reward: 0.90 Avg. RL/SL Loss: 0.00/2.74
Frame: 1400000  FPS: 30.75 Avg. Tagging Interval Length: nan
Player 1 Avg. Reward: -2.30 Avg. RL/SL Loss: 0.00/2.75
Player 2 Avg. Reward: 2.30 Avg. RL/SL Loss: 0.00/2.74
Frame: 1410000  FPS: 30.65 Avg. Tagging Interval Length: nan
Player 1 Avg. Reward: -2.70 Avg. RL/SL Loss: 0.00/2.75
Player 2 Avg. Reward: 2.70 Avg. RL/SL Loss: 0.00/2.75
Frame: 1420000  FPS: 30.87 Avg. Tagging Interval Length: nan
Player 1 Avg. Reward: -3.70 Avg. RL/SL Loss: 0.00/2.75
Player 2 Avg. Reward: 3.70 Avg. RL/SL Loss: 0.00/2.75
Frame: 1430000  FPS: 30.69 Avg. Tagging Interval Length: nan
Player 1 Avg. Reward: -2.00 Avg. RL/SL Loss: 0.00/2.75
Player 2 Avg. Reward: 2.00 Avg. RL/SL Loss: 0.00/2.75
Frame: 1440000  FPS: 31.10 Avg. Tagging Interval Length: nan
Player 1 Avg. Reward: -1.80 Avg. RL/SL Loss: 0.00/2.75
Player 2 Avg. Reward: 1.80 Avg. RL/SL Loss: 0.00/2.75
Frame: 1450000  FPS: 30.88 Avg. Tagging Interval Length: nan
Player 1 Avg. Reward: -3.00 Avg. RL/SL Loss: 0.00/2.75
Player 2 Avg. Reward: 3.00 Avg. RL/SL Loss: 0.00/2.74
Frame: 1460000  FPS: 30.32 Avg. Tagging Interval Length: nan
Player 1 Avg. Reward: -1.60 Avg. RL/SL Loss: 0.00/2.75
Player 2 Avg. Reward: 1.60 Avg. RL/SL Loss: 0.00/2.75
Frame: 1470000  FPS: 30.88 Avg. Tagging Interval Length: nan
Player 1 Avg. Reward: -2.70 Avg. RL/SL Loss: 0.00/2.75
Player 2 Avg. Reward: 2.70 Avg. RL/SL Loss: 0.00/2.75
Frame: 1480000  FPS: 30.92 Avg. Tagging Interval Length: nan
Player 1 Avg. Reward: -2.50 Avg. RL/SL Loss: 0.00/2.75
Player 2 Avg. Reward: 2.50 Avg. RL/SL Loss: 0.00/2.74
Frame: 1490000  FPS: 31.07 Avg. Tagging Interval Length: nan
Player 1 Avg. Reward: -2.10 Avg. RL/SL Loss: 0.00/2.75
Player 2 Avg. Reward: 2.10 Avg. RL/SL Loss: 0.00/2.74
Frame: 1500000  FPS: 30.62 Avg. Tagging Interval Length: nan
Player 1 Avg. Reward: -0.60 Avg. RL/SL Loss: 0.00/2.75
Player 2 Avg. Reward: 0.60 Avg. RL/SL Loss: 0.00/2.74
Frame: 1510000  FPS: 30.36 Avg. Tagging Interval Length: nan
Player 1 Avg. Reward: -0.70 Avg. RL/SL Loss: 0.00/2.75
Player 2 Avg. Reward: 0.70 Avg. RL/SL Loss: 0.00/2.74
Frame: 1520000  FPS: 30.80 Avg. Tagging Interval Length: nan
Player 1 Avg. Reward: -1.40 Avg. RL/SL Loss: 0.00/2.75
Player 2 Avg. Reward: 1.40 Avg. RL/SL Loss: 0.00/2.75
Frame: 1530000  FPS: 30.47 Avg. Tagging Interval Length: nan
Player 1 Avg. Reward: -0.90 Avg. RL/SL Loss: 0.00/2.75
Player 2 Avg. Reward: 0.90 Avg. RL/SL Loss: 0.00/2.75
Frame: 1540000  FPS: 30.71 Avg. Tagging Interval Length: nan
Player 1 Avg. Reward: -2.50 Avg. RL/SL Loss: 0.00/2.75
Player 2 Avg. Reward: 2.50 Avg. RL/SL Loss: 0.00/2.75
Frame: 1550000  FPS: 30.76 Avg. Tagging Interval Length: nan
Player 1 Avg. Reward: -3.60 Avg. RL/SL Loss: 0.00/2.75
Player 2 Avg. Reward: 3.60 Avg. RL/SL Loss: 0.00/2.75
Frame: 1560000  FPS: 30.99 Avg. Tagging Interval Length: nan
Player 1 Avg. Reward: -2.90 Avg. RL/SL Loss: 0.00/2.75
Player 2 Avg. Reward: 2.90 Avg. RL/SL Loss: 0.00/2.75
Frame: 1570000  FPS: 31.09 Avg. Tagging Interval Length: nan
Player 1 Avg. Reward: -2.00 Avg. RL/SL Loss: 0.00/2.75
Player 2 Avg. Reward: 2.00 Avg. RL/SL Loss: 0.00/2.75
Frame: 1580000  FPS: 30.81 Avg. Tagging Interval Length: nan
Player 1 Avg. Reward: -2.10 Avg. RL/SL Loss: 0.00/2.75
Player 2 Avg. Reward: 2.10 Avg. RL/SL Loss: 0.00/2.75
Frame: 1590000  FPS: 30.84 Avg. Tagging Interval Length: nan
Player 1 Avg. Reward: -3.30 Avg. RL/SL Loss: 0.00/2.75
Player 2 Avg. Reward: 3.30 Avg. RL/SL Loss: 0.00/2.75
Frame: 1600000  FPS: 30.82 Avg. Tagging Interval Length: nan
Player 1 Avg. Reward: -4.60 Avg. RL/SL Loss: 0.00/2.75
Player 2 Avg. Reward: 4.60 Avg. RL/SL Loss: 0.00/2.75
Frame: 1610000  FPS: 30.68 Avg. Tagging Interval Length: nan
Player 1 Avg. Reward: -2.30 Avg. RL/SL Loss: 0.00/2.75
Player 2 Avg. Reward: 2.30 Avg. RL/SL Loss: 0.00/2.75
Frame: 1620000  FPS: 30.79 Avg. Tagging Interval Length: nan
Player 1 Avg. Reward: -1.10 Avg. RL/SL Loss: 0.00/2.75
Player 2 Avg. Reward: 1.10 Avg. RL/SL Loss: 0.00/2.75
Frame: 1630000  FPS: 30.55 Avg. Tagging Interval Length: nan
Player 1 Avg. Reward: -3.30 Avg. RL/SL Loss: 0.00/2.75
Player 2 Avg. Reward: 3.30 Avg. RL/SL Loss: 0.00/2.75
Frame: 1640000  FPS: 31.18 Avg. Tagging Interval Length: nan
Player 1 Avg. Reward: -3.30 Avg. RL/SL Loss: 0.00/2.75
Player 2 Avg. Reward: 3.30 Avg. RL/SL Loss: 0.00/2.74
Frame: 1650000  FPS: 30.91 Avg. Tagging Interval Length: nan
Player 1 Avg. Reward: -3.50 Avg. RL/SL Loss: 0.00/2.75
Player 2 Avg. Reward: 3.50 Avg. RL/SL Loss: 0.00/2.74
Frame: 1660000  FPS: 30.59 Avg. Tagging Interval Length: nan
Player 1 Avg. Reward: -3.30 Avg. RL/SL Loss: 0.00/2.75
Player 2 Avg. Reward: 3.30 Avg. RL/SL Loss: 0.00/2.74
Frame: 1670000  FPS: 30.67 Avg. Tagging Interval Length: nan
Player 1 Avg. Reward: -2.30 Avg. RL/SL Loss: 0.00/2.75
Player 2 Avg. Reward: 2.30 Avg. RL/SL Loss: 0.00/2.74
Frame: 1680000  FPS: 31.55 Avg. Tagging Interval Length: nan
Player 1 Avg. Reward: -3.30 Avg. RL/SL Loss: 0.00/2.75
Player 2 Avg. Reward: 3.30 Avg. RL/SL Loss: 0.00/2.74
Frame: 1690000  FPS: 30.93 Avg. Tagging Interval Length: nan
Player 1 Avg. Reward: -1.10 Avg. RL/SL Loss: 0.00/2.75
Player 2 Avg. Reward: 1.10 Avg. RL/SL Loss: 0.00/2.74
Frame: 1700000  FPS: 30.37 Avg. Tagging Interval Length: nan
Player 1 Avg. Reward: -1.30 Avg. RL/SL Loss: 0.00/2.75
Player 2 Avg. Reward: 1.30 Avg. RL/SL Loss: 0.00/2.74
Frame: 1710000  FPS: 30.77 Avg. Tagging Interval Length: nan
Player 1 Avg. Reward: -4.10 Avg. RL/SL Loss: 0.00/2.75
Player 2 Avg. Reward: 4.10 Avg. RL/SL Loss: 0.00/2.74
Frame: 1720000  FPS: 30.56 Avg. Tagging Interval Length: nan
Player 1 Avg. Reward: -0.70 Avg. RL/SL Loss: 0.00/2.75
Player 2 Avg. Reward: 0.70 Avg. RL/SL Loss: 0.00/2.74
Frame: 1730000  FPS: 31.32 Avg. Tagging Interval Length: nan
Player 1 Avg. Reward: -1.70 Avg. RL/SL Loss: 0.00/2.75
Player 2 Avg. Reward: 1.70 Avg. RL/SL Loss: 0.00/2.74
Frame: 1740000  FPS: 31.20 Avg. Tagging Interval Length: nan
Player 1 Avg. Reward: -2.80 Avg. RL/SL Loss: 0.00/2.75
Player 2 Avg. Reward: 2.80 Avg. RL/SL Loss: 0.00/2.74
Frame: 1750000  FPS: 31.11 Avg. Tagging Interval Length: nan
Player 1 Avg. Reward: -1.80 Avg. RL/SL Loss: 0.00/2.75
Player 2 Avg. Reward: 1.80 Avg. RL/SL Loss: 0.00/2.74
Frame: 1760000  FPS: 30.57 Avg. Tagging Interval Length: nan
Player 1 Avg. Reward: -2.80 Avg. RL/SL Loss: 0.00/2.75
Player 2 Avg. Reward: 2.80 Avg. RL/SL Loss: 0.00/2.74
Frame: 1770000  FPS: 30.56 Avg. Tagging Interval Length: nan
Player 1 Avg. Reward: -2.40 Avg. RL/SL Loss: 0.00/2.75
Player 2 Avg. Reward: 2.40 Avg. RL/SL Loss: 0.00/2.74
Frame: 1780000  FPS: 30.56 Avg. Tagging Interval Length: nan
Player 1 Avg. Reward: -2.90 Avg. RL/SL Loss: 0.00/2.75
Player 2 Avg. Reward: 2.90 Avg. RL/SL Loss: 0.00/2.74
Frame: 1790000  FPS: 31.11 Avg. Tagging Interval Length: nan
Player 1 Avg. Reward: -3.00 Avg. RL/SL Loss: 0.00/2.75
Player 2 Avg. Reward: 3.00 Avg. RL/SL Loss: 0.00/2.74
Frame: 1800000  FPS: 30.79 Avg. Tagging Interval Length: nan
Player 1 Avg. Reward: -3.00 Avg. RL/SL Loss: 0.00/2.75
Player 2 Avg. Reward: 3.00 Avg. RL/SL Loss: 0.00/2.74
Frame: 1810000  FPS: 31.09 Avg. Tagging Interval Length: nan
Player 1 Avg. Reward: -2.90 Avg. RL/SL Loss: 0.00/2.75
Player 2 Avg. Reward: 2.90 Avg. RL/SL Loss: 0.00/2.73
Frame: 1820000  FPS: 30.67 Avg. Tagging Interval Length: nan
Player 1 Avg. Reward: -3.30 Avg. RL/SL Loss: 0.00/2.75
Player 2 Avg. Reward: 3.30 Avg. RL/SL Loss: 0.00/2.74
Frame: 1830000  FPS: 31.07 Avg. Tagging Interval Length: nan
Player 1 Avg. Reward: -2.20 Avg. RL/SL Loss: 0.00/2.75
Player 2 Avg. Reward: 2.20 Avg. RL/SL Loss: 0.00/2.74
Frame: 1840000  FPS: 30.85 Avg. Tagging Interval Length: nan
Player 1 Avg. Reward: -3.00 Avg. RL/SL Loss: 0.00/2.75
Player 2 Avg. Reward: 3.00 Avg. RL/SL Loss: 0.00/2.74
Frame: 1850000  FPS: 30.64 Avg. Tagging Interval Length: nan
Player 1 Avg. Reward: -2.70 Avg. RL/SL Loss: 0.00/2.75
Player 2 Avg. Reward: 2.70 Avg. RL/SL Loss: 0.00/2.74
Frame: 1860000  FPS: 30.69 Avg. Tagging Interval Length: nan
Player 1 Avg. Reward: -1.30 Avg. RL/SL Loss: 0.00/2.75
Player 2 Avg. Reward: 1.30 Avg. RL/SL Loss: 0.00/2.74
Frame: 1870000  FPS: 30.87 Avg. Tagging Interval Length: nan
Player 1 Avg. Reward: -1.70 Avg. RL/SL Loss: 0.00/2.74
Player 2 Avg. Reward: 1.70 Avg. RL/SL Loss: 0.00/2.74
Frame: 1880000  FPS: 30.91 Avg. Tagging Interval Length: nan
Player 1 Avg. Reward: -3.10 Avg. RL/SL Loss: 0.00/2.74
Player 2 Avg. Reward: 3.10 Avg. RL/SL Loss: 0.00/2.74
Frame: 1890000  FPS: 30.53 Avg. Tagging Interval Length: nan
Player 1 Avg. Reward: -0.80 Avg. RL/SL Loss: 0.00/2.74
Player 2 Avg. Reward: 0.80 Avg. RL/SL Loss: 0.00/2.74
Frame: 1900000  FPS: 31.06 Avg. Tagging Interval Length: nan
Player 1 Avg. Reward: -1.90 Avg. RL/SL Loss: 0.00/2.74
Player 2 Avg. Reward: 1.90 Avg. RL/SL Loss: 0.00/2.74
Frame: 1910000  FPS: 29.61 Avg. Tagging Interval Length: nan
Player 1 Avg. Reward: -2.20 Avg. RL/SL Loss: 0.00/2.74
Player 2 Avg. Reward: 2.20 Avg. RL/SL Loss: 0.00/2.74
Frame: 1920000  FPS: 30.86 Avg. Tagging Interval Length: nan
Player 1 Avg. Reward: -2.80 Avg. RL/SL Loss: 0.00/2.74
Player 2 Avg. Reward: 2.80 Avg. RL/SL Loss: 0.00/2.74
Frame: 1930000  FPS: 30.42 Avg. Tagging Interval Length: nan
Player 1 Avg. Reward: -3.60 Avg. RL/SL Loss: 0.00/2.74
Player 2 Avg. Reward: 3.60 Avg. RL/SL Loss: 0.00/2.74
Frame: 1940000  FPS: 30.98 Avg. Tagging Interval Length: nan
Player 1 Avg. Reward: -2.90 Avg. RL/SL Loss: 0.00/2.74
Player 2 Avg. Reward: 2.90 Avg. RL/SL Loss: 0.00/2.74
Frame: 1950000  FPS: 31.02 Avg. Tagging Interval Length: nan
Player 1 Avg. Reward: -2.60 Avg. RL/SL Loss: 0.00/2.74
Player 2 Avg. Reward: 2.60 Avg. RL/SL Loss: 0.00/2.74
Frame: 1960000  FPS: 30.91 Avg. Tagging Interval Length: nan
Player 1 Avg. Reward: -2.30 Avg. RL/SL Loss: 0.00/2.74
Player 2 Avg. Reward: 2.30 Avg. RL/SL Loss: 0.00/2.74
Frame: 1970000  FPS: 31.13 Avg. Tagging Interval Length: nan
Player 1 Avg. Reward: -2.50 Avg. RL/SL Loss: 0.00/2.74
Player 2 Avg. Reward: 2.50 Avg. RL/SL Loss: 0.00/2.74
Frame: 1980000  FPS: 31.08 Avg. Tagging Interval Length: nan
Player 1 Avg. Reward: -0.80 Avg. RL/SL Loss: 0.00/2.74
Player 2 Avg. Reward: 0.80 Avg. RL/SL Loss: 0.00/2.74
Frame: 1990000  FPS: 30.78 Avg. Tagging Interval Length: nan
Player 1 Avg. Reward: -2.00 Avg. RL/SL Loss: 0.00/2.74
Player 2 Avg. Reward: 2.00 Avg. RL/SL Loss: 0.00/2.74
Frame: 2000000  FPS: 30.88 Avg. Tagging Interval Length: nan
Player 1 Avg. Reward: -4.50 Avg. RL/SL Loss: 0.00/2.74
Player 2 Avg. Reward: 4.50 Avg. RL/SL Loss: 0.00/2.74
Frame: 2010000  FPS: 30.64 Avg. Tagging Interval Length: nan
Player 1 Avg. Reward: -3.00 Avg. RL/SL Loss: 0.00/2.74
Player 2 Avg. Reward: 3.00 Avg. RL/SL Loss: 0.00/2.74
Frame: 2020000  FPS: 31.18 Avg. Tagging Interval Length: nan
Player 1 Avg. Reward: -1.30 Avg. RL/SL Loss: 0.00/2.74
Player 2 Avg. Reward: 1.30 Avg. RL/SL Loss: 0.00/2.74
Frame: 2030000  FPS: 30.48 Avg. Tagging Interval Length: nan
Player 1 Avg. Reward: -2.80 Avg. RL/SL Loss: 0.00/2.74
Player 2 Avg. Reward: 2.80 Avg. RL/SL Loss: 0.00/2.74
Frame: 2040000  FPS: 30.22 Avg. Tagging Interval Length: nan
Player 1 Avg. Reward: -1.20 Avg. RL/SL Loss: 0.00/2.74
Player 2 Avg. Reward: 1.20 Avg. RL/SL Loss: 0.00/2.74
Frame: 2050000  FPS: 31.15 Avg. Tagging Interval Length: nan
Player 1 Avg. Reward: -2.20 Avg. RL/SL Loss: 0.00/2.74
Player 2 Avg. Reward: 2.20 Avg. RL/SL Loss: 0.00/2.74
Frame: 2060000  FPS: 30.85 Avg. Tagging Interval Length: nan
Player 1 Avg. Reward: -0.60 Avg. RL/SL Loss: 0.00/2.74
Player 2 Avg. Reward: 0.60 Avg. RL/SL Loss: 0.00/2.74
Frame: 2070000  FPS: 31.05 Avg. Tagging Interval Length: nan
Player 1 Avg. Reward: -2.10 Avg. RL/SL Loss: 0.00/2.74
Player 2 Avg. Reward: 2.10 Avg. RL/SL Loss: 0.00/2.74
Frame: 2080000  FPS: 30.96 Avg. Tagging Interval Length: nan
Player 1 Avg. Reward: -2.90 Avg. RL/SL Loss: 0.00/2.74
Player 2 Avg. Reward: 2.90 Avg. RL/SL Loss: 0.00/2.74
Frame: 2090000  FPS: 30.93 Avg. Tagging Interval Length: nan
Player 1 Avg. Reward: -1.10 Avg. RL/SL Loss: 0.00/2.74
Player 2 Avg. Reward: 1.10 Avg. RL/SL Loss: 0.00/2.74
Frame: 2100000  FPS: 30.96 Avg. Tagging Interval Length: nan
Player 1 Avg. Reward: -1.80 Avg. RL/SL Loss: 0.00/2.74
Player 2 Avg. Reward: 1.80 Avg. RL/SL Loss: 0.00/2.74
Frame: 2110000  FPS: 30.88 Avg. Tagging Interval Length: nan
Player 1 Avg. Reward: -1.60 Avg. RL/SL Loss: 0.00/2.74
Player 2 Avg. Reward: 1.60 Avg. RL/SL Loss: 0.00/2.74
Frame: 2120000  FPS: 30.88 Avg. Tagging Interval Length: nan
Player 1 Avg. Reward: -1.30 Avg. RL/SL Loss: 0.00/2.74
Player 2 Avg. Reward: 1.30 Avg. RL/SL Loss: 0.00/2.74
Frame: 2130000  FPS: 30.97 Avg. Tagging Interval Length: nan
Player 1 Avg. Reward: -1.80 Avg. RL/SL Loss: 0.00/2.74
Player 2 Avg. Reward: 1.80 Avg. RL/SL Loss: 0.00/2.74
Frame: 2140000  FPS: 30.57 Avg. Tagging Interval Length: nan
Player 1 Avg. Reward: -1.00 Avg. RL/SL Loss: 0.00/2.74
Player 2 Avg. Reward: 1.00 Avg. RL/SL Loss: 0.00/2.74
Frame: 2150000  FPS: 31.15 Avg. Tagging Interval Length: nan
Player 1 Avg. Reward: 0.00 Avg. RL/SL Loss: 0.00/2.74
Player 2 Avg. Reward: 0.00 Avg. RL/SL Loss: 0.00/2.74
Frame: 2160000  FPS: 30.51 Avg. Tagging Interval Length: nan
Player 1 Avg. Reward: -1.10 Avg. RL/SL Loss: 0.00/2.74
Player 2 Avg. Reward: 1.10 Avg. RL/SL Loss: 0.00/2.74
Frame: 2170000  FPS: 31.05 Avg. Tagging Interval Length: nan
Player 1 Avg. Reward: -0.60 Avg. RL/SL Loss: 0.00/2.74
Player 2 Avg. Reward: 0.60 Avg. RL/SL Loss: 0.00/2.74
Frame: 2180000  FPS: 30.79 Avg. Tagging Interval Length: nan
Player 1 Avg. Reward: -1.30 Avg. RL/SL Loss: 0.00/2.74
Player 2 Avg. Reward: 1.30 Avg. RL/SL Loss: 0.00/2.74
Frame: 2190000  FPS: 30.72 Avg. Tagging Interval Length: nan
Player 1 Avg. Reward: -0.80 Avg. RL/SL Loss: 0.00/2.74
Player 2 Avg. Reward: 0.80 Avg. RL/SL Loss: 0.00/2.74
Frame: 2200000  FPS: 31.02 Avg. Tagging Interval Length: nan
Player 1 Avg. Reward: -0.70 Avg. RL/SL Loss: 0.00/2.74
Player 2 Avg. Reward: 0.70 Avg. RL/SL Loss: 0.00/2.74
Frame: 2210000  FPS: 30.82 Avg. Tagging Interval Length: nan
Player 1 Avg. Reward: -0.30 Avg. RL/SL Loss: 0.00/2.74
Player 2 Avg. Reward: 0.30 Avg. RL/SL Loss: 0.00/2.74
Frame: 2220000  FPS: 30.76 Avg. Tagging Interval Length: nan
Player 1 Avg. Reward: -0.20 Avg. RL/SL Loss: 0.00/2.74
Player 2 Avg. Reward: 0.20 Avg. RL/SL Loss: 0.00/2.74
Frame: 2230000  FPS: 30.49 Avg. Tagging Interval Length: nan
Player 1 Avg. Reward: -1.10 Avg. RL/SL Loss: 0.00/2.74
Player 2 Avg. Reward: 1.10 Avg. RL/SL Loss: 0.00/2.74
Frame: 2240000  FPS: 30.76 Avg. Tagging Interval Length: nan
Player 1 Avg. Reward: -1.60 Avg. RL/SL Loss: 0.00/2.74
Player 2 Avg. Reward: 1.60 Avg. RL/SL Loss: 0.00/2.74
Frame: 2250000  FPS: 30.56 Avg. Tagging Interval Length: nan
Player 1 Avg. Reward: -1.10 Avg. RL/SL Loss: 0.00/2.74
Player 2 Avg. Reward: 1.10 Avg. RL/SL Loss: 0.00/2.74
Frame: 2260000  FPS: 31.10 Avg. Tagging Interval Length: nan
Player 1 Avg. Reward: -0.40 Avg. RL/SL Loss: 0.00/2.73
Player 2 Avg. Reward: 0.40 Avg. RL/SL Loss: 0.00/2.73
Frame: 2270000  FPS: 30.86 Avg. Tagging Interval Length: nan
Player 1 Avg. Reward: -1.20 Avg. RL/SL Loss: 0.00/2.73
Player 2 Avg. Reward: 1.20 Avg. RL/SL Loss: 0.00/2.73
Frame: 2280000  FPS: 31.06 Avg. Tagging Interval Length: nan
Player 1 Avg. Reward: -2.50 Avg. RL/SL Loss: 0.00/2.74
Player 2 Avg. Reward: 2.50 Avg. RL/SL Loss: 0.00/2.73
Frame: 2290000  FPS: 30.26 Avg. Tagging Interval Length: nan
Player 1 Avg. Reward: -2.30 Avg. RL/SL Loss: 0.00/2.74
Player 2 Avg. Reward: 2.30 Avg. RL/SL Loss: 0.00/2.73
Frame: 2300000  FPS: 30.41 Avg. Tagging Interval Length: nan
Player 1 Avg. Reward: -0.90 Avg. RL/SL Loss: 0.00/2.74
Player 2 Avg. Reward: 0.90 Avg. RL/SL Loss: 0.00/2.73
Frame: 2310000  FPS: 30.76 Avg. Tagging Interval Length: nan
Player 1 Avg. Reward: -0.70 Avg. RL/SL Loss: 0.00/2.74
Player 2 Avg. Reward: 0.70 Avg. RL/SL Loss: 0.00/2.73
Frame: 2320000  FPS: 30.95 Avg. Tagging Interval Length: nan
Player 1 Avg. Reward: 0.00 Avg. RL/SL Loss: 0.00/2.74
Player 2 Avg. Reward: 0.00 Avg. RL/SL Loss: 0.00/2.73
Frame: 2330000  FPS: 30.92 Avg. Tagging Interval Length: nan
Player 1 Avg. Reward: -1.80 Avg. RL/SL Loss: 0.00/2.74
Player 2 Avg. Reward: 1.80 Avg. RL/SL Loss: 0.00/2.73
Frame: 2340000  FPS: 31.14 Avg. Tagging Interval Length: nan
Player 1 Avg. Reward: -0.80 Avg. RL/SL Loss: 0.00/2.74
Player 2 Avg. Reward: 0.80 Avg. RL/SL Loss: 0.00/2.73
Frame: 2350000  FPS: 30.81 Avg. Tagging Interval Length: nan
Player 1 Avg. Reward: -1.80 Avg. RL/SL Loss: 0.00/2.74
Player 2 Avg. Reward: 1.80 Avg. RL/SL Loss: 0.00/2.73
Frame: 2360000  FPS: 30.68 Avg. Tagging Interval Length: nan
Player 1 Avg. Reward: -1.70 Avg. RL/SL Loss: 0.00/2.74
Player 2 Avg. Reward: 1.70 Avg. RL/SL Loss: 0.00/2.73
Frame: 2370000  FPS: 30.61 Avg. Tagging Interval Length: nan
Player 1 Avg. Reward: -1.30 Avg. RL/SL Loss: 0.00/2.74
Player 2 Avg. Reward: 1.30 Avg. RL/SL Loss: 0.00/2.73
Frame: 2380000  FPS: 30.86 Avg. Tagging Interval Length: nan
Player 1 Avg. Reward: -1.70 Avg. RL/SL Loss: 0.00/2.74
Player 2 Avg. Reward: 1.70 Avg. RL/SL Loss: 0.00/2.73
Frame: 2390000  FPS: 30.86 Avg. Tagging Interval Length: nan
Player 1 Avg. Reward: -1.80 Avg. RL/SL Loss: 0.00/2.74
Player 2 Avg. Reward: 1.80 Avg. RL/SL Loss: 0.00/2.73
Frame: 2400000  FPS: 31.59 Avg. Tagging Interval Length: nan
Player 1 Avg. Reward: -0.20 Avg. RL/SL Loss: 0.00/2.74
Player 2 Avg. Reward: 0.20 Avg. RL/SL Loss: 0.00/2.73
Frame: 2410000  FPS: 30.59 Avg. Tagging Interval Length: nan
Player 1 Avg. Reward: -0.90 Avg. RL/SL Loss: 0.00/2.74
Player 2 Avg. Reward: 0.90 Avg. RL/SL Loss: 0.00/2.73
Frame: 2420000  FPS: 30.72 Avg. Tagging Interval Length: nan
Player 1 Avg. Reward: -1.20 Avg. RL/SL Loss: 0.00/2.74
Player 2 Avg. Reward: 1.20 Avg. RL/SL Loss: 0.00/2.73
Frame: 2430000  FPS: 31.18 Avg. Tagging Interval Length: nan
Player 1 Avg. Reward: -1.40 Avg. RL/SL Loss: 0.00/2.74
Player 2 Avg. Reward: 1.40 Avg. RL/SL Loss: 0.00/2.73
Frame: 2440000  FPS: 30.41 Avg. Tagging Interval Length: nan
Player 1 Avg. Reward: -2.70 Avg. RL/SL Loss: 0.00/2.74
Player 2 Avg. Reward: 2.70 Avg. RL/SL Loss: 0.00/2.73
Frame: 2450000  FPS: 30.41 Avg. Tagging Interval Length: nan
Player 1 Avg. Reward: -1.70 Avg. RL/SL Loss: 0.00/2.74
Player 2 Avg. Reward: 1.70 Avg. RL/SL Loss: 0.00/2.73
Frame: 2460000  FPS: 31.07 Avg. Tagging Interval Length: nan
Player 1 Avg. Reward: 0.10 Avg. RL/SL Loss: 0.00/2.73
Player 2 Avg. Reward: -0.10 Avg. RL/SL Loss: 0.00/2.73
Frame: 2470000  FPS: 30.86 Avg. Tagging Interval Length: nan
Player 1 Avg. Reward: -2.80 Avg. RL/SL Loss: 0.00/2.74
Player 2 Avg. Reward: 2.80 Avg. RL/SL Loss: 0.00/2.73
Frame: 2480000  FPS: 30.61 Avg. Tagging Interval Length: nan
Player 1 Avg. Reward: -2.30 Avg. RL/SL Loss: 0.00/2.74
Player 2 Avg. Reward: 2.30 Avg. RL/SL Loss: 0.00/2.73
Frame: 2490000  FPS: 30.84 Avg. Tagging Interval Length: nan
Player 1 Avg. Reward: -2.40 Avg. RL/SL Loss: 0.00/2.74
Player 2 Avg. Reward: 2.40 Avg. RL/SL Loss: 0.00/2.73
Frame: 2500000  FPS: 30.94 Avg. Tagging Interval Length: nan
Player 1 Avg. Reward: -2.20 Avg. RL/SL Loss: 0.00/2.74
Player 2 Avg. Reward: 2.20 Avg. RL/SL Loss: 0.00/2.73
Frame: 2510000  FPS: 31.16 Avg. Tagging Interval Length: nan
Player 1 Avg. Reward: -1.30 Avg. RL/SL Loss: 0.00/2.74
Player 2 Avg. Reward: 1.30 Avg. RL/SL Loss: 0.00/2.73
Frame: 2520000  FPS: 31.03 Avg. Tagging Interval Length: nan
Player 1 Avg. Reward: -1.50 Avg. RL/SL Loss: 0.00/2.74
Player 2 Avg. Reward: 1.50 Avg. RL/SL Loss: 0.00/2.73
Frame: 2530000  FPS: 30.84 Avg. Tagging Interval Length: nan
Player 1 Avg. Reward: -1.50 Avg. RL/SL Loss: 0.00/2.74
Player 2 Avg. Reward: 1.50 Avg. RL/SL Loss: 0.00/2.73
Frame: 2540000  FPS: 30.69 Avg. Tagging Interval Length: nan
Player 1 Avg. Reward: -1.20 Avg. RL/SL Loss: 0.00/2.74
Player 2 Avg. Reward: 1.20 Avg. RL/SL Loss: 0.00/2.73
Frame: 2550000  FPS: 31.13 Avg. Tagging Interval Length: nan
Player 1 Avg. Reward: -1.50 Avg. RL/SL Loss: 0.00/2.74
Player 2 Avg. Reward: 1.50 Avg. RL/SL Loss: 0.00/2.73
Frame: 2560000  FPS: 31.08 Avg. Tagging Interval Length: nan
Player 1 Avg. Reward: -0.20 Avg. RL/SL Loss: 0.00/2.74
Player 2 Avg. Reward: 0.20 Avg. RL/SL Loss: 0.00/2.73
Frame: 2570000  FPS: 31.11 Avg. Tagging Interval Length: nan
Player 1 Avg. Reward: -1.50 Avg. RL/SL Loss: 0.00/2.74
Player 2 Avg. Reward: 1.50 Avg. RL/SL Loss: 0.00/2.73
Frame: 2580000  FPS: 30.73 Avg. Tagging Interval Length: nan
Player 1 Avg. Reward: -1.60 Avg. RL/SL Loss: 0.00/2.74
Player 2 Avg. Reward: 1.60 Avg. RL/SL Loss: 0.00/2.73
Frame: 2590000  FPS: 30.34 Avg. Tagging Interval Length: nan
Player 1 Avg. Reward: -1.50 Avg. RL/SL Loss: 0.00/2.75
Player 2 Avg. Reward: 1.50 Avg. RL/SL Loss: 0.00/2.73
Frame: 2600000  FPS: 30.93 Avg. Tagging Interval Length: nan
Player 1 Avg. Reward: -2.00 Avg. RL/SL Loss: 0.00/2.74
Player 2 Avg. Reward: 2.00 Avg. RL/SL Loss: 0.00/2.73
Frame: 2610000  FPS: 30.78 Avg. Tagging Interval Length: nan
Player 1 Avg. Reward: -0.80 Avg. RL/SL Loss: 0.00/2.75
Player 2 Avg. Reward: 0.80 Avg. RL/SL Loss: 0.00/2.73
Frame: 2620000  FPS: 30.82 Avg. Tagging Interval Length: nan
Player 1 Avg. Reward: -2.10 Avg. RL/SL Loss: 0.00/2.75
Player 2 Avg. Reward: 2.10 Avg. RL/SL Loss: 0.00/2.73
Frame: 2630000  FPS: 30.99 Avg. Tagging Interval Length: nan
Player 1 Avg. Reward: -1.10 Avg. RL/SL Loss: 0.00/2.75
Player 2 Avg. Reward: 1.10 Avg. RL/SL Loss: 0.00/2.73
Frame: 2640000  FPS: 30.78 Avg. Tagging Interval Length: nan
Player 1 Avg. Reward: -2.40 Avg. RL/SL Loss: 0.00/2.75
Player 2 Avg. Reward: 2.40 Avg. RL/SL Loss: 0.00/2.73
Frame: 2650000  FPS: 30.62 Avg. Tagging Interval Length: nan
Player 1 Avg. Reward: -0.80 Avg. RL/SL Loss: 0.00/2.75
Player 2 Avg. Reward: 0.80 Avg. RL/SL Loss: 0.00/2.73
Frame: 2660000  FPS: 31.32 Avg. Tagging Interval Length: nan
Player 1 Avg. Reward: -1.60 Avg. RL/SL Loss: 0.00/2.75
Player 2 Avg. Reward: 1.60 Avg. RL/SL Loss: 0.00/2.73
Frame: 2670000  FPS: 30.86 Avg. Tagging Interval Length: nan
Player 1 Avg. Reward: -1.80 Avg. RL/SL Loss: 0.00/2.75
Player 2 Avg. Reward: 1.80 Avg. RL/SL Loss: 0.00/2.73
Frame: 2680000  FPS: 30.73 Avg. Tagging Interval Length: nan
Player 1 Avg. Reward: -2.00 Avg. RL/SL Loss: 0.00/2.75
Player 2 Avg. Reward: 2.00 Avg. RL/SL Loss: 0.00/2.73
Frame: 2690000  FPS: 30.67 Avg. Tagging Interval Length: nan
Player 1 Avg. Reward: -0.40 Avg. RL/SL Loss: 0.00/2.75
Player 2 Avg. Reward: 0.40 Avg. RL/SL Loss: 0.00/2.73
Frame: 2700000  FPS: 30.89 Avg. Tagging Interval Length: nan
Player 1 Avg. Reward: -0.70 Avg. RL/SL Loss: 0.00/2.75
Player 2 Avg. Reward: 0.70 Avg. RL/SL Loss: 0.00/2.73
Frame: 2710000  FPS: 30.78 Avg. Tagging Interval Length: nan
Player 1 Avg. Reward: -1.40 Avg. RL/SL Loss: 0.00/2.75
Player 2 Avg. Reward: 1.40 Avg. RL/SL Loss: 0.00/2.73
Frame: 2720000  FPS: 31.06 Avg. Tagging Interval Length: nan
Player 1 Avg. Reward: 0.80 Avg. RL/SL Loss: 0.00/2.75
Player 2 Avg. Reward: -0.80 Avg. RL/SL Loss: 0.00/2.73
Frame: 2730000  FPS: 30.40 Avg. Tagging Interval Length: nan
Player 1 Avg. Reward: -2.10 Avg. RL/SL Loss: 0.00/2.75
Player 2 Avg. Reward: 2.10 Avg. RL/SL Loss: 0.00/2.73
Frame: 2740000  FPS: 29.28 Avg. Tagging Interval Length: nan
Player 1 Avg. Reward: -1.10 Avg. RL/SL Loss: 0.00/2.75
Player 2 Avg. Reward: 1.10 Avg. RL/SL Loss: 0.00/2.73
Frame: 2750000  FPS: 29.39 Avg. Tagging Interval Length: nan
Player 1 Avg. Reward: -2.10 Avg. RL/SL Loss: 0.00/2.75
Player 2 Avg. Reward: 2.10 Avg. RL/SL Loss: 0.00/2.73
Frame: 2760000  FPS: 28.81 Avg. Tagging Interval Length: nan
Player 1 Avg. Reward: -0.20 Avg. RL/SL Loss: 0.00/2.75
Player 2 Avg. Reward: 0.20 Avg. RL/SL Loss: 0.00/2.73
Frame: 2770000  FPS: 29.60 Avg. Tagging Interval Length: nan
Player 1 Avg. Reward: -2.10 Avg. RL/SL Loss: 0.00/2.75
Player 2 Avg. Reward: 2.10 Avg. RL/SL Loss: 0.00/2.73
Frame: 2780000  FPS: 28.08 Avg. Tagging Interval Length: nan
Player 1 Avg. Reward: -0.60 Avg. RL/SL Loss: 0.00/2.75
Player 2 Avg. Reward: 0.60 Avg. RL/SL Loss: 0.00/2.73
Frame: 2790000  FPS: 28.56 Avg. Tagging Interval Length: nan
Player 1 Avg. Reward: -0.50 Avg. RL/SL Loss: 0.00/2.75
Player 2 Avg. Reward: 0.50 Avg. RL/SL Loss: 0.00/2.73
Frame: 2800000  FPS: 29.62 Avg. Tagging Interval Length: nan
Player 1 Avg. Reward: -2.30 Avg. RL/SL Loss: 0.00/2.75
Player 2 Avg. Reward: 2.30 Avg. RL/SL Loss: 0.00/2.73
Frame: 2810000  FPS: 28.50 Avg. Tagging Interval Length: nan
Player 1 Avg. Reward: -1.00 Avg. RL/SL Loss: 0.00/2.75
Player 2 Avg. Reward: 1.00 Avg. RL/SL Loss: 0.00/2.73
Frame: 2820000  FPS: 28.65 Avg. Tagging Interval Length: nan
Player 1 Avg. Reward: 0.10 Avg. RL/SL Loss: 0.00/2.75
Player 2 Avg. Reward: -0.10 Avg. RL/SL Loss: 0.00/2.73
Frame: 2830000  FPS: 28.36 Avg. Tagging Interval Length: nan
Player 1 Avg. Reward: -0.80 Avg. RL/SL Loss: 0.00/2.75
Player 2 Avg. Reward: 0.80 Avg. RL/SL Loss: 0.00/2.73
Frame: 2840000  FPS: 28.29 Avg. Tagging Interval Length: nan
Player 1 Avg. Reward: -1.70 Avg. RL/SL Loss: 0.00/2.75
Player 2 Avg. Reward: 1.70 Avg. RL/SL Loss: 0.00/2.73
Frame: 2850000  FPS: 28.68 Avg. Tagging Interval Length: nan
Player 1 Avg. Reward: -0.70 Avg. RL/SL Loss: 0.00/2.75
Player 2 Avg. Reward: 0.70 Avg. RL/SL Loss: 0.00/2.73
Frame: 2860000  FPS: 29.41 Avg. Tagging Interval Length: nan
Player 1 Avg. Reward: -2.90 Avg. RL/SL Loss: 0.00/2.75
Player 2 Avg. Reward: 2.90 Avg. RL/SL Loss: 0.00/2.73
Frame: 2870000  FPS: 28.83 Avg. Tagging Interval Length: nan
Player 1 Avg. Reward: -0.40 Avg. RL/SL Loss: 0.00/2.75
Player 2 Avg. Reward: 0.40 Avg. RL/SL Loss: 0.00/2.73
Frame: 2880000  FPS: 29.13 Avg. Tagging Interval Length: nan
Player 1 Avg. Reward: -0.30 Avg. RL/SL Loss: 0.00/2.75
Player 2 Avg. Reward: 0.30 Avg. RL/SL Loss: 0.00/2.73
Frame: 2890000  FPS: 29.52 Avg. Tagging Interval Length: nan
Player 1 Avg. Reward: 0.60 Avg. RL/SL Loss: 0.00/2.75
Player 2 Avg. Reward: -0.60 Avg. RL/SL Loss: 0.00/2.73
Frame: 2900000  FPS: 29.35 Avg. Tagging Interval Length: nan
Player 1 Avg. Reward: -2.50 Avg. RL/SL Loss: 0.00/2.75
Player 2 Avg. Reward: 2.50 Avg. RL/SL Loss: 0.00/2.73
Frame: 2910000  FPS: 29.42 Avg. Tagging Interval Length: nan
Player 1 Avg. Reward: -0.30 Avg. RL/SL Loss: 0.00/2.75
Player 2 Avg. Reward: 0.30 Avg. RL/SL Loss: 0.00/2.73
Frame: 2920000  FPS: 30.46 Avg. Tagging Interval Length: nan
Player 1 Avg. Reward: -1.50 Avg. RL/SL Loss: 0.00/2.75
Player 2 Avg. Reward: 1.50 Avg. RL/SL Loss: 0.00/2.73
Frame: 2930000  FPS: 30.29 Avg. Tagging Interval Length: nan
Player 1 Avg. Reward: -0.70 Avg. RL/SL Loss: 0.00/2.75
Player 2 Avg. Reward: 0.70 Avg. RL/SL Loss: 0.00/2.73
Frame: 2940000  FPS: 30.55 Avg. Tagging Interval Length: nan
Player 1 Avg. Reward: -0.80 Avg. RL/SL Loss: 0.00/2.75
Player 2 Avg. Reward: 0.80 Avg. RL/SL Loss: 0.00/2.73
Frame: 2950000  FPS: 30.45 Avg. Tagging Interval Length: nan
Player 1 Avg. Reward: -0.80 Avg. RL/SL Loss: 0.00/2.75
Player 2 Avg. Reward: 0.80 Avg. RL/SL Loss: 0.00/2.73
Frame: 2960000  FPS: 30.67 Avg. Tagging Interval Length: nan
Player 1 Avg. Reward: -0.40 Avg. RL/SL Loss: 0.00/2.75
Player 2 Avg. Reward: 0.40 Avg. RL/SL Loss: 0.00/2.73
Frame: 2970000  FPS: 30.50 Avg. Tagging Interval Length: nan
Player 1 Avg. Reward: -0.90 Avg. RL/SL Loss: 0.00/2.75
Player 2 Avg. Reward: 0.90 Avg. RL/SL Loss: 0.00/2.72
Frame: 2980000  FPS: 30.68 Avg. Tagging Interval Length: nan
Player 1 Avg. Reward: -1.10 Avg. RL/SL Loss: 0.00/2.75
Player 2 Avg. Reward: 1.10 Avg. RL/SL Loss: 0.00/2.72
Frame: 2990000  FPS: 30.64 Avg. Tagging Interval Length: nan
Player 1 Avg. Reward: -1.00 Avg. RL/SL Loss: 0.00/2.75
Player 2 Avg. Reward: 1.00 Avg. RL/SL Loss: 0.00/2.72
Frame: 3000000  FPS: 30.55 Avg. Tagging Interval Length: nan
Player 1 Avg. Reward: -0.40 Avg. RL/SL Loss: 0.00/2.75
Player 2 Avg. Reward: 0.40 Avg. RL/SL Loss: 0.00/2.72
Frame: 3010000  FPS: 30.57 Avg. Tagging Interval Length: nan
Player 1 Avg. Reward: -0.90 Avg. RL/SL Loss: 0.00/2.75
Player 2 Avg. Reward: 0.90 Avg. RL/SL Loss: 0.00/2.72
Frame: 3020000  FPS: 29.61 Avg. Tagging Interval Length: nan
Player 1 Avg. Reward: -1.00 Avg. RL/SL Loss: 0.00/2.75
Player 2 Avg. Reward: 1.00 Avg. RL/SL Loss: 0.00/2.72
Frame: 3030000  FPS: 29.57 Avg. Tagging Interval Length: nan
Player 1 Avg. Reward: -0.90 Avg. RL/SL Loss: 0.00/2.75
Player 2 Avg. Reward: 0.90 Avg. RL/SL Loss: 0.00/2.72
Frame: 3040000  FPS: 29.81 Avg. Tagging Interval Length: nan
Player 1 Avg. Reward: 0.20 Avg. RL/SL Loss: 0.00/2.75
Player 2 Avg. Reward: -0.20 Avg. RL/SL Loss: 0.00/2.72
Frame: 3050000  FPS: 30.70 Avg. Tagging Interval Length: nan
Player 1 Avg. Reward: -1.30 Avg. RL/SL Loss: 0.00/2.75
Player 2 Avg. Reward: 1.30 Avg. RL/SL Loss: 0.00/2.72
Frame: 3060000  FPS: 30.59 Avg. Tagging Interval Length: nan
Player 1 Avg. Reward: -0.30 Avg. RL/SL Loss: 0.00/2.75
Player 2 Avg. Reward: 0.30 Avg. RL/SL Loss: 0.00/2.72
Frame: 3070000  FPS: 30.59 Avg. Tagging Interval Length: nan
Player 1 Avg. Reward: -0.10 Avg. RL/SL Loss: 0.00/2.75
Player 2 Avg. Reward: 0.10 Avg. RL/SL Loss: 0.00/2.72
Frame: 3080000  FPS: 30.58 Avg. Tagging Interval Length: nan
Player 1 Avg. Reward: -0.80 Avg. RL/SL Loss: 0.00/2.75
Player 2 Avg. Reward: 0.80 Avg. RL/SL Loss: 0.00/2.72
Frame: 3090000  FPS: 30.45 Avg. Tagging Interval Length: nan
Player 1 Avg. Reward: -0.20 Avg. RL/SL Loss: 0.00/2.75
Player 2 Avg. Reward: 0.20 Avg. RL/SL Loss: 0.00/2.72
Frame: 3100000  FPS: 30.44 Avg. Tagging Interval Length: nan
Player 1 Avg. Reward: -0.60 Avg. RL/SL Loss: 0.00/2.75
Player 2 Avg. Reward: 0.60 Avg. RL/SL Loss: 0.00/2.72
Frame: 3110000  FPS: 30.81 Avg. Tagging Interval Length: nan
Player 1 Avg. Reward: -1.20 Avg. RL/SL Loss: 0.00/2.76
Player 2 Avg. Reward: 1.20 Avg. RL/SL Loss: 0.00/2.72
Frame: 3120000  FPS: 30.42 Avg. Tagging Interval Length: nan
Player 1 Avg. Reward: -0.60 Avg. RL/SL Loss: 0.00/2.76
Player 2 Avg. Reward: 0.60 Avg. RL/SL Loss: 0.00/2.72
Frame: 3130000  FPS: 30.91 Avg. Tagging Interval Length: nan
Player 1 Avg. Reward: -0.60 Avg. RL/SL Loss: 0.00/2.76
Player 2 Avg. Reward: 0.60 Avg. RL/SL Loss: 0.00/2.72
Frame: 3140000  FPS: 30.29 Avg. Tagging Interval Length: nan
Player 1 Avg. Reward: -1.00 Avg. RL/SL Loss: 0.00/2.76
Player 2 Avg. Reward: 1.00 Avg. RL/SL Loss: 0.00/2.72
Frame: 3150000  FPS: 30.66 Avg. Tagging Interval Length: nan
Player 1 Avg. Reward: 0.30 Avg. RL/SL Loss: 0.00/2.75
Player 2 Avg. Reward: -0.30 Avg. RL/SL Loss: 0.00/2.72
Frame: 3160000  FPS: 30.30 Avg. Tagging Interval Length: nan
Player 1 Avg. Reward: -0.70 Avg. RL/SL Loss: 0.00/2.76
Player 2 Avg. Reward: 0.70 Avg. RL/SL Loss: 0.00/2.72
Frame: 3170000  FPS: 30.79 Avg. Tagging Interval Length: nan
Player 1 Avg. Reward: -0.90 Avg. RL/SL Loss: 0.00/2.76
Player 2 Avg. Reward: 0.90 Avg. RL/SL Loss: 0.00/2.71
Frame: 3180000  FPS: 30.74 Avg. Tagging Interval Length: nan
Player 1 Avg. Reward: -2.10 Avg. RL/SL Loss: 0.00/2.76
Player 2 Avg. Reward: 2.10 Avg. RL/SL Loss: 0.00/2.71
Frame: 3190000  FPS: 30.60 Avg. Tagging Interval Length: nan
Player 1 Avg. Reward: -1.50 Avg. RL/SL Loss: 0.00/2.76
Player 2 Avg. Reward: 1.50 Avg. RL/SL Loss: 0.00/2.71
Frame: 3200000  FPS: 30.81 Avg. Tagging Interval Length: nan
Player 1 Avg. Reward: -1.80 Avg. RL/SL Loss: 0.00/2.76
Player 2 Avg. Reward: 1.80 Avg. RL/SL Loss: 0.00/2.71
Frame: 3210000  FPS: 30.48 Avg. Tagging Interval Length: nan
Player 1 Avg. Reward: -2.00 Avg. RL/SL Loss: 0.00/2.76
Player 2 Avg. Reward: 2.00 Avg. RL/SL Loss: 0.00/2.72
Frame: 3220000  FPS: 30.23 Avg. Tagging Interval Length: nan
Player 1 Avg. Reward: -1.30 Avg. RL/SL Loss: 0.00/2.76
Player 2 Avg. Reward: 1.30 Avg. RL/SL Loss: 0.00/2.71
Frame: 3230000  FPS: 31.02 Avg. Tagging Interval Length: nan
Player 1 Avg. Reward: -1.10 Avg. RL/SL Loss: 0.00/2.76
Player 2 Avg. Reward: 1.10 Avg. RL/SL Loss: 0.00/2.71
Frame: 3240000  FPS: 30.37 Avg. Tagging Interval Length: nan
Player 1 Avg. Reward: -1.50 Avg. RL/SL Loss: 0.00/2.76
Player 2 Avg. Reward: 1.50 Avg. RL/SL Loss: 0.00/2.71
Frame: 3250000  FPS: 30.54 Avg. Tagging Interval Length: nan
Player 1 Avg. Reward: 0.50 Avg. RL/SL Loss: 0.00/2.76
Player 2 Avg. Reward: -0.50 Avg. RL/SL Loss: 0.00/2.71
Frame: 3260000  FPS: 30.47 Avg. Tagging Interval Length: nan
Player 1 Avg. Reward: -0.10 Avg. RL/SL Loss: 0.00/2.76
Player 2 Avg. Reward: 0.10 Avg. RL/SL Loss: 0.00/2.71
Frame: 3270000  FPS: 30.64 Avg. Tagging Interval Length: nan
Player 1 Avg. Reward: -1.10 Avg. RL/SL Loss: 0.00/2.76
Player 2 Avg. Reward: 1.10 Avg. RL/SL Loss: 0.00/2.71
Frame: 3280000  FPS: 30.60 Avg. Tagging Interval Length: nan
Player 1 Avg. Reward: -0.80 Avg. RL/SL Loss: 0.00/2.76
Player 2 Avg. Reward: 0.80 Avg. RL/SL Loss: 0.00/2.71
Frame: 3290000  FPS: 30.91 Avg. Tagging Interval Length: nan
Player 1 Avg. Reward: 0.20 Avg. RL/SL Loss: 0.00/2.76
Player 2 Avg. Reward: -0.20 Avg. RL/SL Loss: 0.00/2.71
Frame: 3300000  FPS: 30.53 Avg. Tagging Interval Length: nan
Player 1 Avg. Reward: -1.00 Avg. RL/SL Loss: 0.00/2.76
Player 2 Avg. Reward: 1.00 Avg. RL/SL Loss: 0.00/2.72
Frame: 3310000  FPS: 30.39 Avg. Tagging Interval Length: nan
Player 1 Avg. Reward: 0.00 Avg. RL/SL Loss: 0.00/2.76