                          Options
                          seed: 1122
                          batch_size: 1024
                          no_cuda: False
                          max_frames: 500000000
                          buffer_size: 100000
                          update_target: 1000
                          train_freq: 100
                          gamma: 0.99
                          eta: 0.1
                          rl_start: 10000
                          sl_start: 1000
                          num_envs: 5
                          hidden_dim: 256
                          dueling: False
                          multi_step: 1
                          cce: False
                          env: pong_v1
                          ram: True
                          negative: False
                          against_baseline: False
                          load_model: None
                          save_model: model
                          evaluate: False
                          render: False
                          evaluation_interval: 50000
                          lr: 0.0001
                          max_tag_interval: 10000
                          eps_start: 1.0
                          eps_final: 0.01
                          eps_decay: 30000
                          cuda: True
                          device: cuda:0
[Box(0, 255, (128,), uint8), Box(0, 255, (128,), uint8), Box(0, 255, (128,), uint8), Box(0, 255, (128,), uint8), Box(0, 255, (128,), uint8)] [Discrete(18), Discrete(18), Discrete(18), Discrete(18), Discrete(18)]
5
(128,)
(128,)
Frame: 250000, Avg. RL Loss: 0.050, Avg. Q value: 0.000, Avg. Length: 3546.6, P0 Avg. Reward: -11.143, P1 Avg. Reward: 11.143
Q table: 
 [[ 0.007  0.054  0.028 ... -0.016  0.008 -0.021]
 [-0.079 -0.026 -0.07  ... -0.001 -0.024 -0.049]
 [ 0.04   0.065  0.001 ...  0.013  0.037  0.012]
 ...
 [ 0.082 -0.021  0.03  ... -0.046  0.056 -0.008]
 [-0.061 -0.008  0.017 ...  0.027  0.007 -0.042]
 [ 0.064 -0.05   0.051 ... -0.032  0.007  0.024]]
Nash policies:  [(array([0.059, 0.162, 0.049, 0.089, 0.   , 0.049, 0.054, 0.   , 0.14 , 0.158, 0.   , 0.071, 0.   , 0.05 , 0.12 , 0.   , 0.   , 0.   ]), array([0.   , 0.156, 0.   , 0.   , 0.   , 0.08 , 0.   , 0.116, 0.039, 0.   , 0.101, 0.087, 0.058, 0.   , 0.017, 0.196, 0.107, 0.042]))]
Frame: 500000, Avg. RL Loss: 0.004, Avg. Q value: 0.002, Avg. Length: 3224.5, P0 Avg. Reward: -16.440, P1 Avg. Reward: 16.440
Q table: 
 [[ 0.007  0.029  0.026 ... -0.007  0.004 -0.014]
 [-0.072 -0.005 -0.059 ... -0.004 -0.01  -0.028]
 [ 0.036  0.035  0.001 ...  0.002  0.024  0.009]
 ...
 [ 0.079 -0.02   0.028 ... -0.045  0.051 -0.007]
 [-0.056 -0.005  0.012 ...  0.012  0.005 -0.035]
 [ 0.06  -0.048  0.046 ... -0.03   0.006  0.023]]
Nash policies:  [(array([0.058, 0.242, 0.032, 0.091, 0.   , 0.   , 0.038, 0.   , 0.114, 0.194, 0.   , 0.091, 0.   , 0.   , 0.121, 0.   , 0.021, 0.   ]), array([0.004, 0.179, 0.   , 0.   , 0.   , 0.041, 0.   , 0.111, 0.013, 0.   , 0.108, 0.117, 0.038, 0.   , 0.011, 0.316, 0.   , 0.062]))]
Frame: 750000, Avg. RL Loss: 0.003, Avg. Q value: -0.002, Avg. Length: 3158.8, P0 Avg. Reward: -1.950, P1 Avg. Reward: 1.950
Q table: 
 [[ 0.006  0.009  0.024 ... -0.002  0.004 -0.01 ]
 [-0.058 -0.003 -0.056 ... -0.001 -0.01  -0.009]
 [ 0.034  0.028  0.001 ... -0.     0.023  0.006]
 ...
 [ 0.078 -0.019  0.027 ... -0.044  0.05  -0.007]
 [-0.052 -0.005  0.011 ...  0.002  0.005 -0.028]
 [ 0.058 -0.046  0.045 ... -0.029  0.006  0.023]]
Nash policies:  [(array([0.012, 0.297, 0.   , 0.069, 0.016, 0.   , 0.034, 0.   , 0.111, 0.273, 0.   , 0.041, 0.   , 0.   , 0.122, 0.   , 0.026, 0.   ]), array([0.011, 0.101, 0.   , 0.   , 0.   , 0.028, 0.   , 0.107, 0.   , 0.   , 0.093, 0.091, 0.032, 0.002, 0.01 , 0.524, 0.   , 0.   ]))]
Frame: 1000000, Avg. RL Loss: 0.003, Avg. Q value: -0.002, Avg. Length: 3370.9, P0 Avg. Reward: -1.520, P1 Avg. Reward: 1.520
Q table: 
 [[ 0.007  0.004  0.024 ... -0.001  0.005 -0.008]
 [-0.048 -0.002 -0.051 ... -0.002 -0.01  -0.008]
 [ 0.033  0.027  0.001 ... -0.     0.022  0.005]
 ...
 [ 0.077 -0.019  0.026 ... -0.043  0.049 -0.007]
 [-0.049 -0.005  0.012 ... -0.001  0.004 -0.027]
 [ 0.057 -0.044  0.044 ... -0.027  0.006  0.022]]
Nash policies:  [(array([0.   , 0.   , 0.   , 0.057, 0.036, 0.005, 0.   , 0.009, 0.   , 0.331, 0.045, 0.   , 0.   , 0.032, 0.446, 0.   , 0.038, 0.   ]), array([0.   , 0.   , 0.   , 0.   , 0.   , 0.053, 0.   , 0.129, 0.   , 0.001, 0.041, 0.127, 0.038, 0.   , 0.   , 0.584, 0.   , 0.027]))]
Frame: 1250000, Avg. RL Loss: 0.003, Avg. Q value: -0.002, Avg. Length: 3087.0, P0 Avg. Reward: 3.487, P1 Avg. Reward: -3.487
Q table: 
 [[ 0.007  0.001  0.023 ... -0.006  0.005 -0.006]
 [-0.048 -0.001 -0.039 ...  0.002 -0.009 -0.   ]
 [ 0.033  0.019 -0.001 ... -0.001  0.022  0.006]
 ...
 [ 0.077 -0.019  0.026 ... -0.032  0.048 -0.007]
 [-0.049 -0.005  0.011 ... -0.005  0.002 -0.025]
 [ 0.056 -0.031  0.043 ... -0.024  0.006  0.022]]
Nash policies:  [(array([0.094, 0.356, 0.084, 0.   , 0.004, 0.   , 0.   , 0.012, 0.   , 0.18 , 0.   , 0.   , 0.   , 0.   , 0.234, 0.002, 0.   , 0.034]), array([0.   , 0.442, 0.   , 0.   , 0.   , 0.02 , 0.   , 0.081, 0.014, 0.   , 0.063, 0.266, 0.   , 0.   , 0.009, 0.   , 0.105, 0.   ]))]
Frame: 1500000, Avg. RL Loss: 0.003, Avg. Q value: 0.005, Avg. Length: 3119.8, P0 Avg. Reward: 13.100, P1 Avg. Reward: -13.100
Q table: 
 [[ 0.007  0.003  0.02  ... -0.004  0.009 -0.003]
 [-0.047  0.012 -0.002 ...  0.009  0.008  0.01 ]
 [ 0.033  0.005 -0.002 ...  0.001  0.019  0.007]
 ...
 [ 0.076 -0.018  0.026 ... -0.032  0.047 -0.006]
 [-0.048 -0.006  0.01  ... -0.     0.003 -0.024]
 [ 0.056 -0.005  0.04  ... -0.01   0.003  0.017]]
Nash policies:  [(array([0.   , 0.08 , 0.001, 0.   , 0.009, 0.025, 0.   , 0.004, 0.   , 0.396, 0.   , 0.   , 0.005, 0.   , 0.469, 0.   , 0.   , 0.011]), array([0.   , 0.   , 0.014, 0.014, 0.   , 0.   , 0.   , 0.034, 0.   , 0.054, 0.   , 0.38 , 0.247, 0.045, 0.   , 0.   , 0.198, 0.013]))]
Frame: 1750000, Avg. RL Loss: 0.003, Avg. Q value: 0.010, Avg. Length: 3546.4, P0 Avg. Reward: 1.971, P1 Avg. Reward: -1.971
Q table: 
 [[ 0.007  0.003  0.017 ... -0.003  0.011 -0.003]
 [-0.044  0.013  0.004 ...  0.012  0.008  0.014]
 [ 0.036  0.005 -0.002 ...  0.001  0.015  0.006]
 ...
 [ 0.076 -0.017  0.025 ... -0.031  0.036 -0.001]
 [-0.05  -0.005  0.01  ...  0.007  0.004 -0.023]
 [ 0.054 -0.005  0.039 ... -0.009  0.009  0.012]]
Nash policies:  [(array([0.   , 0.093, 0.   , 0.   , 0.   , 0.   , 0.   , 0.   , 0.   , 0.189, 0.   , 0.   , 0.   , 0.   , 0.684, 0.017, 0.   , 0.017]), array([0.   , 0.298, 0.   , 0.   , 0.   , 0.   , 0.   , 0.   , 0.184, 0.   , 0.088, 0.   , 0.   , 0.062, 0.   , 0.   , 0.368, 0.   ]))]
Frame: 2000000, Avg. RL Loss: 0.003, Avg. Q value: 0.020, Avg. Length: 2914.1, P0 Avg. Reward: 16.753, P1 Avg. Reward: -16.753
Q table: 
 [[ 0.007  0.003  0.017 ... -0.003  0.011 -0.003]
 [-0.043  0.015  0.004 ...  0.013  0.011  0.015]
 [ 0.036  0.008 -0.001 ...  0.002  0.018  0.011]
 ...
 [ 0.074 -0.014  0.025 ... -0.03   0.033 -0.   ]
 [-0.048 -0.005  0.01  ...  0.008  0.004 -0.022]
 [ 0.054 -0.001  0.029 ... -0.008  0.01   0.012]]
Nash policies:  [(array([0., 0., 0., 0., 0., 0., 0., 0., 0., 0., 0., 0., 0., 0., 1., 0., 0., 0.]), array([0., 0., 0., 0., 0., 0., 0., 0., 0., 0., 0., 0., 0., 0., 0., 1., 0., 0.]))]
Frame: 2250000, Avg. RL Loss: 0.003, Avg. Q value: 0.037, Avg. Length: 2927.4, P0 Avg. Reward: 19.953, P1 Avg. Reward: -19.953
Q table: 
 [[ 0.009  0.003  0.018 ... -0.002  0.011 -0.002]
 [-0.042  0.015  0.005 ...  0.013  0.011  0.015]
 [ 0.036  0.009  0.001 ...  0.004  0.019  0.012]
 ...
 [ 0.073 -0.012  0.025 ... -0.029  0.033  0.002]
 [-0.043 -0.004  0.012 ...  0.009  0.006 -0.021]
 [ 0.056 -0.     0.029 ... -0.007  0.01   0.013]]
Nash policies:  [(array([0., 0., 0., 0., 0., 0., 0., 0., 0., 0., 0., 0., 0., 0., 1., 0., 0., 0.]), array([0., 0., 1., 0., 0., 0., 0., 0., 0., 0., 0., 0., 0., 0., 0., 0., 0., 0.]))]
Frame: 2500000, Avg. RL Loss: 0.003, Avg. Q value: 0.051, Avg. Length: 2913.0, P0 Avg. Reward: 18.233, P1 Avg. Reward: -18.233
Q table: 
 [[ 0.009  0.004  0.019 ... -0.002  0.012  0.002]
 [-0.041  0.015  0.005 ...  0.013  0.011  0.015]
 [ 0.036  0.011  0.004 ...  0.007  0.02   0.012]
 ...
 [ 0.064 -0.011  0.027 ... -0.028  0.034  0.004]
 [-0.04  -0.003  0.013 ...  0.01   0.007 -0.015]
 [ 0.056  0.001  0.03  ... -0.004  0.011  0.014]]
Nash policies:  [(array([0., 0., 0., 0., 0., 0., 0., 0., 0., 0., 0., 0., 0., 0., 1., 0., 0., 0.]), array([0., 0., 0., 0., 0., 0., 0., 0., 0., 0., 0., 0., 0., 0., 1., 0., 0., 0.]))]
Frame: 2750000, Avg. RL Loss: 0.003, Avg. Q value: 0.063, Avg. Length: 2913.0, P0 Avg. Reward: 15.529, P1 Avg. Reward: -15.529
Q table: 
 [[ 0.013  0.005  0.021 ...  0.     0.014  0.005]
 [-0.04   0.016  0.006 ...  0.013  0.012  0.016]
 [ 0.037  0.012  0.011 ...  0.009  0.021  0.013]
 ...
 [ 0.067 -0.009  0.028 ... -0.026  0.035  0.007]
 [-0.039 -0.002  0.017 ...  0.011  0.011 -0.012]
 [ 0.056  0.003  0.032 ... -0.002  0.012  0.017]]
Nash policies:  [(array([0., 0., 0., 0., 0., 0., 0., 0., 0., 0., 0., 0., 0., 0., 1., 0., 0., 0.]), array([0., 0., 0., 0., 0., 0., 0., 0., 0., 0., 0., 0., 0., 0., 0., 0., 1., 0.]))]
Frame: 3000000, Avg. RL Loss: 0.003, Avg. Q value: 0.066, Avg. Length: 3166.0, P0 Avg. Reward: 10.650, P1 Avg. Reward: -10.650
Q table: 
 [[ 0.017  0.006  0.024 ...  0.001  0.018  0.011]
 [-0.037  0.017  0.007 ...  0.014  0.013  0.016]
 [ 0.038  0.013  0.014 ...  0.012  0.023  0.015]
 ...
 [ 0.064  0.009  0.03  ... -0.023  0.036  0.011]
 [-0.035  0.001  0.018 ...  0.012  0.013 -0.007]
 [ 0.056  0.006  0.033 ...  0.006  0.015  0.018]]
Nash policies:  [(array([0., 0., 0., 0., 0., 0., 0., 0., 0., 0., 0., 0., 0., 0., 1., 0., 0., 0.]), array([0., 0., 0., 0., 0., 0., 0., 0., 0., 0., 0., 1., 0., 0., 0., 0., 0., 0.]))]
Frame: 3250000, Avg. RL Loss: 0.003, Avg. Q value: 0.076, Avg. Length: 2913.0, P0 Avg. Reward: 18.753, P1 Avg. Reward: -18.753
Q table: 
 [[ 0.021  0.008  0.028 ...  0.004  0.02   0.018]
 [-0.029  0.017  0.012 ...  0.014  0.014  0.017]
 [ 0.04   0.014  0.015 ...  0.013  0.024  0.018]
 ...
 [ 0.064  0.013  0.033 ... -0.017  0.041  0.017]
 [-0.026  0.007  0.019 ...  0.013  0.016 -0.006]
 [ 0.057  0.009  0.036 ...  0.015  0.017  0.02 ]]
Nash policies:  [(array([0., 0., 0., 0., 0., 0., 0., 0., 0., 0., 0., 0., 0., 0., 1., 0., 0., 0.]), array([0., 1., 0., 0., 0., 0., 0., 0., 0., 0., 0., 0., 0., 0., 0., 0., 0., 0.]))]
Frame: 3500000, Avg. RL Loss: 0.003, Avg. Q value: 0.086, Avg. Length: 2913.0, P0 Avg. Reward: 17.325, P1 Avg. Reward: -17.325
Q table: 
 [[ 0.031  0.013  0.03  ...  0.006  0.022  0.024]
 [-0.022  0.018  0.016 ...  0.016  0.016  0.019]
 [ 0.044  0.017  0.018 ...  0.024  0.028  0.021]
 ...
 [ 0.065  0.013  0.035 ... -0.012  0.044  0.024]
 [-0.02   0.013  0.027 ...  0.015  0.023  0.001]
 [ 0.06   0.012  0.042 ...  0.018  0.021  0.028]]
Nash policies:  [(array([0., 0., 0., 0., 0., 0., 0., 0., 0., 0., 0., 0., 0., 0., 1., 0., 0., 0.]), array([0., 0., 1., 0., 0., 0., 0., 0., 0., 0., 0., 0., 0., 0., 0., 0., 0., 0.]))]
Frame: 3750000, Avg. RL Loss: 0.003, Avg. Q value: 0.091, Avg. Length: 3144.9, P0 Avg. Reward: 14.353, P1 Avg. Reward: -14.353
Q table: 
 [[ 0.036  0.014  0.038 ...  0.012  0.03   0.028]
 [-0.013  0.019  0.019 ...  0.017  0.018  0.02 ]
 [ 0.05   0.019  0.02  ...  0.028  0.03   0.024]
 ...
 [ 0.065  0.016  0.033 ... -0.002  0.049  0.031]
 [-0.01   0.019  0.034 ...  0.019  0.031  0.006]
 [ 0.063  0.017  0.047 ...  0.019  0.024  0.035]]
Nash policies:  [(array([0., 0., 0., 0., 0., 0., 0., 0., 0., 0., 0., 0., 0., 0., 1., 0., 0., 0.]), array([0., 0., 0., 0., 0., 0., 0., 0., 0., 0., 0., 1., 0., 0., 0., 0., 0., 0.]))]
Frame: 4000000, Avg. RL Loss: 0.004, Avg. Q value: 0.100, Avg. Length: 2983.6, P0 Avg. Reward: 9.587, P1 Avg. Reward: -9.587
Q table: 
 [[ 0.039  0.018  0.045 ...  0.019  0.037  0.035]
 [-0.005  0.021  0.022 ...  0.018  0.021  0.022]
 [ 0.054  0.022  0.023 ...  0.035  0.037  0.03 ]
 ...
 [ 0.066  0.027  0.036 ...  0.006  0.059  0.038]
 [-0.002  0.026  0.041 ...  0.021  0.037  0.016]
 [ 0.067  0.023  0.048 ...  0.022  0.03   0.041]]
Nash policies:  [(array([0., 0., 0., 0., 0., 0., 0., 0., 0., 0., 0., 0., 0., 0., 1., 0., 0., 0.]), array([0., 0., 0., 0., 0., 0., 0., 0., 0., 0., 0., 0., 0., 1., 0., 0., 0., 0.]))]
Frame: 4250000, Avg. RL Loss: 0.003, Avg. Q value: 0.098, Avg. Length: 3570.3, P0 Avg. Reward: 11.371, P1 Avg. Reward: -11.371
Q table: 
 [[0.042 0.023 0.053 ... 0.022 0.044 0.048]
 [0.002 0.022 0.026 ... 0.02  0.023 0.024]
 [0.062 0.025 0.026 ... 0.038 0.042 0.036]
 ...
 [0.066 0.028 0.038 ... 0.012 0.066 0.037]
 [0.009 0.037 0.046 ... 0.026 0.043 0.019]
 [0.072 0.027 0.058 ... 0.025 0.035 0.047]]
Nash policies:  [(array([0., 0., 0., 0., 0., 0., 0., 0., 0., 0., 0., 0., 0., 0., 1., 0., 0., 0.]), array([0., 0., 0., 0., 0., 0., 1., 0., 0., 0., 0., 0., 0., 0., 0., 0., 0., 0.]))]
Frame: 4500000, Avg. RL Loss: 0.003, Avg. Q value: 0.100, Avg. Length: 2946.4, P0 Avg. Reward: 11.647, P1 Avg. Reward: -11.647
Q table: 
 [[0.051 0.027 0.057 ... 0.027 0.049 0.058]
 [0.007 0.024 0.035 ... 0.023 0.027 0.028]
 [0.073 0.029 0.03  ... 0.046 0.047 0.04 ]
 ...
 [0.068 0.036 0.041 ... 0.017 0.07  0.039]
 [0.015 0.039 0.048 ... 0.031 0.047 0.022]
 [0.078 0.035 0.062 ... 0.032 0.043 0.053]]
Nash policies:  [(array([0., 0., 0., 0., 0., 0., 0., 0., 0., 0., 0., 0., 0., 0., 1., 0., 0., 0.]), array([0., 0., 0., 0., 0., 0., 0., 0., 0., 0., 0., 0., 0., 1., 0., 0., 0., 0.]))]
Frame: 4750000, Avg. RL Loss: 0.003, Avg. Q value: 0.107, Avg. Length: 2913.1, P0 Avg. Reward: 15.500, P1 Avg. Reward: -15.500
Q table: 
 [[0.059 0.035 0.058 ... 0.034 0.056 0.067]
 [0.009 0.031 0.043 ... 0.028 0.036 0.033]
 [0.081 0.034 0.037 ... 0.056 0.053 0.045]
 ...
 [0.069 0.042 0.045 ... 0.023 0.076 0.042]
 [0.026 0.041 0.058 ... 0.041 0.053 0.026]
 [0.084 0.04  0.077 ... 0.035 0.048 0.059]]
Nash policies:  [(array([0., 0., 0., 0., 0., 0., 0., 0., 0., 0., 0., 0., 0., 0., 1., 0., 0., 0.]), array([0., 0., 0., 0., 0., 0., 0., 1., 0., 0., 0., 0., 0., 0., 0., 0., 0., 0.]))]
Frame: 5000000, Avg. RL Loss: 0.003, Avg. Q value: 0.116, Avg. Length: 2913.1, P0 Avg. Reward: 16.271, P1 Avg. Reward: -16.271
Q table: 
 [[0.069 0.04  0.061 ... 0.037 0.061 0.074]
 [0.012 0.035 0.054 ... 0.033 0.044 0.038]
 [0.094 0.046 0.045 ... 0.063 0.062 0.049]
 ...
 [0.071 0.049 0.05  ... 0.034 0.08  0.047]
 [0.032 0.045 0.067 ... 0.047 0.058 0.033]
 [0.088 0.05  0.085 ... 0.041 0.052 0.069]]
Nash policies:  [(array([0., 0., 0., 0., 0., 0., 0., 0., 0., 0., 0., 0., 0., 0., 1., 0., 0., 0.]), array([0., 0., 0., 0., 0., 0., 0., 0., 0., 0., 0., 0., 0., 0., 1., 0., 0., 0.]))]
Frame: 5250000, Avg. RL Loss: 0.003, Avg. Q value: 0.123, Avg. Length: 2976.6, P0 Avg. Reward: 13.365, P1 Avg. Reward: -13.365
Q table: 
 [[0.08  0.05  0.065 ... 0.044 0.068 0.082]
 [0.024 0.043 0.063 ... 0.036 0.052 0.046]
 [0.095 0.055 0.052 ... 0.073 0.066 0.053]
 ...
 [0.076 0.058 0.06  ... 0.037 0.088 0.05 ]
 [0.04  0.052 0.079 ... 0.053 0.071 0.038]
 [0.097 0.06  0.094 ... 0.045 0.064 0.083]]
Nash policies:  [(array([0., 0., 0., 0., 0., 0., 0., 0., 0., 0., 0., 0., 0., 0., 1., 0., 0., 0.]), array([0., 0., 0., 0., 0., 0., 0., 0., 0., 0., 0., 0., 0., 1., 0., 0., 0., 0.]))]
Frame: 5500000, Avg. RL Loss: 0.003, Avg. Q value: 0.123, Avg. Length: 3183.0, P0 Avg. Reward: 14.133, P1 Avg. Reward: -14.133
Q table: 
 [[0.084 0.059 0.069 ... 0.052 0.078 0.086]
 [0.035 0.049 0.069 ... 0.037 0.061 0.051]
 [0.096 0.065 0.065 ... 0.077 0.072 0.063]
 ...
 [0.081 0.062 0.067 ... 0.042 0.096 0.055]
 [0.049 0.056 0.084 ... 0.062 0.082 0.041]
 [0.101 0.064 0.099 ... 0.057 0.073 0.087]]
Nash policies:  [(array([0., 0., 0., 0., 0., 0., 0., 0., 0., 0., 0., 0., 0., 0., 1., 0., 0., 0.]), array([0., 0., 0., 0., 0., 0., 0., 0., 0., 0., 1., 0., 0., 0., 0., 0., 0., 0.]))]
Frame: 5750000, Avg. RL Loss: 0.003, Avg. Q value: 0.124, Avg. Length: 3345.4, P0 Avg. Reward: 15.293, P1 Avg. Reward: -15.293
Q table: 
 [[0.091 0.067 0.075 ... 0.06  0.085 0.091]
 [0.042 0.055 0.074 ... 0.05  0.063 0.06 ]
 [0.098 0.072 0.068 ... 0.083 0.074 0.068]
 ...
 [0.085 0.075 0.072 ... 0.044 0.101 0.058]
 [0.053 0.063 0.088 ... 0.073 0.089 0.045]
 [0.108 0.072 0.1   ... 0.063 0.082 0.088]]
Nash policies:  [(array([0., 0., 0., 0., 0., 0., 0., 0., 0., 0., 0., 0., 0., 0., 1., 0., 0., 0.]), array([0., 0., 0., 0., 0., 0., 0., 0., 0., 0., 0., 0., 0., 0., 0., 0., 1., 0.]))]
Frame: 6000000, Avg. RL Loss: 0.003, Avg. Q value: 0.133, Avg. Length: 2913.0, P0 Avg. Reward: 17.329, P1 Avg. Reward: -17.329
Q table: 
 [[0.099 0.068 0.078 ... 0.072 0.092 0.094]
 [0.05  0.064 0.086 ... 0.061 0.067 0.069]
 [0.1   0.075 0.077 ... 0.087 0.086 0.073]
 ...
 [0.088 0.079 0.079 ... 0.05  0.105 0.062]
 [0.064 0.07  0.091 ... 0.077 0.095 0.053]
 [0.116 0.081 0.105 ... 0.074 0.087 0.089]]
Nash policies:  [(array([0., 0., 0., 0., 0., 0., 0., 0., 0., 0., 0., 0., 0., 0., 1., 0., 0., 0.]), array([0., 0., 0., 0., 0., 0., 0., 0., 0., 0., 0., 0., 0., 0., 0., 1., 0., 0.]))]
Frame: 6250000, Avg. RL Loss: 0.003, Avg. Q value: 0.141, Avg. Length: 2913.0, P0 Avg. Reward: 17.322, P1 Avg. Reward: -17.322
Q table: 
 [[0.107 0.077 0.088 ... 0.079 0.102 0.102]
 [0.058 0.072 0.091 ... 0.066 0.076 0.083]
 [0.102 0.08  0.091 ... 0.091 0.096 0.079]
 ...
 [0.098 0.088 0.086 ... 0.059 0.115 0.068]
 [0.07  0.078 0.102 ... 0.087 0.108 0.055]
 [0.12  0.086 0.113 ... 0.085 0.093 0.092]]
Nash policies:  [(array([0., 0., 0., 0., 0., 0., 0., 0., 0., 0., 0., 0., 0., 0., 1., 0., 0., 0.]), array([1., 0., 0., 0., 0., 0., 0., 0., 0., 0., 0., 0., 0., 0., 0., 0., 0., 0.]))]
Frame: 6500000, Avg. RL Loss: 0.003, Avg. Q value: 0.150, Avg. Length: 2913.0, P0 Avg. Reward: 19.235, P1 Avg. Reward: -19.235
Q table: 
 [[0.117 0.082 0.093 ... 0.085 0.106 0.11 ]
 [0.066 0.079 0.101 ... 0.07  0.081 0.086]
 [0.104 0.086 0.097 ... 0.107 0.106 0.089]
 ...
 [0.105 0.101 0.097 ... 0.073 0.122 0.079]
 [0.078 0.081 0.112 ... 0.1   0.118 0.064]
 [0.126 0.098 0.119 ... 0.089 0.099 0.099]]
Nash policies:  [(array([0., 0., 0., 0., 0., 0., 0., 0., 0., 0., 0., 0., 0., 0., 1., 0., 0., 0.]), array([0., 0., 0., 1., 0., 0., 0., 0., 0., 0., 0., 0., 0., 0., 0., 0., 0., 0.]))]
Frame: 6750000, Avg. RL Loss: 0.003, Avg. Q value: 0.157, Avg. Length: 2913.1, P0 Avg. Reward: 15.482, P1 Avg. Reward: -15.482
Q table: 
 [[0.127 0.089 0.107 ... 0.093 0.114 0.117]
 [0.077 0.083 0.112 ... 0.079 0.089 0.089]
 [0.108 0.092 0.103 ... 0.116 0.108 0.098]
 ...
 [0.111 0.112 0.106 ... 0.077 0.133 0.086]
 [0.084 0.088 0.121 ... 0.102 0.126 0.071]
 [0.135 0.108 0.123 ... 0.095 0.107 0.104]]
Nash policies:  [(array([0., 0., 0., 0., 0., 0., 0., 0., 0., 0., 0., 0., 0., 0., 1., 0., 0., 0.]), array([0., 0., 0., 0., 0., 0., 0., 0., 0., 0., 0., 1., 0., 0., 0., 0., 0., 0.]))]
Frame: 7000000, Avg. RL Loss: 0.003, Avg. Q value: 0.166, Avg. Length: 2913.1, P0 Avg. Reward: 18.447, P1 Avg. Reward: -18.447
Q table: 
 [[0.141 0.11  0.115 ... 0.103 0.131 0.134]
 [0.081 0.094 0.117 ... 0.085 0.105 0.096]
 [0.117 0.102 0.114 ... 0.121 0.112 0.113]
 ...
 [0.122 0.12  0.118 ... 0.084 0.141 0.1  ]
 [0.094 0.092 0.131 ... 0.111 0.129 0.081]
 [0.145 0.111 0.131 ... 0.105 0.118 0.107]]
Nash policies:  [(array([0., 0., 0., 0., 0., 0., 0., 0., 0., 0., 0., 0., 0., 0., 1., 0., 0., 0.]), array([0., 0., 0., 0., 0., 0., 0., 0., 0., 0., 1., 0., 0., 0., 0., 0., 0., 0.]))]
Frame: 7250000, Avg. RL Loss: 0.003, Avg. Q value: 0.173, Avg. Length: 2961.3, P0 Avg. Reward: 14.200, P1 Avg. Reward: -14.200
Q table: 
 [[0.142 0.112 0.124 ... 0.111 0.142 0.143]
 [0.088 0.104 0.123 ... 0.095 0.109 0.102]
 [0.125 0.117 0.121 ... 0.126 0.117 0.124]
 ...
 [0.126 0.123 0.126 ... 0.089 0.147 0.104]
 [0.101 0.099 0.137 ... 0.119 0.141 0.093]
 [0.152 0.123 0.141 ... 0.11  0.119 0.111]]
Nash policies:  [(array([0., 0., 0., 0., 0., 0., 0., 0., 0., 0., 0., 0., 0., 0., 1., 0., 0., 0.]), array([0., 0., 0., 0., 0., 0., 0., 0., 0., 0., 0., 0., 0., 0., 1., 0., 0., 0.]))]
Frame: 7500000, Avg. RL Loss: 0.003, Avg. Q value: 0.180, Avg. Length: 2913.1, P0 Avg. Reward: 18.129, P1 Avg. Reward: -18.129
Q table: 
 [[0.143 0.114 0.132 ... 0.118 0.148 0.146]
 [0.094 0.112 0.129 ... 0.101 0.118 0.107]
 [0.135 0.125 0.133 ... 0.135 0.122 0.128]
 ...
 [0.133 0.125 0.135 ... 0.101 0.154 0.118]
 [0.111 0.103 0.141 ... 0.126 0.15  0.102]
 [0.158 0.133 0.151 ... 0.118 0.122 0.121]]
Nash policies:  [(array([0., 0., 0., 0., 0., 0., 0., 0., 0., 0., 0., 0., 0., 0., 1., 0., 0., 0.]), array([0., 0., 0., 0., 0., 0., 0., 0., 0., 0., 0., 1., 0., 0., 0., 0., 0., 0.]))]
Frame: 7750000, Avg. RL Loss: 0.003, Avg. Q value: 0.187, Avg. Length: 2913.0, P0 Avg. Reward: 17.412, P1 Avg. Reward: -17.412
Q table: 
 [[0.146 0.116 0.133 ... 0.122 0.153 0.151]
 [0.109 0.117 0.14  ... 0.107 0.127 0.109]
 [0.145 0.131 0.138 ... 0.143 0.123 0.135]
 ...
 [0.142 0.129 0.14  ... 0.112 0.165 0.127]
 [0.113 0.115 0.16  ... 0.13  0.156 0.11 ]
 [0.164 0.143 0.161 ... 0.123 0.123 0.128]]
Nash policies:  [(array([0., 0., 0., 0., 0., 0., 0., 0., 0., 0., 0., 0., 0., 0., 1., 0., 0., 0.]), array([0., 0., 0., 0., 0., 0., 0., 0., 0., 0., 1., 0., 0., 0., 0., 0., 0., 0.]))]
Frame: 8000000, Avg. RL Loss: 0.003, Avg. Q value: 0.195, Avg. Length: 2979.0, P0 Avg. Reward: 15.753, P1 Avg. Reward: -15.753
Q table: 
 [[0.147 0.122 0.135 ... 0.13  0.165 0.162]
 [0.118 0.131 0.149 ... 0.114 0.135 0.116]
 [0.149 0.137 0.143 ... 0.15  0.128 0.144]
 ...
 [0.152 0.131 0.142 ... 0.118 0.171 0.136]
 [0.12  0.127 0.167 ... 0.138 0.162 0.115]
 [0.177 0.15  0.171 ... 0.13  0.127 0.133]]
Nash policies:  [(array([0., 0., 0., 0., 0., 0., 0., 0., 0., 0., 0., 0., 0., 0., 1., 0., 0., 0.]), array([0., 0., 0., 0., 0., 0., 0., 0., 0., 0., 1., 0., 0., 0., 0., 0., 0., 0.]))]
Frame: 8250000, Avg. RL Loss: 0.003, Avg. Q value: 0.193, Avg. Length: 2962.7, P0 Avg. Reward: 13.294, P1 Avg. Reward: -13.294
Q table: 
 [[0.151 0.124 0.139 ... 0.135 0.169 0.163]
 [0.128 0.137 0.153 ... 0.121 0.142 0.125]
 [0.154 0.146 0.153 ... 0.153 0.134 0.148]
 ...
 [0.162 0.134 0.146 ... 0.125 0.177 0.14 ]
 [0.128 0.136 0.173 ... 0.148 0.168 0.125]
 [0.178 0.155 0.171 ... 0.143 0.131 0.137]]
Nash policies:  [(array([0., 0., 0., 0., 0., 0., 0., 0., 0., 0., 0., 0., 0., 0., 1., 0., 0., 0.]), array([0., 1., 0., 0., 0., 0., 0., 0., 0., 0., 0., 0., 0., 0., 0., 0., 0., 0.]))]
Frame: 8500000, Avg. RL Loss: 0.003, Avg. Q value: 0.190, Avg. Length: 2995.9, P0 Avg. Reward: 8.035, P1 Avg. Reward: -8.035
Q table: 
 [[0.155 0.129 0.143 ... 0.14  0.174 0.165]
 [0.134 0.143 0.157 ... 0.128 0.15  0.13 ]
 [0.157 0.152 0.157 ... 0.161 0.14  0.158]
 ...
 [0.166 0.141 0.149 ... 0.132 0.183 0.148]
 [0.139 0.139 0.177 ... 0.157 0.172 0.134]
 [0.179 0.157 0.173 ... 0.147 0.136 0.146]]
Nash policies:  [(array([0., 0., 0., 0., 0., 0., 0., 0., 0., 0., 0., 0., 0., 0., 1., 0., 0., 0.]), array([0., 1., 0., 0., 0., 0., 0., 0., 0., 0., 0., 0., 0., 0., 0., 0., 0., 0.]))]
Frame: 8750000, Avg. RL Loss: 0.003, Avg. Q value: 0.200, Avg. Length: 2913.1, P0 Avg. Reward: 17.247, P1 Avg. Reward: -17.247
Q table: 
 [[0.162 0.133 0.146 ... 0.154 0.182 0.167]
 [0.144 0.155 0.164 ... 0.139 0.162 0.137]
 [0.168 0.163 0.167 ... 0.172 0.146 0.169]
 ...
 [0.172 0.144 0.156 ... 0.143 0.19  0.158]
 [0.149 0.144 0.18  ... 0.163 0.182 0.141]
 [0.18  0.162 0.175 ... 0.151 0.146 0.158]]
Nash policies:  [(array([0., 0., 0., 0., 0., 0., 0., 0., 0., 0., 0., 0., 0., 0., 1., 0., 0., 0.]), array([0., 0., 0., 0., 0., 0., 0., 0., 0., 0., 1., 0., 0., 0., 0., 0., 0., 0.]))]
Frame: 9000000, Avg. RL Loss: 0.003, Avg. Q value: 0.208, Avg. Length: 2913.1, P0 Avg. Reward: 19.165, P1 Avg. Reward: -19.165
Q table: 
 [[0.168 0.145 0.153 ... 0.165 0.191 0.173]
 [0.151 0.165 0.173 ... 0.148 0.169 0.145]
 [0.176 0.169 0.17  ... 0.179 0.153 0.172]
 ...
 [0.182 0.148 0.162 ... 0.157 0.2   0.161]
 [0.156 0.15  0.192 ... 0.174 0.191 0.145]
 [0.182 0.167 0.179 ... 0.162 0.152 0.163]]
Nash policies:  [(array([0., 0., 0., 0., 0., 0., 0., 0., 0., 0., 0., 0., 0., 0., 1., 0., 0., 0.]), array([0., 0., 0., 0., 0., 0., 0., 0., 0., 1., 0., 0., 0., 0., 0., 0., 0., 0.]))]
Frame: 9250000, Avg. RL Loss: 0.003, Avg. Q value: 0.217, Avg. Length: 2927.1, P0 Avg. Reward: 16.471, P1 Avg. Reward: -16.471
Q table: 
 [[0.177 0.153 0.16  ... 0.169 0.198 0.179]
 [0.161 0.172 0.18  ... 0.153 0.175 0.147]
 [0.183 0.176 0.171 ... 0.193 0.16  0.175]
 ...
 [0.193 0.154 0.167 ... 0.171 0.215 0.176]
 [0.168 0.156 0.204 ... 0.184 0.199 0.155]
 [0.186 0.184 0.185 ... 0.174 0.162 0.165]]
Nash policies:  [(array([0., 0., 0., 0., 0., 0., 0., 0., 0., 0., 0., 0., 0., 0., 1., 0., 0., 0.]), array([0., 0., 0., 0., 0., 1., 0., 0., 0., 0., 0., 0., 0., 0., 0., 0., 0., 0.]))]
Frame: 9500000, Avg. RL Loss: 0.003, Avg. Q value: 0.220, Avg. Length: 2994.9, P0 Avg. Reward: 11.353, P1 Avg. Reward: -11.353
Q table: 
 [[0.186 0.16  0.17  ... 0.176 0.199 0.187]
 [0.166 0.18  0.186 ... 0.16  0.177 0.153]
 [0.187 0.187 0.173 ... 0.195 0.164 0.177]
 ...
 [0.204 0.159 0.176 ... 0.174 0.213 0.18 ]
 [0.174 0.167 0.207 ... 0.19  0.205 0.164]
 [0.188 0.188 0.188 ... 0.187 0.165 0.167]]
Nash policies:  [(array([0., 0., 0., 0., 0., 0., 0., 0., 0., 0., 0., 0., 0., 0., 1., 0., 0., 0.]), array([0., 0., 0., 0., 0., 0., 0., 0., 0., 0., 1., 0., 0., 0., 0., 0., 0., 0.]))]
Frame: 9750000, Avg. RL Loss: 0.003, Avg. Q value: 0.223, Avg. Length: 2913.0, P0 Avg. Reward: 17.659, P1 Avg. Reward: -17.659
Q table: 
 [[0.194 0.167 0.173 ... 0.183 0.201 0.191]
 [0.168 0.183 0.194 ... 0.167 0.186 0.159]
 [0.191 0.192 0.177 ... 0.198 0.171 0.181]
 ...
 [0.207 0.162 0.187 ... 0.182 0.213 0.192]
 [0.182 0.176 0.213 ... 0.193 0.21  0.167]
 [0.195 0.193 0.194 ... 0.192 0.171 0.17 ]]
Nash policies:  [(array([0., 0., 0., 0., 0., 0., 0., 0., 0., 0., 0., 0., 0., 0., 1., 0., 0., 0.]), array([0., 0., 0., 0., 0., 0., 0., 0., 0., 0., 0., 0., 0., 1., 0., 0., 0., 0.]))]
Frame: 10000000, Avg. RL Loss: 0.003, Avg. Q value: 0.216, Avg. Length: 2985.0, P0 Avg. Reward: 1.150, P1 Avg. Reward: -1.150
Q table: 
 [[0.196 0.173 0.18  ... 0.191 0.202 0.195]
 [0.171 0.192 0.201 ... 0.175 0.191 0.162]
 [0.193 0.198 0.178 ... 0.201 0.177 0.186]
 ...
 [0.207 0.168 0.187 ... 0.183 0.213 0.196]
 [0.183 0.179 0.213 ... 0.198 0.213 0.173]
 [0.198 0.199 0.195 ... 0.195 0.18  0.171]]
Nash policies:  [(array([0.   , 0.   , 0.211, 0.   , 0.   , 0.   , 0.   , 0.   , 0.   , 0.   , 0.   , 0.   , 0.   , 0.   , 0.506, 0.   , 0.282, 0.   ]), array([0.   , 0.   , 0.   , 0.   , 0.   , 0.   , 0.   , 0.   , 0.018, 0.002, 0.   , 0.   , 0.   , 0.981, 0.   , 0.   , 0.   , 0.   ]))]
Frame: 10250000, Avg. RL Loss: 0.003, Avg. Q value: 0.196, Avg. Length: 3327.2, P0 Avg. Reward: 3.650, P1 Avg. Reward: -3.650
Q table: 
 [[0.196 0.178 0.183 ... 0.192 0.201 0.195]
 [0.172 0.192 0.198 ... 0.177 0.192 0.165]
 [0.193 0.197 0.181 ... 0.198 0.179 0.188]
 ...
 [0.202 0.17  0.187 ... 0.184 0.213 0.196]
 [0.184 0.179 0.202 ... 0.196 0.205 0.179]
 [0.198 0.198 0.195 ... 0.194 0.183 0.175]]
Nash policies:  [(array([0.   , 0.   , 0.327, 0.   , 0.304, 0.   , 0.   , 0.   , 0.   , 0.   , 0.   , 0.   , 0.   , 0.   , 0.37 , 0.   , 0.   , 0.   ]), array([0.   , 0.   , 0.   , 0.   , 0.   , 0.   , 0.   , 0.002, 0.   , 0.   , 0.   , 0.   , 0.025, 0.973, 0.   , 0.   , 0.   , 0.   ]))]
Frame: 10500000, Avg. RL Loss: 0.003, Avg. Q value: 0.190, Avg. Length: 3107.1, P0 Avg. Reward: 2.575, P1 Avg. Reward: -2.575
Q table: 
 [[0.194 0.179 0.185 ... 0.197 0.199 0.194]
 [0.175 0.192 0.195 ... 0.181 0.191 0.168]
 [0.192 0.194 0.19  ... 0.194 0.182 0.188]
 ...
 [0.197 0.173 0.187 ... 0.186 0.211 0.193]
 [0.192 0.181 0.198 ... 0.195 0.198 0.187]
 [0.196 0.195 0.193 ... 0.192 0.184 0.181]]
Nash policies:  [(array([0., 0., 0., 0., 0., 0., 0., 0., 0., 0., 0., 0., 0., 0., 1., 0., 0., 0.]), array([0., 0., 0., 0., 0., 0., 0., 0., 0., 0., 0., 0., 0., 1., 0., 0., 0., 0.]))]
Frame: 10750000, Avg. RL Loss: 0.003, Avg. Q value: 0.208, Avg. Length: 2913.0, P0 Avg. Reward: 16.541, P1 Avg. Reward: -16.541
Q table: 
 [[0.196 0.186 0.191 ... 0.198 0.2   0.197]
 [0.178 0.199 0.199 ... 0.187 0.197 0.172]
 [0.193 0.2   0.191 ... 0.203 0.188 0.191]
 ...
 [0.2   0.179 0.189 ... 0.191 0.211 0.2  ]
 [0.192 0.183 0.205 ... 0.2   0.198 0.194]
 [0.198 0.196 0.194 ... 0.196 0.186 0.182]]
Nash policies:  [(array([0., 0., 0., 0., 0., 0., 0., 0., 0., 0., 0., 0., 0., 0., 1., 0., 0., 0.]), array([0., 0., 0., 0., 0., 0., 0., 0., 1., 0., 0., 0., 0., 0., 0., 0., 0., 0.]))]
Frame: 11000000, Avg. RL Loss: 0.003, Avg. Q value: 0.223, Avg. Length: 3293.5, P0 Avg. Reward: 15.427, P1 Avg. Reward: -15.427
Q table: 
 [[0.207 0.195 0.2   ... 0.199 0.204 0.207]
 [0.183 0.208 0.211 ... 0.196 0.206 0.183]
 [0.194 0.207 0.192 ... 0.209 0.195 0.197]
 ...
 [0.208 0.188 0.193 ... 0.197 0.211 0.207]
 [0.193 0.187 0.212 ... 0.206 0.201 0.201]
 [0.206 0.203 0.204 ... 0.202 0.195 0.185]]
Nash policies:  [(array([0., 0., 0., 0., 0., 0., 0., 0., 0., 0., 0., 0., 0., 0., 1., 0., 0., 0.]), array([0., 0., 0., 0., 0., 0., 0., 0., 0., 0., 0., 0., 0., 0., 0., 1., 0., 0.]))]
Frame: 11250000, Avg. RL Loss: 0.003, Avg. Q value: 0.223, Avg. Length: 3003.2, P0 Avg. Reward: 16.824, P1 Avg. Reward: -16.824
Q table: 
 [[0.211 0.202 0.205 ... 0.2   0.208 0.215]
 [0.187 0.208 0.215 ... 0.205 0.213 0.189]
 [0.196 0.21  0.194 ... 0.21  0.202 0.204]
 ...
 [0.218 0.197 0.197 ... 0.205 0.212 0.214]
 [0.195 0.192 0.213 ... 0.213 0.217 0.203]
 [0.212 0.211 0.212 ... 0.211 0.203 0.188]]
Nash policies:  [(array([0., 0., 0., 0., 0., 0., 0., 0., 0., 0., 0., 0., 0., 0., 1., 0., 0., 0.]), array([0., 1., 0., 0., 0., 0., 0., 0., 0., 0., 0., 0., 0., 0., 0., 0., 0., 0.]))]
Frame: 11500000, Avg. RL Loss: 0.003, Avg. Q value: 0.233, Avg. Length: 2913.0, P0 Avg. Reward: 16.600, P1 Avg. Reward: -16.600
Q table: 
 [[0.217 0.209 0.212 ... 0.201 0.21  0.215]
 [0.194 0.209 0.222 ... 0.214 0.218 0.2  ]
 [0.204 0.218 0.197 ... 0.21  0.207 0.21 ]
 ...
 [0.223 0.211 0.201 ... 0.214 0.214 0.219]
 [0.198 0.194 0.214 ... 0.223 0.224 0.218]
 [0.218 0.217 0.218 ... 0.22  0.206 0.191]]
Nash policies:  [(array([0., 0., 0., 0., 0., 0., 0., 0., 0., 0., 0., 0., 0., 0., 1., 0., 0., 0.]), array([0., 0., 0., 0., 0., 0., 0., 0., 0., 0., 0., 0., 0., 1., 0., 0., 0., 0.]))]
Frame: 11750000, Avg. RL Loss: 0.003, Avg. Q value: 0.230, Avg. Length: 3009.9, P0 Avg. Reward: 11.162, P1 Avg. Reward: -11.162
Q table: 
 [[0.221 0.213 0.217 ... 0.205 0.215 0.216]
 [0.2   0.21  0.223 ... 0.22  0.222 0.205]
 [0.209 0.226 0.199 ... 0.211 0.213 0.215]
 ...
 [0.223 0.214 0.203 ... 0.217 0.216 0.221]
 [0.201 0.199 0.214 ... 0.224 0.223 0.219]
 [0.22  0.22  0.221 ... 0.225 0.209 0.193]]
Nash policies:  [(array([0., 0., 0., 0., 0., 0., 0., 0., 0., 0., 0., 0., 0., 0., 1., 0., 0., 0.]), array([0., 0., 0., 0., 1., 0., 0., 0., 0., 0., 0., 0., 0., 0., 0., 0., 0., 0.]))]
Frame: 12000000, Avg. RL Loss: 0.003, Avg. Q value: 0.237, Avg. Length: 2913.1, P0 Avg. Reward: 18.656, P1 Avg. Reward: -18.656
Q table: 
 [[0.227 0.219 0.225 ... 0.209 0.226 0.217]
 [0.205 0.211 0.223 ... 0.228 0.225 0.21 ]
 [0.212 0.226 0.202 ... 0.213 0.223 0.223]
 ...
 [0.228 0.218 0.212 ... 0.223 0.219 0.229]
 [0.205 0.206 0.216 ... 0.23  0.232 0.223]
 [0.223 0.23  0.227 ... 0.226 0.217 0.197]]
Nash policies:  [(array([0., 0., 0., 0., 0., 0., 0., 0., 0., 0., 0., 0., 0., 0., 1., 0., 0., 0.]), array([0., 0., 1., 0., 0., 0., 0., 0., 0., 0., 0., 0., 0., 0., 0., 0., 0., 0.]))]
Frame: 12250000, Avg. RL Loss: 0.003, Avg. Q value: 0.240, Avg. Length: 3009.3, P0 Avg. Reward: 8.713, P1 Avg. Reward: -8.713
Q table: 
 [[0.231 0.224 0.231 ... 0.213 0.228 0.218]
 [0.214 0.212 0.234 ... 0.231 0.231 0.218]
 [0.217 0.228 0.211 ... 0.215 0.227 0.227]
 ...
 [0.235 0.223 0.22  ... 0.232 0.223 0.233]
 [0.207 0.215 0.219 ... 0.234 0.234 0.23 ]
 [0.229 0.226 0.232 ... 0.227 0.229 0.192]]
Nash policies:  [(array([0.   , 0.   , 0.   , 0.   , 0.   , 0.   , 0.   , 0.   , 0.   , 0.   , 0.   , 0.   , 0.   , 0.212, 0.788, 0.   , 0.   , 0.   ]), array([0.   , 0.   , 0.   , 0.   , 0.001, 0.   , 0.   , 0.   , 0.   , 0.   , 0.999, 0.   , 0.   , 0.   , 0.   , 0.   , 0.   , 0.   ]))]
Frame: 12500000, Avg. RL Loss: 0.003, Avg. Q value: 0.232, Avg. Length: 2987.5, P0 Avg. Reward: 5.447, P1 Avg. Reward: -5.447
Q table: 
 [[0.226 0.226 0.23  ... 0.217 0.228 0.22 ]
 [0.22  0.214 0.232 ... 0.225 0.23  0.221]
 [0.221 0.229 0.213 ... 0.217 0.228 0.228]
 ...
 [0.23  0.226 0.225 ... 0.231 0.225 0.231]
 [0.21  0.216 0.221 ... 0.231 0.231 0.229]
 [0.229 0.225 0.239 ... 0.227 0.229 0.193]]
Nash policies:  [(array([0.   , 0.   , 0.   , 0.   , 0.   , 0.   , 0.   , 0.   , 0.   , 0.   , 0.   , 0.   , 0.   , 0.854, 0.146, 0.   , 0.   , 0.   ]), array([0.101, 0.   , 0.   , 0.   , 0.   , 0.   , 0.   , 0.   , 0.   , 0.   , 0.899, 0.   , 0.   , 0.   , 0.   , 0.   , 0.   , 0.   ]))]
Frame: 12750000, Avg. RL Loss: 0.003, Avg. Q value: 0.218, Avg. Length: 3330.1, P0 Avg. Reward: -4.507, P1 Avg. Reward: 4.507
Q table: 
 [[0.225 0.22  0.223 ... 0.217 0.223 0.219]
 [0.218 0.214 0.22  ... 0.225 0.219 0.221]
 [0.219 0.225 0.213 ... 0.217 0.222 0.219]
 ...
 [0.22  0.221 0.221 ... 0.224 0.222 0.221]
 [0.212 0.216 0.22  ... 0.226 0.218 0.221]
 [0.223 0.225 0.239 ... 0.227 0.224 0.196]]
Nash policies:  [(array([0.   , 0.   , 0.   , 0.527, 0.   , 0.   , 0.   , 0.   , 0.   , 0.   , 0.   , 0.   , 0.4  , 0.   , 0.073, 0.   , 0.   , 0.   ]), array([0.   , 0.   , 0.   , 0.   , 0.   , 0.   , 0.   , 0.   , 0.   , 0.   , 0.866, 0.   , 0.   , 0.116, 0.   , 0.   , 0.   , 0.018]))]
Frame: 13000000, Avg. RL Loss: 0.003, Avg. Q value: 0.216, Avg. Length: 2984.2, P0 Avg. Reward: 8.165, P1 Avg. Reward: -8.165
Q table: 
 [[0.227 0.216 0.216 ... 0.217 0.221 0.219]
 [0.217 0.214 0.218 ... 0.224 0.216 0.219]
 [0.212 0.221 0.213 ... 0.217 0.22  0.218]
 ...
 [0.219 0.218 0.22  ... 0.22  0.22  0.219]
 [0.213 0.217 0.218 ... 0.219 0.217 0.217]
 [0.22  0.224 0.238 ... 0.226 0.219 0.195]]
Nash policies:  [(array([0., 0., 0., 0., 0., 0., 0., 0., 0., 0., 0., 0., 0., 0., 1., 0., 0., 0.]), array([0., 0., 0., 0., 0., 0., 0., 0., 0., 0., 0., 0., 1., 0., 0., 0., 0., 0.]))]
Frame: 13250000, Avg. RL Loss: 0.003, Avg. Q value: 0.237, Avg. Length: 2946.4, P0 Avg. Reward: 15.824, P1 Avg. Reward: -15.824
Q table: 
 [[0.227 0.227 0.226 ... 0.218 0.23  0.222]
 [0.225 0.219 0.229 ... 0.225 0.228 0.229]
 [0.212 0.229 0.219 ... 0.22  0.228 0.22 ]
 ...
 [0.229 0.226 0.227 ... 0.225 0.22  0.232]
 [0.211 0.223 0.225 ... 0.229 0.228 0.222]
 [0.232 0.225 0.238 ... 0.227 0.227 0.197]]
Nash policies:  [(array([0., 0., 0., 0., 0., 0., 0., 0., 0., 0., 0., 0., 0., 0., 1., 0., 0., 0.]), array([0., 0., 0., 0., 0., 0., 0., 0., 0., 0., 1., 0., 0., 0., 0., 0., 0., 0.]))]
Frame: 13500000, Avg. RL Loss: 0.003, Avg. Q value: 0.241, Avg. Length: 2929.9, P0 Avg. Reward: 12.471, P1 Avg. Reward: -12.471
Q table: 
 [[0.228 0.234 0.231 ... 0.22  0.237 0.225]
 [0.231 0.22  0.236 ... 0.226 0.234 0.222]
 [0.212 0.237 0.221 ... 0.225 0.234 0.221]
 ...
 [0.236 0.232 0.233 ... 0.235 0.229 0.236]
 [0.212 0.229 0.23  ... 0.233 0.236 0.231]
 [0.236 0.225 0.238 ... 0.229 0.236 0.199]]
Nash policies:  [(array([0., 0., 0., 0., 0., 0., 0., 0., 0., 0., 0., 0., 0., 0., 1., 0., 0., 0.]), array([0., 0., 0., 0., 0., 0., 1., 0., 0., 0., 0., 0., 0., 0., 0., 0., 0., 0.]))]
Frame: 13750000, Avg. RL Loss: 0.003, Avg. Q value: 0.250, Avg. Length: 2913.0, P0 Avg. Reward: 18.400, P1 Avg. Reward: -18.400
Q table: 
 [[0.229 0.243 0.238 ... 0.228 0.245 0.236]
 [0.241 0.23  0.243 ... 0.228 0.24  0.222]
 [0.213 0.246 0.229 ... 0.232 0.236 0.223]
 ...
 [0.244 0.242 0.236 ... 0.239 0.237 0.244]
 [0.214 0.241 0.233 ... 0.241 0.242 0.238]
 [0.245 0.227 0.238 ... 0.234 0.236 0.203]]
Nash policies:  [(array([0., 0., 0., 0., 0., 0., 0., 0., 0., 0., 0., 0., 0., 0., 1., 0., 0., 0.]), array([0., 0., 0., 0., 0., 0., 0., 0., 0., 0., 0., 0., 0., 0., 0., 1., 0., 0.]))]
Frame: 14000000, Avg. RL Loss: 0.003, Avg. Q value: 0.257, Avg. Length: 2998.8, P0 Avg. Reward: 15.847, P1 Avg. Reward: -15.847
Q table: 
 [[0.231 0.249 0.243 ... 0.228 0.249 0.24 ]
 [0.243 0.234 0.252 ... 0.233 0.245 0.226]
 [0.218 0.246 0.232 ... 0.235 0.248 0.225]
 ...
 [0.253 0.249 0.241 ... 0.242 0.246 0.252]
 [0.216 0.25  0.239 ... 0.244 0.25  0.248]
 [0.254 0.229 0.239 ... 0.239 0.237 0.207]]
Nash policies:  [(array([0., 0., 0., 0., 0., 0., 0., 0., 0., 0., 0., 0., 0., 0., 1., 0., 0., 0.]), array([0., 0., 0., 0., 0., 0., 0., 0., 0., 0., 1., 0., 0., 0., 0., 0., 0., 0.]))]
Frame: 14250000, Avg. RL Loss: 0.003, Avg. Q value: 0.255, Avg. Length: 2913.0, P0 Avg. Reward: 13.953, P1 Avg. Reward: -13.953
Q table: 
 [[0.232 0.251 0.251 ... 0.229 0.251 0.242]
 [0.248 0.244 0.254 ... 0.236 0.248 0.227]
 [0.222 0.246 0.24  ... 0.241 0.252 0.227]
 ...
 [0.254 0.249 0.244 ... 0.252 0.249 0.252]
 [0.217 0.251 0.242 ... 0.25  0.252 0.25 ]
 [0.257 0.223 0.241 ... 0.243 0.238 0.211]]
Nash policies:  [(array([0., 0., 0., 0., 0., 0., 0., 0., 0., 0., 0., 0., 0., 0., 1., 0., 0., 0.]), array([1., 0., 0., 0., 0., 0., 0., 0., 0., 0., 0., 0., 0., 0., 0., 0., 0., 0.]))]
Frame: 14500000, Avg. RL Loss: 0.003, Avg. Q value: 0.253, Avg. Length: 3002.2, P0 Avg. Reward: 12.750, P1 Avg. Reward: -12.750
Q table: 
 [[0.258 0.259 0.251 ... 0.232 0.251 0.244]
 [0.25  0.245 0.251 ... 0.24  0.254 0.228]
 [0.224 0.25  0.244 ... 0.244 0.252 0.233]
 ...
 [0.256 0.257 0.245 ... 0.252 0.251 0.251]
 [0.222 0.253 0.248 ... 0.25  0.25  0.249]
 [0.263 0.224 0.243 ... 0.246 0.239 0.215]]
Nash policies:  [(array([0., 0., 0., 0., 0., 0., 0., 0., 0., 0., 0., 0., 0., 0., 1., 0., 0., 0.]), array([0., 0., 0., 0., 0., 0., 0., 0., 0., 0., 1., 0., 0., 0., 0., 0., 0., 0.]))]
Frame: 14750000, Avg. RL Loss: 0.003, Avg. Q value: 0.257, Avg. Length: 2915.1, P0 Avg. Reward: 10.811, P1 Avg. Reward: -10.811
Q table: 
 [[0.259 0.251 0.251 ... 0.249 0.252 0.252]
 [0.252 0.245 0.252 ... 0.242 0.256 0.229]
 [0.225 0.25  0.25  ... 0.249 0.255 0.236]
 ...
 [0.256 0.253 0.249 ... 0.257 0.253 0.25 ]
 [0.227 0.253 0.25  ... 0.249 0.254 0.25 ]
 [0.263 0.226 0.245 ... 0.25  0.241 0.219]]
Nash policies:  [(array([0.013, 0.   , 0.   , 0.   , 0.   , 0.   , 0.   , 0.   , 0.   , 0.   , 0.   , 0.   , 0.   , 0.   , 0.452, 0.493, 0.042, 0.   ]), array([0.   , 0.769, 0.   , 0.   , 0.   , 0.016, 0.   , 0.   , 0.   , 0.177, 0.   , 0.   , 0.   , 0.038, 0.   , 0.   , 0.   , 0.   ]))]
Frame: 15000000, Avg. RL Loss: 0.003, Avg. Q value: 0.259, Avg. Length: 3047.4, P0 Avg. Reward: 15.562, P1 Avg. Reward: -15.562
Q table: 
 [[0.259 0.259 0.264 ... 0.26  0.255 0.261]
 [0.255 0.246 0.256 ... 0.247 0.256 0.231]
 [0.227 0.251 0.254 ... 0.252 0.256 0.241]
 ...
 [0.263 0.262 0.259 ... 0.263 0.255 0.267]
 [0.232 0.256 0.253 ... 0.257 0.254 0.25 ]
 [0.263 0.227 0.249 ... 0.253 0.243 0.226]]
Nash policies:  [(array([0.32 , 0.   , 0.   , 0.   , 0.   , 0.   , 0.   , 0.   , 0.   , 0.   , 0.   , 0.   , 0.   , 0.   , 0.427, 0.253, 0.   , 0.   ]), array([0.   , 0.   , 0.   , 0.   , 0.179, 0.585, 0.   , 0.   , 0.   , 0.   , 0.   , 0.235, 0.   , 0.   , 0.   , 0.   , 0.   , 0.   ]))]
Frame: 15250000, Avg. RL Loss: 0.003, Avg. Q value: 0.261, Avg. Length: 3102.9, P0 Avg. Reward: 15.938, P1 Avg. Reward: -15.938
Q table: 
 [[0.259 0.259 0.264 ... 0.26  0.257 0.261]
 [0.258 0.248 0.26  ... 0.25  0.256 0.233]
 [0.23  0.251 0.257 ... 0.257 0.258 0.246]
 ...
 [0.262 0.262 0.259 ... 0.263 0.264 0.265]
 [0.235 0.256 0.258 ... 0.26  0.261 0.251]
 [0.262 0.23  0.253 ... 0.256 0.245 0.229]]
Nash policies:  [(array([0., 0., 0., 0., 0., 0., 0., 0., 0., 0., 0., 0., 0., 0., 1., 0., 0., 0.]), array([0., 1., 0., 0., 0., 0., 0., 0., 0., 0., 0., 0., 0., 0., 0., 0., 0., 0.]))]
Frame: 15500000, Avg. RL Loss: 0.003, Avg. Q value: 0.268, Avg. Length: 2913.0, P0 Avg. Reward: 13.929, P1 Avg. Reward: -13.929
Q table: 
 [[0.259 0.259 0.265 ... 0.26  0.257 0.261]
 [0.264 0.251 0.265 ... 0.254 0.257 0.235]
 [0.233 0.252 0.262 ... 0.253 0.264 0.248]
 ...
 [0.262 0.262 0.259 ... 0.264 0.264 0.264]
 [0.239 0.256 0.262 ... 0.264 0.265 0.252]
 [0.263 0.231 0.256 ... 0.262 0.249 0.237]]
Nash policies:  [(array([0., 0., 0., 0., 0., 0., 0., 0., 0., 0., 0., 0., 0., 0., 1., 0., 0., 0.]), array([0., 1., 0., 0., 0., 0., 0., 0., 0., 0., 0., 0., 0., 0., 0., 0., 0., 0.]))]
Frame: 15750000, Avg. RL Loss: 0.003, Avg. Q value: 0.267, Avg. Length: 2913.3, P0 Avg. Reward: 9.694, P1 Avg. Reward: -9.694
Q table: 
 [[0.259 0.26  0.265 ... 0.26  0.257 0.262]
 [0.264 0.252 0.264 ... 0.257 0.257 0.24 ]
 [0.236 0.254 0.263 ... 0.254 0.263 0.249]
 ...
 [0.262 0.263 0.259 ... 0.264 0.264 0.264]
 [0.245 0.256 0.263 ... 0.264 0.264 0.254]
 [0.263 0.235 0.257 ... 0.263 0.253 0.242]]
Nash policies:  [(array([0., 0., 0., 0., 0., 0., 0., 0., 0., 0., 0., 0., 0., 0., 1., 0., 0., 0.]), array([0., 0., 0., 0., 0., 0., 0., 0., 0., 0., 0., 1., 0., 0., 0., 0., 0., 0.]))]
Frame: 16000000, Avg. RL Loss: 0.003, Avg. Q value: 0.266, Avg. Length: 3053.8, P0 Avg. Reward: 8.635, P1 Avg. Reward: -8.635
Q table: 
 [[0.259 0.26  0.265 ... 0.26  0.257 0.262]
 [0.259 0.253 0.262 ... 0.259 0.257 0.245]
 [0.239 0.254 0.263 ... 0.254 0.259 0.25 ]
 ...
 [0.262 0.263 0.259 ... 0.264 0.264 0.264]
 [0.248 0.257 0.262 ... 0.253 0.258 0.257]
 [0.262 0.239 0.258 ... 0.263 0.256 0.246]]
Nash policies:  [(array([0., 0., 0., 0., 0., 0., 0., 0., 0., 0., 0., 0., 0., 0., 1., 0., 0., 0.]), array([0., 0., 0., 0., 0., 0., 0., 0., 0., 0., 1., 0., 0., 0., 0., 0., 0., 0.]))]
Frame: 16250000, Avg. RL Loss: 0.003, Avg. Q value: 0.249, Avg. Length: 3035.5, P0 Avg. Reward: 11.650, P1 Avg. Reward: -11.650
Q table: 
 [[0.259 0.26  0.262 ... 0.26  0.257 0.26 ]
 [0.249 0.252 0.255 ... 0.254 0.256 0.245]
 [0.24  0.254 0.252 ... 0.254 0.251 0.249]
 ...
 [0.262 0.262 0.256 ... 0.264 0.263 0.263]
 [0.256 0.257 0.26  ... 0.26  0.257 0.256]
 [0.261 0.243 0.253 ... 0.254 0.254 0.247]]
Nash policies:  [(array([0.   , 0.   , 0.   , 0.   , 0.   , 0.   , 0.   , 0.   , 0.   , 0.   , 0.   , 0.   , 0.   , 0.   , 0.556, 0.   , 0.444, 0.   ]), array([0.   , 0.   , 0.   , 0.   , 0.   , 0.   , 0.   , 0.   , 0.   , 0.   , 0.787, 0.   , 0.   , 0.213, 0.   , 0.   , 0.   , 0.   ]))]
Frame: 16500000, Avg. RL Loss: 0.003, Avg. Q value: 0.259, Avg. Length: 3036.8, P0 Avg. Reward: 6.047, P1 Avg. Reward: -6.047
Q table: 
 [[0.259 0.26  0.262 ... 0.26  0.259 0.26 ]
 [0.255 0.254 0.256 ... 0.256 0.256 0.248]
 [0.245 0.254 0.256 ... 0.254 0.255 0.25 ]
 ...
 [0.261 0.265 0.257 ... 0.264 0.263 0.263]
 [0.265 0.257 0.259 ... 0.265 0.258 0.261]
 [0.261 0.244 0.254 ... 0.256 0.255 0.251]]
Nash policies:  [(array([0.   , 0.   , 0.   , 0.   , 0.   , 0.   , 0.   , 0.   , 0.   , 0.   , 0.   , 0.   , 0.   , 0.   , 0.953, 0.047, 0.   , 0.   ]), array([0.   , 0.   , 0.   , 0.   , 0.   , 0.   , 0.   , 0.   , 0.   , 0.   , 0.191, 0.   , 0.   , 0.809, 0.   , 0.   , 0.   , 0.   ]))]
Frame: 16750000, Avg. RL Loss: 0.003, Avg. Q value: 0.254, Avg. Length: 3036.5, P0 Avg. Reward: 7.625, P1 Avg. Reward: -7.625
Q table: 
 [[0.258 0.26  0.261 ... 0.26  0.263 0.259]
 [0.251 0.253 0.25  ... 0.253 0.256 0.249]
 [0.246 0.254 0.252 ... 0.254 0.249 0.25 ]
 ...
 [0.261 0.265 0.256 ... 0.263 0.26  0.262]
 [0.266 0.256 0.259 ... 0.264 0.258 0.26 ]
 [0.26  0.244 0.255 ... 0.252 0.253 0.251]]
Nash policies:  [(array([0., 0., 0., 0., 0., 0., 0., 0., 0., 0., 0., 0., 0., 0., 0., 0., 1., 0.]), array([0., 0., 0., 0., 0., 0., 0., 0., 0., 0., 1., 0., 0., 0., 0., 0., 0., 0.]))]
Frame: 17000000, Avg. RL Loss: 0.003, Avg. Q value: 0.260, Avg. Length: 2913.0, P0 Avg. Reward: 16.341, P1 Avg. Reward: -16.341
Q table: 
 [[0.258 0.26  0.26  ... 0.26  0.262 0.26 ]
 [0.26  0.255 0.259 ... 0.254 0.256 0.252]
 [0.249 0.255 0.253 ... 0.254 0.259 0.251]
 ...
 [0.26  0.265 0.256 ... 0.263 0.261 0.262]
 [0.267 0.263 0.268 ... 0.264 0.267 0.271]
 [0.26  0.246 0.257 ... 0.257 0.257 0.256]]
Nash policies:  [(array([0.   , 0.   , 0.   , 0.   , 0.   , 0.   , 0.   , 0.   , 0.   , 0.   , 0.   , 0.   , 0.   , 0.   , 0.385, 0.   , 0.615, 0.   ]), array([0.   , 0.   , 0.   , 0.   , 0.   , 0.   , 0.   , 0.   , 0.   , 0.   , 0.752, 0.   , 0.   , 0.   , 0.   , 0.248, 0.   , 0.   ]))]
Frame: 17250000, Avg. RL Loss: 0.003, Avg. Q value: 0.273, Avg. Length: 2913.1, P0 Avg. Reward: 19.378, P1 Avg. Reward: -19.378
Q table: 
 [[0.259 0.26  0.261 ... 0.26  0.262 0.262]
 [0.27  0.261 0.269 ... 0.264 0.262 0.261]
 [0.255 0.26  0.268 ... 0.257 0.271 0.252]
 ...
 [0.261 0.265 0.258 ... 0.263 0.268 0.266]
 [0.278 0.277 0.277 ... 0.282 0.279 0.277]
 [0.261 0.251 0.267 ... 0.27  0.26  0.258]]
Nash policies:  [(array([0., 0., 0., 0., 0., 0., 0., 0., 0., 0., 0., 0., 0., 0., 0., 0., 1., 0.]), array([0., 0., 0., 0., 0., 0., 0., 0., 1., 0., 0., 0., 0., 0., 0., 0., 0., 0.]))]
Frame: 17500000, Avg. RL Loss: 0.003, Avg. Q value: 0.281, Avg. Length: 2929.9, P0 Avg. Reward: 12.941, P1 Avg. Reward: -12.941
Q table: 
 [[0.26  0.26  0.263 ... 0.261 0.263 0.267]
 [0.274 0.266 0.277 ... 0.274 0.268 0.264]
 [0.255 0.269 0.276 ... 0.261 0.274 0.257]
 ...
 [0.262 0.265 0.262 ... 0.264 0.268 0.266]
 [0.284 0.284 0.283 ... 0.282 0.284 0.284]
 [0.268 0.256 0.273 ... 0.277 0.261 0.259]]
Nash policies:  [(array([0., 0., 0., 0., 0., 0., 0., 0., 0., 0., 0., 0., 0., 0., 0., 0., 1., 0.]), array([0., 0., 0., 0., 0., 0., 0., 0., 0., 0., 0., 0., 0., 1., 0., 0., 0., 0.]))]
Frame: 17750000, Avg. RL Loss: 0.003, Avg. Q value: 0.271, Avg. Length: 3125.6, P0 Avg. Reward: 4.237, P1 Avg. Reward: -4.237
Q table: 
 [[0.262 0.261 0.263 ... 0.261 0.263 0.267]
 [0.269 0.266 0.27  ... 0.264 0.268 0.265]
 [0.257 0.268 0.27  ... 0.263 0.273 0.26 ]
 ...
 [0.263 0.265 0.262 ... 0.265 0.268 0.261]
 [0.284 0.284 0.283 ... 0.269 0.283 0.284]
 [0.268 0.259 0.268 ... 0.267 0.261 0.26 ]]
Nash policies:  [(array([0.   , 0.   , 0.   , 0.   , 0.   , 0.248, 0.   , 0.   , 0.   , 0.   , 0.   , 0.   , 0.   , 0.   , 0.   , 0.   , 0.752, 0.   ]), array([0.   , 0.   , 0.   , 0.   , 0.   , 0.   , 0.   , 0.   , 0.   , 0.   , 0.   , 0.   , 0.   , 0.649, 0.   , 0.351, 0.   , 0.   ]))]
Frame: 18000000, Avg. RL Loss: 0.003, Avg. Q value: 0.273, Avg. Length: 2934.6, P0 Avg. Reward: 11.576, P1 Avg. Reward: -11.576
Q table: 
 [[0.264 0.261 0.264 ... 0.263 0.264 0.267]
 [0.272 0.273 0.277 ... 0.268 0.269 0.268]
 [0.257 0.269 0.27  ... 0.264 0.271 0.263]
 ...
 [0.264 0.266 0.267 ... 0.265 0.268 0.26 ]
 [0.283 0.284 0.282 ... 0.278 0.283 0.284]
 [0.269 0.261 0.27  ... 0.269 0.262 0.261]]
Nash policies:  [(array([0., 0., 0., 0., 0., 0., 0., 0., 0., 0., 0., 0., 0., 0., 0., 0., 1., 0.]), array([0., 0., 0., 0., 0., 0., 0., 0., 0., 0., 1., 0., 0., 0., 0., 0., 0., 0.]))]
Frame: 18250000, Avg. RL Loss: 0.003, Avg. Q value: 0.274, Avg. Length: 3046.4, P0 Avg. Reward: 5.175, P1 Avg. Reward: -5.175
Q table: 
 [[0.265 0.262 0.265 ... 0.264 0.265 0.265]
 [0.269 0.276 0.277 ... 0.268 0.271 0.269]
 [0.258 0.271 0.268 ... 0.265 0.275 0.268]
 ...
 [0.266 0.26  0.268 ... 0.266 0.268 0.26 ]
 [0.283 0.284 0.279 ... 0.278 0.283 0.284]
 [0.27  0.263 0.271 ... 0.269 0.263 0.262]]
Nash policies:  [(array([0., 0., 0., 0., 0., 0., 0., 0., 0., 0., 0., 0., 0., 0., 0., 0., 1., 0.]), array([0., 0., 0., 0., 0., 0., 0., 0., 0., 0., 1., 0., 0., 0., 0., 0., 0., 0.]))]
Frame: 18500000, Avg. RL Loss: 0.003, Avg. Q value: 0.275, Avg. Length: 2913.0, P0 Avg. Reward: 14.141, P1 Avg. Reward: -14.141
Q table: 
 [[0.267 0.263 0.268 ... 0.266 0.266 0.262]
 [0.276 0.276 0.277 ... 0.268 0.273 0.271]
 [0.26  0.274 0.276 ... 0.269 0.275 0.27 ]
 ...
 [0.268 0.26  0.272 ... 0.268 0.269 0.261]
 [0.283 0.284 0.285 ... 0.285 0.283 0.283]
 [0.272 0.266 0.278 ... 0.276 0.263 0.265]]
Nash policies:  [(array([0., 0., 0., 0., 0., 0., 0., 0., 0., 0., 0., 0., 0., 0., 0., 0., 1., 0.]), array([0., 0., 0., 0., 0., 1., 0., 0., 0., 0., 0., 0., 0., 0., 0., 0., 0., 0.]))]
Frame: 18750000, Avg. RL Loss: 0.003, Avg. Q value: 0.274, Avg. Length: 3054.8, P0 Avg. Reward: 4.282, P1 Avg. Reward: -4.282
Q table: 
 [[0.268 0.264 0.268 ... 0.266 0.266 0.262]
 [0.27  0.266 0.276 ... 0.269 0.269 0.27 ]
 [0.27  0.262 0.268 ... 0.266 0.274 0.268]
 ...
 [0.268 0.261 0.271 ... 0.269 0.269 0.262]
 [0.276 0.263 0.286 ... 0.275 0.281 0.274]
 [0.271 0.266 0.268 ... 0.267 0.265 0.266]]
Nash policies:  [(array([0.   , 0.   , 0.   , 0.   , 0.   , 0.   , 0.   , 0.   , 0.   , 0.   , 0.   , 0.   , 0.66 , 0.   , 0.068, 0.   , 0.272, 0.   ]), array([0.   , 0.539, 0.   , 0.   , 0.   , 0.   , 0.   , 0.   , 0.   , 0.   , 0.24 , 0.   , 0.   , 0.   , 0.221, 0.   , 0.   , 0.   ]))]
Frame: 19000000, Avg. RL Loss: 0.003, Avg. Q value: 0.276, Avg. Length: 2913.0, P0 Avg. Reward: 19.918, P1 Avg. Reward: -19.918
Q table: 
 [[0.269 0.265 0.272 ... 0.267 0.269 0.263]
 [0.271 0.27  0.276 ... 0.268 0.269 0.273]
 [0.27  0.265 0.273 ... 0.27  0.274 0.272]
 ...
 [0.27  0.261 0.271 ... 0.27  0.27  0.263]
 [0.284 0.283 0.286 ... 0.282 0.282 0.282]
 [0.275 0.272 0.273 ... 0.271 0.265 0.267]]
Nash policies:  [(array([0.   , 0.   , 0.   , 0.   , 0.   , 0.   , 0.   , 0.   , 0.   , 0.   , 0.   , 0.   , 0.463, 0.   , 0.   , 0.   , 0.537, 0.   ]), array([0.   , 0.   , 0.   , 0.   , 0.   , 0.745, 0.   , 0.   , 0.   , 0.   , 0.255, 0.   , 0.   , 0.   , 0.   , 0.   , 0.   , 0.   ]))]
Frame: 19250000, Avg. RL Loss: 0.003, Avg. Q value: 0.289, Avg. Length: 2993.4, P0 Avg. Reward: 17.800, P1 Avg. Reward: -17.800
Q table: 
 [[0.273 0.268 0.279 ... 0.271 0.272 0.264]
 [0.271 0.27  0.276 ... 0.268 0.27  0.273]
 [0.271 0.265 0.283 ... 0.281 0.275 0.279]
 ...
 [0.275 0.262 0.283 ... 0.271 0.271 0.266]
 [0.287 0.288 0.288 ... 0.29  0.284 0.288]
 [0.285 0.272 0.284 ... 0.284 0.271 0.272]]
Nash policies:  [(array([0., 0., 0., 0., 0., 0., 0., 0., 0., 0., 0., 0., 1., 0., 0., 0., 0., 0.]), array([1., 0., 0., 0., 0., 0., 0., 0., 0., 0., 0., 0., 0., 0., 0., 0., 0., 0.]))]
Frame: 19500000, Avg. RL Loss: 0.003, Avg. Q value: 0.292, Avg. Length: 3052.9, P0 Avg. Reward: 17.129, P1 Avg. Reward: -17.129
Q table: 
 [[0.281 0.273 0.282 ... 0.274 0.277 0.268]
 [0.271 0.27  0.278 ... 0.268 0.271 0.274]
 [0.272 0.265 0.287 ... 0.284 0.276 0.284]
 ...
 [0.283 0.263 0.285 ... 0.272 0.278 0.269]
 [0.287 0.29  0.288 ... 0.29  0.294 0.288]
 [0.286 0.273 0.286 ... 0.287 0.277 0.277]]
Nash policies:  [(array([0.   , 0.   , 0.   , 0.   , 0.   , 0.   , 0.   , 0.   , 0.   , 0.   , 0.   , 0.   , 0.913, 0.   , 0.   , 0.   , 0.087, 0.   ]), array([0.   , 0.   , 0.   , 0.233, 0.   , 0.   , 0.   , 0.   , 0.   , 0.   , 0.   , 0.   , 0.767, 0.   , 0.   , 0.   , 0.   , 0.   ]))]
Frame: 19750000, Avg. RL Loss: 0.003, Avg. Q value: 0.293, Avg. Length: 3120.4, P0 Avg. Reward: 14.887, P1 Avg. Reward: -14.887
Q table: 
 [[0.286 0.277 0.284 ... 0.279 0.28  0.269]
 [0.272 0.27  0.279 ... 0.269 0.274 0.274]
 [0.274 0.265 0.289 ... 0.287 0.278 0.288]
 ...
 [0.287 0.267 0.289 ... 0.278 0.281 0.274]
 [0.288 0.293 0.291 ... 0.292 0.298 0.288]
 [0.287 0.274 0.291 ... 0.288 0.281 0.28 ]]
Nash policies:  [(array([0.   , 0.   , 0.   , 0.   , 0.   , 0.   , 0.024, 0.   , 0.   , 0.   , 0.   , 0.   , 0.446, 0.   , 0.   , 0.   , 0.53 , 0.   ]), array([0.   , 0.   , 0.   , 0.   , 0.   , 0.   , 0.675, 0.   , 0.   , 0.   , 0.237, 0.087, 0.   , 0.   , 0.   , 0.   , 0.   , 0.   ]))]
Frame: 20000000, Avg. RL Loss: 0.003, Avg. Q value: 0.297, Avg. Length: 2913.1, P0 Avg. Reward: 19.129, P1 Avg. Reward: -19.129
Q table: 
 [[0.291 0.283 0.286 ... 0.288 0.288 0.272]
 [0.272 0.27  0.282 ... 0.27  0.277 0.275]
 [0.275 0.266 0.292 ... 0.293 0.28  0.291]
 ...
 [0.291 0.27  0.292 ... 0.279 0.285 0.279]
 [0.288 0.293 0.296 ... 0.294 0.3   0.288]
 [0.292 0.274 0.291 ... 0.293 0.284 0.285]]
Nash policies:  [(array([0., 0., 0., 0., 0., 0., 0., 0., 0., 0., 0., 0., 1., 0., 0., 0., 0., 0.]), array([0., 1., 0., 0., 0., 0., 0., 0., 0., 0., 0., 0., 0., 0., 0., 0., 0., 0.]))]
Frame: 20250000, Avg. RL Loss: 0.003, Avg. Q value: 0.304, Avg. Length: 2913.0, P0 Avg. Reward: 18.365, P1 Avg. Reward: -18.365
Q table: 
 [[0.297 0.289 0.297 ... 0.293 0.295 0.276]
 [0.273 0.27  0.285 ... 0.272 0.279 0.276]
 [0.277 0.266 0.3   ... 0.299 0.283 0.296]
 ...
 [0.297 0.277 0.303 ... 0.285 0.293 0.285]
 [0.288 0.293 0.296 ... 0.294 0.3   0.289]
 [0.3   0.278 0.292 ... 0.3   0.288 0.288]]
Nash policies:  [(array([0., 0., 0., 0., 0., 0., 0., 0., 0., 0., 0., 0., 1., 0., 0., 0., 0., 0.]), array([0., 0., 0., 1., 0., 0., 0., 0., 0., 0., 0., 0., 0., 0., 0., 0., 0., 0.]))]
Frame: 20500000, Avg. RL Loss: 0.003, Avg. Q value: 0.307, Avg. Length: 2929.9, P0 Avg. Reward: 14.153, P1 Avg. Reward: -14.153
Q table: 
 [[0.3   0.29  0.3   ... 0.3   0.298 0.282]
 [0.275 0.27  0.289 ... 0.273 0.284 0.277]
 [0.282 0.266 0.299 ... 0.301 0.291 0.301]
 ...
 [0.301 0.28  0.303 ... 0.286 0.298 0.287]
 [0.288 0.294 0.296 ... 0.294 0.3   0.289]
 [0.3   0.283 0.293 ... 0.3   0.295 0.29 ]]
Nash policies:  [(array([0., 0., 0., 0., 0., 0., 0., 0., 0., 0., 0., 0., 1., 0., 0., 0., 0., 0.]), array([0., 1., 0., 0., 0., 0., 0., 0., 0., 0., 0., 0., 0., 0., 0., 0., 0., 0.]))]
Frame: 20750000, Avg. RL Loss: 0.003, Avg. Q value: 0.305, Avg. Length: 2913.0, P0 Avg. Reward: 16.541, P1 Avg. Reward: -16.541
Q table: 
 [[0.303 0.29  0.303 ... 0.301 0.302 0.285]
 [0.275 0.271 0.293 ... 0.274 0.287 0.28 ]
 [0.287 0.27  0.303 ... 0.304 0.296 0.298]
 ...
 [0.305 0.288 0.303 ... 0.287 0.301 0.294]
 [0.288 0.294 0.296 ... 0.295 0.3   0.29 ]
 [0.3   0.284 0.294 ... 0.297 0.299 0.296]]
Nash policies:  [(array([0., 0., 0., 0., 0., 0., 0., 0., 0., 0., 0., 0., 1., 0., 0., 0., 0., 0.]), array([0., 0., 1., 0., 0., 0., 0., 0., 0., 0., 0., 0., 0., 0., 0., 0., 0., 0.]))]
Frame: 21000000, Avg. RL Loss: 0.003, Avg. Q value: 0.312, Avg. Length: 2913.0, P0 Avg. Reward: 14.522, P1 Avg. Reward: -14.522
Q table: 
 [[0.308 0.299 0.307 ... 0.304 0.302 0.292]
 [0.28  0.272 0.297 ... 0.276 0.291 0.284]
 [0.292 0.271 0.308 ... 0.307 0.299 0.303]
 ...
 [0.307 0.288 0.303 ... 0.288 0.301 0.299]
 [0.289 0.294 0.297 ... 0.295 0.3   0.29 ]
 [0.307 0.285 0.297 ... 0.307 0.304 0.303]]
Nash policies:  [(array([0., 0., 0., 0., 0., 0., 0., 0., 0., 0., 0., 0., 1., 0., 0., 0., 0., 0.]), array([0., 0., 0., 0., 0., 0., 0., 0., 0., 0., 0., 0., 0., 1., 0., 0., 0., 0.]))]
Frame: 21250000, Avg. RL Loss: 0.003, Avg. Q value: 0.307, Avg. Length: 2916.8, P0 Avg. Reward: 10.388, P1 Avg. Reward: -10.388
Q table: 
 [[0.302 0.299 0.312 ... 0.303 0.303 0.296]
 [0.282 0.273 0.301 ... 0.279 0.294 0.289]
 [0.294 0.272 0.304 ... 0.302 0.3   0.3  ]
 ...
 [0.301 0.289 0.303 ... 0.291 0.301 0.302]
 [0.289 0.294 0.297 ... 0.295 0.3   0.29 ]
 [0.297 0.286 0.298 ... 0.304 0.304 0.302]]
Nash policies:  [(array([0.   , 0.   , 0.   , 0.446, 0.   , 0.   , 0.   , 0.   , 0.   , 0.   , 0.   , 0.   , 0.554, 0.   , 0.   , 0.   , 0.   , 0.   ]), array([0.112, 0.   , 0.   , 0.   , 0.   , 0.   , 0.   , 0.   , 0.   , 0.   , 0.888, 0.   , 0.   , 0.   , 0.   , 0.   , 0.   , 0.   ]))]
Frame: 21500000, Avg. RL Loss: 0.003, Avg. Q value: 0.311, Avg. Length: 2914.1, P0 Avg. Reward: 16.682, P1 Avg. Reward: -16.682
Q table: 
 [[0.306 0.3   0.312 ... 0.307 0.303 0.298]
 [0.284 0.275 0.304 ... 0.282 0.299 0.292]
 [0.298 0.273 0.308 ... 0.308 0.306 0.308]
 ...
 [0.306 0.29  0.303 ... 0.292 0.302 0.295]
 [0.29  0.294 0.297 ... 0.295 0.3   0.29 ]
 [0.301 0.287 0.302 ... 0.306 0.307 0.305]]
Nash policies:  [(array([0., 0., 0., 0., 0., 0., 0., 0., 0., 0., 0., 0., 1., 0., 0., 0., 0., 0.]), array([0., 1., 0., 0., 0., 0., 0., 0., 0., 0., 0., 0., 0., 0., 0., 0., 0., 0.]))]
Frame: 21750000, Avg. RL Loss: 0.003, Avg. Q value: 0.316, Avg. Length: 2913.2, P0 Avg. Reward: 16.318, P1 Avg. Reward: -16.318
Q table: 
 [[0.312 0.293 0.312 ... 0.312 0.303 0.306]
 [0.288 0.275 0.308 ... 0.287 0.301 0.295]
 [0.305 0.274 0.313 ... 0.311 0.31  0.312]
 ...
 [0.311 0.291 0.304 ... 0.293 0.303 0.295]
 [0.3   0.294 0.302 ... 0.296 0.3   0.292]
 [0.309 0.288 0.306 ... 0.311 0.311 0.311]]
Nash policies:  [(array([0., 0., 0., 0., 0., 0., 0., 0., 0., 0., 0., 0., 1., 0., 0., 0., 0., 0.]), array([0., 0., 0., 0., 0., 0., 1., 0., 0., 0., 0., 0., 0., 0., 0., 0., 0., 0.]))]
Frame: 22000000, Avg. RL Loss: 0.003, Avg. Q value: 0.321, Avg. Length: 2913.1, P0 Avg. Reward: 17.741, P1 Avg. Reward: -17.741
Q table: 
 [[0.317 0.294 0.312 ... 0.315 0.305 0.312]
 [0.29  0.278 0.317 ... 0.29  0.309 0.301]
 [0.31  0.275 0.316 ... 0.316 0.313 0.316]
 ...
 [0.317 0.292 0.305 ... 0.295 0.305 0.297]
 [0.3   0.295 0.303 ... 0.296 0.301 0.295]
 [0.314 0.291 0.311 ... 0.316 0.315 0.317]]
Nash policies:  [(array([0., 0., 0., 0., 0., 0., 0., 0., 0., 0., 0., 0., 1., 0., 0., 0., 0., 0.]), array([1., 0., 0., 0., 0., 0., 0., 0., 0., 0., 0., 0., 0., 0., 0., 0., 0., 0.]))]
Frame: 22250000, Avg. RL Loss: 0.003, Avg. Q value: 0.313, Avg. Length: 3327.8, P0 Avg. Reward: 6.773, P1 Avg. Reward: -6.773
Q table: 
 [[0.308 0.301 0.304 ... 0.307 0.306 0.31 ]
 [0.297 0.299 0.306 ... 0.298 0.311 0.304]
 [0.311 0.279 0.299 ... 0.308 0.311 0.309]
 ...
 [0.314 0.294 0.306 ... 0.296 0.306 0.297]
 [0.301 0.296 0.303 ... 0.296 0.301 0.296]
 [0.312 0.308 0.306 ... 0.31  0.308 0.314]]
Nash policies:  [(array([0.   , 0.   , 0.   , 0.   , 0.   , 0.   , 0.   , 0.   , 0.   , 0.   , 0.   , 0.   , 0.313, 0.687, 0.   , 0.   , 0.   , 0.   ]), array([0.   , 0.   , 0.996, 0.   , 0.   , 0.   , 0.   , 0.   , 0.   , 0.   , 0.004, 0.   , 0.   , 0.   , 0.   , 0.   , 0.   , 0.   ]))]
Frame: 22500000, Avg. RL Loss: 0.003, Avg. Q value: 0.308, Avg. Length: 3055.5, P0 Avg. Reward: 6.082, P1 Avg. Reward: -6.082
Q table: 
 [[0.311 0.302 0.303 ... 0.305 0.306 0.307]
 [0.298 0.3   0.312 ... 0.3   0.308 0.304]
 [0.308 0.281 0.299 ... 0.306 0.306 0.305]
 ...
 [0.307 0.296 0.305 ... 0.297 0.306 0.297]
 [0.301 0.297 0.303 ... 0.297 0.301 0.297]
 [0.306 0.296 0.308 ... 0.314 0.305 0.304]]
Nash policies:  [(array([0.897, 0.   , 0.   , 0.   , 0.   , 0.   , 0.   , 0.   , 0.   , 0.   , 0.   , 0.   , 0.103, 0.   , 0.   , 0.   , 0.   , 0.   ]), array([0.   , 0.882, 0.   , 0.   , 0.   , 0.   , 0.118, 0.   , 0.   , 0.   , 0.   , 0.   , 0.   , 0.   , 0.   , 0.   , 0.   , 0.   ]))]
Frame: 22750000, Avg. RL Loss: 0.003, Avg. Q value: 0.300, Avg. Length: 3085.8, P0 Avg. Reward: 10.987, P1 Avg. Reward: -10.987
Q table: 
 [[0.31  0.298 0.303 ... 0.3   0.304 0.301]
 [0.298 0.293 0.312 ... 0.3   0.307 0.302]
 [0.304 0.282 0.299 ... 0.301 0.299 0.3  ]
 ...
 [0.299 0.296 0.303 ... 0.297 0.306 0.297]
 [0.301 0.297 0.303 ... 0.297 0.301 0.297]
 [0.298 0.294 0.308 ... 0.313 0.298 0.298]]
Nash policies:  [(array([0.   , 0.   , 0.   , 0.   , 0.   , 0.   , 0.   , 0.   , 0.   , 0.   , 0.   , 0.   , 0.334, 0.666, 0.   , 0.   , 0.   , 0.   ]), array([0.   , 0.831, 0.   , 0.   , 0.   , 0.   , 0.   , 0.   , 0.169, 0.   , 0.   , 0.   , 0.   , 0.   , 0.   , 0.   , 0.   , 0.   ]))]
Frame: 23000000, Avg. RL Loss: 0.003, Avg. Q value: 0.312, Avg. Length: 2962.3, P0 Avg. Reward: 11.647, P1 Avg. Reward: -11.647
Q table: 
 [[0.31  0.298 0.303 ... 0.308 0.306 0.305]
 [0.303 0.293 0.312 ... 0.302 0.308 0.306]
 [0.309 0.285 0.299 ... 0.309 0.307 0.309]
 ...
 [0.305 0.299 0.305 ... 0.301 0.307 0.298]
 [0.302 0.297 0.304 ... 0.298 0.301 0.3  ]
 [0.309 0.297 0.308 ... 0.312 0.305 0.302]]
Nash policies:  [(array([0.   , 0.   , 0.   , 0.   , 0.   , 0.   , 0.   , 0.   , 0.   , 0.   , 0.   , 0.   , 0.728, 0.272, 0.   , 0.   , 0.   , 0.   ]), array([0.   , 0.668, 0.   , 0.   , 0.   , 0.   , 0.   , 0.   , 0.   , 0.   , 0.332, 0.   , 0.   , 0.   , 0.   , 0.   , 0.   , 0.   ]))]
Frame: 23250000, Avg. RL Loss: 0.003, Avg. Q value: 0.311, Avg. Length: 2958.4, P0 Avg. Reward: 11.437, P1 Avg. Reward: -11.437
Q table: 
 [[0.31  0.298 0.303 ... 0.308 0.306 0.309]
 [0.307 0.293 0.313 ... 0.305 0.309 0.312]
 [0.309 0.288 0.3   ... 0.307 0.309 0.308]
 ...
 [0.307 0.3   0.306 ... 0.303 0.307 0.299]
 [0.303 0.298 0.304 ... 0.298 0.302 0.307]
 [0.309 0.297 0.308 ... 0.312 0.306 0.303]]
Nash policies:  [(array([0.   , 0.   , 0.   , 0.   , 0.   , 0.   , 0.   , 0.   , 0.024, 0.   , 0.   , 0.   , 0.976, 0.   , 0.   , 0.   , 0.   , 0.   ]), array([0.   , 0.036, 0.   , 0.   , 0.   , 0.   , 0.   , 0.   , 0.964, 0.   , 0.   , 0.   , 0.   , 0.   , 0.   , 0.   , 0.   , 0.   ]))]
Frame: 23500000, Avg. RL Loss: 0.003, Avg. Q value: 0.317, Avg. Length: 2939.0, P0 Avg. Reward: 16.767, P1 Avg. Reward: -16.767
Q table: 
 [[0.31  0.298 0.304 ... 0.313 0.308 0.312]
 [0.308 0.293 0.313 ... 0.309 0.31  0.312]
 [0.312 0.29  0.301 ... 0.314 0.313 0.314]
 ...
 [0.312 0.308 0.308 ... 0.305 0.309 0.303]
 [0.304 0.3   0.306 ... 0.3   0.305 0.307]
 [0.312 0.297 0.308 ... 0.312 0.311 0.304]]
Nash policies:  [(array([0., 0., 0., 0., 0., 0., 0., 0., 0., 0., 0., 0., 1., 0., 0., 0., 0., 0.]), array([0., 0., 0., 1., 0., 0., 0., 0., 0., 0., 0., 0., 0., 0., 0., 0., 0., 0.]))]
Frame: 23750000, Avg. RL Loss: 0.003, Avg. Q value: 0.313, Avg. Length: 3287.3, P0 Avg. Reward: 2.200, P1 Avg. Reward: -2.200
Q table: 
 [[0.31  0.298 0.304 ... 0.307 0.307 0.308]
 [0.31  0.294 0.313 ... 0.309 0.305 0.311]
 [0.31  0.297 0.302 ... 0.313 0.308 0.306]
 ...
 [0.305 0.305 0.308 ... 0.306 0.309 0.31 ]
 [0.304 0.302 0.306 ... 0.301 0.305 0.307]
 [0.308 0.297 0.308 ... 0.312 0.306 0.304]]
Nash policies:  [(array([0.659, 0.   , 0.   , 0.   , 0.   , 0.   , 0.   , 0.   , 0.   , 0.   , 0.   , 0.   , 0.   , 0.341, 0.   , 0.   , 0.   , 0.   ]), array([0.   , 0.   , 0.   , 0.   , 0.   , 0.   , 0.   , 0.   , 0.   , 0.   , 0.936, 0.   , 0.064, 0.   , 0.   , 0.   , 0.   , 0.   ]))]
Frame: 24000000, Avg. RL Loss: 0.003, Avg. Q value: 0.307, Avg. Length: 2938.5, P0 Avg. Reward: 16.424, P1 Avg. Reward: -16.424
Q table: 
 [[0.31  0.298 0.304 ... 0.307 0.306 0.306]
 [0.307 0.295 0.313 ... 0.309 0.304 0.311]
 [0.308 0.298 0.302 ... 0.309 0.307 0.307]
 ...
 [0.314 0.313 0.315 ... 0.314 0.311 0.311]
 [0.304 0.302 0.311 ... 0.302 0.305 0.307]
 [0.307 0.297 0.308 ... 0.311 0.314 0.304]]
Nash policies:  [(array([0.   , 0.   , 0.   , 0.   , 0.   , 0.   , 0.   , 0.   , 0.   , 0.   , 0.   , 0.179, 0.768, 0.   , 0.053, 0.   , 0.   , 0.   ]), array([0.   , 0.   , 0.   , 0.   , 0.   , 0.013, 0.   , 0.573, 0.   , 0.   , 0.414, 0.   , 0.   , 0.   , 0.   , 0.   , 0.   , 0.   ]))]
Frame: 24250000, Avg. RL Loss: 0.003, Avg. Q value: 0.317, Avg. Length: 2979.4, P0 Avg. Reward: 13.000, P1 Avg. Reward: -13.000
Q table: 
 [[0.31  0.298 0.304 ... 0.312 0.312 0.31 ]
 [0.31  0.295 0.313 ... 0.311 0.312 0.311]
 [0.312 0.3   0.303 ... 0.314 0.311 0.312]
 ...
 [0.316 0.316 0.319 ... 0.319 0.311 0.323]
 [0.306 0.305 0.311 ... 0.303 0.307 0.308]
 [0.311 0.298 0.308 ... 0.311 0.312 0.305]]
Nash policies:  [(array([0.   , 0.   , 0.   , 0.222, 0.   , 0.   , 0.   , 0.   , 0.   , 0.   , 0.   , 0.345, 0.047, 0.   , 0.   , 0.27 , 0.   , 0.115]), array([0.   , 0.023, 0.   , 0.   , 0.   , 0.   , 0.039, 0.   , 0.   , 0.   , 0.   , 0.002, 0.418, 0.   , 0.   , 0.   , 0.518, 0.   ]))]
Frame: 24500000, Avg. RL Loss: 0.003, Avg. Q value: 0.314, Avg. Length: 2938.5, P0 Avg. Reward: 16.553, P1 Avg. Reward: -16.553
Q table: 
 [[0.31  0.298 0.305 ... 0.31  0.312 0.312]
 [0.312 0.296 0.313 ... 0.311 0.303 0.311]
 [0.311 0.301 0.304 ... 0.311 0.311 0.312]
 ...
 [0.316 0.313 0.319 ... 0.319 0.311 0.323]
 [0.309 0.307 0.311 ... 0.304 0.308 0.308]
 [0.312 0.299 0.308 ... 0.311 0.306 0.306]]
Nash policies:  [(array([0.   , 0.   , 0.   , 0.   , 0.   , 0.   , 0.   , 0.   , 0.   , 0.   , 0.   , 0.126, 0.874, 0.   , 0.   , 0.   , 0.   , 0.   ]), array([0.   , 0.   , 0.   , 0.   , 0.   , 0.   , 0.   , 0.   , 0.342, 0.   , 0.   , 0.   , 0.   , 0.   , 0.658, 0.   , 0.   , 0.   ]))]
Frame: 24750000, Avg. RL Loss: 0.003, Avg. Q value: 0.324, Avg. Length: 2913.0, P0 Avg. Reward: 15.753, P1 Avg. Reward: -15.753
Q table: 
 [[0.312 0.3   0.306 ... 0.317 0.319 0.319]
 [0.319 0.297 0.313 ... 0.311 0.304 0.313]
 [0.32  0.305 0.309 ... 0.311 0.311 0.317]
 ...
 [0.317 0.313 0.319 ... 0.319 0.311 0.323]
 [0.311 0.31  0.311 ... 0.307 0.311 0.309]
 [0.321 0.299 0.309 ... 0.312 0.306 0.308]]
Nash policies:  [(array([0., 0., 0., 0., 0., 0., 0., 0., 0., 0., 0., 0., 1., 0., 0., 0., 0., 0.]), array([0., 0., 0., 0., 0., 0., 0., 0., 0., 0., 0., 0., 0., 1., 0., 0., 0., 0.]))]
Frame: 25000000, Avg. RL Loss: 0.003, Avg. Q value: 0.321, Avg. Length: 3028.9, P0 Avg. Reward: 12.825, P1 Avg. Reward: -12.825
Q table: 
 [[0.314 0.304 0.307 ... 0.319 0.318 0.319]
 [0.318 0.297 0.313 ... 0.312 0.305 0.314]
 [0.319 0.309 0.31  ... 0.312 0.312 0.316]
 ...
 [0.317 0.313 0.319 ... 0.319 0.311 0.323]
 [0.313 0.312 0.312 ... 0.312 0.314 0.311]
 [0.318 0.3   0.309 ... 0.314 0.306 0.309]]
Nash policies:  [(array([0., 0., 0., 0., 0., 0., 0., 0., 0., 0., 0., 0., 1., 0., 0., 0., 0., 0.]), array([0., 0., 0., 1., 0., 0., 0., 0., 0., 0., 0., 0., 0., 0., 0., 0., 0., 0.]))]
Frame: 25250000, Avg. RL Loss: 0.003, Avg. Q value: 0.325, Avg. Length: 3097.1, P0 Avg. Reward: 17.850, P1 Avg. Reward: -17.850
Q table: 
 [[0.317 0.304 0.308 ... 0.32  0.321 0.32 ]
 [0.32  0.298 0.314 ... 0.313 0.306 0.315]
 [0.322 0.313 0.311 ... 0.312 0.312 0.319]
 ...
 [0.317 0.313 0.319 ... 0.319 0.311 0.323]
 [0.315 0.315 0.313 ... 0.314 0.317 0.314]
 [0.322 0.3   0.309 ... 0.316 0.306 0.313]]
Nash policies:  [(array([0.   , 0.   , 0.   , 0.   , 0.   , 0.   , 0.   , 0.   , 0.   , 0.   , 0.   , 0.304, 0.696, 0.   , 0.   , 0.   , 0.   , 0.   ]), array([0.   , 0.   , 0.   , 0.   , 0.   , 0.   , 0.   , 0.   , 0.   , 0.   , 0.   , 0.162, 0.   , 0.838, 0.   , 0.   , 0.   , 0.   ]))]
Frame: 25500000, Avg. RL Loss: 0.003, Avg. Q value: 0.332, Avg. Length: 2913.0, P0 Avg. Reward: 19.100, P1 Avg. Reward: -19.100
Q table: 
 [[0.322 0.305 0.311 ... 0.328 0.329 0.329]
 [0.329 0.3   0.316 ... 0.315 0.308 0.319]
 [0.328 0.316 0.312 ... 0.314 0.314 0.328]
 ...
 [0.317 0.314 0.32  ... 0.32  0.311 0.323]
 [0.321 0.319 0.315 ... 0.318 0.325 0.317]
 [0.323 0.302 0.31  ... 0.324 0.307 0.32 ]]
Nash policies:  [(array([0., 0., 0., 0., 0., 0., 0., 0., 0., 0., 0., 1., 0., 0., 0., 0., 0., 0.]), array([0., 0., 0., 0., 0., 0., 0., 0., 1., 0., 0., 0., 0., 0., 0., 0., 0., 0.]))]
Frame: 25750000, Avg. RL Loss: 0.003, Avg. Q value: 0.336, Avg. Length: 3104.4, P0 Avg. Reward: 17.050, P1 Avg. Reward: -17.050
Q table: 
 [[0.327 0.307 0.314 ... 0.331 0.331 0.331]
 [0.331 0.304 0.318 ... 0.318 0.311 0.319]
 [0.33  0.32  0.315 ... 0.317 0.316 0.331]
 ...
 [0.319 0.315 0.324 ... 0.321 0.311 0.324]
 [0.325 0.328 0.318 ... 0.322 0.329 0.32 ]
 [0.33  0.303 0.312 ... 0.326 0.302 0.326]]
Nash policies:  [(array([0.   , 0.   , 0.   , 0.   , 0.   , 0.   , 0.   , 0.   , 0.   , 0.   , 0.   , 0.665, 0.335, 0.   , 0.   , 0.   , 0.   , 0.   ]), array([0.   , 0.   , 0.   , 0.   , 0.   , 0.408, 0.   , 0.   , 0.   , 0.   , 0.592, 0.   , 0.   , 0.   , 0.   , 0.   , 0.   , 0.   ]))]
Frame: 26000000, Avg. RL Loss: 0.003, Avg. Q value: 0.340, Avg. Length: 2958.9, P0 Avg. Reward: 17.447, P1 Avg. Reward: -17.447
Q table: 
 [[0.329 0.305 0.317 ... 0.336 0.335 0.337]
 [0.335 0.307 0.321 ... 0.32  0.313 0.321]
 [0.335 0.323 0.318 ... 0.324 0.317 0.337]
 ...
 [0.322 0.315 0.324 ... 0.323 0.311 0.324]
 [0.331 0.332 0.321 ... 0.33  0.336 0.322]
 [0.336 0.308 0.312 ... 0.328 0.303 0.327]]
Nash policies:  [(array([0., 0., 0., 0., 0., 0., 0., 0., 0., 0., 0., 1., 0., 0., 0., 0., 0., 0.]), array([0., 0., 0., 0., 1., 0., 0., 0., 0., 0., 0., 0., 0., 0., 0., 0., 0., 0.]))]
Frame: 26250000, Avg. RL Loss: 0.003, Avg. Q value: 0.341, Avg. Length: 2980.1, P0 Avg. Reward: 10.600, P1 Avg. Reward: -10.600
Q table: 
 [[0.334 0.302 0.32  ... 0.337 0.334 0.346]
 [0.334 0.316 0.325 ... 0.325 0.317 0.322]
 [0.335 0.327 0.321 ... 0.327 0.32  0.335]
 ...
 [0.324 0.317 0.325 ... 0.324 0.312 0.324]
 [0.335 0.335 0.324 ... 0.33  0.336 0.328]
 [0.334 0.311 0.314 ... 0.333 0.305 0.328]]
Nash policies:  [(array([0.  , 0.  , 0.  , 0.  , 0.  , 0.  , 0.  , 0.  , 0.  , 0.  , 0.  , 0.95, 0.05, 0.  , 0.  , 0.  , 0.  , 0.  ]), array([0.   , 0.   , 0.737, 0.   , 0.   , 0.   , 0.   , 0.   , 0.   , 0.   , 0.263, 0.   , 0.   , 0.   , 0.   , 0.   , 0.   , 0.   ]))]
Frame: 26500000, Avg. RL Loss: 0.003, Avg. Q value: 0.332, Avg. Length: 3086.9, P0 Avg. Reward: 11.224, P1 Avg. Reward: -11.224
Q table: 
 [[0.331 0.303 0.321 ... 0.33  0.331 0.345]
 [0.331 0.316 0.325 ... 0.327 0.318 0.322]
 [0.332 0.328 0.323 ... 0.327 0.323 0.331]
 ...
 [0.325 0.318 0.325 ... 0.324 0.312 0.325]
 [0.34  0.339 0.336 ... 0.33  0.335 0.338]
 [0.331 0.313 0.315 ... 0.33  0.307 0.328]]
Nash policies:  [(array([0. , 0. , 0. , 0. , 0. , 0. , 0. , 0. , 0. , 0. , 0. , 0.4, 0. , 0. , 0. , 0. , 0.6, 0. ]), array([0.   , 0.   , 0.848, 0.   , 0.   , 0.   , 0.   , 0.   , 0.152, 0.   , 0.   , 0.   , 0.   , 0.   , 0.   , 0.   , 0.   , 0.   ]))]
Frame: 26750000, Avg. RL Loss: 0.004, Avg. Q value: 0.338, Avg. Length: 2937.6, P0 Avg. Reward: 15.247, P1 Avg. Reward: -15.247
Q table: 
 [[0.333 0.305 0.324 ... 0.334 0.334 0.345]
 [0.336 0.324 0.327 ... 0.33  0.319 0.323]
 [0.336 0.328 0.326 ... 0.327 0.328 0.335]
 ...
 [0.33  0.321 0.326 ... 0.326 0.312 0.325]
 [0.34  0.34  0.341 ... 0.343 0.34  0.339]
 [0.334 0.315 0.317 ... 0.334 0.311 0.329]]
Nash policies:  [(array([0.   , 0.   , 0.   , 0.   , 0.   , 0.   , 0.   , 0.   , 0.   , 0.   , 0.   , 0.577, 0.   , 0.   , 0.   , 0.   , 0.423, 0.   ]), array([0.   , 0.   , 0.   , 0.   , 0.   , 0.   , 0.   , 0.226, 0.   , 0.   , 0.   , 0.   , 0.   , 0.   , 0.   , 0.   , 0.774, 0.   ]))]
Frame: 27000000, Avg. RL Loss: 0.003, Avg. Q value: 0.345, Avg. Length: 3087.4, P0 Avg. Reward: 18.425, P1 Avg. Reward: -18.425
Q table: 
 [[0.34  0.306 0.328 ... 0.341 0.34  0.345]
 [0.34  0.325 0.331 ... 0.334 0.319 0.326]
 [0.34  0.334 0.33  ... 0.329 0.331 0.34 ]
 ...
 [0.328 0.321 0.329 ... 0.329 0.313 0.327]
 [0.344 0.343 0.345 ... 0.349 0.343 0.346]
 [0.341 0.321 0.322 ... 0.34  0.314 0.33 ]]
Nash policies:  [(array([0.   , 0.   , 0.   , 0.   , 0.   , 0.   , 0.   , 0.   , 0.   , 0.   , 0.   , 0.094, 0.   , 0.   , 0.   , 0.   , 0.906, 0.   ]), array([0.   , 0.   , 0.   , 0.   , 0.   , 0.   , 0.   , 0.   , 0.   , 0.542, 0.   , 0.   , 0.   , 0.   , 0.   , 0.   , 0.458, 0.   ]))]
Frame: 27250000, Avg. RL Loss: 0.003, Avg. Q value: 0.347, Avg. Length: 2935.5, P0 Avg. Reward: 19.482, P1 Avg. Reward: -19.482
Q table: 
 [[0.342 0.307 0.336 ... 0.344 0.345 0.345]
 [0.344 0.325 0.333 ... 0.336 0.321 0.332]
 [0.344 0.34  0.334 ... 0.33  0.335 0.343]
 ...
 [0.329 0.326 0.331 ... 0.332 0.314 0.328]
 [0.353 0.35  0.349 ... 0.35  0.351 0.354]
 [0.343 0.323 0.328 ... 0.344 0.316 0.331]]
Nash policies:  [(array([0.   , 0.   , 0.   , 0.   , 0.   , 0.   , 0.   , 0.   , 0.   , 0.   , 0.   , 0.352, 0.   , 0.   , 0.   , 0.   , 0.648, 0.   ]), array([0.   , 0.085, 0.915, 0.   , 0.   , 0.   , 0.   , 0.   , 0.   , 0.   , 0.   , 0.   , 0.   , 0.   , 0.   , 0.   , 0.   , 0.   ]))]
Frame: 27500000, Avg. RL Loss: 0.003, Avg. Q value: 0.350, Avg. Length: 3099.8, P0 Avg. Reward: 16.363, P1 Avg. Reward: -16.363
Q table: 
 [[0.345 0.297 0.342 ... 0.348 0.347 0.345]
 [0.347 0.327 0.338 ... 0.338 0.324 0.336]
 [0.348 0.346 0.341 ... 0.332 0.34  0.347]
 ...
 [0.329 0.329 0.334 ... 0.336 0.316 0.332]
 [0.352 0.355 0.353 ... 0.35  0.354 0.354]
 [0.347 0.324 0.333 ... 0.345 0.318 0.333]]
Nash policies:  [(array([0.   , 0.   , 0.   , 0.   , 0.   , 0.   , 0.   , 0.   , 0.   , 0.   , 0.   , 0.436, 0.   , 0.   , 0.   , 0.   , 0.564, 0.   ]), array([0.   , 0.   , 0.   , 0.   , 0.   , 0.074, 0.   , 0.   , 0.926, 0.   , 0.   , 0.   , 0.   , 0.   , 0.   , 0.   , 0.   , 0.   ]))]
Frame: 27750000, Avg. RL Loss: 0.003, Avg. Q value: 0.355, Avg. Length: 2913.0, P0 Avg. Reward: 18.153, P1 Avg. Reward: -18.153
Q table: 
 [[0.35  0.298 0.347 ... 0.351 0.351 0.345]
 [0.351 0.328 0.343 ... 0.346 0.327 0.34 ]
 [0.351 0.349 0.348 ... 0.336 0.343 0.351]
 ...
 [0.33  0.336 0.339 ... 0.338 0.317 0.335]
 [0.356 0.356 0.359 ... 0.357 0.359 0.358]
 [0.351 0.324 0.338 ... 0.349 0.319 0.335]]
Nash policies:  [(array([0.   , 0.   , 0.   , 0.   , 0.   , 0.   , 0.   , 0.   , 0.   , 0.   , 0.   , 0.073, 0.   , 0.   , 0.   , 0.   , 0.927, 0.   ]), array([0.   , 0.   , 0.   , 0.   , 0.669, 0.   , 0.   , 0.   , 0.   , 0.   , 0.   , 0.   , 0.   , 0.   , 0.331, 0.   , 0.   , 0.   ]))]
Frame: 28000000, Avg. RL Loss: 0.003, Avg. Q value: 0.356, Avg. Length: 2913.0, P0 Avg. Reward: 14.871, P1 Avg. Reward: -14.871
Q table: 
 [[0.351 0.3   0.35  ... 0.351 0.351 0.346]
 [0.352 0.331 0.347 ... 0.35  0.33  0.341]
 [0.351 0.351 0.35  ... 0.339 0.348 0.35 ]
 ...
 [0.331 0.34  0.346 ... 0.342 0.319 0.337]
 [0.36  0.352 0.358 ... 0.359 0.36  0.358]
 [0.355 0.327 0.343 ... 0.351 0.328 0.338]]
Nash policies:  [(array([0.   , 0.   , 0.   , 0.   , 0.   , 0.   , 0.   , 0.   , 0.   , 0.   , 0.   , 0.719, 0.   , 0.   , 0.   , 0.   , 0.281, 0.   ]), array([0.   , 0.   , 0.   , 0.   , 0.   , 0.   , 0.   , 0.019, 0.   , 0.   , 0.   , 0.   , 0.   , 0.981, 0.   , 0.   , 0.   , 0.   ]))]
Frame: 28250000, Avg. RL Loss: 0.003, Avg. Q value: 0.359, Avg. Length: 2937.7, P0 Avg. Reward: 18.306, P1 Avg. Reward: -18.306
Q table: 
 [[0.355 0.302 0.356 ... 0.355 0.355 0.353]
 [0.355 0.332 0.352 ... 0.354 0.332 0.344]
 [0.352 0.354 0.352 ... 0.343 0.351 0.355]
 ...
 [0.333 0.348 0.348 ... 0.347 0.325 0.341]
 [0.362 0.362 0.362 ... 0.361 0.354 0.355]
 [0.355 0.332 0.347 ... 0.355 0.328 0.342]]
Nash policies:  [(array([0.   , 0.   , 0.   , 0.   , 0.   , 0.   , 0.   , 0.   , 0.   , 0.   , 0.   , 0.682, 0.   , 0.   , 0.   , 0.   , 0.318, 0.   ]), array([0.   , 0.   , 0.   , 0.   , 0.639, 0.   , 0.   , 0.   , 0.   , 0.   , 0.   , 0.   , 0.   , 0.   , 0.   , 0.   , 0.361, 0.   ]))]
Frame: 28500000, Avg. RL Loss: 0.003, Avg. Q value: 0.363, Avg. Length: 2913.0, P0 Avg. Reward: 19.847, P1 Avg. Reward: -19.847
Q table: 
 [[0.359 0.305 0.356 ... 0.36  0.359 0.353]
 [0.36  0.335 0.355 ... 0.357 0.333 0.351]
 [0.35  0.358 0.354 ... 0.348 0.356 0.36 ]
 ...
 [0.338 0.352 0.351 ... 0.352 0.327 0.346]
 [0.364 0.365 0.367 ... 0.363 0.367 0.364]
 [0.355 0.334 0.353 ... 0.359 0.329 0.351]]
Nash policies:  [(array([0.  , 0.  , 0.  , 0.  , 0.  , 0.  , 0.  , 0.  , 0.  , 0.  , 0.  , 0.62, 0.  , 0.  , 0.  , 0.  , 0.38, 0.  ]), array([0.   , 0.   , 0.   , 0.   , 0.   , 0.738, 0.   , 0.   , 0.   , 0.   , 0.   , 0.   , 0.   , 0.   , 0.   , 0.   , 0.   , 0.262]))]
Frame: 28750000, Avg. RL Loss: 0.003, Avg. Q value: 0.369, Avg. Length: 2913.0, P0 Avg. Reward: 19.000, P1 Avg. Reward: -19.000
Q table: 
 [[0.366 0.306 0.357 ... 0.366 0.366 0.356]
 [0.366 0.337 0.362 ... 0.363 0.339 0.358]
 [0.351 0.365 0.363 ... 0.35  0.357 0.366]
 ...
 [0.34  0.358 0.355 ... 0.361 0.329 0.353]
 [0.369 0.37  0.367 ... 0.367 0.37  0.369]
 [0.356 0.335 0.357 ... 0.363 0.331 0.355]]
Nash policies:  [(array([0.   , 0.   , 0.   , 0.   , 0.   , 0.   , 0.   , 0.   , 0.   , 0.   , 0.   , 0.928, 0.   , 0.   , 0.   , 0.   , 0.072, 0.   ]), array([0.   , 0.   , 0.   , 0.   , 0.   , 0.   , 0.   , 0.   , 0.   , 0.   , 0.   , 0.609, 0.   , 0.   , 0.   , 0.   , 0.   , 0.391]))]
Frame: 29000000, Avg. RL Loss: 0.003, Avg. Q value: 0.373, Avg. Length: 2913.1, P0 Avg. Reward: 16.435, P1 Avg. Reward: -16.435
Q table: 
 [[0.369 0.314 0.358 ... 0.369 0.369 0.356]
 [0.369 0.339 0.367 ... 0.368 0.342 0.363]
 [0.352 0.369 0.368 ... 0.352 0.366 0.369]
 ...
 [0.341 0.362 0.361 ... 0.367 0.331 0.355]
 [0.369 0.37  0.367 ... 0.37  0.37  0.369]
 [0.358 0.349 0.361 ... 0.368 0.334 0.364]]
Nash policies:  [(array([0., 0., 0., 0., 0., 0., 0., 0., 0., 0., 0., 1., 0., 0., 0., 0., 0., 0.]), array([0., 0., 0., 0., 0., 0., 0., 0., 0., 0., 1., 0., 0., 0., 0., 0., 0., 0.]))]
Frame: 29250000, Avg. RL Loss: 0.003, Avg. Q value: 0.367, Avg. Length: 3140.6, P0 Avg. Reward: 10.712, P1 Avg. Reward: -10.712
Q table: 
 [[0.364 0.319 0.359 ... 0.363 0.364 0.357]
 [0.363 0.356 0.361 ... 0.365 0.363 0.363]
 [0.353 0.366 0.366 ... 0.36  0.364 0.363]
 ...
 [0.349 0.363 0.362 ... 0.364 0.341 0.356]
 [0.365 0.369 0.368 ... 0.367 0.37  0.369]
 [0.359 0.354 0.362 ... 0.363 0.336 0.364]]
Nash policies:  [(array([0.   , 0.   , 0.   , 0.   , 0.   , 0.   , 0.   , 0.   , 0.   , 0.021, 0.   , 0.293, 0.   , 0.   , 0.   , 0.   , 0.686, 0.   ]), array([0.07 , 0.   , 0.328, 0.   , 0.   , 0.   , 0.   , 0.   , 0.   , 0.   , 0.603, 0.   , 0.   , 0.   , 0.   , 0.   , 0.   , 0.   ]))]
Frame: 29500000, Avg. RL Loss: 0.003, Avg. Q value: 0.370, Avg. Length: 2993.8, P0 Avg. Reward: 12.937, P1 Avg. Reward: -12.937
Q table: 
 [[0.366 0.325 0.367 ... 0.366 0.365 0.358]
 [0.366 0.357 0.361 ... 0.366 0.364 0.365]
 [0.354 0.366 0.366 ... 0.363 0.366 0.366]
 ...
 [0.353 0.366 0.364 ... 0.366 0.342 0.357]
 [0.365 0.371 0.37  ... 0.369 0.37  0.369]
 [0.36  0.358 0.364 ... 0.366 0.342 0.365]]
Nash policies:  [(array([0.   , 0.   , 0.   , 0.   , 0.   , 0.   , 0.246, 0.   , 0.   , 0.   , 0.   , 0.754, 0.   , 0.   , 0.   , 0.   , 0.   , 0.   ]), array([0.641, 0.   , 0.359, 0.   , 0.   , 0.   , 0.   , 0.   , 0.   , 0.   , 0.   , 0.   , 0.   , 0.   , 0.   , 0.   , 0.   , 0.   ]))]
Frame: 29750000, Avg. RL Loss: 0.003, Avg. Q value: 0.370, Avg. Length: 2914.8, P0 Avg. Reward: 15.956, P1 Avg. Reward: -15.956
Q table: 
 [[0.366 0.331 0.367 ... 0.368 0.369 0.359]
 [0.367 0.357 0.361 ... 0.365 0.364 0.366]
 [0.356 0.369 0.366 ... 0.365 0.364 0.369]
 ...
 [0.357 0.367 0.365 ... 0.366 0.343 0.363]
 [0.365 0.37  0.37  ... 0.368 0.37  0.369]
 [0.362 0.36  0.366 ... 0.369 0.345 0.365]]
Nash policies:  [(array([0., 0., 0., 0., 0., 0., 0., 0., 0., 0., 0., 1., 0., 0., 0., 0., 0., 0.]), array([1., 0., 0., 0., 0., 0., 0., 0., 0., 0., 0., 0., 0., 0., 0., 0., 0., 0.]))]
Frame: 30000000, Avg. RL Loss: 0.003, Avg. Q value: 0.374, Avg. Length: 2916.2, P0 Avg. Reward: 14.725, P1 Avg. Reward: -14.725
Q table: 
 [[0.369 0.332 0.371 ... 0.368 0.368 0.36 ]
 [0.369 0.358 0.362 ... 0.369 0.364 0.368]
 [0.359 0.369 0.366 ... 0.368 0.368 0.369]
 ...
 [0.36  0.369 0.369 ... 0.368 0.344 0.366]
 [0.37  0.371 0.37  ... 0.369 0.37  0.369]
 [0.365 0.363 0.369 ... 0.37  0.349 0.369]]
Nash policies:  [(array([0.   , 0.   , 0.   , 0.   , 0.   , 0.   , 0.364, 0.   , 0.   , 0.   , 0.   , 0.636, 0.   , 0.   , 0.   , 0.   , 0.   , 0.   ]), array([0.412, 0.   , 0.   , 0.   , 0.   , 0.   , 0.   , 0.   , 0.   , 0.   , 0.588, 0.   , 0.   , 0.   , 0.   , 0.   , 0.   , 0.   ]))]
Frame: 30250000, Avg. RL Loss: 0.003, Avg. Q value: 0.379, Avg. Length: 2974.6, P0 Avg. Reward: 17.900, P1 Avg. Reward: -17.900
Q table: 
 [[0.375 0.334 0.373 ... 0.376 0.372 0.363]
 [0.375 0.359 0.362 ... 0.371 0.366 0.372]
 [0.363 0.375 0.367 ... 0.373 0.375 0.375]
 ...
 [0.369 0.373 0.374 ... 0.374 0.345 0.369]
 [0.37  0.372 0.37  ... 0.369 0.37  0.369]
 [0.371 0.367 0.374 ... 0.375 0.352 0.373]]
Nash policies:  [(array([0., 0., 0., 0., 0., 0., 0., 0., 0., 0., 0., 1., 0., 0., 0., 0., 0., 0.]), array([0., 0., 0., 0., 0., 0., 1., 0., 0., 0., 0., 0., 0., 0., 0., 0., 0., 0.]))]
Frame: 30500000, Avg. RL Loss: 0.003, Avg. Q value: 0.384, Avg. Length: 2913.1, P0 Avg. Reward: 18.976, P1 Avg. Reward: -18.976
Q table: 
 [[0.38  0.339 0.373 ... 0.379 0.379 0.364]
 [0.38  0.36  0.363 ... 0.379 0.367 0.379]
 [0.364 0.379 0.369 ... 0.378 0.385 0.378]
 ...
 [0.373 0.376 0.376 ... 0.379 0.346 0.374]
 [0.37  0.372 0.37  ... 0.369 0.37  0.369]
 [0.375 0.37  0.378 ... 0.38  0.356 0.378]]
Nash policies:  [(array([0., 0., 0., 0., 0., 0., 0., 0., 0., 0., 0., 1., 0., 0., 0., 0., 0., 0.]), array([0., 0., 0., 0., 0., 0., 0., 0., 0., 0., 1., 0., 0., 0., 0., 0., 0., 0.]))]
Frame: 30750000, Avg. RL Loss: 0.003, Avg. Q value: 0.371, Avg. Length: 3248.4, P0 Avg. Reward: 4.347, P1 Avg. Reward: -4.347
Q table: 
 [[0.357 0.352 0.373 ... 0.364 0.37  0.365]
 [0.366 0.361 0.363 ... 0.379 0.367 0.366]
 [0.365 0.365 0.369 ... 0.372 0.384 0.364]
 ...
 [0.367 0.373 0.367 ... 0.364 0.347 0.369]
 [0.37  0.372 0.37  ... 0.368 0.37  0.364]
 [0.369 0.366 0.368 ... 0.368 0.367 0.371]]
Nash policies:  [(array([0.   , 0.   , 0.   , 0.   , 0.   , 0.   , 0.   , 0.   , 0.   , 0.   , 0.   , 0.217, 0.   , 0.   , 0.783, 0.   , 0.   , 0.   ]), array([0.   , 0.   , 0.   , 0.   , 0.   , 0.   , 0.   , 0.   , 0.   , 0.   , 0.776, 0.   , 0.   , 0.224, 0.   , 0.   , 0.   , 0.   ]))]
Frame: 31000000, Avg. RL Loss: 0.003, Avg. Q value: 0.376, Avg. Length: 2913.2, P0 Avg. Reward: 18.071, P1 Avg. Reward: -18.071
Q table: 
 [[0.358 0.352 0.373 ... 0.367 0.371 0.366]
 [0.372 0.362 0.363 ... 0.378 0.368 0.372]
 [0.366 0.374 0.37  ... 0.374 0.384 0.374]
 ...
 [0.37  0.373 0.374 ... 0.374 0.352 0.369]
 [0.37  0.372 0.37  ... 0.368 0.37  0.364]
 [0.372 0.372 0.374 ... 0.374 0.368 0.371]]
Nash policies:  [(array([0., 0., 0., 0., 0., 0., 0., 0., 0., 0., 0., 1., 0., 0., 0., 0., 0., 0.]), array([0., 0., 0., 0., 0., 0., 1., 0., 0., 0., 0., 0., 0., 0., 0., 0., 0., 0.]))]
Frame: 31250000, Avg. RL Loss: 0.003, Avg. Q value: 0.375, Avg. Length: 3377.4, P0 Avg. Reward: 12.253, P1 Avg. Reward: -12.253
Q table: 
 [[0.358 0.353 0.373 ... 0.368 0.371 0.367]
 [0.364 0.365 0.364 ... 0.378 0.368 0.372]
 [0.367 0.37  0.37  ... 0.372 0.384 0.374]
 ...
 [0.367 0.373 0.37  ... 0.367 0.354 0.369]
 [0.363 0.372 0.37  ... 0.368 0.37  0.361]
 [0.373 0.373 0.367 ... 0.369 0.369 0.369]]
Nash policies:  [(array([0.   , 0.   , 0.   , 0.   , 0.   , 0.   , 0.   , 0.   , 0.   , 0.   , 0.   , 0.442, 0.   , 0.   , 0.   , 0.   , 0.   , 0.558]), array([0.558, 0.   , 0.   , 0.   , 0.   , 0.   , 0.   , 0.   , 0.   , 0.   , 0.   , 0.   , 0.   , 0.   , 0.   , 0.   , 0.   , 0.442]))]
Frame: 31500000, Avg. RL Loss: 0.003, Avg. Q value: 0.376, Avg. Length: 2921.8, P0 Avg. Reward: 13.000, P1 Avg. Reward: -13.000
Q table: 
 [[0.359 0.354 0.373 ... 0.371 0.371 0.37 ]
 [0.37  0.366 0.364 ... 0.377 0.369 0.372]
 [0.368 0.37  0.371 ... 0.372 0.382 0.371]
 ...
 [0.37  0.373 0.371 ... 0.372 0.355 0.369]
 [0.364 0.372 0.37  ... 0.368 0.37  0.361]
 [0.379 0.376 0.376 ... 0.378 0.372 0.38 ]]
Nash policies:  [(array([0.   , 0.   , 0.   , 0.   , 0.   , 0.   , 0.   , 0.   , 0.   , 0.   , 0.   , 0.904, 0.   , 0.   , 0.   , 0.   , 0.   , 0.096]), array([0.   , 0.   , 0.   , 0.   , 0.   , 0.   , 0.   , 0.   , 0.   , 0.   , 0.   , 0.   , 0.   , 0.711, 0.   , 0.   , 0.289, 0.   ]))]
Frame: 31750000, Avg. RL Loss: 0.003, Avg. Q value: 0.378, Avg. Length: 2913.9, P0 Avg. Reward: 15.447, P1 Avg. Reward: -15.447
Q table: 
 [[0.36  0.355 0.373 ... 0.374 0.371 0.372]
 [0.374 0.366 0.365 ... 0.377 0.37  0.375]
 [0.374 0.378 0.371 ... 0.375 0.38  0.37 ]
 ...
 [0.371 0.373 0.374 ... 0.374 0.357 0.369]
 [0.364 0.372 0.37  ... 0.369 0.37  0.361]
 [0.38  0.382 0.376 ... 0.381 0.378 0.38 ]]
Nash policies:  [(array([0.   , 0.   , 0.097, 0.   , 0.   , 0.   , 0.   , 0.   , 0.   , 0.   , 0.   , 0.441, 0.   , 0.   , 0.   , 0.   , 0.   , 0.463]), array([0.   , 0.   , 0.   , 0.25 , 0.666, 0.   , 0.   , 0.   , 0.   , 0.   , 0.   , 0.   , 0.   , 0.   , 0.   , 0.   , 0.   , 0.084]))]
Frame: 32000000, Avg. RL Loss: 0.003, Avg. Q value: 0.381, Avg. Length: 2914.4, P0 Avg. Reward: 18.859, P1 Avg. Reward: -18.859
Q table: 
 [[0.362 0.358 0.373 ... 0.376 0.371 0.377]
 [0.375 0.367 0.367 ... 0.377 0.381 0.378]
 [0.377 0.378 0.377 ... 0.386 0.381 0.378]
 ...
 [0.375 0.373 0.377 ... 0.377 0.361 0.37 ]
 [0.365 0.372 0.37  ... 0.369 0.371 0.362]
 [0.384 0.387 0.387 ... 0.384 0.387 0.384]]
Nash policies:  [(array([0.   , 0.   , 0.   , 0.   , 0.   , 0.   , 0.   , 0.   , 0.   , 0.   , 0.   , 0.467, 0.   , 0.   , 0.   , 0.   , 0.   , 0.533]), array([0.  , 0.  , 0.  , 0.77, 0.  , 0.23, 0.  , 0.  , 0.  , 0.  , 0.  , 0.  , 0.  , 0.  , 0.  , 0.  , 0.  , 0.  ]))]
Frame: 32250000, Avg. RL Loss: 0.003, Avg. Q value: 0.387, Avg. Length: 2913.1, P0 Avg. Reward: 17.789, P1 Avg. Reward: -17.789
Q table: 
 [[0.365 0.363 0.374 ... 0.383 0.372 0.38 ]
 [0.383 0.369 0.369 ... 0.378 0.381 0.383]
 [0.377 0.378 0.378 ... 0.386 0.381 0.378]
 ...
 [0.381 0.375 0.383 ... 0.383 0.371 0.372]
 [0.365 0.373 0.371 ... 0.37  0.371 0.362]
 [0.387 0.387 0.388 ... 0.391 0.388 0.388]]
Nash policies:  [(array([0., 0., 0., 0., 0., 0., 0., 0., 0., 0., 0., 1., 0., 0., 0., 0., 0., 0.]), array([0., 1., 0., 0., 0., 0., 0., 0., 0., 0., 0., 0., 0., 0., 0., 0., 0., 0.]))]
Frame: 32500000, Avg. RL Loss: 0.003, Avg. Q value: 0.391, Avg. Length: 2913.0, P0 Avg. Reward: 17.882, P1 Avg. Reward: -17.882
Q table: 
 [[0.367 0.365 0.377 ... 0.385 0.372 0.385]
 [0.387 0.373 0.372 ... 0.38  0.381 0.387]
 [0.378 0.379 0.378 ... 0.386 0.381 0.378]
 ...
 [0.385 0.376 0.386 ... 0.386 0.378 0.375]
 [0.366 0.373 0.371 ... 0.372 0.373 0.364]
 [0.392 0.389 0.387 ... 0.392 0.389 0.393]]
Nash policies:  [(array([0.   , 0.   , 0.   , 0.   , 0.   , 0.   , 0.   , 0.   , 0.   , 0.   , 0.   , 0.707, 0.   , 0.   , 0.   , 0.   , 0.   , 0.293]), array([0.  , 0.  , 0.23, 0.  , 0.  , 0.  , 0.  , 0.  , 0.  , 0.  , 0.  , 0.  , 0.  , 0.77, 0.  , 0.  , 0.  , 0.  ]))]
Frame: 32750000, Avg. RL Loss: 0.003, Avg. Q value: 0.390, Avg. Length: 3150.1, P0 Avg. Reward: 15.125, P1 Avg. Reward: -15.125
Q table: 
 [[0.37  0.369 0.379 ... 0.385 0.375 0.385]
 [0.385 0.374 0.376 ... 0.382 0.382 0.384]
 [0.379 0.379 0.378 ... 0.386 0.381 0.378]
 ...
 [0.383 0.378 0.385 ... 0.386 0.38  0.376]
 [0.366 0.374 0.372 ... 0.372 0.374 0.365]
 [0.39  0.39  0.393 ... 0.392 0.389 0.392]]
Nash policies:  [(array([0.   , 0.   , 0.   , 0.   , 0.   , 0.   , 0.   , 0.   , 0.   , 0.   , 0.   , 0.205, 0.   , 0.   , 0.   , 0.052, 0.   , 0.743]), array([0.088, 0.   , 0.   , 0.   , 0.   , 0.   , 0.   , 0.   , 0.   , 0.   , 0.054, 0.   , 0.   , 0.858, 0.   , 0.   , 0.   , 0.   ]))]