Cannot import pettingzoo env:  pong_v2
                          Options
                          seed: 1122
                          batch_size: 1024
                          no_cuda: False
                          max_frames: 500000000
                          buffer_size: 100000
                          update_target: 1000
                          train_freq: 100
                          gamma: 0.99
                          eta: 0.1
                          rl_start: 10000
                          sl_start: 1000
                          num_envs: 3
                          hidden_dim: 256
                          dueling: False
                          multi_step: 1
                          cce: False
                          env: boxing_v1
                          ram: True
                          negative: False
                          against_baseline: False
                          load_model: None
                          save_model: model
                          evaluate: False
                          render: False
                          evaluation_interval: 50000
                          lr: 0.0001
                          max_tag_interval: 10000
                          eps_start: 1.0
                          eps_final: 0.01
                          eps_decay: 30000
                          cuda: True
                          device: cuda:0
[Box(0, 255, (128,), uint8), Box(0, 255, (128,), uint8), Box(0, 255, (128,), uint8)] [Discrete(18), Discrete(18), Discrete(18)]
(128,)
(128,)
Frame: 150000, Avg. RL Loss: 0.032, Avg. Q value: 0.013, Avg. Length: 7139.0, P0 Avg. Reward: -0.095, P1 Avg. Reward: 0.095
Q table: 
 [[ 0.036  0.024 -0.028 ... -0.083  0.07   0.036]
 [-0.041 -0.033 -0.083 ...  0.014 -0.08  -0.094]
 [ 0.04   0.126  0.004 ...  0.019  0.024 -0.044]
 ...
 [ 0.045  0.004  0.031 ... -0.057  0.102  0.022]
 [ 0.007 -0.047  0.003 ...  0.03   0.025 -0.066]
 [ 0.107 -0.03   0.11  ... -0.028  0.038  0.041]]
Nash policies:  [(array([0.137, 0.   , 0.082, 0.012, 0.127, 0.136, 0.   , 0.   , 0.049, 0.138, 0.   , 0.157, 0.   , 0.015, 0.083, 0.065, 0.   , 0.   ]), array([0.   , 0.096, 0.   , 0.085, 0.   , 0.039, 0.   , 0.095, 0.   , 0.069, 0.096, 0.   , 0.103, 0.182, 0.033, 0.029, 0.   , 0.174]))]
Frame: 300000, Avg. RL Loss: 0.000, Avg. Q value: 0.007, Avg. Length: 7139.0, P0 Avg. Reward: 0.000, P1 Avg. Reward: 0.000
Q table: 
 [[ 0.025  0.03  -0.013 ... -0.063  0.046  0.018]
 [-0.044 -0.031 -0.068 ...  0.008 -0.053 -0.073]
 [ 0.035  0.101  0.004 ...  0.015  0.024 -0.017]
 ...
 [ 0.044  0.     0.029 ... -0.049  0.074  0.014]
 [-0.005 -0.031  0.006 ...  0.027  0.019 -0.05 ]
 [ 0.081 -0.03   0.081 ... -0.023  0.027  0.033]]
Nash policies:  [(array([0.073, 0.   , 0.067, 0.083, 0.025, 0.221, 0.   , 0.   , 0.07 , 0.148, 0.   , 0.114, 0.   , 0.11 , 0.071, 0.019, 0.   , 0.   ]), array([0.   , 0.106, 0.   , 0.   , 0.015, 0.   , 0.   , 0.184, 0.   , 0.074, 0.092, 0.051, 0.104, 0.134, 0.026, 0.068, 0.   , 0.146]))]
Frame: 450000, Avg. RL Loss: 0.000, Avg. Q value: 0.003, Avg. Length: 7139.0, P0 Avg. Reward: 0.000, P1 Avg. Reward: 0.000
Q table: 
 [[ 0.021  0.033 -0.006 ... -0.053  0.035  0.009]
 [-0.045 -0.031 -0.063 ...  0.004 -0.039 -0.065]
 [ 0.033  0.092  0.004 ...  0.013  0.025 -0.008]
 ...
 [ 0.045 -0.002  0.028 ... -0.046  0.062  0.01 ]
 [-0.011 -0.024  0.008 ...  0.026  0.016 -0.041]
 [ 0.071 -0.03   0.071 ... -0.022  0.022  0.029]]
Nash policies:  [(array([0.058, 0.   , 0.085, 0.054, 0.047, 0.213, 0.   , 0.   , 0.117, 0.188, 0.   , 0.063, 0.   , 0.047, 0.129, 0.   , 0.   , 0.   ]), array([0.   , 0.094, 0.   , 0.   , 0.   , 0.   , 0.   , 0.185, 0.   , 0.085, 0.093, 0.091, 0.102, 0.066, 0.   , 0.143, 0.023, 0.117]))]
Frame: 600000, Avg. RL Loss: 0.000, Avg. Q value: 0.003, Avg. Length: 7139.0, P0 Avg. Reward: 0.000, P1 Avg. Reward: 0.000
Q table: 
 [[ 0.017  0.038  0.001 ... -0.044  0.027  0.001]
 [-0.048 -0.033 -0.06  ...  0.002 -0.029 -0.06 ]
 [ 0.033  0.085  0.003 ...  0.013  0.026 -0.001]
 ...
 [ 0.049 -0.005  0.028 ... -0.043  0.055  0.006]
 [-0.017 -0.019  0.01  ...  0.025  0.013 -0.037]
 [ 0.063 -0.032  0.063 ... -0.022  0.018  0.026]]
Nash policies:  [(array([0.006, 0.   , 0.095, 0.041, 0.042, 0.237, 0.   , 0.   , 0.156, 0.219, 0.   , 0.001, 0.   , 0.033, 0.171, 0.   , 0.   , 0.   ]), array([0.   , 0.096, 0.   , 0.   , 0.   , 0.   , 0.   , 0.136, 0.02 , 0.076, 0.106, 0.114, 0.086, 0.   , 0.   , 0.181, 0.094, 0.092]))]
Frame: 750000, Avg. RL Loss: 0.000, Avg. Q value: 0.004, Avg. Length: 7139.0, P0 Avg. Reward: 0.000, P1 Avg. Reward: 0.000
Q table: 
 [[ 0.02   0.028 -0.006 ... -0.053  0.033  0.01 ]
 [-0.042 -0.028 -0.056 ...  0.004 -0.028 -0.062]
 [ 0.032  0.086  0.003 ...  0.012  0.022 -0.008]
 ...
 [ 0.039 -0.001  0.026 ... -0.044  0.058  0.01 ]
 [-0.006 -0.024  0.007 ...  0.024  0.015 -0.037]
 [ 0.065 -0.027  0.068 ... -0.019  0.022  0.027]]
Nash policies:  [(array([0.022, 0.   , 0.076, 0.061, 0.027, 0.25 , 0.   , 0.   , 0.154, 0.194, 0.   , 0.031, 0.   , 0.073, 0.113, 0.   , 0.   , 0.   ]), array([0.   , 0.095, 0.   , 0.   , 0.   , 0.   , 0.   , 0.183, 0.   , 0.088, 0.097, 0.085, 0.098, 0.072, 0.   , 0.139, 0.024, 0.119]))]
Frame: 900000, Avg. RL Loss: 0.000, Avg. Q value: 0.004, Avg. Length: 7139.0, P0 Avg. Reward: 0.000, P1 Avg. Reward: 0.000
Q table: 
 [[ 0.015  0.037  0.004 ... -0.039  0.023 -0.002]
 [-0.047 -0.033 -0.054 ...  0.001 -0.021 -0.053]
 [ 0.031  0.079  0.003 ...  0.011  0.026  0.002]
 ...
 [ 0.048 -0.006  0.027 ... -0.041  0.048  0.004]
 [-0.018 -0.016  0.01  ...  0.024  0.011 -0.033]
 [ 0.055 -0.031  0.058 ... -0.021  0.015  0.024]]
Nash policies:  [(array([0.016, 0.   , 0.09 , 0.03 , 0.052, 0.219, 0.   , 0.   , 0.153, 0.24 , 0.   , 0.   , 0.   , 0.011, 0.19 , 0.   , 0.   , 0.   ]), array([0.   , 0.099, 0.   , 0.   , 0.   , 0.   , 0.   , 0.154, 0.   , 0.093, 0.093, 0.107, 0.086, 0.   , 0.   , 0.185, 0.079, 0.106]))]
Frame: 1050000, Avg. RL Loss: 0.000, Avg. Q value: 0.004, Avg. Length: 7139.0, P0 Avg. Reward: 0.000, P1 Avg. Reward: 0.000
Q table: 
 [[ 0.013  0.038  0.006 ... -0.036  0.021 -0.004]
 [-0.048 -0.032 -0.051 ... -0.    -0.018 -0.05 ]
 [ 0.031  0.077  0.003 ...  0.011  0.026  0.003]
 ...
 [ 0.049 -0.006  0.027 ... -0.04   0.038  0.003]
 [-0.019 -0.013  0.011 ...  0.024  0.01  -0.03 ]
 [ 0.052 -0.031  0.055 ... -0.02   0.014  0.023]]
Nash policies:  [(array([0.021, 0.   , 0.078, 0.022, 0.056, 0.209, 0.   , 0.   , 0.147, 0.259, 0.   , 0.   , 0.   , 0.   , 0.206, 0.   , 0.   , 0.   ]), array([0.   , 0.1  , 0.   , 0.   , 0.   , 0.   , 0.   , 0.148, 0.   , 0.096, 0.087, 0.107, 0.082, 0.   , 0.   , 0.19 , 0.085, 0.106]))]
Frame: 1200000, Avg. RL Loss: 0.000, Avg. Q value: 0.003, Avg. Length: 7139.0, P0 Avg. Reward: 0.000, P1 Avg. Reward: 0.000
Q table: 
 [[ 0.021  0.015 -0.014 ... -0.058  0.034  0.017]
 [-0.031 -0.018 -0.047 ...  0.005 -0.022 -0.057]
 [ 0.025  0.084  0.004 ...  0.009  0.013 -0.016]
 ...
 [ 0.021  0.004  0.023 ... -0.043  0.043  0.013]
 [ 0.013 -0.023  0.003 ...  0.023  0.015 -0.03 ]
 [ 0.056 -0.019  0.065 ... -0.011  0.024  0.026]]
Nash policies:  [(array([0.033, 0.   , 0.   , 0.12 , 0.044, 0.277, 0.   , 0.   , 0.096, 0.158, 0.   , 0.083, 0.   , 0.143, 0.008, 0.038, 0.   , 0.   ]), array([0.   , 0.075, 0.   , 0.111, 0.   , 0.   , 0.   , 0.097, 0.   , 0.05 , 0.106, 0.   , 0.101, 0.212, 0.024, 0.03 , 0.   , 0.195]))]
Frame: 1350000, Avg. RL Loss: 0.000, Avg. Q value: 0.003, Avg. Length: 7139.0, P0 Avg. Reward: 0.000, P1 Avg. Reward: 0.000
Q table: 
 [[ 0.012  0.031  0.001 ... -0.04   0.023  0.   ]
 [-0.041 -0.026 -0.045 ...  0.    -0.013 -0.045]
 [ 0.025  0.076  0.004 ...  0.01   0.02  -0.001]
 ...
 [ 0.036 -0.003  0.024 ... -0.039  0.025  0.005]
 [-0.009 -0.013  0.008 ...  0.023  0.01  -0.027]
 [ 0.044 -0.024  0.048 ... -0.016  0.015  0.022]]
Nash policies:  [(array([0.001, 0.   , 0.064, 0.058, 0.041, 0.25 , 0.   , 0.   , 0.143, 0.236, 0.   , 0.   , 0.   , 0.037, 0.17 , 0.   , 0.   , 0.   ]), array([0.   , 0.093, 0.   , 0.   , 0.   , 0.   , 0.   , 0.091, 0.   , 0.108, 0.136, 0.076, 0.093, 0.   , 0.   , 0.16 , 0.092, 0.152]))]
Frame: 1500000, Avg. RL Loss: 0.000, Avg. Q value: 0.004, Avg. Length: 7139.0, P0 Avg. Reward: 0.000, P1 Avg. Reward: 0.000
Q table: 
 [[ 0.006  0.047  0.016 ... -0.021  0.01  -0.015]
 [-0.051 -0.036 -0.043 ... -0.004 -0.006 -0.033]
 [ 0.028  0.067  0.003 ...  0.011  0.027  0.013]
 ...
 [ 0.054 -0.01   0.027 ... -0.034  0.009 -0.004]
 [-0.035 -0.004  0.014 ...  0.021  0.004 -0.023]
 [ 0.037 -0.031  0.039 ... -0.02   0.008  0.018]]
Nash policies:  [(array([0.   , 0.109, 0.079, 0.   , 0.   , 0.122, 0.   , 0.   , 0.184, 0.239, 0.   , 0.012, 0.028, 0.029, 0.198, 0.   , 0.   , 0.   ]), array([0.   , 0.037, 0.   , 0.   , 0.   , 0.083, 0.   , 0.   , 0.   , 0.116, 0.062, 0.094, 0.122, 0.   , 0.   , 0.301, 0.09 , 0.095]))]
Frame: 1650000, Avg. RL Loss: 0.000, Avg. Q value: 0.003, Avg. Length: 7139.0, P0 Avg. Reward: 0.000, P1 Avg. Reward: 0.000
Q table: 
 [[ 0.008  0.024 -0.001 ... -0.035  0.019  0.003]
 [-0.032 -0.016 -0.031 ... -0.    -0.004 -0.037]
 [ 0.02   0.066  0.003 ...  0.007  0.012 -0.004]
 ...
 [ 0.023 -0.     0.021 ... -0.031  0.014  0.003]
 [-0.007 -0.011  0.006 ...  0.018  0.007 -0.018]
 [ 0.036 -0.016  0.048 ... -0.007  0.016  0.019]]
Nash policies:  [(array([0.034, 0.   , 0.051, 0.069, 0.032, 0.25 , 0.   , 0.   , 0.092, 0.2  , 0.   , 0.072, 0.   , 0.046, 0.104, 0.   , 0.048, 0.003]), array([0.   , 0.092, 0.   , 0.061, 0.   , 0.   , 0.   , 0.064, 0.102, 0.018, 0.078, 0.036, 0.081, 0.165, 0.   , 0.101, 0.113, 0.088]))]
Frame: 1800000, Avg. RL Loss: 0.000, Avg. Q value: 0.003, Avg. Length: 7139.0, P0 Avg. Reward: 0.000, P1 Avg. Reward: 0.000
Q table: 
 [[ 0.008  0.007 -0.008 ... -0.036  0.023  0.011]
 [-0.022 -0.007 -0.024 ...  0.002 -0.002 -0.037]
 [ 0.015  0.059  0.003 ...  0.004  0.005 -0.01 ]
 ...
 [ 0.007  0.003  0.015 ... -0.027  0.014  0.005]
 [ 0.006 -0.011  0.003 ...  0.015  0.008 -0.01 ]
 [ 0.033 -0.006  0.046 ... -0.     0.015  0.018]]
Nash policies:  [(array([0.141, 0.   , 0.023, 0.   , 0.181, 0.104, 0.   , 0.   , 0.001, 0.097, 0.   , 0.161, 0.   , 0.   , 0.041, 0.062, 0.188, 0.   ]), array([0.   , 0.082, 0.016, 0.162, 0.   , 0.   , 0.   , 0.087, 0.   , 0.   , 0.095, 0.   , 0.102, 0.2  , 0.055, 0.   , 0.026, 0.175]))]
Frame: 1950000, Avg. RL Loss: 0.000, Avg. Q value: 0.003, Avg. Length: 7139.0, P0 Avg. Reward: 0.000, P1 Avg. Reward: 0.000
Q table: 
 [[ 0.007  0.006 -0.005 ... -0.028  0.016  0.008]
 [-0.02  -0.005 -0.022 ...  0.002 -0.001 -0.026]
 [ 0.012  0.056  0.003 ...  0.004  0.005 -0.008]
 ...
 [ 0.005  0.003  0.013 ... -0.024  0.011  0.004]
 [ 0.004 -0.007  0.003 ...  0.013  0.006 -0.008]
 [ 0.026 -0.004  0.04  ...  0.001  0.013  0.014]]
Nash policies:  [(array([0.127, 0.   , 0.024, 0.   , 0.151, 0.069, 0.   , 0.   , 0.   , 0.091, 0.   , 0.144, 0.   , 0.   , 0.065, 0.096, 0.211, 0.022]), array([0.   , 0.059, 0.   , 0.119, 0.   , 0.   , 0.   , 0.063, 0.   , 0.   , 0.101, 0.   , 0.123, 0.174, 0.043, 0.029, 0.148, 0.141]))]
Frame: 2100000, Avg. RL Loss: 0.000, Avg. Q value: 0.003, Avg. Length: 7139.0, P0 Avg. Reward: 0.000, P1 Avg. Reward: 0.000
Q table: 
 [[ 0.003  0.028  0.01  ... -0.011  0.006 -0.009]
 [-0.033 -0.019 -0.026 ... -0.001  0.001 -0.023]
 [ 0.014  0.051  0.003 ...  0.006  0.016  0.007]
 ...
 [ 0.032 -0.005  0.016 ... -0.021  0.007 -0.001]
 [-0.02  -0.001  0.009 ...  0.014  0.003 -0.01 ]
 [ 0.02  -0.018  0.029 ... -0.009  0.008  0.013]]
Nash policies:  [(array([0.   , 0.045, 0.014, 0.   , 0.028, 0.165, 0.   , 0.   , 0.151, 0.277, 0.023, 0.037, 0.   , 0.056, 0.205, 0.   , 0.   , 0.   ]), array([0.   , 0.026, 0.   , 0.   , 0.   , 0.025, 0.   , 0.067, 0.   , 0.102, 0.107, 0.047, 0.207, 0.   , 0.   , 0.241, 0.044, 0.135]))]
Frame: 2250000, Avg. RL Loss: 0.000, Avg. Q value: 0.003, Avg. Length: 7139.0, P0 Avg. Reward: 0.000, P1 Avg. Reward: 0.000
Q table: 
 [[ 0.006 -0.013 -0.006 ... -0.014  0.012  0.014]
 [ 0.008  0.012  0.001 ...  0.006  0.005 -0.009]
 [ 0.003  0.035  0.004 ...  0.002 -0.005 -0.011]
 ...
 [-0.022  0.009  0.001 ... -0.007  0.016  0.007]
 [ 0.024 -0.003 -0.001 ...  0.005  0.008  0.002]
 [ 0.011  0.01   0.021 ...  0.011  0.01   0.007]]
Nash policies:  [(array([0.   , 0.   , 0.163, 0.   , 0.026, 0.   , 0.   , 0.26 , 0.   , 0.   , 0.   , 0.21 , 0.   , 0.027, 0.164, 0.   , 0.046, 0.104]), array([0.141, 0.   , 0.   , 0.123, 0.004, 0.   , 0.   , 0.295, 0.   , 0.   , 0.   , 0.   , 0.   , 0.15 , 0.037, 0.   , 0.134, 0.117]))]
Frame: 2400000, Avg. RL Loss: 0.000, Avg. Q value: 0.006, Avg. Length: 7139.0, P0 Avg. Reward: -0.381, P1 Avg. Reward: 0.381
Q table: 
 [[ 0.006  0.     0.002 ...  0.001  0.006  0.003]
 [-0.002  0.004  0.001 ...  0.004  0.006 -0.006]
 [ 0.005  0.027  0.004 ...  0.005  0.007  0.   ]
 ...
 [ 0.004  0.005  0.005 ... -0.001  0.014  0.006]
 [ 0.007  0.003  0.006 ...  0.008  0.007  0.003]
 [ 0.009  0.005  0.015 ...  0.006  0.008  0.007]]
Nash policies:  [(array([0.045, 0.   , 0.143, 0.   , 0.041, 0.049, 0.019, 0.   , 0.046, 0.034, 0.   , 0.297, 0.084, 0.   , 0.08 , 0.098, 0.064, 0.   ]), array([0.   , 0.   , 0.025, 0.   , 0.043, 0.03 , 0.027, 0.062, 0.   , 0.141, 0.067, 0.   , 0.032, 0.   , 0.182, 0.096, 0.055, 0.24 ]))]
Frame: 2550000, Avg. RL Loss: 0.000, Avg. Q value: 0.005, Avg. Length: 7139.0, P0 Avg. Reward: 0.000, P1 Avg. Reward: 0.000
Q table: 
 [[ 0.006 -0.006  0.002 ...  0.002  0.006  0.009]
 [ 0.006  0.009  0.01  ...  0.007  0.006  0.002]
 [ 0.002  0.019  0.005 ...  0.005  0.003 -0.006]
 ...
 [-0.012  0.007  0.001 ...  0.007  0.007  0.007]
 [ 0.015  0.005  0.004 ...  0.003  0.006  0.007]
 [ 0.006  0.012  0.006 ...  0.009  0.008  0.005]]
Nash policies:  [(array([0.   , 0.   , 0.03 , 0.   , 0.   , 0.021, 0.   , 0.146, 0.   , 0.103, 0.033, 0.   , 0.202, 0.126, 0.007, 0.   , 0.267, 0.065]), array([0.04 , 0.   , 0.   , 0.066, 0.   , 0.   , 0.006, 0.   , 0.226, 0.032, 0.009, 0.   , 0.155, 0.137, 0.   , 0.252, 0.   , 0.078]))]
Frame: 2700000, Avg. RL Loss: 0.000, Avg. Q value: 0.005, Avg. Length: 7139.0, P0 Avg. Reward: -5.524, P1 Avg. Reward: 5.524
Q table: 
 [[ 0.003  0.035  0.022 ...  0.011  0.    -0.012]
 [-0.03  -0.022 -0.017 ... -0.001  0.002 -0.004]
 [ 0.007  0.034  0.004 ...  0.01   0.023  0.022]
 ...
 [ 0.044 -0.008  0.019 ... -0.012  0.002 -0.004]
 [-0.035  0.006  0.012 ...  0.013  0.002 -0.008]
 [ 0.011 -0.017  0.012 ... -0.014  0.002  0.01 ]]
Nash policies:  [(array([0.089, 0.103, 0.179, 0.   , 0.   , 0.057, 0.024, 0.031, 0.229, 0.075, 0.002, 0.   , 0.   , 0.   , 0.144, 0.   , 0.   , 0.067]), array([0.074, 0.   , 0.   , 0.036, 0.04 , 0.22 , 0.023, 0.128, 0.   , 0.   , 0.056, 0.   , 0.043, 0.   , 0.   , 0.283, 0.059, 0.039]))]
Frame: 2850000, Avg. RL Loss: 0.001, Avg. Q value: 0.005, Avg. Length: 7139.0, P0 Avg. Reward: -2.095, P1 Avg. Reward: 2.095
Q table: 
 [[ 0.005  0.004  0.007 ...  0.006  0.005  0.003]
 [ 0.009  0.008  0.016 ...  0.005  0.005  0.007]
 [ 0.005  0.006  0.004 ...  0.005  0.007  0.006]
 ...
 [-0.007  0.004  0.005 ...  0.     0.005  0.005]
 [ 0.013  0.005  0.004 ...  0.006  0.005  0.007]
 [ 0.005  0.007  0.003 ...  0.004  0.005  0.006]]
Nash policies:  [(array([0.07 , 0.   , 0.059, 0.173, 0.   , 0.   , 0.   , 0.   , 0.152, 0.   , 0.   , 0.098, 0.117, 0.012, 0.   , 0.   , 0.209, 0.11 ]), array([0.   , 0.   , 0.   , 0.003, 0.   , 0.   , 0.   , 0.   , 0.046, 0.153, 0.   , 0.002, 0.111, 0.013, 0.099, 0.513, 0.   , 0.061]))]
Frame: 3000000, Avg. RL Loss: 0.000, Avg. Q value: 0.005, Avg. Length: 7139.0, P0 Avg. Reward: 0.000, P1 Avg. Reward: 0.000
Q table: 
 [[0.005 0.009 0.005 ... 0.005 0.005 0.004]
 [0.003 0.002 0.006 ... 0.006 0.006 0.006]
 [0.005 0.006 0.005 ... 0.006 0.007 0.007]
 ...
 [0.004 0.005 0.004 ... 0.005 0.006 0.006]
 [0.006 0.006 0.006 ... 0.006 0.005 0.005]
 [0.006 0.005 0.007 ... 0.005 0.005 0.006]]
Nash policies:  [(array([0.215, 0.136, 0.   , 0.056, 0.   , 0.   , 0.   , 0.   , 0.   , 0.   , 0.109, 0.   , 0.356, 0.033, 0.   , 0.   , 0.009, 0.086]), array([0.08 , 0.   , 0.389, 0.048, 0.   , 0.   , 0.084, 0.15 , 0.   , 0.127, 0.102, 0.   , 0.   , 0.   , 0.021, 0.   , 0.   , 0.   ]))]
Frame: 3150000, Avg. RL Loss: 0.000, Avg. Q value: 0.006, Avg. Length: 7139.0, P0 Avg. Reward: -0.238, P1 Avg. Reward: 0.238
Q table: 
 [[0.007 0.003 0.003 ... 0.005 0.007 0.009]
 [0.007 0.01  0.01  ... 0.006 0.007 0.007]
 [0.005 0.003 0.006 ... 0.005 0.004 0.004]
 ...
 [0.001 0.01  0.005 ... 0.008 0.007 0.007]
 [0.009 0.006 0.006 ... 0.006 0.007 0.006]
 [0.006 0.007 0.005 ... 0.007 0.006 0.006]]
Nash policies:  [(array([0.195, 0.123, 0.   , 0.108, 0.   , 0.   , 0.   , 0.239, 0.   , 0.   , 0.   , 0.   , 0.049, 0.073, 0.022, 0.   , 0.086, 0.106]), array([0.   , 0.   , 0.139, 0.039, 0.   , 0.041, 0.   , 0.137, 0.   , 0.018, 0.   , 0.093, 0.164, 0.   , 0.   , 0.205, 0.   , 0.164]))]
Frame: 3300000, Avg. RL Loss: 0.000, Avg. Q value: 0.006, Avg. Length: 7139.0, P0 Avg. Reward: -0.143, P1 Avg. Reward: 0.143
Q table: 
 [[0.007 0.005 0.004 ... 0.006 0.008 0.008]
 [0.009 0.01  0.007 ... 0.006 0.008 0.008]
 [0.006 0.005 0.007 ... 0.006 0.005 0.006]
 ...
 [0.005 0.008 0.012 ... 0.008 0.007 0.008]
 [0.012 0.007 0.007 ... 0.006 0.007 0.008]
 [0.006 0.006 0.006 ... 0.008 0.008 0.007]]
Nash policies:  [(array([0.   , 0.078, 0.   , 0.054, 0.   , 0.   , 0.   , 0.   , 0.   , 0.   , 0.   , 0.058, 0.09 , 0.205, 0.206, 0.174, 0.132, 0.002]), array([0.081, 0.076, 0.   , 0.221, 0.   , 0.158, 0.   , 0.04 , 0.   , 0.131, 0.   , 0.   , 0.   , 0.008, 0.219, 0.   , 0.   , 0.067]))]
Frame: 3450000, Avg. RL Loss: 0.000, Avg. Q value: 0.007, Avg. Length: 7139.0, P0 Avg. Reward: 0.714, P1 Avg. Reward: -0.714
Q table: 
 [[ 0.01  -0.     0.004 ...  0.007  0.008  0.007]
 [ 0.012  0.012  0.012 ...  0.01   0.008  0.009]
 [ 0.007  0.005  0.008 ...  0.007  0.005  0.006]
 ...
 [-0.004  0.009  0.005 ...  0.01   0.008  0.009]
 [ 0.016  0.007  0.006 ...  0.008  0.008  0.008]
 [ 0.006  0.01   0.006 ...  0.01   0.007  0.008]]
Nash policies:  [(array([0.   , 0.   , 0.   , 0.   , 0.   , 0.025, 0.018, 0.095, 0.046, 0.   , 0.102, 0.339, 0.149, 0.027, 0.   , 0.   , 0.199, 0.   ]), array([0.11 , 0.   , 0.262, 0.11 , 0.   , 0.131, 0.   , 0.   , 0.034, 0.184, 0.028, 0.082, 0.06 , 0.   , 0.   , 0.   , 0.   , 0.   ]))]
Frame: 3600000, Avg. RL Loss: 0.002, Avg. Q value: 0.008, Avg. Length: 7139.0, P0 Avg. Reward: -3.381, P1 Avg. Reward: 3.381
Q table: 
 [[ 0.008 -0.001  0.003 ...  0.007  0.01   0.02 ]
 [ 0.034  0.017  0.009 ...  0.009  0.009  0.011]
 [ 0.007  0.001  0.009 ...  0.007  0.006  0.008]
 ...
 [-0.008  0.011  0.007 ...  0.012  0.011  0.009]
 [ 0.019  0.008  0.007 ...  0.007  0.009  0.009]
 [ 0.007  0.013  0.007 ...  0.012  0.009  0.006]]
Nash policies:  [(array([0.   , 0.   , 0.002, 0.   , 0.   , 0.   , 0.047, 0.191, 0.   , 0.   , 0.   , 0.057, 0.227, 0.11 , 0.011, 0.062, 0.294, 0.   ]), array([0.   , 0.046, 0.   , 0.1  , 0.116, 0.   , 0.   , 0.038, 0.541, 0.   , 0.033, 0.069, 0.044, 0.   , 0.013, 0.   , 0.   , 0.   ]))]
Frame: 3750000, Avg. RL Loss: 0.000, Avg. Q value: 0.008, Avg. Length: 7139.0, P0 Avg. Reward: 0.000, P1 Avg. Reward: 0.000
Q table: 
 [[0.008 0.009 0.008 ... 0.008 0.009 0.008]
 [0.008 0.009 0.007 ... 0.008 0.009 0.009]
 [0.008 0.008 0.008 ... 0.008 0.009 0.008]
 ...
 [0.007 0.008 0.007 ... 0.008 0.008 0.008]
 [0.008 0.008 0.008 ... 0.009 0.008 0.008]
 [0.008 0.008 0.008 ... 0.008 0.009 0.008]]
Nash policies:  [(array([0.216, 0.   , 0.03 , 0.327, 0.03 , 0.   , 0.   , 0.157, 0.   , 0.05 , 0.147, 0.   , 0.034, 0.009, 0.   , 0.   , 0.   , 0.   ]), array([0.   , 0.239, 0.144, 0.   , 0.   , 0.   , 0.006, 0.119, 0.376, 0.   , 0.013, 0.   , 0.007, 0.   , 0.   , 0.092, 0.   , 0.003]))]
Frame: 3900000, Avg. RL Loss: 0.000, Avg. Q value: 0.008, Avg. Length: 7139.0, P0 Avg. Reward: 0.000, P1 Avg. Reward: 0.000
Q table: 
 [[0.008 0.007 0.008 ... 0.008 0.008 0.008]
 [0.008 0.008 0.008 ... 0.008 0.008 0.008]
 [0.008 0.008 0.008 ... 0.008 0.009 0.008]
 ...
 [0.009 0.008 0.008 ... 0.008 0.008 0.008]
 [0.009 0.008 0.008 ... 0.007 0.008 0.008]
 [0.008 0.008 0.008 ... 0.008 0.008 0.008]]
Nash policies:  [(array([0.   , 0.   , 0.   , 0.033, 0.434, 0.   , 0.017, 0.217, 0.   , 0.135, 0.   , 0.   , 0.07 , 0.   , 0.   , 0.   , 0.   , 0.096]), array([0.   , 0.26 , 0.245, 0.   , 0.101, 0.   , 0.   , 0.   , 0.109, 0.   , 0.   , 0.232, 0.   , 0.023, 0.   , 0.   , 0.   , 0.03 ]))]
Frame: 4050000, Avg. RL Loss: 0.000, Avg. Q value: 0.008, Avg. Length: 7139.0, P0 Avg. Reward: 0.000, P1 Avg. Reward: 0.000
Q table: 
 [[0.007 0.008 0.008 ... 0.008 0.008 0.007]
 [0.007 0.007 0.007 ... 0.008 0.007 0.008]
 [0.008 0.01  0.008 ... 0.008 0.009 0.009]
 ...
 [0.009 0.008 0.008 ... 0.007 0.008 0.008]
 [0.007 0.009 0.008 ... 0.008 0.008 0.008]
 [0.008 0.007 0.008 ... 0.008 0.008 0.008]]
Nash policies:  [(array([0.022, 0.   , 0.   , 0.073, 0.104, 0.   , 0.118, 0.   , 0.053, 0.02 , 0.096, 0.   , 0.   , 0.   , 0.052, 0.3  , 0.16 , 0.   ]), array([0.   , 0.   , 0.   , 0.   , 0.054, 0.027, 0.   , 0.252, 0.133, 0.   , 0.017, 0.   , 0.008, 0.059, 0.014, 0.314, 0.   , 0.123]))]
Frame: 4200000, Avg. RL Loss: 0.000, Avg. Q value: 0.008, Avg. Length: 7139.0, P0 Avg. Reward: 0.000, P1 Avg. Reward: 0.000
Q table: 
 [[0.006 0.009 0.009 ... 0.008 0.008 0.007]
 [0.007 0.006 0.007 ... 0.008 0.008 0.007]
 [0.007 0.009 0.007 ... 0.007 0.008 0.008]
 ...
 [0.008 0.007 0.008 ... 0.007 0.008 0.007]
 [0.007 0.008 0.007 ... 0.007 0.007 0.007]
 [0.008 0.007 0.008 ... 0.006 0.007 0.008]]
Nash policies:  [(array([0.261, 0.   , 0.   , 0.142, 0.072, 0.   , 0.   , 0.167, 0.   , 0.029, 0.157, 0.   , 0.092, 0.   , 0.081, 0.   , 0.   , 0.   ]), array([0.013, 0.   , 0.   , 0.   , 0.   , 0.   , 0.   , 0.269, 0.199, 0.   , 0.013, 0.   , 0.   , 0.018, 0.   , 0.18 , 0.068, 0.241]))]
Frame: 4350000, Avg. RL Loss: 0.000, Avg. Q value: 0.008, Avg. Length: 7139.0, P0 Avg. Reward: 0.381, P1 Avg. Reward: -0.381
Q table: 
 [[ 0.008  0.002  0.002 ...  0.009  0.009  0.008]
 [ 0.013  0.009  0.011 ...  0.012  0.009  0.009]
 [ 0.007  0.003  0.008 ...  0.008  0.004  0.013]
 ...
 [ 0.007  0.008  0.009 ...  0.011  0.01   0.008]
 [ 0.012  0.01  -0.006 ...  0.007  0.009  0.01 ]
 [ 0.01   0.01   0.007 ...  0.011  0.009  0.007]]
Nash policies:  [(array([0.005, 0.172, 0.   , 0.071, 0.025, 0.12 , 0.   , 0.057, 0.   , 0.   , 0.   , 0.   , 0.201, 0.181, 0.086, 0.   , 0.082, 0.   ]), array([0.079, 0.103, 0.169, 0.   , 0.114, 0.   , 0.034, 0.154, 0.   , 0.   , 0.131, 0.   , 0.121, 0.068, 0.   , 0.026, 0.   , 0.   ]))]
Frame: 4500000, Avg. RL Loss: 0.000, Avg. Q value: 0.008, Avg. Length: 7139.0, P0 Avg. Reward: 0.000, P1 Avg. Reward: 0.000
Q table: 
 [[ 0.008  0.002  0.008 ...  0.01   0.009  0.009]
 [ 0.008  0.008  0.009 ...  0.008  0.008  0.011]
 [ 0.008  0.008  0.011 ...  0.009  0.008  0.008]
 ...
 [ 0.003  0.008  0.007 ...  0.008  0.009  0.008]
 [ 0.009  0.01  -0.015 ...  0.009  0.008  0.008]
 [ 0.009  0.008  0.008 ...  0.009  0.009  0.01 ]]
Nash policies:  [(array([0.005, 0.   , 0.178, 0.   , 0.123, 0.   , 0.222, 0.   , 0.079, 0.026, 0.   , 0.026, 0.   , 0.16 , 0.101, 0.   , 0.   , 0.08 ]), array([0.   , 0.065, 0.   , 0.   , 0.044, 0.   , 0.   , 0.   , 0.136, 0.   , 0.032, 0.252, 0.   , 0.   , 0.023, 0.211, 0.186, 0.05 ]))]
Frame: 4650000, Avg. RL Loss: 0.000, Avg. Q value: 0.008, Avg. Length: 7139.0, P0 Avg. Reward: 0.000, P1 Avg. Reward: 0.000
Q table: 
 [[ 0.008  0.008  0.008 ...  0.008  0.008  0.008]
 [ 0.008  0.008  0.008 ...  0.007  0.008  0.007]
 [ 0.008  0.009  0.008 ...  0.008  0.009  0.008]
 ...
 [ 0.006  0.008  0.008 ...  0.008  0.008  0.008]
 [ 0.008  0.008 -0.01  ...  0.008  0.007  0.008]
 [ 0.008  0.009  0.008 ...  0.008  0.008  0.008]]
Nash policies:  [(array([0.   , 0.   , 0.066, 0.044, 0.153, 0.043, 0.178, 0.059, 0.003, 0.   , 0.   , 0.   , 0.08 , 0.   , 0.306, 0.   , 0.   , 0.068]), array([0.197, 0.   , 0.073, 0.082, 0.104, 0.   , 0.   , 0.19 , 0.   , 0.172, 0.061, 0.   , 0.   , 0.034, 0.008, 0.078, 0.   , 0.   ]))]
Frame: 4800000, Avg. RL Loss: 0.000, Avg. Q value: 0.008, Avg. Length: 7139.0, P0 Avg. Reward: 0.000, P1 Avg. Reward: 0.000
Q table: 
 [[ 0.007  0.007  0.007 ...  0.007  0.007  0.007]
 [ 0.007  0.007  0.007 ...  0.006  0.008  0.009]
 [ 0.007  0.007  0.007 ...  0.006  0.007  0.007]
 ...
 [ 0.009  0.007  0.006 ...  0.008  0.007  0.007]
 [ 0.008  0.009 -0.007 ...  0.007  0.006  0.007]
 [ 0.007  0.008  0.007 ...  0.007  0.009  0.007]]
Nash policies:  [(array([0.   , 0.   , 0.   , 0.018, 0.339, 0.106, 0.074, 0.   , 0.033, 0.   , 0.14 , 0.   , 0.   , 0.   , 0.   , 0.172, 0.   , 0.118]), array([0.121, 0.   , 0.028, 0.001, 0.012, 0.014, 0.   , 0.   , 0.517, 0.112, 0.   , 0.   , 0.   , 0.   , 0.054, 0.   , 0.   , 0.141]))]
Frame: 4950000, Avg. RL Loss: 0.000, Avg. Q value: 0.007, Avg. Length: 7139.0, P0 Avg. Reward: 0.000, P1 Avg. Reward: 0.000
Q table: 
 [[ 0.006  0.006  0.006 ...  0.007  0.007  0.007]
 [ 0.007  0.007  0.006 ...  0.007  0.007  0.006]
 [ 0.007  0.007  0.007 ...  0.008  0.006  0.006]
 ...
 [ 0.009  0.006  0.005 ...  0.006  0.007  0.007]
 [ 0.006  0.007 -0.004 ...  0.007  0.005  0.007]
 [ 0.007  0.008  0.007 ...  0.007  0.007  0.006]]
Nash policies:  [(array([0.   , 0.   , 0.242, 0.   , 0.142, 0.   , 0.33 , 0.   , 0.   , 0.128, 0.   , 0.   , 0.   , 0.017, 0.13 , 0.   , 0.012, 0.   ]), array([0.   , 0.14 , 0.035, 0.279, 0.469, 0.   , 0.   , 0.   , 0.   , 0.052, 0.013, 0.   , 0.   , 0.   , 0.012, 0.   , 0.   , 0.   ]))]
Frame: 5100000, Avg. RL Loss: 0.000, Avg. Q value: 0.007, Avg. Length: 7139.0, P0 Avg. Reward: 0.000, P1 Avg. Reward: 0.000
Q table: 
 [[ 0.007  0.005  0.007 ...  0.007  0.006  0.006]
 [ 0.007  0.006  0.008 ...  0.006  0.007  0.009]
 [ 0.007  0.006  0.007 ...  0.006  0.006  0.006]
 ...
 [ 0.006  0.005  0.007 ...  0.007  0.007  0.007]
 [ 0.007  0.007 -0.002 ...  0.008  0.006  0.005]
 [ 0.007  0.006  0.006 ...  0.007  0.006  0.007]]
Nash policies:  [(array([0.   , 0.087, 0.182, 0.077, 0.   , 0.236, 0.   , 0.072, 0.028, 0.   , 0.281, 0.   , 0.   , 0.   , 0.022, 0.   , 0.013, 0.   ]), array([0.   , 0.54 , 0.012, 0.   , 0.   , 0.032, 0.   , 0.029, 0.   , 0.159, 0.007, 0.124, 0.   , 0.095, 0.003, 0.   , 0.   , 0.   ]))]
Frame: 5250000, Avg. RL Loss: 0.000, Avg. Q value: 0.006, Avg. Length: 7139.0, P0 Avg. Reward: 0.000, P1 Avg. Reward: 0.000
Q table: 
 [[0.005 0.006 0.006 ... 0.007 0.006 0.007]
 [0.008 0.005 0.006 ... 0.006 0.006 0.006]
 [0.006 0.006 0.004 ... 0.006 0.005 0.006]
 ...
 [0.006 0.006 0.006 ... 0.006 0.006 0.006]
 [0.008 0.006 0.001 ... 0.006 0.006 0.006]
 [0.006 0.006 0.007 ... 0.006 0.007 0.007]]
Nash policies:  [(array([0.   , 0.052, 0.   , 0.   , 0.022, 0.   , 0.   , 0.34 , 0.047, 0.061, 0.   , 0.   , 0.18 , 0.085, 0.   , 0.193, 0.   , 0.02 ]), array([0.   , 0.219, 0.309, 0.1  , 0.   , 0.   , 0.   , 0.   , 0.   , 0.   , 0.103, 0.013, 0.   , 0.125, 0.019, 0.052, 0.   , 0.061]))]
Frame: 5400000, Avg. RL Loss: 0.000, Avg. Q value: 0.007, Avg. Length: 7139.0, P0 Avg. Reward: 0.714, P1 Avg. Reward: -0.714
Q table: 
 [[0.008 0.004 0.007 ... 0.007 0.008 0.012]
 [0.01  0.009 0.009 ... 0.008 0.008 0.009]
 [0.007 0.006 0.008 ... 0.008 0.008 0.005]
 ...
 [0.005 0.009 0.007 ... 0.008 0.008 0.008]
 [0.007 0.005 0.002 ... 0.005 0.005 0.003]
 [0.009 0.007 0.008 ... 0.008 0.008 0.007]]
Nash policies:  [(array([0.   , 0.125, 0.084, 0.048, 0.   , 0.042, 0.152, 0.123, 0.   , 0.   , 0.021, 0.   , 0.033, 0.094, 0.093, 0.079, 0.107, 0.   ]), array([0.117, 0.191, 0.072, 0.02 , 0.   , 0.065, 0.   , 0.075, 0.139, 0.   , 0.085, 0.081, 0.041, 0.093, 0.   , 0.   , 0.   , 0.02 ]))]
Frame: 5550000, Avg. RL Loss: 0.001, Avg. Q value: 0.007, Avg. Length: 7139.0, P0 Avg. Reward: -1.571, P1 Avg. Reward: 1.571
Q table: 
 [[0.008 0.011 0.01  ... 0.007 0.007 0.013]
 [0.01  0.007 0.006 ... 0.008 0.005 0.006]
 [0.01  0.009 0.008 ... 0.009 0.013 0.01 ]
 ...
 [0.012 0.008 0.009 ... 0.01  0.006 0.008]
 [0.006 0.008 0.006 ... 0.008 0.007 0.004]
 [0.007 0.007 0.007 ... 0.002 0.008 0.008]]
Nash policies:  [(array([0.   , 0.016, 0.006, 0.   , 0.088, 0.237, 0.   , 0.015, 0.   , 0.   , 0.   , 0.108, 0.   , 0.   , 0.348, 0.   , 0.098, 0.083]), array([0.   , 0.   , 0.   , 0.125, 0.   , 0.   , 0.038, 0.043, 0.   , 0.418, 0.112, 0.   , 0.   , 0.   , 0.058, 0.02 , 0.142, 0.045]))]
Frame: 5700000, Avg. RL Loss: 0.000, Avg. Q value: 0.008, Avg. Length: 7139.0, P0 Avg. Reward: 0.190, P1 Avg. Reward: -0.190
Q table: 
 [[ 0.007  0.019  0.013 ...  0.009  0.006  0.001]
 [-0.004 -0.002 -0.001 ...  0.005  0.006  0.005]
 [ 0.008  0.015  0.008 ...  0.008  0.013  0.014]
 ...
 [ 0.024  0.003  0.01  ...  0.002  0.007  0.006]
 [-0.006  0.008  0.009 ...  0.01   0.007  0.001]
 [ 0.009 -0.001  0.009 ...  0.002  0.006  0.008]]
Nash policies:  [(array([0.025, 0.147, 0.096, 0.   , 0.   , 0.   , 0.011, 0.   , 0.195, 0.226, 0.   , 0.   , 0.   , 0.075, 0.221, 0.   , 0.   , 0.003]), array([0.   , 0.   , 0.   , 0.   , 0.   , 0.183, 0.   , 0.067, 0.107, 0.   , 0.041, 0.041, 0.019, 0.   , 0.   , 0.312, 0.13 , 0.1  ]))]
Frame: 5850000, Avg. RL Loss: 0.000, Avg. Q value: 0.008, Avg. Length: 7139.0, P0 Avg. Reward: -3.095, P1 Avg. Reward: 3.095
Q table: 
 [[0.008 0.002 0.005 ... 0.011 0.007 0.013]
 [0.015 0.006 0.003 ... 0.006 0.009 0.015]
 [0.008 0.009 0.008 ... 0.007 0.011 0.006]
 ...
 [0.006 0.008 0.007 ... 0.01  0.005 0.007]
 [0.01  0.012 0.009 ... 0.016 0.009 0.007]
 [0.011 0.009 0.009 ... 0.012 0.008 0.009]]
Nash policies:  [(array([0.05 , 0.15 , 0.   , 0.144, 0.   , 0.   , 0.115, 0.   , 0.104, 0.   , 0.   , 0.062, 0.   , 0.   , 0.   , 0.033, 0.248, 0.096]), array([0.   , 0.048, 0.166, 0.   , 0.175, 0.   , 0.   , 0.146, 0.079, 0.105, 0.035, 0.   , 0.   , 0.   , 0.   , 0.   , 0.094, 0.153]))]
Frame: 6000000, Avg. RL Loss: 0.001, Avg. Q value: 0.008, Avg. Length: 7139.0, P0 Avg. Reward: -1.524, P1 Avg. Reward: 1.524
Q table: 
 [[0.008 0.009 0.006 ... 0.006 0.007 0.007]
 [0.006 0.006 0.006 ... 0.008 0.007 0.007]
 [0.008 0.009 0.008 ... 0.008 0.008 0.009]
 ...
 [0.011 0.006 0.008 ... 0.006 0.008 0.007]
 [0.003 0.008 0.01  ... 0.008 0.008 0.006]
 [0.008 0.006 0.009 ... 0.003 0.008 0.008]]
Nash policies:  [(array([0.   , 0.   , 0.   , 0.034, 0.   , 0.063, 0.152, 0.   , 0.274, 0.123, 0.061, 0.   , 0.   , 0.075, 0.218, 0.   , 0.   , 0.   ]), array([0.   , 0.058, 0.   , 0.   , 0.   , 0.033, 0.   , 0.   , 0.309, 0.026, 0.   , 0.   , 0.041, 0.061, 0.   , 0.471, 0.001, 0.   ]))]
Frame: 6150000, Avg. RL Loss: 0.000, Avg. Q value: 0.008, Avg. Length: 7139.0, P0 Avg. Reward: 0.000, P1 Avg. Reward: 0.000
Q table: 
 [[0.008 0.009 0.007 ... 0.007 0.007 0.007]
 [0.007 0.006 0.008 ... 0.008 0.008 0.007]
 [0.008 0.008 0.008 ... 0.007 0.008 0.009]
 ...
 [0.011 0.007 0.008 ... 0.008 0.007 0.007]
 [0.006 0.007 0.008 ... 0.007 0.007 0.006]
 [0.007 0.007 0.008 ... 0.008 0.007 0.007]]
Nash policies:  [(array([0.   , 0.022, 0.163, 0.221, 0.   , 0.   , 0.   , 0.   , 0.   , 0.108, 0.145, 0.022, 0.   , 0.   , 0.191, 0.027, 0.101, 0.   ]), array([0.033, 0.119, 0.345, 0.   , 0.   , 0.008, 0.   , 0.   , 0.017, 0.   , 0.   , 0.211, 0.122, 0.048, 0.097, 0.   , 0.   , 0.   ]))]
Frame: 6300000, Avg. RL Loss: 0.000, Avg. Q value: 0.007, Avg. Length: 7139.0, P0 Avg. Reward: 0.000, P1 Avg. Reward: 0.000
Q table: 
 [[0.008 0.006 0.004 ... 0.007 0.008 0.008]
 [0.009 0.009 0.008 ... 0.008 0.008 0.008]
 [0.007 0.007 0.007 ... 0.007 0.007 0.007]
 ...
 [0.008 0.008 0.007 ... 0.008 0.008 0.008]
 [0.009 0.007 0.007 ... 0.008 0.008 0.007]
 [0.007 0.009 0.005 ... 0.008 0.008 0.007]]
Nash policies:  [(array([0.12 , 0.   , 0.002, 0.074, 0.   , 0.025, 0.296, 0.214, 0.   , 0.   , 0.037, 0.   , 0.   , 0.096, 0.125, 0.009, 0.   , 0.   ]), array([0.123, 0.065, 0.024, 0.   , 0.025, 0.009, 0.   , 0.   , 0.281, 0.062, 0.186, 0.154, 0.   , 0.07 , 0.   , 0.   , 0.   , 0.   ]))]
Frame: 6450000, Avg. RL Loss: 0.000, Avg. Q value: 0.008, Avg. Length: 7139.0, P0 Avg. Reward: 0.000, P1 Avg. Reward: 0.000
Q table: 
 [[0.008 0.008 0.008 ... 0.005 0.007 0.008]
 [0.008 0.008 0.008 ... 0.008 0.008 0.008]
 [0.007 0.008 0.009 ... 0.008 0.007 0.008]
 ...
 [0.009 0.008 0.008 ... 0.008 0.007 0.008]
 [0.008 0.008 0.008 ... 0.008 0.007 0.007]
 [0.008 0.008 0.008 ... 0.008 0.01  0.007]]
Nash policies:  [(array([0.036, 0.   , 0.272, 0.   , 0.   , 0.   , 0.   , 0.093, 0.   , 0.29 , 0.052, 0.068, 0.   , 0.053, 0.097, 0.   , 0.   , 0.04 ]), array([0.143, 0.   , 0.   , 0.044, 0.481, 0.065, 0.   , 0.   , 0.016, 0.   , 0.   , 0.   , 0.146, 0.033, 0.   , 0.054, 0.018, 0.   ]))]
Frame: 6600000, Avg. RL Loss: 0.000, Avg. Q value: 0.008, Avg. Length: 7139.0, P0 Avg. Reward: 0.000, P1 Avg. Reward: 0.000
Q table: 
 [[0.008 0.006 0.005 ... 0.008 0.008 0.009]
 [0.009 0.008 0.009 ... 0.007 0.007 0.005]
 [0.007 0.008 0.008 ... 0.008 0.008 0.006]
 ...
 [0.008 0.008 0.009 ... 0.008 0.008 0.008]
 [0.009 0.007 0.007 ... 0.007 0.008 0.007]
 [0.008 0.008 0.008 ... 0.006 0.007 0.008]]
Nash policies:  [(array([0.047, 0.   , 0.028, 0.121, 0.033, 0.229, 0.146, 0.   , 0.   , 0.   , 0.031, 0.026, 0.146, 0.157, 0.034, 0.   , 0.   , 0.   ]), array([0.057, 0.142, 0.   , 0.101, 0.047, 0.143, 0.   , 0.111, 0.   , 0.032, 0.224, 0.   , 0.095, 0.03 , 0.018, 0.   , 0.   , 0.   ]))]
Frame: 6750000, Avg. RL Loss: 0.000, Avg. Q value: 0.008, Avg. Length: 7139.0, P0 Avg. Reward: 0.000, P1 Avg. Reward: 0.000
Q table: 
 [[0.007 0.008 0.008 ... 0.007 0.008 0.007]
 [0.007 0.008 0.008 ... 0.008 0.008 0.008]
 [0.007 0.006 0.007 ... 0.009 0.007 0.008]
 ...
 [0.009 0.007 0.007 ... 0.008 0.007 0.007]
 [0.008 0.008 0.007 ... 0.008 0.007 0.007]
 [0.007 0.006 0.007 ... 0.007 0.008 0.006]]
Nash policies:  [(array([0.188, 0.   , 0.117, 0.184, 0.   , 0.   , 0.   , 0.044, 0.   , 0.039, 0.1  , 0.   , 0.005, 0.029, 0.15 , 0.   , 0.146, 0.   ]), array([0.017, 0.165, 0.   , 0.03 , 0.   , 0.098, 0.   , 0.069, 0.134, 0.   , 0.   , 0.003, 0.   , 0.34 , 0.059, 0.085, 0.   , 0.   ]))]
Frame: 6900000, Avg. RL Loss: 0.000, Avg. Q value: 0.007, Avg. Length: 7139.0, P0 Avg. Reward: 0.429, P1 Avg. Reward: -0.429
Q table: 
 [[ 0.004 -0.003  0.007 ... -0.     0.01   0.007]
 [ 0.018  0.008  0.015 ...  0.013  0.008  0.009]
 [ 0.007  0.003  0.008 ...  0.007  0.001  0.001]
 ...
 [ 0.     0.013  0.004 ...  0.021  0.01   0.01 ]
 [ 0.015  0.007  0.008 ...  0.005  0.007  0.01 ]
 [ 0.006  0.013  0.003 ...  0.009  0.003  0.01 ]]
Nash policies:  [(array([0.   , 0.067, 0.   , 0.139, 0.   , 0.   , 0.006, 0.   , 0.   , 0.   , 0.205, 0.   , 0.159, 0.028, 0.   , 0.274, 0.122, 0.   ]), array([0.078, 0.   , 0.   , 0.   , 0.036, 0.   , 0.   , 0.039, 0.36 , 0.   , 0.072, 0.   , 0.   , 0.276, 0.   , 0.   , 0.101, 0.038]))]
Frame: 7050000, Avg. RL Loss: 0.001, Avg. Q value: 0.007, Avg. Length: 7139.0, P0 Avg. Reward: -0.095, P1 Avg. Reward: 0.095
Q table: 
 [[ 0.007 -0.005 -0.002 ...  0.007  0.008  0.007]
 [ 0.017  0.009  0.014 ...  0.009  0.007  0.008]
 [ 0.006 -0.005  0.007 ...  0.005 -0.     0.001]
 ...
 [-0.008  0.008  0.002 ...  0.01   0.007  0.009]
 [ 0.017  0.006  0.005 ...  0.003  0.007  0.01 ]
 [ 0.004  0.017  0.007 ...  0.012  0.008  0.008]]