                          Options
                          seed: 1122
                          batch_size: 32
                          no_cuda: False
                          max_frames: 1400000
                          buffer_size: 100000
                          update_target: 1000
                          train_freq: 1
                          gamma: 0.99
                          eta: 0.1
                          rl_start: 10000
                          sl_start: 1000
                          dueling: False
                          multi_step: 1
                          env: SlimeVolleyPixel-v0
                          negative: False
                          load_model: None
                          save_model: model
                          evaluate: False
                          render: False
                          evaluation_interval: 10000
                          lr: 0.0001
                          max_tag_interval: 1000
                          eps_start: 1.0
                          eps_final: 0.01
                          eps_decay: 30000
                          cuda: True
                          device: cuda:1
Box(0, 1, (3, 84, 168), uint8) Discrete(6)
Frame: 10000, Avg. Reward: -4.714, Avg. RL Loss: nan, Avg. Length: 693.5
Frame: 20000, Avg. Reward: -4.733, Avg. RL Loss: 0.003, Avg. Length: 660.6
Frame: 30000, Avg. Reward: -4.929, Avg. RL Loss: 0.001, Avg. Length: 692.3
Frame: 40000, Avg. Reward: -4.812, Avg. RL Loss: 0.001, Avg. Length: 605.2
Frame: 50000, Avg. Reward: -4.429, Avg. RL Loss: 0.001, Avg. Length: 710.3
Frame: 60000, Avg. Reward: -4.941, Avg. RL Loss: 0.001, Avg. Length: 579.8
Frame: 70000, Avg. Reward: -4.889, Avg. RL Loss: 0.001, Avg. Length: 567.1
Frame: 80000, Avg. Reward: -4.824, Avg. RL Loss: 0.001, Avg. Length: 609.4
Frame: 90000, Avg. Reward: -4.812, Avg. RL Loss: 0.001, Avg. Length: 608.3
Frame: 100000, Avg. Reward: -4.833, Avg. RL Loss: 0.001, Avg. Length: 554.4
Frame: 110000, Avg. Reward: -4.688, Avg. RL Loss: 0.001, Avg. Length: 612.4
Frame: 120000, Avg. Reward: -5.000, Avg. RL Loss: 0.001, Avg. Length: 615.9
Frame: 130000, Avg. Reward: -5.000, Avg. RL Loss: 0.001, Avg. Length: 564.4
Frame: 140000, Avg. Reward: -4.938, Avg. RL Loss: 0.001, Avg. Length: 590.8
Frame: 150000, Avg. Reward: -4.941, Avg. RL Loss: 0.001, Avg. Length: 615.1
Frame: 160000, Avg. Reward: -4.824, Avg. RL Loss: 0.001, Avg. Length: 574.9
Frame: 170000, Avg. Reward: -4.625, Avg. RL Loss: 0.001, Avg. Length: 616.9
Frame: 180000, Avg. Reward: -5.000, Avg. RL Loss: 0.001, Avg. Length: 604.2
Frame: 190000, Avg. Reward: -4.944, Avg. RL Loss: 0.001, Avg. Length: 569.8
Frame: 200000, Avg. Reward: -4.667, Avg. RL Loss: 0.001, Avg. Length: 637.9
Frame: 210000, Avg. Reward: -4.941, Avg. RL Loss: 0.001, Avg. Length: 587.9
Frame: 220000, Avg. Reward: -4.733, Avg. RL Loss: 0.001, Avg. Length: 677.7
Frame: 230000, Avg. Reward: -4.812, Avg. RL Loss: 0.001, Avg. Length: 642.1
Frame: 240000, Avg. Reward: -4.875, Avg. RL Loss: 0.001, Avg. Length: 601.6
Frame: 250000, Avg. Reward: -4.941, Avg. RL Loss: 0.001, Avg. Length: 582.5
Frame: 260000, Avg. Reward: -4.882, Avg. RL Loss: 0.001, Avg. Length: 614.3
Frame: 270000, Avg. Reward: -4.750, Avg. RL Loss: 0.001, Avg. Length: 610.4
Frame: 280000, Avg. Reward: -4.765, Avg. RL Loss: 0.001, Avg. Length: 602.3
Frame: 290000, Avg. Reward: -4.941, Avg. RL Loss: 0.001, Avg. Length: 578.5
Frame: 300000, Avg. Reward: -4.765, Avg. RL Loss: 0.001, Avg. Length: 574.8
Frame: 310000, Avg. Reward: -4.933, Avg. RL Loss: 0.001, Avg. Length: 647.5
Frame: 320000, Avg. Reward: -4.625, Avg. RL Loss: 0.001, Avg. Length: 618.1
Frame: 330000, Avg. Reward: -4.688, Avg. RL Loss: 0.001, Avg. Length: 627.6
Frame: 340000, Avg. Reward: -4.941, Avg. RL Loss: 0.001, Avg. Length: 586.6
Frame: 350000, Avg. Reward: -4.750, Avg. RL Loss: 0.001, Avg. Length: 636.5
Frame: 360000, Avg. Reward: -4.938, Avg. RL Loss: 0.001, Avg. Length: 604.1
Frame: 370000, Avg. Reward: -4.895, Avg. RL Loss: 0.001, Avg. Length: 551.6
Frame: 380000, Avg. Reward: -4.875, Avg. RL Loss: 0.001, Avg. Length: 581.9
Frame: 390000, Avg. Reward: -4.941, Avg. RL Loss: 0.001, Avg. Length: 587.8
Frame: 400000, Avg. Reward: -4.778, Avg. RL Loss: 0.001, Avg. Length: 564.6
Frame: 410000, Avg. Reward: -4.833, Avg. RL Loss: 0.001, Avg. Length: 561.9
Frame: 420000, Avg. Reward: -4.706, Avg. RL Loss: 0.001, Avg. Length: 589.8
Frame: 430000, Avg. Reward: -4.706, Avg. RL Loss: 0.001, Avg. Length: 586.5
Frame: 440000, Avg. Reward: -5.000, Avg. RL Loss: 0.001, Avg. Length: 577.2
Frame: 450000, Avg. Reward: -4.800, Avg. RL Loss: 0.001, Avg. Length: 644.6
Frame: 460000, Avg. Reward: -4.889, Avg. RL Loss: 0.001, Avg. Length: 567.7
Frame: 470000, Avg. Reward: -4.944, Avg. RL Loss: 0.001, Avg. Length: 543.9
Frame: 480000, Avg. Reward: -4.833, Avg. RL Loss: 0.001, Avg. Length: 574.8
Frame: 490000, Avg. Reward: -4.889, Avg. RL Loss: 0.001, Avg. Length: 558.6
Frame: 500000, Avg. Reward: -4.944, Avg. RL Loss: 0.001, Avg. Length: 564.3
Frame: 510000, Avg. Reward: -4.867, Avg. RL Loss: 0.001, Avg. Length: 629.1
Frame: 520000, Avg. Reward: -5.000, Avg. RL Loss: 0.001, Avg. Length: 585.6
Frame: 530000, Avg. Reward: -5.000, Avg. RL Loss: 0.001, Avg. Length: 579.6
Frame: 540000, Avg. Reward: -4.882, Avg. RL Loss: 0.001, Avg. Length: 623.5
Frame: 550000, Avg. Reward: -5.000, Avg. RL Loss: 0.001, Avg. Length: 568.9
Frame: 560000, Avg. Reward: -4.944, Avg. RL Loss: 0.001, Avg. Length: 564.3
Frame: 570000, Avg. Reward: -4.875, Avg. RL Loss: 0.001, Avg. Length: 619.6
Frame: 580000, Avg. Reward: -4.833, Avg. RL Loss: 0.001, Avg. Length: 545.4
Frame: 590000, Avg. Reward: -5.000, Avg. RL Loss: 0.001, Avg. Length: 589.3
Frame: 600000, Avg. Reward: -4.812, Avg. RL Loss: 0.001, Avg. Length: 607.4
Frame: 610000, Avg. Reward: -4.882, Avg. RL Loss: 0.001, Avg. Length: 588.6
Frame: 620000, Avg. Reward: -4.941, Avg. RL Loss: 0.001, Avg. Length: 604.1
Frame: 630000, Avg. Reward: -4.882, Avg. RL Loss: 0.001, Avg. Length: 565.5
Frame: 640000, Avg. Reward: -5.000, Avg. RL Loss: 0.001, Avg. Length: 557.8
Frame: 650000, Avg. Reward: -4.944, Avg. RL Loss: 0.001, Avg. Length: 562.5
Frame: 660000, Avg. Reward: -4.765, Avg. RL Loss: 0.001, Avg. Length: 598.9
Frame: 670000, Avg. Reward: -5.000, Avg. RL Loss: 0.001, Avg. Length: 559.5
Frame: 680000, Avg. Reward: -4.588, Avg. RL Loss: 0.001, Avg. Length: 602.9
Frame: 690000, Avg. Reward: -4.875, Avg. RL Loss: 0.001, Avg. Length: 609.2
Frame: 700000, Avg. Reward: -4.812, Avg. RL Loss: 0.001, Avg. Length: 630.4
Frame: 710000, Avg. Reward: -4.933, Avg. RL Loss: 0.001, Avg. Length: 661.1
Frame: 720000, Avg. Reward: -4.765, Avg. RL Loss: 0.001, Avg. Length: 612.2
Frame: 730000, Avg. Reward: -4.750, Avg. RL Loss: 0.001, Avg. Length: 619.9
Frame: 740000, Avg. Reward: -4.941, Avg. RL Loss: 0.001, Avg. Length: 564.8
Frame: 750000, Avg. Reward: -4.688, Avg. RL Loss: 0.001, Avg. Length: 629.6
Frame: 760000, Avg. Reward: -4.941, Avg. RL Loss: 0.001, Avg. Length: 608.5
Frame: 770000, Avg. Reward: -4.944, Avg. RL Loss: 0.001, Avg. Length: 559.7
Frame: 780000, Avg. Reward: -4.824, Avg. RL Loss: 0.001, Avg. Length: 592.4
Frame: 790000, Avg. Reward: -4.938, Avg. RL Loss: 0.001, Avg. Length: 612.0
Frame: 800000, Avg. Reward: -5.000, Avg. RL Loss: 0.001, Avg. Length: 576.5
Frame: 810000, Avg. Reward: -4.588, Avg. RL Loss: 0.001, Avg. Length: 595.4
Frame: 820000, Avg. Reward: -4.750, Avg. RL Loss: 0.001, Avg. Length: 628.6
Frame: 830000, Avg. Reward: -4.944, Avg. RL Loss: 0.001, Avg. Length: 539.4
Frame: 840000, Avg. Reward: -4.750, Avg. RL Loss: 0.001, Avg. Length: 631.2
Frame: 850000, Avg. Reward: -4.875, Avg. RL Loss: 0.001, Avg. Length: 625.1
Frame: 860000, Avg. Reward: -4.833, Avg. RL Loss: 0.001, Avg. Length: 580.7
Frame: 870000, Avg. Reward: -4.941, Avg. RL Loss: 0.001, Avg. Length: 556.9
Frame: 880000, Avg. Reward: -4.500, Avg. RL Loss: 0.001, Avg. Length: 624.0
Frame: 890000, Avg. Reward: -4.824, Avg. RL Loss: 0.001, Avg. Length: 595.8
Frame: 900000, Avg. Reward: -4.941, Avg. RL Loss: 0.001, Avg. Length: 573.2
Frame: 910000, Avg. Reward: -4.941, Avg. RL Loss: 0.001, Avg. Length: 579.4
Frame: 920000, Avg. Reward: -4.941, Avg. RL Loss: 0.001, Avg. Length: 585.6
Frame: 930000, Avg. Reward: -4.941, Avg. RL Loss: 0.001, Avg. Length: 610.4
Frame: 940000, Avg. Reward: -4.875, Avg. RL Loss: 0.001, Avg. Length: 608.6
Frame: 950000, Avg. Reward: -4.765, Avg. RL Loss: 0.001, Avg. Length: 552.2
Frame: 960000, Avg. Reward: -4.875, Avg. RL Loss: 0.001, Avg. Length: 623.1
Frame: 970000, Avg. Reward: -4.824, Avg. RL Loss: 0.001, Avg. Length: 570.5
Frame: 980000, Avg. Reward: -4.688, Avg. RL Loss: 0.001, Avg. Length: 638.1
Frame: 990000, Avg. Reward: -4.824, Avg. RL Loss: 0.001, Avg. Length: 601.9
Frame: 1000000, Avg. Reward: -4.882, Avg. RL Loss: 0.001, Avg. Length: 561.2
Frame: 1010000, Avg. Reward: -4.733, Avg. RL Loss: 0.001, Avg. Length: 651.2
Frame: 1020000, Avg. Reward: -4.944, Avg. RL Loss: 0.001, Avg. Length: 590.4
Frame: 1030000, Avg. Reward: -4.765, Avg. RL Loss: 0.001, Avg. Length: 588.1
Frame: 1040000, Avg. Reward: -4.833, Avg. RL Loss: 0.001, Avg. Length: 557.7
Frame: 1050000, Avg. Reward: -4.812, Avg. RL Loss: 0.001, Avg. Length: 608.2
Frame: 1060000, Avg. Reward: -4.889, Avg. RL Loss: 0.001, Avg. Length: 562.1
Frame: 1070000, Avg. Reward: -4.800, Avg. RL Loss: 0.001, Avg. Length: 660.9
Frame: 1080000, Avg. Reward: -4.812, Avg. RL Loss: 0.001, Avg. Length: 628.5
Frame: 1090000, Avg. Reward: -4.824, Avg. RL Loss: 0.001, Avg. Length: 579.3
Frame: 1100000, Avg. Reward: -4.875, Avg. RL Loss: 0.001, Avg. Length: 622.7
Frame: 1110000, Avg. Reward: -4.889, Avg. RL Loss: 0.001, Avg. Length: 558.9
Frame: 1120000, Avg. Reward: -4.750, Avg. RL Loss: 0.001, Avg. Length: 635.1
Frame: 1130000, Avg. Reward: -5.000, Avg. RL Loss: 0.001, Avg. Length: 633.6
Frame: 1140000, Avg. Reward: -4.882, Avg. RL Loss: 0.001, Avg. Length: 551.2
Frame: 1150000, Avg. Reward: -4.938, Avg. RL Loss: 0.001, Avg. Length: 628.2
Frame: 1160000, Avg. Reward: -4.875, Avg. RL Loss: 0.001, Avg. Length: 633.3
Frame: 1170000, Avg. Reward: -4.882, Avg. RL Loss: 0.001, Avg. Length: 589.2
Frame: 1180000, Avg. Reward: -4.938, Avg. RL Loss: 0.001, Avg. Length: 618.8
Frame: 1190000, Avg. Reward: -4.882, Avg. RL Loss: 0.001, Avg. Length: 587.2
Frame: 1200000, Avg. Reward: -4.833, Avg. RL Loss: 0.001, Avg. Length: 562.7
Frame: 1210000, Avg. Reward: -4.833, Avg. RL Loss: 0.001, Avg. Length: 554.7
Frame: 1220000, Avg. Reward: -4.833, Avg. RL Loss: 0.001, Avg. Length: 550.9
Frame: 1230000, Avg. Reward: -4.941, Avg. RL Loss: 0.001, Avg. Length: 578.1
Frame: 1240000, Avg. Reward: -4.941, Avg. RL Loss: 0.001, Avg. Length: 576.4
Frame: 1250000, Avg. Reward: -4.889, Avg. RL Loss: 0.001, Avg. Length: 562.2
Frame: 1260000, Avg. Reward: -4.882, Avg. RL Loss: 0.001, Avg. Length: 575.5
Frame: 1270000, Avg. Reward: -4.824, Avg. RL Loss: 0.001, Avg. Length: 580.7
Frame: 1280000, Avg. Reward: -4.944, Avg. RL Loss: 0.001, Avg. Length: 569.7
Frame: 1290000, Avg. Reward: -4.889, Avg. RL Loss: 0.001, Avg. Length: 550.6
Frame: 1300000, Avg. Reward: -4.824, Avg. RL Loss: 0.001, Avg. Length: 579.5
Frame: 1310000, Avg. Reward: -4.824, Avg. RL Loss: 0.001, Avg. Length: 570.9
Frame: 1320000, Avg. Reward: -4.812, Avg. RL Loss: 0.001, Avg. Length: 632.6
Frame: 1330000, Avg. Reward: -4.824, Avg. RL Loss: 0.001, Avg. Length: 600.4
Frame: 1340000, Avg. Reward: -4.750, Avg. RL Loss: 0.001, Avg. Length: 605.4
Frame: 1350000, Avg. Reward: -4.895, Avg. RL Loss: 0.001, Avg. Length: 537.8
Frame: 1360000, Avg. Reward: -4.941, Avg. RL Loss: 0.001, Avg. Length: 585.5
Frame: 1370000, Avg. Reward: -4.750, Avg. RL Loss: 0.001, Avg. Length: 621.6
Frame: 1380000, Avg. Reward: -4.789, Avg. RL Loss: 0.001, Avg. Length: 541.6
Frame: 1390000, Avg. Reward: -4.812, Avg. RL Loss: 0.001, Avg. Length: 613.6
Frame: 1400000, Avg. Reward: -4.706, Avg. RL Loss: 0.001, Avg. Length: 604.5
