                          Options
                          seed: 1122
                          batch_size: 32
                          no_cuda: False
                          max_frames: 30000000
                          buffer_size: 100000
                          update_target: 1000
                          train_freq: 1
                          gamma: 0.99
                          eta: 0.1
                          rl_start: 10000
                          sl_start: 1000
                          hidden_dim: 512
                          dueling: False
                          multi_step: 1
                          env: SlimeVolleyNoFrameskip-v0
                          negative: False
                          load_model: None
                          save_model: model
                          evaluate: False
                          render: False
                          evaluation_interval: 10000
                          lr: 0.0001
                          max_tag_interval: 1000
                          eps_start: 1.0
                          eps_final: 0.01
                          eps_decay: 30000
                          cuda: True
                          device: cuda:0
Box(0, 1, (4, 84, 84), uint8) Discrete(6)
Traceback (most recent call last):
  File "main.py", line 44, in <module>
    main()
  File "main.py", line 36, in main
    train(env, args, writer)
  File "/home/zihan/research/pytorch-nfsp/train.py", line 85, in train
    p2_action = p2_current_model.act(torch.FloatTensor(p2_state).to(args.device), epsilon)
  File "/home/zihan/research/pytorch-nfsp/model.py", line 79, in act
    q_value = self.forward(state)
  File "/home/zihan/research/pytorch-nfsp/model.py", line 60, in forward
    x = self.features(x)
  File "/home/zihan/anaconda3/envs/x/lib/python3.7/site-packages/torch/nn/modules/module.py", line 889, in _call_impl
    result = self.forward(*input, **kwargs)
  File "/home/zihan/anaconda3/envs/x/lib/python3.7/site-packages/torch/nn/modules/container.py", line 119, in forward
    input = module(input)
  File "/home/zihan/anaconda3/envs/x/lib/python3.7/site-packages/torch/nn/modules/module.py", line 889, in _call_impl
    result = self.forward(*input, **kwargs)
  File "/home/zihan/anaconda3/envs/x/lib/python3.7/site-packages/torch/nn/modules/conv.py", line 399, in forward
    return self._conv_forward(input, self.weight, self.bias)
  File "/home/zihan/anaconda3/envs/x/lib/python3.7/site-packages/torch/nn/modules/conv.py", line 396, in _conv_forward
    self.padding, self.dilation, self.groups)
RuntimeError: Given groups=1, weight of size [8, 4, 4, 4], expected input[1, 3, 168, 84] to have 4 channels, but got 3 channels instead
