                          Options
                          seed: 1122
                          batch_size: 1024
                          no_cuda: False
                          max_frames: 500000000
                          buffer_size: 100000
                          update_target: 1000
                          train_freq: 100
                          gamma: 0.99
                          eta: 0.1
                          rl_start: 10000
                          sl_start: 1000
                          num_envs: 3
                          hidden_dim: 256
                          dueling: False
                          multi_step: 1
                          cce: False
                          env: SlimeVolley-v0
                          ram: False
                          negative: False
                          against_baseline: False
                          load_model: None
                          save_model: model
                          evaluate: False
                          render: False
                          evaluation_interval: 2000
                          lr: 0.0001
                          max_tag_interval: 3000
                          eps_start: 1.0
                          eps_final: 0.01
                          eps_decay: 1000000
                          cuda: True
                          device: cuda:0
[Box(-3.4028234663852886e+38, 3.4028234663852886e+38, (12,), float32), Box(-3.4028234663852886e+38, 3.4028234663852886e+38, (12,), float32), Box(-3.4028234663852886e+38, 3.4028234663852886e+38, (12,), float32)] [Discrete(6), Discrete(6), Discrete(6)]
(12,)
(12,)
Frame: 6000, Avg. RL Loss: nan, Avg. Length: 492.3, P0 Avg. Reward: -0.222, P1 Avg. Reward: 0.222
Frame: 12000, Avg. RL Loss: 0.007, Avg. Length: 536.2, P0 Avg. Reward: -1.167, P1 Avg. Reward: 1.167
Frame: 18000, Avg. RL Loss: 0.006, Avg. Length: 626.0, P0 Avg. Reward: -0.889, P1 Avg. Reward: 0.889
Frame: 24000, Avg. RL Loss: 0.006, Avg. Length: 494.2, P0 Avg. Reward: -1.400, P1 Avg. Reward: 1.400
Frame: 30000, Avg. RL Loss: 0.005, Avg. Length: 541.0, P0 Avg. Reward: 0.222, P1 Avg. Reward: -0.222
Frame: 36000, Avg. RL Loss: 0.005, Avg. Length: 537.0, P0 Avg. Reward: -0.333, P1 Avg. Reward: 0.333
Frame: 42000, Avg. RL Loss: 0.005, Avg. Length: 522.2, P0 Avg. Reward: 0.750, P1 Avg. Reward: -0.750
Frame: 48000, Avg. RL Loss: 0.005, Avg. Length: 483.2, P0 Avg. Reward: -0.167, P1 Avg. Reward: 0.167
Frame: 54000, Avg. RL Loss: 0.005, Avg. Length: 575.7, P0 Avg. Reward: 0.667, P1 Avg. Reward: -0.667
Frame: 60000, Avg. RL Loss: 0.005, Avg. Length: 568.0, P0 Avg. Reward: -0.750, P1 Avg. Reward: 0.750
Frame: 66000, Avg. RL Loss: 0.005, Avg. Length: 665.7, P0 Avg. Reward: -0.111, P1 Avg. Reward: 0.111
Frame: 72000, Avg. RL Loss: 0.005, Avg. Length: 567.0, P0 Avg. Reward: 1.222, P1 Avg. Reward: -1.222
Frame: 78000, Avg. RL Loss: 0.005, Avg. Length: 546.8, P0 Avg. Reward: -0.333, P1 Avg. Reward: 0.333
Frame: 84000, Avg. RL Loss: 0.005, Avg. Length: 561.5, P0 Avg. Reward: 0.000, P1 Avg. Reward: 0.000
Frame: 90000, Avg. RL Loss: 0.005, Avg. Length: 471.5, P0 Avg. Reward: 0.833, P1 Avg. Reward: -0.833
Frame: 96000, Avg. RL Loss: 0.005, Avg. Length: 551.7, P0 Avg. Reward: -1.000, P1 Avg. Reward: 1.000
Frame: 102000, Avg. RL Loss: 0.005, Avg. Length: 630.8, P0 Avg. Reward: -0.167, P1 Avg. Reward: 0.167
Frame: 108000, Avg. RL Loss: 0.006, Avg. Length: 547.7, P0 Avg. Reward: 1.889, P1 Avg. Reward: -1.889
Frame: 114000, Avg. RL Loss: 0.006, Avg. Length: 577.0, P0 Avg. Reward: 0.083, P1 Avg. Reward: -0.083
Frame: 120000, Avg. RL Loss: 0.006, Avg. Length: 517.8, P0 Avg. Reward: 0.583, P1 Avg. Reward: -0.583
Frame: 126000, Avg. RL Loss: 0.006, Avg. Length: 501.2, P0 Avg. Reward: -0.250, P1 Avg. Reward: 0.250
Frame: 132000, Avg. RL Loss: 0.006, Avg. Length: 466.7, P0 Avg. Reward: -1.222, P1 Avg. Reward: 1.222
Frame: 138000, Avg. RL Loss: 0.006, Avg. Length: 540.2, P0 Avg. Reward: 1.250, P1 Avg. Reward: -1.250
Frame: 144000, Avg. RL Loss: 0.007, Avg. Length: 551.0, P0 Avg. Reward: 0.500, P1 Avg. Reward: -0.500
Frame: 150000, Avg. RL Loss: 0.007, Avg. Length: 536.5, P0 Avg. Reward: 0.000, P1 Avg. Reward: 0.000
Frame: 156000, Avg. RL Loss: 0.007, Avg. Length: 543.3, P0 Avg. Reward: 0.000, P1 Avg. Reward: 0.000
Frame: 162000, Avg. RL Loss: 0.008, Avg. Length: 577.8, P0 Avg. Reward: 0.500, P1 Avg. Reward: -0.500
Frame: 168000, Avg. RL Loss: 0.009, Avg. Length: 500.3, P0 Avg. Reward: -0.778, P1 Avg. Reward: 0.778
Frame: 174000, Avg. RL Loss: 0.008, Avg. Length: 636.8, P0 Avg. Reward: 0.083, P1 Avg. Reward: -0.083
Frame: 180000, Avg. RL Loss: 0.008, Avg. Length: 579.0, P0 Avg. Reward: -0.111, P1 Avg. Reward: 0.111
Frame: 186000, Avg. RL Loss: 0.009, Avg. Length: 526.8, P0 Avg. Reward: -0.583, P1 Avg. Reward: 0.583
Frame: 192000, Avg. RL Loss: 0.009, Avg. Length: 561.7, P0 Avg. Reward: 0.667, P1 Avg. Reward: -0.667
Frame: 198000, Avg. RL Loss: 0.009, Avg. Length: 581.0, P0 Avg. Reward: 0.500, P1 Avg. Reward: -0.500
Frame: 204000, Avg. RL Loss: 0.008, Avg. Length: 616.3, P0 Avg. Reward: 0.667, P1 Avg. Reward: -0.667
Frame: 210000, Avg. RL Loss: 0.010, Avg. Length: 555.0, P0 Avg. Reward: 0.000, P1 Avg. Reward: -0.000
Frame: 216000, Avg. RL Loss: 0.010, Avg. Length: 501.5, P0 Avg. Reward: 0.167, P1 Avg. Reward: -0.167
Frame: 222000, Avg. RL Loss: 0.010, Avg. Length: 528.0, P0 Avg. Reward: 0.556, P1 Avg. Reward: -0.556
Frame: 228000, Avg. RL Loss: 0.010, Avg. Length: 599.5, P0 Avg. Reward: 0.833, P1 Avg. Reward: -0.833
Frame: 234000, Avg. RL Loss: 0.009, Avg. Length: 495.2, P0 Avg. Reward: -0.333, P1 Avg. Reward: 0.333
Frame: 240000, Avg. RL Loss: 0.010, Avg. Length: 501.8, P0 Avg. Reward: -1.583, P1 Avg. Reward: 1.583
Frame: 246000, Avg. RL Loss: 0.010, Avg. Length: 660.7, P0 Avg. Reward: -0.444, P1 Avg. Reward: 0.444
Frame: 252000, Avg. RL Loss: 0.011, Avg. Length: 577.3, P0 Avg. Reward: -1.111, P1 Avg. Reward: 1.111
Frame: 258000, Avg. RL Loss: 0.011, Avg. Length: 539.2, P0 Avg. Reward: 0.167, P1 Avg. Reward: -0.167
Frame: 264000, Avg. RL Loss: 0.011, Avg. Length: 566.7, P0 Avg. Reward: -0.778, P1 Avg. Reward: 0.778
Frame: 270000, Avg. RL Loss: 0.011, Avg. Length: 489.2, P0 Avg. Reward: 0.333, P1 Avg. Reward: -0.333
Frame: 276000, Avg. RL Loss: 0.010, Avg. Length: 509.8, P0 Avg. Reward: 0.083, P1 Avg. Reward: -0.083
Frame: 282000, Avg. RL Loss: 0.011, Avg. Length: 564.3, P0 Avg. Reward: -1.333, P1 Avg. Reward: 1.333
Frame: 288000, Avg. RL Loss: 0.010, Avg. Length: 550.2, P0 Avg. Reward: -0.417, P1 Avg. Reward: 0.417
Frame: 294000, Avg. RL Loss: 0.010, Avg. Length: 544.0, P0 Avg. Reward: 1.083, P1 Avg. Reward: -1.083
Frame: 300000, Avg. RL Loss: 0.011, Avg. Length: 577.7, P0 Avg. Reward: -0.444, P1 Avg. Reward: 0.444
Frame: 306000, Avg. RL Loss: 0.010, Avg. Length: 552.0, P0 Avg. Reward: -0.500, P1 Avg. Reward: 0.500
Frame: 312000, Avg. RL Loss: 0.011, Avg. Length: 517.0, P0 Avg. Reward: -0.333, P1 Avg. Reward: 0.333
Frame: 318000, Avg. RL Loss: 0.010, Avg. Length: 536.3, P0 Avg. Reward: 0.556, P1 Avg. Reward: -0.556
Frame: 324000, Avg. RL Loss: 0.011, Avg. Length: 585.2, P0 Avg. Reward: -0.750, P1 Avg. Reward: 0.750
Frame: 330000, Avg. RL Loss: 0.011, Avg. Length: 525.0, P0 Avg. Reward: 0.556, P1 Avg. Reward: -0.556
Frame: 336000, Avg. RL Loss: 0.010, Avg. Length: 568.8, P0 Avg. Reward: -0.333, P1 Avg. Reward: 0.333
Frame: 342000, Avg. RL Loss: 0.012, Avg. Length: 499.2, P0 Avg. Reward: -0.083, P1 Avg. Reward: 0.083
Frame: 348000, Avg. RL Loss: 0.011, Avg. Length: 490.2, P0 Avg. Reward: -0.167, P1 Avg. Reward: 0.167
Frame: 354000, Avg. RL Loss: 0.011, Avg. Length: 506.8, P0 Avg. Reward: 1.000, P1 Avg. Reward: -1.000
Frame: 360000, Avg. RL Loss: 0.011, Avg. Length: 464.2, P0 Avg. Reward: -1.250, P1 Avg. Reward: 1.250
Frame: 366000, Avg. RL Loss: 0.011, Avg. Length: 568.0, P0 Avg. Reward: 0.667, P1 Avg. Reward: -0.667
Frame: 372000, Avg. RL Loss: 0.011, Avg. Length: 608.0, P0 Avg. Reward: 0.333, P1 Avg. Reward: -0.333
Frame: 378000, Avg. RL Loss: 0.012, Avg. Length: 599.3, P0 Avg. Reward: -0.222, P1 Avg. Reward: 0.222
Frame: 384000, Avg. RL Loss: 0.011, Avg. Length: 583.0, P0 Avg. Reward: 0.250, P1 Avg. Reward: -0.250
Frame: 390000, Avg. RL Loss: 0.011, Avg. Length: 677.7, P0 Avg. Reward: -0.000, P1 Avg. Reward: 0.000
Frame: 396000, Avg. RL Loss: 0.009, Avg. Length: 558.7, P0 Avg. Reward: 0.778, P1 Avg. Reward: -0.778
Frame: 402000, Avg. RL Loss: 0.009, Avg. Length: 578.8, P0 Avg. Reward: 0.333, P1 Avg. Reward: -0.333
Frame: 408000, Avg. RL Loss: 0.010, Avg. Length: 463.2, P0 Avg. Reward: -0.333, P1 Avg. Reward: 0.333
Frame: 414000, Avg. RL Loss: 0.012, Avg. Length: 528.8, P0 Avg. Reward: -0.917, P1 Avg. Reward: 0.917
Frame: 420000, Avg. RL Loss: 0.012, Avg. Length: 547.7, P0 Avg. Reward: -1.222, P1 Avg. Reward: 1.222
Frame: 426000, Avg. RL Loss: 0.010, Avg. Length: 506.4, P0 Avg. Reward: -0.067, P1 Avg. Reward: 0.067
Frame: 432000, Avg. RL Loss: 0.010, Avg. Length: 550.7, P0 Avg. Reward: -0.889, P1 Avg. Reward: 0.889
Frame: 438000, Avg. RL Loss: 0.011, Avg. Length: 561.0, P0 Avg. Reward: 1.333, P1 Avg. Reward: -1.333
Frame: 444000, Avg. RL Loss: 0.010, Avg. Length: 486.0, P0 Avg. Reward: 0.417, P1 Avg. Reward: -0.417
Frame: 450000, Avg. RL Loss: 0.011, Avg. Length: 581.3, P0 Avg. Reward: -0.889, P1 Avg. Reward: 0.889
Frame: 456000, Avg. RL Loss: 0.011, Avg. Length: 607.8, P0 Avg. Reward: -0.417, P1 Avg. Reward: 0.417
Frame: 462000, Avg. RL Loss: 0.011, Avg. Length: 564.0, P0 Avg. Reward: -0.333, P1 Avg. Reward: 0.333
Frame: 468000, Avg. RL Loss: 0.011, Avg. Length: 445.2, P0 Avg. Reward: -0.167, P1 Avg. Reward: 0.167
Frame: 474000, Avg. RL Loss: 0.010, Avg. Length: 525.0, P0 Avg. Reward: -0.417, P1 Avg. Reward: 0.417
Frame: 480000, Avg. RL Loss: 0.010, Avg. Length: 574.0, P0 Avg. Reward: 0.833, P1 Avg. Reward: -0.833
Frame: 486000, Avg. RL Loss: 0.010, Avg. Length: 523.0, P0 Avg. Reward: 0.111, P1 Avg. Reward: -0.111
Frame: 492000, Avg. RL Loss: 0.010, Avg. Length: 633.5, P0 Avg. Reward: -0.250, P1 Avg. Reward: 0.250
Frame: 498000, Avg. RL Loss: 0.010, Avg. Length: 530.3, P0 Avg. Reward: 0.111, P1 Avg. Reward: -0.111
Frame: 504000, Avg. RL Loss: 0.011, Avg. Length: 525.8, P0 Avg. Reward: 0.000, P1 Avg. Reward: 0.000
Frame: 510000, Avg. RL Loss: 0.010, Avg. Length: 542.8, P0 Avg. Reward: -1.250, P1 Avg. Reward: 1.250
Frame: 516000, Avg. RL Loss: 0.010, Avg. Length: 533.0, P0 Avg. Reward: 0.667, P1 Avg. Reward: -0.667
Frame: 522000, Avg. RL Loss: 0.010, Avg. Length: 663.0, P0 Avg. Reward: 0.444, P1 Avg. Reward: -0.444
Frame: 528000, Avg. RL Loss: 0.010, Avg. Length: 575.5, P0 Avg. Reward: 0.250, P1 Avg. Reward: -0.250
Frame: 534000, Avg. RL Loss: 0.010, Avg. Length: 637.3, P0 Avg. Reward: 0.222, P1 Avg. Reward: -0.222
Frame: 540000, Avg. RL Loss: 0.010, Avg. Length: 494.0, P0 Avg. Reward: 0.583, P1 Avg. Reward: -0.583
Frame: 546000, Avg. RL Loss: 0.011, Avg. Length: 590.0, P0 Avg. Reward: -0.833, P1 Avg. Reward: 0.833
Frame: 552000, Avg. RL Loss: 0.009, Avg. Length: 576.0, P0 Avg. Reward: -0.444, P1 Avg. Reward: 0.444
Frame: 558000, Avg. RL Loss: 0.011, Avg. Length: 569.8, P0 Avg. Reward: 0.250, P1 Avg. Reward: -0.250
Frame: 564000, Avg. RL Loss: 0.010, Avg. Length: 606.7, P0 Avg. Reward: -0.444, P1 Avg. Reward: 0.444
Frame: 570000, Avg. RL Loss: 0.010, Avg. Length: 557.0, P0 Avg. Reward: -0.500, P1 Avg. Reward: 0.500
Frame: 576000, Avg. RL Loss: 0.009, Avg. Length: 645.0, P0 Avg. Reward: -1.000, P1 Avg. Reward: 1.000
Frame: 582000, Avg. RL Loss: 0.010, Avg. Length: 514.8, P0 Avg. Reward: 0.083, P1 Avg. Reward: -0.083
Frame: 588000, Avg. RL Loss: 0.010, Avg. Length: 558.7, P0 Avg. Reward: 1.000, P1 Avg. Reward: -1.000
Frame: 594000, Avg. RL Loss: 0.010, Avg. Length: 528.2, P0 Avg. Reward: 1.333, P1 Avg. Reward: -1.333
Frame: 600000, Avg. RL Loss: 0.011, Avg. Length: 533.2, P0 Avg. Reward: -0.167, P1 Avg. Reward: 0.167
Frame: 606000, Avg. RL Loss: 0.010, Avg. Length: 565.7, P0 Avg. Reward: 0.667, P1 Avg. Reward: -0.667
Frame: 612000, Avg. RL Loss: 0.012, Avg. Length: 536.2, P0 Avg. Reward: -0.167, P1 Avg. Reward: 0.167
Frame: 618000, Avg. RL Loss: 0.010, Avg. Length: 616.3, P0 Avg. Reward: -0.222, P1 Avg. Reward: 0.222
Frame: 624000, Avg. RL Loss: 0.011, Avg. Length: 587.0, P0 Avg. Reward: -0.111, P1 Avg. Reward: 0.111
Frame: 630000, Avg. RL Loss: 0.011, Avg. Length: 573.5, P0 Avg. Reward: 0.750, P1 Avg. Reward: -0.750
Frame: 636000, Avg. RL Loss: 0.011, Avg. Length: 635.7, P0 Avg. Reward: -0.444, P1 Avg. Reward: 0.444
Frame: 642000, Avg. RL Loss: 0.010, Avg. Length: 492.8, P0 Avg. Reward: 0.000, P1 Avg. Reward: 0.000
Frame: 648000, Avg. RL Loss: 0.011, Avg. Length: 575.8, P0 Avg. Reward: 0.917, P1 Avg. Reward: -0.917
Frame: 654000, Avg. RL Loss: 0.011, Avg. Length: 519.0, P0 Avg. Reward: 1.083, P1 Avg. Reward: -1.083
Frame: 660000, Avg. RL Loss: 0.010, Avg. Length: 608.0, P0 Avg. Reward: -0.222, P1 Avg. Reward: 0.222
Frame: 666000, Avg. RL Loss: 0.011, Avg. Length: 514.5, P0 Avg. Reward: 1.250, P1 Avg. Reward: -1.250
Frame: 672000, Avg. RL Loss: 0.011, Avg. Length: 545.0, P0 Avg. Reward: 0.667, P1 Avg. Reward: -0.667
Frame: 678000, Avg. RL Loss: 0.011, Avg. Length: 539.3, P0 Avg. Reward: 1.222, P1 Avg. Reward: -1.222
Frame: 684000, Avg. RL Loss: 0.010, Avg. Length: 501.8, P0 Avg. Reward: 0.500, P1 Avg. Reward: -0.500
Frame: 690000, Avg. RL Loss: 0.011, Avg. Length: 530.2, P0 Avg. Reward: 0.083, P1 Avg. Reward: -0.083
Frame: 696000, Avg. RL Loss: 0.010, Avg. Length: 583.0, P0 Avg. Reward: 0.556, P1 Avg. Reward: -0.556
Frame: 702000, Avg. RL Loss: 0.011, Avg. Length: 579.5, P0 Avg. Reward: -0.583, P1 Avg. Reward: 0.583
Frame: 708000, Avg. RL Loss: 0.011, Avg. Length: 575.7, P0 Avg. Reward: 0.222, P1 Avg. Reward: -0.222
Frame: 714000, Avg. RL Loss: 0.011, Avg. Length: 565.2, P0 Avg. Reward: -0.417, P1 Avg. Reward: 0.417
Frame: 720000, Avg. RL Loss: 0.011, Avg. Length: 504.8, P0 Avg. Reward: 0.167, P1 Avg. Reward: -0.167
Frame: 726000, Avg. RL Loss: 0.012, Avg. Length: 508.8, P0 Avg. Reward: -0.500, P1 Avg. Reward: 0.500
Frame: 732000, Avg. RL Loss: 0.011, Avg. Length: 582.3, P0 Avg. Reward: 0.000, P1 Avg. Reward: -0.000
Frame: 738000, Avg. RL Loss: 0.011, Avg. Length: 554.0, P0 Avg. Reward: -0.667, P1 Avg. Reward: 0.667
Frame: 744000, Avg. RL Loss: 0.011, Avg. Length: 523.2, P0 Avg. Reward: -1.167, P1 Avg. Reward: 1.167
Frame: 750000, Avg. RL Loss: 0.011, Avg. Length: 529.7, P0 Avg. Reward: 0.889, P1 Avg. Reward: -0.889
Frame: 756000, Avg. RL Loss: 0.011, Avg. Length: 559.8, P0 Avg. Reward: -1.500, P1 Avg. Reward: 1.500
Frame: 762000, Avg. RL Loss: 0.012, Avg. Length: 466.5, P0 Avg. Reward: 0.583, P1 Avg. Reward: -0.583
Frame: 768000, Avg. RL Loss: 0.011, Avg. Length: 630.0, P0 Avg. Reward: 0.667, P1 Avg. Reward: -0.667
Frame: 774000, Avg. RL Loss: 0.012, Avg. Length: 608.7, P0 Avg. Reward: -1.000, P1 Avg. Reward: 1.000
Frame: 780000, Avg. RL Loss: 0.014, Avg. Length: 612.0, P0 Avg. Reward: 0.000, P1 Avg. Reward: -0.000
Frame: 786000, Avg. RL Loss: 0.013, Avg. Length: 551.5, P0 Avg. Reward: -0.083, P1 Avg. Reward: 0.083
Frame: 792000, Avg. RL Loss: 0.013, Avg. Length: 602.3, P0 Avg. Reward: 1.222, P1 Avg. Reward: -1.222
Frame: 798000, Avg. RL Loss: 0.012, Avg. Length: 522.5, P0 Avg. Reward: 0.250, P1 Avg. Reward: -0.250
Frame: 804000, Avg. RL Loss: 0.012, Avg. Length: 482.8, P0 Avg. Reward: -1.000, P1 Avg. Reward: 1.000
Frame: 810000, Avg. RL Loss: 0.013, Avg. Length: 551.0, P0 Avg. Reward: 0.417, P1 Avg. Reward: -0.417
Frame: 816000, Avg. RL Loss: 0.014, Avg. Length: 478.2, P0 Avg. Reward: 0.167, P1 Avg. Reward: -0.167
Frame: 822000, Avg. RL Loss: 0.011, Avg. Length: 512.0, P0 Avg. Reward: -0.333, P1 Avg. Reward: 0.333
Frame: 828000, Avg. RL Loss: 0.013, Avg. Length: 634.5, P0 Avg. Reward: -0.417, P1 Avg. Reward: 0.417
Frame: 834000, Avg. RL Loss: 0.013, Avg. Length: 546.3, P0 Avg. Reward: -0.667, P1 Avg. Reward: 0.667
Frame: 840000, Avg. RL Loss: 0.013, Avg. Length: 543.2, P0 Avg. Reward: -0.333, P1 Avg. Reward: 0.333
Frame: 846000, Avg. RL Loss: 0.013, Avg. Length: 600.0, P0 Avg. Reward: -0.556, P1 Avg. Reward: 0.556
Frame: 852000, Avg. RL Loss: 0.013, Avg. Length: 566.5, P0 Avg. Reward: -0.250, P1 Avg. Reward: 0.250
Frame: 858000, Avg. RL Loss: 0.012, Avg. Length: 615.7, P0 Avg. Reward: 0.889, P1 Avg. Reward: -0.889
Frame: 864000, Avg. RL Loss: 0.014, Avg. Length: 492.5, P0 Avg. Reward: -1.000, P1 Avg. Reward: 1.000
Frame: 870000, Avg. RL Loss: 0.013, Avg. Length: 548.2, P0 Avg. Reward: -0.417, P1 Avg. Reward: 0.417
Frame: 876000, Avg. RL Loss: 0.014, Avg. Length: 553.3, P0 Avg. Reward: -0.667, P1 Avg. Reward: 0.667
Frame: 882000, Avg. RL Loss: 0.012, Avg. Length: 596.0, P0 Avg. Reward: 0.333, P1 Avg. Reward: -0.333
Frame: 888000, Avg. RL Loss: 0.013, Avg. Length: 630.7, P0 Avg. Reward: -0.778, P1 Avg. Reward: 0.778
Frame: 894000, Avg. RL Loss: 0.014, Avg. Length: 492.5, P0 Avg. Reward: 0.750, P1 Avg. Reward: -0.750
Frame: 900000, Avg. RL Loss: 0.014, Avg. Length: 510.2, P0 Avg. Reward: -1.167, P1 Avg. Reward: 1.167
Frame: 906000, Avg. RL Loss: 0.014, Avg. Length: 531.2, P0 Avg. Reward: 0.083, P1 Avg. Reward: -0.083
Frame: 912000, Avg. RL Loss: 0.013, Avg. Length: 580.0, P0 Avg. Reward: 1.667, P1 Avg. Reward: -1.667
Frame: 918000, Avg. RL Loss: 0.013, Avg. Length: 588.0, P0 Avg. Reward: -0.111, P1 Avg. Reward: 0.111
Frame: 924000, Avg. RL Loss: 0.014, Avg. Length: 489.6, P0 Avg. Reward: -0.333, P1 Avg. Reward: 0.333
Frame: 930000, Avg. RL Loss: 0.013, Avg. Length: 615.3, P0 Avg. Reward: -1.000, P1 Avg. Reward: 1.000
Frame: 936000, Avg. RL Loss: 0.014, Avg. Length: 530.2, P0 Avg. Reward: 0.833, P1 Avg. Reward: -0.833
Frame: 942000, Avg. RL Loss: 0.013, Avg. Length: 619.3, P0 Avg. Reward: -1.111, P1 Avg. Reward: 1.111
Frame: 948000, Avg. RL Loss: 0.012, Avg. Length: 501.0, P0 Avg. Reward: 1.083, P1 Avg. Reward: -1.083
Frame: 954000, Avg. RL Loss: 0.013, Avg. Length: 541.8, P0 Avg. Reward: 0.583, P1 Avg. Reward: -0.583
Frame: 960000, Avg. RL Loss: 0.013, Avg. Length: 550.7, P0 Avg. Reward: -0.889, P1 Avg. Reward: 0.889
Frame: 966000, Avg. RL Loss: 0.014, Avg. Length: 527.5, P0 Avg. Reward: -0.250, P1 Avg. Reward: 0.250
Frame: 972000, Avg. RL Loss: 0.013, Avg. Length: 508.2, P0 Avg. Reward: -0.167, P1 Avg. Reward: 0.167
Frame: 978000, Avg. RL Loss: 0.014, Avg. Length: 561.8, P0 Avg. Reward: 1.500, P1 Avg. Reward: -1.500
Frame: 984000, Avg. RL Loss: 0.014, Avg. Length: 547.0, P0 Avg. Reward: 0.111, P1 Avg. Reward: -0.111
Frame: 990000, Avg. RL Loss: 0.013, Avg. Length: 541.0, P0 Avg. Reward: -0.333, P1 Avg. Reward: 0.333
Frame: 996000, Avg. RL Loss: 0.013, Avg. Length: 590.0, P0 Avg. Reward: -0.111, P1 Avg. Reward: 0.111
Frame: 1002000, Avg. RL Loss: 0.014, Avg. Length: 608.0, P0 Avg. Reward: 1.000, P1 Avg. Reward: -1.000
Frame: 1008000, Avg. RL Loss: 0.014, Avg. Length: 532.3, P0 Avg. Reward: 0.444, P1 Avg. Reward: -0.444
Frame: 1014000, Avg. RL Loss: 0.015, Avg. Length: 560.0, P0 Avg. Reward: 1.333, P1 Avg. Reward: -1.333
Frame: 1020000, Avg. RL Loss: 0.012, Avg. Length: 483.0, P0 Avg. Reward: -1.250, P1 Avg. Reward: 1.250
Frame: 1026000, Avg. RL Loss: 0.012, Avg. Length: 552.8, P0 Avg. Reward: 0.583, P1 Avg. Reward: -0.583
Frame: 1032000, Avg. RL Loss: 0.013, Avg. Length: 508.2, P0 Avg. Reward: 0.833, P1 Avg. Reward: -0.833
Frame: 1038000, Avg. RL Loss: 0.013, Avg. Length: 489.2, P0 Avg. Reward: 0.417, P1 Avg. Reward: -0.417
Frame: 1044000, Avg. RL Loss: 0.014, Avg. Length: 661.0, P0 Avg. Reward: -0.333, P1 Avg. Reward: 0.333
Frame: 1050000, Avg. RL Loss: 0.015, Avg. Length: 559.7, P0 Avg. Reward: -0.667, P1 Avg. Reward: 0.667
Frame: 1056000, Avg. RL Loss: 0.013, Avg. Length: 467.8, P0 Avg. Reward: 0.200, P1 Avg. Reward: -0.200
Frame: 1062000, Avg. RL Loss: 0.013, Avg. Length: 501.8, P0 Avg. Reward: -0.500, P1 Avg. Reward: 0.500
Frame: 1068000, Avg. RL Loss: 0.014, Avg. Length: 506.0, P0 Avg. Reward: 1.250, P1 Avg. Reward: -1.250
Frame: 1074000, Avg. RL Loss: 0.013, Avg. Length: 570.0, P0 Avg. Reward: -1.000, P1 Avg. Reward: 1.000
Frame: 1080000, Avg. RL Loss: 0.014, Avg. Length: 470.4, P0 Avg. Reward: 0.600, P1 Avg. Reward: -0.600
Frame: 1086000, Avg. RL Loss: 0.013, Avg. Length: 574.0, P0 Avg. Reward: 0.556, P1 Avg. Reward: -0.556
Frame: 1092000, Avg. RL Loss: 0.014, Avg. Length: 410.2, P0 Avg. Reward: 0.167, P1 Avg. Reward: -0.167
Frame: 1098000, Avg. RL Loss: 0.014, Avg. Length: 637.8, P0 Avg. Reward: 0.167, P1 Avg. Reward: -0.167
Frame: 1104000, Avg. RL Loss: 0.014, Avg. Length: 553.0, P0 Avg. Reward: -0.667, P1 Avg. Reward: 0.667
Frame: 1110000, Avg. RL Loss: 0.015, Avg. Length: 503.0, P0 Avg. Reward: 0.000, P1 Avg. Reward: -0.000
Frame: 1116000, Avg. RL Loss: 0.015, Avg. Length: 468.8, P0 Avg. Reward: -0.667, P1 Avg. Reward: 0.667
Frame: 1122000, Avg. RL Loss: 0.014, Avg. Length: 472.8, P0 Avg. Reward: 0.500, P1 Avg. Reward: -0.500
Frame: 1128000, Avg. RL Loss: 0.015, Avg. Length: 536.0, P0 Avg. Reward: 0.583, P1 Avg. Reward: -0.583
Frame: 1134000, Avg. RL Loss: 0.015, Avg. Length: 587.3, P0 Avg. Reward: 0.111, P1 Avg. Reward: -0.111
Frame: 1140000, Avg. RL Loss: 0.014, Avg. Length: 699.0, P0 Avg. Reward: -0.222, P1 Avg. Reward: 0.222
Frame: 1146000, Avg. RL Loss: 0.014, Avg. Length: 563.3, P0 Avg. Reward: 0.667, P1 Avg. Reward: -0.667
Frame: 1152000, Avg. RL Loss: 0.014, Avg. Length: 618.7, P0 Avg. Reward: -0.333, P1 Avg. Reward: 0.333
Frame: 1158000, Avg. RL Loss: 0.015, Avg. Length: 522.6, P0 Avg. Reward: 1.667, P1 Avg. Reward: -1.667
Frame: 1164000, Avg. RL Loss: 0.014, Avg. Length: 503.8, P0 Avg. Reward: -0.000, P1 Avg. Reward: 0.000
Frame: 1170000, Avg. RL Loss: 0.014, Avg. Length: 514.7, P0 Avg. Reward: 0.000, P1 Avg. Reward: 0.000
Frame: 1176000, Avg. RL Loss: 0.015, Avg. Length: 584.2, P0 Avg. Reward: 0.250, P1 Avg. Reward: -0.250
Frame: 1182000, Avg. RL Loss: 0.015, Avg. Length: 569.0, P0 Avg. Reward: 0.222, P1 Avg. Reward: -0.222
Frame: 1188000, Avg. RL Loss: 0.016, Avg. Length: 514.5, P0 Avg. Reward: 0.417, P1 Avg. Reward: -0.417
Frame: 1194000, Avg. RL Loss: 0.014, Avg. Length: 585.5, P0 Avg. Reward: 0.417, P1 Avg. Reward: -0.417
Frame: 1200000, Avg. RL Loss: 0.015, Avg. Length: 584.0, P0 Avg. Reward: 0.000, P1 Avg. Reward: -0.000
Frame: 1206000, Avg. RL Loss: 0.013, Avg. Length: 481.2, P0 Avg. Reward: -0.667, P1 Avg. Reward: 0.667
Frame: 1212000, Avg. RL Loss: 0.015, Avg. Length: 559.2, P0 Avg. Reward: -0.917, P1 Avg. Reward: 0.917
Frame: 1218000, Avg. RL Loss: 0.014, Avg. Length: 479.2, P0 Avg. Reward: 2.000, P1 Avg. Reward: -2.000
Frame: 1224000, Avg. RL Loss: 0.014, Avg. Length: 503.5, P0 Avg. Reward: 0.417, P1 Avg. Reward: -0.417
Frame: 1230000, Avg. RL Loss: 0.014, Avg. Length: 537.5, P0 Avg. Reward: 0.833, P1 Avg. Reward: -0.833
Frame: 1236000, Avg. RL Loss: 0.015, Avg. Length: 627.3, P0 Avg. Reward: -0.111, P1 Avg. Reward: 0.111
Frame: 1242000, Avg. RL Loss: 0.015, Avg. Length: 517.8, P0 Avg. Reward: 0.167, P1 Avg. Reward: -0.167
Frame: 1248000, Avg. RL Loss: 0.016, Avg. Length: 546.7, P0 Avg. Reward: 0.444, P1 Avg. Reward: -0.444
Frame: 1254000, Avg. RL Loss: 0.016, Avg. Length: 553.2, P0 Avg. Reward: 0.333, P1 Avg. Reward: -0.333
Frame: 1260000, Avg. RL Loss: 0.015, Avg. Length: 610.3, P0 Avg. Reward: -0.222, P1 Avg. Reward: 0.222
Frame: 1266000, Avg. RL Loss: 0.016, Avg. Length: 483.0, P0 Avg. Reward: -1.667, P1 Avg. Reward: 1.667
Frame: 1272000, Avg. RL Loss: 0.015, Avg. Length: 547.2, P0 Avg. Reward: -0.667, P1 Avg. Reward: 0.667
Frame: 1278000, Avg. RL Loss: 0.014, Avg. Length: 518.5, P0 Avg. Reward: 0.750, P1 Avg. Reward: -0.750
Frame: 1284000, Avg. RL Loss: 0.016, Avg. Length: 590.3, P0 Avg. Reward: 0.444, P1 Avg. Reward: -0.444
Frame: 1290000, Avg. RL Loss: 0.015, Avg. Length: 520.0, P0 Avg. Reward: 0.167, P1 Avg. Reward: -0.167
Frame: 1296000, Avg. RL Loss: 0.013, Avg. Length: 510.5, P0 Avg. Reward: -0.167, P1 Avg. Reward: 0.167
Frame: 1302000, Avg. RL Loss: 0.015, Avg. Length: 493.5, P0 Avg. Reward: 0.750, P1 Avg. Reward: -0.750
Frame: 1308000, Avg. RL Loss: 0.014, Avg. Length: 532.5, P0 Avg. Reward: -0.500, P1 Avg. Reward: 0.500
Frame: 1314000, Avg. RL Loss: 0.015, Avg. Length: 576.7, P0 Avg. Reward: 0.667, P1 Avg. Reward: -0.667
Frame: 1320000, Avg. RL Loss: 0.016, Avg. Length: 558.2, P0 Avg. Reward: -0.333, P1 Avg. Reward: 0.333
Frame: 1326000, Avg. RL Loss: 0.016, Avg. Length: 510.8, P0 Avg. Reward: 0.833, P1 Avg. Reward: -0.833
Frame: 1332000, Avg. RL Loss: 0.015, Avg. Length: 641.3, P0 Avg. Reward: 0.556, P1 Avg. Reward: -0.556
Frame: 1338000, Avg. RL Loss: 0.015, Avg. Length: 565.0, P0 Avg. Reward: 0.833, P1 Avg. Reward: -0.833
Frame: 1344000, Avg. RL Loss: 0.015, Avg. Length: 493.0, P0 Avg. Reward: -0.667, P1 Avg. Reward: 0.667
Frame: 1350000, Avg. RL Loss: 0.012, Avg. Length: 595.7, P0 Avg. Reward: -0.222, P1 Avg. Reward: 0.222
Frame: 1356000, Avg. RL Loss: 0.016, Avg. Length: 552.0, P0 Avg. Reward: -0.167, P1 Avg. Reward: 0.167
Frame: 1362000, Avg. RL Loss: 0.015, Avg. Length: 509.8, P0 Avg. Reward: 0.000, P1 Avg. Reward: 0.000
Frame: 1368000, Avg. RL Loss: 0.017, Avg. Length: 524.0, P0 Avg. Reward: -0.556, P1 Avg. Reward: 0.556
Frame: 1374000, Avg. RL Loss: 0.014, Avg. Length: 533.5, P0 Avg. Reward: 0.333, P1 Avg. Reward: -0.333
Frame: 1380000, Avg. RL Loss: 0.015, Avg. Length: 526.8, P0 Avg. Reward: 0.833, P1 Avg. Reward: -0.833
Frame: 1386000, Avg. RL Loss: 0.015, Avg. Length: 524.0, P0 Avg. Reward: 0.750, P1 Avg. Reward: -0.750
Frame: 1392000, Avg. RL Loss: 0.016, Avg. Length: 587.3, P0 Avg. Reward: 0.667, P1 Avg. Reward: -0.667
Frame: 1398000, Avg. RL Loss: 0.015, Avg. Length: 505.5, P0 Avg. Reward: -0.500, P1 Avg. Reward: 0.500
Frame: 1404000, Avg. RL Loss: 0.016, Avg. Length: 611.0, P0 Avg. Reward: -0.556, P1 Avg. Reward: 0.556
Frame: 1410000, Avg. RL Loss: 0.015, Avg. Length: 554.5, P0 Avg. Reward: -0.917, P1 Avg. Reward: 0.917
Frame: 1416000, Avg. RL Loss: 0.015, Avg. Length: 537.5, P0 Avg. Reward: -0.333, P1 Avg. Reward: 0.333
Frame: 1422000, Avg. RL Loss: 0.015, Avg. Length: 495.2, P0 Avg. Reward: -0.583, P1 Avg. Reward: 0.583
Frame: 1428000, Avg. RL Loss: 0.014, Avg. Length: 531.3, P0 Avg. Reward: -0.333, P1 Avg. Reward: 0.333
Frame: 1434000, Avg. RL Loss: 0.015, Avg. Length: 566.2, P0 Avg. Reward: 1.583, P1 Avg. Reward: -1.583
Frame: 1440000, Avg. RL Loss: 0.015, Avg. Length: 488.0, P0 Avg. Reward: -0.583, P1 Avg. Reward: 0.583
Frame: 1446000, Avg. RL Loss: 0.015, Avg. Length: 445.4, P0 Avg. Reward: -1.267, P1 Avg. Reward: 1.267
Frame: 1452000, Avg. RL Loss: 0.016, Avg. Length: 615.0, P0 Avg. Reward: 0.222, P1 Avg. Reward: -0.222
Frame: 1458000, Avg. RL Loss: 0.015, Avg. Length: 556.2, P0 Avg. Reward: 1.500, P1 Avg. Reward: -1.500
Frame: 1464000, Avg. RL Loss: 0.015, Avg. Length: 528.0, P0 Avg. Reward: 0.111, P1 Avg. Reward: -0.111
Frame: 1470000, Avg. RL Loss: 0.015, Avg. Length: 544.0, P0 Avg. Reward: -0.167, P1 Avg. Reward: 0.167
Frame: 1476000, Avg. RL Loss: 0.015, Avg. Length: 557.2, P0 Avg. Reward: 0.667, P1 Avg. Reward: -0.667
Frame: 1482000, Avg. RL Loss: 0.015, Avg. Length: 478.3, P0 Avg. Reward: -0.222, P1 Avg. Reward: 0.222
Frame: 1488000, Avg. RL Loss: 0.016, Avg. Length: 565.0, P0 Avg. Reward: 0.833, P1 Avg. Reward: -0.833
Frame: 1494000, Avg. RL Loss: 0.015, Avg. Length: 511.8, P0 Avg. Reward: -1.000, P1 Avg. Reward: 1.000
Frame: 1500000, Avg. RL Loss: 0.015, Avg. Length: 567.0, P0 Avg. Reward: 0.167, P1 Avg. Reward: -0.167
Frame: 1506000, Avg. RL Loss: 0.016, Avg. Length: 423.5, P0 Avg. Reward: 0.250, P1 Avg. Reward: -0.250
Frame: 1512000, Avg. RL Loss: 0.015, Avg. Length: 452.2, P0 Avg. Reward: 2.333, P1 Avg. Reward: -2.333
Frame: 1518000, Avg. RL Loss: 0.016, Avg. Length: 471.6, P0 Avg. Reward: 0.467, P1 Avg. Reward: -0.467
Frame: 1524000, Avg. RL Loss: 0.017, Avg. Length: 484.5, P0 Avg. Reward: -0.083, P1 Avg. Reward: 0.083
Frame: 1530000, Avg. RL Loss: 0.016, Avg. Length: 462.5, P0 Avg. Reward: 0.833, P1 Avg. Reward: -0.833
Frame: 1536000, Avg. RL Loss: 0.015, Avg. Length: 490.8, P0 Avg. Reward: 1.667, P1 Avg. Reward: -1.667
Frame: 1542000, Avg. RL Loss: 0.016, Avg. Length: 496.2, P0 Avg. Reward: 0.583, P1 Avg. Reward: -0.583
Frame: 1548000, Avg. RL Loss: 0.016, Avg. Length: 528.2, P0 Avg. Reward: -0.083, P1 Avg. Reward: 0.083
Frame: 1554000, Avg. RL Loss: 0.015, Avg. Length: 567.7, P0 Avg. Reward: 0.000, P1 Avg. Reward: -0.000
Frame: 1560000, Avg. RL Loss: 0.014, Avg. Length: 630.8, P0 Avg. Reward: 0.333, P1 Avg. Reward: -0.333
Frame: 1566000, Avg. RL Loss: 0.014, Avg. Length: 516.5, P0 Avg. Reward: 0.750, P1 Avg. Reward: -0.750
Frame: 1572000, Avg. RL Loss: 0.014, Avg. Length: 556.3, P0 Avg. Reward: 1.000, P1 Avg. Reward: -1.000
Frame: 1578000, Avg. RL Loss: 0.016, Avg. Length: 481.0, P0 Avg. Reward: 0.833, P1 Avg. Reward: -0.833
Frame: 1584000, Avg. RL Loss: 0.015, Avg. Length: 501.8, P0 Avg. Reward: -0.250, P1 Avg. Reward: 0.250
Frame: 1590000, Avg. RL Loss: 0.013, Avg. Length: 558.5, P0 Avg. Reward: 1.167, P1 Avg. Reward: -1.167
Frame: 1596000, Avg. RL Loss: 0.014, Avg. Length: 510.5, P0 Avg. Reward: 0.417, P1 Avg. Reward: -0.417
Frame: 1602000, Avg. RL Loss: 0.015, Avg. Length: 542.3, P0 Avg. Reward: -0.222, P1 Avg. Reward: 0.222
Frame: 1608000, Avg. RL Loss: 0.014, Avg. Length: 524.2, P0 Avg. Reward: -0.250, P1 Avg. Reward: 0.250
Frame: 1614000, Avg. RL Loss: 0.015, Avg. Length: 531.2, P0 Avg. Reward: -0.417, P1 Avg. Reward: 0.417
Frame: 1620000, Avg. RL Loss: 0.014, Avg. Length: 539.0, P0 Avg. Reward: -0.250, P1 Avg. Reward: 0.250
Frame: 1626000, Avg. RL Loss: 0.014, Avg. Length: 467.5, P0 Avg. Reward: 1.667, P1 Avg. Reward: -1.667
Frame: 1632000, Avg. RL Loss: 0.015, Avg. Length: 617.0, P0 Avg. Reward: 1.111, P1 Avg. Reward: -1.111
Frame: 1638000, Avg. RL Loss: 0.014, Avg. Length: 562.2, P0 Avg. Reward: 0.000, P1 Avg. Reward: 0.000
Frame: 1644000, Avg. RL Loss: 0.014, Avg. Length: 529.5, P0 Avg. Reward: -1.333, P1 Avg. Reward: 1.333
Frame: 1650000, Avg. RL Loss: 0.015, Avg. Length: 620.3, P0 Avg. Reward: -1.111, P1 Avg. Reward: 1.111
Frame: 1656000, Avg. RL Loss: 0.015, Avg. Length: 505.8, P0 Avg. Reward: 0.083, P1 Avg. Reward: -0.083
Frame: 1662000, Avg. RL Loss: 0.016, Avg. Length: 498.8, P0 Avg. Reward: -0.500, P1 Avg. Reward: 0.500
Frame: 1668000, Avg. RL Loss: 0.014, Avg. Length: 544.7, P0 Avg. Reward: -0.333, P1 Avg. Reward: 0.333
Frame: 1674000, Avg. RL Loss: 0.015, Avg. Length: 558.5, P0 Avg. Reward: 0.583, P1 Avg. Reward: -0.583
Frame: 1680000, Avg. RL Loss: 0.014, Avg. Length: 547.8, P0 Avg. Reward: -0.000, P1 Avg. Reward: 0.000
Frame: 1686000, Avg. RL Loss: 0.016, Avg. Length: 463.5, P0 Avg. Reward: -1.917, P1 Avg. Reward: 1.917
Frame: 1692000, Avg. RL Loss: 0.016, Avg. Length: 564.0, P0 Avg. Reward: -0.444, P1 Avg. Reward: 0.444
Frame: 1698000, Avg. RL Loss: 0.016, Avg. Length: 570.2, P0 Avg. Reward: 0.333, P1 Avg. Reward: -0.333
Frame: 1704000, Avg. RL Loss: 0.016, Avg. Length: 622.7, P0 Avg. Reward: -0.333, P1 Avg. Reward: 0.333
Frame: 1710000, Avg. RL Loss: 0.016, Avg. Length: 508.0, P0 Avg. Reward: 0.333, P1 Avg. Reward: -0.333
Frame: 1716000, Avg. RL Loss: 0.017, Avg. Length: 578.0, P0 Avg. Reward: 0.083, P1 Avg. Reward: -0.083
Frame: 1722000, Avg. RL Loss: 0.018, Avg. Length: 592.7, P0 Avg. Reward: -0.333, P1 Avg. Reward: 0.333
Frame: 1728000, Avg. RL Loss: 0.016, Avg. Length: 569.0, P0 Avg. Reward: -0.167, P1 Avg. Reward: 0.167
Frame: 1734000, Avg. RL Loss: 0.016, Avg. Length: 542.7, P0 Avg. Reward: 1.000, P1 Avg. Reward: -1.000
Frame: 1740000, Avg. RL Loss: 0.015, Avg. Length: 533.8, P0 Avg. Reward: 1.083, P1 Avg. Reward: -1.083
Frame: 1746000, Avg. RL Loss: 0.016, Avg. Length: 513.5, P0 Avg. Reward: -0.167, P1 Avg. Reward: 0.167
Frame: 1752000, Avg. RL Loss: 0.016, Avg. Length: 526.0, P0 Avg. Reward: -0.500, P1 Avg. Reward: 0.500
Frame: 1758000, Avg. RL Loss: 0.016, Avg. Length: 503.3, P0 Avg. Reward: 0.556, P1 Avg. Reward: -0.556
Frame: 1764000, Avg. RL Loss: 0.017, Avg. Length: 501.6, P0 Avg. Reward: 1.467, P1 Avg. Reward: -1.467
Frame: 1770000, Avg. RL Loss: 0.017, Avg. Length: 466.5, P0 Avg. Reward: -0.917, P1 Avg. Reward: 0.917
Frame: 1776000, Avg. RL Loss: 0.017, Avg. Length: 496.5, P0 Avg. Reward: 0.167, P1 Avg. Reward: -0.167
Frame: 1782000, Avg. RL Loss: 0.017, Avg. Length: 550.2, P0 Avg. Reward: -1.167, P1 Avg. Reward: 1.167
Frame: 1788000, Avg. RL Loss: 0.017, Avg. Length: 569.7, P0 Avg. Reward: 0.333, P1 Avg. Reward: -0.333
Frame: 1794000, Avg. RL Loss: 0.016, Avg. Length: 500.8, P0 Avg. Reward: -0.167, P1 Avg. Reward: 0.167
Frame: 1800000, Avg. RL Loss: 0.017, Avg. Length: 477.0, P0 Avg. Reward: -0.917, P1 Avg. Reward: 0.917
Frame: 1806000, Avg. RL Loss: 0.016, Avg. Length: 522.8, P0 Avg. Reward: -0.667, P1 Avg. Reward: 0.667
Frame: 1812000, Avg. RL Loss: 0.017, Avg. Length: 528.2, P0 Avg. Reward: -0.333, P1 Avg. Reward: 0.333
Frame: 1818000, Avg. RL Loss: 0.015, Avg. Length: 632.0, P0 Avg. Reward: 0.000, P1 Avg. Reward: -0.000
Frame: 1824000, Avg. RL Loss: 0.015, Avg. Length: 550.2, P0 Avg. Reward: -0.833, P1 Avg. Reward: 0.833
Frame: 1830000, Avg. RL Loss: 0.018, Avg. Length: 518.5, P0 Avg. Reward: -0.167, P1 Avg. Reward: 0.167
Frame: 1836000, Avg. RL Loss: 0.016, Avg. Length: 543.0, P0 Avg. Reward: -1.000, P1 Avg. Reward: 1.000
Frame: 1842000, Avg. RL Loss: 0.016, Avg. Length: 597.0, P0 Avg. Reward: -0.167, P1 Avg. Reward: 0.167
Frame: 1848000, Avg. RL Loss: 0.014, Avg. Length: 544.0, P0 Avg. Reward: -0.333, P1 Avg. Reward: 0.333
Frame: 1854000, Avg. RL Loss: 0.018, Avg. Length: 507.0, P0 Avg. Reward: -0.417, P1 Avg. Reward: 0.417
Frame: 1860000, Avg. RL Loss: 0.016, Avg. Length: 536.2, P0 Avg. Reward: -0.750, P1 Avg. Reward: 0.750
Frame: 1866000, Avg. RL Loss: 0.016, Avg. Length: 624.7, P0 Avg. Reward: 0.667, P1 Avg. Reward: -0.667
Frame: 1872000, Avg. RL Loss: 0.016, Avg. Length: 536.2, P0 Avg. Reward: 0.917, P1 Avg. Reward: -0.917
Frame: 1878000, Avg. RL Loss: 0.017, Avg. Length: 520.5, P0 Avg. Reward: -0.250, P1 Avg. Reward: 0.250
Frame: 1884000, Avg. RL Loss: 0.017, Avg. Length: 561.3, P0 Avg. Reward: 0.778, P1 Avg. Reward: -0.778
Frame: 1890000, Avg. RL Loss: 0.015, Avg. Length: 585.2, P0 Avg. Reward: 0.000, P1 Avg. Reward: -0.000
Frame: 1896000, Avg. RL Loss: 0.017, Avg. Length: 510.8, P0 Avg. Reward: -0.167, P1 Avg. Reward: 0.167
Frame: 1902000, Avg. RL Loss: 0.016, Avg. Length: 578.3, P0 Avg. Reward: 0.444, P1 Avg. Reward: -0.444
Frame: 1908000, Avg. RL Loss: 0.017, Avg. Length: 477.2, P0 Avg. Reward: -0.167, P1 Avg. Reward: 0.167
Frame: 1914000, Avg. RL Loss: 0.017, Avg. Length: 553.2, P0 Avg. Reward: 0.167, P1 Avg. Reward: -0.167
Frame: 1920000, Avg. RL Loss: 0.015, Avg. Length: 620.0, P0 Avg. Reward: 0.222, P1 Avg. Reward: -0.222
Frame: 1926000, Avg. RL Loss: 0.016, Avg. Length: 543.5, P0 Avg. Reward: -1.083, P1 Avg. Reward: 1.083
Frame: 1932000, Avg. RL Loss: 0.016, Avg. Length: 514.5, P0 Avg. Reward: 0.083, P1 Avg. Reward: -0.083
Frame: 1938000, Avg. RL Loss: 0.017, Avg. Length: 554.0, P0 Avg. Reward: -0.222, P1 Avg. Reward: 0.222
Frame: 1944000, Avg. RL Loss: 0.016, Avg. Length: 575.0, P0 Avg. Reward: 0.250, P1 Avg. Reward: -0.250
Frame: 1950000, Avg. RL Loss: 0.017, Avg. Length: 528.3, P0 Avg. Reward: 1.667, P1 Avg. Reward: -1.667
Frame: 1956000, Avg. RL Loss: 0.017, Avg. Length: 557.2, P0 Avg. Reward: 1.333, P1 Avg. Reward: -1.333
Frame: 1962000, Avg. RL Loss: 0.015, Avg. Length: 520.8, P0 Avg. Reward: 0.333, P1 Avg. Reward: -0.333
Frame: 1968000, Avg. RL Loss: 0.016, Avg. Length: 556.8, P0 Avg. Reward: -1.583, P1 Avg. Reward: 1.583
Frame: 1974000, Avg. RL Loss: 0.016, Avg. Length: 571.0, P0 Avg. Reward: 0.222, P1 Avg. Reward: -0.222
Frame: 1980000, Avg. RL Loss: 0.015, Avg. Length: 536.0, P0 Avg. Reward: 0.333, P1 Avg. Reward: -0.333
Frame: 1986000, Avg. RL Loss: 0.016, Avg. Length: 603.7, P0 Avg. Reward: 0.778, P1 Avg. Reward: -0.778
Frame: 1992000, Avg. RL Loss: 0.014, Avg. Length: 528.2, P0 Avg. Reward: -0.000, P1 Avg. Reward: 0.000
Frame: 1998000, Avg. RL Loss: 0.016, Avg. Length: 544.5, P0 Avg. Reward: 0.250, P1 Avg. Reward: -0.250
Frame: 2004000, Avg. RL Loss: 0.015, Avg. Length: 593.7, P0 Avg. Reward: 0.333, P1 Avg. Reward: -0.333
Frame: 2010000, Avg. RL Loss: 0.017, Avg. Length: 536.0, P0 Avg. Reward: -0.111, P1 Avg. Reward: 0.111
Frame: 2016000, Avg. RL Loss: 0.016, Avg. Length: 626.2, P0 Avg. Reward: 0.333, P1 Avg. Reward: -0.333
Frame: 2022000, Avg. RL Loss: 0.016, Avg. Length: 517.8, P0 Avg. Reward: -0.083, P1 Avg. Reward: 0.083
Frame: 2028000, Avg. RL Loss: 0.016, Avg. Length: 497.2, P0 Avg. Reward: 0.417, P1 Avg. Reward: -0.417
Frame: 2034000, Avg. RL Loss: 0.017, Avg. Length: 487.0, P0 Avg. Reward: 0.333, P1 Avg. Reward: -0.333
Frame: 2040000, Avg. RL Loss: 0.015, Avg. Length: 616.0, P0 Avg. Reward: -0.222, P1 Avg. Reward: 0.222
Frame: 2046000, Avg. RL Loss: 0.016, Avg. Length: 548.5, P0 Avg. Reward: 1.000, P1 Avg. Reward: -1.000
Frame: 2052000, Avg. RL Loss: 0.017, Avg. Length: 547.7, P0 Avg. Reward: -1.000, P1 Avg. Reward: 1.000
Frame: 2058000, Avg. RL Loss: 0.017, Avg. Length: 571.2, P0 Avg. Reward: 0.083, P1 Avg. Reward: -0.083
Frame: 2064000, Avg. RL Loss: 0.017, Avg. Length: 509.5, P0 Avg. Reward: -0.333, P1 Avg. Reward: 0.333
Frame: 2070000, Avg. RL Loss: 0.015, Avg. Length: 661.3, P0 Avg. Reward: -0.333, P1 Avg. Reward: 0.333
Frame: 2076000, Avg. RL Loss: 0.017, Avg. Length: 510.7, P0 Avg. Reward: 0.111, P1 Avg. Reward: -0.111
Frame: 2082000, Avg. RL Loss: 0.016, Avg. Length: 578.2, P0 Avg. Reward: 0.750, P1 Avg. Reward: -0.750
Frame: 2088000, Avg. RL Loss: 0.018, Avg. Length: 550.2, P0 Avg. Reward: -0.333, P1 Avg. Reward: 0.333
Frame: 2094000, Avg. RL Loss: 0.016, Avg. Length: 504.3, P0 Avg. Reward: 0.333, P1 Avg. Reward: -0.333
Frame: 2100000, Avg. RL Loss: 0.016, Avg. Length: 636.8, P0 Avg. Reward: 0.750, P1 Avg. Reward: -0.750
Frame: 2106000, Avg. RL Loss: 0.015, Avg. Length: 461.8, P0 Avg. Reward: -0.833, P1 Avg. Reward: 0.833
Frame: 2112000, Avg. RL Loss: 0.015, Avg. Length: 515.3, P0 Avg. Reward: -0.000, P1 Avg. Reward: 0.000
Frame: 2118000, Avg. RL Loss: 0.016, Avg. Length: 522.4, P0 Avg. Reward: 0.000, P1 Avg. Reward: -0.000
Frame: 2124000, Avg. RL Loss: 0.017, Avg. Length: 517.7, P0 Avg. Reward: 0.667, P1 Avg. Reward: -0.667
Frame: 2130000, Avg. RL Loss: 0.015, Avg. Length: 632.7, P0 Avg. Reward: 0.444, P1 Avg. Reward: -0.444
Frame: 2136000, Avg. RL Loss: 0.015, Avg. Length: 508.4, P0 Avg. Reward: -0.667, P1 Avg. Reward: 0.667
Frame: 2142000, Avg. RL Loss: 0.015, Avg. Length: 510.0, P0 Avg. Reward: 0.000, P1 Avg. Reward: -0.000
Frame: 2148000, Avg. RL Loss: 0.017, Avg. Length: 462.0, P0 Avg. Reward: 0.778, P1 Avg. Reward: -0.778
Frame: 2154000, Avg. RL Loss: 0.018, Avg. Length: 554.0, P0 Avg. Reward: -0.333, P1 Avg. Reward: 0.333
Frame: 2160000, Avg. RL Loss: 0.019, Avg. Length: 504.5, P0 Avg. Reward: -0.583, P1 Avg. Reward: 0.583
Frame: 2166000, Avg. RL Loss: 0.017, Avg. Length: 635.0, P0 Avg. Reward: 0.667, P1 Avg. Reward: -0.667
Frame: 2172000, Avg. RL Loss: 0.018, Avg. Length: 497.0, P0 Avg. Reward: 0.667, P1 Avg. Reward: -0.667
Frame: 2178000, Avg. RL Loss: 0.016, Avg. Length: 520.2, P0 Avg. Reward: 0.333, P1 Avg. Reward: -0.333
Frame: 2184000, Avg. RL Loss: 0.016, Avg. Length: 564.8, P0 Avg. Reward: -0.500, P1 Avg. Reward: 0.500
Frame: 2190000, Avg. RL Loss: 0.015, Avg. Length: 482.0, P0 Avg. Reward: 1.583, P1 Avg. Reward: -1.583
Frame: 2196000, Avg. RL Loss: 0.017, Avg. Length: 518.0, P0 Avg. Reward: -0.333, P1 Avg. Reward: 0.333
Frame: 2202000, Avg. RL Loss: 0.015, Avg. Length: 594.0, P0 Avg. Reward: 0.889, P1 Avg. Reward: -0.889
Frame: 2208000, Avg. RL Loss: 0.018, Avg. Length: 569.5, P0 Avg. Reward: 0.583, P1 Avg. Reward: -0.583
Frame: 2214000, Avg. RL Loss: 0.017, Avg. Length: 593.0, P0 Avg. Reward: -0.111, P1 Avg. Reward: 0.111
Frame: 2220000, Avg. RL Loss: 0.018, Avg. Length: 563.2, P0 Avg. Reward: -0.417, P1 Avg. Reward: 0.417
Frame: 2226000, Avg. RL Loss: 0.016, Avg. Length: 614.0, P0 Avg. Reward: 0.667, P1 Avg. Reward: -0.667
Frame: 2232000, Avg. RL Loss: 0.017, Avg. Length: 587.0, P0 Avg. Reward: -1.000, P1 Avg. Reward: 1.000
Frame: 2238000, Avg. RL Loss: 0.016, Avg. Length: 577.2, P0 Avg. Reward: 1.333, P1 Avg. Reward: -1.333
Frame: 2244000, Avg. RL Loss: 0.016, Avg. Length: 482.5, P0 Avg. Reward: -0.500, P1 Avg. Reward: 0.500
Frame: 2250000, Avg. RL Loss: 0.015, Avg. Length: 649.3, P0 Avg. Reward: 0.444, P1 Avg. Reward: -0.444
Frame: 2256000, Avg. RL Loss: 0.017, Avg. Length: 555.2, P0 Avg. Reward: 0.417, P1 Avg. Reward: -0.417
Frame: 2262000, Avg. RL Loss: 0.017, Avg. Length: 579.7, P0 Avg. Reward: -1.111, P1 Avg. Reward: 1.111
Frame: 2268000, Avg. RL Loss: 0.016, Avg. Length: 428.0, P0 Avg. Reward: 0.133, P1 Avg. Reward: -0.133
Frame: 2274000, Avg. RL Loss: 0.015, Avg. Length: 516.5, P0 Avg. Reward: 0.083, P1 Avg. Reward: -0.083
Frame: 2280000, Avg. RL Loss: 0.018, Avg. Length: 493.8, P0 Avg. Reward: 0.167, P1 Avg. Reward: -0.167
Frame: 2286000, Avg. RL Loss: 0.017, Avg. Length: 580.0, P0 Avg. Reward: 1.444, P1 Avg. Reward: -1.444
Frame: 2292000, Avg. RL Loss: 0.016, Avg. Length: 534.0, P0 Avg. Reward: 0.000, P1 Avg. Reward: 0.000
Frame: 2298000, Avg. RL Loss: 0.018, Avg. Length: 604.3, P0 Avg. Reward: -0.667, P1 Avg. Reward: 0.667
Frame: 2304000, Avg. RL Loss: 0.018, Avg. Length: 545.8, P0 Avg. Reward: -1.167, P1 Avg. Reward: 1.167
Frame: 2310000, Avg. RL Loss: 0.016, Avg. Length: 506.5, P0 Avg. Reward: 1.167, P1 Avg. Reward: -1.167
Frame: 2316000, Avg. RL Loss: 0.015, Avg. Length: 518.0, P0 Avg. Reward: -1.417, P1 Avg. Reward: 1.417
Frame: 2322000, Avg. RL Loss: 0.016, Avg. Length: 591.3, P0 Avg. Reward: 0.889, P1 Avg. Reward: -0.889
Frame: 2328000, Avg. RL Loss: 0.017, Avg. Length: 568.8, P0 Avg. Reward: -0.833, P1 Avg. Reward: 0.833
Frame: 2334000, Avg. RL Loss: 0.016, Avg. Length: 565.7, P0 Avg. Reward: -0.333, P1 Avg. Reward: 0.333
Frame: 2340000, Avg. RL Loss: 0.016, Avg. Length: 559.0, P0 Avg. Reward: 0.750, P1 Avg. Reward: -0.750
Frame: 2346000, Avg. RL Loss: 0.016, Avg. Length: 537.7, P0 Avg. Reward: 0.333, P1 Avg. Reward: -0.333
Frame: 2352000, Avg. RL Loss: 0.015, Avg. Length: 506.0, P0 Avg. Reward: 0.200, P1 Avg. Reward: -0.200
Frame: 2358000, Avg. RL Loss: 0.015, Avg. Length: 572.7, P0 Avg. Reward: 1.111, P1 Avg. Reward: -1.111
Frame: 2364000, Avg. RL Loss: 0.015, Avg. Length: 556.8, P0 Avg. Reward: 1.000, P1 Avg. Reward: -1.000
Frame: 2370000, Avg. RL Loss: 0.018, Avg. Length: 508.7, P0 Avg. Reward: 1.222, P1 Avg. Reward: -1.222
Frame: 2376000, Avg. RL Loss: 0.016, Avg. Length: 581.0, P0 Avg. Reward: 0.333, P1 Avg. Reward: -0.333
Frame: 2382000, Avg. RL Loss: 0.017, Avg. Length: 508.5, P0 Avg. Reward: -1.167, P1 Avg. Reward: 1.167
Frame: 2388000, Avg. RL Loss: 0.018, Avg. Length: 466.5, P0 Avg. Reward: 0.583, P1 Avg. Reward: -0.583
Frame: 2394000, Avg. RL Loss: 0.015, Avg. Length: 488.0, P0 Avg. Reward: 0.583, P1 Avg. Reward: -0.583
Frame: 2400000, Avg. RL Loss: 0.016, Avg. Length: 590.8, P0 Avg. Reward: -1.083, P1 Avg. Reward: 1.083
Frame: 2406000, Avg. RL Loss: 0.016, Avg. Length: 526.0, P0 Avg. Reward: 0.333, P1 Avg. Reward: -0.333
Frame: 2412000, Avg. RL Loss: 0.016, Avg. Length: 484.6, P0 Avg. Reward: 1.133, P1 Avg. Reward: -1.133
Frame: 2418000, Avg. RL Loss: 0.015, Avg. Length: 628.7, P0 Avg. Reward: -0.333, P1 Avg. Reward: 0.333
Frame: 2424000, Avg. RL Loss: 0.017, Avg. Length: 536.0, P0 Avg. Reward: 0.333, P1 Avg. Reward: -0.333
Frame: 2430000, Avg. RL Loss: 0.016, Avg. Length: 592.5, P0 Avg. Reward: 0.167, P1 Avg. Reward: -0.167
Frame: 2436000, Avg. RL Loss: 0.018, Avg. Length: 521.5, P0 Avg. Reward: -0.500, P1 Avg. Reward: 0.500
Frame: 2442000, Avg. RL Loss: 0.016, Avg. Length: 570.0, P0 Avg. Reward: -0.778, P1 Avg. Reward: 0.778
Frame: 2448000, Avg. RL Loss: 0.017, Avg. Length: 456.0, P0 Avg. Reward: 0.533, P1 Avg. Reward: -0.533
Frame: 2454000, Avg. RL Loss: 0.017, Avg. Length: 547.7, P0 Avg. Reward: -0.333, P1 Avg. Reward: 0.333
Frame: 2460000, Avg. RL Loss: 0.016, Avg. Length: 544.0, P0 Avg. Reward: -0.417, P1 Avg. Reward: 0.417
Frame: 2466000, Avg. RL Loss: 0.016, Avg. Length: 552.2, P0 Avg. Reward: 0.083, P1 Avg. Reward: -0.083
Frame: 2472000, Avg. RL Loss: 0.017, Avg. Length: 461.0, P0 Avg. Reward: -0.500, P1 Avg. Reward: 0.500
Frame: 2478000, Avg. RL Loss: 0.017, Avg. Length: 564.3, P0 Avg. Reward: 0.333, P1 Avg. Reward: -0.333
Frame: 2484000, Avg. RL Loss: 0.017, Avg. Length: 494.0, P0 Avg. Reward: 1.833, P1 Avg. Reward: -1.833
Frame: 2490000, Avg. RL Loss: 0.016, Avg. Length: 599.8, P0 Avg. Reward: -0.417, P1 Avg. Reward: 0.417
Frame: 2496000, Avg. RL Loss: 0.016, Avg. Length: 448.0, P0 Avg. Reward: 1.083, P1 Avg. Reward: -1.083
Frame: 2502000, Avg. RL Loss: 0.017, Avg. Length: 538.2, P0 Avg. Reward: -0.167, P1 Avg. Reward: 0.167
Frame: 2508000, Avg. RL Loss: 0.018, Avg. Length: 463.8, P0 Avg. Reward: -1.000, P1 Avg. Reward: 1.000
Frame: 2514000, Avg. RL Loss: 0.015, Avg. Length: 522.2, P0 Avg. Reward: -1.333, P1 Avg. Reward: 1.333
Frame: 2520000, Avg. RL Loss: 0.016, Avg. Length: 459.0, P0 Avg. Reward: -0.833, P1 Avg. Reward: 0.833
Frame: 2526000, Avg. RL Loss: 0.017, Avg. Length: 544.0, P0 Avg. Reward: -0.000, P1 Avg. Reward: 0.000
Frame: 2532000, Avg. RL Loss: 0.017, Avg. Length: 460.0, P0 Avg. Reward: -1.000, P1 Avg. Reward: 1.000
Frame: 2538000, Avg. RL Loss: 0.016, Avg. Length: 472.0, P0 Avg. Reward: 0.250, P1 Avg. Reward: -0.250
Frame: 2544000, Avg. RL Loss: 0.016, Avg. Length: 536.2, P0 Avg. Reward: 1.833, P1 Avg. Reward: -1.833
Frame: 2550000, Avg. RL Loss: 0.015, Avg. Length: 604.3, P0 Avg. Reward: 0.333, P1 Avg. Reward: -0.333
Frame: 2556000, Avg. RL Loss: 0.016, Avg. Length: 551.2, P0 Avg. Reward: -0.417, P1 Avg. Reward: 0.417
Frame: 2562000, Avg. RL Loss: 0.016, Avg. Length: 529.5, P0 Avg. Reward: 0.000, P1 Avg. Reward: 0.000
Frame: 2568000, Avg. RL Loss: 0.017, Avg. Length: 541.2, P0 Avg. Reward: 0.667, P1 Avg. Reward: -0.667
Frame: 2574000, Avg. RL Loss: 0.016, Avg. Length: 507.5, P0 Avg. Reward: -0.500, P1 Avg. Reward: 0.500
Frame: 2580000, Avg. RL Loss: 0.016, Avg. Length: 551.0, P0 Avg. Reward: 0.333, P1 Avg. Reward: -0.333
Frame: 2586000, Avg. RL Loss: 0.016, Avg. Length: 587.5, P0 Avg. Reward: -0.833, P1 Avg. Reward: 0.833
Frame: 2592000, Avg. RL Loss: 0.018, Avg. Length: 556.3, P0 Avg. Reward: 0.333, P1 Avg. Reward: -0.333
Frame: 2598000, Avg. RL Loss: 0.020, Avg. Length: 559.5, P0 Avg. Reward: 1.667, P1 Avg. Reward: -1.667
Frame: 2604000, Avg. RL Loss: 0.019, Avg. Length: 538.3, P0 Avg. Reward: -1.111, P1 Avg. Reward: 1.111
Frame: 2610000, Avg. RL Loss: 0.018, Avg. Length: 639.7, P0 Avg. Reward: 0.778, P1 Avg. Reward: -0.778
Frame: 2616000, Avg. RL Loss: 0.018, Avg. Length: 566.5, P0 Avg. Reward: 0.083, P1 Avg. Reward: -0.083
Frame: 2622000, Avg. RL Loss: 0.020, Avg. Length: 492.0, P0 Avg. Reward: -0.333, P1 Avg. Reward: 0.333
Frame: 2628000, Avg. RL Loss: 0.019, Avg. Length: 489.0, P0 Avg. Reward: -0.417, P1 Avg. Reward: 0.417
Frame: 2634000, Avg. RL Loss: 0.019, Avg. Length: 564.2, P0 Avg. Reward: 0.000, P1 Avg. Reward: 0.000
Frame: 2640000, Avg. RL Loss: 0.017, Avg. Length: 588.0, P0 Avg. Reward: 0.333, P1 Avg. Reward: -0.333
Frame: 2646000, Avg. RL Loss: 0.016, Avg. Length: 586.2, P0 Avg. Reward: 0.750, P1 Avg. Reward: -0.750
Frame: 2652000, Avg. RL Loss: 0.019, Avg. Length: 510.0, P0 Avg. Reward: 0.167, P1 Avg. Reward: -0.167
Frame: 2658000, Avg. RL Loss: 0.017, Avg. Length: 497.0, P0 Avg. Reward: -0.500, P1 Avg. Reward: 0.500
Frame: 2664000, Avg. RL Loss: 0.019, Avg. Length: 612.7, P0 Avg. Reward: -1.000, P1 Avg. Reward: 1.000
Frame: 2670000, Avg. RL Loss: 0.017, Avg. Length: 467.5, P0 Avg. Reward: 0.750, P1 Avg. Reward: -0.750
Frame: 2676000, Avg. RL Loss: 0.017, Avg. Length: 433.8, P0 Avg. Reward: 1.200, P1 Avg. Reward: -1.200
Frame: 2682000, Avg. RL Loss: 0.018, Avg. Length: 610.0, P0 Avg. Reward: 1.222, P1 Avg. Reward: -1.222
Frame: 2688000, Avg. RL Loss: 0.018, Avg. Length: 536.2, P0 Avg. Reward: 1.000, P1 Avg. Reward: -1.000
Frame: 2694000, Avg. RL Loss: 0.018, Avg. Length: 469.5, P0 Avg. Reward: -0.750, P1 Avg. Reward: 0.750
Frame: 2700000, Avg. RL Loss: 0.018, Avg. Length: 507.8, P0 Avg. Reward: 0.583, P1 Avg. Reward: -0.583
Frame: 2706000, Avg. RL Loss: 0.019, Avg. Length: 622.0, P0 Avg. Reward: -0.444, P1 Avg. Reward: 0.444
Frame: 2712000, Avg. RL Loss: 0.017, Avg. Length: 518.8, P0 Avg. Reward: -1.000, P1 Avg. Reward: 1.000
Frame: 2718000, Avg. RL Loss: 0.017, Avg. Length: 519.0, P0 Avg. Reward: 0.833, P1 Avg. Reward: -0.833
Frame: 2724000, Avg. RL Loss: 0.017, Avg. Length: 519.8, P0 Avg. Reward: 1.000, P1 Avg. Reward: -1.000
Frame: 2730000, Avg. RL Loss: 0.016, Avg. Length: 533.5, P0 Avg. Reward: 0.333, P1 Avg. Reward: -0.333
Frame: 2736000, Avg. RL Loss: 0.017, Avg. Length: 543.0, P0 Avg. Reward: 0.111, P1 Avg. Reward: -0.111
Frame: 2742000, Avg. RL Loss: 0.018, Avg. Length: 534.5, P0 Avg. Reward: -1.000, P1 Avg. Reward: 1.000
Frame: 2748000, Avg. RL Loss: 0.017, Avg. Length: 594.0, P0 Avg. Reward: -0.222, P1 Avg. Reward: 0.222
Frame: 2754000, Avg. RL Loss: 0.016, Avg. Length: 543.2, P0 Avg. Reward: -0.417, P1 Avg. Reward: 0.417
Frame: 2760000, Avg. RL Loss: 0.017, Avg. Length: 521.0, P0 Avg. Reward: -0.167, P1 Avg. Reward: 0.167
Frame: 2766000, Avg. RL Loss: 0.019, Avg. Length: 594.7, P0 Avg. Reward: -0.667, P1 Avg. Reward: 0.667
Frame: 2772000, Avg. RL Loss: 0.016, Avg. Length: 518.8, P0 Avg. Reward: 0.417, P1 Avg. Reward: -0.417
Frame: 2778000, Avg. RL Loss: 0.016, Avg. Length: 573.3, P0 Avg. Reward: 0.111, P1 Avg. Reward: -0.111
Frame: 2784000, Avg. RL Loss: 0.017, Avg. Length: 624.8, P0 Avg. Reward: -0.417, P1 Avg. Reward: 0.417
Frame: 2790000, Avg. RL Loss: 0.016, Avg. Length: 561.0, P0 Avg. Reward: 1.222, P1 Avg. Reward: -1.222
Frame: 2796000, Avg. RL Loss: 0.015, Avg. Length: 527.0, P0 Avg. Reward: 0.083, P1 Avg. Reward: -0.083
Frame: 2802000, Avg. RL Loss: 0.017, Avg. Length: 454.8, P0 Avg. Reward: 0.917, P1 Avg. Reward: -0.917
Frame: 2808000, Avg. RL Loss: 0.017, Avg. Length: 512.2, P0 Avg. Reward: 0.333, P1 Avg. Reward: -0.333
Frame: 2814000, Avg. RL Loss: 0.017, Avg. Length: 567.0, P0 Avg. Reward: -0.250, P1 Avg. Reward: 0.250
Frame: 2820000, Avg. RL Loss: 0.016, Avg. Length: 531.0, P0 Avg. Reward: 0.500, P1 Avg. Reward: -0.500
Frame: 2826000, Avg. RL Loss: 0.016, Avg. Length: 497.3, P0 Avg. Reward: 1.222, P1 Avg. Reward: -1.222
Frame: 2832000, Avg. RL Loss: 0.015, Avg. Length: 555.8, P0 Avg. Reward: 0.167, P1 Avg. Reward: -0.167
Frame: 2838000, Avg. RL Loss: 0.018, Avg. Length: 506.5, P0 Avg. Reward: 0.000, P1 Avg. Reward: 0.000
Frame: 2844000, Avg. RL Loss: 0.017, Avg. Length: 534.2, P0 Avg. Reward: 0.417, P1 Avg. Reward: -0.417
Frame: 2850000, Avg. RL Loss: 0.017, Avg. Length: 584.7, P0 Avg. Reward: -0.222, P1 Avg. Reward: 0.222
Frame: 2856000, Avg. RL Loss: 0.017, Avg. Length: 545.5, P0 Avg. Reward: 0.250, P1 Avg. Reward: -0.250
Frame: 2862000, Avg. RL Loss: 0.018, Avg. Length: 513.2, P0 Avg. Reward: -1.083, P1 Avg. Reward: 1.083
Frame: 2868000, Avg. RL Loss: 0.018, Avg. Length: 479.8, P0 Avg. Reward: -1.083, P1 Avg. Reward: 1.083
Frame: 2874000, Avg. RL Loss: 0.016, Avg. Length: 624.3, P0 Avg. Reward: 0.000, P1 Avg. Reward: 0.000