Cannot import pettingzoo env:  pong_v2
                          Options
                          seed: 1122
                          batch_size: 1024
                          no_cuda: False
                          training_id: 0
                          max_frames: 500000000
                          buffer_size: 100000
                          update_target: 1000
                          train_freq: 100
                          gamma: 0.99
                          eta: 0.1
                          rl_start: 10000
                          sl_start: 1000
                          num_envs: 5
                          hidden_dim: 256
                          dueling: False
                          multi_step: 1
                          cce: False
                          env: pong_v1
                          ram: True
                          negative: False
                          against_baseline: False
                          load_model: None
                          save_model: 20210608_0337
                          evaluate: False
                          render: False
                          evaluation_interval: 50000
                          lr: 0.0001
                          max_tag_interval: 10000
                          eps_start: 1.0
                          eps_final: 0.01
                          eps_decay: 30000
                          cuda: True
                          device: cuda:0
[Box(0.0, 1.0, (128,), float32), Box(0.0, 1.0, (128,), float32), Box(0.0, 1.0, (128,), float32), Box(0.0, 1.0, (128,), float32), Box(0.0, 1.0, (128,), float32)] [Discrete(18), Discrete(18), Discrete(18), Discrete(18), Discrete(18)]
(128,)
(128,)
Frame: 250000, Avg. RL Loss: 0.003, Avg. Q value: 0.006, Avg. Length: 4473.0, P0 Avg. Reward: -2.855, P1 Avg. Reward: 2.855
Q table: 
 [[-0.002  0.     0.002 ...  0.003  0.011  0.005]
 [ 0.002  0.004 -0.02  ...  0.007  0.007  0.001]
 [ 0.007  0.021 -0.001 ...  0.008 -0.001  0.003]
 ...
 [ 0.018  0.002 -0.003 ...  0.012  0.009  0.017]
 [ 0.001  0.012 -0.007 ...  0.013 -0.008 -0.005]
 [ 0.002  0.012 -0.014 ...  0.005 -0.005 -0.022]]
Nash policies:  [(array([0.563, 0.098, 0.   , 0.   , 0.   , 0.   , 0.01 , 0.   , 0.233, 0.   , 0.   , 0.053, 0.   , 0.   , 0.   , 0.044, 0.   , 0.   ]), array([0.   , 0.155, 0.01 , 0.   , 0.   , 0.   , 0.168, 0.   , 0.358, 0.   , 0.   , 0.111, 0.197, 0.   , 0.   , 0.   , 0.   , 0.   ]))]
Frame: 500000, Avg. RL Loss: 0.003, Avg. Q value: -0.014, Avg. Length: 3804.1, P0 Avg. Reward: -7.292, P1 Avg. Reward: 7.292
Q table: 
 [[-0.045 -0.014 -0.057 ... -0.062 -0.029 -0.036]
 [-0.022 -0.034 -0.054 ... -0.049 -0.062 -0.011]
 [-0.025 -0.035 -0.055 ... -0.063 -0.03  -0.024]
 ...
 [ 0.005 -0.039 -0.06  ... -0.055 -0.03  -0.002]
 [-0.013 -0.021 -0.054 ... -0.053 -0.061 -0.08 ]
 [-0.054 -0.023 -0.042 ... -0.037 -0.032 -0.022]]
Nash policies:  [(array([0.   , 0.   , 0.   , 0.251, 0.   , 0.   , 0.   , 0.   , 0.261, 0.   , 0.   , 0.   , 0.   , 0.483, 0.   , 0.   , 0.   , 0.005]), array([0.   , 0.   , 0.245, 0.   , 0.   , 0.   , 0.   , 0.   , 0.   , 0.   , 0.   , 0.568, 0.125, 0.   , 0.   , 0.061, 0.   , 0.   ]))]
Frame: 750000, Avg. RL Loss: 0.003, Avg. Q value: -0.030, Avg. Length: 3728.4, P0 Avg. Reward: 3.754, P1 Avg. Reward: -3.754
Q table: 
 [[ 0.029  0.003  0.039 ...  0.013 -0.056  0.035]
 [-0.017  0.02   0.058 ... -0.021  0.004 -0.034]
 [-0.027  0.039  0.044 ...  0.042 -0.027  0.054]
 ...
 [ 0.007  0.013  0.029 ...  0.018 -0.057 -0.063]
 [ 0.055  0.038  0.063 ...  0.042  0.044  0.074]
 [ 0.025  0.019  0.028 ... -0.024 -0.041 -0.025]]
Nash policies:  [(array([0.   , 0.   , 0.   , 0.095, 0.   , 0.   , 0.   , 0.   , 0.448, 0.119, 0.   , 0.   , 0.   , 0.   , 0.   , 0.   , 0.338, 0.   ]), array([0.   , 0.   , 0.   , 0.112, 0.   , 0.   , 0.   , 0.   , 0.037, 0.   , 0.   , 0.   , 0.   , 0.   , 0.377, 0.473, 0.   , 0.   ]))]
Frame: 1000000, Avg. RL Loss: 0.002, Avg. Q value: -0.047, Avg. Length: 3901.5, P0 Avg. Reward: -1.969, P1 Avg. Reward: 1.969
Q table: 
 [[ 0.013 -0.042  0.025 ...  0.012 -0.029  0.022]
 [ 0.003  0.032  0.079 ... -0.022 -0.015  0.002]
 [-0.049  0.054  0.073 ...  0.105 -0.056  0.022]
 ...
 [ 0.023  0.025  0.072 ...  0.049 -0.068 -0.06 ]
 [ 0.064  0.065  0.077 ...  0.081  0.092  0.093]
 [ 0.037  0.035  0.015 ...  0.064 -0.065 -0.025]]
Nash policies:  [(array([0.   , 0.   , 0.   , 0.   , 0.   , 0.   , 0.   , 0.   , 0.405, 0.453, 0.   , 0.   , 0.   , 0.   , 0.   , 0.   , 0.142, 0.   ]), array([0.   , 0.   , 0.   , 0.   , 0.345, 0.   , 0.   , 0.   , 0.   , 0.   , 0.   , 0.   , 0.   , 0.429, 0.   , 0.   , 0.   , 0.226]))]
Frame: 1250000, Avg. RL Loss: 0.002, Avg. Q value: -0.073, Avg. Length: 3822.5, P0 Avg. Reward: -0.215, P1 Avg. Reward: 0.215
Q table: 
 [[-0.463 -0.38  -0.39  ... -0.405 -0.393 -0.314]
 [-0.305 -0.211 -0.386 ... -0.387 -0.367 -0.402]
 [-0.399 -0.349 -0.368 ... -0.365 -0.377 -0.402]
 ...
 [-0.458 -0.276 -0.363 ... -0.399 -0.391 -0.357]
 [-0.301 -0.232 -0.377 ... -0.389 -0.377 -0.366]
 [-0.37  -0.314 -0.395 ... -0.373 -0.432 -0.353]]
Nash policies:  [(array([0.   , 0.   , 0.321, 0.   , 0.   , 0.385, 0.104, 0.016, 0.   , 0.103, 0.   , 0.   , 0.   , 0.   , 0.065, 0.007, 0.   , 0.   ]), array([0.   , 0.   , 0.   , 0.005, 0.   , 0.023, 0.   , 0.   , 0.   , 0.   , 0.   , 0.   , 0.336, 0.   , 0.039, 0.328, 0.137, 0.132]))]
Frame: 1500000, Avg. RL Loss: 0.002, Avg. Q value: -0.098, Avg. Length: 4541.2, P0 Avg. Reward: -1.455, P1 Avg. Reward: 1.455
Q table: 
 [[0.236 0.068 0.235 ... 0.237 0.22  0.207]
 [0.276 0.14  0.229 ... 0.231 0.205 0.191]
 [0.191 0.181 0.254 ... 0.268 0.238 0.206]
 ...
 [0.081 0.224 0.227 ... 0.284 0.172 0.06 ]
 [0.267 0.218 0.239 ... 0.265 0.276 0.277]
 [0.223 0.242 0.176 ... 0.261 0.199 0.1  ]]
Nash policies:  [(array([0., 0., 0., 0., 0., 0., 0., 0., 0., 1., 0., 0., 0., 0., 0., 0., 0., 0.]), array([0., 0., 0., 0., 1., 0., 0., 0., 0., 0., 0., 0., 0., 0., 0., 0., 0., 0.]))]
Frame: 1750000, Avg. RL Loss: 0.001, Avg. Q value: 0.024, Avg. Length: 4771.7, P0 Avg. Reward: 2.509, P1 Avg. Reward: -2.509
Q table: 
 [[0.433 0.453 0.444 ... 0.431 0.443 0.423]
 [0.368 0.365 0.413 ... 0.421 0.416 0.456]
 [0.438 0.417 0.444 ... 0.489 0.467 0.503]
 ...
 [0.317 0.452 0.451 ... 0.484 0.44  0.28 ]
 [0.362 0.421 0.45  ... 0.443 0.459 0.465]
 [0.455 0.414 0.432 ... 0.388 0.398 0.412]]
Nash policies:  [(array([0.   , 0.   , 0.   , 0.421, 0.034, 0.   , 0.258, 0.   , 0.069, 0.   , 0.   , 0.   , 0.   , 0.   , 0.218, 0.   , 0.   , 0.   ]), array([0.   , 0.   , 0.   , 0.053, 0.389, 0.   , 0.102, 0.   , 0.052, 0.404, 0.   , 0.   , 0.   , 0.   , 0.   , 0.   , 0.   , 0.   ]))]
Frame: 2000000, Avg. RL Loss: 0.001, Avg. Q value: -0.038, Avg. Length: 4225.3, P0 Avg. Reward: -2.164, P1 Avg. Reward: 2.164
Q table: 
 [[-0.322 -0.317 -0.323 ... -0.316 -0.313 -0.332]
 [-0.352 -0.341 -0.333 ... -0.334 -0.327 -0.348]
 [-0.315 -0.336 -0.319 ... -0.325 -0.31  -0.309]
 ...
 [-0.281 -0.366 -0.34  ... -0.336 -0.35  -0.312]
 [-0.368 -0.33  -0.342 ... -0.339 -0.325 -0.343]
 [-0.326 -0.338 -0.323 ... -0.324 -0.32  -0.326]]
Nash policies:  [(array([0.   , 0.   , 0.105, 0.123, 0.13 , 0.   , 0.   , 0.   , 0.   , 0.   , 0.   , 0.   , 0.   , 0.109, 0.   , 0.   , 0.   , 0.533]), array([0.   , 0.099, 0.   , 0.   , 0.002, 0.478, 0.246, 0.   , 0.   , 0.   , 0.   , 0.   , 0.   , 0.   , 0.175, 0.   , 0.   , 0.   ]))]
Frame: 2250000, Avg. RL Loss: 0.002, Avg. Q value: 0.300, Avg. Length: 4035.2, P0 Avg. Reward: 6.046, P1 Avg. Reward: -6.046
Q table: 
 [[0.17  0.21  0.148 ... 0.156 0.158 0.16 ]
 [0.136 0.135 0.155 ... 0.174 0.15  0.134]
 [0.16  0.174 0.16  ... 0.16  0.164 0.165]
 ...
 [0.218 0.154 0.161 ... 0.138 0.167 0.168]
 [0.136 0.148 0.146 ... 0.158 0.142 0.138]
 [0.176 0.14  0.169 ... 0.133 0.158 0.166]]
Nash policies:  [(array([0.   , 0.078, 0.107, 0.   , 0.245, 0.   , 0.   , 0.   , 0.   , 0.   , 0.   , 0.   , 0.112, 0.32 , 0.085, 0.003, 0.   , 0.051]), array([0.   , 0.   , 0.004, 0.   , 0.067, 0.   , 0.355, 0.101, 0.   , 0.   , 0.   , 0.142, 0.   , 0.305, 0.   , 0.004, 0.021, 0.   ]))]
Frame: 2500000, Avg. RL Loss: 0.002, Avg. Q value: 0.194, Avg. Length: 4229.1, P0 Avg. Reward: 6.483, P1 Avg. Reward: -6.483
Q table: 
 [[0.287 0.309 0.299 ... 0.295 0.329 0.322]
 [0.317 0.319 0.308 ... 0.314 0.303 0.33 ]
 [0.298 0.296 0.315 ... 0.309 0.307 0.331]
 ...
 [0.315 0.317 0.301 ... 0.309 0.319 0.303]
 [0.309 0.309 0.309 ... 0.31  0.324 0.336]
 [0.317 0.318 0.294 ... 0.308 0.308 0.326]]
Nash policies:  [(array([0.   , 0.133, 0.   , 0.093, 0.   , 0.   , 0.   , 0.   , 0.277, 0.   , 0.496, 0.   , 0.   , 0.   , 0.   , 0.   , 0.   , 0.   ]), array([0.   , 0.   , 0.   , 0.   , 0.155, 0.189, 0.   , 0.   , 0.   , 0.636, 0.   , 0.   , 0.   , 0.019, 0.   , 0.   , 0.   , 0.   ]))]
Frame: 2750000, Avg. RL Loss: 0.001, Avg. Q value: 0.177, Avg. Length: 4686.1, P0 Avg. Reward: 7.720, P1 Avg. Reward: -7.720
Q table: 
 [[0.255 0.266 0.265 ... 0.262 0.27  0.26 ]
 [0.262 0.265 0.263 ... 0.263 0.268 0.268]
 [0.262 0.284 0.274 ... 0.286 0.255 0.266]
 ...
 [0.265 0.258 0.261 ... 0.264 0.26  0.281]
 [0.249 0.259 0.25  ... 0.267 0.269 0.273]
 [0.251 0.283 0.246 ... 0.269 0.261 0.295]]
Nash policies:  [(array([0.   , 0.   , 0.   , 0.   , 0.   , 0.   , 0.   , 0.   , 0.015, 0.   , 0.   , 0.   , 0.   , 0.772, 0.   , 0.213, 0.   , 0.   ]), array([0.611, 0.   , 0.   , 0.   , 0.   , 0.072, 0.   , 0.   , 0.   , 0.317, 0.   , 0.   , 0.   , 0.   , 0.   , 0.   , 0.   , 0.   ]))]
Frame: 3000000, Avg. RL Loss: 0.001, Avg. Q value: 0.071, Avg. Length: 4635.5, P0 Avg. Reward: 3.236, P1 Avg. Reward: -3.236
Q table: 
 [[0.3   0.323 0.318 ... 0.31  0.32  0.299]
 [0.316 0.328 0.32  ... 0.339 0.34  0.32 ]
 [0.336 0.334 0.326 ... 0.323 0.307 0.322]
 ...
 [0.332 0.309 0.315 ... 0.336 0.319 0.339]
 [0.314 0.313 0.312 ... 0.321 0.33  0.315]
 [0.308 0.373 0.303 ... 0.369 0.314 0.331]]
Nash policies:  [(array([0.   , 0.231, 0.115, 0.   , 0.   , 0.   , 0.109, 0.156, 0.   , 0.   , 0.   , 0.055, 0.   , 0.24 , 0.025, 0.   , 0.068, 0.   ]), array([0.   , 0.   , 0.14 , 0.   , 0.1  , 0.089, 0.038, 0.02 , 0.171, 0.   , 0.146, 0.   , 0.   , 0.   , 0.   , 0.   , 0.297, 0.   ]))]
Frame: 3250000, Avg. RL Loss: 0.002, Avg. Q value: 0.134, Avg. Length: 3650.5, P0 Avg. Reward: 0.957, P1 Avg. Reward: -0.957
Q table: 
 [[0.332 0.384 0.342 ... 0.346 0.337 0.332]
 [0.318 0.328 0.332 ... 0.331 0.345 0.331]
 [0.334 0.334 0.362 ... 0.338 0.337 0.327]
 ...
 [0.336 0.339 0.354 ... 0.336 0.321 0.319]
 [0.319 0.307 0.321 ... 0.33  0.341 0.333]
 [0.33  0.369 0.331 ... 0.335 0.335 0.355]]
Nash policies:  [(array([0.07 , 0.   , 0.199, 0.   , 0.21 , 0.   , 0.   , 0.116, 0.   , 0.194, 0.   , 0.   , 0.   , 0.   , 0.   , 0.   , 0.   , 0.212]), array([0.   , 0.   , 0.   , 0.135, 0.   , 0.15 , 0.   , 0.   , 0.   , 0.311, 0.   , 0.   , 0.148, 0.   , 0.223, 0.032, 0.   , 0.   ]))]
Frame: 3500000, Avg. RL Loss: 0.001, Avg. Q value: -0.032, Avg. Length: 3753.5, P0 Avg. Reward: 3.554, P1 Avg. Reward: -3.554
Q table: 
 [[0.21  0.242 0.211 ... 0.224 0.217 0.218]
 [0.209 0.206 0.208 ... 0.224 0.215 0.215]
 [0.198 0.231 0.206 ... 0.197 0.205 0.223]
 ...
 [0.231 0.218 0.21  ... 0.193 0.199 0.212]
 [0.21  0.2   0.206 ... 0.208 0.213 0.223]
 [0.202 0.267 0.203 ... 0.215 0.204 0.242]]
Nash policies:  [(array([0.14 , 0.087, 0.   , 0.   , 0.   , 0.   , 0.   , 0.   , 0.   , 0.   , 0.135, 0.   , 0.167, 0.   , 0.094, 0.105, 0.273, 0.   ]), array([0.   , 0.   , 0.174, 0.364, 0.   , 0.   , 0.   , 0.   , 0.   , 0.175, 0.059, 0.   , 0.082, 0.   , 0.042, 0.   , 0.104, 0.   ]))]
Frame: 3750000, Avg. RL Loss: 0.001, Avg. Q value: 0.253, Avg. Length: 3419.3, P0 Avg. Reward: 11.427, P1 Avg. Reward: -11.427
Q table: 
 [[0.368 0.376 0.373 ... 0.374 0.372 0.377]
 [0.373 0.374 0.377 ... 0.374 0.362 0.366]
 [0.366 0.398 0.372 ... 0.364 0.371 0.376]
 ...
 [0.374 0.388 0.377 ... 0.361 0.369 0.38 ]
 [0.373 0.381 0.372 ... 0.367 0.38  0.385]
 [0.374 0.414 0.371 ... 0.374 0.372 0.387]]
Nash policies:  [(array([0.   , 0.163, 0.124, 0.   , 0.   , 0.   , 0.   , 0.   , 0.   , 0.   , 0.226, 0.   , 0.284, 0.   , 0.112, 0.   , 0.052, 0.039]), array([0.   , 0.   , 0.   , 0.   , 0.151, 0.   , 0.   , 0.   , 0.   , 0.165, 0.247, 0.   , 0.119, 0.   , 0.216, 0.   , 0.039, 0.063]))]
Frame: 4000000, Avg. RL Loss: 0.001, Avg. Q value: 0.327, Avg. Length: 3646.6, P0 Avg. Reward: 11.629, P1 Avg. Reward: -11.629
Q table: 
 [[-0.947 -0.915 -0.896 ... -0.947 -0.927 -0.93 ]
 [-0.928 -0.915 -0.911 ... -0.931 -0.917 -0.924]
 [-0.943 -0.903 -0.894 ... -0.961 -0.936 -0.935]
 ...
 [-0.874 -0.916 -0.883 ... -0.928 -0.912 -0.908]
 [-0.889 -0.923 -0.92  ... -0.904 -0.914 -0.918]
 [-0.907 -0.875 -0.923 ... -0.925 -0.93  -0.938]]
Nash policies:  [(array([0.   , 0.102, 0.   , 0.   , 0.   , 0.152, 0.197, 0.   , 0.   , 0.   , 0.   , 0.   , 0.   , 0.351, 0.   , 0.   , 0.   , 0.198]), array([0.   , 0.   , 0.   , 0.   , 0.   , 0.   , 0.   , 0.   , 0.105, 0.   , 0.   , 0.357, 0.083, 0.   , 0.049, 0.   , 0.   , 0.407]))]
Frame: 4250000, Avg. RL Loss: 0.001, Avg. Q value: 0.219, Avg. Length: 3842.4, P0 Avg. Reward: 7.600, P1 Avg. Reward: -7.600
Q table: 
 [[0.238 0.257 0.233 ... 0.231 0.231 0.229]
 [0.227 0.238 0.224 ... 0.233 0.245 0.217]
 [0.228 0.239 0.228 ... 0.238 0.228 0.242]
 ...
 [0.224 0.218 0.22  ... 0.237 0.228 0.24 ]
 [0.217 0.223 0.224 ... 0.223 0.225 0.227]
 [0.232 0.256 0.223 ... 0.244 0.226 0.265]]
Nash policies:  [(array([0.34 , 0.206, 0.094, 0.   , 0.   , 0.   , 0.   , 0.   , 0.   , 0.   , 0.   , 0.254, 0.   , 0.106, 0.   , 0.   , 0.   , 0.   ]), array([0.   , 0.   , 0.   , 0.   , 0.   , 0.073, 0.   , 0.077, 0.264, 0.   , 0.   , 0.   , 0.133, 0.   , 0.453, 0.   , 0.   , 0.   ]))]
Frame: 4500000, Avg. RL Loss: 0.001, Avg. Q value: 0.214, Avg. Length: 3720.7, P0 Avg. Reward: 6.908, P1 Avg. Reward: -6.908
Q table: 
 [[-0.76  -0.763 -0.756 ... -0.789 -0.757 -0.752]
 [-0.766 -0.754 -0.73  ... -0.773 -0.765 -0.766]
 [-0.71  -0.765 -0.776 ... -0.767 -0.77  -0.77 ]
 ...
 [-0.758 -0.77  -0.761 ... -0.787 -0.766 -0.77 ]
 [-0.77  -0.775 -0.747 ... -0.756 -0.778 -0.77 ]
 [-0.768 -0.769 -0.779 ... -0.774 -0.774 -0.775]]
Nash policies:  [(array([0.131, 0.233, 0.   , 0.   , 0.   , 0.   , 0.   , 0.2  , 0.   , 0.   , 0.   , 0.   , 0.436, 0.   , 0.   , 0.   , 0.   , 0.   ]), array([0.   , 0.   , 0.   , 0.   , 0.122, 0.   , 0.   , 0.   , 0.   , 0.   , 0.351, 0.   , 0.   , 0.068, 0.   , 0.   , 0.459, 0.   ]))]
Frame: 4750000, Avg. RL Loss: 0.001, Avg. Q value: 0.193, Avg. Length: 3437.3, P0 Avg. Reward: 9.320, P1 Avg. Reward: -9.320
Q table: 
 [[0.552 0.55  0.557 ... 0.559 0.55  0.555]
 [0.562 0.557 0.551 ... 0.554 0.559 0.569]
 [0.558 0.556 0.558 ... 0.557 0.56  0.557]
 ...
 [0.554 0.561 0.551 ... 0.55  0.551 0.551]
 [0.552 0.554 0.555 ... 0.556 0.561 0.558]
 [0.556 0.554 0.56  ... 0.553 0.568 0.558]]
Nash policies:  [(array([0.   , 0.147, 0.095, 0.125, 0.075, 0.278, 0.   , 0.   , 0.   , 0.   , 0.   , 0.   , 0.053, 0.   , 0.   , 0.024, 0.204, 0.   ]), array([0.279, 0.   , 0.034, 0.   , 0.   , 0.   , 0.015, 0.   , 0.   , 0.281, 0.091, 0.   , 0.007, 0.213, 0.   , 0.08 , 0.   , 0.   ]))]
Frame: 5000000, Avg. RL Loss: 0.001, Avg. Q value: 0.273, Avg. Length: 3498.7, P0 Avg. Reward: 6.957, P1 Avg. Reward: -6.957
Q table: 
 [[-0.203 -0.209 -0.208 ... -0.203 -0.225 -0.208]
 [-0.21  -0.213 -0.21  ... -0.206 -0.212 -0.213]
 [-0.22  -0.204 -0.201 ... -0.199 -0.212 -0.212]
 ...
 [-0.209 -0.207 -0.203 ... -0.213 -0.206 -0.2  ]
 [-0.219 -0.205 -0.208 ... -0.212 -0.204 -0.209]
 [-0.206 -0.21  -0.203 ... -0.213 -0.208 -0.191]]
Nash policies:  [(array([0.022, 0.157, 0.13 , 0.   , 0.   , 0.248, 0.   , 0.   , 0.   , 0.203, 0.   , 0.   , 0.   , 0.   , 0.   , 0.   , 0.   , 0.241]), array([0.   , 0.123, 0.   , 0.164, 0.   , 0.   , 0.   , 0.539, 0.   , 0.   , 0.   , 0.   , 0.   , 0.007, 0.   , 0.   , 0.136, 0.031]))]
Frame: 5250000, Avg. RL Loss: 0.001, Avg. Q value: -0.012, Avg. Length: 3842.1, P0 Avg. Reward: -1.523, P1 Avg. Reward: 1.523
Q table: 
 [[0.31  0.32  0.311 ... 0.305 0.31  0.309]
 [0.302 0.311 0.304 ... 0.307 0.306 0.302]
 [0.311 0.316 0.313 ... 0.317 0.306 0.315]
 ...
 [0.313 0.296 0.301 ... 0.306 0.313 0.305]
 [0.301 0.312 0.298 ... 0.29  0.317 0.29 ]
 [0.317 0.306 0.311 ... 0.303 0.305 0.326]]
Nash policies:  [(array([0.208, 0.   , 0.019, 0.   , 0.038, 0.105, 0.   , 0.   , 0.   , 0.256, 0.   , 0.258, 0.   , 0.   , 0.   , 0.114, 0.   , 0.   ]), array([0.   , 0.   , 0.   , 0.   , 0.049, 0.065, 0.   , 0.264, 0.018, 0.   , 0.   , 0.   , 0.   , 0.308, 0.03 , 0.266, 0.   , 0.   ]))]
Frame: 5500000, Avg. RL Loss: 0.001, Avg. Q value: 0.187, Avg. Length: 3764.5, P0 Avg. Reward: 8.985, P1 Avg. Reward: -8.985
Q table: 
 [[-0.465 -0.447 -0.451 ... -0.47  -0.468 -0.475]
 [-0.466 -0.466 -0.468 ... -0.47  -0.454 -0.475]
 [-0.471 -0.459 -0.465 ... -0.423 -0.456 -0.461]
 ...
 [-0.478 -0.474 -0.478 ... -0.478 -0.446 -0.474]
 [-0.481 -0.455 -0.465 ... -0.47  -0.452 -0.466]
 [-0.48  -0.472 -0.462 ... -0.47  -0.457 -0.462]]
Nash policies:  [(array([0.   , 0.   , 0.168, 0.193, 0.   , 0.058, 0.   , 0.043, 0.   , 0.   , 0.   , 0.205, 0.   , 0.   , 0.333, 0.   , 0.   , 0.   ]), array([0.2  , 0.   , 0.   , 0.   , 0.   , 0.   , 0.   , 0.246, 0.   , 0.   , 0.096, 0.   , 0.   , 0.005, 0.   , 0.   , 0.081, 0.372]))]
Frame: 5750000, Avg. RL Loss: 0.001, Avg. Q value: 0.303, Avg. Length: 3679.5, P0 Avg. Reward: 9.343, P1 Avg. Reward: -9.343
Q table: 
 [[0.31  0.302 0.305 ... 0.304 0.301 0.299]
 [0.306 0.302 0.294 ... 0.298 0.288 0.299]
 [0.303 0.298 0.316 ... 0.305 0.299 0.298]
 ...
 [0.306 0.292 0.297 ... 0.304 0.304 0.289]
 [0.297 0.3   0.292 ... 0.288 0.305 0.293]
 [0.301 0.292 0.303 ... 0.303 0.297 0.32 ]]
Nash policies:  [(array([0.36 , 0.   , 0.278, 0.007, 0.   , 0.08 , 0.   , 0.   , 0.   , 0.   , 0.   , 0.   , 0.   , 0.   , 0.275, 0.   , 0.   , 0.   ]), array([0.   , 0.156, 0.   , 0.297, 0.   , 0.149, 0.   , 0.037, 0.   , 0.   , 0.361, 0.   , 0.   , 0.   , 0.   , 0.   , 0.   , 0.   ]))]
Frame: 6000000, Avg. RL Loss: 0.001, Avg. Q value: 0.158, Avg. Length: 3918.7, P0 Avg. Reward: 4.246, P1 Avg. Reward: -4.246
Q table: 
 [[0.49  0.495 0.493 ... 0.489 0.496 0.499]
 [0.489 0.493 0.489 ... 0.499 0.498 0.501]
 [0.503 0.5   0.483 ... 0.494 0.498 0.496]
 ...
 [0.494 0.487 0.499 ... 0.49  0.493 0.508]
 [0.503 0.496 0.491 ... 0.5   0.498 0.497]
 [0.505 0.504 0.492 ... 0.499 0.494 0.503]]
Nash policies:  [(array([0.172, 0.187, 0.   , 0.   , 0.   , 0.   , 0.05 , 0.   , 0.   , 0.   , 0.   , 0.398, 0.073, 0.   , 0.   , 0.   , 0.   , 0.12 ]), array([0.018, 0.   , 0.   , 0.   , 0.096, 0.175, 0.   , 0.04 , 0.26 , 0.411, 0.   , 0.   , 0.   , 0.   , 0.   , 0.   , 0.   , 0.   ]))]
Frame: 6250000, Avg. RL Loss: 0.001, Avg. Q value: 0.104, Avg. Length: 3402.9, P0 Avg. Reward: 2.486, P1 Avg. Reward: -2.486
Q table: 
 [[-0.543 -0.538 -0.541 ... -0.546 -0.527 -0.517]
 [-0.548 -0.541 -0.546 ... -0.55  -0.544 -0.519]
 [-0.553 -0.545 -0.543 ... -0.535 -0.512 -0.545]
 ...
 [-0.536 -0.545 -0.554 ... -0.492 -0.534 -0.547]
 [-0.546 -0.537 -0.543 ... -0.527 -0.54  -0.54 ]
 [-0.546 -0.55  -0.543 ... -0.522 -0.536 -0.55 ]]
Nash policies:  [(array([0.   , 0.174, 0.021, 0.   , 0.023, 0.   , 0.091, 0.301, 0.   , 0.   , 0.   , 0.037, 0.354, 0.   , 0.   , 0.   , 0.   , 0.   ]), array([0.   , 0.   , 0.414, 0.   , 0.   , 0.102, 0.052, 0.   , 0.   , 0.   , 0.31 , 0.12 , 0.   , 0.   , 0.   , 0.001, 0.   , 0.   ]))]
Frame: 6500000, Avg. RL Loss: 0.001, Avg. Q value: 0.108, Avg. Length: 3661.7, P0 Avg. Reward: 4.557, P1 Avg. Reward: -4.557
Q table: 
 [[0.301 0.305 0.301 ... 0.303 0.301 0.294]
 [0.297 0.305 0.301 ... 0.296 0.301 0.282]
 [0.303 0.294 0.297 ... 0.297 0.3   0.301]
 ...
 [0.3   0.296 0.294 ... 0.311 0.298 0.295]
 [0.299 0.304 0.289 ... 0.29  0.296 0.293]
 [0.295 0.297 0.302 ... 0.3   0.299 0.304]]
Nash policies:  [(array([0.196, 0.   , 0.09 , 0.   , 0.093, 0.   , 0.   , 0.036, 0.   , 0.   , 0.   , 0.   , 0.   , 0.485, 0.   , 0.   , 0.   , 0.099]), array([0.058, 0.   , 0.   , 0.132, 0.122, 0.   , 0.071, 0.   , 0.   , 0.   , 0.521, 0.   , 0.   , 0.   , 0.   , 0.   , 0.   , 0.095]))]
Frame: 6750000, Avg. RL Loss: 0.001, Avg. Q value: 0.038, Avg. Length: 3800.5, P0 Avg. Reward: 1.323, P1 Avg. Reward: -1.323
Q table: 
 [[-0.517 -0.527 -0.526 ... -0.521 -0.523 -0.52 ]
 [-0.516 -0.525 -0.52  ... -0.523 -0.516 -0.52 ]
 [-0.489 -0.522 -0.521 ... -0.511 -0.519 -0.525]
 ...
 [-0.523 -0.521 -0.526 ... -0.517 -0.519 -0.517]
 [-0.517 -0.52  -0.512 ... -0.53  -0.524 -0.517]
 [-0.514 -0.517 -0.521 ... -0.518 -0.515 -0.519]]
Nash policies:  [(array([0.103, 0.   , 0.027, 0.001, 0.326, 0.129, 0.   , 0.244, 0.   , 0.   , 0.   , 0.   , 0.   , 0.   , 0.049, 0.   , 0.   , 0.121]), array([0.   , 0.063, 0.   , 0.019, 0.   , 0.   , 0.   , 0.   , 0.   , 0.   , 0.454, 0.187, 0.01 , 0.041, 0.   , 0.128, 0.098, 0.   ]))]
Frame: 7000000, Avg. RL Loss: 0.001, Avg. Q value: 0.112, Avg. Length: 3548.1, P0 Avg. Reward: 5.571, P1 Avg. Reward: -5.571
Q table: 
 [[1.161 1.16  1.171 ... 1.174 1.18  1.169]
 [1.196 1.174 1.184 ... 1.167 1.191 1.189]
 [1.185 1.166 1.165 ... 1.178 1.172 1.181]
 ...
 [1.195 1.19  1.171 ... 1.181 1.187 1.183]
 [1.186 1.183 1.191 ... 1.192 1.191 1.195]
 [1.182 1.147 1.182 ... 1.177 1.175 1.154]]
Nash policies:  [(array([0.   , 0.   , 0.   , 0.   , 0.   , 0.   , 0.   , 0.   , 0.961, 0.   , 0.   , 0.   , 0.039, 0.   , 0.   , 0.   , 0.   , 0.   ]), array([0.   , 0.475, 0.   , 0.   , 0.   , 0.   , 0.   , 0.   , 0.525, 0.   , 0.   , 0.   , 0.   , 0.   , 0.   , 0.   , 0.   , 0.   ]))]
Frame: 7250000, Avg. RL Loss: 0.001, Avg. Q value: 0.065, Avg. Length: 3672.9, P0 Avg. Reward: 3.786, P1 Avg. Reward: -3.786
Q table: 
 [[-0.787 -0.788 -0.787 ... -0.787 -0.792 -0.795]
 [-0.797 -0.799 -0.775 ... -0.795 -0.786 -0.786]
 [-0.789 -0.783 -0.792 ... -0.793 -0.779 -0.79 ]
 ...
 [-0.791 -0.785 -0.784 ... -0.795 -0.785 -0.788]
 [-0.789 -0.803 -0.788 ... -0.79  -0.791 -0.788]
 [-0.795 -0.794 -0.798 ... -0.796 -0.796 -0.8  ]]
Nash policies:  [(array([0.   , 0.   , 0.   , 0.   , 0.154, 0.   , 0.276, 0.248, 0.223, 0.   , 0.   , 0.   , 0.036, 0.   , 0.   , 0.   , 0.062, 0.   ]), array([0.   , 0.   , 0.   , 0.   , 0.539, 0.156, 0.   , 0.   , 0.   , 0.   , 0.   , 0.177, 0.   , 0.075, 0.018, 0.   , 0.036, 0.   ]))]
Frame: 7500000, Avg. RL Loss: 0.001, Avg. Q value: 0.167, Avg. Length: 3805.2, P0 Avg. Reward: 5.369, P1 Avg. Reward: -5.369
Q table: 
 [[-0.287 -0.295 -0.284 ... -0.291 -0.291 -0.289]
 [-0.282 -0.283 -0.288 ... -0.287 -0.291 -0.291]
 [-0.29  -0.285 -0.283 ... -0.266 -0.282 -0.288]
 ...
 [-0.282 -0.286 -0.288 ... -0.281 -0.283 -0.293]
 [-0.288 -0.294 -0.29  ... -0.283 -0.287 -0.288]
 [-0.286 -0.292 -0.284 ... -0.292 -0.282 -0.284]]
Nash policies:  [(array([0.   , 0.238, 0.008, 0.052, 0.086, 0.008, 0.   , 0.   , 0.   , 0.   , 0.074, 0.105, 0.   , 0.   , 0.   , 0.   , 0.   , 0.429]), array([0.025, 0.003, 0.   , 0.303, 0.   , 0.063, 0.   , 0.   , 0.   , 0.382, 0.129, 0.   , 0.   , 0.   , 0.   , 0.058, 0.   , 0.038]))]
Frame: 7750000, Avg. RL Loss: 0.001, Avg. Q value: 0.233, Avg. Length: 3374.8, P0 Avg. Reward: 8.920, P1 Avg. Reward: -8.920
Q table: 
 [[1.062 1.059 1.052 ... 1.041 1.059 1.062]
 [1.066 1.055 1.072 ... 1.062 1.063 1.066]
 [1.089 1.045 1.055 ... 1.058 1.057 1.063]
 ...
 [1.047 1.076 1.055 ... 1.06  1.064 1.063]
 [1.068 1.073 1.069 ... 1.067 1.069 1.077]
 [1.066 1.052 1.06  ... 1.06  1.064 1.062]]
Nash policies:  [(array([0.   , 0.   , 0.   , 0.   , 0.   , 0.   , 0.   , 0.   , 0.   , 0.   , 0.889, 0.   , 0.   , 0.   , 0.111, 0.   , 0.   , 0.   ]), array([0.   , 0.   , 0.   , 0.   , 0.   , 0.   , 0.   , 0.   , 0.   , 0.   , 0.   , 0.465, 0.   , 0.   , 0.   , 0.   , 0.   , 0.535]))]
Frame: 8000000, Avg. RL Loss: 0.001, Avg. Q value: 0.232, Avg. Length: 3488.5, P0 Avg. Reward: 10.357, P1 Avg. Reward: -10.357
Q table: 
 [[-0.461 -0.461 -0.451 ... -0.461 -0.463 -0.447]
 [-0.452 -0.452 -0.446 ... -0.454 -0.455 -0.449]
 [-0.452 -0.439 -0.46  ... -0.459 -0.465 -0.447]
 ...
 [-0.452 -0.454 -0.453 ... -0.455 -0.46  -0.447]
 [-0.461 -0.457 -0.448 ... -0.454 -0.459 -0.459]
 [-0.46  -0.451 -0.456 ... -0.452 -0.452 -0.454]]
Nash policies:  [(array([0.   , 0.149, 0.009, 0.   , 0.   , 0.063, 0.   , 0.   , 0.   , 0.   , 0.148, 0.2  , 0.   , 0.071, 0.314, 0.   , 0.   , 0.045]), array([0.   , 0.237, 0.   , 0.071, 0.   , 0.   , 0.098, 0.021, 0.   , 0.229, 0.081, 0.   , 0.   , 0.07 , 0.   , 0.   , 0.194, 0.   ]))]
Frame: 8250000, Avg. RL Loss: 0.001, Avg. Q value: 0.248, Avg. Length: 3423.2, P0 Avg. Reward: 6.757, P1 Avg. Reward: -6.757
Q table: 
 [[-0.352 -0.355 -0.35  ... -0.361 -0.354 -0.348]
 [-0.353 -0.351 -0.349 ... -0.348 -0.357 -0.351]
 [-0.36  -0.352 -0.354 ... -0.354 -0.355 -0.353]
 ...
 [-0.352 -0.346 -0.358 ... -0.327 -0.367 -0.363]
 [-0.354 -0.35  -0.353 ... -0.349 -0.355 -0.342]
 [-0.351 -0.356 -0.355 ... -0.353 -0.357 -0.347]]
Nash policies:  [(array([0.263, 0.   , 0.081, 0.062, 0.074, 0.13 , 0.153, 0.   , 0.   , 0.011, 0.   , 0.   , 0.   , 0.2  , 0.   , 0.026, 0.   , 0.   ]), array([0.027, 0.   , 0.03 , 0.036, 0.   , 0.294, 0.   , 0.   , 0.   , 0.063, 0.   , 0.238, 0.   , 0.   , 0.   , 0.112, 0.044, 0.156]))]
Frame: 8500000, Avg. RL Loss: 0.001, Avg. Q value: 0.201, Avg. Length: 3418.7, P0 Avg. Reward: 6.920, P1 Avg. Reward: -6.920
Q table: 
 [[-0.435 -0.44  -0.437 ... -0.444 -0.448 -0.435]
 [-0.438 -0.437 -0.434 ... -0.439 -0.438 -0.439]
 [-0.436 -0.439 -0.447 ... -0.438 -0.438 -0.446]
 ...
 [-0.434 -0.444 -0.444 ... -0.445 -0.44  -0.435]
 [-0.443 -0.446 -0.445 ... -0.447 -0.443 -0.441]
 [-0.435 -0.447 -0.438 ... -0.429 -0.438 -0.441]]
Nash policies:  [(array([0.   , 0.285, 0.   , 0.   , 0.244, 0.005, 0.   , 0.   , 0.   , 0.02 , 0.   , 0.231, 0.   , 0.   , 0.157, 0.   , 0.   , 0.058]), array([0.   , 0.428, 0.   , 0.   , 0.15 , 0.   , 0.   , 0.   , 0.   , 0.   , 0.044, 0.058, 0.   , 0.216, 0.041, 0.   , 0.063, 0.   ]))]
Frame: 8750000, Avg. RL Loss: 0.001, Avg. Q value: 0.095, Avg. Length: 3712.9, P0 Avg. Reward: 1.486, P1 Avg. Reward: -1.486
Q table: 
 [[-0.924 -0.924 -0.92  ... -0.914 -0.919 -0.922]
 [-0.913 -0.918 -0.919 ... -0.923 -0.911 -0.924]
 [-0.908 -0.915 -0.904 ... -0.92  -0.914 -0.919]
 ...
 [-0.907 -0.915 -0.91  ... -0.924 -0.913 -0.919]
 [-0.918 -0.92  -0.91  ... -0.927 -0.936 -0.892]
 [-0.913 -0.916 -0.909 ... -0.916 -0.929 -0.924]]
Nash policies:  [(array([0.077, 0.   , 0.359, 0.   , 0.   , 0.244, 0.   , 0.117, 0.096, 0.028, 0.   , 0.078, 0.   , 0.   , 0.   , 0.   , 0.   , 0.   ]), array([0.   , 0.148, 0.   , 0.   , 0.043, 0.   , 0.   , 0.   , 0.   , 0.   , 0.   , 0.026, 0.284, 0.039, 0.   , 0.243, 0.   , 0.217]))]
Frame: 9000000, Avg. RL Loss: 0.001, Avg. Q value: 0.036, Avg. Length: 3626.2, P0 Avg. Reward: 1.877, P1 Avg. Reward: -1.877
Q table: 
 [[0.359 0.363 0.357 ... 0.36  0.365 0.361]
 [0.355 0.355 0.348 ... 0.352 0.363 0.358]
 [0.358 0.362 0.364 ... 0.365 0.354 0.36 ]
 ...
 [0.357 0.352 0.357 ... 0.355 0.363 0.357]
 [0.353 0.342 0.353 ... 0.345 0.362 0.354]
 [0.354 0.354 0.354 ... 0.348 0.359 0.361]]
Nash policies:  [(array([0.093, 0.   , 0.176, 0.   , 0.   , 0.   , 0.   , 0.153, 0.   , 0.579, 0.   , 0.   , 0.   , 0.   , 0.   , 0.   , 0.   , 0.   ]), array([0.   , 0.   , 0.   , 0.   , 0.   , 0.   , 0.   , 0.   , 0.341, 0.   , 0.   , 0.   , 0.365, 0.026, 0.   , 0.   , 0.268, 0.   ]))]
Frame: 9250000, Avg. RL Loss: 0.001, Avg. Q value: -0.010, Avg. Length: 3663.6, P0 Avg. Reward: 0.886, P1 Avg. Reward: -0.886
Q table: 
 [[1.198 1.221 1.208 ... 1.206 1.187 1.197]
 [1.214 1.201 1.207 ... 1.207 1.209 1.212]
 [1.202 1.189 1.173 ... 1.2   1.2   1.199]
 ...
 [1.215 1.211 1.205 ... 1.239 1.209 1.214]
 [1.206 1.209 1.218 ... 1.218 1.21  1.224]
 [1.199 1.212 1.208 ... 1.227 1.206 1.209]]
Nash policies:  [(array([0.   , 0.104, 0.   , 0.   , 0.   , 0.   , 0.013, 0.   , 0.   , 0.   , 0.   , 0.132, 0.077, 0.   , 0.349, 0.   , 0.   , 0.325]), array([0.104, 0.   , 0.   , 0.   , 0.01 , 0.122, 0.   , 0.387, 0.   , 0.   , 0.   , 0.   , 0.   , 0.106, 0.271, 0.   , 0.   , 0.   ]))]
Frame: 9500000, Avg. RL Loss: 0.001, Avg. Q value: 0.157, Avg. Length: 3400.0, P0 Avg. Reward: 5.187, P1 Avg. Reward: -5.187
Q table: 
 [[-1.141 -1.143 -1.134 ... -1.131 -1.14  -1.158]
 [-1.14  -1.127 -1.134 ... -1.147 -1.143 -1.13 ]
 [-0.977 -1.131 -1.138 ... -1.132 -1.142 -1.154]
 ...
 [-1.138 -1.143 -1.136 ... -1.133 -1.142 -1.132]
 [-1.133 -1.128 -1.137 ... -1.143 -1.137 -1.152]
 [-1.144 -1.141 -1.146 ... -1.096 -1.089 -1.14 ]]
Nash policies:  [(array([0.   , 0.   , 0.002, 0.   , 0.   , 0.047, 0.   , 0.   , 0.   , 0.   , 0.   , 0.064, 0.169, 0.   , 0.003, 0.36 , 0.   , 0.354]), array([0.011, 0.   , 0.115, 0.   , 0.056, 0.   , 0.   , 0.113, 0.   , 0.   , 0.   , 0.049, 0.471, 0.185, 0.   , 0.   , 0.   , 0.   ]))]
Frame: 9750000, Avg. RL Loss: 0.001, Avg. Q value: 0.026, Avg. Length: 3619.3, P0 Avg. Reward: -0.029, P1 Avg. Reward: 0.029
Q table: 
 [[0.229 0.222 0.225 ... 0.214 0.222 0.221]
 [0.228 0.224 0.224 ... 0.224 0.218 0.226]
 [0.212 0.223 0.221 ... 0.223 0.225 0.224]
 ...
 [0.216 0.22  0.22  ... 0.229 0.222 0.218]
 [0.23  0.218 0.221 ... 0.226 0.221 0.222]
 [0.222 0.224 0.227 ... 0.227 0.218 0.222]]
Nash policies:  [(array([0.222, 0.038, 0.178, 0.013, 0.069, 0.091, 0.   , 0.   , 0.   , 0.   , 0.   , 0.   , 0.   , 0.259, 0.01 , 0.   , 0.   , 0.12 ]), array([0.123, 0.146, 0.   , 0.144, 0.003, 0.   , 0.059, 0.   , 0.   , 0.   , 0.   , 0.   , 0.   , 0.   , 0.097, 0.035, 0.28 , 0.113]))]
Frame: 10000000, Avg. RL Loss: 0.001, Avg. Q value: -0.059, Avg. Length: 3834.5, P0 Avg. Reward: 0.523, P1 Avg. Reward: -0.523
Q table: 
 [[0.424 0.431 0.426 ... 0.426 0.43  0.423]
 [0.424 0.431 0.437 ... 0.421 0.429 0.431]
 [0.431 0.437 0.427 ... 0.421 0.428 0.428]
 ...
 [0.434 0.425 0.425 ... 0.434 0.429 0.432]
 [0.429 0.445 0.428 ... 0.426 0.434 0.427]
 [0.427 0.427 0.442 ... 0.426 0.431 0.44 ]]
Nash policies:  [(array([0.034, 0.126, 0.   , 0.   , 0.   , 0.   , 0.   , 0.   , 0.   , 0.   , 0.137, 0.019, 0.   , 0.   , 0.421, 0.108, 0.155, 0.   ]), array([0.   , 0.   , 0.   , 0.   , 0.008, 0.   , 0.   , 0.033, 0.   , 0.   , 0.337, 0.   , 0.   , 0.   , 0.117, 0.039, 0.37 , 0.097]))]
Frame: 10250000, Avg. RL Loss: 0.001, Avg. Q value: 0.130, Avg. Length: 3639.6, P0 Avg. Reward: 6.615, P1 Avg. Reward: -6.615
Q table: 
 [[-0.742 -0.745 -0.74  ... -0.746 -0.742 -0.746]
 [-0.736 -0.745 -0.744 ... -0.723 -0.752 -0.748]
 [-0.745 -0.743 -0.746 ... -0.749 -0.744 -0.745]
 ...
 [-0.741 -0.741 -0.756 ... -0.738 -0.741 -0.751]
 [-0.752 -0.747 -0.742 ... -0.762 -0.743 -0.748]
 [-0.743 -0.74  -0.74  ... -0.755 -0.746 -0.751]]
Nash policies:  [(array([0.355, 0.104, 0.   , 0.176, 0.   , 0.   , 0.   , 0.013, 0.071, 0.07 , 0.   , 0.   , 0.211, 0.   , 0.   , 0.   , 0.   , 0.   ]), array([0.011, 0.05 , 0.   , 0.   , 0.   , 0.   , 0.   , 0.   , 0.033, 0.205, 0.   , 0.   , 0.   , 0.094, 0.24 , 0.   , 0.   , 0.367]))]
Frame: 10500000, Avg. RL Loss: 0.001, Avg. Q value: 0.096, Avg. Length: 3438.8, P0 Avg. Reward: 3.853, P1 Avg. Reward: -3.853
Q table: 
 [[-0.275 -0.281 -0.284 ... -0.267 -0.283 -0.282]
 [-0.27  -0.274 -0.282 ... -0.293 -0.281 -0.276]
 [-0.268 -0.279 -0.282 ... -0.266 -0.28  -0.274]
 ...
 [-0.269 -0.296 -0.286 ... -0.281 -0.281 -0.288]
 [-0.277 -0.289 -0.277 ... -0.292 -0.278 -0.283]
 [-0.259 -0.29  -0.283 ... -0.274 -0.262 -0.275]]
Nash policies:  [(array([0.   , 0.   , 0.383, 0.   , 0.04 , 0.076, 0.399, 0.037, 0.   , 0.   , 0.   , 0.   , 0.   , 0.   , 0.   , 0.   , 0.007, 0.059]), array([0.   , 0.193, 0.113, 0.007, 0.   , 0.151, 0.   , 0.   , 0.   , 0.   , 0.158, 0.   , 0.   , 0.   , 0.266, 0.   , 0.113, 0.   ]))]
Frame: 10750000, Avg. RL Loss: 0.001, Avg. Q value: 0.077, Avg. Length: 3572.5, P0 Avg. Reward: 3.743, P1 Avg. Reward: -3.743
Q table: 
 [[0.595 0.606 0.599 ... 0.603 0.598 0.584]
 [0.592 0.595 0.597 ... 0.592 0.6   0.597]
 [0.6   0.605 0.596 ... 0.599 0.6   0.6  ]
 ...
 [0.599 0.595 0.604 ... 0.594 0.599 0.598]
 [0.596 0.597 0.607 ... 0.596 0.599 0.589]
 [0.6   0.609 0.605 ... 0.602 0.598 0.599]]
Nash policies:  [(array([0.042, 0.353, 0.053, 0.   , 0.062, 0.   , 0.   , 0.   , 0.344, 0.   , 0.   , 0.121, 0.025, 0.   , 0.   , 0.   , 0.   , 0.   ]), array([0.007, 0.   , 0.   , 0.   , 0.019, 0.   , 0.283, 0.   , 0.327, 0.   , 0.   , 0.02 , 0.281, 0.   , 0.   , 0.   , 0.   , 0.064]))]
Frame: 11000000, Avg. RL Loss: 0.001, Avg. Q value: 0.179, Avg. Length: 3576.2, P0 Avg. Reward: 5.443, P1 Avg. Reward: -5.443
Q table: 
 [[-0.429 -0.437 -0.432 ... -0.431 -0.447 -0.432]
 [-0.438 -0.443 -0.436 ... -0.441 -0.436 -0.438]
 [-0.43  -0.429 -0.429 ... -0.438 -0.435 -0.438]
 ...
 [-0.428 -0.425 -0.433 ... -0.443 -0.436 -0.428]
 [-0.432 -0.429 -0.438 ... -0.433 -0.437 -0.433]
 [-0.433 -0.441 -0.442 ... -0.435 -0.436 -0.427]]
Nash policies:  [(array([0.073, 0.   , 0.   , 0.   , 0.   , 0.427, 0.   , 0.08 , 0.004, 0.   , 0.   , 0.036, 0.078, 0.   , 0.303, 0.   , 0.   , 0.   ]), array([0.   , 0.   , 0.   , 0.046, 0.124, 0.331, 0.01 , 0.   , 0.   , 0.   , 0.   , 0.   , 0.   , 0.   , 0.   , 0.203, 0.278, 0.009]))]
Frame: 11250000, Avg. RL Loss: 0.001, Avg. Q value: 0.011, Avg. Length: 3363.4, P0 Avg. Reward: 0.329, P1 Avg. Reward: -0.329
Q table: 
 [[-0.653 -0.648 -0.651 ... -0.654 -0.654 -0.637]
 [-0.65  -0.651 -0.653 ... -0.653 -0.665 -0.653]
 [-0.65  -0.654 -0.656 ... -0.652 -0.655 -0.653]
 ...
 [-0.649 -0.65  -0.648 ... -0.65  -0.642 -0.634]
 [-0.649 -0.645 -0.656 ... -0.643 -0.638 -0.651]
 [-0.657 -0.65  -0.648 ... -0.65  -0.641 -0.638]]
Nash policies:  [(array([0.019, 0.   , 0.   , 0.029, 0.188, 0.031, 0.   , 0.   , 0.   , 0.   , 0.452, 0.   , 0.   , 0.   , 0.035, 0.04 , 0.207, 0.   ]), array([0.48 , 0.134, 0.02 , 0.141, 0.071, 0.   , 0.091, 0.   , 0.   , 0.   , 0.042, 0.   , 0.021, 0.   , 0.   , 0.   , 0.   , 0.   ]))]
Frame: 11500000, Avg. RL Loss: 0.001, Avg. Q value: 0.204, Avg. Length: 3315.1, P0 Avg. Reward: 6.975, P1 Avg. Reward: -6.975
Q table: 
 [[0.5   0.496 0.496 ... 0.5   0.495 0.501]
 [0.492 0.494 0.494 ... 0.496 0.498 0.494]
 [0.483 0.509 0.496 ... 0.509 0.49  0.498]
 ...
 [0.497 0.494 0.495 ... 0.491 0.495 0.495]
 [0.499 0.497 0.499 ... 0.496 0.494 0.489]
 [0.498 0.503 0.498 ... 0.491 0.491 0.493]]
Nash policies:  [(array([0.457, 0.   , 0.   , 0.   , 0.062, 0.   , 0.   , 0.   , 0.106, 0.055, 0.081, 0.   , 0.   , 0.062, 0.021, 0.156, 0.   , 0.   ]), array([0.   , 0.15 , 0.   , 0.   , 0.   , 0.128, 0.   , 0.047, 0.027, 0.   , 0.   , 0.   , 0.195, 0.172, 0.046, 0.   , 0.235, 0.   ]))]
Frame: 11750000, Avg. RL Loss: 0.001, Avg. Q value: -0.005, Avg. Length: 4084.3, P0 Avg. Reward: -2.533, P1 Avg. Reward: 2.533
Q table: 
 [[-0.434 -0.467 -0.478 ... -0.478 -0.476 -0.451]
 [-0.476 -0.436 -0.473 ... -0.475 -0.477 -0.48 ]
 [-0.474 -0.474 -0.465 ... -0.47  -0.485 -0.476]
 ...
 [-0.471 -0.468 -0.469 ... -0.476 -0.474 -0.473]
 [-0.477 -0.49  -0.474 ... -0.478 -0.472 -0.455]
 [-0.467 -0.494 -0.474 ... -0.476 -0.483 -0.496]]
Nash policies:  [(array([0.   , 0.092, 0.108, 0.071, 0.   , 0.122, 0.   , 0.   , 0.   , 0.608, 0.   , 0.   , 0.   , 0.   , 0.   , 0.   , 0.   , 0.   ]), array([0.   , 0.05 , 0.   , 0.   , 0.   , 0.   , 0.   , 0.   , 0.   , 0.   , 0.066, 0.055, 0.655, 0.   , 0.174, 0.   , 0.   , 0.   ]))]
Frame: 12000000, Avg. RL Loss: 0.001, Avg. Q value: 0.031, Avg. Length: 3884.8, P0 Avg. Reward: 1.985, P1 Avg. Reward: -1.985
Q table: 
 [[0.472 0.466 0.465 ... 0.469 0.466 0.465]
 [0.469 0.474 0.471 ... 0.468 0.467 0.471]
 [0.467 0.466 0.469 ... 0.467 0.47  0.466]
 ...
 [0.472 0.464 0.457 ... 0.469 0.469 0.467]
 [0.474 0.475 0.465 ... 0.47  0.473 0.463]
 [0.468 0.468 0.469 ... 0.462 0.468 0.465]]
Nash policies:  [(array([0.   , 0.098, 0.489, 0.   , 0.   , 0.017, 0.   , 0.   , 0.   , 0.   , 0.002, 0.   , 0.125, 0.   , 0.147, 0.008, 0.073, 0.041]), array([0.231, 0.   , 0.   , 0.11 , 0.031, 0.   , 0.025, 0.   , 0.075, 0.   , 0.099, 0.   , 0.   , 0.307, 0.   , 0.011, 0.   , 0.111]))]
Frame: 12250000, Avg. RL Loss: 0.001, Avg. Q value: 0.041, Avg. Length: 3863.2, P0 Avg. Reward: 1.815, P1 Avg. Reward: -1.815
Q table: 
 [[-0.93  -0.913 -0.902 ... -0.909 -0.908 -0.912]
 [-0.917 -0.912 -0.908 ... -0.915 -0.917 -0.923]
 [-0.91  -0.902 -0.924 ... -0.922 -0.91  -0.92 ]
 ...
 [-0.908 -0.908 -0.9   ... -0.918 -0.908 -0.913]
 [-0.916 -0.921 -0.913 ... -0.903 -0.921 -0.905]
 [-0.903 -0.913 -0.92  ... -0.913 -0.912 -0.915]]
Nash policies:  [(array([0.   , 0.021, 0.   , 0.299, 0.273, 0.   , 0.   , 0.   , 0.   , 0.   , 0.   , 0.058, 0.025, 0.034, 0.   , 0.196, 0.   , 0.094]), array([0.   , 0.   , 0.   , 0.078, 0.   , 0.   , 0.   , 0.029, 0.   , 0.   , 0.356, 0.379, 0.026, 0.006, 0.097, 0.029, 0.   , 0.   ]))]
Frame: 12500000, Avg. RL Loss: 0.001, Avg. Q value: -0.030, Avg. Length: 3835.7, P0 Avg. Reward: 0.754, P1 Avg. Reward: -0.754
Q table: 
 [[0.594 0.586 0.59  ... 0.586 0.582 0.598]
 [0.589 0.593 0.594 ... 0.59  0.58  0.595]
 [0.587 0.591 0.579 ... 0.588 0.591 0.587]
 ...
 [0.609 0.587 0.597 ... 0.591 0.598 0.598]
 [0.599 0.594 0.6   ... 0.579 0.596 0.594]
 [0.591 0.583 0.593 ... 0.588 0.58  0.594]]
Nash policies:  [(array([0.   , 0.   , 0.   , 0.   , 0.   , 0.   , 0.   , 0.   , 0.   , 0.   , 0.   , 0.138, 0.237, 0.037, 0.112, 0.223, 0.253, 0.   ]), array([0.   , 0.519, 0.024, 0.   , 0.072, 0.   , 0.   , 0.   , 0.   , 0.   , 0.   , 0.   , 0.   , 0.   , 0.049, 0.113, 0.224, 0.   ]))]
Frame: 12750000, Avg. RL Loss: 0.001, Avg. Q value: 0.141, Avg. Length: 3688.5, P0 Avg. Reward: 5.200, P1 Avg. Reward: -5.200
Q table: 
 [[0.585 0.586 0.582 ... 0.584 0.589 0.59 ]
 [0.588 0.587 0.546 ... 0.588 0.581 0.595]
 [0.58  0.579 0.581 ... 0.583 0.58  0.582]
 ...
 [0.586 0.58  0.593 ... 0.58  0.588 0.6  ]
 [0.596 0.585 0.586 ... 0.579 0.587 0.587]
 [0.588 0.601 0.587 ... 0.575 0.588 0.584]]
Nash policies:  [(array([0.14 , 0.   , 0.   , 0.   , 0.039, 0.099, 0.083, 0.015, 0.   , 0.   , 0.   , 0.   , 0.114, 0.37 , 0.   , 0.14 , 0.   , 0.   ]), array([0.   , 0.006, 0.055, 0.   , 0.096, 0.   , 0.   , 0.003, 0.033, 0.   , 0.   , 0.286, 0.   , 0.   , 0.   , 0.308, 0.212, 0.   ]))]
Frame: 13000000, Avg. RL Loss: 0.001, Avg. Q value: -0.055, Avg. Length: 3993.5, P0 Avg. Reward: -2.862, P1 Avg. Reward: 2.862
Q table: 
 [[-0.526 -0.525 -0.525 ... -0.522 -0.522 -0.524]
 [-0.524 -0.52  -0.526 ... -0.529 -0.532 -0.517]
 [-0.523 -0.528 -0.525 ... -0.528 -0.527 -0.527]
 ...
 [-0.53  -0.502 -0.528 ... -0.523 -0.527 -0.529]
 [-0.528 -0.527 -0.518 ... -0.529 -0.523 -0.526]
 [-0.523 -0.521 -0.523 ... -0.524 -0.521 -0.522]]
Nash policies:  [(array([0.193, 0.   , 0.   , 0.   , 0.   , 0.   , 0.   , 0.06 , 0.   , 0.   , 0.   , 0.   , 0.384, 0.   , 0.   , 0.108, 0.147, 0.107]), array([0.015, 0.   , 0.24 , 0.   , 0.   , 0.05 , 0.   , 0.   , 0.   , 0.   , 0.253, 0.   , 0.   , 0.   , 0.191, 0.   , 0.251, 0.   ]))]
Frame: 13250000, Avg. RL Loss: 0.001, Avg. Q value: 0.106, Avg. Length: 3581.4, P0 Avg. Reward: 5.843, P1 Avg. Reward: -5.843
Q table: 
 [[0.623 0.624 0.62  ... 0.629 0.601 0.659]
 [0.621 0.624 0.631 ... 0.623 0.63  0.635]
 [0.6   0.626 0.636 ... 0.627 0.626 0.612]
 ...
 [0.612 0.624 0.627 ... 0.63  0.617 0.625]
 [0.62  0.61  0.624 ... 0.63  0.637 0.63 ]
 [0.622 0.635 0.635 ... 0.62  0.626 0.615]]
Nash policies:  [(array([0.081, 0.   , 0.   , 0.   , 0.   , 0.   , 0.   , 0.   , 0.221, 0.   , 0.306, 0.   , 0.   , 0.275, 0.   , 0.057, 0.019, 0.041]), array([0.255, 0.122, 0.   , 0.106, 0.037, 0.   , 0.   , 0.079, 0.36 , 0.   , 0.   , 0.   , 0.   , 0.   , 0.   , 0.   , 0.   , 0.04 ]))]
Frame: 13500000, Avg. RL Loss: 0.001, Avg. Q value: -0.122, Avg. Length: 3630.2, P0 Avg. Reward: -3.077, P1 Avg. Reward: 3.077
Q table: 
 [[-0.525 -0.521 -0.519 ... -0.519 -0.523 -0.526]
 [-0.532 -0.52  -0.522 ... -0.534 -0.518 -0.523]
 [-0.532 -0.528 -0.525 ... -0.522 -0.524 -0.524]
 ...
 [-0.526 -0.526 -0.526 ... -0.52  -0.524 -0.536]
 [-0.528 -0.529 -0.523 ... -0.515 -0.522 -0.525]
 [-0.525 -0.533 -0.526 ... -0.519 -0.522 -0.519]]
Nash policies:  [(array([0.012, 0.   , 0.   , 0.   , 0.302, 0.   , 0.   , 0.   , 0.   , 0.   , 0.   , 0.313, 0.153, 0.   , 0.   , 0.064, 0.   , 0.156]), array([0.134, 0.   , 0.208, 0.156, 0.   , 0.   , 0.111, 0.136, 0.255, 0.   , 0.   , 0.   , 0.   , 0.   , 0.   , 0.   , 0.   , 0.   ]))]
Frame: 13750000, Avg. RL Loss: 0.001, Avg. Q value: 0.095, Avg. Length: 3841.4, P0 Avg. Reward: 5.200, P1 Avg. Reward: -5.200
Q table: 
 [[-0.514 -0.515 -0.503 ... -0.515 -0.517 -0.522]
 [-0.518 -0.517 -0.508 ... -0.521 -0.524 -0.514]
 [-0.525 -0.503 -0.516 ... -0.519 -0.488 -0.518]
 ...
 [-0.513 -0.508 -0.51  ... -0.519 -0.511 -0.516]
 [-0.521 -0.511 -0.514 ... -0.506 -0.522 -0.514]
 [-0.512 -0.515 -0.506 ... -0.517 -0.523 -0.527]]
Nash policies:  [(array([0.065, 0.099, 0.   , 0.   , 0.   , 0.   , 0.   , 0.068, 0.   , 0.   , 0.   , 0.   , 0.   , 0.184, 0.   , 0.272, 0.312, 0.   ]), array([0.   , 0.   , 0.   , 0.034, 0.   , 0.   , 0.   , 0.221, 0.092, 0.03 , 0.065, 0.   , 0.   , 0.   , 0.   , 0.   , 0.   , 0.558]))]
Frame: 14000000, Avg. RL Loss: 0.001, Avg. Q value: 0.057, Avg. Length: 4386.7, P0 Avg. Reward: -0.236, P1 Avg. Reward: 0.236
Q table: 
 [[-1.452 -1.434 -1.439 ... -1.437 -1.454 -1.448]
 [-1.432 -1.436 -1.432 ... -1.459 -1.427 -1.448]
 [-1.463 -1.454 -1.444 ... -1.442 -1.445 -1.453]
 ...
 [-1.446 -1.463 -1.426 ... -1.449 -1.447 -1.449]
 [-1.438 -1.436 -1.449 ... -1.446 -1.436 -1.435]
 [-1.454 -1.451 -1.438 ... -1.408 -1.44  -1.446]]
Nash policies:  [(array([0.036, 0.   , 0.   , 0.   , 0.   , 0.   , 0.035, 0.073, 0.   , 0.054, 0.067, 0.121, 0.21 , 0.067, 0.   , 0.   , 0.337, 0.   ]), array([0.258, 0.   , 0.   , 0.   , 0.033, 0.   , 0.   , 0.078, 0.206, 0.   , 0.032, 0.083, 0.145, 0.076, 0.   , 0.089, 0.   , 0.   ]))]
Frame: 14250000, Avg. RL Loss: 0.001, Avg. Q value: -0.010, Avg. Length: 3977.2, P0 Avg. Reward: -0.000, P1 Avg. Reward: 0.000
Q table: 
 [[0.56  0.561 0.555 ... 0.555 0.552 0.561]
 [0.55  0.548 0.562 ... 0.519 0.558 0.563]
 [0.555 0.545 0.552 ... 0.555 0.554 0.559]
 ...
 [0.549 0.556 0.552 ... 0.56  0.557 0.558]
 [0.555 0.554 0.554 ... 0.553 0.561 0.564]
 [0.556 0.558 0.559 ... 0.564 0.555 0.55 ]]
Nash policies:  [(array([0.   , 0.   , 0.089, 0.   , 0.   , 0.   , 0.   , 0.   , 0.119, 0.   , 0.   , 0.14 , 0.027, 0.047, 0.   , 0.21 , 0.334, 0.034]), array([0.   , 0.103, 0.   , 0.091, 0.251, 0.248, 0.009, 0.064, 0.   , 0.153, 0.   , 0.   , 0.   , 0.081, 0.   , 0.   , 0.   , 0.   ]))]
Frame: 14500000, Avg. RL Loss: 0.001, Avg. Q value: -0.043, Avg. Length: 3636.9, P0 Avg. Reward: -1.014, P1 Avg. Reward: 1.014
Q table: 
 [[0.244 0.238 0.242 ... 0.239 0.239 0.251]
 [0.239 0.227 0.238 ... 0.241 0.244 0.24 ]
 [0.238 0.246 0.238 ... 0.24  0.239 0.245]
 ...
 [0.239 0.245 0.235 ... 0.23  0.246 0.251]
 [0.237 0.245 0.243 ... 0.242 0.241 0.248]
 [0.24  0.248 0.238 ... 0.242 0.238 0.241]]
Nash policies:  [(array([0.102, 0.   , 0.   , 0.249, 0.   , 0.048, 0.   , 0.   , 0.   , 0.   , 0.   , 0.21 , 0.   , 0.121, 0.138, 0.022, 0.11 , 0.   ]), array([0.   , 0.037, 0.   , 0.247, 0.206, 0.046, 0.   , 0.078, 0.   , 0.046, 0.   , 0.   , 0.196, 0.144, 0.   , 0.   , 0.   , 0.   ]))]
Frame: 14750000, Avg. RL Loss: 0.001, Avg. Q value: -0.135, Avg. Length: 3653.1, P0 Avg. Reward: -5.154, P1 Avg. Reward: 5.154
Q table: 
 [[-0.717 -0.683 -0.708 ... -0.702 -0.71  -0.715]
 [-0.713 -0.716 -0.713 ... -0.715 -0.71  -0.715]
 [-0.716 -0.719 -0.708 ... -0.711 -0.705 -0.707]
 ...
 [-0.715 -0.715 -0.707 ... -0.713 -0.711 -0.71 ]
 [-0.703 -0.719 -0.717 ... -0.71  -0.708 -0.714]
 [-0.711 -0.719 -0.713 ... -0.695 -0.713 -0.712]]
Nash policies:  [(array([0.064, 0.   , 0.   , 0.   , 0.015, 0.106, 0.101, 0.085, 0.   , 0.052, 0.   , 0.22 , 0.   , 0.208, 0.   , 0.065, 0.083, 0.   ]), array([0.   , 0.029, 0.   , 0.   , 0.   , 0.135, 0.121, 0.064, 0.   , 0.   , 0.   , 0.052, 0.   , 0.115, 0.076, 0.126, 0.084, 0.198]))]
Frame: 15000000, Avg. RL Loss: 0.001, Avg. Q value: -0.072, Avg. Length: 3637.4, P0 Avg. Reward: -1.157, P1 Avg. Reward: 1.157
Q table: 
 [[-0.523 -0.525 -0.525 ... -0.523 -0.524 -0.523]
 [-0.516 -0.522 -0.527 ... -0.521 -0.522 -0.523]
 [-0.521 -0.53  -0.522 ... -0.517 -0.517 -0.521]
 ...
 [-0.528 -0.52  -0.49  ... -0.523 -0.525 -0.521]
 [-0.526 -0.522 -0.523 ... -0.504 -0.518 -0.524]
 [-0.521 -0.528 -0.522 ... -0.526 -0.525 -0.532]]
Nash policies:  [(array([0.032, 0.114, 0.001, 0.   , 0.079, 0.   , 0.   , 0.015, 0.261, 0.   , 0.   , 0.01 , 0.   , 0.205, 0.068, 0.128, 0.004, 0.085]), array([0.   , 0.005, 0.   , 0.162, 0.   , 0.   , 0.334, 0.   , 0.072, 0.043, 0.   , 0.036, 0.03 , 0.127, 0.044, 0.035, 0.017, 0.094]))]
Frame: 15250000, Avg. RL Loss: 0.001, Avg. Q value: -0.069, Avg. Length: 3816.1, P0 Avg. Reward: -0.585, P1 Avg. Reward: 0.585
Q table: 
 [[0.362 0.39  0.387 ... 0.388 0.382 0.398]
 [0.384 0.375 0.385 ... 0.326 0.385 0.391]
 [0.384 0.391 0.387 ... 0.383 0.386 0.402]
 ...
 [0.354 0.387 0.382 ... 0.385 0.387 0.399]
 [0.396 0.387 0.393 ... 0.382 0.387 0.371]
 [0.383 0.404 0.386 ... 0.389 0.391 0.387]]
Nash policies:  [(array([0.   , 0.   , 0.205, 0.   , 0.006, 0.024, 0.083, 0.266, 0.   , 0.   , 0.   , 0.   , 0.   , 0.094, 0.   , 0.   , 0.143, 0.18 ]), array([0.   , 0.   , 0.068, 0.   , 0.208, 0.   , 0.   , 0.15 , 0.   , 0.14 , 0.   , 0.141, 0.24 , 0.   , 0.042, 0.   , 0.   , 0.012]))]
Frame: 15500000, Avg. RL Loss: 0.001, Avg. Q value: -0.144, Avg. Length: 4309.7, P0 Avg. Reward: -7.383, P1 Avg. Reward: 7.383
Q table: 
 [[1.062 1.062 0.949 ... 1.02  1.046 1.053]
 [1.055 1.058 1.047 ... 0.933 1.049 1.027]
 [1.049 1.074 1.048 ... 1.059 1.057 1.011]
 ...
 [1.054 1.037 1.051 ... 1.052 0.897 1.045]
 [1.065 1.063 1.06  ... 1.054 1.068 1.071]
 [1.057 1.029 1.05  ... 1.065 1.053 1.057]]
Nash policies:  [(array([0.   , 0.   , 0.   , 0.119, 0.   , 0.   , 0.   , 0.   , 0.   , 0.   , 0.117, 0.478, 0.263, 0.   , 0.   , 0.   , 0.024, 0.   ]), array([0.   , 0.   , 0.048, 0.   , 0.   , 0.   , 0.179, 0.571, 0.   , 0.   , 0.   , 0.   , 0.128, 0.   , 0.   , 0.   , 0.   , 0.074]))]
Frame: 15750000, Avg. RL Loss: 0.001, Avg. Q value: -0.201, Avg. Length: 3656.5, P0 Avg. Reward: -6.938, P1 Avg. Reward: 6.938
Q table: 
 [[-0.79  -0.797 -0.795 ... -0.79  -0.793 -0.796]
 [-0.784 -0.795 -0.762 ... -0.785 -0.792 -0.796]
 [-0.784 -0.792 -0.789 ... -0.798 -0.796 -0.793]
 ...
 [-0.796 -0.788 -0.789 ... -0.789 -0.793 -0.794]
 [-0.767 -0.792 -0.793 ... -0.796 -0.789 -0.789]
 [-0.793 -0.785 -0.79  ... -0.795 -0.805 -0.794]]
Nash policies:  [(array([0.   , 0.   , 0.   , 0.   , 0.   , 0.007, 0.046, 0.162, 0.   , 0.   , 0.265, 0.   , 0.07 , 0.   , 0.   , 0.179, 0.271, 0.   ]), array([0.   , 0.   , 0.021, 0.   , 0.   , 0.   , 0.   , 0.046, 0.03 , 0.   , 0.   , 0.104, 0.113, 0.   , 0.   , 0.142, 0.   , 0.544]))]
Frame: 16000000, Avg. RL Loss: 0.001, Avg. Q value: -0.029, Avg. Length: 3808.1, P0 Avg. Reward: 1.662, P1 Avg. Reward: -1.662
Q table: 
 [[0.23  0.231 0.227 ... 0.232 0.235 0.228]
 [0.222 0.227 0.222 ... 0.241 0.228 0.231]
 [0.23  0.232 0.225 ... 0.227 0.227 0.23 ]
 ...
 [0.212 0.231 0.231 ... 0.228 0.227 0.228]
 [0.23  0.223 0.227 ... 0.232 0.225 0.23 ]
 [0.235 0.232 0.223 ... 0.215 0.226 0.222]]
Nash policies:  [(array([0.003, 0.242, 0.233, 0.   , 0.003, 0.253, 0.104, 0.   , 0.   , 0.079, 0.027, 0.   , 0.   , 0.   , 0.   , 0.056, 0.   , 0.   ]), array([0.   , 0.37 , 0.065, 0.   , 0.   , 0.003, 0.   , 0.07 , 0.009, 0.052, 0.   , 0.161, 0.201, 0.   , 0.   , 0.   , 0.069, 0.   ]))]
Frame: 16250000, Avg. RL Loss: 0.001, Avg. Q value: -0.128, Avg. Length: 4229.3, P0 Avg. Reward: -3.500, P1 Avg. Reward: 3.500
Q table: 
 [[-0.306 -0.311 -0.291 ... -0.311 -0.309 -0.299]
 [-0.304 -0.315 -0.313 ... -0.312 -0.316 -0.308]
 [-0.314 -0.294 -0.313 ... -0.311 -0.312 -0.31 ]
 ...
 [-0.307 -0.306 -0.312 ... -0.309 -0.313 -0.303]
 [-0.316 -0.311 -0.311 ... -0.307 -0.318 -0.305]
 [-0.29  -0.308 -0.317 ... -0.319 -0.319 -0.317]]
Nash policies:  [(array([0.16 , 0.078, 0.129, 0.   , 0.238, 0.386, 0.01 , 0.   , 0.   , 0.   , 0.   , 0.   , 0.   , 0.   , 0.   , 0.   , 0.   , 0.   ]), array([0.   , 0.079, 0.   , 0.137, 0.019, 0.   , 0.   , 0.   , 0.   , 0.   , 0.   , 0.041, 0.432, 0.   , 0.   , 0.   , 0.292, 0.   ]))]
Frame: 16500000, Avg. RL Loss: 0.001, Avg. Q value: -0.061, Avg. Length: 3718.1, P0 Avg. Reward: -0.900, P1 Avg. Reward: 0.900
Q table: 
 [[-0.38  -0.381 -0.365 ... -0.388 -0.392 -0.386]
 [-0.381 -0.38  -0.382 ... -0.392 -0.381 -0.388]
 [-0.378 -0.383 -0.368 ... -0.377 -0.383 -0.388]
 ...
 [-0.384 -0.389 -0.39  ... -0.375 -0.38  -0.384]
 [-0.387 -0.383 -0.378 ... -0.386 -0.38  -0.385]
 [-0.388 -0.395 -0.375 ... -0.382 -0.385 -0.382]]
Nash policies:  [(array([0.   , 0.142, 0.079, 0.   , 0.104, 0.   , 0.   , 0.   , 0.178, 0.   , 0.049, 0.023, 0.123, 0.   , 0.213, 0.089, 0.   , 0.   ]), array([0.   , 0.042, 0.   , 0.35 , 0.   , 0.051, 0.   , 0.26 , 0.   , 0.   , 0.012, 0.   , 0.   , 0.152, 0.085, 0.027, 0.02 , 0.   ]))]
Frame: 16750000, Avg. RL Loss: 0.001, Avg. Q value: -0.175, Avg. Length: 3704.5, P0 Avg. Reward: -8.138, P1 Avg. Reward: 8.138
Q table: 
 [[-0.761 -0.743 -0.714 ... -0.742 -0.725 -0.746]
 [-0.74  -0.742 -0.735 ... -0.747 -0.746 -0.746]
 [-0.722 -0.746 -0.727 ... -0.744 -0.746 -0.741]
 ...
 [-0.736 -0.741 -0.742 ... -0.747 -0.739 -0.747]
 [-0.739 -0.74  -0.736 ... -0.746 -0.738 -0.746]
 [-0.745 -0.746 -0.599 ... -0.736 -0.746 -0.749]]
Nash policies:  [(array([0.   , 0.   , 0.073, 0.043, 0.   , 0.   , 0.186, 0.043, 0.294, 0.218, 0.095, 0.   , 0.   , 0.   , 0.   , 0.   , 0.049, 0.   ]), array([0.   , 0.302, 0.   , 0.   , 0.   , 0.051, 0.   , 0.   , 0.082, 0.   , 0.089, 0.   , 0.032, 0.347, 0.038, 0.059, 0.   , 0.   ]))]
Frame: 17000000, Avg. RL Loss: 0.001, Avg. Q value: -0.309, Avg. Length: 3697.1, P0 Avg. Reward: -9.429, P1 Avg. Reward: 9.429
Q table: 
 [[-0.969 -0.973 -0.955 ... -0.978 -0.968 -0.967]
 [-0.965 -0.981 -0.959 ... -0.963 -0.967 -0.969]
 [-0.869 -0.97  -0.978 ... -0.974 -0.969 -0.971]
 ...
 [-0.959 -0.974 -0.954 ... -0.973 -0.948 -0.971]
 [-0.968 -0.973 -0.978 ... -0.967 -0.973 -0.958]
 [-0.959 -0.969 -0.818 ... -0.967 -0.956 -0.976]]
Nash policies:  [(array([0.053, 0.105, 0.   , 0.   , 0.439, 0.049, 0.   , 0.   , 0.   , 0.078, 0.   , 0.08 , 0.   , 0.101, 0.063, 0.   , 0.032, 0.   ]), array([0.   , 0.   , 0.   , 0.   , 0.   , 0.097, 0.046, 0.105, 0.   , 0.   , 0.007, 0.171, 0.161, 0.216, 0.122, 0.   , 0.   , 0.075]))]
Frame: 17250000, Avg. RL Loss: 0.001, Avg. Q value: -0.279, Avg. Length: 3862.2, P0 Avg. Reward: -10.662, P1 Avg. Reward: 10.662
Q table: 
 [[0.069 0.08  0.072 ... 0.067 0.07  0.073]
 [0.067 0.071 0.067 ... 0.073 0.067 0.071]
 [0.074 0.078 0.069 ... 0.074 0.077 0.066]
 ...
 [0.076 0.071 0.074 ... 0.071 0.071 0.074]
 [0.071 0.071 0.073 ... 0.071 0.075 0.069]
 [0.069 0.073 0.074 ... 0.074 0.07  0.061]]
Nash policies:  [(array([0.   , 0.   , 0.   , 0.   , 0.121, 0.   , 0.216, 0.056, 0.   , 0.051, 0.   , 0.   , 0.   , 0.273, 0.   , 0.   , 0.283, 0.   ]), array([0.   , 0.   , 0.   , 0.   , 0.   , 0.   , 0.   , 0.1  , 0.   , 0.254, 0.   , 0.   , 0.   , 0.067, 0.007, 0.35 , 0.   , 0.221]))]
Frame: 17500000, Avg. RL Loss: 0.001, Avg. Q value: -0.306, Avg. Length: 3743.2, P0 Avg. Reward: -8.783, P1 Avg. Reward: 8.783
Q table: 
 [[0.593 0.587 0.591 ... 0.589 0.585 0.584]
 [0.583 0.571 0.57  ... 0.58  0.577 0.58 ]
 [0.584 0.596 0.582 ... 0.589 0.587 0.595]
 ...
 [0.588 0.589 0.591 ... 0.583 0.585 0.59 ]
 [0.595 0.586 0.59  ... 0.582 0.581 0.593]
 [0.589 0.603 0.556 ... 0.585 0.577 0.587]]
Nash policies:  [(array([0.262, 0.   , 0.   , 0.001, 0.   , 0.302, 0.082, 0.   , 0.   , 0.   , 0.329, 0.   , 0.   , 0.   , 0.   , 0.023, 0.   , 0.   ]), array([0.   , 0.   , 0.   , 0.054, 0.096, 0.   , 0.   , 0.   , 0.118, 0.189, 0.   , 0.415, 0.   , 0.   , 0.128, 0.   , 0.   , 0.   ]))]
Frame: 17750000, Avg. RL Loss: 0.001, Avg. Q value: -0.222, Avg. Length: 3923.4, P0 Avg. Reward: -7.815, P1 Avg. Reward: 7.815