                          Options
                          seed: 1122
                          batch_size: 1024
                          no_cuda: False
                          max_frames: 500000000
                          buffer_size: 1000000
                          update_target: 1000
                          train_freq: 100
                          gamma: 0.99
                          eta: 0.1
                          rl_start: 10000
                          sl_start: 1000
                          num_envs: 10
                          hidden_dim: 512
                          dueling: False
                          multi_step: 1
                          env: SlimeVolley-v0
                          ram: False
                          negative: False
                          against_baseline: True
                          load_model: None
                          save_model: model
                          evaluate: False
                          render: False
                          evaluation_interval: 10000
                          lr: 0.0001
                          max_tag_interval: 3000
                          eps_start: 1.0
                          eps_final: 0.01
                          eps_decay: 30000
                          cuda: False
                          device: cpu
Load SlimeVolley env: SlimeVolley-v0
Load SlimeVolley env: SlimeVolley-v0
Load SlimeVolley env: SlimeVolley-v0
Load SlimeVolley env: SlimeVolley-v0
Load SlimeVolley env: SlimeVolley-v0
Load SlimeVolley env: SlimeVolley-v0
Load SlimeVolley env: SlimeVolley-v0
Load SlimeVolley env: SlimeVolley-v0
Load SlimeVolley env: SlimeVolley-v0
Load SlimeVolley env: SlimeVolley-v0
