                          Options
                          seed: 1122
                          batch_size: 32
                          no_cuda: False
                          max_frames: 20000000
                          buffer_size: 100000
                          update_target: 1000
                          train_freq: 1
                          gamma: 0.99
                          eta: 0.1
                          rl_start: 10000
                          sl_start: 1000
                          num_envs: 1
                          hidden_dim: 64
                          dueling: False
                          multi_step: 1
                          env: Pong-ram-v0
                          ram: False
                          negative: False
                          against_baseline: True
                          load_model: None
                          save_model: model
                          evaluate: False
                          render: False
                          evaluation_interval: 10000
                          lr: 0.0001
                          max_tag_interval: 10000
                          eps_start: 1.0
                          eps_final: 0.01
                          eps_decay: 30000
                          cuda: True
                          device: cuda:0
Load Gym env: Pong-ram-v0
Box(0, 255, (128,), uint8) Discrete(6)
(128,)
(128,)
Frame: 10000, Avg. Reward: -20.500, Avg. RL Loss: nan, Avg. Length: 1237.9
Frame: 20000, Avg. Reward: -20.250, Avg. RL Loss: 0.008, Avg. Length: 1220.5
Frame: 30000, Avg. Reward: -20.125, Avg. RL Loss: 0.006, Avg. Length: 1245.0
Frame: 40000, Avg. Reward: -19.857, Avg. RL Loss: 0.004, Avg. Length: 1288.4
Frame: 50000, Avg. Reward: -20.333, Avg. RL Loss: 0.004, Avg. Length: 1178.1
Frame: 60000, Avg. Reward: -20.000, Avg. RL Loss: 0.005, Avg. Length: 1225.2
Frame: 70000, Avg. Reward: -20.556, Avg. RL Loss: 0.007, Avg. Length: 1120.3
Frame: 80000, Avg. Reward: -20.667, Avg. RL Loss: 0.007, Avg. Length: 1162.2
Frame: 90000, Avg. Reward: -20.556, Avg. RL Loss: 0.007, Avg. Length: 1154.7
Frame: 100000, Avg. Reward: -20.889, Avg. RL Loss: 0.007, Avg. Length: 1111.3
Frame: 110000, Avg. Reward: -20.625, Avg. RL Loss: 0.007, Avg. Length: 1122.2
Frame: 120000, Avg. Reward: -20.778, Avg. RL Loss: 0.006, Avg. Length: 1093.6
Frame: 130000, Avg. Reward: -20.667, Avg. RL Loss: 0.007, Avg. Length: 1157.3
Frame: 140000, Avg. Reward: -20.778, Avg. RL Loss: 0.009, Avg. Length: 1098.8
Frame: 150000, Avg. Reward: -20.800, Avg. RL Loss: 0.010, Avg. Length: 1073.7
Frame: 160000, Avg. Reward: -20.889, Avg. RL Loss: 0.010, Avg. Length: 1096.6
Frame: 170000, Avg. Reward: -20.889, Avg. RL Loss: 0.010, Avg. Length: 1062.7
Frame: 180000, Avg. Reward: -20.900, Avg. RL Loss: 0.010, Avg. Length: 1054.2
Frame: 190000, Avg. Reward: -21.000, Avg. RL Loss: 0.010, Avg. Length: 1102.9
Frame: 200000, Avg. Reward: -21.000, Avg. RL Loss: 0.010, Avg. Length: 1066.9
Frame: 210000, Avg. Reward: -20.778, Avg. RL Loss: 0.010, Avg. Length: 1083.1
Frame: 220000, Avg. Reward: -20.778, Avg. RL Loss: 0.010, Avg. Length: 1125.4
Frame: 230000, Avg. Reward: -20.889, Avg. RL Loss: 0.010, Avg. Length: 1102.1
Frame: 240000, Avg. Reward: -20.800, Avg. RL Loss: 0.009, Avg. Length: 1076.4
Frame: 250000, Avg. Reward: -20.889, Avg. RL Loss: 0.010, Avg. Length: 1080.9
Frame: 260000, Avg. Reward: -20.778, Avg. RL Loss: 0.009, Avg. Length: 1108.4
Frame: 270000, Avg. Reward: -20.667, Avg. RL Loss: 0.009, Avg. Length: 1114.0
Frame: 280000, Avg. Reward: -20.778, Avg. RL Loss: 0.010, Avg. Length: 1126.3
Frame: 290000, Avg. Reward: -20.889, Avg. RL Loss: 0.010, Avg. Length: 1077.4
Frame: 300000, Avg. Reward: -20.889, Avg. RL Loss: 0.010, Avg. Length: 1077.4
Frame: 310000, Avg. Reward: -20.900, Avg. RL Loss: 0.010, Avg. Length: 1070.5
Frame: 320000, Avg. Reward: -20.667, Avg. RL Loss: 0.010, Avg. Length: 1110.4
Frame: 330000, Avg. Reward: -20.889, Avg. RL Loss: 0.010, Avg. Length: 1073.0
Frame: 340000, Avg. Reward: -20.778, Avg. RL Loss: 0.010, Avg. Length: 1083.3
Frame: 350000, Avg. Reward: -20.889, Avg. RL Loss: 0.009, Avg. Length: 1077.7
Frame: 360000, Avg. Reward: -20.900, Avg. RL Loss: 0.010, Avg. Length: 1061.4
Frame: 370000, Avg. Reward: -21.000, Avg. RL Loss: 0.010, Avg. Length: 1067.6
Frame: 380000, Avg. Reward: -21.000, Avg. RL Loss: 0.010, Avg. Length: 1049.7
Frame: 390000, Avg. Reward: -21.000, Avg. RL Loss: 0.010, Avg. Length: 1030.9
Frame: 400000, Avg. Reward: -20.800, Avg. RL Loss: 0.010, Avg. Length: 1088.5
Frame: 410000, Avg. Reward: -20.889, Avg. RL Loss: 0.010, Avg. Length: 1086.2
Frame: 420000, Avg. Reward: -21.000, Avg. RL Loss: 0.010, Avg. Length: 1049.8
Frame: 430000, Avg. Reward: -21.000, Avg. RL Loss: 0.010, Avg. Length: 1069.8
Frame: 440000, Avg. Reward: -21.000, Avg. RL Loss: 0.010, Avg. Length: 1034.0
Frame: 450000, Avg. Reward: -20.667, Avg. RL Loss: 0.009, Avg. Length: 1109.7
Frame: 460000, Avg. Reward: -20.800, Avg. RL Loss: 0.010, Avg. Length: 1057.3
Frame: 470000, Avg. Reward: -20.778, Avg. RL Loss: 0.010, Avg. Length: 1064.8
Frame: 480000, Avg. Reward: -20.800, Avg. RL Loss: 0.010, Avg. Length: 1075.1
Frame: 490000, Avg. Reward: -21.000, Avg. RL Loss: 0.010, Avg. Length: 1066.6
Frame: 500000, Avg. Reward: -20.889, Avg. RL Loss: 0.010, Avg. Length: 1094.0
Frame: 510000, Avg. Reward: -20.667, Avg. RL Loss: 0.010, Avg. Length: 1085.9
Frame: 520000, Avg. Reward: -21.000, Avg. RL Loss: 0.009, Avg. Length: 1078.6
Frame: 530000, Avg. Reward: -20.900, Avg. RL Loss: 0.010, Avg. Length: 1108.6
Frame: 540000, Avg. Reward: -20.778, Avg. RL Loss: 0.009, Avg. Length: 1096.3
Frame: 550000, Avg. Reward: -21.000, Avg. RL Loss: 0.010, Avg. Length: 1035.9
Frame: 560000, Avg. Reward: -21.000, Avg. RL Loss: 0.010, Avg. Length: 1057.2
Frame: 570000, Avg. Reward: -20.778, Avg. RL Loss: 0.010, Avg. Length: 1059.7
Frame: 580000, Avg. Reward: -20.900, Avg. RL Loss: 0.010, Avg. Length: 1057.2
Frame: 590000, Avg. Reward: -20.778, Avg. RL Loss: 0.010, Avg. Length: 1067.1
Frame: 600000, Avg. Reward: -20.556, Avg. RL Loss: 0.010, Avg. Length: 1102.8
Frame: 610000, Avg. Reward: -21.000, Avg. RL Loss: 0.010, Avg. Length: 1055.2
Frame: 620000, Avg. Reward: -21.000, Avg. RL Loss: 0.010, Avg. Length: 1071.4
Frame: 630000, Avg. Reward: -20.778, Avg. RL Loss: 0.010, Avg. Length: 1065.8
Frame: 640000, Avg. Reward: -20.667, Avg. RL Loss: 0.010, Avg. Length: 1096.1
Frame: 650000, Avg. Reward: -20.778, Avg. RL Loss: 0.010, Avg. Length: 1117.0
Frame: 660000, Avg. Reward: -20.900, Avg. RL Loss: 0.010, Avg. Length: 1081.6
Frame: 670000, Avg. Reward: -20.667, Avg. RL Loss: 0.010, Avg. Length: 1086.4
Frame: 680000, Avg. Reward: -20.889, Avg. RL Loss: 0.010, Avg. Length: 1061.4
Frame: 690000, Avg. Reward: -20.900, Avg. RL Loss: 0.010, Avg. Length: 1040.7
Frame: 700000, Avg. Reward: -20.889, Avg. RL Loss: 0.010, Avg. Length: 1068.7
Frame: 710000, Avg. Reward: -21.000, Avg. RL Loss: 0.010, Avg. Length: 1066.5
Frame: 720000, Avg. Reward: -20.889, Avg. RL Loss: 0.010, Avg. Length: 1045.1
Frame: 730000, Avg. Reward: -20.444, Avg. RL Loss: 0.010, Avg. Length: 1110.0
Frame: 740000, Avg. Reward: -21.000, Avg. RL Loss: 0.010, Avg. Length: 1047.1
Frame: 750000, Avg. Reward: -20.889, Avg. RL Loss: 0.010, Avg. Length: 1073.1
Frame: 760000, Avg. Reward: -20.667, Avg. RL Loss: 0.010, Avg. Length: 1082.6
Frame: 770000, Avg. Reward: -20.900, Avg. RL Loss: 0.010, Avg. Length: 1059.4
Frame: 780000, Avg. Reward: -20.667, Avg. RL Loss: 0.009, Avg. Length: 1098.9
Frame: 790000, Avg. Reward: -20.778, Avg. RL Loss: 0.009, Avg. Length: 1085.1
Frame: 800000, Avg. Reward: -20.900, Avg. RL Loss: 0.010, Avg. Length: 1052.9
Frame: 810000, Avg. Reward: -20.889, Avg. RL Loss: 0.010, Avg. Length: 1038.9
Frame: 820000, Avg. Reward: -20.889, Avg. RL Loss: 0.010, Avg. Length: 1073.9
Frame: 830000, Avg. Reward: -20.700, Avg. RL Loss: 0.009, Avg. Length: 1075.1
Frame: 840000, Avg. Reward: -20.667, Avg. RL Loss: 0.010, Avg. Length: 1101.3
Frame: 850000, Avg. Reward: -20.889, Avg. RL Loss: 0.010, Avg. Length: 1063.3
Frame: 860000, Avg. Reward: -20.900, Avg. RL Loss: 0.010, Avg. Length: 1059.7
Frame: 870000, Avg. Reward: -20.889, Avg. RL Loss: 0.010, Avg. Length: 1078.4
Frame: 880000, Avg. Reward: -20.667, Avg. RL Loss: 0.010, Avg. Length: 1097.9
Frame: 890000, Avg. Reward: -20.778, Avg. RL Loss: 0.010, Avg. Length: 1091.2
Frame: 900000, Avg. Reward: -20.900, Avg. RL Loss: 0.010, Avg. Length: 1072.7
Frame: 910000, Avg. Reward: -20.667, Avg. RL Loss: 0.010, Avg. Length: 1112.0
Frame: 920000, Avg. Reward: -20.750, Avg. RL Loss: 0.010, Avg. Length: 1119.9
Frame: 930000, Avg. Reward: -20.900, Avg. RL Loss: 0.010, Avg. Length: 1049.9
Frame: 940000, Avg. Reward: -21.000, Avg. RL Loss: 0.010, Avg. Length: 1053.7
Frame: 950000, Avg. Reward: -21.000, Avg. RL Loss: 0.010, Avg. Length: 1064.0
Frame: 960000, Avg. Reward: -20.667, Avg. RL Loss: 0.010, Avg. Length: 1081.1
Frame: 970000, Avg. Reward: -21.000, Avg. RL Loss: 0.010, Avg. Length: 1040.4
Frame: 980000, Avg. Reward: -21.000, Avg. RL Loss: 0.010, Avg. Length: 1064.3
Frame: 990000, Avg. Reward: -20.778, Avg. RL Loss: 0.010, Avg. Length: 1087.1
Frame: 1000000, Avg. Reward: -21.000, Avg. RL Loss: 0.010, Avg. Length: 1060.8
Frame: 1010000, Avg. Reward: -20.889, Avg. RL Loss: 0.010, Avg. Length: 1069.7
Frame: 1020000, Avg. Reward: -20.556, Avg. RL Loss: 0.010, Avg. Length: 1118.6
Frame: 1030000, Avg. Reward: -21.000, Avg. RL Loss: 0.010, Avg. Length: 1061.1
Frame: 1040000, Avg. Reward: -20.800, Avg. RL Loss: 0.010, Avg. Length: 1076.2
Frame: 1050000, Avg. Reward: -20.889, Avg. RL Loss: 0.009, Avg. Length: 1059.1
Frame: 1060000, Avg. Reward: -20.667, Avg. RL Loss: 0.010, Avg. Length: 1108.2
Frame: 1070000, Avg. Reward: -21.000, Avg. RL Loss: 0.010, Avg. Length: 1054.7
Frame: 1080000, Avg. Reward: -20.889, Avg. RL Loss: 0.010, Avg. Length: 1095.3
Frame: 1090000, Avg. Reward: -20.778, Avg. RL Loss: 0.010, Avg. Length: 1099.9
Frame: 1100000, Avg. Reward: -20.889, Avg. RL Loss: 0.010, Avg. Length: 1059.0
Frame: 1110000, Avg. Reward: -20.900, Avg. RL Loss: 0.010, Avg. Length: 1077.2
Frame: 1120000, Avg. Reward: -20.778, Avg. RL Loss: 0.009, Avg. Length: 1099.1
Frame: 1130000, Avg. Reward: -20.889, Avg. RL Loss: 0.009, Avg. Length: 1086.6
Frame: 1140000, Avg. Reward: -20.900, Avg. RL Loss: 0.010, Avg. Length: 1052.5
Frame: 1150000, Avg. Reward: -20.889, Avg. RL Loss: 0.009, Avg. Length: 1032.2
Frame: 1160000, Avg. Reward: -20.778, Avg. RL Loss: 0.010, Avg. Length: 1095.7
Frame: 1170000, Avg. Reward: -20.800, Avg. RL Loss: 0.010, Avg. Length: 1070.9
Frame: 1180000, Avg. Reward: -20.667, Avg. RL Loss: 0.010, Avg. Length: 1100.0
Frame: 1190000, Avg. Reward: -20.889, Avg. RL Loss: 0.010, Avg. Length: 1072.6
Frame: 1200000, Avg. Reward: -20.889, Avg. RL Loss: 0.010, Avg. Length: 1077.2
Frame: 1210000, Avg. Reward: -20.900, Avg. RL Loss: 0.010, Avg. Length: 1067.6
Frame: 1220000, Avg. Reward: -20.556, Avg. RL Loss: 0.010, Avg. Length: 1102.8
Frame: 1230000, Avg. Reward: -20.778, Avg. RL Loss: 0.010, Avg. Length: 1092.1
Frame: 1240000, Avg. Reward: -20.667, Avg. RL Loss: 0.010, Avg. Length: 1094.9
Frame: 1250000, Avg. Reward: -21.000, Avg. RL Loss: 0.010, Avg. Length: 1096.1
Frame: 1260000, Avg. Reward: -20.900, Avg. RL Loss: 0.009, Avg. Length: 1051.2
Frame: 1270000, Avg. Reward: -20.889, Avg. RL Loss: 0.010, Avg. Length: 1076.0
Frame: 1280000, Avg. Reward: -20.556, Avg. RL Loss: 0.010, Avg. Length: 1113.7
Frame: 1290000, Avg. Reward: -20.889, Avg. RL Loss: 0.010, Avg. Length: 1122.4
Frame: 1300000, Avg. Reward: -20.778, Avg. RL Loss: 0.010, Avg. Length: 1089.9
Frame: 1310000, Avg. Reward: -21.000, Avg. RL Loss: 0.010, Avg. Length: 1058.0
Frame: 1320000, Avg. Reward: -20.800, Avg. RL Loss: 0.010, Avg. Length: 1069.6
Frame: 1330000, Avg. Reward: -20.889, Avg. RL Loss: 0.010, Avg. Length: 1088.4
Frame: 1340000, Avg. Reward: -20.778, Avg. RL Loss: 0.010, Avg. Length: 1115.4
Frame: 1350000, Avg. Reward: -20.800, Avg. RL Loss: 0.009, Avg. Length: 1056.1
Frame: 1360000, Avg. Reward: -20.667, Avg. RL Loss: 0.010, Avg. Length: 1073.6
Frame: 1370000, Avg. Reward: -20.667, Avg. RL Loss: 0.010, Avg. Length: 1115.9
Frame: 1380000, Avg. Reward: -20.667, Avg. RL Loss: 0.010, Avg. Length: 1107.6
Frame: 1390000, Avg. Reward: -21.000, Avg. RL Loss: 0.010, Avg. Length: 1054.3
Frame: 1400000, Avg. Reward: -21.000, Avg. RL Loss: 0.010, Avg. Length: 1042.1
Frame: 1410000, Avg. Reward: -20.889, Avg. RL Loss: 0.010, Avg. Length: 1096.8
Frame: 1420000, Avg. Reward: -20.800, Avg. RL Loss: 0.010, Avg. Length: 1056.5
Frame: 1430000, Avg. Reward: -21.000, Avg. RL Loss: 0.010, Avg. Length: 1107.0
Frame: 1440000, Avg. Reward: -20.889, Avg. RL Loss: 0.010, Avg. Length: 1028.1
Frame: 1450000, Avg. Reward: -20.900, Avg. RL Loss: 0.010, Avg. Length: 1075.8
Frame: 1460000, Avg. Reward: -20.889, Avg. RL Loss: 0.010, Avg. Length: 1068.2
Frame: 1470000, Avg. Reward: -20.889, Avg. RL Loss: 0.010, Avg. Length: 1059.3
Frame: 1480000, Avg. Reward: -21.000, Avg. RL Loss: 0.009, Avg. Length: 1041.2
Frame: 1490000, Avg. Reward: -21.000, Avg. RL Loss: 0.010, Avg. Length: 1039.6
Frame: 1500000, Avg. Reward: -21.000, Avg. RL Loss: 0.010, Avg. Length: 1089.7
Frame: 1510000, Avg. Reward: -20.889, Avg. RL Loss: 0.010, Avg. Length: 1080.3
Frame: 1520000, Avg. Reward: -21.000, Avg. RL Loss: 0.010, Avg. Length: 1051.0
Frame: 1530000, Avg. Reward: -20.800, Avg. RL Loss: 0.010, Avg. Length: 1096.0
Frame: 1540000, Avg. Reward: -20.889, Avg. RL Loss: 0.010, Avg. Length: 1084.2
Frame: 1550000, Avg. Reward: -20.889, Avg. RL Loss: 0.010, Avg. Length: 1092.1
Frame: 1560000, Avg. Reward: -21.000, Avg. RL Loss: 0.010, Avg. Length: 1078.0
Frame: 1570000, Avg. Reward: -20.778, Avg. RL Loss: 0.010, Avg. Length: 1088.2
Frame: 1580000, Avg. Reward: -20.800, Avg. RL Loss: 0.010, Avg. Length: 1098.7
Frame: 1590000, Avg. Reward: -20.889, Avg. RL Loss: 0.009, Avg. Length: 1079.1
Frame: 1600000, Avg. Reward: -20.889, Avg. RL Loss: 0.010, Avg. Length: 1071.8
Frame: 1610000, Avg. Reward: -20.556, Avg. RL Loss: 0.009, Avg. Length: 1105.1
Frame: 1620000, Avg. Reward: -20.900, Avg. RL Loss: 0.009, Avg. Length: 1051.8
Frame: 1630000, Avg. Reward: -21.000, Avg. RL Loss: 0.010, Avg. Length: 1051.2
Frame: 1640000, Avg. Reward: -21.000, Avg. RL Loss: 0.010, Avg. Length: 1099.7
Frame: 1650000, Avg. Reward: -21.000, Avg. RL Loss: 0.010, Avg. Length: 1034.2
Frame: 1660000, Avg. Reward: -20.667, Avg. RL Loss: 0.010, Avg. Length: 1084.0
Frame: 1670000, Avg. Reward: -20.900, Avg. RL Loss: 0.010, Avg. Length: 1054.0
Frame: 1680000, Avg. Reward: -20.778, Avg. RL Loss: 0.009, Avg. Length: 1096.3
Frame: 1690000, Avg. Reward: -21.000, Avg. RL Loss: 0.010, Avg. Length: 1045.0
Frame: 1700000, Avg. Reward: -21.000, Avg. RL Loss: 0.010, Avg. Length: 1046.1
Frame: 1710000, Avg. Reward: -21.000, Avg. RL Loss: 0.010, Avg. Length: 1056.0
Frame: 1720000, Avg. Reward: -20.900, Avg. RL Loss: 0.010, Avg. Length: 1055.4
Frame: 1730000, Avg. Reward: -21.000, Avg. RL Loss: 0.010, Avg. Length: 1059.6
Frame: 1740000, Avg. Reward: -20.800, Avg. RL Loss: 0.009, Avg. Length: 1084.3
Frame: 1750000, Avg. Reward: -20.778, Avg. RL Loss: 0.010, Avg. Length: 1086.3
Frame: 1760000, Avg. Reward: -20.556, Avg. RL Loss: 0.010, Avg. Length: 1088.2
Frame: 1770000, Avg. Reward: -20.778, Avg. RL Loss: 0.010, Avg. Length: 1068.0
Frame: 1780000, Avg. Reward: -20.444, Avg. RL Loss: 0.010, Avg. Length: 1120.2
Frame: 1790000, Avg. Reward: -20.667, Avg. RL Loss: 0.010, Avg. Length: 1101.3
Frame: 1800000, Avg. Reward: -20.800, Avg. RL Loss: 0.010, Avg. Length: 1053.1
Frame: 1810000, Avg. Reward: -20.444, Avg. RL Loss: 0.010, Avg. Length: 1100.4
Frame: 1820000, Avg. Reward: -20.889, Avg. RL Loss: 0.010, Avg. Length: 1075.2
Frame: 1830000, Avg. Reward: -20.889, Avg. RL Loss: 0.010, Avg. Length: 1092.8
Frame: 1840000, Avg. Reward: -20.556, Avg. RL Loss: 0.010, Avg. Length: 1103.2
Frame: 1850000, Avg. Reward: -20.700, Avg. RL Loss: 0.010, Avg. Length: 1089.2
Frame: 1860000, Avg. Reward: -20.778, Avg. RL Loss: 0.010, Avg. Length: 1122.7
Frame: 1870000, Avg. Reward: -21.000, Avg. RL Loss: 0.010, Avg. Length: 1053.9
Frame: 1880000, Avg. Reward: -20.667, Avg. RL Loss: 0.010, Avg. Length: 1092.1
Frame: 1890000, Avg. Reward: -21.000, Avg. RL Loss: 0.010, Avg. Length: 1056.4
Frame: 1900000, Avg. Reward: -20.667, Avg. RL Loss: 0.010, Avg. Length: 1074.3
Frame: 1910000, Avg. Reward: -20.889, Avg. RL Loss: 0.010, Avg. Length: 1076.9
Frame: 1920000, Avg. Reward: -20.900, Avg. RL Loss: 0.010, Avg. Length: 1066.4
Frame: 1930000, Avg. Reward: -21.000, Avg. RL Loss: 0.010, Avg. Length: 1060.3
Frame: 1940000, Avg. Reward: -20.889, Avg. RL Loss: 0.010, Avg. Length: 1090.0
Frame: 1950000, Avg. Reward: -21.000, Avg. RL Loss: 0.010, Avg. Length: 1060.6
Frame: 1960000, Avg. Reward: -20.600, Avg. RL Loss: 0.010, Avg. Length: 1113.5
Frame: 1970000, Avg. Reward: -20.889, Avg. RL Loss: 0.010, Avg. Length: 1075.4
Frame: 1980000, Avg. Reward: -21.000, Avg. RL Loss: 0.010, Avg. Length: 1062.0
Frame: 1990000, Avg. Reward: -21.000, Avg. RL Loss: 0.010, Avg. Length: 1066.5
Frame: 2000000, Avg. Reward: -20.667, Avg. RL Loss: 0.010, Avg. Length: 1102.4
Frame: 2010000, Avg. Reward: -21.000, Avg. RL Loss: 0.009, Avg. Length: 1064.0
Frame: 2020000, Avg. Reward: -20.889, Avg. RL Loss: 0.010, Avg. Length: 1092.1
Frame: 2030000, Avg. Reward: -20.700, Avg. RL Loss: 0.010, Avg. Length: 1081.4
Frame: 2040000, Avg. Reward: -20.889, Avg. RL Loss: 0.009, Avg. Length: 1059.9
Frame: 2050000, Avg. Reward: -20.900, Avg. RL Loss: 0.010, Avg. Length: 1043.0
Frame: 2060000, Avg. Reward: -20.556, Avg. RL Loss: 0.010, Avg. Length: 1103.6
Frame: 2070000, Avg. Reward: -20.778, Avg. RL Loss: 0.010, Avg. Length: 1073.0
Frame: 2080000, Avg. Reward: -20.778, Avg. RL Loss: 0.010, Avg. Length: 1083.1
Frame: 2090000, Avg. Reward: -20.667, Avg. RL Loss: 0.010, Avg. Length: 1089.2
Frame: 2100000, Avg. Reward: -20.900, Avg. RL Loss: 0.010, Avg. Length: 1056.9
Frame: 2110000, Avg. Reward: -21.000, Avg. RL Loss: 0.010, Avg. Length: 1059.2
Frame: 2120000, Avg. Reward: -20.900, Avg. RL Loss: 0.010, Avg. Length: 1082.0
Frame: 2130000, Avg. Reward: -21.000, Avg. RL Loss: 0.010, Avg. Length: 1040.3
Frame: 2140000, Avg. Reward: -21.000, Avg. RL Loss: 0.010, Avg. Length: 1039.9
Frame: 2150000, Avg. Reward: -20.778, Avg. RL Loss: 0.010, Avg. Length: 1083.6
Frame: 2160000, Avg. Reward: -20.778, Avg. RL Loss: 0.010, Avg. Length: 1068.6
Frame: 2170000, Avg. Reward: -20.900, Avg. RL Loss: 0.010, Avg. Length: 1048.3
Frame: 2180000, Avg. Reward: -20.667, Avg. RL Loss: 0.010, Avg. Length: 1083.2
Frame: 2190000, Avg. Reward: -20.900, Avg. RL Loss: 0.010, Avg. Length: 1050.3
Frame: 2200000, Avg. Reward: -20.889, Avg. RL Loss: 0.010, Avg. Length: 1084.7
Frame: 2210000, Avg. Reward: -20.778, Avg. RL Loss: 0.010, Avg. Length: 1063.1
Frame: 2220000, Avg. Reward: -20.900, Avg. RL Loss: 0.010, Avg. Length: 1050.6
Frame: 2230000, Avg. Reward: -20.889, Avg. RL Loss: 0.010, Avg. Length: 1070.2
Frame: 2240000, Avg. Reward: -20.889, Avg. RL Loss: 0.010, Avg. Length: 1069.2
Frame: 2250000, Avg. Reward: -20.800, Avg. RL Loss: 0.010, Avg. Length: 1072.0
Frame: 2260000, Avg. Reward: -20.889, Avg. RL Loss: 0.010, Avg. Length: 1094.2
Frame: 2270000, Avg. Reward: -21.000, Avg. RL Loss: 0.010, Avg. Length: 1068.2
Frame: 2280000, Avg. Reward: -20.778, Avg. RL Loss: 0.010, Avg. Length: 1087.1
Frame: 2290000, Avg. Reward: -20.700, Avg. RL Loss: 0.010, Avg. Length: 1070.6
Frame: 2300000, Avg. Reward: -20.556, Avg. RL Loss: 0.010, Avg. Length: 1095.1
Frame: 2310000, Avg. Reward: -20.778, Avg. RL Loss: 0.010, Avg. Length: 1075.7
Frame: 2320000, Avg. Reward: -21.000, Avg. RL Loss: 0.010, Avg. Length: 1062.9
Frame: 2330000, Avg. Reward: -20.889, Avg. RL Loss: 0.010, Avg. Length: 1081.0
Frame: 2340000, Avg. Reward: -20.889, Avg. RL Loss: 0.010, Avg. Length: 1069.7
Frame: 2350000, Avg. Reward: -21.000, Avg. RL Loss: 0.010, Avg. Length: 1041.7
Frame: 2360000, Avg. Reward: -20.778, Avg. RL Loss: 0.009, Avg. Length: 1086.2
Frame: 2370000, Avg. Reward: -20.800, Avg. RL Loss: 0.009, Avg. Length: 1064.9
Frame: 2380000, Avg. Reward: -20.889, Avg. RL Loss: 0.010, Avg. Length: 1038.8
Frame: 2390000, Avg. Reward: -21.000, Avg. RL Loss: 0.010, Avg. Length: 1056.8
Frame: 2400000, Avg. Reward: -20.889, Avg. RL Loss: 0.009, Avg. Length: 1079.1
Frame: 2410000, Avg. Reward: -21.000, Avg. RL Loss: 0.009, Avg. Length: 1032.4
Frame: 2420000, Avg. Reward: -20.900, Avg. RL Loss: 0.010, Avg. Length: 1033.1
Frame: 2430000, Avg. Reward: -20.778, Avg. RL Loss: 0.010, Avg. Length: 1089.7
Frame: 2440000, Avg. Reward: -20.800, Avg. RL Loss: 0.010, Avg. Length: 1090.1
Frame: 2450000, Avg. Reward: -20.889, Avg. RL Loss: 0.009, Avg. Length: 1069.1
Frame: 2460000, Avg. Reward: -20.889, Avg. RL Loss: 0.009, Avg. Length: 1060.1
Frame: 2470000, Avg. Reward: -20.800, Avg. RL Loss: 0.010, Avg. Length: 1061.7
Frame: 2480000, Avg. Reward: -20.889, Avg. RL Loss: 0.010, Avg. Length: 1050.0
Frame: 2490000, Avg. Reward: -20.900, Avg. RL Loss: 0.010, Avg. Length: 1071.4
Frame: 2500000, Avg. Reward: -20.889, Avg. RL Loss: 0.010, Avg. Length: 1101.1
Frame: 2510000, Avg. Reward: -20.889, Avg. RL Loss: 0.010, Avg. Length: 1071.1
Frame: 2520000, Avg. Reward: -20.889, Avg. RL Loss: 0.009, Avg. Length: 1084.9
Frame: 2530000, Avg. Reward: -20.900, Avg. RL Loss: 0.009, Avg. Length: 1068.8
Frame: 2540000, Avg. Reward: -20.778, Avg. RL Loss: 0.010, Avg. Length: 1085.9
Frame: 2550000, Avg. Reward: -20.667, Avg. RL Loss: 0.010, Avg. Length: 1099.3
Frame: 2560000, Avg. Reward: -20.667, Avg. RL Loss: 0.010, Avg. Length: 1076.7
Frame: 2570000, Avg. Reward: -20.800, Avg. RL Loss: 0.010, Avg. Length: 1068.7
Frame: 2580000, Avg. Reward: -20.889, Avg. RL Loss: 0.010, Avg. Length: 1080.7
Frame: 2590000, Avg. Reward: -21.000, Avg. RL Loss: 0.010, Avg. Length: 1055.1
Frame: 2600000, Avg. Reward: -20.700, Avg. RL Loss: 0.010, Avg. Length: 1081.2
Frame: 2610000, Avg. Reward: -21.000, Avg. RL Loss: 0.010, Avg. Length: 1064.2
Frame: 2620000, Avg. Reward: -20.778, Avg. RL Loss: 0.010, Avg. Length: 1066.3
Frame: 2630000, Avg. Reward: -20.889, Avg. RL Loss: 0.010, Avg. Length: 1072.4
Frame: 2640000, Avg. Reward: -20.700, Avg. RL Loss: 0.010, Avg. Length: 1086.9
Frame: 2650000, Avg. Reward: -20.667, Avg. RL Loss: 0.010, Avg. Length: 1085.2
Frame: 2660000, Avg. Reward: -20.800, Avg. RL Loss: 0.010, Avg. Length: 1054.2
Frame: 2670000, Avg. Reward: -20.444, Avg. RL Loss: 0.010, Avg. Length: 1096.9
Frame: 2680000, Avg. Reward: -20.778, Avg. RL Loss: 0.010, Avg. Length: 1078.8
Frame: 2690000, Avg. Reward: -20.889, Avg. RL Loss: 0.010, Avg. Length: 1080.7
Frame: 2700000, Avg. Reward: -20.900, Avg. RL Loss: 0.010, Avg. Length: 1058.4
Frame: 2710000, Avg. Reward: -21.000, Avg. RL Loss: 0.010, Avg. Length: 1063.4
Frame: 2720000, Avg. Reward: -21.000, Avg. RL Loss: 0.010, Avg. Length: 1069.4
Frame: 2730000, Avg. Reward: -21.000, Avg. RL Loss: 0.010, Avg. Length: 1040.9
Frame: 2740000, Avg. Reward: -20.889, Avg. RL Loss: 0.009, Avg. Length: 1076.0
Frame: 2750000, Avg. Reward: -20.889, Avg. RL Loss: 0.010, Avg. Length: 1096.9
Frame: 2760000, Avg. Reward: -20.800, Avg. RL Loss: 0.010, Avg. Length: 1082.3
Frame: 2770000, Avg. Reward: -20.889, Avg. RL Loss: 0.010, Avg. Length: 1058.2
Frame: 2780000, Avg. Reward: -20.667, Avg. RL Loss: 0.010, Avg. Length: 1091.1
Frame: 2790000, Avg. Reward: -20.900, Avg. RL Loss: 0.010, Avg. Length: 1048.3
Frame: 2800000, Avg. Reward: -20.889, Avg. RL Loss: 0.009, Avg. Length: 1061.1
Frame: 2810000, Avg. Reward: -20.700, Avg. RL Loss: 0.010, Avg. Length: 1061.8
Frame: 2820000, Avg. Reward: -20.889, Avg. RL Loss: 0.010, Avg. Length: 1108.7
Frame: 2830000, Avg. Reward: -20.889, Avg. RL Loss: 0.010, Avg. Length: 1090.0
Frame: 2840000, Avg. Reward: -20.889, Avg. RL Loss: 0.010, Avg. Length: 1055.0
Frame: 2850000, Avg. Reward: -20.900, Avg. RL Loss: 0.010, Avg. Length: 1081.4
Frame: 2860000, Avg. Reward: -20.778, Avg. RL Loss: 0.010, Avg. Length: 1069.4
Frame: 2870000, Avg. Reward: -20.889, Avg. RL Loss: 0.010, Avg. Length: 1065.2
Frame: 2880000, Avg. Reward: -20.667, Avg. RL Loss: 0.010, Avg. Length: 1104.9
Frame: 2890000, Avg. Reward: -20.900, Avg. RL Loss: 0.010, Avg. Length: 1061.7
Frame: 2900000, Avg. Reward: -20.889, Avg. RL Loss: 0.010, Avg. Length: 1052.3
Frame: 2910000, Avg. Reward: -20.900, Avg. RL Loss: 0.009, Avg. Length: 1054.8
Frame: 2920000, Avg. Reward: -20.778, Avg. RL Loss: 0.009, Avg. Length: 1109.7
Frame: 2930000, Avg. Reward: -20.778, Avg. RL Loss: 0.009, Avg. Length: 1079.8
Frame: 2940000, Avg. Reward: -21.000, Avg. RL Loss: 0.010, Avg. Length: 1055.2
Frame: 2950000, Avg. Reward: -21.000, Avg. RL Loss: 0.010, Avg. Length: 1084.3
Frame: 2960000, Avg. Reward: -20.889, Avg. RL Loss: 0.010, Avg. Length: 1095.7
Frame: 2970000, Avg. Reward: -20.889, Avg. RL Loss: 0.010, Avg. Length: 1065.2
Frame: 2980000, Avg. Reward: -20.667, Avg. RL Loss: 0.010, Avg. Length: 1110.4
Frame: 2990000, Avg. Reward: -20.778, Avg. RL Loss: 0.010, Avg. Length: 1085.6
Frame: 3000000, Avg. Reward: -20.900, Avg. RL Loss: 0.009, Avg. Length: 1055.1
Frame: 3010000, Avg. Reward: -21.000, Avg. RL Loss: 0.009, Avg. Length: 1044.7
Frame: 3020000, Avg. Reward: -20.889, Avg. RL Loss: 0.010, Avg. Length: 1073.4
Frame: 3030000, Avg. Reward: -20.778, Avg. RL Loss: 0.010, Avg. Length: 1118.1
Frame: 3040000, Avg. Reward: -21.000, Avg. RL Loss: 0.010, Avg. Length: 1030.7
Frame: 3050000, Avg. Reward: -20.700, Avg. RL Loss: 0.010, Avg. Length: 1094.6
Frame: 3060000, Avg. Reward: -20.889, Avg. RL Loss: 0.010, Avg. Length: 1046.6
Frame: 3070000, Avg. Reward: -21.000, Avg. RL Loss: 0.010, Avg. Length: 1031.2
Frame: 3080000, Avg. Reward: -20.778, Avg. RL Loss: 0.010, Avg. Length: 1081.1
Frame: 3090000, Avg. Reward: -21.000, Avg. RL Loss: 0.010, Avg. Length: 1069.7
Frame: 3100000, Avg. Reward: -20.900, Avg. RL Loss: 0.010, Avg. Length: 1052.8
Frame: 3110000, Avg. Reward: -21.000, Avg. RL Loss: 0.010, Avg. Length: 1041.6
Frame: 3120000, Avg. Reward: -20.800, Avg. RL Loss: 0.010, Avg. Length: 1080.4
Frame: 3130000, Avg. Reward: -21.000, Avg. RL Loss: 0.010, Avg. Length: 1050.9
Frame: 3140000, Avg. Reward: -20.800, Avg. RL Loss: 0.010, Avg. Length: 1060.3
Frame: 3150000, Avg. Reward: -20.778, Avg. RL Loss: 0.010, Avg. Length: 1040.7
Frame: 3160000, Avg. Reward: -21.000, Avg. RL Loss: 0.010, Avg. Length: 1100.1
Frame: 3170000, Avg. Reward: -20.778, Avg. RL Loss: 0.010, Avg. Length: 1100.8
Frame: 3180000, Avg. Reward: -20.600, Avg. RL Loss: 0.010, Avg. Length: 1068.1
Frame: 3190000, Avg. Reward: -21.000, Avg. RL Loss: 0.010, Avg. Length: 1055.6
Frame: 3200000, Avg. Reward: -20.900, Avg. RL Loss: 0.010, Avg. Length: 1059.7
Frame: 3210000, Avg. Reward: -21.000, Avg. RL Loss: 0.010, Avg. Length: 1055.2
Frame: 3220000, Avg. Reward: -20.778, Avg. RL Loss: 0.010, Avg. Length: 1071.7
Frame: 3230000, Avg. Reward: -20.900, Avg. RL Loss: 0.010, Avg. Length: 1042.0
Frame: 3240000, Avg. Reward: -20.556, Avg. RL Loss: 0.010, Avg. Length: 1108.9
Frame: 3250000, Avg. Reward: -20.900, Avg. RL Loss: 0.010, Avg. Length: 1065.7
Frame: 3260000, Avg. Reward: -20.889, Avg. RL Loss: 0.010, Avg. Length: 1041.2
Frame: 3270000, Avg. Reward: -20.900, Avg. RL Loss: 0.010, Avg. Length: 1057.4
Frame: 3280000, Avg. Reward: -21.000, Avg. RL Loss: 0.010, Avg. Length: 1050.2
Frame: 3290000, Avg. Reward: -20.889, Avg. RL Loss: 0.010, Avg. Length: 1086.8
Frame: 3300000, Avg. Reward: -20.667, Avg. RL Loss: 0.010, Avg. Length: 1102.2
Frame: 3310000, Avg. Reward: -21.000, Avg. RL Loss: 0.010, Avg. Length: 1049.5
Frame: 3320000, Avg. Reward: -20.889, Avg. RL Loss: 0.010, Avg. Length: 1054.7
Frame: 3330000, Avg. Reward: -20.700, Avg. RL Loss: 0.010, Avg. Length: 1056.0
Frame: 3340000, Avg. Reward: -20.667, Avg. RL Loss: 0.010, Avg. Length: 1090.0
Frame: 3350000, Avg. Reward: -21.000, Avg. RL Loss: 0.009, Avg. Length: 1073.1
Frame: 3360000, Avg. Reward: -21.000, Avg. RL Loss: 0.010, Avg. Length: 1060.5
Frame: 3370000, Avg. Reward: -20.889, Avg. RL Loss: 0.009, Avg. Length: 1072.9
Frame: 3380000, Avg. Reward: -20.778, Avg. RL Loss: 0.010, Avg. Length: 1086.6
Frame: 3390000, Avg. Reward: -21.000, Avg. RL Loss: 0.010, Avg. Length: 1073.3
Frame: 3400000, Avg. Reward: -20.889, Avg. RL Loss: 0.010, Avg. Length: 1080.3
Frame: 3410000, Avg. Reward: -20.889, Avg. RL Loss: 0.010, Avg. Length: 1054.2
Frame: 3420000, Avg. Reward: -20.900, Avg. RL Loss: 0.010, Avg. Length: 1058.6
Frame: 3430000, Avg. Reward: -20.889, Avg. RL Loss: 0.010, Avg. Length: 1104.7
Frame: 3440000, Avg. Reward: -20.889, Avg. RL Loss: 0.010, Avg. Length: 1066.8
Frame: 3450000, Avg. Reward: -20.900, Avg. RL Loss: 0.010, Avg. Length: 1058.3
Frame: 3460000, Avg. Reward: -20.778, Avg. RL Loss: 0.010, Avg. Length: 1065.8
Frame: 3470000, Avg. Reward: -21.000, Avg. RL Loss: 0.010, Avg. Length: 1082.8
Frame: 3480000, Avg. Reward: -20.556, Avg. RL Loss: 0.010, Avg. Length: 1129.8
Frame: 3490000, Avg. Reward: -20.900, Avg. RL Loss: 0.010, Avg. Length: 1054.9
Frame: 3500000, Avg. Reward: -20.778, Avg. RL Loss: 0.010, Avg. Length: 1055.7
Frame: 3510000, Avg. Reward: -20.778, Avg. RL Loss: 0.009, Avg. Length: 1087.9
Frame: 3520000, Avg. Reward: -20.900, Avg. RL Loss: 0.010, Avg. Length: 1045.1
Frame: 3530000, Avg. Reward: -20.889, Avg. RL Loss: 0.009, Avg. Length: 1088.2
Frame: 3540000, Avg. Reward: -21.000, Avg. RL Loss: 0.010, Avg. Length: 1054.6
Frame: 3550000, Avg. Reward: -20.778, Avg. RL Loss: 0.010, Avg. Length: 1061.6
Frame: 3560000, Avg. Reward: -20.889, Avg. RL Loss: 0.010, Avg. Length: 1069.6
Frame: 3570000, Avg. Reward: -20.700, Avg. RL Loss: 0.010, Avg. Length: 1078.1
Frame: 3580000, Avg. Reward: -20.444, Avg. RL Loss: 0.009, Avg. Length: 1111.2
Frame: 3590000, Avg. Reward: -21.000, Avg. RL Loss: 0.010, Avg. Length: 1104.0
Frame: 3600000, Avg. Reward: -20.667, Avg. RL Loss: 0.009, Avg. Length: 1117.7
Frame: 3610000, Avg. Reward: -20.778, Avg. RL Loss: 0.010, Avg. Length: 1045.6
Frame: 3620000, Avg. Reward: -20.556, Avg. RL Loss: 0.010, Avg. Length: 1137.2
Frame: 3630000, Avg. Reward: -20.889, Avg. RL Loss: 0.010, Avg. Length: 1057.9
Frame: 3640000, Avg. Reward: -20.800, Avg. RL Loss: 0.010, Avg. Length: 1092.3
Frame: 3650000, Avg. Reward: -20.889, Avg. RL Loss: 0.010, Avg. Length: 1074.1
Frame: 3660000, Avg. Reward: -21.000, Avg. RL Loss: 0.010, Avg. Length: 1045.9
Frame: 3670000, Avg. Reward: -21.000, Avg. RL Loss: 0.010, Avg. Length: 1098.2
Frame: 3680000, Avg. Reward: -20.900, Avg. RL Loss: 0.010, Avg. Length: 1095.1
Frame: 3690000, Avg. Reward: -20.444, Avg. RL Loss: 0.010, Avg. Length: 1113.7
Frame: 3700000, Avg. Reward: -20.889, Avg. RL Loss: 0.010, Avg. Length: 1073.6
Frame: 3710000, Avg. Reward: -20.889, Avg. RL Loss: 0.010, Avg. Length: 1073.6
Frame: 3720000, Avg. Reward: -20.900, Avg. RL Loss: 0.010, Avg. Length: 1047.6
Frame: 3730000, Avg. Reward: -21.000, Avg. RL Loss: 0.010, Avg. Length: 1023.2
Frame: 3740000, Avg. Reward: -20.778, Avg. RL Loss: 0.010, Avg. Length: 1075.4
Frame: 3750000, Avg. Reward: -20.889, Avg. RL Loss: 0.010, Avg. Length: 1046.7
Frame: 3760000, Avg. Reward: -21.000, Avg. RL Loss: 0.010, Avg. Length: 1089.5
Frame: 3770000, Avg. Reward: -20.778, Avg. RL Loss: 0.009, Avg. Length: 1098.9
Frame: 3780000, Avg. Reward: -20.889, Avg. RL Loss: 0.010, Avg. Length: 1081.2
Frame: 3790000, Avg. Reward: -20.556, Avg. RL Loss: 0.010, Avg. Length: 1096.0
Frame: 3800000, Avg. Reward: -20.667, Avg. RL Loss: 0.010, Avg. Length: 1076.6
Frame: 3810000, Avg. Reward: -20.889, Avg. RL Loss: 0.010, Avg. Length: 1104.1
Frame: 3820000, Avg. Reward: -20.600, Avg. RL Loss: 0.010, Avg. Length: 1091.4
Frame: 3830000, Avg. Reward: -21.000, Avg. RL Loss: 0.010, Avg. Length: 1046.4
Frame: 3840000, Avg. Reward: -20.667, Avg. RL Loss: 0.010, Avg. Length: 1119.2
Frame: 3850000, Avg. Reward: -20.778, Avg. RL Loss: 0.010, Avg. Length: 1080.7
Frame: 3860000, Avg. Reward: -20.900, Avg. RL Loss: 0.010, Avg. Length: 1085.8
Frame: 3870000, Avg. Reward: -20.667, Avg. RL Loss: 0.010, Avg. Length: 1081.9
Frame: 3880000, Avg. Reward: -20.778, Avg. RL Loss: 0.010, Avg. Length: 1089.2
Frame: 3890000, Avg. Reward: -21.000, Avg. RL Loss: 0.010, Avg. Length: 1053.0
Frame: 3900000, Avg. Reward: -20.667, Avg. RL Loss: 0.010, Avg. Length: 1105.8
Frame: 3910000, Avg. Reward: -20.900, Avg. RL Loss: 0.010, Avg. Length: 1083.8
Frame: 3920000, Avg. Reward: -20.778, Avg. RL Loss: 0.010, Avg. Length: 1060.4
Frame: 3930000, Avg. Reward: -20.889, Avg. RL Loss: 0.010, Avg. Length: 1086.1
Frame: 3940000, Avg. Reward: -20.900, Avg. RL Loss: 0.009, Avg. Length: 1047.6
Frame: 3950000, Avg. Reward: -20.556, Avg. RL Loss: 0.010, Avg. Length: 1096.3
Frame: 3960000, Avg. Reward: -20.778, Avg. RL Loss: 0.010, Avg. Length: 1113.1
Frame: 3970000, Avg. Reward: -21.000, Avg. RL Loss: 0.010, Avg. Length: 1051.1
Frame: 3980000, Avg. Reward: -20.778, Avg. RL Loss: 0.010, Avg. Length: 1072.2
Frame: 3990000, Avg. Reward: -20.778, Avg. RL Loss: 0.010, Avg. Length: 1074.3
Frame: 4000000, Avg. Reward: -21.000, Avg. RL Loss: 0.010, Avg. Length: 1064.5
Frame: 4010000, Avg. Reward: -21.000, Avg. RL Loss: 0.010, Avg. Length: 1076.9
Frame: 4020000, Avg. Reward: -20.889, Avg. RL Loss: 0.010, Avg. Length: 1068.3
Frame: 4030000, Avg. Reward: -20.778, Avg. RL Loss: 0.010, Avg. Length: 1071.1
Frame: 4040000, Avg. Reward: -20.556, Avg. RL Loss: 0.010, Avg. Length: 1117.2
Frame: 4050000, Avg. Reward: -20.700, Avg. RL Loss: 0.009, Avg. Length: 1104.3
Frame: 4060000, Avg. Reward: -20.778, Avg. RL Loss: 0.010, Avg. Length: 1082.4
Frame: 4070000, Avg. Reward: -20.889, Avg. RL Loss: 0.010, Avg. Length: 1073.6
Frame: 4080000, Avg. Reward: -20.778, Avg. RL Loss: 0.010, Avg. Length: 1074.1
Frame: 4090000, Avg. Reward: -21.000, Avg. RL Loss: 0.010, Avg. Length: 1068.3
Frame: 4100000, Avg. Reward: -20.889, Avg. RL Loss: 0.009, Avg. Length: 1075.1
Frame: 4110000, Avg. Reward: -20.667, Avg. RL Loss: 0.010, Avg. Length: 1124.7
Frame: 4120000, Avg. Reward: -20.444, Avg. RL Loss: 0.010, Avg. Length: 1104.4
Frame: 4130000, Avg. Reward: -21.000, Avg. RL Loss: 0.010, Avg. Length: 1043.8
Frame: 4140000, Avg. Reward: -20.778, Avg. RL Loss: 0.009, Avg. Length: 1085.1
Frame: 4150000, Avg. Reward: -20.556, Avg. RL Loss: 0.009, Avg. Length: 1087.6
Frame: 4160000, Avg. Reward: -20.900, Avg. RL Loss: 0.010, Avg. Length: 1049.8
Frame: 4170000, Avg. Reward: -20.778, Avg. RL Loss: 0.010, Avg. Length: 1091.8
Frame: 4180000, Avg. Reward: -20.889, Avg. RL Loss: 0.010, Avg. Length: 1067.6
Frame: 4190000, Avg. Reward: -21.000, Avg. RL Loss: 0.010, Avg. Length: 1035.8
Frame: 4200000, Avg. Reward: -21.000, Avg. RL Loss: 0.010, Avg. Length: 1064.8
Frame: 4210000, Avg. Reward: -20.800, Avg. RL Loss: 0.010, Avg. Length: 1046.3
Frame: 4220000, Avg. Reward: -20.778, Avg. RL Loss: 0.009, Avg. Length: 1063.6
Frame: 4230000, Avg. Reward: -20.778, Avg. RL Loss: 0.010, Avg. Length: 1125.1
Frame: 4240000, Avg. Reward: -20.778, Avg. RL Loss: 0.010, Avg. Length: 1085.7
Frame: 4250000, Avg. Reward: -20.778, Avg. RL Loss: 0.010, Avg. Length: 1072.0
Frame: 4260000, Avg. Reward: -20.800, Avg. RL Loss: 0.010, Avg. Length: 1078.6
Frame: 4270000, Avg. Reward: -20.889, Avg. RL Loss: 0.009, Avg. Length: 1081.0
Frame: 4280000, Avg. Reward: -20.778, Avg. RL Loss: 0.010, Avg. Length: 1068.9
Frame: 4290000, Avg. Reward: -20.900, Avg. RL Loss: 0.009, Avg. Length: 1072.5
Frame: 4300000, Avg. Reward: -20.778, Avg. RL Loss: 0.010, Avg. Length: 1077.1
Frame: 4310000, Avg. Reward: -20.900, Avg. RL Loss: 0.010, Avg. Length: 1046.2
Frame: 4320000, Avg. Reward: -20.889, Avg. RL Loss: 0.010, Avg. Length: 1087.4
Frame: 4330000, Avg. Reward: -20.889, Avg. RL Loss: 0.010, Avg. Length: 1053.2
Frame: 4340000, Avg. Reward: -20.600, Avg. RL Loss: 0.010, Avg. Length: 1073.8
Frame: 4350000, Avg. Reward: -20.889, Avg. RL Loss: 0.010, Avg. Length: 1065.3
Frame: 4360000, Avg. Reward: -20.900, Avg. RL Loss: 0.010, Avg. Length: 1042.6
Frame: 4370000, Avg. Reward: -20.889, Avg. RL Loss: 0.010, Avg. Length: 1081.3
Frame: 4380000, Avg. Reward: -20.778, Avg. RL Loss: 0.010, Avg. Length: 1047.6
Frame: 4390000, Avg. Reward: -21.000, Avg. RL Loss: 0.010, Avg. Length: 1035.2
Frame: 4400000, Avg. Reward: -20.667, Avg. RL Loss: 0.010, Avg. Length: 1089.3
Frame: 4410000, Avg. Reward: -20.778, Avg. RL Loss: 0.010, Avg. Length: 1108.0
Frame: 4420000, Avg. Reward: -20.667, Avg. RL Loss: 0.010, Avg. Length: 1098.6
Frame: 4430000, Avg. Reward: -21.000, Avg. RL Loss: 0.010, Avg. Length: 1055.5
Frame: 4440000, Avg. Reward: -20.889, Avg. RL Loss: 0.010, Avg. Length: 1031.8
Frame: 4450000, Avg. Reward: -21.000, Avg. RL Loss: 0.010, Avg. Length: 1062.5
Frame: 4460000, Avg. Reward: -21.000, Avg. RL Loss: 0.010, Avg. Length: 1069.1
Frame: 4470000, Avg. Reward: -20.900, Avg. RL Loss: 0.010, Avg. Length: 1073.9
Frame: 4480000, Avg. Reward: -20.778, Avg. RL Loss: 0.010, Avg. Length: 1076.1
Frame: 4490000, Avg. Reward: -20.889, Avg. RL Loss: 0.010, Avg. Length: 1104.6
Frame: 4500000, Avg. Reward: -20.889, Avg. RL Loss: 0.010, Avg. Length: 1048.3
Frame: 4510000, Avg. Reward: -20.444, Avg. RL Loss: 0.010, Avg. Length: 1113.7
Frame: 4520000, Avg. Reward: -20.800, Avg. RL Loss: 0.010, Avg. Length: 1091.5
Frame: 4530000, Avg. Reward: -20.556, Avg. RL Loss: 0.009, Avg. Length: 1102.1
Frame: 4540000, Avg. Reward: -20.778, Avg. RL Loss: 0.010, Avg. Length: 1063.0
Frame: 4550000, Avg. Reward: -20.556, Avg. RL Loss: 0.010, Avg. Length: 1092.6
Frame: 4560000, Avg. Reward: -20.667, Avg. RL Loss: 0.010, Avg. Length: 1101.7
Frame: 4570000, Avg. Reward: -20.778, Avg. RL Loss: 0.010, Avg. Length: 1054.4
Frame: 4580000, Avg. Reward: -20.600, Avg. RL Loss: 0.010, Avg. Length: 1107.6
Frame: 4590000, Avg. Reward: -20.625, Avg. RL Loss: 0.010, Avg. Length: 1132.2
Frame: 4600000, Avg. Reward: -20.900, Avg. RL Loss: 0.010, Avg. Length: 1057.2
Frame: 4610000, Avg. Reward: -21.000, Avg. RL Loss: 0.010, Avg. Length: 1038.9
Frame: 4620000, Avg. Reward: -20.889, Avg. RL Loss: 0.010, Avg. Length: 1077.3
Frame: 4630000, Avg. Reward: -20.889, Avg. RL Loss: 0.010, Avg. Length: 1050.8
Frame: 4640000, Avg. Reward: -20.900, Avg. RL Loss: 0.010, Avg. Length: 1069.8
Frame: 4650000, Avg. Reward: -21.000, Avg. RL Loss: 0.010, Avg. Length: 1044.8
Frame: 4660000, Avg. Reward: -20.700, Avg. RL Loss: 0.010, Avg. Length: 1082.1
Frame: 4670000, Avg. Reward: -20.889, Avg. RL Loss: 0.010, Avg. Length: 1081.3
Frame: 4680000, Avg. Reward: -20.667, Avg. RL Loss: 0.010, Avg. Length: 1109.3
Frame: 4690000, Avg. Reward: -20.778, Avg. RL Loss: 0.010, Avg. Length: 1089.2
Frame: 4700000, Avg. Reward: -20.889, Avg. RL Loss: 0.010, Avg. Length: 1069.8
Frame: 4710000, Avg. Reward: -20.900, Avg. RL Loss: 0.010, Avg. Length: 1081.8
Frame: 4720000, Avg. Reward: -21.000, Avg. RL Loss: 0.010, Avg. Length: 1059.0
Frame: 4730000, Avg. Reward: -20.900, Avg. RL Loss: 0.010, Avg. Length: 1061.4
Frame: 4740000, Avg. Reward: -20.889, Avg. RL Loss: 0.010, Avg. Length: 1077.6
Frame: 4750000, Avg. Reward: -20.778, Avg. RL Loss: 0.010, Avg. Length: 1060.0
Frame: 4760000, Avg. Reward: -20.900, Avg. RL Loss: 0.010, Avg. Length: 1056.7
Frame: 4770000, Avg. Reward: -20.889, Avg. RL Loss: 0.010, Avg. Length: 1074.0
Frame: 4780000, Avg. Reward: -20.778, Avg. RL Loss: 0.010, Avg. Length: 1119.2
Frame: 4790000, Avg. Reward: -20.667, Avg. RL Loss: 0.009, Avg. Length: 1092.3
Frame: 4800000, Avg. Reward: -20.778, Avg. RL Loss: 0.009, Avg. Length: 1073.3
Frame: 4810000, Avg. Reward: -20.700, Avg. RL Loss: 0.009, Avg. Length: 1095.5
Frame: 4820000, Avg. Reward: -20.889, Avg. RL Loss: 0.010, Avg. Length: 1069.1
Frame: 4830000, Avg. Reward: -21.000, Avg. RL Loss: 0.010, Avg. Length: 1059.4
Frame: 4840000, Avg. Reward: -20.800, Avg. RL Loss: 0.010, Avg. Length: 1069.5
Frame: 4850000, Avg. Reward: -21.000, Avg. RL Loss: 0.010, Avg. Length: 1065.8
Frame: 4860000, Avg. Reward: -20.444, Avg. RL Loss: 0.010, Avg. Length: 1109.7
Frame: 4870000, Avg. Reward: -20.778, Avg. RL Loss: 0.010, Avg. Length: 1106.1
Frame: 4880000, Avg. Reward: -21.000, Avg. RL Loss: 0.010, Avg. Length: 1089.1
Frame: 4890000, Avg. Reward: -20.800, Avg. RL Loss: 0.009, Avg. Length: 1069.8
Frame: 4900000, Avg. Reward: -21.000, Avg. RL Loss: 0.010, Avg. Length: 1066.8
Frame: 4910000, Avg. Reward: -20.778, Avg. RL Loss: 0.010, Avg. Length: 1084.3
Frame: 4920000, Avg. Reward: -21.000, Avg. RL Loss: 0.010, Avg. Length: 1101.6
Frame: 4930000, Avg. Reward: -20.900, Avg. RL Loss: 0.009, Avg. Length: 1035.9
Frame: 4940000, Avg. Reward: -21.000, Avg. RL Loss: 0.010, Avg. Length: 1044.4
Frame: 4950000, Avg. Reward: -20.889, Avg. RL Loss: 0.010, Avg. Length: 1076.2
Frame: 4960000, Avg. Reward: -20.889, Avg. RL Loss: 0.010, Avg. Length: 1061.9
Frame: 4970000, Avg. Reward: -20.800, Avg. RL Loss: 0.009, Avg. Length: 1071.9
Frame: 4980000, Avg. Reward: -20.556, Avg. RL Loss: 0.009, Avg. Length: 1098.9
Frame: 4990000, Avg. Reward: -20.889, Avg. RL Loss: 0.010, Avg. Length: 1093.3
Frame: 5000000, Avg. Reward: -21.000, Avg. RL Loss: 0.010, Avg. Length: 1056.0
Frame: 5010000, Avg. Reward: -20.800, Avg. RL Loss: 0.010, Avg. Length: 1077.2
Frame: 5020000, Avg. Reward: -20.667, Avg. RL Loss: 0.009, Avg. Length: 1078.9
Frame: 5030000, Avg. Reward: -20.889, Avg. RL Loss: 0.010, Avg. Length: 1083.3
Frame: 5040000, Avg. Reward: -20.800, Avg. RL Loss: 0.009, Avg. Length: 1062.5
Frame: 5050000, Avg. Reward: -20.778, Avg. RL Loss: 0.010, Avg. Length: 1096.8
Frame: 5060000, Avg. Reward: -21.000, Avg. RL Loss: 0.010, Avg. Length: 1055.8
Frame: 5070000, Avg. Reward: -20.900, Avg. RL Loss: 0.010, Avg. Length: 1053.6
Frame: 5080000, Avg. Reward: -20.667, Avg. RL Loss: 0.010, Avg. Length: 1070.6
Frame: 5090000, Avg. Reward: -20.889, Avg. RL Loss: 0.010, Avg. Length: 1071.6
Frame: 5100000, Avg. Reward: -21.000, Avg. RL Loss: 0.009, Avg. Length: 1068.8
Frame: 5110000, Avg. Reward: -21.000, Avg. RL Loss: 0.009, Avg. Length: 1064.2
Frame: 5120000, Avg. Reward: -21.000, Avg. RL Loss: 0.010, Avg. Length: 1047.4
Frame: 5130000, Avg. Reward: -20.889, Avg. RL Loss: 0.010, Avg. Length: 1099.6
Frame: 5140000, Avg. Reward: -20.778, Avg. RL Loss: 0.010, Avg. Length: 1062.4
Frame: 5150000, Avg. Reward: -20.889, Avg. RL Loss: 0.009, Avg. Length: 1074.4
Frame: 5160000, Avg. Reward: -20.700, Avg. RL Loss: 0.010, Avg. Length: 1078.6
Frame: 5170000, Avg. Reward: -20.889, Avg. RL Loss: 0.009, Avg. Length: 1092.6
Frame: 5180000, Avg. Reward: -20.889, Avg. RL Loss: 0.010, Avg. Length: 1079.9
Frame: 5190000, Avg. Reward: -21.000, Avg. RL Loss: 0.010, Avg. Length: 1062.7
Frame: 5200000, Avg. Reward: -20.900, Avg. RL Loss: 0.010, Avg. Length: 1059.3
Frame: 5210000, Avg. Reward: -20.900, Avg. RL Loss: 0.010, Avg. Length: 1044.9
Frame: 5220000, Avg. Reward: -20.667, Avg. RL Loss: 0.010, Avg. Length: 1081.7
Frame: 5230000, Avg. Reward: -20.889, Avg. RL Loss: 0.009, Avg. Length: 1069.7
Frame: 5240000, Avg. Reward: -21.000, Avg. RL Loss: 0.010, Avg. Length: 1031.2
Frame: 5250000, Avg. Reward: -21.000, Avg. RL Loss: 0.010, Avg. Length: 1079.9
Frame: 5260000, Avg. Reward: -21.000, Avg. RL Loss: 0.009, Avg. Length: 1051.6
Frame: 5270000, Avg. Reward: -20.778, Avg. RL Loss: 0.009, Avg. Length: 1062.7
Frame: 5280000, Avg. Reward: -20.667, Avg. RL Loss: 0.010, Avg. Length: 1067.6
Frame: 5290000, Avg. Reward: -20.900, Avg. RL Loss: 0.010, Avg. Length: 1084.3
Frame: 5300000, Avg. Reward: -20.556, Avg. RL Loss: 0.010, Avg. Length: 1089.2
Frame: 5310000, Avg. Reward: -21.000, Avg. RL Loss: 0.010, Avg. Length: 1048.1
Frame: 5320000, Avg. Reward: -20.900, Avg. RL Loss: 0.010, Avg. Length: 1080.1
Frame: 5330000, Avg. Reward: -20.889, Avg. RL Loss: 0.010, Avg. Length: 1055.4
Frame: 5340000, Avg. Reward: -20.900, Avg. RL Loss: 0.010, Avg. Length: 1045.2
Frame: 5350000, Avg. Reward: -20.667, Avg. RL Loss: 0.010, Avg. Length: 1064.9
Frame: 5360000, Avg. Reward: -21.000, Avg. RL Loss: 0.010, Avg. Length: 1048.5
Frame: 5370000, Avg. Reward: -20.556, Avg. RL Loss: 0.009, Avg. Length: 1088.6
Frame: 5380000, Avg. Reward: -21.000, Avg. RL Loss: 0.010, Avg. Length: 1064.6
Frame: 5390000, Avg. Reward: -20.778, Avg. RL Loss: 0.010, Avg. Length: 1088.1
Frame: 5400000, Avg. Reward: -20.778, Avg. RL Loss: 0.010, Avg. Length: 1119.1
Frame: 5410000, Avg. Reward: -20.889, Avg. RL Loss: 0.010, Avg. Length: 1079.2
Frame: 5420000, Avg. Reward: -20.778, Avg. RL Loss: 0.010, Avg. Length: 1104.4
Frame: 5430000, Avg. Reward: -20.900, Avg. RL Loss: 0.010, Avg. Length: 1088.7
Frame: 5440000, Avg. Reward: -20.889, Avg. RL Loss: 0.010, Avg. Length: 1063.3
Frame: 5450000, Avg. Reward: -21.000, Avg. RL Loss: 0.009, Avg. Length: 1059.2
Frame: 5460000, Avg. Reward: -20.778, Avg. RL Loss: 0.010, Avg. Length: 1067.8
Frame: 5470000, Avg. Reward: -20.889, Avg. RL Loss: 0.010, Avg. Length: 1086.0
Frame: 5480000, Avg. Reward: -21.000, Avg. RL Loss: 0.010, Avg. Length: 1039.9
Frame: 5490000, Avg. Reward: -20.667, Avg. RL Loss: 0.010, Avg. Length: 1072.6
Frame: 5500000, Avg. Reward: -20.900, Avg. RL Loss: 0.009, Avg. Length: 1064.6
Frame: 5510000, Avg. Reward: -20.889, Avg. RL Loss: 0.010, Avg. Length: 1068.8
Frame: 5520000, Avg. Reward: -20.889, Avg. RL Loss: 0.010, Avg. Length: 1057.8
Frame: 5530000, Avg. Reward: -20.800, Avg. RL Loss: 0.010, Avg. Length: 1066.5
Frame: 5540000, Avg. Reward: -20.667, Avg. RL Loss: 0.010, Avg. Length: 1085.9
Frame: 5550000, Avg. Reward: -20.889, Avg. RL Loss: 0.010, Avg. Length: 1076.1
Frame: 5560000, Avg. Reward: -21.000, Avg. RL Loss: 0.010, Avg. Length: 1053.0
Frame: 5570000, Avg. Reward: -21.000, Avg. RL Loss: 0.010, Avg. Length: 1057.2
Frame: 5580000, Avg. Reward: -21.000, Avg. RL Loss: 0.010, Avg. Length: 1053.6
Frame: 5590000, Avg. Reward: -20.889, Avg. RL Loss: 0.009, Avg. Length: 1070.0
Frame: 5600000, Avg. Reward: -20.778, Avg. RL Loss: 0.010, Avg. Length: 1065.0
Frame: 5610000, Avg. Reward: -20.889, Avg. RL Loss: 0.010, Avg. Length: 1096.2
Frame: 5620000, Avg. Reward: -20.600, Avg. RL Loss: 0.010, Avg. Length: 1099.1
Frame: 5630000, Avg. Reward: -20.667, Avg. RL Loss: 0.010, Avg. Length: 1081.4
Frame: 5640000, Avg. Reward: -20.667, Avg. RL Loss: 0.010, Avg. Length: 1111.6
Frame: 5650000, Avg. Reward: -21.000, Avg. RL Loss: 0.010, Avg. Length: 1046.6
Frame: 5660000, Avg. Reward: -20.900, Avg. RL Loss: 0.010, Avg. Length: 1043.5
Frame: 5670000, Avg. Reward: -20.556, Avg. RL Loss: 0.009, Avg. Length: 1085.2
Frame: 5680000, Avg. Reward: -20.667, Avg. RL Loss: 0.010, Avg. Length: 1088.2
Frame: 5690000, Avg. Reward: -20.900, Avg. RL Loss: 0.010, Avg. Length: 1065.2
Frame: 5700000, Avg. Reward: -20.889, Avg. RL Loss: 0.009, Avg. Length: 1062.3
Frame: 5710000, Avg. Reward: -20.667, Avg. RL Loss: 0.010, Avg. Length: 1091.4
Frame: 5720000, Avg. Reward: -20.800, Avg. RL Loss: 0.010, Avg. Length: 1088.6
Frame: 5730000, Avg. Reward: -20.889, Avg. RL Loss: 0.010, Avg. Length: 1056.2
Frame: 5740000, Avg. Reward: -20.667, Avg. RL Loss: 0.010, Avg. Length: 1121.6
Frame: 5750000, Avg. Reward: -20.889, Avg. RL Loss: 0.010, Avg. Length: 1061.6
Frame: 5760000, Avg. Reward: -21.000, Avg. RL Loss: 0.010, Avg. Length: 1075.6
Frame: 5770000, Avg. Reward: -20.889, Avg. RL Loss: 0.010, Avg. Length: 1066.2
Frame: 5780000, Avg. Reward: -21.000, Avg. RL Loss: 0.010, Avg. Length: 1057.8
Frame: 5790000, Avg. Reward: -21.000, Avg. RL Loss: 0.010, Avg. Length: 1075.6
Frame: 5800000, Avg. Reward: -21.000, Avg. RL Loss: 0.009, Avg. Length: 1064.6
Frame: 5810000, Avg. Reward: -20.800, Avg. RL Loss: 0.010, Avg. Length: 1056.1
Frame: 5820000, Avg. Reward: -21.000, Avg. RL Loss: 0.009, Avg. Length: 1050.2
Frame: 5830000, Avg. Reward: -20.667, Avg. RL Loss: 0.010, Avg. Length: 1065.7
Frame: 5840000, Avg. Reward: -20.800, Avg. RL Loss: 0.009, Avg. Length: 1098.1
Frame: 5850000, Avg. Reward: -20.500, Avg. RL Loss: 0.010, Avg. Length: 1141.5
Frame: 5860000, Avg. Reward: -21.000, Avg. RL Loss: 0.010, Avg. Length: 1040.0
Frame: 5870000, Avg. Reward: -20.667, Avg. RL Loss: 0.010, Avg. Length: 1095.6
Frame: 5880000, Avg. Reward: -21.000, Avg. RL Loss: 0.010, Avg. Length: 1071.7
Frame: 5890000, Avg. Reward: -20.444, Avg. RL Loss: 0.010, Avg. Length: 1112.6
Frame: 5900000, Avg. Reward: -20.778, Avg. RL Loss: 0.010, Avg. Length: 1107.6
Frame: 5910000, Avg. Reward: -20.700, Avg. RL Loss: 0.010, Avg. Length: 1105.4
Frame: 5920000, Avg. Reward: -20.667, Avg. RL Loss: 0.010, Avg. Length: 1092.3
Frame: 5930000, Avg. Reward: -20.556, Avg. RL Loss: 0.010, Avg. Length: 1091.7
Frame: 5940000, Avg. Reward: -21.000, Avg. RL Loss: 0.010, Avg. Length: 1056.4
Frame: 5950000, Avg. Reward: -20.556, Avg. RL Loss: 0.010, Avg. Length: 1100.3
Frame: 5960000, Avg. Reward: -20.700, Avg. RL Loss: 0.010, Avg. Length: 1082.6
Frame: 5970000, Avg. Reward: -20.778, Avg. RL Loss: 0.010, Avg. Length: 1075.6
Frame: 5980000, Avg. Reward: -20.778, Avg. RL Loss: 0.010, Avg. Length: 1071.4
Frame: 5990000, Avg. Reward: -20.778, Avg. RL Loss: 0.010, Avg. Length: 1088.8
Frame: 6000000, Avg. Reward: -20.700, Avg. RL Loss: 0.010, Avg. Length: 1069.0
Frame: 6010000, Avg. Reward: -20.667, Avg. RL Loss: 0.010, Avg. Length: 1093.8
Frame: 6020000, Avg. Reward: -20.556, Avg. RL Loss: 0.010, Avg. Length: 1094.0
Frame: 6030000, Avg. Reward: -20.667, Avg. RL Loss: 0.010, Avg. Length: 1088.8
Frame: 6040000, Avg. Reward: -20.800, Avg. RL Loss: 0.010, Avg. Length: 1056.4
Frame: 6050000, Avg. Reward: -20.778, Avg. RL Loss: 0.010, Avg. Length: 1109.6
Frame: 6060000, Avg. Reward: -21.000, Avg. RL Loss: 0.010, Avg. Length: 1069.8
Frame: 6070000, Avg. Reward: -20.556, Avg. RL Loss: 0.010, Avg. Length: 1081.4
Frame: 6080000, Avg. Reward: -21.000, Avg. RL Loss: 0.010, Avg. Length: 1073.0
Frame: 6090000, Avg. Reward: -20.778, Avg. RL Loss: 0.010, Avg. Length: 1060.2
Frame: 6100000, Avg. Reward: -20.444, Avg. RL Loss: 0.010, Avg. Length: 1105.3
Frame: 6110000, Avg. Reward: -20.778, Avg. RL Loss: 0.010, Avg. Length: 1067.2
Frame: 6120000, Avg. Reward: -20.800, Avg. RL Loss: 0.010, Avg. Length: 1092.4
Frame: 6130000, Avg. Reward: -21.000, Avg. RL Loss: 0.009, Avg. Length: 1084.1
Frame: 6140000, Avg. Reward: -20.667, Avg. RL Loss: 0.010, Avg. Length: 1139.4
Frame: 6150000, Avg. Reward: -20.778, Avg. RL Loss: 0.010, Avg. Length: 1069.0
Frame: 6160000, Avg. Reward: -20.700, Avg. RL Loss: 0.010, Avg. Length: 1047.7
Frame: 6170000, Avg. Reward: -21.000, Avg. RL Loss: 0.010, Avg. Length: 1042.0
Frame: 6180000, Avg. Reward: -20.667, Avg. RL Loss: 0.010, Avg. Length: 1084.2
Frame: 6190000, Avg. Reward: -20.800, Avg. RL Loss: 0.010, Avg. Length: 1073.1
Frame: 6200000, Avg. Reward: -21.000, Avg. RL Loss: 0.010, Avg. Length: 1088.7
Frame: 6210000, Avg. Reward: -20.778, Avg. RL Loss: 0.010, Avg. Length: 1108.6
Frame: 6220000, Avg. Reward: -20.889, Avg. RL Loss: 0.010, Avg. Length: 1048.0
Frame: 6230000, Avg. Reward: -20.556, Avg. RL Loss: 0.010, Avg. Length: 1095.9
Frame: 6240000, Avg. Reward: -20.900, Avg. RL Loss: 0.010, Avg. Length: 1073.1
Frame: 6250000, Avg. Reward: -20.556, Avg. RL Loss: 0.010, Avg. Length: 1094.6
Frame: 6260000, Avg. Reward: -20.250, Avg. RL Loss: 0.010, Avg. Length: 1192.4
Frame: 6270000, Avg. Reward: -21.000, Avg. RL Loss: 0.010, Avg. Length: 1056.8
Frame: 6280000, Avg. Reward: -20.889, Avg. RL Loss: 0.010, Avg. Length: 1084.1
Frame: 6290000, Avg. Reward: -20.900, Avg. RL Loss: 0.010, Avg. Length: 1058.9
Frame: 6300000, Avg. Reward: -20.778, Avg. RL Loss: 0.010, Avg. Length: 1071.4
Frame: 6310000, Avg. Reward: -20.889, Avg. RL Loss: 0.010, Avg. Length: 1052.8
Frame: 6320000, Avg. Reward: -20.700, Avg. RL Loss: 0.010, Avg. Length: 1067.2
Frame: 6330000, Avg. Reward: -21.000, Avg. RL Loss: 0.010, Avg. Length: 1047.9
Frame: 6340000, Avg. Reward: -20.800, Avg. RL Loss: 0.010, Avg. Length: 1064.5
Frame: 6350000, Avg. Reward: -20.889, Avg. RL Loss: 0.010, Avg. Length: 1072.8
Frame: 6360000, Avg. Reward: -20.900, Avg. RL Loss: 0.010, Avg. Length: 1052.7
Frame: 6370000, Avg. Reward: -20.875, Avg. RL Loss: 0.010, Avg. Length: 1133.0
Frame: 6380000, Avg. Reward: -20.900, Avg. RL Loss: 0.010, Avg. Length: 1067.7
Frame: 6390000, Avg. Reward: -20.889, Avg. RL Loss: 0.010, Avg. Length: 1044.6
Frame: 6400000, Avg. Reward: -20.667, Avg. RL Loss: 0.010, Avg. Length: 1101.0
Frame: 6410000, Avg. Reward: -21.000, Avg. RL Loss: 0.010, Avg. Length: 1046.0
Frame: 6420000, Avg. Reward: -20.778, Avg. RL Loss: 0.010, Avg. Length: 1080.9
Frame: 6430000, Avg. Reward: -20.889, Avg. RL Loss: 0.010, Avg. Length: 1073.4
Frame: 6440000, Avg. Reward: -20.800, Avg. RL Loss: 0.010, Avg. Length: 1096.2
Frame: 6450000, Avg. Reward: -20.778, Avg. RL Loss: 0.009, Avg. Length: 1082.4
Frame: 6460000, Avg. Reward: -20.778, Avg. RL Loss: 0.010, Avg. Length: 1085.3
Frame: 6470000, Avg. Reward: -20.889, Avg. RL Loss: 0.010, Avg. Length: 1110.3
Frame: 6480000, Avg. Reward: -20.900, Avg. RL Loss: 0.010, Avg. Length: 1064.8
Frame: 6490000, Avg. Reward: -21.000, Avg. RL Loss: 0.010, Avg. Length: 1052.1
Frame: 6500000, Avg. Reward: -20.556, Avg. RL Loss: 0.010, Avg. Length: 1122.6
Frame: 6510000, Avg. Reward: -20.889, Avg. RL Loss: 0.010, Avg. Length: 1094.4
Frame: 6520000, Avg. Reward: -20.778, Avg. RL Loss: 0.010, Avg. Length: 1102.8
Frame: 6530000, Avg. Reward: -20.800, Avg. RL Loss: 0.010, Avg. Length: 1061.4
Frame: 6540000, Avg. Reward: -20.889, Avg. RL Loss: 0.010, Avg. Length: 1053.7
Frame: 6550000, Avg. Reward: -20.556, Avg. RL Loss: 0.010, Avg. Length: 1082.1
Frame: 6560000, Avg. Reward: -20.900, Avg. RL Loss: 0.009, Avg. Length: 1070.9
Frame: 6570000, Avg. Reward: -21.000, Avg. RL Loss: 0.010, Avg. Length: 1051.6
Frame: 6580000, Avg. Reward: -20.556, Avg. RL Loss: 0.010, Avg. Length: 1123.3
Frame: 6590000, Avg. Reward: -20.778, Avg. RL Loss: 0.010, Avg. Length: 1071.3
Frame: 6600000, Avg. Reward: -21.000, Avg. RL Loss: 0.010, Avg. Length: 1059.3
Frame: 6610000, Avg. Reward: -20.778, Avg. RL Loss: 0.010, Avg. Length: 1060.9
Frame: 6620000, Avg. Reward: -20.667, Avg. RL Loss: 0.010, Avg. Length: 1099.4
Frame: 6630000, Avg. Reward: -20.778, Avg. RL Loss: 0.010, Avg. Length: 1117.8
Frame: 6640000, Avg. Reward: -20.800, Avg. RL Loss: 0.010, Avg. Length: 1077.4
Frame: 6650000, Avg. Reward: -20.778, Avg. RL Loss: 0.010, Avg. Length: 1076.0
Frame: 6660000, Avg. Reward: -20.778, Avg. RL Loss: 0.010, Avg. Length: 1081.0
Frame: 6670000, Avg. Reward: -20.778, Avg. RL Loss: 0.010, Avg. Length: 1096.3
Frame: 6680000, Avg. Reward: -21.000, Avg. RL Loss: 0.010, Avg. Length: 1067.7
Frame: 6690000, Avg. Reward: -20.667, Avg. RL Loss: 0.010, Avg. Length: 1096.4
Frame: 6700000, Avg. Reward: -20.889, Avg. RL Loss: 0.010, Avg. Length: 1048.3
Frame: 6710000, Avg. Reward: -21.000, Avg. RL Loss: 0.010, Avg. Length: 1085.4
Frame: 6720000, Avg. Reward: -20.800, Avg. RL Loss: 0.010, Avg. Length: 1080.4
Frame: 6730000, Avg. Reward: -20.889, Avg. RL Loss: 0.010, Avg. Length: 1064.7
Frame: 6740000, Avg. Reward: -20.778, Avg. RL Loss: 0.010, Avg. Length: 1078.2
Frame: 6750000, Avg. Reward: -20.900, Avg. RL Loss: 0.010, Avg. Length: 1047.5
Frame: 6760000, Avg. Reward: -20.778, Avg. RL Loss: 0.010, Avg. Length: 1056.1
Frame: 6770000, Avg. Reward: -20.889, Avg. RL Loss: 0.010, Avg. Length: 1110.2
Frame: 6780000, Avg. Reward: -20.900, Avg. RL Loss: 0.010, Avg. Length: 1073.1
Frame: 6790000, Avg. Reward: -20.778, Avg. RL Loss: 0.010, Avg. Length: 1064.4
Frame: 6800000, Avg. Reward: -21.000, Avg. RL Loss: 0.010, Avg. Length: 1106.7
Frame: 6810000, Avg. Reward: -20.556, Avg. RL Loss: 0.010, Avg. Length: 1100.7
Frame: 6820000, Avg. Reward: -20.900, Avg. RL Loss: 0.009, Avg. Length: 1064.1
Frame: 6830000, Avg. Reward: -20.556, Avg. RL Loss: 0.010, Avg. Length: 1120.4
Frame: 6840000, Avg. Reward: -21.000, Avg. RL Loss: 0.009, Avg. Length: 1025.0
Frame: 6850000, Avg. Reward: -20.778, Avg. RL Loss: 0.010, Avg. Length: 1087.4
Frame: 6860000, Avg. Reward: -20.667, Avg. RL Loss: 0.010, Avg. Length: 1130.8
Frame: 6870000, Avg. Reward: -20.900, Avg. RL Loss: 0.010, Avg. Length: 1041.5
Frame: 6880000, Avg. Reward: -20.556, Avg. RL Loss: 0.010, Avg. Length: 1107.9
Frame: 6890000, Avg. Reward: -21.000, Avg. RL Loss: 0.010, Avg. Length: 1060.8
Frame: 6900000, Avg. Reward: -21.000, Avg. RL Loss: 0.010, Avg. Length: 1122.4
Frame: 6910000, Avg. Reward: -21.000, Avg. RL Loss: 0.010, Avg. Length: 1061.3
Frame: 6920000, Avg. Reward: -20.667, Avg. RL Loss: 0.010, Avg. Length: 1095.3
Frame: 6930000, Avg. Reward: -20.889, Avg. RL Loss: 0.009, Avg. Length: 1083.1
Frame: 6940000, Avg. Reward: -20.778, Avg. RL Loss: 0.010, Avg. Length: 1091.9
Frame: 6950000, Avg. Reward: -20.778, Avg. RL Loss: 0.010, Avg. Length: 1082.8
Frame: 6960000, Avg. Reward: -20.500, Avg. RL Loss: 0.010, Avg. Length: 1097.2
Frame: 6970000, Avg. Reward: -20.778, Avg. RL Loss: 0.010, Avg. Length: 1107.0
Frame: 6980000, Avg. Reward: -20.778, Avg. RL Loss: 0.010, Avg. Length: 1063.6
Frame: 6990000, Avg. Reward: -20.556, Avg. RL Loss: 0.010, Avg. Length: 1094.4
Frame: 7000000, Avg. Reward: -20.889, Avg. RL Loss: 0.010, Avg. Length: 1080.2
Frame: 7010000, Avg. Reward: -20.900, Avg. RL Loss: 0.010, Avg. Length: 1075.7
Frame: 7020000, Avg. Reward: -20.778, Avg. RL Loss: 0.010, Avg. Length: 1070.0
Frame: 7030000, Avg. Reward: -20.900, Avg. RL Loss: 0.010, Avg. Length: 1054.5
Frame: 7040000, Avg. Reward: -21.000, Avg. RL Loss: 0.010, Avg. Length: 1040.8
Frame: 7050000, Avg. Reward: -21.000, Avg. RL Loss: 0.010, Avg. Length: 1055.6
Frame: 7060000, Avg. Reward: -20.667, Avg. RL Loss: 0.010, Avg. Length: 1105.0
Frame: 7070000, Avg. Reward: -20.778, Avg. RL Loss: 0.010, Avg. Length: 1076.6
Frame: 7080000, Avg. Reward: -20.778, Avg. RL Loss: 0.010, Avg. Length: 1061.3
Frame: 7090000, Avg. Reward: -20.700, Avg. RL Loss: 0.010, Avg. Length: 1076.3
Frame: 7100000, Avg. Reward: -20.889, Avg. RL Loss: 0.010, Avg. Length: 1065.2
Frame: 7110000, Avg. Reward: -20.778, Avg. RL Loss: 0.010, Avg. Length: 1083.8
Frame: 7120000, Avg. Reward: -20.222, Avg. RL Loss: 0.010, Avg. Length: 1126.0
Frame: 7130000, Avg. Reward: -20.900, Avg. RL Loss: 0.010, Avg. Length: 1060.2
Frame: 7140000, Avg. Reward: -20.889, Avg. RL Loss: 0.010, Avg. Length: 1066.0
Frame: 7150000, Avg. Reward: -20.667, Avg. RL Loss: 0.010, Avg. Length: 1087.4
Frame: 7160000, Avg. Reward: -20.667, Avg. RL Loss: 0.010, Avg. Length: 1112.2
Frame: 7170000, Avg. Reward: -21.000, Avg. RL Loss: 0.010, Avg. Length: 1061.1
Frame: 7180000, Avg. Reward: -20.800, Avg. RL Loss: 0.010, Avg. Length: 1080.7
Frame: 7190000, Avg. Reward: -20.778, Avg. RL Loss: 0.010, Avg. Length: 1076.0
Frame: 7200000, Avg. Reward: -20.667, Avg. RL Loss: 0.010, Avg. Length: 1102.6
Frame: 7210000, Avg. Reward: -20.900, Avg. RL Loss: 0.010, Avg. Length: 1039.2
Frame: 7220000, Avg. Reward: -20.778, Avg. RL Loss: 0.010, Avg. Length: 1063.3
Frame: 7230000, Avg. Reward: -20.556, Avg. RL Loss: 0.010, Avg. Length: 1096.7
Frame: 7240000, Avg. Reward: -20.900, Avg. RL Loss: 0.010, Avg. Length: 1034.3
Frame: 7250000, Avg. Reward: -21.000, Avg. RL Loss: 0.010, Avg. Length: 1043.9
Frame: 7260000, Avg. Reward: -20.889, Avg. RL Loss: 0.010, Avg. Length: 1074.1
Frame: 7270000, Avg. Reward: -20.889, Avg. RL Loss: 0.010, Avg. Length: 1061.8
Frame: 7280000, Avg. Reward: -20.556, Avg. RL Loss: 0.010, Avg. Length: 1120.6
Frame: 7290000, Avg. Reward: -20.889, Avg. RL Loss: 0.010, Avg. Length: 1118.0
Frame: 7300000, Avg. Reward: -20.889, Avg. RL Loss: 0.010, Avg. Length: 1122.1
Frame: 7310000, Avg. Reward: -20.778, Avg. RL Loss: 0.010, Avg. Length: 1121.3
Frame: 7320000, Avg. Reward: -21.000, Avg. RL Loss: 0.010, Avg. Length: 1077.6
Frame: 7330000, Avg. Reward: -21.000, Avg. RL Loss: 0.010, Avg. Length: 1067.5
Frame: 7340000, Avg. Reward: -20.778, Avg. RL Loss: 0.010, Avg. Length: 1071.8
Frame: 7350000, Avg. Reward: -21.000, Avg. RL Loss: 0.010, Avg. Length: 1042.4
Frame: 7360000, Avg. Reward: -20.889, Avg. RL Loss: 0.009, Avg. Length: 1083.9
Frame: 7370000, Avg. Reward: -20.889, Avg. RL Loss: 0.010, Avg. Length: 1078.8
Frame: 7380000, Avg. Reward: -20.889, Avg. RL Loss: 0.009, Avg. Length: 1070.9
Frame: 7390000, Avg. Reward: -20.700, Avg. RL Loss: 0.010, Avg. Length: 1077.3
Frame: 7400000, Avg. Reward: -20.889, Avg. RL Loss: 0.010, Avg. Length: 1058.7
Frame: 7410000, Avg. Reward: -20.667, Avg. RL Loss: 0.010, Avg. Length: 1074.2
Frame: 7420000, Avg. Reward: -20.700, Avg. RL Loss: 0.010, Avg. Length: 1081.5
Frame: 7430000, Avg. Reward: -20.889, Avg. RL Loss: 0.010, Avg. Length: 1060.6
Frame: 7440000, Avg. Reward: -21.000, Avg. RL Loss: 0.010, Avg. Length: 1075.6
Frame: 7450000, Avg. Reward: -21.000, Avg. RL Loss: 0.010, Avg. Length: 1060.3
Frame: 7460000, Avg. Reward: -20.889, Avg. RL Loss: 0.010, Avg. Length: 1074.4
Frame: 7470000, Avg. Reward: -21.000, Avg. RL Loss: 0.010, Avg. Length: 1055.9
Frame: 7480000, Avg. Reward: -20.889, Avg. RL Loss: 0.010, Avg. Length: 1062.2
Frame: 7490000, Avg. Reward: -20.778, Avg. RL Loss: 0.010, Avg. Length: 1100.1
Frame: 7500000, Avg. Reward: -20.889, Avg. RL Loss: 0.010, Avg. Length: 1094.9
Frame: 7510000, Avg. Reward: -20.700, Avg. RL Loss: 0.010, Avg. Length: 1071.1
Frame: 7520000, Avg. Reward: -21.000, Avg. RL Loss: 0.010, Avg. Length: 1060.7
Frame: 7530000, Avg. Reward: -20.778, Avg. RL Loss: 0.010, Avg. Length: 1111.2
Frame: 7540000, Avg. Reward: -20.889, Avg. RL Loss: 0.010, Avg. Length: 1104.8
Frame: 7550000, Avg. Reward: -20.778, Avg. RL Loss: 0.010, Avg. Length: 1072.0
Frame: 7560000, Avg. Reward: -20.800, Avg. RL Loss: 0.010, Avg. Length: 1097.8
Frame: 7570000, Avg. Reward: -20.667, Avg. RL Loss: 0.010, Avg. Length: 1085.4
Frame: 7580000, Avg. Reward: -20.889, Avg. RL Loss: 0.010, Avg. Length: 1079.1
Frame: 7590000, Avg. Reward: -21.000, Avg. RL Loss: 0.010, Avg. Length: 1062.1
Frame: 7600000, Avg. Reward: -20.900, Avg. RL Loss: 0.009, Avg. Length: 1079.6
Frame: 7610000, Avg. Reward: -20.778, Avg. RL Loss: 0.010, Avg. Length: 1065.0
Frame: 7620000, Avg. Reward: -20.889, Avg. RL Loss: 0.010, Avg. Length: 1072.9
Frame: 7630000, Avg. Reward: -20.800, Avg. RL Loss: 0.010, Avg. Length: 1071.0
Frame: 7640000, Avg. Reward: -20.667, Avg. RL Loss: 0.010, Avg. Length: 1065.6
Frame: 7650000, Avg. Reward: -20.778, Avg. RL Loss: 0.010, Avg. Length: 1092.2
Frame: 7660000, Avg. Reward: -20.700, Avg. RL Loss: 0.010, Avg. Length: 1065.8
Frame: 7670000, Avg. Reward: -21.000, Avg. RL Loss: 0.009, Avg. Length: 1046.3
Frame: 7680000, Avg. Reward: -20.900, Avg. RL Loss: 0.010, Avg. Length: 1062.0
Frame: 7690000, Avg. Reward: -20.778, Avg. RL Loss: 0.009, Avg. Length: 1066.2
Frame: 7700000, Avg. Reward: -20.556, Avg. RL Loss: 0.010, Avg. Length: 1119.2
Frame: 7710000, Avg. Reward: -20.667, Avg. RL Loss: 0.010, Avg. Length: 1085.9
Frame: 7720000, Avg. Reward: -20.889, Avg. RL Loss: 0.010, Avg. Length: 1073.3
Frame: 7730000, Avg. Reward: -21.000, Avg. RL Loss: 0.010, Avg. Length: 1064.9
Frame: 7740000, Avg. Reward: -20.667, Avg. RL Loss: 0.010, Avg. Length: 1081.7
Frame: 7750000, Avg. Reward: -20.778, Avg. RL Loss: 0.010, Avg. Length: 1075.2
Frame: 7760000, Avg. Reward: -20.889, Avg. RL Loss: 0.010, Avg. Length: 1112.0
Frame: 7770000, Avg. Reward: -20.667, Avg. RL Loss: 0.010, Avg. Length: 1083.0
Frame: 7780000, Avg. Reward: -20.900, Avg. RL Loss: 0.010, Avg. Length: 1069.3
Frame: 7790000, Avg. Reward: -20.889, Avg. RL Loss: 0.009, Avg. Length: 1058.4
Frame: 7800000, Avg. Reward: -21.000, Avg. RL Loss: 0.010, Avg. Length: 1040.0
Frame: 7810000, Avg. Reward: -20.889, Avg. RL Loss: 0.010, Avg. Length: 1081.8
Frame: 7820000, Avg. Reward: -21.000, Avg. RL Loss: 0.010, Avg. Length: 1048.1
Frame: 7830000, Avg. Reward: -20.667, Avg. RL Loss: 0.010, Avg. Length: 1059.4
Frame: 7840000, Avg. Reward: -20.800, Avg. RL Loss: 0.010, Avg. Length: 1075.2
Frame: 7850000, Avg. Reward: -20.889, Avg. RL Loss: 0.010, Avg. Length: 1059.6
Frame: 7860000, Avg. Reward: -20.778, Avg. RL Loss: 0.010, Avg. Length: 1115.2
Frame: 7870000, Avg. Reward: -21.000, Avg. RL Loss: 0.010, Avg. Length: 1080.7
Frame: 7880000, Avg. Reward: -20.900, Avg. RL Loss: 0.009, Avg. Length: 1064.2
Frame: 7890000, Avg. Reward: -20.667, Avg. RL Loss: 0.010, Avg. Length: 1074.8
Frame: 7900000, Avg. Reward: -20.889, Avg. RL Loss: 0.010, Avg. Length: 1111.7
Frame: 7910000, Avg. Reward: -20.889, Avg. RL Loss: 0.010, Avg. Length: 1053.9
Frame: 7920000, Avg. Reward: -20.889, Avg. RL Loss: 0.010, Avg. Length: 1095.3
Frame: 7930000, Avg. Reward: -20.700, Avg. RL Loss: 0.010, Avg. Length: 1096.2
Frame: 7940000, Avg. Reward: -20.778, Avg. RL Loss: 0.010, Avg. Length: 1072.3
Frame: 7950000, Avg. Reward: -20.889, Avg. RL Loss: 0.010, Avg. Length: 1057.3
Frame: 7960000, Avg. Reward: -20.444, Avg. RL Loss: 0.010, Avg. Length: 1120.3
Frame: 7970000, Avg. Reward: -20.700, Avg. RL Loss: 0.010, Avg. Length: 1080.2
Frame: 7980000, Avg. Reward: -20.889, Avg. RL Loss: 0.010, Avg. Length: 1030.2
Frame: 7990000, Avg. Reward: -20.900, Avg. RL Loss: 0.010, Avg. Length: 1063.3
Frame: 8000000, Avg. Reward: -20.889, Avg. RL Loss: 0.010, Avg. Length: 1049.4
Frame: 8010000, Avg. Reward: -20.667, Avg. RL Loss: 0.010, Avg. Length: 1121.6
Frame: 8020000, Avg. Reward: -20.778, Avg. RL Loss: 0.010, Avg. Length: 1095.6
Frame: 8030000, Avg. Reward: -20.667, Avg. RL Loss: 0.009, Avg. Length: 1106.1
Frame: 8040000, Avg. Reward: -20.800, Avg. RL Loss: 0.010, Avg. Length: 1064.4
Frame: 8050000, Avg. Reward: -20.778, Avg. RL Loss: 0.010, Avg. Length: 1064.8
Frame: 8060000, Avg. Reward: -20.667, Avg. RL Loss: 0.010, Avg. Length: 1076.7
Frame: 8070000, Avg. Reward: -20.778, Avg. RL Loss: 0.010, Avg. Length: 1108.3
Frame: 8080000, Avg. Reward: -20.667, Avg. RL Loss: 0.010, Avg. Length: 1104.2
Frame: 8090000, Avg. Reward: -20.800, Avg. RL Loss: 0.010, Avg. Length: 1077.4
Frame: 8100000, Avg. Reward: -20.778, Avg. RL Loss: 0.010, Avg. Length: 1096.0
Frame: 8110000, Avg. Reward: -20.778, Avg. RL Loss: 0.010, Avg. Length: 1071.2
Frame: 8120000, Avg. Reward: -20.800, Avg. RL Loss: 0.010, Avg. Length: 1068.8
Frame: 8130000, Avg. Reward: -20.778, Avg. RL Loss: 0.009, Avg. Length: 1093.2
Frame: 8140000, Avg. Reward: -20.889, Avg. RL Loss: 0.010, Avg. Length: 1071.3
Frame: 8150000, Avg. Reward: -21.000, Avg. RL Loss: 0.010, Avg. Length: 1045.6
Frame: 8160000, Avg. Reward: -20.889, Avg. RL Loss: 0.010, Avg. Length: 1094.9
Frame: 8170000, Avg. Reward: -20.778, Avg. RL Loss: 0.010, Avg. Length: 1096.0
Frame: 8180000, Avg. Reward: -20.778, Avg. RL Loss: 0.010, Avg. Length: 1082.0
Frame: 8190000, Avg. Reward: -20.667, Avg. RL Loss: 0.010, Avg. Length: 1089.2
Frame: 8200000, Avg. Reward: -20.800, Avg. RL Loss: 0.010, Avg. Length: 1047.9
Frame: 8210000, Avg. Reward: -20.667, Avg. RL Loss: 0.010, Avg. Length: 1076.2
Frame: 8220000, Avg. Reward: -20.889, Avg. RL Loss: 0.010, Avg. Length: 1075.2
Frame: 8230000, Avg. Reward: -21.000, Avg. RL Loss: 0.010, Avg. Length: 1045.4
Frame: 8240000, Avg. Reward: -20.778, Avg. RL Loss: 0.010, Avg. Length: 1084.6
Frame: 8250000, Avg. Reward: -20.778, Avg. RL Loss: 0.010, Avg. Length: 1082.8
Frame: 8260000, Avg. Reward: -21.000, Avg. RL Loss: 0.010, Avg. Length: 1053.5
Frame: 8270000, Avg. Reward: -20.889, Avg. RL Loss: 0.010, Avg. Length: 1043.8
Frame: 8280000, Avg. Reward: -20.667, Avg. RL Loss: 0.010, Avg. Length: 1135.4
Frame: 8290000, Avg. Reward: -20.900, Avg. RL Loss: 0.010, Avg. Length: 1043.4
Frame: 8300000, Avg. Reward: -20.667, Avg. RL Loss: 0.010, Avg. Length: 1091.4
Frame: 8310000, Avg. Reward: -20.556, Avg. RL Loss: 0.010, Avg. Length: 1115.1
Frame: 8320000, Avg. Reward: -20.778, Avg. RL Loss: 0.010, Avg. Length: 1043.1
Frame: 8330000, Avg. Reward: -20.800, Avg. RL Loss: 0.010, Avg. Length: 1099.7
Frame: 8340000, Avg. Reward: -20.778, Avg. RL Loss: 0.010, Avg. Length: 1072.9
Frame: 8350000, Avg. Reward: -20.667, Avg. RL Loss: 0.010, Avg. Length: 1097.7
Frame: 8360000, Avg. Reward: -20.900, Avg. RL Loss: 0.010, Avg. Length: 1043.0
Frame: 8370000, Avg. Reward: -20.778, Avg. RL Loss: 0.010, Avg. Length: 1057.4
Frame: 8380000, Avg. Reward: -20.889, Avg. RL Loss: 0.010, Avg. Length: 1081.0
Frame: 8390000, Avg. Reward: -20.700, Avg. RL Loss: 0.010, Avg. Length: 1094.3
Frame: 8400000, Avg. Reward: -20.778, Avg. RL Loss: 0.010, Avg. Length: 1069.6
Frame: 8410000, Avg. Reward: -21.000, Avg. RL Loss: 0.010, Avg. Length: 1046.9
Frame: 8420000, Avg. Reward: -20.800, Avg. RL Loss: 0.010, Avg. Length: 1047.3
Frame: 8430000, Avg. Reward: -20.889, Avg. RL Loss: 0.010, Avg. Length: 1064.4
Frame: 8440000, Avg. Reward: -20.667, Avg. RL Loss: 0.010, Avg. Length: 1088.3
Frame: 8450000, Avg. Reward: -20.700, Avg. RL Loss: 0.010, Avg. Length: 1110.3
Frame: 8460000, Avg. Reward: -20.667, Avg. RL Loss: 0.010, Avg. Length: 1074.1
Frame: 8470000, Avg. Reward: -21.000, Avg. RL Loss: 0.010, Avg. Length: 1057.2
Frame: 8480000, Avg. Reward: -20.778, Avg. RL Loss: 0.010, Avg. Length: 1108.4
Frame: 8490000, Avg. Reward: -20.889, Avg. RL Loss: 0.010, Avg. Length: 1097.2
Frame: 8500000, Avg. Reward: -20.800, Avg. RL Loss: 0.010, Avg. Length: 1073.8
Frame: 8510000, Avg. Reward: -20.667, Avg. RL Loss: 0.010, Avg. Length: 1114.6
Frame: 8520000, Avg. Reward: -21.000, Avg. RL Loss: 0.009, Avg. Length: 1035.0
Frame: 8530000, Avg. Reward: -20.600, Avg. RL Loss: 0.010, Avg. Length: 1088.4
Frame: 8540000, Avg. Reward: -21.000, Avg. RL Loss: 0.010, Avg. Length: 1061.3
Frame: 8550000, Avg. Reward: -21.000, Avg. RL Loss: 0.010, Avg. Length: 1065.8
Frame: 8560000, Avg. Reward: -20.900, Avg. RL Loss: 0.010, Avg. Length: 1060.0
Frame: 8570000, Avg. Reward: -20.778, Avg. RL Loss: 0.010, Avg. Length: 1132.8
Frame: 8580000, Avg. Reward: -20.556, Avg. RL Loss: 0.010, Avg. Length: 1107.9
Frame: 8590000, Avg. Reward: -20.778, Avg. RL Loss: 0.010, Avg. Length: 1058.8
Frame: 8600000, Avg. Reward: -21.000, Avg. RL Loss: 0.010, Avg. Length: 1053.3
Frame: 8610000, Avg. Reward: -20.889, Avg. RL Loss: 0.010, Avg. Length: 1063.4
Frame: 8620000, Avg. Reward: -20.889, Avg. RL Loss: 0.010, Avg. Length: 1066.0
Frame: 8630000, Avg. Reward: -20.900, Avg. RL Loss: 0.010, Avg. Length: 1033.1
Frame: 8640000, Avg. Reward: -21.000, Avg. RL Loss: 0.010, Avg. Length: 1064.1
Frame: 8650000, Avg. Reward: -20.900, Avg. RL Loss: 0.010, Avg. Length: 1048.6
Frame: 8660000, Avg. Reward: -20.667, Avg. RL Loss: 0.010, Avg. Length: 1099.9
Frame: 8670000, Avg. Reward: -20.778, Avg. RL Loss: 0.010, Avg. Length: 1085.7
Frame: 8680000, Avg. Reward: -20.889, Avg. RL Loss: 0.010, Avg. Length: 1099.7
Frame: 8690000, Avg. Reward: -21.000, Avg. RL Loss: 0.010, Avg. Length: 1074.6
Frame: 8700000, Avg. Reward: -20.778, Avg. RL Loss: 0.010, Avg. Length: 1057.6
Frame: 8710000, Avg. Reward: -20.778, Avg. RL Loss: 0.010, Avg. Length: 1111.6
Frame: 8720000, Avg. Reward: -20.889, Avg. RL Loss: 0.010, Avg. Length: 1072.9
Frame: 8730000, Avg. Reward: -20.778, Avg. RL Loss: 0.010, Avg. Length: 1106.0
Frame: 8740000, Avg. Reward: -20.900, Avg. RL Loss: 0.010, Avg. Length: 1067.1
Frame: 8750000, Avg. Reward: -21.000, Avg. RL Loss: 0.010, Avg. Length: 1064.1
Frame: 8760000, Avg. Reward: -20.800, Avg. RL Loss: 0.010, Avg. Length: 1081.9
Frame: 8770000, Avg. Reward: -20.778, Avg. RL Loss: 0.009, Avg. Length: 1090.6
Frame: 8780000, Avg. Reward: -20.889, Avg. RL Loss: 0.010, Avg. Length: 1088.1
Frame: 8790000, Avg. Reward: -21.000, Avg. RL Loss: 0.010, Avg. Length: 1066.6
Frame: 8800000, Avg. Reward: -20.778, Avg. RL Loss: 0.010, Avg. Length: 1120.9
Frame: 8810000, Avg. Reward: -20.778, Avg. RL Loss: 0.010, Avg. Length: 1085.8
Frame: 8820000, Avg. Reward: -20.900, Avg. RL Loss: 0.010, Avg. Length: 1060.1
Frame: 8830000, Avg. Reward: -20.889, Avg. RL Loss: 0.010, Avg. Length: 1078.7
Frame: 8840000, Avg. Reward: -21.000, Avg. RL Loss: 0.010, Avg. Length: 1040.8
Frame: 8850000, Avg. Reward: -20.778, Avg. RL Loss: 0.010, Avg. Length: 1095.4
Frame: 8860000, Avg. Reward: -20.889, Avg. RL Loss: 0.010, Avg. Length: 1068.9
Frame: 8870000, Avg. Reward: -20.900, Avg. RL Loss: 0.010, Avg. Length: 1074.1
Frame: 8880000, Avg. Reward: -20.778, Avg. RL Loss: 0.010, Avg. Length: 1064.1
Frame: 8890000, Avg. Reward: -20.778, Avg. RL Loss: 0.010, Avg. Length: 1094.7
Frame: 8900000, Avg. Reward: -20.778, Avg. RL Loss: 0.010, Avg. Length: 1093.3
Frame: 8910000, Avg. Reward: -20.889, Avg. RL Loss: 0.010, Avg. Length: 1091.2
Frame: 8920000, Avg. Reward: -20.444, Avg. RL Loss: 0.010, Avg. Length: 1101.2
Frame: 8930000, Avg. Reward: -20.444, Avg. RL Loss: 0.010, Avg. Length: 1124.7
Frame: 8940000, Avg. Reward: -20.889, Avg. RL Loss: 0.010, Avg. Length: 1075.2
Frame: 8950000, Avg. Reward: -20.700, Avg. RL Loss: 0.010, Avg. Length: 1085.2
Frame: 8960000, Avg. Reward: -20.889, Avg. RL Loss: 0.010, Avg. Length: 1094.7
Frame: 8970000, Avg. Reward: -20.778, Avg. RL Loss: 0.010, Avg. Length: 1068.0
Frame: 8980000, Avg. Reward: -20.800, Avg. RL Loss: 0.010, Avg. Length: 1063.5
Frame: 8990000, Avg. Reward: -21.000, Avg. RL Loss: 0.010, Avg. Length: 1038.9
Frame: 9000000, Avg. Reward: -20.900, Avg. RL Loss: 0.010, Avg. Length: 1075.8
Frame: 9010000, Avg. Reward: -20.889, Avg. RL Loss: 0.010, Avg. Length: 1058.9
Frame: 9020000, Avg. Reward: -21.000, Avg. RL Loss: 0.010, Avg. Length: 1036.7
Frame: 9030000, Avg. Reward: -20.778, Avg. RL Loss: 0.010, Avg. Length: 1059.1
Frame: 9040000, Avg. Reward: -20.556, Avg. RL Loss: 0.010, Avg. Length: 1100.9
Frame: 9050000, Avg. Reward: -20.900, Avg. RL Loss: 0.010, Avg. Length: 1037.3
Frame: 9060000, Avg. Reward: -20.889, Avg. RL Loss: 0.010, Avg. Length: 1113.0
Frame: 9070000, Avg. Reward: -20.556, Avg. RL Loss: 0.010, Avg. Length: 1095.9
Frame: 9080000, Avg. Reward: -20.889, Avg. RL Loss: 0.010, Avg. Length: 1081.3
Frame: 9090000, Avg. Reward: -20.900, Avg. RL Loss: 0.010, Avg. Length: 1076.3
Frame: 9100000, Avg. Reward: -20.889, Avg. RL Loss: 0.010, Avg. Length: 1069.8
Frame: 9110000, Avg. Reward: -20.667, Avg. RL Loss: 0.010, Avg. Length: 1104.6
Frame: 9120000, Avg. Reward: -21.000, Avg. RL Loss: 0.010, Avg. Length: 1068.9
Frame: 9130000, Avg. Reward: -20.900, Avg. RL Loss: 0.010, Avg. Length: 1070.0
Frame: 9140000, Avg. Reward: -20.556, Avg. RL Loss: 0.010, Avg. Length: 1123.6
Frame: 9150000, Avg. Reward: -20.889, Avg. RL Loss: 0.009, Avg. Length: 1046.3
Frame: 9160000, Avg. Reward: -21.000, Avg. RL Loss: 0.010, Avg. Length: 1061.7
Frame: 9170000, Avg. Reward: -20.600, Avg. RL Loss: 0.010, Avg. Length: 1106.0
Frame: 9180000, Avg. Reward: -20.778, Avg. RL Loss: 0.010, Avg. Length: 1088.0
Frame: 9190000, Avg. Reward: -20.889, Avg. RL Loss: 0.010, Avg. Length: 1092.6
Frame: 9200000, Avg. Reward: -20.778, Avg. RL Loss: 0.010, Avg. Length: 1074.8
Frame: 9210000, Avg. Reward: -20.778, Avg. RL Loss: 0.010, Avg. Length: 1076.6
Frame: 9220000, Avg. Reward: -20.700, Avg. RL Loss: 0.010, Avg. Length: 1102.6
Frame: 9230000, Avg. Reward: -20.889, Avg. RL Loss: 0.010, Avg. Length: 1073.0
Frame: 9240000, Avg. Reward: -20.889, Avg. RL Loss: 0.010, Avg. Length: 1076.2
Frame: 9250000, Avg. Reward: -20.778, Avg. RL Loss: 0.010, Avg. Length: 1076.0
Frame: 9260000, Avg. Reward: -20.556, Avg. RL Loss: 0.010, Avg. Length: 1107.2
Frame: 9270000, Avg. Reward: -20.800, Avg. RL Loss: 0.010, Avg. Length: 1081.7
Frame: 9280000, Avg. Reward: -20.556, Avg. RL Loss: 0.010, Avg. Length: 1097.4
Frame: 9290000, Avg. Reward: -21.000, Avg. RL Loss: 0.010, Avg. Length: 1036.8
Frame: 9300000, Avg. Reward: -21.000, Avg. RL Loss: 0.010, Avg. Length: 1041.7
Frame: 9310000, Avg. Reward: -20.778, Avg. RL Loss: 0.010, Avg. Length: 1055.1
Frame: 9320000, Avg. Reward: -20.800, Avg. RL Loss: 0.010, Avg. Length: 1095.2
Frame: 9330000, Avg. Reward: -21.000, Avg. RL Loss: 0.010, Avg. Length: 1052.9
Frame: 9340000, Avg. Reward: -20.778, Avg. RL Loss: 0.010, Avg. Length: 1076.3
Frame: 9350000, Avg. Reward: -20.556, Avg. RL Loss: 0.010, Avg. Length: 1108.1
Frame: 9360000, Avg. Reward: -20.778, Avg. RL Loss: 0.010, Avg. Length: 1130.1
Frame: 9370000, Avg. Reward: -20.800, Avg. RL Loss: 0.010, Avg. Length: 1062.8
Frame: 9380000, Avg. Reward: -20.556, Avg. RL Loss: 0.010, Avg. Length: 1088.0
Frame: 9390000, Avg. Reward: -20.889, Avg. RL Loss: 0.010, Avg. Length: 1068.4
Frame: 9400000, Avg. Reward: -21.000, Avg. RL Loss: 0.010, Avg. Length: 1067.1
Frame: 9410000, Avg. Reward: -20.667, Avg. RL Loss: 0.010, Avg. Length: 1090.8
Frame: 9420000, Avg. Reward: -21.000, Avg. RL Loss: 0.010, Avg. Length: 1059.7
Frame: 9430000, Avg. Reward: -20.800, Avg. RL Loss: 0.009, Avg. Length: 1072.0
Frame: 9440000, Avg. Reward: -20.778, Avg. RL Loss: 0.010, Avg. Length: 1074.0
Frame: 9450000, Avg. Reward: -20.889, Avg. RL Loss: 0.010, Avg. Length: 1101.4
Frame: 9460000, Avg. Reward: -20.889, Avg. RL Loss: 0.010, Avg. Length: 1058.7
Frame: 9470000, Avg. Reward: -20.900, Avg. RL Loss: 0.010, Avg. Length: 1078.1
Frame: 9480000, Avg. Reward: -20.889, Avg. RL Loss: 0.010, Avg. Length: 1072.9
Frame: 9490000, Avg. Reward: -21.000, Avg. RL Loss: 0.010, Avg. Length: 1064.1
Frame: 9500000, Avg. Reward: -20.900, Avg. RL Loss: 0.009, Avg. Length: 1086.3
Frame: 9510000, Avg. Reward: -20.667, Avg. RL Loss: 0.009, Avg. Length: 1109.7
Frame: 9520000, Avg. Reward: -20.556, Avg. RL Loss: 0.009, Avg. Length: 1111.9
Frame: 9530000, Avg. Reward: -20.778, Avg. RL Loss: 0.010, Avg. Length: 1067.3
Frame: 9540000, Avg. Reward: -20.900, Avg. RL Loss: 0.009, Avg. Length: 1045.6
Frame: 9550000, Avg. Reward: -21.000, Avg. RL Loss: 0.010, Avg. Length: 1055.3
Frame: 9560000, Avg. Reward: -20.778, Avg. RL Loss: 0.009, Avg. Length: 1097.9
Frame: 9570000, Avg. Reward: -20.889, Avg. RL Loss: 0.010, Avg. Length: 1074.7
Frame: 9580000, Avg. Reward: -20.900, Avg. RL Loss: 0.009, Avg. Length: 1075.8
Frame: 9590000, Avg. Reward: -20.778, Avg. RL Loss: 0.009, Avg. Length: 1076.6
Frame: 9600000, Avg. Reward: -21.000, Avg. RL Loss: 0.010, Avg. Length: 1041.5
Frame: 9610000, Avg. Reward: -20.778, Avg. RL Loss: 0.010, Avg. Length: 1105.2
Frame: 9620000, Avg. Reward: -21.000, Avg. RL Loss: 0.010, Avg. Length: 1056.1
Frame: 9630000, Avg. Reward: -20.778, Avg. RL Loss: 0.010, Avg. Length: 1085.8
Frame: 9640000, Avg. Reward: -20.900, Avg. RL Loss: 0.010, Avg. Length: 1052.9
Frame: 9650000, Avg. Reward: -20.556, Avg. RL Loss: 0.010, Avg. Length: 1089.4
Frame: 9660000, Avg. Reward: -20.778, Avg. RL Loss: 0.010, Avg. Length: 1071.9
Frame: 9670000, Avg. Reward: -20.800, Avg. RL Loss: 0.010, Avg. Length: 1083.8
Frame: 9680000, Avg. Reward: -20.778, Avg. RL Loss: 0.010, Avg. Length: 1075.1
Frame: 9690000, Avg. Reward: -20.667, Avg. RL Loss: 0.010, Avg. Length: 1081.0
Frame: 9700000, Avg. Reward: -20.889, Avg. RL Loss: 0.010, Avg. Length: 1077.7
Frame: 9710000, Avg. Reward: -20.800, Avg. RL Loss: 0.010, Avg. Length: 1051.2
Frame: 9720000, Avg. Reward: -21.000, Avg. RL Loss: 0.010, Avg. Length: 1035.6
Frame: 9730000, Avg. Reward: -20.900, Avg. RL Loss: 0.010, Avg. Length: 1061.1
Frame: 9740000, Avg. Reward: -20.778, Avg. RL Loss: 0.010, Avg. Length: 1090.1
Frame: 9750000, Avg. Reward: -21.000, Avg. RL Loss: 0.010, Avg. Length: 1053.4
Frame: 9760000, Avg. Reward: -20.667, Avg. RL Loss: 0.010, Avg. Length: 1118.4
Frame: 9770000, Avg. Reward: -20.889, Avg. RL Loss: 0.010, Avg. Length: 1072.9
Frame: 9780000, Avg. Reward: -20.667, Avg. RL Loss: 0.010, Avg. Length: 1081.2
Frame: 9790000, Avg. Reward: -20.889, Avg. RL Loss: 0.010, Avg. Length: 1080.7
Frame: 9800000, Avg. Reward: -20.800, Avg. RL Loss: 0.010, Avg. Length: 1073.0
Frame: 9810000, Avg. Reward: -21.000, Avg. RL Loss: 0.010, Avg. Length: 1043.2
Frame: 9820000, Avg. Reward: -20.667, Avg. RL Loss: 0.010, Avg. Length: 1111.3
Frame: 9830000, Avg. Reward: -20.700, Avg. RL Loss: 0.010, Avg. Length: 1074.5
Frame: 9840000, Avg. Reward: -20.667, Avg. RL Loss: 0.010, Avg. Length: 1099.7
Frame: 9850000, Avg. Reward: -20.889, Avg. RL Loss: 0.010, Avg. Length: 1052.8
Frame: 9860000, Avg. Reward: -21.000, Avg. RL Loss: 0.010, Avg. Length: 1058.0
Frame: 9870000, Avg. Reward: -20.889, Avg. RL Loss: 0.010, Avg. Length: 1057.4
Frame: 9880000, Avg. Reward: -20.900, Avg. RL Loss: 0.010, Avg. Length: 1060.0
Frame: 9890000, Avg. Reward: -20.778, Avg. RL Loss: 0.010, Avg. Length: 1069.3
Frame: 9900000, Avg. Reward: -20.889, Avg. RL Loss: 0.010, Avg. Length: 1114.0
Frame: 9910000, Avg. Reward: -20.889, Avg. RL Loss: 0.010, Avg. Length: 1055.3
Frame: 9920000, Avg. Reward: -20.700, Avg. RL Loss: 0.010, Avg. Length: 1086.1
Frame: 9930000, Avg. Reward: -20.778, Avg. RL Loss: 0.010, Avg. Length: 1081.2
Frame: 9940000, Avg. Reward: -20.667, Avg. RL Loss: 0.009, Avg. Length: 1060.1
Frame: 9950000, Avg. Reward: -20.800, Avg. RL Loss: 0.010, Avg. Length: 1072.8
Frame: 9960000, Avg. Reward: -20.667, Avg. RL Loss: 0.010, Avg. Length: 1081.9
Frame: 9970000, Avg. Reward: -20.889, Avg. RL Loss: 0.010, Avg. Length: 1069.7
Frame: 9980000, Avg. Reward: -20.900, Avg. RL Loss: 0.010, Avg. Length: 1029.6
Frame: 9990000, Avg. Reward: -20.889, Avg. RL Loss: 0.010, Avg. Length: 1067.2
Frame: 10000000, Avg. Reward: -20.900, Avg. RL Loss: 0.010, Avg. Length: 1061.8
Frame: 10010000, Avg. Reward: -20.889, Avg. RL Loss: 0.010, Avg. Length: 1068.4
Frame: 10020000, Avg. Reward: -20.889, Avg. RL Loss: 0.010, Avg. Length: 1079.6
Frame: 10030000, Avg. Reward: -20.778, Avg. RL Loss: 0.010, Avg. Length: 1087.7
Frame: 10040000, Avg. Reward: -20.800, Avg. RL Loss: 0.010, Avg. Length: 1056.5
Frame: 10050000, Avg. Reward: -20.778, Avg. RL Loss: 0.010, Avg. Length: 1084.6
Frame: 10060000, Avg. Reward: -20.900, Avg. RL Loss: 0.010, Avg. Length: 1062.3
Frame: 10070000, Avg. Reward: -20.778, Avg. RL Loss: 0.010, Avg. Length: 1091.6
Frame: 10080000, Avg. Reward: -20.778, Avg. RL Loss: 0.010, Avg. Length: 1064.1
Frame: 10090000, Avg. Reward: -20.556, Avg. RL Loss: 0.010, Avg. Length: 1109.6
Frame: 10100000, Avg. Reward: -21.000, Avg. RL Loss: 0.010, Avg. Length: 1067.1
Frame: 10110000, Avg. Reward: -21.000, Avg. RL Loss: 0.010, Avg. Length: 1046.6
Frame: 10120000, Avg. Reward: -20.778, Avg. RL Loss: 0.010, Avg. Length: 1074.1
Frame: 10130000, Avg. Reward: -20.800, Avg. RL Loss: 0.010, Avg. Length: 1062.2
Frame: 10140000, Avg. Reward: -20.889, Avg. RL Loss: 0.009, Avg. Length: 1082.8
Frame: 10150000, Avg. Reward: -21.000, Avg. RL Loss: 0.009, Avg. Length: 1044.7
Frame: 10160000, Avg. Reward: -21.000, Avg. RL Loss: 0.010, Avg. Length: 1083.2
Frame: 10170000, Avg. Reward: -21.000, Avg. RL Loss: 0.010, Avg. Length: 1057.4
Frame: 10180000, Avg. Reward: -20.900, Avg. RL Loss: 0.009, Avg. Length: 1064.9
Frame: 10190000, Avg. Reward: -21.000, Avg. RL Loss: 0.010, Avg. Length: 1061.3
Frame: 10200000, Avg. Reward: -20.889, Avg. RL Loss: 0.010, Avg. Length: 1059.9
Frame: 10210000, Avg. Reward: -21.000, Avg. RL Loss: 0.009, Avg. Length: 1065.5
Frame: 10220000, Avg. Reward: -20.889, Avg. RL Loss: 0.010, Avg. Length: 1078.9
Frame: 10230000, Avg. Reward: -21.000, Avg. RL Loss: 0.009, Avg. Length: 1067.9
Frame: 10240000, Avg. Reward: -21.000, Avg. RL Loss: 0.010, Avg. Length: 1075.4
Frame: 10250000, Avg. Reward: -20.667, Avg. RL Loss: 0.010, Avg. Length: 1091.6
Frame: 10260000, Avg. Reward: -21.000, Avg. RL Loss: 0.010, Avg. Length: 1049.9
Frame: 10270000, Avg. Reward: -20.600, Avg. RL Loss: 0.010, Avg. Length: 1083.7
Frame: 10280000, Avg. Reward: -20.778, Avg. RL Loss: 0.009, Avg. Length: 1117.1
Frame: 10290000, Avg. Reward: -20.889, Avg. RL Loss: 0.010, Avg. Length: 1065.0
Frame: 10300000, Avg. Reward: -20.778, Avg. RL Loss: 0.010, Avg. Length: 1066.8
Frame: 10310000, Avg. Reward: -20.700, Avg. RL Loss: 0.009, Avg. Length: 1097.5
Frame: 10320000, Avg. Reward: -21.000, Avg. RL Loss: 0.010, Avg. Length: 1057.0
Frame: 10330000, Avg. Reward: -20.667, Avg. RL Loss: 0.010, Avg. Length: 1115.2
Frame: 10340000, Avg. Reward: -21.000, Avg. RL Loss: 0.010, Avg. Length: 1053.9
Frame: 10350000, Avg. Reward: -21.000, Avg. RL Loss: 0.010, Avg. Length: 1087.5
Frame: 10360000, Avg. Reward: -20.889, Avg. RL Loss: 0.010, Avg. Length: 1061.6
Frame: 10370000, Avg. Reward: -20.667, Avg. RL Loss: 0.010, Avg. Length: 1099.6
Frame: 10380000, Avg. Reward: -20.900, Avg. RL Loss: 0.010, Avg. Length: 1055.8
Frame: 10390000, Avg. Reward: -20.889, Avg. RL Loss: 0.010, Avg. Length: 1062.7
Frame: 10400000, Avg. Reward: -20.889, Avg. RL Loss: 0.010, Avg. Length: 1059.3
Frame: 10410000, Avg. Reward: -21.000, Avg. RL Loss: 0.010, Avg. Length: 1080.5
Frame: 10420000, Avg. Reward: -21.000, Avg. RL Loss: 0.010, Avg. Length: 1039.8
Frame: 10430000, Avg. Reward: -20.900, Avg. RL Loss: 0.010, Avg. Length: 1078.9
Frame: 10440000, Avg. Reward: -21.000, Avg. RL Loss: 0.010, Avg. Length: 1083.7
Frame: 10450000, Avg. Reward: -20.889, Avg. RL Loss: 0.009, Avg. Length: 1095.4
Frame: 10460000, Avg. Reward: -20.778, Avg. RL Loss: 0.010, Avg. Length: 1077.8
Frame: 10470000, Avg. Reward: -20.778, Avg. RL Loss: 0.010, Avg. Length: 1086.1
Frame: 10480000, Avg. Reward: -20.900, Avg. RL Loss: 0.010, Avg. Length: 1057.7
Frame: 10490000, Avg. Reward: -20.889, Avg. RL Loss: 0.010, Avg. Length: 1070.9
Frame: 10500000, Avg. Reward: -20.800, Avg. RL Loss: 0.010, Avg. Length: 1071.5
Frame: 10510000, Avg. Reward: -21.000, Avg. RL Loss: 0.010, Avg. Length: 1048.3
Frame: 10520000, Avg. Reward: -20.900, Avg. RL Loss: 0.010, Avg. Length: 1053.4
Frame: 10530000, Avg. Reward: -20.667, Avg. RL Loss: 0.010, Avg. Length: 1088.0
Frame: 10540000, Avg. Reward: -20.889, Avg. RL Loss: 0.010, Avg. Length: 1071.2
Frame: 10550000, Avg. Reward: -20.889, Avg. RL Loss: 0.010, Avg. Length: 1083.9
Frame: 10560000, Avg. Reward: -20.889, Avg. RL Loss: 0.009, Avg. Length: 1126.0
Frame: 10570000, Avg. Reward: -20.778, Avg. RL Loss: 0.010, Avg. Length: 1110.1
Frame: 10580000, Avg. Reward: -20.889, Avg. RL Loss: 0.010, Avg. Length: 1100.1
Frame: 10590000, Avg. Reward: -20.700, Avg. RL Loss: 0.010, Avg. Length: 1081.6
Frame: 10600000, Avg. Reward: -20.667, Avg. RL Loss: 0.010, Avg. Length: 1082.1
Frame: 10610000, Avg. Reward: -21.000, Avg. RL Loss: 0.010, Avg. Length: 1090.4
Frame: 10620000, Avg. Reward: -20.900, Avg. RL Loss: 0.010, Avg. Length: 1041.4
Frame: 10630000, Avg. Reward: -21.000, Avg. RL Loss: 0.010, Avg. Length: 1037.3
Frame: 10640000, Avg. Reward: -20.900, Avg. RL Loss: 0.010, Avg. Length: 1045.5
Frame: 10650000, Avg. Reward: -20.556, Avg. RL Loss: 0.010, Avg. Length: 1081.7
Frame: 10660000, Avg. Reward: -21.000, Avg. RL Loss: 0.010, Avg. Length: 1041.4
Frame: 10670000, Avg. Reward: -20.778, Avg. RL Loss: 0.009, Avg. Length: 1084.0
Frame: 10680000, Avg. Reward: -20.556, Avg. RL Loss: 0.009, Avg. Length: 1101.0
Frame: 10690000, Avg. Reward: -21.000, Avg. RL Loss: 0.010, Avg. Length: 1055.9
Frame: 10700000, Avg. Reward: -20.778, Avg. RL Loss: 0.010, Avg. Length: 1114.2
Frame: 10710000, Avg. Reward: -20.800, Avg. RL Loss: 0.010, Avg. Length: 1086.7
Frame: 10720000, Avg. Reward: -20.889, Avg. RL Loss: 0.010, Avg. Length: 1060.9
Frame: 10730000, Avg. Reward: -21.000, Avg. RL Loss: 0.010, Avg. Length: 1049.5
Frame: 10740000, Avg. Reward: -20.889, Avg. RL Loss: 0.010, Avg. Length: 1077.0
Frame: 10750000, Avg. Reward: -20.667, Avg. RL Loss: 0.010, Avg. Length: 1073.3
Frame: 10760000, Avg. Reward: -20.556, Avg. RL Loss: 0.010, Avg. Length: 1100.9
Frame: 10770000, Avg. Reward: -20.889, Avg. RL Loss: 0.010, Avg. Length: 1085.6
Frame: 10780000, Avg. Reward: -20.900, Avg. RL Loss: 0.010, Avg. Length: 1060.9
Frame: 10790000, Avg. Reward: -20.889, Avg. RL Loss: 0.010, Avg. Length: 1087.7
Frame: 10800000, Avg. Reward: -20.889, Avg. RL Loss: 0.010, Avg. Length: 1079.0
Frame: 10810000, Avg. Reward: -20.900, Avg. RL Loss: 0.010, Avg. Length: 1074.7
Frame: 10820000, Avg. Reward: -21.000, Avg. RL Loss: 0.010, Avg. Length: 1051.4
Frame: 10830000, Avg. Reward: -20.667, Avg. RL Loss: 0.010, Avg. Length: 1119.9
Frame: 10840000, Avg. Reward: -21.000, Avg. RL Loss: 0.010, Avg. Length: 1025.2
Frame: 10850000, Avg. Reward: -20.778, Avg. RL Loss: 0.010, Avg. Length: 1071.8
Frame: 10860000, Avg. Reward: -20.778, Avg. RL Loss: 0.010, Avg. Length: 1075.6
Frame: 10870000, Avg. Reward: -21.000, Avg. RL Loss: 0.010, Avg. Length: 1038.6
Frame: 10880000, Avg. Reward: -20.778, Avg. RL Loss: 0.010, Avg. Length: 1087.8
Frame: 10890000, Avg. Reward: -20.778, Avg. RL Loss: 0.010, Avg. Length: 1103.3
Frame: 10900000, Avg. Reward: -20.800, Avg. RL Loss: 0.010, Avg. Length: 1071.0
Frame: 10910000, Avg. Reward: -20.889, Avg. RL Loss: 0.010, Avg. Length: 1102.1
Frame: 10920000, Avg. Reward: -20.889, Avg. RL Loss: 0.010, Avg. Length: 1075.2
Frame: 10930000, Avg. Reward: -20.778, Avg. RL Loss: 0.009, Avg. Length: 1083.8
Frame: 10940000, Avg. Reward: -20.444, Avg. RL Loss: 0.009, Avg. Length: 1084.3
Frame: 10950000, Avg. Reward: -21.000, Avg. RL Loss: 0.010, Avg. Length: 1037.0
Frame: 10960000, Avg. Reward: -21.000, Avg. RL Loss: 0.010, Avg. Length: 1064.6
Frame: 10970000, Avg. Reward: -20.778, Avg. RL Loss: 0.010, Avg. Length: 1060.3
Frame: 10980000, Avg. Reward: -20.889, Avg. RL Loss: 0.010, Avg. Length: 1069.1
Frame: 10990000, Avg. Reward: -20.900, Avg. RL Loss: 0.010, Avg. Length: 1090.4
Frame: 11000000, Avg. Reward: -20.500, Avg. RL Loss: 0.010, Avg. Length: 1108.6
Frame: 11010000, Avg. Reward: -20.600, Avg. RL Loss: 0.010, Avg. Length: 1100.5
Frame: 11020000, Avg. Reward: -20.778, Avg. RL Loss: 0.010, Avg. Length: 1108.9
Frame: 11030000, Avg. Reward: -20.444, Avg. RL Loss: 0.010, Avg. Length: 1113.1
Frame: 11040000, Avg. Reward: -21.000, Avg. RL Loss: 0.010, Avg. Length: 1048.7
Frame: 11050000, Avg. Reward: -20.800, Avg. RL Loss: 0.010, Avg. Length: 1064.1
Frame: 11060000, Avg. Reward: -20.778, Avg. RL Loss: 0.010, Avg. Length: 1061.6
Frame: 11070000, Avg. Reward: -20.778, Avg. RL Loss: 0.010, Avg. Length: 1073.2
Frame: 11080000, Avg. Reward: -20.800, Avg. RL Loss: 0.010, Avg. Length: 1060.7
Frame: 11090000, Avg. Reward: -21.000, Avg. RL Loss: 0.010, Avg. Length: 1050.0
Frame: 11100000, Avg. Reward: -20.800, Avg. RL Loss: 0.010, Avg. Length: 1055.5
Frame: 11110000, Avg. Reward: -21.000, Avg. RL Loss: 0.010, Avg. Length: 1067.8
Frame: 11120000, Avg. Reward: -21.000, Avg. RL Loss: 0.010, Avg. Length: 1091.6
Frame: 11130000, Avg. Reward: -20.889, Avg. RL Loss: 0.010, Avg. Length: 1073.9
Frame: 11140000, Avg. Reward: -20.800, Avg. RL Loss: 0.010, Avg. Length: 1100.8
Frame: 11150000, Avg. Reward: -20.500, Avg. RL Loss: 0.010, Avg. Length: 1127.8
Frame: 11160000, Avg. Reward: -20.700, Avg. RL Loss: 0.010, Avg. Length: 1072.2
Frame: 11170000, Avg. Reward: -20.889, Avg. RL Loss: 0.009, Avg. Length: 1063.3
Frame: 11180000, Avg. Reward: -20.700, Avg. RL Loss: 0.010, Avg. Length: 1079.4
Frame: 11190000, Avg. Reward: -20.667, Avg. RL Loss: 0.010, Avg. Length: 1086.9
Frame: 11200000, Avg. Reward: -21.000, Avg. RL Loss: 0.010, Avg. Length: 1059.2
Frame: 11210000, Avg. Reward: -21.000, Avg. RL Loss: 0.010, Avg. Length: 1037.6
Frame: 11220000, Avg. Reward: -21.000, Avg. RL Loss: 0.010, Avg. Length: 1077.4
Frame: 11230000, Avg. Reward: -21.000, Avg. RL Loss: 0.010, Avg. Length: 1059.6
Frame: 11240000, Avg. Reward: -20.889, Avg. RL Loss: 0.010, Avg. Length: 1059.8
Frame: 11250000, Avg. Reward: -21.000, Avg. RL Loss: 0.010, Avg. Length: 1063.9
Frame: 11260000, Avg. Reward: -20.700, Avg. RL Loss: 0.010, Avg. Length: 1059.8
Frame: 11270000, Avg. Reward: -20.778, Avg. RL Loss: 0.010, Avg. Length: 1085.0
Frame: 11280000, Avg. Reward: -20.900, Avg. RL Loss: 0.010, Avg. Length: 1049.9
Frame: 11290000, Avg. Reward: -20.889, Avg. RL Loss: 0.010, Avg. Length: 1059.1
Frame: 11300000, Avg. Reward: -21.000, Avg. RL Loss: 0.010, Avg. Length: 1061.1
Frame: 11310000, Avg. Reward: -20.889, Avg. RL Loss: 0.010, Avg. Length: 1102.9
Frame: 11320000, Avg. Reward: -20.600, Avg. RL Loss: 0.009, Avg. Length: 1094.6
Frame: 11330000, Avg. Reward: -20.778, Avg. RL Loss: 0.010, Avg. Length: 1066.7
Frame: 11340000, Avg. Reward: -21.000, Avg. RL Loss: 0.010, Avg. Length: 1068.0
Frame: 11350000, Avg. Reward: -20.700, Avg. RL Loss: 0.010, Avg. Length: 1085.5
Frame: 11360000, Avg. Reward: -20.778, Avg. RL Loss: 0.010, Avg. Length: 1070.7
Frame: 11370000, Avg. Reward: -20.667, Avg. RL Loss: 0.010, Avg. Length: 1092.0
Frame: 11380000, Avg. Reward: -21.000, Avg. RL Loss: 0.010, Avg. Length: 1052.6
Frame: 11390000, Avg. Reward: -21.000, Avg. RL Loss: 0.010, Avg. Length: 1067.7
Frame: 11400000, Avg. Reward: -21.000, Avg. RL Loss: 0.010, Avg. Length: 1062.0
Frame: 11410000, Avg. Reward: -20.667, Avg. RL Loss: 0.010, Avg. Length: 1123.8
Frame: 11420000, Avg. Reward: -20.900, Avg. RL Loss: 0.010, Avg. Length: 1062.1
Frame: 11430000, Avg. Reward: -20.333, Avg. RL Loss: 0.010, Avg. Length: 1122.2
Frame: 11440000, Avg. Reward: -20.889, Avg. RL Loss: 0.010, Avg. Length: 1085.2
Frame: 11450000, Avg. Reward: -20.667, Avg. RL Loss: 0.010, Avg. Length: 1083.0
Frame: 11460000, Avg. Reward: -20.556, Avg. RL Loss: 0.010, Avg. Length: 1129.0
Frame: 11470000, Avg. Reward: -21.000, Avg. RL Loss: 0.010, Avg. Length: 1065.4
Frame: 11480000, Avg. Reward: -20.778, Avg. RL Loss: 0.010, Avg. Length: 1085.3
Frame: 11490000, Avg. Reward: -20.700, Avg. RL Loss: 0.010, Avg. Length: 1066.7
Frame: 11500000, Avg. Reward: -21.000, Avg. RL Loss: 0.010, Avg. Length: 1083.9
Frame: 11510000, Avg. Reward: -21.000, Avg. RL Loss: 0.010, Avg. Length: 1055.6
Frame: 11520000, Avg. Reward: -21.000, Avg. RL Loss: 0.010, Avg. Length: 1065.0
Frame: 11530000, Avg. Reward: -21.000, Avg. RL Loss: 0.010, Avg. Length: 1065.7
Frame: 11540000, Avg. Reward: -21.000, Avg. RL Loss: 0.010, Avg. Length: 1046.6
Frame: 11550000, Avg. Reward: -20.778, Avg. RL Loss: 0.010, Avg. Length: 1078.4
Frame: 11560000, Avg. Reward: -20.889, Avg. RL Loss: 0.010, Avg. Length: 1091.2
Frame: 11570000, Avg. Reward: -20.900, Avg. RL Loss: 0.010, Avg. Length: 1084.4
Frame: 11580000, Avg. Reward: -21.000, Avg. RL Loss: 0.009, Avg. Length: 1095.2
Frame: 11590000, Avg. Reward: -20.889, Avg. RL Loss: 0.010, Avg. Length: 1055.7
Frame: 11600000, Avg. Reward: -21.000, Avg. RL Loss: 0.010, Avg. Length: 1096.7
Frame: 11610000, Avg. Reward: -20.667, Avg. RL Loss: 0.009, Avg. Length: 1097.1
Frame: 11620000, Avg. Reward: -21.000, Avg. RL Loss: 0.010, Avg. Length: 1051.4
Frame: 11630000, Avg. Reward: -21.000, Avg. RL Loss: 0.010, Avg. Length: 1051.0
Frame: 11640000, Avg. Reward: -20.900, Avg. RL Loss: 0.009, Avg. Length: 1053.8
Frame: 11650000, Avg. Reward: -20.778, Avg. RL Loss: 0.010, Avg. Length: 1093.6
Frame: 11660000, Avg. Reward: -20.778, Avg. RL Loss: 0.009, Avg. Length: 1093.0
Frame: 11670000, Avg. Reward: -20.778, Avg. RL Loss: 0.009, Avg. Length: 1054.0
Frame: 11680000, Avg. Reward: -20.900, Avg. RL Loss: 0.010, Avg. Length: 1077.7
Frame: 11690000, Avg. Reward: -21.000, Avg. RL Loss: 0.010, Avg. Length: 1039.1
Frame: 11700000, Avg. Reward: -20.778, Avg. RL Loss: 0.010, Avg. Length: 1060.7
Frame: 11710000, Avg. Reward: -20.778, Avg. RL Loss: 0.010, Avg. Length: 1090.0
Frame: 11720000, Avg. Reward: -21.000, Avg. RL Loss: 0.010, Avg. Length: 1062.6
Frame: 11730000, Avg. Reward: -21.000, Avg. RL Loss: 0.010, Avg. Length: 1070.8
Frame: 11740000, Avg. Reward: -20.889, Avg. RL Loss: 0.010, Avg. Length: 1081.8
Frame: 11750000, Avg. Reward: -20.900, Avg. RL Loss: 0.009, Avg. Length: 1056.4
Frame: 11760000, Avg. Reward: -20.778, Avg. RL Loss: 0.010, Avg. Length: 1097.7
Frame: 11770000, Avg. Reward: -20.778, Avg. RL Loss: 0.010, Avg. Length: 1081.4
Frame: 11780000, Avg. Reward: -21.000, Avg. RL Loss: 0.010, Avg. Length: 1050.1
Frame: 11790000, Avg. Reward: -20.889, Avg. RL Loss: 0.010, Avg. Length: 1065.4
Frame: 11800000, Avg. Reward: -20.556, Avg. RL Loss: 0.010, Avg. Length: 1091.8
Frame: 11810000, Avg. Reward: -20.778, Avg. RL Loss: 0.010, Avg. Length: 1074.3
Frame: 11820000, Avg. Reward: -20.900, Avg. RL Loss: 0.010, Avg. Length: 1068.8
Frame: 11830000, Avg. Reward: -20.889, Avg. RL Loss: 0.010, Avg. Length: 1108.8
Frame: 11840000, Avg. Reward: -20.778, Avg. RL Loss: 0.010, Avg. Length: 1046.3
Frame: 11850000, Avg. Reward: -20.667, Avg. RL Loss: 0.010, Avg. Length: 1100.9
Frame: 11860000, Avg. Reward: -20.900, Avg. RL Loss: 0.010, Avg. Length: 1057.2
Frame: 11870000, Avg. Reward: -20.556, Avg. RL Loss: 0.009, Avg. Length: 1116.8
Frame: 11880000, Avg. Reward: -20.778, Avg. RL Loss: 0.010, Avg. Length: 1101.3
Frame: 11890000, Avg. Reward: -20.778, Avg. RL Loss: 0.009, Avg. Length: 1045.6
Frame: 11900000, Avg. Reward: -20.800, Avg. RL Loss: 0.010, Avg. Length: 1066.7
Frame: 11910000, Avg. Reward: -20.778, Avg. RL Loss: 0.010, Avg. Length: 1091.1
Frame: 11920000, Avg. Reward: -20.889, Avg. RL Loss: 0.010, Avg. Length: 1064.6
Frame: 11930000, Avg. Reward: -21.000, Avg. RL Loss: 0.010, Avg. Length: 1068.1
Frame: 11940000, Avg. Reward: -20.889, Avg. RL Loss: 0.010, Avg. Length: 1097.1
Frame: 11950000, Avg. Reward: -20.889, Avg. RL Loss: 0.010, Avg. Length: 1042.8
Frame: 11960000, Avg. Reward: -20.556, Avg. RL Loss: 0.010, Avg. Length: 1130.3
Frame: 11970000, Avg. Reward: -20.800, Avg. RL Loss: 0.010, Avg. Length: 1067.3
Frame: 11980000, Avg. Reward: -20.889, Avg. RL Loss: 0.010, Avg. Length: 1051.1
Frame: 11990000, Avg. Reward: -20.900, Avg. RL Loss: 0.010, Avg. Length: 1041.4
Frame: 12000000, Avg. Reward: -20.556, Avg. RL Loss: 0.010, Avg. Length: 1100.3
Frame: 12010000, Avg. Reward: -20.889, Avg. RL Loss: 0.010, Avg. Length: 1071.3
Frame: 12020000, Avg. Reward: -21.000, Avg. RL Loss: 0.010, Avg. Length: 1055.8
Frame: 12030000, Avg. Reward: -20.889, Avg. RL Loss: 0.009, Avg. Length: 1122.3
Frame: 12040000, Avg. Reward: -20.889, Avg. RL Loss: 0.010, Avg. Length: 1095.2
Frame: 12050000, Avg. Reward: -21.000, Avg. RL Loss: 0.010, Avg. Length: 1064.6
Frame: 12060000, Avg. Reward: -20.900, Avg. RL Loss: 0.010, Avg. Length: 1039.0
Frame: 12070000, Avg. Reward: -20.778, Avg. RL Loss: 0.010, Avg. Length: 1062.9
Frame: 12080000, Avg. Reward: -20.900, Avg. RL Loss: 0.010, Avg. Length: 1068.5
Frame: 12090000, Avg. Reward: -20.889, Avg. RL Loss: 0.010, Avg. Length: 1100.0
Frame: 12100000, Avg. Reward: -20.556, Avg. RL Loss: 0.010, Avg. Length: 1103.7
Frame: 12110000, Avg. Reward: -20.889, Avg. RL Loss: 0.010, Avg. Length: 1081.0
Frame: 12120000, Avg. Reward: -21.000, Avg. RL Loss: 0.010, Avg. Length: 1079.4
Frame: 12130000, Avg. Reward: -21.000, Avg. RL Loss: 0.010, Avg. Length: 1080.8
Frame: 12140000, Avg. Reward: -20.667, Avg. RL Loss: 0.010, Avg. Length: 1111.7
Frame: 12150000, Avg. Reward: -20.700, Avg. RL Loss: 0.010, Avg. Length: 1093.0
Frame: 12160000, Avg. Reward: -20.889, Avg. RL Loss: 0.010, Avg. Length: 1086.8
Frame: 12170000, Avg. Reward: -20.889, Avg. RL Loss: 0.010, Avg. Length: 1083.7
Frame: 12180000, Avg. Reward: -20.889, Avg. RL Loss: 0.010, Avg. Length: 1060.6
Frame: 12190000, Avg. Reward: -20.800, Avg. RL Loss: 0.010, Avg. Length: 1062.1
Frame: 12200000, Avg. Reward: -20.667, Avg. RL Loss: 0.010, Avg. Length: 1103.0
Frame: 12210000, Avg. Reward: -20.778, Avg. RL Loss: 0.009, Avg. Length: 1082.2
Frame: 12220000, Avg. Reward: -20.778, Avg. RL Loss: 0.010, Avg. Length: 1077.3
Frame: 12230000, Avg. Reward: -20.900, Avg. RL Loss: 0.010, Avg. Length: 1081.9
Frame: 12240000, Avg. Reward: -20.778, Avg. RL Loss: 0.010, Avg. Length: 1088.7
Frame: 12250000, Avg. Reward: -21.000, Avg. RL Loss: 0.010, Avg. Length: 1059.9
Frame: 12260000, Avg. Reward: -20.800, Avg. RL Loss: 0.009, Avg. Length: 1076.5
Frame: 12270000, Avg. Reward: -21.000, Avg. RL Loss: 0.009, Avg. Length: 1055.6
Frame: 12280000, Avg. Reward: -20.778, Avg. RL Loss: 0.010, Avg. Length: 1088.4
Frame: 12290000, Avg. Reward: -21.000, Avg. RL Loss: 0.009, Avg. Length: 1062.8
Frame: 12300000, Avg. Reward: -21.000, Avg. RL Loss: 0.010, Avg. Length: 1041.6