                          Options
                          seed: 1122
                          batch_size: 32
                          no_cuda: False
                          max_frames: 10000000
                          buffer_size: 100000
                          update_target: 1000
                          train_freq: 1
                          gamma: 0.99
                          eta: 0.1
                          rl_start: 10000
                          sl_start: 1000
                          dueling: False
                          multi_step: 1
                          env: SlimeVolley-v0
                          negative: False
                          load_model: None
                          save_model: model
                          evaluate: False
                          render: False
                          evaluation_interval: 10000
                          lr: 0.0001
                          max_tag_interval: 1000
                          eps_start: 1.0
                          eps_final: 0.01
                          eps_decay: 30000
                          cuda: True
                          device: cuda:1
Box(-3.4028234663852886e+38, 3.4028234663852886e+38, (12,), float32) Discrete(6)
Frame: 10000, Avg. Reward: -4.750, Avg. RL Loss: nan, Avg. Length: 610.9
Frame: 20000, Avg. Reward: -4.882, Avg. RL Loss: 0.005, Avg. Length: 593.2
Frame: 30000, Avg. Reward: -4.938, Avg. RL Loss: 0.004, Avg. Length: 626.3
Frame: 40000, Avg. Reward: -4.733, Avg. RL Loss: 0.004, Avg. Length: 645.2
Frame: 50000, Avg. Reward: -4.706, Avg. RL Loss: 0.004, Avg. Length: 578.4
Frame: 60000, Avg. Reward: -4.895, Avg. RL Loss: 0.006, Avg. Length: 553.8
Frame: 70000, Avg. Reward: -4.941, Avg. RL Loss: 0.006, Avg. Length: 561.3
Frame: 80000, Avg. Reward: -4.944, Avg. RL Loss: 0.007, Avg. Length: 579.3
Frame: 90000, Avg. Reward: -4.833, Avg. RL Loss: 0.006, Avg. Length: 557.8
Frame: 100000, Avg. Reward: -4.824, Avg. RL Loss: 0.006, Avg. Length: 586.6
Frame: 110000, Avg. Reward: -4.941, Avg. RL Loss: 0.006, Avg. Length: 584.7
Frame: 120000, Avg. Reward: -4.941, Avg. RL Loss: 0.006, Avg. Length: 581.6
Frame: 130000, Avg. Reward: -4.882, Avg. RL Loss: 0.006, Avg. Length: 544.4
Frame: 140000, Avg. Reward: -4.941, Avg. RL Loss: 0.006, Avg. Length: 610.9
Frame: 150000, Avg. Reward: -4.941, Avg. RL Loss: 0.006, Avg. Length: 570.6
Frame: 160000, Avg. Reward: -4.588, Avg. RL Loss: 0.006, Avg. Length: 607.8
Frame: 170000, Avg. Reward: -4.938, Avg. RL Loss: 0.006, Avg. Length: 626.0
Frame: 180000, Avg. Reward: -5.000, Avg. RL Loss: 0.006, Avg. Length: 567.2
Frame: 190000, Avg. Reward: -4.812, Avg. RL Loss: 0.006, Avg. Length: 596.4
Frame: 200000, Avg. Reward: -4.824, Avg. RL Loss: 0.006, Avg. Length: 614.8
Frame: 210000, Avg. Reward: -4.882, Avg. RL Loss: 0.006, Avg. Length: 596.5
Frame: 220000, Avg. Reward: -4.882, Avg. RL Loss: 0.006, Avg. Length: 594.9
Frame: 230000, Avg. Reward: -4.938, Avg. RL Loss: 0.006, Avg. Length: 618.0
Frame: 240000, Avg. Reward: -4.812, Avg. RL Loss: 0.006, Avg. Length: 593.3
Frame: 250000, Avg. Reward: -4.833, Avg. RL Loss: 0.006, Avg. Length: 602.3
Frame: 260000, Avg. Reward: -4.750, Avg. RL Loss: 0.006, Avg. Length: 609.8
Frame: 270000, Avg. Reward: -4.941, Avg. RL Loss: 0.006, Avg. Length: 587.1
Frame: 280000, Avg. Reward: -4.812, Avg. RL Loss: 0.006, Avg. Length: 597.4
Frame: 290000, Avg. Reward: -4.889, Avg. RL Loss: 0.006, Avg. Length: 583.8
Frame: 300000, Avg. Reward: -4.933, Avg. RL Loss: 0.006, Avg. Length: 635.3
Frame: 310000, Avg. Reward: -4.706, Avg. RL Loss: 0.006, Avg. Length: 589.7
Frame: 320000, Avg. Reward: -4.875, Avg. RL Loss: 0.006, Avg. Length: 639.6
Frame: 330000, Avg. Reward: -4.824, Avg. RL Loss: 0.006, Avg. Length: 533.6
Frame: 340000, Avg. Reward: -4.750, Avg. RL Loss: 0.006, Avg. Length: 640.2
Frame: 350000, Avg. Reward: -4.882, Avg. RL Loss: 0.006, Avg. Length: 578.4
Frame: 360000, Avg. Reward: -4.882, Avg. RL Loss: 0.006, Avg. Length: 568.5
Frame: 370000, Avg. Reward: -4.765, Avg. RL Loss: 0.006, Avg. Length: 617.6
Frame: 380000, Avg. Reward: -4.812, Avg. RL Loss: 0.006, Avg. Length: 613.0
Frame: 390000, Avg. Reward: -4.778, Avg. RL Loss: 0.006, Avg. Length: 553.1
Frame: 400000, Avg. Reward: -4.944, Avg. RL Loss: 0.006, Avg. Length: 578.9
Frame: 410000, Avg. Reward: -4.647, Avg. RL Loss: 0.006, Avg. Length: 569.4
Frame: 420000, Avg. Reward: -4.765, Avg. RL Loss: 0.006, Avg. Length: 577.8
Frame: 430000, Avg. Reward: -4.882, Avg. RL Loss: 0.006, Avg. Length: 608.7
Frame: 440000, Avg. Reward: -4.882, Avg. RL Loss: 0.006, Avg. Length: 573.8
Frame: 450000, Avg. Reward: -4.944, Avg. RL Loss: 0.006, Avg. Length: 580.1
Frame: 460000, Avg. Reward: -4.882, Avg. RL Loss: 0.006, Avg. Length: 574.1
Frame: 470000, Avg. Reward: -5.000, Avg. RL Loss: 0.006, Avg. Length: 636.7
Frame: 480000, Avg. Reward: -4.833, Avg. RL Loss: 0.006, Avg. Length: 575.3
Frame: 490000, Avg. Reward: -4.944, Avg. RL Loss: 0.006, Avg. Length: 572.1
Frame: 500000, Avg. Reward: -4.933, Avg. RL Loss: 0.006, Avg. Length: 647.9
Frame: 510000, Avg. Reward: -4.867, Avg. RL Loss: 0.006, Avg. Length: 663.7
Frame: 520000, Avg. Reward: -4.941, Avg. RL Loss: 0.006, Avg. Length: 574.2
Frame: 530000, Avg. Reward: -4.882, Avg. RL Loss: 0.006, Avg. Length: 606.8
Frame: 540000, Avg. Reward: -4.941, Avg. RL Loss: 0.006, Avg. Length: 584.4
Frame: 550000, Avg. Reward: -4.941, Avg. RL Loss: 0.006, Avg. Length: 587.2
Frame: 560000, Avg. Reward: -4.947, Avg. RL Loss: 0.006, Avg. Length: 521.6
Frame: 570000, Avg. Reward: -4.824, Avg. RL Loss: 0.006, Avg. Length: 590.8
Frame: 580000, Avg. Reward: -4.947, Avg. RL Loss: 0.006, Avg. Length: 546.1
Frame: 590000, Avg. Reward: -4.875, Avg. RL Loss: 0.006, Avg. Length: 605.1
Frame: 600000, Avg. Reward: -5.000, Avg. RL Loss: 0.006, Avg. Length: 604.8
Frame: 610000, Avg. Reward: -4.750, Avg. RL Loss: 0.006, Avg. Length: 611.2
Frame: 620000, Avg. Reward: -4.875, Avg. RL Loss: 0.006, Avg. Length: 632.4
Frame: 630000, Avg. Reward: -4.938, Avg. RL Loss: 0.006, Avg. Length: 590.4
Frame: 640000, Avg. Reward: -5.000, Avg. RL Loss: 0.006, Avg. Length: 584.7
Frame: 650000, Avg. Reward: -4.875, Avg. RL Loss: 0.006, Avg. Length: 613.3
Frame: 660000, Avg. Reward: -4.882, Avg. RL Loss: 0.006, Avg. Length: 611.2
Frame: 670000, Avg. Reward: -4.938, Avg. RL Loss: 0.006, Avg. Length: 581.4
Frame: 680000, Avg. Reward: -4.467, Avg. RL Loss: 0.006, Avg. Length: 649.9
Frame: 690000, Avg. Reward: -4.824, Avg. RL Loss: 0.006, Avg. Length: 578.7
Frame: 700000, Avg. Reward: -4.944, Avg. RL Loss: 0.006, Avg. Length: 597.7
Frame: 710000, Avg. Reward: -4.786, Avg. RL Loss: 0.006, Avg. Length: 682.3
Frame: 720000, Avg. Reward: -4.688, Avg. RL Loss: 0.006, Avg. Length: 630.3
Frame: 730000, Avg. Reward: -4.938, Avg. RL Loss: 0.006, Avg. Length: 632.8
Frame: 740000, Avg. Reward: -4.812, Avg. RL Loss: 0.006, Avg. Length: 592.0
Frame: 750000, Avg. Reward: -5.000, Avg. RL Loss: 0.006, Avg. Length: 599.1
Frame: 760000, Avg. Reward: -4.941, Avg. RL Loss: 0.006, Avg. Length: 597.5
Frame: 770000, Avg. Reward: -4.800, Avg. RL Loss: 0.007, Avg. Length: 635.1
Frame: 780000, Avg. Reward: -4.882, Avg. RL Loss: 0.006, Avg. Length: 610.2
Frame: 790000, Avg. Reward: -4.765, Avg. RL Loss: 0.007, Avg. Length: 593.4
Frame: 800000, Avg. Reward: -4.875, Avg. RL Loss: 0.007, Avg. Length: 574.8
Frame: 810000, Avg. Reward: -4.824, Avg. RL Loss: 0.007, Avg. Length: 578.2
Frame: 820000, Avg. Reward: -4.688, Avg. RL Loss: 0.007, Avg. Length: 653.3
Frame: 830000, Avg. Reward: -4.812, Avg. RL Loss: 0.007, Avg. Length: 598.6
Frame: 840000, Avg. Reward: -4.667, Avg. RL Loss: 0.007, Avg. Length: 660.7
Frame: 850000, Avg. Reward: -4.750, Avg. RL Loss: 0.007, Avg. Length: 625.7
Frame: 860000, Avg. Reward: -4.882, Avg. RL Loss: 0.007, Avg. Length: 600.8
Frame: 870000, Avg. Reward: -4.875, Avg. RL Loss: 0.007, Avg. Length: 599.7
Frame: 880000, Avg. Reward: -4.941, Avg. RL Loss: 0.007, Avg. Length: 583.4
Frame: 890000, Avg. Reward: -4.824, Avg. RL Loss: 0.007, Avg. Length: 596.9
Frame: 900000, Avg. Reward: -5.000, Avg. RL Loss: 0.007, Avg. Length: 598.1
Frame: 910000, Avg. Reward: -4.938, Avg. RL Loss: 0.007, Avg. Length: 634.1
Frame: 920000, Avg. Reward: -4.867, Avg. RL Loss: 0.006, Avg. Length: 655.9
Frame: 930000, Avg. Reward: -4.941, Avg. RL Loss: 0.007, Avg. Length: 613.9
Frame: 940000, Avg. Reward: -4.941, Avg. RL Loss: 0.007, Avg. Length: 579.9
Frame: 950000, Avg. Reward: -4.812, Avg. RL Loss: 0.007, Avg. Length: 606.1
Frame: 960000, Avg. Reward: -4.733, Avg. RL Loss: 0.006, Avg. Length: 677.6
Frame: 970000, Avg. Reward: -4.867, Avg. RL Loss: 0.007, Avg. Length: 625.5
Frame: 980000, Avg. Reward: -4.875, Avg. RL Loss: 0.007, Avg. Length: 638.8
Frame: 990000, Avg. Reward: -4.688, Avg. RL Loss: 0.007, Avg. Length: 620.2
Frame: 1000000, Avg. Reward: -4.875, Avg. RL Loss: 0.007, Avg. Length: 637.6
Frame: 1010000, Avg. Reward: -4.938, Avg. RL Loss: 0.007, Avg. Length: 620.8
Frame: 1020000, Avg. Reward: -4.867, Avg. RL Loss: 0.007, Avg. Length: 678.5
Frame: 1030000, Avg. Reward: -5.000, Avg. RL Loss: 0.007, Avg. Length: 628.0
Frame: 1040000, Avg. Reward: -4.812, Avg. RL Loss: 0.006, Avg. Length: 617.6
Frame: 1050000, Avg. Reward: -4.765, Avg. RL Loss: 0.006, Avg. Length: 589.4
Frame: 1060000, Avg. Reward: -4.938, Avg. RL Loss: 0.006, Avg. Length: 614.1
Frame: 1070000, Avg. Reward: -4.875, Avg. RL Loss: 0.007, Avg. Length: 622.5
Frame: 1080000, Avg. Reward: -4.714, Avg. RL Loss: 0.007, Avg. Length: 701.7
Frame: 1090000, Avg. Reward: -4.714, Avg. RL Loss: 0.006, Avg. Length: 675.5
Frame: 1100000, Avg. Reward: -4.706, Avg. RL Loss: 0.006, Avg. Length: 620.7
Frame: 1110000, Avg. Reward: -4.600, Avg. RL Loss: 0.006, Avg. Length: 633.3
Frame: 1120000, Avg. Reward: -5.000, Avg. RL Loss: 0.006, Avg. Length: 609.2
Frame: 1130000, Avg. Reward: -4.812, Avg. RL Loss: 0.007, Avg. Length: 601.8
Frame: 1140000, Avg. Reward: -4.625, Avg. RL Loss: 0.007, Avg. Length: 659.9
Frame: 1150000, Avg. Reward: -4.933, Avg. RL Loss: 0.007, Avg. Length: 666.2
Frame: 1160000, Avg. Reward: -4.800, Avg. RL Loss: 0.007, Avg. Length: 639.4
Frame: 1170000, Avg. Reward: -4.571, Avg. RL Loss: 0.007, Avg. Length: 654.8
Frame: 1180000, Avg. Reward: -4.750, Avg. RL Loss: 0.006, Avg. Length: 607.9
Frame: 1190000, Avg. Reward: -4.933, Avg. RL Loss: 0.006, Avg. Length: 665.0
Frame: 1200000, Avg. Reward: -4.571, Avg. RL Loss: 0.007, Avg. Length: 662.8
Frame: 1210000, Avg. Reward: -4.812, Avg. RL Loss: 0.006, Avg. Length: 599.5
Frame: 1220000, Avg. Reward: -4.706, Avg. RL Loss: 0.006, Avg. Length: 611.8
Frame: 1230000, Avg. Reward: -4.882, Avg. RL Loss: 0.007, Avg. Length: 595.1
Frame: 1240000, Avg. Reward: -4.667, Avg. RL Loss: 0.007, Avg. Length: 648.7
Frame: 1250000, Avg. Reward: -4.944, Avg. RL Loss: 0.007, Avg. Length: 568.0
Frame: 1260000, Avg. Reward: -4.941, Avg. RL Loss: 0.007, Avg. Length: 575.7
Frame: 1270000, Avg. Reward: -5.000, Avg. RL Loss: 0.007, Avg. Length: 669.2
Frame: 1280000, Avg. Reward: -4.824, Avg. RL Loss: 0.007, Avg. Length: 574.5
Frame: 1290000, Avg. Reward: -4.824, Avg. RL Loss: 0.007, Avg. Length: 610.1
Frame: 1300000, Avg. Reward: -4.800, Avg. RL Loss: 0.007, Avg. Length: 645.3
Frame: 1310000, Avg. Reward: -4.812, Avg. RL Loss: 0.007, Avg. Length: 610.9
Frame: 1320000, Avg. Reward: -4.882, Avg. RL Loss: 0.006, Avg. Length: 581.6
Frame: 1330000, Avg. Reward: -4.933, Avg. RL Loss: 0.007, Avg. Length: 657.6
Frame: 1340000, Avg. Reward: -4.667, Avg. RL Loss: 0.007, Avg. Length: 668.9
Frame: 1350000, Avg. Reward: -4.733, Avg. RL Loss: 0.007, Avg. Length: 649.3
Frame: 1360000, Avg. Reward: -4.800, Avg. RL Loss: 0.007, Avg. Length: 620.8
Frame: 1370000, Avg. Reward: -4.643, Avg. RL Loss: 0.006, Avg. Length: 681.8
Frame: 1380000, Avg. Reward: -4.875, Avg. RL Loss: 0.006, Avg. Length: 595.6
Frame: 1390000, Avg. Reward: -4.812, Avg. RL Loss: 0.006, Avg. Length: 634.1
Frame: 1400000, Avg. Reward: -4.875, Avg. RL Loss: 0.007, Avg. Length: 628.4
Frame: 1410000, Avg. Reward: -4.733, Avg. RL Loss: 0.007, Avg. Length: 642.0
Frame: 1420000, Avg. Reward: -4.882, Avg. RL Loss: 0.006, Avg. Length: 612.6
Frame: 1430000, Avg. Reward: -4.733, Avg. RL Loss: 0.007, Avg. Length: 674.7
Frame: 1440000, Avg. Reward: -4.533, Avg. RL Loss: 0.006, Avg. Length: 677.9
Frame: 1450000, Avg. Reward: -4.750, Avg. RL Loss: 0.007, Avg. Length: 597.3
Frame: 1460000, Avg. Reward: -4.733, Avg. RL Loss: 0.007, Avg. Length: 651.0
Frame: 1470000, Avg. Reward: -4.812, Avg. RL Loss: 0.007, Avg. Length: 630.6
Frame: 1480000, Avg. Reward: -4.800, Avg. RL Loss: 0.007, Avg. Length: 665.3
Frame: 1490000, Avg. Reward: -4.800, Avg. RL Loss: 0.006, Avg. Length: 659.0
Frame: 1500000, Avg. Reward: -4.882, Avg. RL Loss: 0.006, Avg. Length: 608.0
Frame: 1510000, Avg. Reward: -5.000, Avg. RL Loss: 0.006, Avg. Length: 631.6
Frame: 1520000, Avg. Reward: -5.000, Avg. RL Loss: 0.006, Avg. Length: 613.2
Frame: 1530000, Avg. Reward: -4.867, Avg. RL Loss: 0.006, Avg. Length: 640.9
Frame: 1540000, Avg. Reward: -5.000, Avg. RL Loss: 0.007, Avg. Length: 616.8
Frame: 1550000, Avg. Reward: -4.824, Avg. RL Loss: 0.007, Avg. Length: 582.9
Frame: 1560000, Avg. Reward: -4.933, Avg. RL Loss: 0.007, Avg. Length: 631.2
Frame: 1570000, Avg. Reward: -4.600, Avg. RL Loss: 0.006, Avg. Length: 680.9
Frame: 1580000, Avg. Reward: -4.750, Avg. RL Loss: 0.006, Avg. Length: 612.8
Frame: 1590000, Avg. Reward: -4.800, Avg. RL Loss: 0.006, Avg. Length: 673.4
Frame: 1600000, Avg. Reward: -4.867, Avg. RL Loss: 0.006, Avg. Length: 647.7
Frame: 1610000, Avg. Reward: -4.867, Avg. RL Loss: 0.006, Avg. Length: 667.4
Frame: 1620000, Avg. Reward: -4.800, Avg. RL Loss: 0.006, Avg. Length: 651.6
Frame: 1630000, Avg. Reward: -4.812, Avg. RL Loss: 0.006, Avg. Length: 657.7
Frame: 1640000, Avg. Reward: -4.875, Avg. RL Loss: 0.006, Avg. Length: 596.4
Frame: 1650000, Avg. Reward: -5.000, Avg. RL Loss: 0.007, Avg. Length: 581.7
Frame: 1660000, Avg. Reward: -4.714, Avg. RL Loss: 0.007, Avg. Length: 651.1
Frame: 1670000, Avg. Reward: -4.643, Avg. RL Loss: 0.007, Avg. Length: 726.3
Frame: 1680000, Avg. Reward: -4.938, Avg. RL Loss: 0.007, Avg. Length: 647.8
Frame: 1690000, Avg. Reward: -4.812, Avg. RL Loss: 0.006, Avg. Length: 618.0
Frame: 1700000, Avg. Reward: -4.938, Avg. RL Loss: 0.006, Avg. Length: 610.1
Frame: 1710000, Avg. Reward: -4.867, Avg. RL Loss: 0.006, Avg. Length: 657.3
Frame: 1720000, Avg. Reward: -4.875, Avg. RL Loss: 0.006, Avg. Length: 627.7
Frame: 1730000, Avg. Reward: -4.533, Avg. RL Loss: 0.007, Avg. Length: 627.9
Frame: 1740000, Avg. Reward: -4.857, Avg. RL Loss: 0.007, Avg. Length: 725.4
Frame: 1750000, Avg. Reward: -4.938, Avg. RL Loss: 0.007, Avg. Length: 631.8
Frame: 1760000, Avg. Reward: -4.643, Avg. RL Loss: 0.007, Avg. Length: 651.6
Frame: 1770000, Avg. Reward: -4.941, Avg. RL Loss: 0.007, Avg. Length: 607.5
Frame: 1780000, Avg. Reward: -4.933, Avg. RL Loss: 0.006, Avg. Length: 624.0
Frame: 1790000, Avg. Reward: -4.812, Avg. RL Loss: 0.007, Avg. Length: 644.0
Frame: 1800000, Avg. Reward: -4.733, Avg. RL Loss: 0.007, Avg. Length: 632.8
Frame: 1810000, Avg. Reward: -4.812, Avg. RL Loss: 0.007, Avg. Length: 615.4
Frame: 1820000, Avg. Reward: -4.875, Avg. RL Loss: 0.007, Avg. Length: 644.7
Frame: 1830000, Avg. Reward: -4.938, Avg. RL Loss: 0.007, Avg. Length: 624.4
Frame: 1840000, Avg. Reward: -4.933, Avg. RL Loss: 0.007, Avg. Length: 644.4
Frame: 1850000, Avg. Reward: -5.000, Avg. RL Loss: 0.007, Avg. Length: 605.0
Frame: 1860000, Avg. Reward: -5.000, Avg. RL Loss: 0.007, Avg. Length: 672.9
Frame: 1870000, Avg. Reward: -4.875, Avg. RL Loss: 0.007, Avg. Length: 605.0
Frame: 1880000, Avg. Reward: -5.000, Avg. RL Loss: 0.007, Avg. Length: 625.4
Frame: 1890000, Avg. Reward: -4.812, Avg. RL Loss: 0.007, Avg. Length: 641.4
Frame: 1900000, Avg. Reward: -4.812, Avg. RL Loss: 0.007, Avg. Length: 611.5
Frame: 1910000, Avg. Reward: -4.824, Avg. RL Loss: 0.007, Avg. Length: 607.2
Frame: 1920000, Avg. Reward: -4.733, Avg. RL Loss: 0.007, Avg. Length: 650.9
Frame: 1930000, Avg. Reward: -4.533, Avg. RL Loss: 0.007, Avg. Length: 633.4
Frame: 1940000, Avg. Reward: -4.800, Avg. RL Loss: 0.007, Avg. Length: 653.6
Frame: 1950000, Avg. Reward: -4.933, Avg. RL Loss: 0.007, Avg. Length: 680.3
Frame: 1960000, Avg. Reward: -4.938, Avg. RL Loss: 0.007, Avg. Length: 603.3
Frame: 1970000, Avg. Reward: -4.667, Avg. RL Loss: 0.007, Avg. Length: 709.6
Frame: 1980000, Avg. Reward: -4.812, Avg. RL Loss: 0.007, Avg. Length: 615.6
Frame: 1990000, Avg. Reward: -4.882, Avg. RL Loss: 0.007, Avg. Length: 602.4
Frame: 2000000, Avg. Reward: -4.800, Avg. RL Loss: 0.007, Avg. Length: 635.1
Frame: 2010000, Avg. Reward: -4.938, Avg. RL Loss: 0.007, Avg. Length: 644.4
Frame: 2020000, Avg. Reward: -4.867, Avg. RL Loss: 0.007, Avg. Length: 636.3
Frame: 2030000, Avg. Reward: -4.882, Avg. RL Loss: 0.007, Avg. Length: 624.5
Frame: 2040000, Avg. Reward: -4.875, Avg. RL Loss: 0.007, Avg. Length: 599.7
Frame: 2050000, Avg. Reward: -4.647, Avg. RL Loss: 0.007, Avg. Length: 615.4
Frame: 2060000, Avg. Reward: -4.643, Avg. RL Loss: 0.007, Avg. Length: 673.6
Frame: 2070000, Avg. Reward: -4.882, Avg. RL Loss: 0.007, Avg. Length: 592.2
Frame: 2080000, Avg. Reward: -4.938, Avg. RL Loss: 0.007, Avg. Length: 627.5
Frame: 2090000, Avg. Reward: -4.765, Avg. RL Loss: 0.007, Avg. Length: 602.0
Frame: 2100000, Avg. Reward: -4.882, Avg. RL Loss: 0.007, Avg. Length: 579.3
Frame: 2110000, Avg. Reward: -4.800, Avg. RL Loss: 0.007, Avg. Length: 608.0
Frame: 2120000, Avg. Reward: -4.667, Avg. RL Loss: 0.007, Avg. Length: 658.6
Frame: 2130000, Avg. Reward: -4.600, Avg. RL Loss: 0.007, Avg. Length: 673.3
Frame: 2140000, Avg. Reward: -4.812, Avg. RL Loss: 0.007, Avg. Length: 619.4
Frame: 2150000, Avg. Reward: -4.800, Avg. RL Loss: 0.007, Avg. Length: 659.0
Frame: 2160000, Avg. Reward: -4.938, Avg. RL Loss: 0.007, Avg. Length: 624.8
Frame: 2170000, Avg. Reward: -4.733, Avg. RL Loss: 0.007, Avg. Length: 659.8
Frame: 2180000, Avg. Reward: -4.889, Avg. RL Loss: 0.007, Avg. Length: 574.7
Frame: 2190000, Avg. Reward: -4.733, Avg. RL Loss: 0.007, Avg. Length: 635.6
Frame: 2200000, Avg. Reward: -4.938, Avg. RL Loss: 0.007, Avg. Length: 650.5
Frame: 2210000, Avg. Reward: -4.867, Avg. RL Loss: 0.007, Avg. Length: 661.5
Frame: 2220000, Avg. Reward: -4.812, Avg. RL Loss: 0.007, Avg. Length: 629.4
Frame: 2230000, Avg. Reward: -4.688, Avg. RL Loss: 0.007, Avg. Length: 594.9
Frame: 2240000, Avg. Reward: -4.733, Avg. RL Loss: 0.007, Avg. Length: 605.1
Frame: 2250000, Avg. Reward: -4.857, Avg. RL Loss: 0.007, Avg. Length: 738.0
Frame: 2260000, Avg. Reward: -5.000, Avg. RL Loss: 0.007, Avg. Length: 612.8
Frame: 2270000, Avg. Reward: -4.600, Avg. RL Loss: 0.007, Avg. Length: 679.1
Frame: 2280000, Avg. Reward: -4.875, Avg. RL Loss: 0.006, Avg. Length: 605.2
Frame: 2290000, Avg. Reward: -4.938, Avg. RL Loss: 0.007, Avg. Length: 630.2
Frame: 2300000, Avg. Reward: -4.706, Avg. RL Loss: 0.007, Avg. Length: 606.1
Frame: 2310000, Avg. Reward: -4.875, Avg. RL Loss: 0.007, Avg. Length: 625.2
Frame: 2320000, Avg. Reward: -4.824, Avg. RL Loss: 0.007, Avg. Length: 552.4
Frame: 2330000, Avg. Reward: -4.933, Avg. RL Loss: 0.007, Avg. Length: 627.1
Frame: 2340000, Avg. Reward: -4.750, Avg. RL Loss: 0.007, Avg. Length: 633.5
Frame: 2350000, Avg. Reward: -4.824, Avg. RL Loss: 0.007, Avg. Length: 574.5
Frame: 2360000, Avg. Reward: -4.692, Avg. RL Loss: 0.007, Avg. Length: 734.6
Frame: 2370000, Avg. Reward: -4.944, Avg. RL Loss: 0.006, Avg. Length: 573.9
Frame: 2380000, Avg. Reward: -4.875, Avg. RL Loss: 0.007, Avg. Length: 623.0
Frame: 2390000, Avg. Reward: -4.667, Avg. RL Loss: 0.007, Avg. Length: 591.4
Frame: 2400000, Avg. Reward: -4.875, Avg. RL Loss: 0.007, Avg. Length: 633.9
Frame: 2410000, Avg. Reward: -4.867, Avg. RL Loss: 0.007, Avg. Length: 627.5
Frame: 2420000, Avg. Reward: -5.000, Avg. RL Loss: 0.007, Avg. Length: 649.3
Frame: 2430000, Avg. Reward: -4.750, Avg. RL Loss: 0.007, Avg. Length: 601.4
Frame: 2440000, Avg. Reward: -4.533, Avg. RL Loss: 0.007, Avg. Length: 676.6
Frame: 2450000, Avg. Reward: -4.938, Avg. RL Loss: 0.006, Avg. Length: 640.5
Frame: 2460000, Avg. Reward: -4.875, Avg. RL Loss: 0.007, Avg. Length: 620.6
Frame: 2470000, Avg. Reward: -4.875, Avg. RL Loss: 0.006, Avg. Length: 610.8
Frame: 2480000, Avg. Reward: -4.867, Avg. RL Loss: 0.006, Avg. Length: 685.5
Frame: 2490000, Avg. Reward: -4.875, Avg. RL Loss: 0.007, Avg. Length: 603.3
Frame: 2500000, Avg. Reward: -4.882, Avg. RL Loss: 0.007, Avg. Length: 604.8
Frame: 2510000, Avg. Reward: -4.824, Avg. RL Loss: 0.007, Avg. Length: 599.4
Frame: 2520000, Avg. Reward: -4.688, Avg. RL Loss: 0.007, Avg. Length: 624.0
Frame: 2530000, Avg. Reward: -4.429, Avg. RL Loss: 0.007, Avg. Length: 618.8
Frame: 2540000, Avg. Reward: -4.938, Avg. RL Loss: 0.007, Avg. Length: 650.4
Frame: 2550000, Avg. Reward: -4.750, Avg. RL Loss: 0.006, Avg. Length: 637.2
Frame: 2560000, Avg. Reward: -4.875, Avg. RL Loss: 0.007, Avg. Length: 585.7
Frame: 2570000, Avg. Reward: -4.941, Avg. RL Loss: 0.007, Avg. Length: 600.1
Frame: 2580000, Avg. Reward: -4.812, Avg. RL Loss: 0.007, Avg. Length: 624.8
Frame: 2590000, Avg. Reward: -4.733, Avg. RL Loss: 0.007, Avg. Length: 647.4
Frame: 2600000, Avg. Reward: -4.750, Avg. RL Loss: 0.007, Avg. Length: 613.1
Frame: 2610000, Avg. Reward: -4.667, Avg. RL Loss: 0.007, Avg. Length: 646.7
Frame: 2620000, Avg. Reward: -4.688, Avg. RL Loss: 0.007, Avg. Length: 561.6
Frame: 2630000, Avg. Reward: -4.733, Avg. RL Loss: 0.007, Avg. Length: 646.1
Frame: 2640000, Avg. Reward: -4.467, Avg. RL Loss: 0.006, Avg. Length: 653.1
Frame: 2650000, Avg. Reward: -4.750, Avg. RL Loss: 0.007, Avg. Length: 638.4
Frame: 2660000, Avg. Reward: -4.800, Avg. RL Loss: 0.007, Avg. Length: 609.9
Frame: 2670000, Avg. Reward: -4.750, Avg. RL Loss: 0.006, Avg. Length: 646.4
Frame: 2680000, Avg. Reward: -4.800, Avg. RL Loss: 0.007, Avg. Length: 663.2
Frame: 2690000, Avg. Reward: -4.812, Avg. RL Loss: 0.007, Avg. Length: 634.9
Frame: 2700000, Avg. Reward: -4.875, Avg. RL Loss: 0.007, Avg. Length: 590.2
Frame: 2710000, Avg. Reward: -4.800, Avg. RL Loss: 0.007, Avg. Length: 650.7
Frame: 2720000, Avg. Reward: -4.812, Avg. RL Loss: 0.007, Avg. Length: 626.4
Frame: 2730000, Avg. Reward: -5.000, Avg. RL Loss: 0.007, Avg. Length: 647.0
Frame: 2740000, Avg. Reward: -4.933, Avg. RL Loss: 0.007, Avg. Length: 648.1
Frame: 2750000, Avg. Reward: -4.786, Avg. RL Loss: 0.007, Avg. Length: 647.8
Frame: 2760000, Avg. Reward: -4.688, Avg. RL Loss: 0.007, Avg. Length: 637.4
Frame: 2770000, Avg. Reward: -4.600, Avg. RL Loss: 0.007, Avg. Length: 638.6
Frame: 2780000, Avg. Reward: -4.750, Avg. RL Loss: 0.007, Avg. Length: 581.5
Frame: 2790000, Avg. Reward: -4.941, Avg. RL Loss: 0.007, Avg. Length: 578.7
Frame: 2800000, Avg. Reward: -4.733, Avg. RL Loss: 0.007, Avg. Length: 668.9
Frame: 2810000, Avg. Reward: -4.750, Avg. RL Loss: 0.007, Avg. Length: 615.1
Frame: 2820000, Avg. Reward: -4.941, Avg. RL Loss: 0.007, Avg. Length: 599.7
Frame: 2830000, Avg. Reward: -4.786, Avg. RL Loss: 0.007, Avg. Length: 657.6
Frame: 2840000, Avg. Reward: -4.429, Avg. RL Loss: 0.007, Avg. Length: 693.7
Frame: 2850000, Avg. Reward: -4.875, Avg. RL Loss: 0.007, Avg. Length: 656.6
Frame: 2860000, Avg. Reward: -5.000, Avg. RL Loss: 0.007, Avg. Length: 651.0
Frame: 2870000, Avg. Reward: -4.875, Avg. RL Loss: 0.007, Avg. Length: 599.0
Frame: 2880000, Avg. Reward: -4.938, Avg. RL Loss: 0.006, Avg. Length: 635.4
Frame: 2890000, Avg. Reward: -4.643, Avg. RL Loss: 0.007, Avg. Length: 674.9
Frame: 2900000, Avg. Reward: -4.706, Avg. RL Loss: 0.007, Avg. Length: 604.5
Frame: 2910000, Avg. Reward: -4.938, Avg. RL Loss: 0.006, Avg. Length: 610.6
Frame: 2920000, Avg. Reward: -4.800, Avg. RL Loss: 0.007, Avg. Length: 675.0
Frame: 2930000, Avg. Reward: -4.733, Avg. RL Loss: 0.007, Avg. Length: 657.9
Frame: 2940000, Avg. Reward: -4.800, Avg. RL Loss: 0.007, Avg. Length: 666.3
Frame: 2950000, Avg. Reward: -4.643, Avg. RL Loss: 0.007, Avg. Length: 642.0
Frame: 2960000, Avg. Reward: -4.938, Avg. RL Loss: 0.006, Avg. Length: 633.2
Frame: 2970000, Avg. Reward: -4.875, Avg. RL Loss: 0.007, Avg. Length: 627.9
Frame: 2980000, Avg. Reward: -4.714, Avg. RL Loss: 0.007, Avg. Length: 722.2
Frame: 2990000, Avg. Reward: -5.000, Avg. RL Loss: 0.007, Avg. Length: 611.1
Frame: 3000000, Avg. Reward: -4.812, Avg. RL Loss: 0.007, Avg. Length: 637.0
Frame: 3010000, Avg. Reward: -4.786, Avg. RL Loss: 0.007, Avg. Length: 668.4
Frame: 3020000, Avg. Reward: -4.875, Avg. RL Loss: 0.007, Avg. Length: 601.4
Frame: 3030000, Avg. Reward: -4.812, Avg. RL Loss: 0.007, Avg. Length: 640.4
Frame: 3040000, Avg. Reward: -4.882, Avg. RL Loss: 0.006, Avg. Length: 573.3
Frame: 3050000, Avg. Reward: -4.800, Avg. RL Loss: 0.007, Avg. Length: 633.9
Frame: 3060000, Avg. Reward: -4.875, Avg. RL Loss: 0.007, Avg. Length: 637.0
Frame: 3070000, Avg. Reward: -4.800, Avg. RL Loss: 0.007, Avg. Length: 643.2
Frame: 3080000, Avg. Reward: -4.875, Avg. RL Loss: 0.007, Avg. Length: 642.3
Frame: 3090000, Avg. Reward: -4.938, Avg. RL Loss: 0.007, Avg. Length: 609.4
Frame: 3100000, Avg. Reward: -4.800, Avg. RL Loss: 0.007, Avg. Length: 663.7
Frame: 3110000, Avg. Reward: -5.000, Avg. RL Loss: 0.006, Avg. Length: 632.9
Frame: 3120000, Avg. Reward: -4.875, Avg. RL Loss: 0.007, Avg. Length: 612.8
Frame: 3130000, Avg. Reward: -4.929, Avg. RL Loss: 0.007, Avg. Length: 680.2
Frame: 3140000, Avg. Reward: -4.733, Avg. RL Loss: 0.007, Avg. Length: 682.4
Frame: 3150000, Avg. Reward: -4.667, Avg. RL Loss: 0.007, Avg. Length: 656.9
Frame: 3160000, Avg. Reward: -4.800, Avg. RL Loss: 0.007, Avg. Length: 674.3
Frame: 3170000, Avg. Reward: -4.882, Avg. RL Loss: 0.007, Avg. Length: 592.9
Frame: 3180000, Avg. Reward: -4.875, Avg. RL Loss: 0.007, Avg. Length: 603.1
Frame: 3190000, Avg. Reward: -4.800, Avg. RL Loss: 0.007, Avg. Length: 692.2
Frame: 3200000, Avg. Reward: -4.938, Avg. RL Loss: 0.007, Avg. Length: 629.0
Frame: 3210000, Avg. Reward: -4.800, Avg. RL Loss: 0.007, Avg. Length: 633.0
Frame: 3220000, Avg. Reward: -4.824, Avg. RL Loss: 0.007, Avg. Length: 601.6
Frame: 3230000, Avg. Reward: -4.800, Avg. RL Loss: 0.007, Avg. Length: 625.5
Frame: 3240000, Avg. Reward: -4.600, Avg. RL Loss: 0.007, Avg. Length: 672.7
Frame: 3250000, Avg. Reward: -4.812, Avg. RL Loss: 0.008, Avg. Length: 616.6
Frame: 3260000, Avg. Reward: -4.800, Avg. RL Loss: 0.007, Avg. Length: 644.2
Frame: 3270000, Avg. Reward: -4.882, Avg. RL Loss: 0.007, Avg. Length: 574.2
Frame: 3280000, Avg. Reward: -4.938, Avg. RL Loss: 0.007, Avg. Length: 628.9
Frame: 3290000, Avg. Reward: -4.667, Avg. RL Loss: 0.007, Avg. Length: 631.9
Frame: 3300000, Avg. Reward: -4.938, Avg. RL Loss: 0.007, Avg. Length: 605.4
Frame: 3310000, Avg. Reward: -4.812, Avg. RL Loss: 0.007, Avg. Length: 610.2
Frame: 3320000, Avg. Reward: -4.941, Avg. RL Loss: 0.007, Avg. Length: 622.6
Frame: 3330000, Avg. Reward: -4.933, Avg. RL Loss: 0.007, Avg. Length: 642.1
Frame: 3340000, Avg. Reward: -4.824, Avg. RL Loss: 0.007, Avg. Length: 583.2
Frame: 3350000, Avg. Reward: -4.467, Avg. RL Loss: 0.007, Avg. Length: 654.6
Frame: 3360000, Avg. Reward: -4.750, Avg. RL Loss: 0.007, Avg. Length: 649.9
Frame: 3370000, Avg. Reward: -4.714, Avg. RL Loss: 0.007, Avg. Length: 681.2
Frame: 3380000, Avg. Reward: -4.812, Avg. RL Loss: 0.007, Avg. Length: 638.8
Frame: 3390000, Avg. Reward: -4.786, Avg. RL Loss: 0.007, Avg. Length: 672.5
Frame: 3400000, Avg. Reward: -4.867, Avg. RL Loss: 0.007, Avg. Length: 669.5
Frame: 3410000, Avg. Reward: -4.875, Avg. RL Loss: 0.007, Avg. Length: 651.2
Frame: 3420000, Avg. Reward: -4.933, Avg. RL Loss: 0.007, Avg. Length: 656.1
Frame: 3430000, Avg. Reward: -4.600, Avg. RL Loss: 0.006, Avg. Length: 630.6
Frame: 3440000, Avg. Reward: -4.875, Avg. RL Loss: 0.007, Avg. Length: 639.9
Frame: 3450000, Avg. Reward: -4.733, Avg. RL Loss: 0.006, Avg. Length: 631.8
Frame: 3460000, Avg. Reward: -4.800, Avg. RL Loss: 0.007, Avg. Length: 667.4
Frame: 3470000, Avg. Reward: -4.400, Avg. RL Loss: 0.007, Avg. Length: 639.8
Frame: 3480000, Avg. Reward: -4.933, Avg. RL Loss: 0.007, Avg. Length: 620.9
Frame: 3490000, Avg. Reward: -4.933, Avg. RL Loss: 0.007, Avg. Length: 659.8
Frame: 3500000, Avg. Reward: -4.688, Avg. RL Loss: 0.007, Avg. Length: 598.0
Frame: 3510000, Avg. Reward: -4.875, Avg. RL Loss: 0.007, Avg. Length: 621.9
Frame: 3520000, Avg. Reward: -4.750, Avg. RL Loss: 0.007, Avg. Length: 657.4
Frame: 3530000, Avg. Reward: -4.867, Avg. RL Loss: 0.007, Avg. Length: 640.5
Frame: 3540000, Avg. Reward: -4.800, Avg. RL Loss: 0.007, Avg. Length: 664.4
Frame: 3550000, Avg. Reward: -4.846, Avg. RL Loss: 0.008, Avg. Length: 707.2
Frame: 3560000, Avg. Reward: -4.933, Avg. RL Loss: 0.007, Avg. Length: 681.1
Frame: 3570000, Avg. Reward: -4.867, Avg. RL Loss: 0.007, Avg. Length: 638.5
Frame: 3580000, Avg. Reward: -5.000, Avg. RL Loss: 0.007, Avg. Length: 629.2
Frame: 3590000, Avg. Reward: -4.643, Avg. RL Loss: 0.007, Avg. Length: 708.2
Frame: 3600000, Avg. Reward: -4.714, Avg. RL Loss: 0.007, Avg. Length: 686.2
Frame: 3610000, Avg. Reward: -4.933, Avg. RL Loss: 0.007, Avg. Length: 658.5
Frame: 3620000, Avg. Reward: -4.600, Avg. RL Loss: 0.007, Avg. Length: 663.7
Frame: 3630000, Avg. Reward: -4.800, Avg. RL Loss: 0.007, Avg. Length: 673.2
Frame: 3640000, Avg. Reward: -4.812, Avg. RL Loss: 0.007, Avg. Length: 609.9
Frame: 3650000, Avg. Reward: -4.812, Avg. RL Loss: 0.007, Avg. Length: 635.2
Frame: 3660000, Avg. Reward: -4.875, Avg. RL Loss: 0.007, Avg. Length: 609.7
Frame: 3670000, Avg. Reward: -4.875, Avg. RL Loss: 0.007, Avg. Length: 644.8
Frame: 3680000, Avg. Reward: -4.467, Avg. RL Loss: 0.007, Avg. Length: 651.1
Frame: 3690000, Avg. Reward: -4.750, Avg. RL Loss: 0.007, Avg. Length: 635.3
Frame: 3700000, Avg. Reward: -4.643, Avg. RL Loss: 0.007, Avg. Length: 619.0
Frame: 3710000, Avg. Reward: -4.875, Avg. RL Loss: 0.008, Avg. Length: 647.3
Frame: 3720000, Avg. Reward: -4.867, Avg. RL Loss: 0.008, Avg. Length: 645.4
Frame: 3730000, Avg. Reward: -5.000, Avg. RL Loss: 0.007, Avg. Length: 638.9
Frame: 3740000, Avg. Reward: -4.750, Avg. RL Loss: 0.007, Avg. Length: 636.3
Frame: 3750000, Avg. Reward: -4.800, Avg. RL Loss: 0.007, Avg. Length: 641.5
Frame: 3760000, Avg. Reward: -4.750, Avg. RL Loss: 0.007, Avg. Length: 643.8
Frame: 3770000, Avg. Reward: -4.857, Avg. RL Loss: 0.007, Avg. Length: 659.9
Frame: 3780000, Avg. Reward: -4.333, Avg. RL Loss: 0.007, Avg. Length: 653.8
Frame: 3790000, Avg. Reward: -4.812, Avg. RL Loss: 0.007, Avg. Length: 634.7
Frame: 3800000, Avg. Reward: -4.400, Avg. RL Loss: 0.007, Avg. Length: 595.7
Frame: 3810000, Avg. Reward: -4.938, Avg. RL Loss: 0.007, Avg. Length: 651.7
Frame: 3820000, Avg. Reward: -4.800, Avg. RL Loss: 0.007, Avg. Length: 622.9
Frame: 3830000, Avg. Reward: -4.571, Avg. RL Loss: 0.007, Avg. Length: 682.8
Frame: 3840000, Avg. Reward: -4.667, Avg. RL Loss: 0.007, Avg. Length: 681.8
Frame: 3850000, Avg. Reward: -4.800, Avg. RL Loss: 0.007, Avg. Length: 652.5
Frame: 3860000, Avg. Reward: -4.938, Avg. RL Loss: 0.007, Avg. Length: 634.6
Frame: 3870000, Avg. Reward: -4.571, Avg. RL Loss: 0.007, Avg. Length: 698.6
Frame: 3880000, Avg. Reward: -4.812, Avg. RL Loss: 0.008, Avg. Length: 624.9
Frame: 3890000, Avg. Reward: -4.938, Avg. RL Loss: 0.007, Avg. Length: 624.1
Frame: 3900000, Avg. Reward: -4.867, Avg. RL Loss: 0.007, Avg. Length: 620.9
Frame: 3910000, Avg. Reward: -4.800, Avg. RL Loss: 0.007, Avg. Length: 662.4
Frame: 3920000, Avg. Reward: -4.944, Avg. RL Loss: 0.007, Avg. Length: 556.4
Frame: 3930000, Avg. Reward: -4.867, Avg. RL Loss: 0.007, Avg. Length: 675.3
Frame: 3940000, Avg. Reward: -4.938, Avg. RL Loss: 0.007, Avg. Length: 628.6
Frame: 3950000, Avg. Reward: -4.875, Avg. RL Loss: 0.007, Avg. Length: 618.7
Frame: 3960000, Avg. Reward: -4.688, Avg. RL Loss: 0.007, Avg. Length: 639.8
Frame: 3970000, Avg. Reward: -4.938, Avg. RL Loss: 0.007, Avg. Length: 627.8
Frame: 3980000, Avg. Reward: -4.875, Avg. RL Loss: 0.007, Avg. Length: 605.6
Frame: 3990000, Avg. Reward: -4.875, Avg. RL Loss: 0.007, Avg. Length: 614.9
Frame: 4000000, Avg. Reward: -4.938, Avg. RL Loss: 0.007, Avg. Length: 635.3
Frame: 4010000, Avg. Reward: -4.667, Avg. RL Loss: 0.007, Avg. Length: 651.6
Frame: 4020000, Avg. Reward: -4.867, Avg. RL Loss: 0.007, Avg. Length: 673.3
Frame: 4030000, Avg. Reward: -4.938, Avg. RL Loss: 0.007, Avg. Length: 630.7
Frame: 4040000, Avg. Reward: -4.714, Avg. RL Loss: 0.007, Avg. Length: 711.4
Frame: 4050000, Avg. Reward: -4.867, Avg. RL Loss: 0.007, Avg. Length: 642.4
Frame: 4060000, Avg. Reward: -4.750, Avg. RL Loss: 0.007, Avg. Length: 643.9
Frame: 4070000, Avg. Reward: -5.000, Avg. RL Loss: 0.007, Avg. Length: 579.9
Frame: 4080000, Avg. Reward: -4.882, Avg. RL Loss: 0.007, Avg. Length: 572.6
Frame: 4090000, Avg. Reward: -4.875, Avg. RL Loss: 0.007, Avg. Length: 626.0
Frame: 4100000, Avg. Reward: -4.875, Avg. RL Loss: 0.007, Avg. Length: 594.8
Frame: 4110000, Avg. Reward: -4.800, Avg. RL Loss: 0.007, Avg. Length: 655.5
Frame: 4120000, Avg. Reward: -4.875, Avg. RL Loss: 0.006, Avg. Length: 641.9
Frame: 4130000, Avg. Reward: -4.933, Avg. RL Loss: 0.007, Avg. Length: 672.5
Frame: 4140000, Avg. Reward: -4.867, Avg. RL Loss: 0.007, Avg. Length: 650.7
Frame: 4150000, Avg. Reward: -5.000, Avg. RL Loss: 0.007, Avg. Length: 622.9
Frame: 4160000, Avg. Reward: -4.812, Avg. RL Loss: 0.007, Avg. Length: 614.1
Frame: 4170000, Avg. Reward: -4.882, Avg. RL Loss: 0.007, Avg. Length: 612.8
Frame: 4180000, Avg. Reward: -4.933, Avg. RL Loss: 0.007, Avg. Length: 670.1
Frame: 4190000, Avg. Reward: -4.733, Avg. RL Loss: 0.007, Avg. Length: 642.7
Frame: 4200000, Avg. Reward: -4.875, Avg. RL Loss: 0.007, Avg. Length: 610.5
Frame: 4210000, Avg. Reward: -4.750, Avg. RL Loss: 0.007, Avg. Length: 660.6
Frame: 4220000, Avg. Reward: -4.857, Avg. RL Loss: 0.007, Avg. Length: 663.4
Frame: 4230000, Avg. Reward: -4.938, Avg. RL Loss: 0.007, Avg. Length: 638.6
Frame: 4240000, Avg. Reward: -4.875, Avg. RL Loss: 0.008, Avg. Length: 610.2
Frame: 4250000, Avg. Reward: -4.867, Avg. RL Loss: 0.008, Avg. Length: 660.4
Frame: 4260000, Avg. Reward: -4.875, Avg. RL Loss: 0.008, Avg. Length: 624.1
Frame: 4270000, Avg. Reward: -4.688, Avg. RL Loss: 0.007, Avg. Length: 622.4
Frame: 4280000, Avg. Reward: -4.867, Avg. RL Loss: 0.007, Avg. Length: 653.1
Frame: 4290000, Avg. Reward: -4.857, Avg. RL Loss: 0.007, Avg. Length: 697.5
Frame: 4300000, Avg. Reward: -4.600, Avg. RL Loss: 0.007, Avg. Length: 663.0
Frame: 4310000, Avg. Reward: -4.933, Avg. RL Loss: 0.007, Avg. Length: 626.1
Frame: 4320000, Avg. Reward: -4.941, Avg. RL Loss: 0.007, Avg. Length: 603.9
Frame: 4330000, Avg. Reward: -4.875, Avg. RL Loss: 0.007, Avg. Length: 630.3
Frame: 4340000, Avg. Reward: -4.938, Avg. RL Loss: 0.007, Avg. Length: 630.6
Frame: 4350000, Avg. Reward: -4.714, Avg. RL Loss: 0.007, Avg. Length: 691.7
Frame: 4360000, Avg. Reward: -4.875, Avg. RL Loss: 0.007, Avg. Length: 615.3
Frame: 4370000, Avg. Reward: -4.800, Avg. RL Loss: 0.007, Avg. Length: 639.6
Frame: 4380000, Avg. Reward: -4.944, Avg. RL Loss: 0.007, Avg. Length: 577.8
Frame: 4390000, Avg. Reward: -4.733, Avg. RL Loss: 0.007, Avg. Length: 642.7
Frame: 4400000, Avg. Reward: -5.000, Avg. RL Loss: 0.007, Avg. Length: 688.3
Frame: 4410000, Avg. Reward: -4.857, Avg. RL Loss: 0.007, Avg. Length: 698.2
Frame: 4420000, Avg. Reward: -4.944, Avg. RL Loss: 0.007, Avg. Length: 558.4
Frame: 4430000, Avg. Reward: -4.750, Avg. RL Loss: 0.007, Avg. Length: 593.7
Frame: 4440000, Avg. Reward: -5.000, Avg. RL Loss: 0.007, Avg. Length: 597.1
Frame: 4450000, Avg. Reward: -4.812, Avg. RL Loss: 0.007, Avg. Length: 632.9
Frame: 4460000, Avg. Reward: -4.824, Avg. RL Loss: 0.007, Avg. Length: 562.6
Frame: 4470000, Avg. Reward: -4.800, Avg. RL Loss: 0.007, Avg. Length: 662.8
Frame: 4480000, Avg. Reward: -4.941, Avg. RL Loss: 0.008, Avg. Length: 582.8
Frame: 4490000, Avg. Reward: -5.000, Avg. RL Loss: 0.007, Avg. Length: 577.9
Frame: 4500000, Avg. Reward: -4.733, Avg. RL Loss: 0.007, Avg. Length: 680.7
Frame: 4510000, Avg. Reward: -4.786, Avg. RL Loss: 0.007, Avg. Length: 710.7
Frame: 4520000, Avg. Reward: -4.800, Avg. RL Loss: 0.007, Avg. Length: 636.1
Frame: 4530000, Avg. Reward: -4.875, Avg. RL Loss: 0.007, Avg. Length: 648.5
Frame: 4540000, Avg. Reward: -4.643, Avg. RL Loss: 0.007, Avg. Length: 664.6
Frame: 4550000, Avg. Reward: -4.824, Avg. RL Loss: 0.007, Avg. Length: 615.7
Frame: 4560000, Avg. Reward: -4.875, Avg. RL Loss: 0.007, Avg. Length: 618.9
Frame: 4570000, Avg. Reward: -4.938, Avg. RL Loss: 0.007, Avg. Length: 616.2
Frame: 4580000, Avg. Reward: -4.533, Avg. RL Loss: 0.006, Avg. Length: 616.9
Frame: 4590000, Avg. Reward: -4.875, Avg. RL Loss: 0.007, Avg. Length: 638.0
Frame: 4600000, Avg. Reward: -4.875, Avg. RL Loss: 0.007, Avg. Length: 645.0
Frame: 4610000, Avg. Reward: -4.800, Avg. RL Loss: 0.007, Avg. Length: 661.1
Frame: 4620000, Avg. Reward: -4.812, Avg. RL Loss: 0.007, Avg. Length: 584.6
Frame: 4630000, Avg. Reward: -4.875, Avg. RL Loss: 0.007, Avg. Length: 623.8
Frame: 4640000, Avg. Reward: -4.875, Avg. RL Loss: 0.008, Avg. Length: 616.2
Frame: 4650000, Avg. Reward: -4.938, Avg. RL Loss: 0.008, Avg. Length: 629.8
Frame: 4660000, Avg. Reward: -4.625, Avg. RL Loss: 0.008, Avg. Length: 628.4
Frame: 4670000, Avg. Reward: -4.625, Avg. RL Loss: 0.007, Avg. Length: 651.8
Frame: 4680000, Avg. Reward: -4.643, Avg. RL Loss: 0.007, Avg. Length: 665.5
Frame: 4690000, Avg. Reward: -4.500, Avg. RL Loss: 0.007, Avg. Length: 609.8
Frame: 4700000, Avg. Reward: -4.857, Avg. RL Loss: 0.007, Avg. Length: 687.4
Frame: 4710000, Avg. Reward: -4.941, Avg. RL Loss: 0.008, Avg. Length: 604.5
Frame: 4720000, Avg. Reward: -4.933, Avg. RL Loss: 0.008, Avg. Length: 640.9
Frame: 4730000, Avg. Reward: -4.875, Avg. RL Loss: 0.007, Avg. Length: 648.8
Frame: 4740000, Avg. Reward: -4.750, Avg. RL Loss: 0.007, Avg. Length: 612.2
Frame: 4750000, Avg. Reward: -4.600, Avg. RL Loss: 0.007, Avg. Length: 622.7
Frame: 4760000, Avg. Reward: -4.875, Avg. RL Loss: 0.007, Avg. Length: 634.1
Frame: 4770000, Avg. Reward: -4.867, Avg. RL Loss: 0.007, Avg. Length: 648.9
Frame: 4780000, Avg. Reward: -4.875, Avg. RL Loss: 0.007, Avg. Length: 617.2
Frame: 4790000, Avg. Reward: -4.875, Avg. RL Loss: 0.008, Avg. Length: 624.1
Frame: 4800000, Avg. Reward: -4.812, Avg. RL Loss: 0.008, Avg. Length: 647.9
Frame: 4810000, Avg. Reward: -4.571, Avg. RL Loss: 0.007, Avg. Length: 697.1
Frame: 4820000, Avg. Reward: -4.875, Avg. RL Loss: 0.007, Avg. Length: 631.9
Frame: 4830000, Avg. Reward: -4.812, Avg. RL Loss: 0.007, Avg. Length: 630.2
Frame: 4840000, Avg. Reward: -4.941, Avg. RL Loss: 0.007, Avg. Length: 604.2
Frame: 4850000, Avg. Reward: -4.786, Avg. RL Loss: 0.007, Avg. Length: 691.1
Frame: 4860000, Avg. Reward: -4.800, Avg. RL Loss: 0.007, Avg. Length: 665.0
Frame: 4870000, Avg. Reward: -4.875, Avg. RL Loss: 0.007, Avg. Length: 631.0
Frame: 4880000, Avg. Reward: -5.000, Avg. RL Loss: 0.007, Avg. Length: 623.6
Frame: 4890000, Avg. Reward: -4.688, Avg. RL Loss: 0.007, Avg. Length: 589.7
Frame: 4900000, Avg. Reward: -4.938, Avg. RL Loss: 0.007, Avg. Length: 652.8
Frame: 4910000, Avg. Reward: -5.000, Avg. RL Loss: 0.007, Avg. Length: 577.9
Frame: 4920000, Avg. Reward: -4.875, Avg. RL Loss: 0.007, Avg. Length: 621.1
Frame: 4930000, Avg. Reward: -4.875, Avg. RL Loss: 0.007, Avg. Length: 606.9
Frame: 4940000, Avg. Reward: -4.688, Avg. RL Loss: 0.008, Avg. Length: 639.0
Frame: 4950000, Avg. Reward: -4.800, Avg. RL Loss: 0.008, Avg. Length: 657.3
Frame: 4960000, Avg. Reward: -4.750, Avg. RL Loss: 0.008, Avg. Length: 613.3
Frame: 4970000, Avg. Reward: -4.933, Avg. RL Loss: 0.008, Avg. Length: 656.3
Frame: 4980000, Avg. Reward: -4.941, Avg. RL Loss: 0.008, Avg. Length: 585.0
Frame: 4990000, Avg. Reward: -4.600, Avg. RL Loss: 0.007, Avg. Length: 654.5
Frame: 5000000, Avg. Reward: -4.643, Avg. RL Loss: 0.007, Avg. Length: 674.1
Frame: 5010000, Avg. Reward: -4.824, Avg. RL Loss: 0.007, Avg. Length: 636.0
Frame: 5020000, Avg. Reward: -4.667, Avg. RL Loss: 0.008, Avg. Length: 662.3
Frame: 5030000, Avg. Reward: -4.667, Avg. RL Loss: 0.009, Avg. Length: 615.8
Frame: 5040000, Avg. Reward: -4.882, Avg. RL Loss: 0.008, Avg. Length: 597.4
Frame: 5050000, Avg. Reward: -4.857, Avg. RL Loss: 0.007, Avg. Length: 668.8
Frame: 5060000, Avg. Reward: -4.800, Avg. RL Loss: 0.008, Avg. Length: 622.7
Frame: 5070000, Avg. Reward: -4.941, Avg. RL Loss: 0.007, Avg. Length: 609.9
Frame: 5080000, Avg. Reward: -4.938, Avg. RL Loss: 0.008, Avg. Length: 621.6
Frame: 5090000, Avg. Reward: -4.643, Avg. RL Loss: 0.007, Avg. Length: 676.5
Frame: 5100000, Avg. Reward: -4.786, Avg. RL Loss: 0.007, Avg. Length: 723.4
Frame: 5110000, Avg. Reward: -4.714, Avg. RL Loss: 0.007, Avg. Length: 693.1
Frame: 5120000, Avg. Reward: -4.812, Avg. RL Loss: 0.007, Avg. Length: 643.1
Frame: 5130000, Avg. Reward: -5.000, Avg. RL Loss: 0.007, Avg. Length: 597.6
Frame: 5140000, Avg. Reward: -4.875, Avg. RL Loss: 0.007, Avg. Length: 631.2
Frame: 5150000, Avg. Reward: -4.933, Avg. RL Loss: 0.007, Avg. Length: 681.1
Frame: 5160000, Avg. Reward: -4.750, Avg. RL Loss: 0.007, Avg. Length: 602.9
Frame: 5170000, Avg. Reward: -4.800, Avg. RL Loss: 0.007, Avg. Length: 664.0
Frame: 5180000, Avg. Reward: -4.786, Avg. RL Loss: 0.008, Avg. Length: 703.9
Frame: 5190000, Avg. Reward: -5.000, Avg. RL Loss: 0.007, Avg. Length: 620.3
Frame: 5200000, Avg. Reward: -4.867, Avg. RL Loss: 0.007, Avg. Length: 674.9
Frame: 5210000, Avg. Reward: -4.933, Avg. RL Loss: 0.007, Avg. Length: 670.0
Frame: 5220000, Avg. Reward: -4.875, Avg. RL Loss: 0.007, Avg. Length: 625.3
Frame: 5230000, Avg. Reward: -4.812, Avg. RL Loss: 0.008, Avg. Length: 625.7
Frame: 5240000, Avg. Reward: -4.933, Avg. RL Loss: 0.007, Avg. Length: 651.5
Frame: 5250000, Avg. Reward: -4.500, Avg. RL Loss: 0.007, Avg. Length: 680.8
Frame: 5260000, Avg. Reward: -4.357, Avg. RL Loss: 0.007, Avg. Length: 669.5
Frame: 5270000, Avg. Reward: -4.800, Avg. RL Loss: 0.007, Avg. Length: 662.6
Frame: 5280000, Avg. Reward: -4.875, Avg. RL Loss: 0.007, Avg. Length: 627.9
Frame: 5290000, Avg. Reward: -4.875, Avg. RL Loss: 0.008, Avg. Length: 618.0
Frame: 5300000, Avg. Reward: -4.800, Avg. RL Loss: 0.008, Avg. Length: 671.2
Frame: 5310000, Avg. Reward: -4.786, Avg. RL Loss: 0.008, Avg. Length: 682.4
Frame: 5320000, Avg. Reward: -4.800, Avg. RL Loss: 0.008, Avg. Length: 658.8
Frame: 5330000, Avg. Reward: -4.812, Avg. RL Loss: 0.007, Avg. Length: 619.6
Frame: 5340000, Avg. Reward: -4.786, Avg. RL Loss: 0.007, Avg. Length: 696.4
Frame: 5350000, Avg. Reward: -4.938, Avg. RL Loss: 0.007, Avg. Length: 659.4
Frame: 5360000, Avg. Reward: -4.933, Avg. RL Loss: 0.008, Avg. Length: 620.9
Frame: 5370000, Avg. Reward: -4.875, Avg. RL Loss: 0.008, Avg. Length: 628.6
Frame: 5380000, Avg. Reward: -4.688, Avg. RL Loss: 0.008, Avg. Length: 622.2
Frame: 5390000, Avg. Reward: -4.867, Avg. RL Loss: 0.008, Avg. Length: 645.3
Frame: 5400000, Avg. Reward: -4.667, Avg. RL Loss: 0.008, Avg. Length: 631.9
Frame: 5410000, Avg. Reward: -4.882, Avg. RL Loss: 0.008, Avg. Length: 566.2
Frame: 5420000, Avg. Reward: -4.882, Avg. RL Loss: 0.007, Avg. Length: 613.2
Frame: 5430000, Avg. Reward: -4.857, Avg. RL Loss: 0.007, Avg. Length: 672.4
Frame: 5440000, Avg. Reward: -4.824, Avg. RL Loss: 0.007, Avg. Length: 621.7
Frame: 5450000, Avg. Reward: -4.533, Avg. RL Loss: 0.007, Avg. Length: 630.6
Frame: 5460000, Avg. Reward: -4.875, Avg. RL Loss: 0.008, Avg. Length: 634.9
Frame: 5470000, Avg. Reward: -4.733, Avg. RL Loss: 0.008, Avg. Length: 663.1
Frame: 5480000, Avg. Reward: -4.857, Avg. RL Loss: 0.008, Avg. Length: 679.1
Frame: 5490000, Avg. Reward: -4.882, Avg. RL Loss: 0.007, Avg. Length: 620.9
Frame: 5500000, Avg. Reward: -4.933, Avg. RL Loss: 0.007, Avg. Length: 667.3
Frame: 5510000, Avg. Reward: -4.867, Avg. RL Loss: 0.007, Avg. Length: 660.5
Frame: 5520000, Avg. Reward: -5.000, Avg. RL Loss: 0.007, Avg. Length: 628.3
Frame: 5530000, Avg. Reward: -4.875, Avg. RL Loss: 0.008, Avg. Length: 670.4
Frame: 5540000, Avg. Reward: -4.714, Avg. RL Loss: 0.008, Avg. Length: 669.2
Frame: 5550000, Avg. Reward: -4.938, Avg. RL Loss: 0.008, Avg. Length: 631.1
Frame: 5560000, Avg. Reward: -4.941, Avg. RL Loss: 0.008, Avg. Length: 617.1
Frame: 5570000, Avg. Reward: -4.867, Avg. RL Loss: 0.008, Avg. Length: 625.9
Frame: 5580000, Avg. Reward: -4.875, Avg. RL Loss: 0.007, Avg. Length: 632.1
Frame: 5590000, Avg. Reward: -4.867, Avg. RL Loss: 0.008, Avg. Length: 675.9
Frame: 5600000, Avg. Reward: -5.000, Avg. RL Loss: 0.008, Avg. Length: 648.5
Frame: 5610000, Avg. Reward: -4.750, Avg. RL Loss: 0.008, Avg. Length: 640.1
Frame: 5620000, Avg. Reward: -4.812, Avg. RL Loss: 0.008, Avg. Length: 625.9
Frame: 5630000, Avg. Reward: -4.643, Avg. RL Loss: 0.007, Avg. Length: 683.1
Frame: 5640000, Avg. Reward: -4.875, Avg. RL Loss: 0.007, Avg. Length: 632.2
Frame: 5650000, Avg. Reward: -4.867, Avg. RL Loss: 0.007, Avg. Length: 673.0
Frame: 5660000, Avg. Reward: -4.867, Avg. RL Loss: 0.007, Avg. Length: 662.0
Frame: 5670000, Avg. Reward: -4.538, Avg. RL Loss: 0.007, Avg. Length: 735.2
Frame: 5680000, Avg. Reward: -4.533, Avg. RL Loss: 0.007, Avg. Length: 655.7
Frame: 5690000, Avg. Reward: -4.667, Avg. RL Loss: 0.007, Avg. Length: 624.6
Frame: 5700000, Avg. Reward: -4.867, Avg. RL Loss: 0.007, Avg. Length: 666.2
Frame: 5710000, Avg. Reward: -4.769, Avg. RL Loss: 0.007, Avg. Length: 763.5
Frame: 5720000, Avg. Reward: -4.786, Avg. RL Loss: 0.008, Avg. Length: 708.0
Frame: 5730000, Avg. Reward: -4.933, Avg. RL Loss: 0.008, Avg. Length: 678.0
Frame: 5740000, Avg. Reward: -4.688, Avg. RL Loss: 0.008, Avg. Length: 586.9
Frame: 5750000, Avg. Reward: -4.800, Avg. RL Loss: 0.008, Avg. Length: 652.9
Frame: 5760000, Avg. Reward: -4.643, Avg. RL Loss: 0.008, Avg. Length: 659.5
Frame: 5770000, Avg. Reward: -4.667, Avg. RL Loss: 0.008, Avg. Length: 683.1
Frame: 5780000, Avg. Reward: -4.923, Avg. RL Loss: 0.008, Avg. Length: 719.4
Frame: 5790000, Avg. Reward: -5.000, Avg. RL Loss: 0.007, Avg. Length: 658.1
Frame: 5800000, Avg. Reward: -4.714, Avg. RL Loss: 0.007, Avg. Length: 705.2
Frame: 5810000, Avg. Reward: -4.667, Avg. RL Loss: 0.007, Avg. Length: 686.5
Frame: 5820000, Avg. Reward: -4.933, Avg. RL Loss: 0.007, Avg. Length: 651.7
Frame: 5830000, Avg. Reward: -4.615, Avg. RL Loss: 0.007, Avg. Length: 742.5
Frame: 5840000, Avg. Reward: -4.714, Avg. RL Loss: 0.007, Avg. Length: 675.9
Frame: 5850000, Avg. Reward: -4.933, Avg. RL Loss: 0.007, Avg. Length: 692.0
Frame: 5860000, Avg. Reward: -4.800, Avg. RL Loss: 0.007, Avg. Length: 675.3
Frame: 5870000, Avg. Reward: -4.643, Avg. RL Loss: 0.008, Avg. Length: 675.0
Frame: 5880000, Avg. Reward: -4.867, Avg. RL Loss: 0.008, Avg. Length: 649.8
Frame: 5890000, Avg. Reward: -4.429, Avg. RL Loss: 0.008, Avg. Length: 678.4
Frame: 5900000, Avg. Reward: -4.714, Avg. RL Loss: 0.008, Avg. Length: 657.8
Frame: 5910000, Avg. Reward: -4.308, Avg. RL Loss: 0.008, Avg. Length: 686.0
Frame: 5920000, Avg. Reward: -4.800, Avg. RL Loss: 0.008, Avg. Length: 692.5
Frame: 5930000, Avg. Reward: -4.714, Avg. RL Loss: 0.008, Avg. Length: 650.2
Frame: 5940000, Avg. Reward: -4.917, Avg. RL Loss: 0.008, Avg. Length: 802.0
Frame: 5950000, Avg. Reward: -4.933, Avg. RL Loss: 0.007, Avg. Length: 701.9
Frame: 5960000, Avg. Reward: -4.786, Avg. RL Loss: 0.007, Avg. Length: 680.5
Frame: 5970000, Avg. Reward: -4.750, Avg. RL Loss: 0.007, Avg. Length: 651.8
Frame: 5980000, Avg. Reward: -4.733, Avg. RL Loss: 0.007, Avg. Length: 648.8
Frame: 5990000, Avg. Reward: -4.933, Avg. RL Loss: 0.007, Avg. Length: 646.9
Frame: 6000000, Avg. Reward: -4.875, Avg. RL Loss: 0.008, Avg. Length: 641.2
Frame: 6010000, Avg. Reward: -4.786, Avg. RL Loss: 0.007, Avg. Length: 687.4
Frame: 6020000, Avg. Reward: -4.714, Avg. RL Loss: 0.008, Avg. Length: 709.5
Frame: 6030000, Avg. Reward: -4.857, Avg. RL Loss: 0.008, Avg. Length: 703.5
Frame: 6040000, Avg. Reward: -4.667, Avg. RL Loss: 0.008, Avg. Length: 657.4
Frame: 6050000, Avg. Reward: -5.000, Avg. RL Loss: 0.009, Avg. Length: 701.0
Frame: 6060000, Avg. Reward: -4.867, Avg. RL Loss: 0.008, Avg. Length: 633.5
Frame: 6070000, Avg. Reward: -4.667, Avg. RL Loss: 0.008, Avg. Length: 659.4
Frame: 6080000, Avg. Reward: -4.733, Avg. RL Loss: 0.008, Avg. Length: 673.7
Frame: 6090000, Avg. Reward: -4.714, Avg. RL Loss: 0.008, Avg. Length: 711.6
Frame: 6100000, Avg. Reward: -4.692, Avg. RL Loss: 0.008, Avg. Length: 779.4
Frame: 6110000, Avg. Reward: -4.538, Avg. RL Loss: 0.008, Avg. Length: 691.8
Frame: 6120000, Avg. Reward: -4.667, Avg. RL Loss: 0.008, Avg. Length: 664.1
Frame: 6130000, Avg. Reward: -4.643, Avg. RL Loss: 0.008, Avg. Length: 650.8
Frame: 6140000, Avg. Reward: -4.933, Avg. RL Loss: 0.008, Avg. Length: 668.5
Frame: 6150000, Avg. Reward: -4.800, Avg. RL Loss: 0.009, Avg. Length: 658.7
Frame: 6160000, Avg. Reward: -4.800, Avg. RL Loss: 0.009, Avg. Length: 652.6
Frame: 6170000, Avg. Reward: -4.938, Avg. RL Loss: 0.009, Avg. Length: 619.7
Frame: 6180000, Avg. Reward: -4.643, Avg. RL Loss: 0.009, Avg. Length: 682.9
Frame: 6190000, Avg. Reward: -4.875, Avg. RL Loss: 0.008, Avg. Length: 618.6
Frame: 6200000, Avg. Reward: -4.867, Avg. RL Loss: 0.008, Avg. Length: 649.2
Frame: 6210000, Avg. Reward: -4.750, Avg. RL Loss: 0.009, Avg. Length: 594.3
Frame: 6220000, Avg. Reward: -4.750, Avg. RL Loss: 0.009, Avg. Length: 663.6
Frame: 6230000, Avg. Reward: -4.667, Avg. RL Loss: 0.009, Avg. Length: 643.1
Frame: 6240000, Avg. Reward: -4.938, Avg. RL Loss: 0.010, Avg. Length: 604.6
Frame: 6250000, Avg. Reward: -4.938, Avg. RL Loss: 0.010, Avg. Length: 598.5
Frame: 6260000, Avg. Reward: -4.812, Avg. RL Loss: 0.011, Avg. Length: 646.3
Frame: 6270000, Avg. Reward: -4.938, Avg. RL Loss: 0.012, Avg. Length: 612.4
Frame: 6280000, Avg. Reward: -4.882, Avg. RL Loss: 0.013, Avg. Length: 589.0
Frame: 6290000, Avg. Reward: -4.667, Avg. RL Loss: 0.014, Avg. Length: 670.1
Frame: 6300000, Avg. Reward: -4.667, Avg. RL Loss: 0.015, Avg. Length: 677.3
Frame: 6310000, Avg. Reward: -4.800, Avg. RL Loss: 0.017, Avg. Length: 645.2
Frame: 6320000, Avg. Reward: -4.812, Avg. RL Loss: 0.020, Avg. Length: 639.2
Frame: 6330000, Avg. Reward: -4.750, Avg. RL Loss: 0.020, Avg. Length: 615.6
Frame: 6340000, Avg. Reward: -4.647, Avg. RL Loss: 0.022, Avg. Length: 606.2
Frame: 6350000, Avg. Reward: -4.867, Avg. RL Loss: 0.028, Avg. Length: 638.1
Frame: 6360000, Avg. Reward: -4.933, Avg. RL Loss: 0.038, Avg. Length: 635.9
Frame: 6370000, Avg. Reward: -4.688, Avg. RL Loss: 0.037, Avg. Length: 630.2
Frame: 6380000, Avg. Reward: -4.875, Avg. RL Loss: 0.029, Avg. Length: 617.4
Frame: 6390000, Avg. Reward: -4.643, Avg. RL Loss: 0.024, Avg. Length: 676.9
Frame: 6400000, Avg. Reward: -4.500, Avg. RL Loss: 0.021, Avg. Length: 625.5
Frame: 6410000, Avg. Reward: -4.867, Avg. RL Loss: 0.020, Avg. Length: 662.3
Frame: 6420000, Avg. Reward: -4.933, Avg. RL Loss: 0.019, Avg. Length: 650.0
Frame: 6430000, Avg. Reward: -4.867, Avg. RL Loss: 0.016, Avg. Length: 666.5
Frame: 6440000, Avg. Reward: -4.812, Avg. RL Loss: 0.015, Avg. Length: 620.1
Frame: 6450000, Avg. Reward: -4.750, Avg. RL Loss: 0.013, Avg. Length: 601.3
Frame: 6460000, Avg. Reward: -4.667, Avg. RL Loss: 0.014, Avg. Length: 677.8
Frame: 6470000, Avg. Reward: -4.938, Avg. RL Loss: 0.013, Avg. Length: 613.3
Frame: 6480000, Avg. Reward: -4.786, Avg. RL Loss: 0.012, Avg. Length: 698.4
Frame: 6490000, Avg. Reward: -4.875, Avg. RL Loss: 0.011, Avg. Length: 636.1
Frame: 6500000, Avg. Reward: -4.882, Avg. RL Loss: 0.010, Avg. Length: 611.6
Frame: 6510000, Avg. Reward: -4.800, Avg. RL Loss: 0.010, Avg. Length: 606.6
Frame: 6520000, Avg. Reward: -4.800, Avg. RL Loss: 0.010, Avg. Length: 662.1
Frame: 6530000, Avg. Reward: -4.812, Avg. RL Loss: 0.009, Avg. Length: 641.8
Frame: 6540000, Avg. Reward: -4.562, Avg. RL Loss: 0.008, Avg. Length: 583.5
Frame: 6550000, Avg. Reward: -5.000, Avg. RL Loss: 0.008, Avg. Length: 616.9
Frame: 6560000, Avg. Reward: -4.824, Avg. RL Loss: 0.009, Avg. Length: 600.7
Frame: 6570000, Avg. Reward: -4.667, Avg. RL Loss: 0.009, Avg. Length: 658.3
Frame: 6580000, Avg. Reward: -4.938, Avg. RL Loss: 0.009, Avg. Length: 584.3
Frame: 6590000, Avg. Reward: -5.000, Avg. RL Loss: 0.009, Avg. Length: 676.0
Frame: 6600000, Avg. Reward: -4.800, Avg. RL Loss: 0.008, Avg. Length: 660.7
Frame: 6610000, Avg. Reward: -4.688, Avg. RL Loss: 0.008, Avg. Length: 649.1
Frame: 6620000, Avg. Reward: -4.812, Avg. RL Loss: 0.008, Avg. Length: 608.6
Frame: 6630000, Avg. Reward: -4.625, Avg. RL Loss: 0.008, Avg. Length: 610.7
Frame: 6640000, Avg. Reward: -4.786, Avg. RL Loss: 0.008, Avg. Length: 678.4
Frame: 6650000, Avg. Reward: -4.875, Avg. RL Loss: 0.007, Avg. Length: 629.4
Frame: 6660000, Avg. Reward: -4.938, Avg. RL Loss: 0.007, Avg. Length: 610.9
Frame: 6670000, Avg. Reward: -4.875, Avg. RL Loss: 0.008, Avg. Length: 648.2
Frame: 6680000, Avg. Reward: -5.000, Avg. RL Loss: 0.007, Avg. Length: 576.6
Frame: 6690000, Avg. Reward: -4.882, Avg. RL Loss: 0.008, Avg. Length: 602.2
Frame: 6700000, Avg. Reward: -4.733, Avg. RL Loss: 0.008, Avg. Length: 629.8
Frame: 6710000, Avg. Reward: -4.500, Avg. RL Loss: 0.008, Avg. Length: 662.1
Frame: 6720000, Avg. Reward: -4.882, Avg. RL Loss: 0.008, Avg. Length: 581.7
Frame: 6730000, Avg. Reward: -4.812, Avg. RL Loss: 0.008, Avg. Length: 641.8
Frame: 6740000, Avg. Reward: -4.875, Avg. RL Loss: 0.008, Avg. Length: 592.1
Frame: 6750000, Avg. Reward: -4.812, Avg. RL Loss: 0.008, Avg. Length: 642.6
Frame: 6760000, Avg. Reward: -4.714, Avg. RL Loss: 0.009, Avg. Length: 676.6
Frame: 6770000, Avg. Reward: -4.800, Avg. RL Loss: 0.008, Avg. Length: 696.1
Frame: 6780000, Avg. Reward: -4.750, Avg. RL Loss: 0.008, Avg. Length: 621.2
Frame: 6790000, Avg. Reward: -4.938, Avg. RL Loss: 0.007, Avg. Length: 596.6
Frame: 6800000, Avg. Reward: -4.571, Avg. RL Loss: 0.008, Avg. Length: 713.2
Frame: 6810000, Avg. Reward: -4.625, Avg. RL Loss: 0.008, Avg. Length: 640.4
Frame: 6820000, Avg. Reward: -4.875, Avg. RL Loss: 0.009, Avg. Length: 626.9
Frame: 6830000, Avg. Reward: -4.824, Avg. RL Loss: 0.009, Avg. Length: 604.0
Frame: 6840000, Avg. Reward: -4.733, Avg. RL Loss: 0.009, Avg. Length: 618.9
Frame: 6850000, Avg. Reward: -5.000, Avg. RL Loss: 0.007, Avg. Length: 579.7
Frame: 6860000, Avg. Reward: -4.733, Avg. RL Loss: 0.007, Avg. Length: 643.7
Frame: 6870000, Avg. Reward: -4.800, Avg. RL Loss: 0.007, Avg. Length: 682.9
Frame: 6880000, Avg. Reward: -4.800, Avg. RL Loss: 0.008, Avg. Length: 656.4
Frame: 6890000, Avg. Reward: -4.786, Avg. RL Loss: 0.007, Avg. Length: 651.8
Frame: 6900000, Avg. Reward: -4.765, Avg. RL Loss: 0.007, Avg. Length: 607.9
Frame: 6910000, Avg. Reward: -4.800, Avg. RL Loss: 0.007, Avg. Length: 656.4
Frame: 6920000, Avg. Reward: -4.867, Avg. RL Loss: 0.007, Avg. Length: 666.3
Frame: 6930000, Avg. Reward: -4.867, Avg. RL Loss: 0.007, Avg. Length: 649.9
Frame: 6940000, Avg. Reward: -4.941, Avg. RL Loss: 0.008, Avg. Length: 618.9
Frame: 6950000, Avg. Reward: -4.875, Avg. RL Loss: 0.008, Avg. Length: 585.3
Frame: 6960000, Avg. Reward: -4.765, Avg. RL Loss: 0.008, Avg. Length: 601.9
Frame: 6970000, Avg. Reward: -4.765, Avg. RL Loss: 0.007, Avg. Length: 576.1
Frame: 6980000, Avg. Reward: -4.933, Avg. RL Loss: 0.008, Avg. Length: 638.7
Frame: 6990000, Avg. Reward: -4.833, Avg. RL Loss: 0.007, Avg. Length: 573.8
Frame: 7000000, Avg. Reward: -4.800, Avg. RL Loss: 0.007, Avg. Length: 658.1
Frame: 7010000, Avg. Reward: -4.938, Avg. RL Loss: 0.006, Avg. Length: 632.2
Frame: 7020000, Avg. Reward: -4.733, Avg. RL Loss: 0.007, Avg. Length: 657.3
Frame: 7030000, Avg. Reward: -4.938, Avg. RL Loss: 0.007, Avg. Length: 631.9
Frame: 7040000, Avg. Reward: -4.875, Avg. RL Loss: 0.008, Avg. Length: 632.7
Frame: 7050000, Avg. Reward: -4.800, Avg. RL Loss: 0.008, Avg. Length: 621.5
Frame: 7060000, Avg. Reward: -4.889, Avg. RL Loss: 0.008, Avg. Length: 590.2
Frame: 7070000, Avg. Reward: -4.824, Avg. RL Loss: 0.008, Avg. Length: 542.1
Frame: 7080000, Avg. Reward: -4.688, Avg. RL Loss: 0.007, Avg. Length: 577.3
Frame: 7090000, Avg. Reward: -4.733, Avg. RL Loss: 0.007, Avg. Length: 679.7
Frame: 7100000, Avg. Reward: -4.938, Avg. RL Loss: 0.007, Avg. Length: 606.6
Frame: 7110000, Avg. Reward: -4.875, Avg. RL Loss: 0.007, Avg. Length: 628.8
Frame: 7120000, Avg. Reward: -4.733, Avg. RL Loss: 0.007, Avg. Length: 685.7
Frame: 7130000, Avg. Reward: -4.800, Avg. RL Loss: 0.007, Avg. Length: 648.9
Frame: 7140000, Avg. Reward: -4.733, Avg. RL Loss: 0.007, Avg. Length: 656.0
Frame: 7150000, Avg. Reward: -4.941, Avg. RL Loss: 0.008, Avg. Length: 598.0
Frame: 7160000, Avg. Reward: -5.000, Avg. RL Loss: 0.008, Avg. Length: 615.9
Frame: 7170000, Avg. Reward: -4.750, Avg. RL Loss: 0.008, Avg. Length: 613.5
Frame: 7180000, Avg. Reward: -4.786, Avg. RL Loss: 0.007, Avg. Length: 671.4
Frame: 7190000, Avg. Reward: -4.733, Avg. RL Loss: 0.007, Avg. Length: 635.3
Frame: 7200000, Avg. Reward: -5.000, Avg. RL Loss: 0.007, Avg. Length: 600.7
Frame: 7210000, Avg. Reward: -4.867, Avg. RL Loss: 0.007, Avg. Length: 664.6
Frame: 7220000, Avg. Reward: -4.933, Avg. RL Loss: 0.007, Avg. Length: 643.7
Frame: 7230000, Avg. Reward: -4.800, Avg. RL Loss: 0.007, Avg. Length: 668.7
Frame: 7240000, Avg. Reward: -4.733, Avg. RL Loss: 0.007, Avg. Length: 663.3
Frame: 7250000, Avg. Reward: -4.857, Avg. RL Loss: 0.007, Avg. Length: 693.4
Frame: 7260000, Avg. Reward: -4.875, Avg. RL Loss: 0.007, Avg. Length: 652.8
Frame: 7270000, Avg. Reward: -4.929, Avg. RL Loss: 0.007, Avg. Length: 705.3
Frame: 7280000, Avg. Reward: -4.875, Avg. RL Loss: 0.008, Avg. Length: 610.6
Frame: 7290000, Avg. Reward: -4.812, Avg. RL Loss: 0.007, Avg. Length: 635.8
Frame: 7300000, Avg. Reward: -5.000, Avg. RL Loss: 0.007, Avg. Length: 670.6
Frame: 7310000, Avg. Reward: -4.875, Avg. RL Loss: 0.007, Avg. Length: 643.2
Frame: 7320000, Avg. Reward: -4.800, Avg. RL Loss: 0.007, Avg. Length: 650.3
Frame: 7330000, Avg. Reward: -4.714, Avg. RL Loss: 0.006, Avg. Length: 691.3
Frame: 7340000, Avg. Reward: -4.938, Avg. RL Loss: 0.006, Avg. Length: 647.6