Cannot import pettingzoo env:  pong_v2
                          Options
                          seed: 1122
                          batch_size: 1024
                          no_cuda: False
                          max_frames: 500000000
                          buffer_size: 100000
                          update_target: 1000
                          train_freq: 100
                          gamma: 0.99
                          eta: 0.1
                          rl_start: 10000
                          sl_start: 1000
                          num_envs: 5
                          hidden_dim: 256
                          dueling: False
                          multi_step: 1
                          cce: False
                          env: SlimeVolley-v0
                          ram: False
                          negative: False
                          against_baseline: False
                          load_model: None
                          save_model: model
                          evaluate: False
                          render: False
                          evaluation_interval: 50000
                          lr: 0.0001
                          max_tag_interval: 10000
                          eps_start: 1.0
                          eps_final: 0.01
                          eps_decay: 1000000
                          cuda: True
                          device: cuda:0
[Box(-3.4028234663852886e+38, 3.4028234663852886e+38, (12,), float32), Box(-3.4028234663852886e+38, 3.4028234663852886e+38, (12,), float32), Box(-3.4028234663852886e+38, 3.4028234663852886e+38, (12,), float32), Box(-3.4028234663852886e+38, 3.4028234663852886e+38, (12,), float32), Box(-3.4028234663852886e+38, 3.4028234663852886e+38, (12,), float32)] [Discrete(6), Discrete(6), Discrete(6), Discrete(6), Discrete(6)]
(12,)
(12,)
Frame: 250000, Avg. RL Loss: 0.005, Avg. Q value: 0.011, Avg. Length: 509.4, P0 Avg. Reward: -0.114, P1 Avg. Reward: 0.114
Q table: 
 [[0.549 0.532 0.583 0.55  0.496 0.459]
 [0.501 0.463 0.537 0.505 0.522 0.548]
 [0.553 0.506 0.55  0.512 0.547 0.521]
 [0.488 0.55  0.489 0.563 0.517 0.505]
 [0.557 0.539 0.528 0.516 0.559 0.522]
 [0.515 0.564 0.497 0.476 0.502 0.508]]
Nash policies:  [(array([0.   , 0.188, 0.103, 0.21 , 0.498, 0.   ]), array([0.   , 0.109, 0.231, 0.298, 0.   , 0.362]))]
Frame: 500000, Avg. RL Loss: 0.009, Avg. Q value: -0.001, Avg. Length: 516.3, P0 Avg. Reward: 0.054, P1 Avg. Reward: -0.054
Q table: 
 [[0.307 0.307 0.352 0.359 0.349 0.297]
 [0.359 0.327 0.333 0.337 0.349 0.358]
 [0.342 0.318 0.325 0.314 0.341 0.347]
 [0.321 0.325 0.318 0.347 0.316 0.358]
 [0.344 0.358 0.343 0.371 0.356 0.332]
 [0.355 0.332 0.334 0.377 0.335 0.344]]
Nash policies:  [(array([0.   , 0.307, 0.   , 0.   , 0.693, 0.   ]), array([0.   , 0.   , 0.719, 0.   , 0.   , 0.281]))]
Frame: 750000, Avg. RL Loss: 0.011, Avg. Q value: -0.013, Avg. Length: 505.9, P0 Avg. Reward: 0.102, P1 Avg. Reward: -0.102
Q table: 
 [[-0.688 -0.695 -0.682 -0.656 -0.744 -0.674]
 [-0.703 -0.676 -0.735 -0.653 -0.675 -0.718]
 [-0.684 -0.687 -0.691 -0.724 -0.732 -0.683]
 [-0.635 -0.631 -0.655 -0.692 -0.732 -0.734]
 [-0.702 -0.66  -0.7   -0.717 -0.706 -0.664]
 [-0.702 -0.653 -0.674 -0.684 -0.645 -0.706]]
Nash policies:  [(array([0.157, 0.   , 0.   , 0.126, 0.32 , 0.397]), array([0.392, 0.   , 0.   , 0.086, 0.185, 0.336]))]
Frame: 1000000, Avg. RL Loss: 0.010, Avg. Q value: -0.035, Avg. Length: 498.7, P0 Avg. Reward: -0.103, P1 Avg. Reward: 0.103
Q table: 
 [[0.26  0.254 0.244 0.24  0.237 0.233]
 [0.241 0.242 0.24  0.262 0.243 0.234]
 [0.235 0.251 0.241 0.245 0.269 0.246]
 [0.249 0.26  0.248 0.265 0.256 0.252]
 [0.255 0.283 0.271 0.281 0.254 0.257]
 [0.262 0.252 0.234 0.265 0.243 0.23 ]]
Nash policies:  [(array([0.   , 0.   , 0.029, 0.   , 0.971, 0.   ]), array([0.425, 0.   , 0.   , 0.   , 0.575, 0.   ]))]
Frame: 1250000, Avg. RL Loss: 0.011, Avg. Q value: 0.013, Avg. Length: 515.1, P0 Avg. Reward: 0.080, P1 Avg. Reward: -0.080
Q table: 
 [[-0.244 -0.25  -0.269 -0.246 -0.243 -0.256]
 [-0.269 -0.242 -0.256 -0.253 -0.228 -0.254]
 [-0.249 -0.258 -0.239 -0.253 -0.266 -0.25 ]
 [-0.262 -0.267 -0.249 -0.245 -0.24  -0.275]
 [-0.258 -0.231 -0.236 -0.245 -0.24  -0.257]
 [-0.246 -0.254 -0.247 -0.263 -0.264 -0.228]]
Nash policies:  [(array([0.342, 0.   , 0.071, 0.   , 0.365, 0.223]), array([0.271, 0.   , 0.106, 0.431, 0.   , 0.192]))]
Frame: 1500000, Avg. RL Loss: 0.013, Avg. Q value: 0.028, Avg. Length: 525.3, P0 Avg. Reward: -0.032, P1 Avg. Reward: 0.032
Q table: 
 [[-0.592 -0.578 -0.583 -0.579 -0.577 -0.563]
 [-0.56  -0.556 -0.556 -0.579 -0.573 -0.578]
 [-0.579 -0.577 -0.555 -0.566 -0.57  -0.564]
 [-0.584 -0.587 -0.6   -0.564 -0.553 -0.551]
 [-0.561 -0.558 -0.581 -0.576 -0.582 -0.596]
 [-0.575 -0.546 -0.575 -0.581 -0.589 -0.544]]
Nash policies:  [(array([0.   , 0.319, 0.509, 0.06 , 0.112, 0.   ]), array([0.396, 0.   , 0.   , 0.526, 0.032, 0.047]))]
Frame: 1750000, Avg. RL Loss: 0.015, Avg. Q value: 0.056, Avg. Length: 501.8, P0 Avg. Reward: 0.134, P1 Avg. Reward: -0.134
Q table: 
 [[-0.706 -0.703 -0.711 -0.733 -0.712 -0.734]
 [-0.736 -0.713 -0.714 -0.684 -0.749 -0.721]
 [-0.735 -0.72  -0.725 -0.742 -0.706 -0.741]
 [-0.738 -0.722 -0.746 -0.718 -0.721 -0.738]
 [-0.745 -0.746 -0.69  -0.701 -0.731 -0.738]
 [-0.715 -0.741 -0.711 -0.731 -0.739 -0.71 ]]
Nash policies:  [(array([0.562, 0.143, 0.   , 0.   , 0.   , 0.295]), array([0.   , 0.   , 0.   , 0.186, 0.389, 0.425]))]
Frame: 2000000, Avg. RL Loss: 0.015, Avg. Q value: 0.054, Avg. Length: 493.8, P0 Avg. Reward: 0.089, P1 Avg. Reward: -0.089
Q table: 
 [[-1.119 -1.123 -1.152 -1.129 -1.157 -1.141]
 [-1.128 -1.166 -1.146 -1.145 -1.145 -1.13 ]
 [-1.134 -1.13  -1.13  -1.105 -1.139 -1.132]
 [-1.131 -1.118 -1.169 -1.156 -1.139 -1.128]
 [-1.149 -1.146 -1.169 -1.157 -1.161 -1.13 ]
 [-1.153 -1.179 -1.148 -1.132 -1.157 -1.137]]
Nash policies:  [(array([0., 0., 1., 0., 0., 0.]), array([0., 0., 0., 0., 1., 0.]))]
Frame: 2250000, Avg. RL Loss: 0.016, Avg. Q value: 0.037, Avg. Length: 511.6, P0 Avg. Reward: 0.049, P1 Avg. Reward: -0.049
Q table: 
 [[-0.486 -0.485 -0.48  -0.476 -0.493 -0.477]
 [-0.511 -0.489 -0.465 -0.469 -0.493 -0.488]
 [-0.489 -0.471 -0.481 -0.505 -0.511 -0.481]
 [-0.49  -0.483 -0.471 -0.496 -0.502 -0.493]
 [-0.489 -0.46  -0.465 -0.519 -0.515 -0.49 ]
 [-0.471 -0.468 -0.462 -0.506 -0.484 -0.5  ]]
Nash policies:  [(array([0.404, 0.129, 0.   , 0.   , 0.   , 0.467]), array([0.   , 0.   , 0.   , 0.142, 0.735, 0.123]))]
Frame: 2500000, Avg. RL Loss: 0.015, Avg. Q value: 0.009, Avg. Length: 492.1, P0 Avg. Reward: 0.065, P1 Avg. Reward: -0.065
Q table: 
 [[-0.602 -0.575 -0.521 -0.57  -0.508 -0.52 ]
 [-0.636 -0.567 -0.568 -0.643 -0.554 -0.545]
 [-0.541 -0.557 -0.59  -0.615 -0.57  -0.574]
 [-0.565 -0.55  -0.558 -0.584 -0.537 -0.568]
 [-0.528 -0.546 -0.606 -0.643 -0.592 -0.489]
 [-0.536 -0.537 -0.509 -0.559 -0.503 -0.513]]
Nash policies:  [(array([0., 0., 0., 0., 0., 1.]), array([0., 0., 0., 1., 0., 0.]))]
Frame: 2750000, Avg. RL Loss: 0.015, Avg. Q value: 0.063, Avg. Length: 487.9, P0 Avg. Reward: 0.109, P1 Avg. Reward: -0.109
Q table: 
 [[-0.942 -0.913 -0.94  -0.942 -0.91  -0.886]
 [-0.917 -0.891 -0.889 -0.9   -0.918 -0.943]
 [-0.895 -0.879 -0.904 -0.878 -0.92  -0.907]
 [-0.917 -0.898 -0.869 -0.926 -0.894 -0.958]
 [-0.943 -0.892 -0.877 -0.937 -0.913 -0.898]
 [-0.952 -0.901 -0.895 -0.913 -0.929 -0.935]]
Nash policies:  [(array([0.266, 0.   , 0.526, 0.208, 0.   , 0.   ]), array([0.215, 0.   , 0.   , 0.   , 0.586, 0.2  ]))]
Frame: 3000000, Avg. RL Loss: 0.015, Avg. Q value: 0.045, Avg. Length: 503.6, P0 Avg. Reward: 0.048, P1 Avg. Reward: -0.048
Q table: 
 [[-0.127 -0.134 -0.126 -0.135 -0.136 -0.154]
 [-0.13  -0.12  -0.102 -0.125 -0.139 -0.134]
 [-0.144 -0.146 -0.104 -0.123 -0.124 -0.141]
 [-0.161 -0.154 -0.081 -0.139 -0.121 -0.111]
 [-0.15  -0.148 -0.105 -0.102 -0.13  -0.146]
 [-0.122 -0.131 -0.134 -0.121 -0.138 -0.129]]
Nash policies:  [(array([0.   , 0.319, 0.303, 0.059, 0.   , 0.319]), array([0.142, 0.225, 0.   , 0.   , 0.553, 0.08 ]))]
Frame: 3250000, Avg. RL Loss: 0.017, Avg. Q value: 0.007, Avg. Length: 487.3, P0 Avg. Reward: -0.020, P1 Avg. Reward: 0.020
Q table: 
 [[-1.168 -1.185 -1.163 -1.156 -1.172 -1.157]
 [-1.203 -1.153 -1.18  -1.171 -1.139 -1.137]
 [-1.162 -1.16  -1.169 -1.164 -1.187 -1.171]
 [-1.151 -1.22  -1.158 -1.163 -1.142 -1.177]
 [-1.152 -1.176 -1.196 -1.192 -1.157 -1.179]
 [-1.17  -1.164 -1.152 -1.131 -1.158 -1.184]]
Nash policies:  [(array([0.   , 0.168, 0.533, 0.138, 0.039, 0.123]), array([0.343, 0.169, 0.126, 0.   , 0.14 , 0.222]))]
Frame: 3500000, Avg. RL Loss: 0.017, Avg. Q value: 0.033, Avg. Length: 497.2, P0 Avg. Reward: -0.050, P1 Avg. Reward: 0.050
Q table: 
 [[1.055 1.024 1.042 1.048 1.015 1.056]
 [1.069 1.018 1.034 1.016 1.046 1.052]
 [1.057 1.034 1.033 1.037 1.026 1.043]
 [1.041 1.041 1.007 1.051 1.012 1.039]
 [1.056 1.043 1.005 1.046 1.024 1.054]
 [1.039 1.021 1.031 1.034 1.05  1.058]]
Nash policies:  [(array([0.   , 0.   , 0.704, 0.   , 0.048, 0.248]), array([0.   , 0.535, 0.147, 0.   , 0.318, 0.   ]))]
Frame: 3750000, Avg. RL Loss: 0.018, Avg. Q value: 0.051, Avg. Length: 496.8, P0 Avg. Reward: 0.028, P1 Avg. Reward: -0.028
Q table: 
 [[-0.855 -0.851 -0.855 -0.842 -0.853 -0.87 ]
 [-0.839 -0.845 -0.842 -0.85  -0.851 -0.84 ]
 [-0.846 -0.837 -0.855 -0.863 -0.863 -0.849]
 [-0.861 -0.818 -0.864 -0.87  -0.861 -0.866]
 [-0.863 -0.86  -0.846 -0.857 -0.871 -0.85 ]
 [-0.859 -0.855 -0.86  -0.828 -0.851 -0.862]]
Nash policies:  [(array([0., 1., 0., 0., 0., 0.]), array([0., 0., 0., 0., 1., 0.]))]
Frame: 4000000, Avg. RL Loss: 0.017, Avg. Q value: 0.020, Avg. Length: 495.8, P0 Avg. Reward: 0.065, P1 Avg. Reward: -0.065
Q table: 
 [[-0.572 -0.561 -0.561 -0.591 -0.577 -0.57 ]
 [-0.571 -0.552 -0.568 -0.588 -0.557 -0.568]
 [-0.564 -0.568 -0.573 -0.547 -0.577 -0.569]
 [-0.56  -0.585 -0.57  -0.578 -0.553 -0.577]
 [-0.551 -0.55  -0.56  -0.563 -0.558 -0.558]
 [-0.557 -0.578 -0.563 -0.567 -0.567 -0.572]]
Nash policies:  [(array([0.   , 0.   , 0.098, 0.   , 0.902, 0.   ]), array([0.   , 0.   , 0.557, 0.443, 0.   , 0.   ]))]
Frame: 4250000, Avg. RL Loss: 0.018, Avg. Q value: -0.030, Avg. Length: 499.7, P0 Avg. Reward: -0.048, P1 Avg. Reward: 0.048
Q table: 
 [[-1.383 -1.421 -1.379 -1.38  -1.405 -1.406]
 [-1.38  -1.407 -1.41  -1.404 -1.425 -1.421]
 [-1.376 -1.434 -1.381 -1.412 -1.406 -1.448]
 [-1.423 -1.4   -1.393 -1.433 -1.42  -1.395]
 [-1.44  -1.415 -1.42  -1.38  -1.385 -1.385]
 [-1.406 -1.402 -1.419 -1.405 -1.409 -1.399]]
Nash policies:  [(array([0.208, 0.   , 0.   , 0.138, 0.105, 0.549]), array([0.053, 0.45 , 0.162, 0.   , 0.336, 0.   ]))]
Frame: 4500000, Avg. RL Loss: 0.019, Avg. Q value: -0.014, Avg. Length: 488.5, P0 Avg. Reward: 0.055, P1 Avg. Reward: -0.055
Q table: 
 [[0.752 0.724 0.743 0.716 0.737 0.707]
 [0.68  0.724 0.753 0.722 0.712 0.73 ]
 [0.733 0.706 0.697 0.682 0.693 0.711]
 [0.691 0.685 0.752 0.716 0.667 0.704]
 [0.726 0.714 0.712 0.711 0.697 0.712]
 [0.737 0.742 0.748 0.724 0.74  0.728]]
Nash policies:  [(array([0., 0., 0., 0., 0., 1.]), array([0., 0., 0., 1., 0., 0.]))]
Frame: 4750000, Avg. RL Loss: 0.020, Avg. Q value: 0.002, Avg. Length: 504.7, P0 Avg. Reward: 0.059, P1 Avg. Reward: -0.059
Q table: 
 [[-0.88  -0.877 -0.879 -0.876 -0.886 -0.885]
 [-0.897 -0.892 -0.903 -0.872 -0.889 -0.902]
 [-0.904 -0.892 -0.894 -0.893 -0.883 -0.868]
 [-0.903 -0.885 -0.88  -0.875 -0.898 -0.866]
 [-0.88  -0.894 -0.891 -0.889 -0.891 -0.888]
 [-0.903 -0.873 -0.904 -0.894 -0.886 -0.893]]
Nash policies:  [(array([0.768, 0.   , 0.232, 0.   , 0.   , 0.   ]), array([0.106, 0.   , 0.   , 0.   , 0.894, 0.   ]))]
Frame: 5000000, Avg. RL Loss: 0.021, Avg. Q value: -0.048, Avg. Length: 491.3, P0 Avg. Reward: -0.031, P1 Avg. Reward: 0.031
Q table: 
 [[-0.741 -0.768 -0.753 -0.752 -0.761 -0.776]
 [-0.768 -0.778 -0.751 -0.766 -0.791 -0.758]
 [-0.784 -0.776 -0.775 -0.778 -0.759 -0.755]
 [-0.781 -0.756 -0.773 -0.778 -0.763 -0.787]
 [-0.758 -0.764 -0.774 -0.761 -0.802 -0.764]
 [-0.768 -0.773 -0.755 -0.745 -0.778 -0.781]]
Nash policies:  [(array([0.292, 0.   , 0.356, 0.167, 0.184, 0.   ]), array([0.   , 0.5  , 0.117, 0.   , 0.079, 0.304]))]
Frame: 5250000, Avg. RL Loss: 0.021, Avg. Q value: -0.066, Avg. Length: 490.1, P0 Avg. Reward: -0.208, P1 Avg. Reward: 0.208
Q table: 
 [[1.97  1.972 2.007 1.951 1.924 1.977]
 [1.954 2.018 1.943 2.    1.953 1.992]
 [1.959 1.969 1.981 1.983 2.03  1.981]
 [1.941 1.973 1.939 1.99  1.921 1.974]
 [1.937 1.953 1.995 1.973 1.976 1.913]
 [1.981 1.962 1.959 1.951 1.883 1.974]]
Nash policies:  [(array([0.   , 0.04 , 0.559, 0.   , 0.   , 0.401]), array([0.685, 0.224, 0.   , 0.   , 0.092, 0.   ]))]
Frame: 5500000, Avg. RL Loss: 0.020, Avg. Q value: 0.005, Avg. Length: 484.3, P0 Avg. Reward: 0.093, P1 Avg. Reward: -0.093
Q table: 
 [[-1.244 -1.225 -1.228 -1.235 -1.244 -1.232]
 [-1.239 -1.23  -1.248 -1.24  -1.222 -1.242]
 [-1.229 -1.248 -1.232 -1.228 -1.228 -1.215]
 [-1.209 -1.251 -1.241 -1.219 -1.257 -1.236]
 [-1.232 -1.268 -1.235 -1.242 -1.212 -1.24 ]
 [-1.244 -1.228 -1.259 -1.246 -1.239 -1.244]]
Nash policies:  [(array([0.383, 0.239, 0.287, 0.092, 0.   , 0.   ]), array([0.363, 0.314, 0.173, 0.   , 0.15 , 0.   ]))]
Frame: 5750000, Avg. RL Loss: 0.021, Avg. Q value: 0.038, Avg. Length: 490.7, P0 Avg. Reward: 0.033, P1 Avg. Reward: -0.033
Q table: 
 [[-0.742 -0.738 -0.747 -0.743 -0.719 -0.733]
 [-0.737 -0.748 -0.731 -0.726 -0.74  -0.73 ]
 [-0.735 -0.739 -0.742 -0.726 -0.721 -0.736]
 [-0.729 -0.728 -0.734 -0.744 -0.723 -0.728]
 [-0.752 -0.736 -0.729 -0.729 -0.738 -0.736]
 [-0.725 -0.732 -0.715 -0.72  -0.733 -0.723]]
Nash policies:  [(array([0.   , 0.   , 0.   , 0.415, 0.   , 0.585]), array([0.   , 0.877, 0.   , 0.123, 0.   , 0.   ]))]
Frame: 6000000, Avg. RL Loss: 0.021, Avg. Q value: 0.092, Avg. Length: 491.4, P0 Avg. Reward: 0.076, P1 Avg. Reward: -0.076
Q table: 
 [[-0.562 -0.559 -0.563 -0.556 -0.546 -0.553]
 [-0.543 -0.554 -0.538 -0.579 -0.568 -0.536]
 [-0.559 -0.571 -0.549 -0.542 -0.585 -0.528]
 [-0.539 -0.569 -0.559 -0.567 -0.551 -0.543]
 [-0.544 -0.56  -0.561 -0.554 -0.553 -0.553]
 [-0.557 -0.557 -0.55  -0.556 -0.544 -0.545]]
Nash policies:  [(array([0.   , 0.034, 0.   , 0.   , 0.009, 0.957]), array([0.155, 0.66 , 0.   , 0.184, 0.   , 0.   ]))]
Frame: 6250000, Avg. RL Loss: 0.021, Avg. Q value: 0.006, Avg. Length: 493.4, P0 Avg. Reward: -0.089, P1 Avg. Reward: 0.089
Q table: 
 [[0.78  0.783 0.788 0.807 0.789 0.779]
 [0.802 0.799 0.8   0.804 0.77  0.79 ]
 [0.777 0.798 0.802 0.793 0.788 0.778]
 [0.778 0.801 0.791 0.803 0.779 0.8  ]
 [0.809 0.79  0.786 0.779 0.794 0.785]
 [0.774 0.783 0.796 0.804 0.813 0.788]]
Nash policies:  [(array([0.   , 0.105, 0.   , 0.31 , 0.364, 0.221]), array([0.18 , 0.   , 0.197, 0.   , 0.156, 0.467]))]
Frame: 6500000, Avg. RL Loss: 0.021, Avg. Q value: 0.002, Avg. Length: 489.5, P0 Avg. Reward: -0.031, P1 Avg. Reward: 0.031
Q table: 
 [[1.538 1.535 1.569 1.537 1.543 1.579]
 [1.588 1.536 1.546 1.553 1.579 1.534]
 [1.519 1.535 1.583 1.535 1.552 1.559]
 [1.563 1.573 1.563 1.555 1.576 1.535]
 [1.589 1.537 1.543 1.536 1.548 1.527]
 [1.573 1.57  1.547 1.561 1.564 1.527]]
Nash policies:  [(array([0.453, 0.   , 0.   , 0.   , 0.   , 0.547]), array([0.   , 0.   , 0.   , 0.681, 0.   , 0.319]))]
Frame: 6750000, Avg. RL Loss: 0.020, Avg. Q value: -0.062, Avg. Length: 490.3, P0 Avg. Reward: -0.294, P1 Avg. Reward: 0.294
Q table: 
 [[-1.386 -1.399 -1.376 -1.382 -1.385 -1.388]
 [-1.381 -1.343 -1.354 -1.37  -1.368 -1.371]
 [-1.37  -1.404 -1.361 -1.419 -1.382 -1.365]
 [-1.428 -1.353 -1.37  -1.382 -1.398 -1.383]
 [-1.38  -1.377 -1.35  -1.398 -1.397 -1.368]
 [-1.358 -1.367 -1.383 -1.359 -1.367 -1.374]]
Nash policies:  [(array([0.   , 0.51 , 0.115, 0.   , 0.   , 0.375]), array([0.075, 0.   , 0.   , 0.109, 0.   , 0.816]))]
Frame: 7000000, Avg. RL Loss: 0.022, Avg. Q value: -0.173, Avg. Length: 496.8, P0 Avg. Reward: -0.109, P1 Avg. Reward: 0.109
Q table: 
 [[0.04  0.027 0.064 0.043 0.043 0.034]
 [0.029 0.05  0.052 0.062 0.027 0.025]
 [0.03  0.067 0.058 0.018 0.046 0.044]
 [0.051 0.045 0.054 0.048 0.013 0.038]
 [0.034 0.051 0.065 0.042 0.053 0.039]
 [0.041 0.046 0.062 0.023 0.066 0.048]]
Nash policies:  [(array([0.   , 0.   , 0.   , 0.381, 0.417, 0.202]), array([0.   , 0.   , 0.   , 0.312, 0.027, 0.662]))]
Frame: 7250000, Avg. RL Loss: 0.021, Avg. Q value: -0.155, Avg. Length: 486.9, P0 Avg. Reward: -0.008, P1 Avg. Reward: 0.008
Q table: 
 [[0.739 0.731 0.724 0.736 0.736 0.727]
 [0.743 0.734 0.727 0.751 0.746 0.733]
 [0.724 0.732 0.747 0.726 0.723 0.731]
 [0.744 0.749 0.763 0.741 0.714 0.737]
 [0.724 0.74  0.731 0.74  0.728 0.725]
 [0.729 0.737 0.732 0.725 0.749 0.725]]
Nash policies:  [(array([0.  , 0.64, 0.  , 0.36, 0.  , 0.  ]), array([0.   , 0.   , 0.   , 0.   , 0.116, 0.884]))]
Frame: 7500000, Avg. RL Loss: 0.020, Avg. Q value: -0.109, Avg. Length: 485.7, P0 Avg. Reward: -0.067, P1 Avg. Reward: 0.067
Q table: 
 [[1.782 1.762 1.736 1.787 1.765 1.789]
 [1.787 1.769 1.776 1.774 1.749 1.732]
 [1.722 1.776 1.808 1.783 1.742 1.713]
 [1.73  1.807 1.766 1.766 1.753 1.787]
 [1.747 1.75  1.775 1.778 1.748 1.75 ]
 [1.786 1.765 1.721 1.751 1.764 1.733]]
Nash policies:  [(array([0.702, 0.   , 0.298, 0.   , 0.   , 0.   ]), array([0.   , 0.   , 0.241, 0.   , 0.759, 0.   ]))]
Frame: 7750000, Avg. RL Loss: 0.022, Avg. Q value: -0.054, Avg. Length: 490.2, P0 Avg. Reward: -0.157, P1 Avg. Reward: 0.157
Q table: 
 [[0.853 0.84  0.847 0.834 0.833 0.857]
 [0.842 0.825 0.848 0.849 0.833 0.803]
 [0.838 0.822 0.835 0.838 0.833 0.86 ]
 [0.817 0.845 0.853 0.819 0.845 0.842]
 [0.863 0.822 0.834 0.835 0.816 0.865]
 [0.818 0.847 0.811 0.847 0.845 0.828]]
Nash policies:  [(array([0.467, 0.139, 0.   , 0.113, 0.   , 0.28 ]), array([0.16 , 0.   , 0.098, 0.137, 0.604, 0.   ]))]
Frame: 8000000, Avg. RL Loss: 0.022, Avg. Q value: 0.011, Avg. Length: 494.2, P0 Avg. Reward: 0.035, P1 Avg. Reward: -0.035
Q table: 
 [[-0.346 -0.363 -0.329 -0.401 -0.357 -0.358]
 [-0.353 -0.388 -0.361 -0.36  -0.34  -0.379]
 [-0.338 -0.358 -0.343 -0.35  -0.362 -0.357]
 [-0.378 -0.357 -0.334 -0.352 -0.352 -0.36 ]
 [-0.359 -0.374 -0.345 -0.362 -0.377 -0.375]
 [-0.372 -0.348 -0.368 -0.377 -0.354 -0.357]]
Nash policies:  [(array([0.   , 0.   , 0.5  , 0.241, 0.   , 0.258]), array([0.   , 0.   , 0.   , 0.067, 0.267, 0.666]))]
Frame: 8250000, Avg. RL Loss: 0.022, Avg. Q value: -0.009, Avg. Length: 493.3, P0 Avg. Reward: -0.063, P1 Avg. Reward: 0.063
Q table: 
 [[-1.733 -1.73  -1.71  -1.684 -1.739 -1.742]
 [-1.739 -1.737 -1.737 -1.736 -1.728 -1.717]
 [-1.795 -1.729 -1.737 -1.748 -1.749 -1.729]
 [-1.755 -1.739 -1.716 -1.719 -1.767 -1.763]
 [-1.709 -1.77  -1.739 -1.752 -1.746 -1.753]
 [-1.739 -1.716 -1.712 -1.757 -1.726 -1.758]]
Nash policies:  [(array([0.458, 0.386, 0.   , 0.   , 0.066, 0.09 ]), array([0.511, 0.265, 0.   , 0.   , 0.087, 0.137]))]
Frame: 8500000, Avg. RL Loss: 0.023, Avg. Q value: -0.075, Avg. Length: 491.8, P0 Avg. Reward: -0.186, P1 Avg. Reward: 0.186
Q table: 
 [[1.685 1.687 1.728 1.713 1.681 1.696]
 [1.695 1.694 1.744 1.707 1.706 1.7  ]
 [1.706 1.716 1.686 1.694 1.701 1.715]
 [1.694 1.719 1.719 1.721 1.749 1.702]
 [1.716 1.689 1.723 1.697 1.68  1.698]
 [1.703 1.726 1.691 1.703 1.676 1.667]]
Nash policies:  [(array([0.   , 0.   , 0.318, 0.369, 0.313, 0.   ]), array([0.408, 0.   , 0.   , 0.325, 0.   , 0.266]))]
Frame: 8750000, Avg. RL Loss: 0.021, Avg. Q value: -0.008, Avg. Length: 480.2, P0 Avg. Reward: -0.117, P1 Avg. Reward: 0.117
Q table: 
 [[1.594 1.63  1.599 1.597 1.611 1.582]
 [1.605 1.634 1.587 1.59  1.602 1.594]
 [1.624 1.629 1.584 1.654 1.591 1.608]
 [1.624 1.6   1.608 1.609 1.598 1.588]
 [1.578 1.595 1.554 1.611 1.594 1.597]
 [1.606 1.616 1.59  1.608 1.604 1.58 ]]
Nash policies:  [(array([0.117, 0.   , 0.448, 0.435, 0.   , 0.   ]), array([0.   , 0.   , 0.234, 0.   , 0.359, 0.406]))]
Frame: 9000000, Avg. RL Loss: 0.021, Avg. Q value: 0.020, Avg. Length: 489.9, P0 Avg. Reward: 0.065, P1 Avg. Reward: -0.065
Q table: 
 [[-0.792 -0.798 -0.803 -0.794 -0.791 -0.803]
 [-0.806 -0.809 -0.788 -0.794 -0.81  -0.792]
 [-0.785 -0.812 -0.807 -0.773 -0.777 -0.781]
 [-0.798 -0.792 -0.791 -0.808 -0.779 -0.789]
 [-0.799 -0.79  -0.795 -0.769 -0.785 -0.795]
 [-0.785 -0.793 -0.8   -0.775 -0.791 -0.796]]
Nash policies:  [(array([0.   , 0.09 , 0.   , 0.515, 0.015, 0.38 ]), array([0.256, 0.047, 0.623, 0.074, 0.   , 0.   ]))]
Frame: 9250000, Avg. RL Loss: 0.020, Avg. Q value: 0.044, Avg. Length: 479.4, P0 Avg. Reward: -0.090, P1 Avg. Reward: 0.090
Q table: 
 [[-0.752 -0.754 -0.764 -0.764 -0.746 -0.739]
 [-0.744 -0.746 -0.762 -0.757 -0.735 -0.76 ]
 [-0.756 -0.744 -0.745 -0.741 -0.725 -0.74 ]
 [-0.745 -0.757 -0.733 -0.754 -0.742 -0.724]
 [-0.746 -0.749 -0.746 -0.739 -0.737 -0.758]
 [-0.759 -0.744 -0.738 -0.757 -0.737 -0.716]]
Nash policies:  [(array([0.   , 0.271, 0.051, 0.095, 0.429, 0.154]), array([0.395, 0.397, 0.04 , 0.076, 0.   , 0.093]))]
Frame: 9500000, Avg. RL Loss: 0.021, Avg. Q value: 0.003, Avg. Length: 487.1, P0 Avg. Reward: 0.083, P1 Avg. Reward: -0.083
Q table: 
 [[-1.404 -1.422 -1.402 -1.411 -1.391 -1.394]
 [-1.373 -1.416 -1.399 -1.386 -1.373 -1.375]
 [-1.4   -1.383 -1.381 -1.392 -1.368 -1.397]
 [-1.375 -1.407 -1.392 -1.405 -1.396 -1.38 ]
 [-1.38  -1.394 -1.413 -1.419 -1.393 -1.382]
 [-1.404 -1.402 -1.417 -1.39  -1.38  -1.371]]
Nash policies:  [(array([0.   , 0.255, 0.684, 0.   , 0.06 , 0.   ]), array([0.44 , 0.392, 0.   , 0.169, 0.   , 0.   ]))]
Frame: 9750000, Avg. RL Loss: 0.023, Avg. Q value: -0.051, Avg. Length: 483.6, P0 Avg. Reward: -0.029, P1 Avg. Reward: 0.029
Q table: 
 [[-0.966 -0.965 -0.956 -0.97  -0.994 -1.002]
 [-1.006 -0.977 -0.993 -0.985 -0.972 -0.973]
 [-0.97  -0.981 -1.017 -0.978 -0.968 -0.961]
 [-0.995 -0.97  -0.983 -0.986 -0.973 -0.977]
 [-0.976 -0.977 -0.972 -0.959 -0.997 -0.953]
 [-0.972 -0.981 -0.975 -0.986 -0.955 -0.978]]
Nash policies:  [(array([0.203, 0.   , 0.   , 0.087, 0.27 , 0.44 ]), array([0.   , 0.414, 0.   , 0.279, 0.256, 0.052]))]
Frame: 10000000, Avg. RL Loss: 0.024, Avg. Q value: -0.089, Avg. Length: 488.2, P0 Avg. Reward: -0.031, P1 Avg. Reward: 0.031
Q table: 
 [[0.096 0.098 0.115 0.1   0.108 0.093]
 [0.096 0.096 0.084 0.088 0.093 0.093]
 [0.109 0.097 0.093 0.11  0.116 0.097]
 [0.098 0.11  0.113 0.102 0.098 0.11 ]
 [0.101 0.107 0.124 0.098 0.109 0.093]
 [0.121 0.115 0.101 0.097 0.115 0.111]]
Nash policies:  [(array([0.   , 0.   , 0.373, 0.489, 0.031, 0.107]), array([0.222, 0.   , 0.252, 0.446, 0.   , 0.079]))]
Frame: 10250000, Avg. RL Loss: 0.023, Avg. Q value: 0.059, Avg. Length: 505.0, P0 Avg. Reward: 0.057, P1 Avg. Reward: -0.057
Q table: 
 [[-1.704 -1.687 -1.752 -1.703 -1.698 -1.703]
 [-1.725 -1.706 -1.719 -1.727 -1.708 -1.66 ]
 [-1.734 -1.685 -1.75  -1.723 -1.712 -1.7  ]
 [-1.719 -1.705 -1.74  -1.711 -1.738 -1.726]
 [-1.712 -1.696 -1.704 -1.704 -1.72  -1.704]
 [-1.734 -1.703 -1.727 -1.698 -1.695 -1.714]]
Nash policies:  [(array([0.153, 0.   , 0.   , 0.   , 0.729, 0.118]), array([0.268, 0.   , 0.262, 0.   , 0.47 , 0.   ]))]
Frame: 10500000, Avg. RL Loss: 0.024, Avg. Q value: 0.002, Avg. Length: 492.3, P0 Avg. Reward: -0.171, P1 Avg. Reward: 0.171
Q table: 
 [[1.833 1.865 1.872 1.799 1.806 1.823]
 [1.783 1.818 1.886 1.84  1.844 1.835]
 [1.832 1.818 1.883 1.813 1.832 1.846]
 [1.832 1.794 1.855 1.827 1.807 1.861]
 [1.837 1.776 1.829 1.859 1.865 1.819]
 [1.799 1.838 1.851 1.851 1.903 1.832]]
Nash policies:  [(array([0.439, 0.   , 0.   , 0.108, 0.273, 0.18 ]), array([0.331, 0.205, 0.   , 0.291, 0.   , 0.173]))]
Frame: 10750000, Avg. RL Loss: 0.023, Avg. Q value: -0.007, Avg. Length: 490.8, P0 Avg. Reward: -0.029, P1 Avg. Reward: 0.029
Q table: 
 [[-1.466 -1.45  -1.444 -1.454 -1.463 -1.455]
 [-1.445 -1.426 -1.439 -1.45  -1.449 -1.445]
 [-1.457 -1.411 -1.452 -1.436 -1.449 -1.453]
 [-1.446 -1.443 -1.444 -1.474 -1.455 -1.467]
 [-1.465 -1.449 -1.445 -1.462 -1.469 -1.475]
 [-1.464 -1.421 -1.443 -1.442 -1.465 -1.457]]
Nash policies:  [(array([0.   , 0.891, 0.109, 0.   , 0.   , 0.   ]), array([0.   , 0.   , 0.   , 0.052, 0.948, 0.   ]))]
Frame: 11000000, Avg. RL Loss: 0.022, Avg. Q value: 0.024, Avg. Length: 489.5, P0 Avg. Reward: -0.016, P1 Avg. Reward: 0.016
Q table: 
 [[1.715 1.761 1.769 1.714 1.699 1.737]
 [1.773 1.746 1.75  1.746 1.758 1.752]
 [1.725 1.746 1.777 1.728 1.726 1.747]
 [1.744 1.763 1.751 1.764 1.755 1.725]
 [1.734 1.72  1.716 1.709 1.745 1.718]
 [1.751 1.751 1.724 1.762 1.74  1.749]]
Nash policies:  [(array([0.025, 0.794, 0.   , 0.115, 0.   , 0.067]), array([0.   , 0.444, 0.109, 0.1  , 0.   , 0.347]))]
Frame: 11250000, Avg. RL Loss: 0.022, Avg. Q value: -0.067, Avg. Length: 477.7, P0 Avg. Reward: -0.114, P1 Avg. Reward: 0.114
Q table: 
 [[0.969 0.95  0.947 0.966 0.95  0.955]
 [0.949 0.953 0.968 0.944 0.962 0.958]
 [0.96  0.967 0.965 0.953 0.95  0.949]
 [0.972 0.96  0.949 0.942 0.947 0.946]
 [0.955 0.947 0.928 0.945 0.946 0.937]
 [0.962 0.941 0.939 0.958 0.954 0.952]]
Nash policies:  [(array([0.404, 0.379, 0.217, 0.   , 0.   , 0.   ]), array([0.   , 0.291, 0.   , 0.133, 0.   , 0.576]))]
Frame: 11500000, Avg. RL Loss: 0.021, Avg. Q value: -0.048, Avg. Length: 479.4, P0 Avg. Reward: 0.127, P1 Avg. Reward: -0.127
Q table: 
 [[0.77  0.748 0.745 0.789 0.758 0.76 ]
 [0.743 0.764 0.748 0.757 0.771 0.756]
 [0.768 0.767 0.752 0.767 0.774 0.754]
 [0.741 0.767 0.738 0.786 0.751 0.75 ]
 [0.766 0.74  0.753 0.755 0.754 0.768]
 [0.758 0.733 0.757 0.772 0.747 0.766]]
Nash policies:  [(array([0.   , 0.   , 0.621, 0.   , 0.   , 0.379]), array([0.   , 0.123, 0.877, 0.   , 0.   , 0.   ]))]
Frame: 11750000, Avg. RL Loss: 0.021, Avg. Q value: 0.016, Avg. Length: 477.7, P0 Avg. Reward: 0.099, P1 Avg. Reward: -0.099
Q table: 
 [[1.64  1.601 1.62  1.614 1.619 1.622]
 [1.653 1.591 1.618 1.584 1.623 1.624]
 [1.637 1.63  1.634 1.599 1.623 1.587]
 [1.652 1.632 1.622 1.614 1.624 1.663]
 [1.645 1.626 1.625 1.623 1.629 1.634]
 [1.627 1.631 1.657 1.61  1.657 1.642]]
Nash policies:  [(array([0., 0., 0., 0., 1., 0.]), array([0., 0., 0., 1., 0., 0.]))]
Frame: 12000000, Avg. RL Loss: 0.022, Avg. Q value: -0.021, Avg. Length: 492.4, P0 Avg. Reward: -0.135, P1 Avg. Reward: 0.135
Q table: 
 [[1.1   1.087 1.1   1.107 1.093 1.097]
 [1.108 1.112 1.099 1.109 1.116 1.116]
 [1.106 1.1   1.107 1.097 1.101 1.095]
 [1.105 1.117 1.116 1.106 1.097 1.097]
 [1.118 1.102 1.085 1.108 1.114 1.089]
 [1.132 1.109 1.11  1.105 1.1   1.106]]
Nash policies:  [(array([0.   , 0.535, 0.   , 0.46 , 0.   , 0.006]), array([0.062, 0.   , 0.49 , 0.   , 0.448, 0.   ]))]
Frame: 12250000, Avg. RL Loss: 0.022, Avg. Q value: 0.028, Avg. Length: 486.6, P0 Avg. Reward: -0.212, P1 Avg. Reward: 0.212
Q table: 
 [[-1.578 -1.623 -1.639 -1.651 -1.552 -1.559]
 [-1.604 -1.598 -1.577 -1.574 -1.551 -1.554]
 [-1.543 -1.537 -1.63  -1.568 -1.565 -1.565]
 [-1.555 -1.583 -1.634 -1.561 -1.586 -1.582]
 [-1.583 -1.552 -1.57  -1.573 -1.582 -1.534]
 [-1.603 -1.609 -1.6   -1.593 -1.564 -1.562]]
Nash policies:  [(array([0.   , 0.033, 0.135, 0.   , 0.833, 0.   ]), array([0.355, 0.   , 0.327, 0.   , 0.318, 0.   ]))]
Frame: 12500000, Avg. RL Loss: 0.020, Avg. Q value: -0.016, Avg. Length: 486.0, P0 Avg. Reward: 0.099, P1 Avg. Reward: -0.099
Q table: 
 [[-1.716 -1.701 -1.709 -1.704 -1.721 -1.694]
 [-1.687 -1.672 -1.684 -1.676 -1.716 -1.705]
 [-1.663 -1.642 -1.647 -1.66  -1.682 -1.691]
 [-1.679 -1.661 -1.676 -1.677 -1.694 -1.698]
 [-1.678 -1.667 -1.687 -1.672 -1.711 -1.682]
 [-1.687 -1.654 -1.624 -1.684 -1.716 -1.697]]
Nash policies:  [(array([0.   , 0.   , 0.765, 0.   , 0.235, 0.   ]), array([0.   , 0.   , 0.   , 0.   , 0.234, 0.766]))]
Frame: 12750000, Avg. RL Loss: 0.022, Avg. Q value: -0.044, Avg. Length: 492.1, P0 Avg. Reward: -0.188, P1 Avg. Reward: 0.188
Q table: 
 [[1.073 1.065 1.05  1.054 1.053 1.06 ]
 [1.058 1.062 1.057 1.053 1.074 1.056]
 [1.046 1.071 1.064 1.025 1.057 1.047]
 [1.047 1.051 1.065 1.064 1.068 1.06 ]
 [1.047 1.051 1.06  1.055 1.039 1.064]
 [1.08  1.058 1.083 1.083 1.064 1.065]]
Nash policies:  [(array([0.421, 0.175, 0.   , 0.   , 0.   , 0.405]), array([0.   , 0.481, 0.   , 0.   , 0.138, 0.381]))]
Frame: 13000000, Avg. RL Loss: 0.022, Avg. Q value: -0.017, Avg. Length: 490.3, P0 Avg. Reward: -0.050, P1 Avg. Reward: 0.050
Q table: 
 [[-1.509 -1.503 -1.519 -1.525 -1.514 -1.523]
 [-1.528 -1.495 -1.505 -1.518 -1.527 -1.507]
 [-1.547 -1.471 -1.494 -1.525 -1.499 -1.52 ]
 [-1.508 -1.513 -1.51  -1.509 -1.522 -1.512]
 [-1.51  -1.471 -1.526 -1.528 -1.517 -1.516]
 [-1.522 -1.467 -1.477 -1.531 -1.521 -1.542]]
Nash policies:  [(array([0.216, 0.   , 0.197, 0.569, 0.017, 0.   ]), array([0.209, 0.   , 0.   , 0.075, 0.478, 0.238]))]
Frame: 13250000, Avg. RL Loss: 0.021, Avg. Q value: 0.007, Avg. Length: 493.1, P0 Avg. Reward: -0.024, P1 Avg. Reward: 0.024
Q table: 
 [[1.413 1.434 1.411 1.389 1.423 1.426]
 [1.387 1.412 1.415 1.413 1.397 1.407]
 [1.409 1.408 1.407 1.407 1.438 1.407]
 [1.389 1.374 1.414 1.4   1.406 1.382]
 [1.409 1.403 1.397 1.42  1.399 1.388]
 [1.39  1.407 1.425 1.408 1.402 1.397]]
Nash policies:  [(array([0.   , 0.055, 0.942, 0.   , 0.003, 0.   ]), array([0.127, 0.   , 0.   , 0.523, 0.   , 0.35 ]))]
Frame: 13500000, Avg. RL Loss: 0.021, Avg. Q value: 0.034, Avg. Length: 491.5, P0 Avg. Reward: -0.071, P1 Avg. Reward: 0.071
Q table: 
 [[1.553 1.553 1.553 1.566 1.584 1.575]
 [1.549 1.592 1.586 1.563 1.553 1.57 ]
 [1.555 1.565 1.554 1.565 1.587 1.56 ]
 [1.563 1.587 1.546 1.533 1.557 1.578]
 [1.559 1.562 1.563 1.573 1.57  1.569]
 [1.592 1.574 1.58  1.572 1.558 1.575]]
Nash policies:  [(array([0.046, 0.   , 0.34 , 0.   , 0.017, 0.597]), array([0.   , 0.   , 0.233, 0.4  , 0.325, 0.041]))]
Frame: 13750000, Avg. RL Loss: 0.020, Avg. Q value: -0.004, Avg. Length: 492.7, P0 Avg. Reward: -0.032, P1 Avg. Reward: 0.032
Q table: 
 [[1.43  1.463 1.447 1.447 1.46  1.419]
 [1.458 1.444 1.482 1.448 1.425 1.458]
 [1.439 1.459 1.446 1.461 1.453 1.463]
 [1.479 1.455 1.387 1.435 1.489 1.466]
 [1.42  1.493 1.453 1.441 1.458 1.457]
 [1.444 1.451 1.426 1.432 1.423 1.467]]
Nash policies:  [(array([0.195, 0.351, 0.305, 0.15 , 0.   , 0.   ]), array([0.153, 0.   , 0.292, 0.145, 0.41 , 0.   ]))]
Frame: 14000000, Avg. RL Loss: 0.021, Avg. Q value: -0.020, Avg. Length: 485.1, P0 Avg. Reward: -0.064, P1 Avg. Reward: 0.064
Q table: 
 [[-0.866 -0.873 -0.847 -0.876 -0.88  -0.863]
 [-0.87  -0.86  -0.863 -0.857 -0.878 -0.866]
 [-0.868 -0.871 -0.868 -0.873 -0.882 -0.86 ]
 [-0.871 -0.858 -0.86  -0.898 -0.863 -0.87 ]
 [-0.881 -0.86  -0.871 -0.873 -0.884 -0.891]
 [-0.875 -0.87  -0.872 -0.873 -0.871 -0.87 ]]
Nash policies:  [(array([0.   , 0.419, 0.   , 0.23 , 0.   , 0.351]), array([0.175, 0.   , 0.   , 0.211, 0.614, 0.   ]))]
Frame: 14250000, Avg. RL Loss: 0.023, Avg. Q value: -0.179, Avg. Length: 497.7, P0 Avg. Reward: -0.018, P1 Avg. Reward: 0.018
Q table: 
 [[-0.964 -0.953 -0.968 -0.944 -0.963 -0.948]
 [-0.937 -0.938 -0.954 -0.944 -0.974 -0.967]
 [-0.941 -0.941 -0.939 -0.95  -0.952 -0.952]
 [-0.957 -0.945 -0.978 -0.945 -0.962 -0.967]
 [-0.952 -0.958 -0.939 -0.953 -0.946 -0.969]
 [-0.977 -0.948 -0.955 -0.951 -0.95  -0.962]]
Nash policies:  [(array([0.   , 0.   , 0.973, 0.   , 0.027, 0.   ]), array([0.   , 0.   , 0.   , 0.   , 0.722, 0.278]))]
Frame: 14500000, Avg. RL Loss: 0.023, Avg. Q value: -0.237, Avg. Length: 502.1, P0 Avg. Reward: -0.077, P1 Avg. Reward: 0.077
Q table: 
 [[-1.771 -1.74  -1.738 -1.709 -1.698 -1.751]
 [-1.775 -1.73  -1.744 -1.751 -1.713 -1.741]
 [-1.726 -1.742 -1.75  -1.75  -1.725 -1.749]
 [-1.783 -1.709 -1.751 -1.772 -1.747 -1.73 ]
 [-1.716 -1.743 -1.761 -1.74  -1.738 -1.744]
 [-1.747 -1.751 -1.761 -1.761 -1.764 -1.71 ]]
Nash policies:  [(array([0.4  , 0.   , 0.503, 0.   , 0.   , 0.098]), array([0.153, 0.   , 0.596, 0.   , 0.   , 0.25 ]))]
Frame: 14750000, Avg. RL Loss: 0.024, Avg. Q value: -0.152, Avg. Length: 485.8, P0 Avg. Reward: 0.146, P1 Avg. Reward: -0.146
Q table: 
 [[1.099 1.101 1.115 1.096 1.09  1.085]
 [1.092 1.089 1.082 1.106 1.121 1.097]
 [1.08  1.084 1.088 1.087 1.105 1.089]
 [1.085 1.112 1.105 1.11  1.091 1.12 ]
 [1.115 1.112 1.115 1.109 1.107 1.118]
 [1.124 1.103 1.107 1.099 1.105 1.122]]
Nash policies:  [(array([0.   , 0.127, 0.   , 0.   , 0.873, 0.   ]), array([0.   , 0.   , 0.   , 0.835, 0.165, 0.   ]))]
Frame: 15000000, Avg. RL Loss: 0.024, Avg. Q value: -0.095, Avg. Length: 484.9, P0 Avg. Reward: 0.140, P1 Avg. Reward: -0.140
Q table: 
 [[-1.46  -1.454 -1.436 -1.447 -1.46  -1.466]
 [-1.467 -1.456 -1.463 -1.463 -1.477 -1.453]
 [-1.443 -1.45  -1.446 -1.446 -1.446 -1.447]
 [-1.451 -1.458 -1.445 -1.44  -1.484 -1.471]
 [-1.453 -1.478 -1.459 -1.462 -1.435 -1.475]
 [-1.457 -1.446 -1.446 -1.449 -1.437 -1.44 ]]
Nash policies:  [(array([0.   , 0.   , 0.621, 0.   , 0.   , 0.379]), array([0.197, 0.803, 0.   , 0.   , 0.   , 0.   ]))]
Frame: 15250000, Avg. RL Loss: 0.022, Avg. Q value: -0.132, Avg. Length: 500.3, P0 Avg. Reward: 0.034, P1 Avg. Reward: -0.034
Q table: 
 [[0.728 0.733 0.733 0.723 0.719 0.72 ]
 [0.733 0.732 0.734 0.731 0.725 0.734]
 [0.716 0.75  0.722 0.726 0.715 0.731]
 [0.723 0.713 0.729 0.725 0.72  0.71 ]
 [0.721 0.722 0.728 0.724 0.719 0.716]
 [0.735 0.725 0.727 0.736 0.745 0.72 ]]
Nash policies:  [(array([0.   , 0.716, 0.009, 0.   , 0.   , 0.275]), array([0.   , 0.288, 0.   , 0.   , 0.369, 0.343]))]
Frame: 15500000, Avg. RL Loss: 0.022, Avg. Q value: -0.104, Avg. Length: 486.9, P0 Avg. Reward: 0.025, P1 Avg. Reward: -0.025
Q table: 
 [[-0.857 -0.856 -0.842 -0.851 -0.858 -0.858]
 [-0.857 -0.832 -0.857 -0.851 -0.871 -0.86 ]
 [-0.858 -0.849 -0.843 -0.847 -0.849 -0.846]
 [-0.868 -0.83  -0.847 -0.83  -0.861 -0.849]
 [-0.837 -0.848 -0.847 -0.864 -0.852 -0.855]
 [-0.852 -0.84  -0.831 -0.834 -0.841 -0.873]]
Nash policies:  [(array([0.   , 0.   , 0.457, 0.118, 0.371, 0.054]), array([0.38 , 0.   , 0.   , 0.314, 0.062, 0.244]))]
Frame: 15750000, Avg. RL Loss: 0.021, Avg. Q value: -0.070, Avg. Length: 493.4, P0 Avg. Reward: 0.038, P1 Avg. Reward: -0.038
Q table: 
 [[-0.819 -0.806 -0.83  -0.824 -0.801 -0.798]
 [-0.831 -0.841 -0.841 -0.832 -0.815 -0.8  ]
 [-0.782 -0.806 -0.818 -0.815 -0.798 -0.81 ]
 [-0.819 -0.818 -0.835 -0.803 -0.814 -0.813]
 [-0.807 -0.815 -0.818 -0.817 -0.805 -0.813]
 [-0.834 -0.822 -0.818 -0.803 -0.806 -0.786]]
Nash policies:  [(array([0.  , 0.  , 0.32, 0.  , 0.  , 0.68]), array([0.001, 0.   , 0.999, 0.   , 0.   , 0.   ]))]
Frame: 16000000, Avg. RL Loss: 0.021, Avg. Q value: -0.027, Avg. Length: 489.6, P0 Avg. Reward: 0.035, P1 Avg. Reward: -0.035
Q table: 
 [[-1.098 -1.082 -1.091 -1.073 -1.088 -1.088]
 [-1.1   -1.066 -1.09  -1.065 -1.104 -1.103]
 [-1.08  -1.08  -1.065 -1.075 -1.112 -1.088]
 [-1.076 -1.072 -1.025 -1.063 -1.09  -1.102]
 [-1.097 -1.075 -1.033 -1.081 -1.099 -1.095]
 [-1.082 -1.055 -1.057 -1.081 -1.102 -1.12 ]]
Nash policies:  [(array([0.658, 0.   , 0.12 , 0.222, 0.   , 0.   ]), array([0.315, 0.   , 0.   , 0.   , 0.24 , 0.445]))]
Frame: 16250000, Avg. RL Loss: 0.021, Avg. Q value: 0.018, Avg. Length: 492.6, P0 Avg. Reward: 0.098, P1 Avg. Reward: -0.098
Q table: 
 [[-0.86  -0.875 -0.868 -0.86  -0.872 -0.863]
 [-0.862 -0.869 -0.864 -0.884 -0.859 -0.865]
 [-0.879 -0.877 -0.879 -0.856 -0.868 -0.861]
 [-0.862 -0.875 -0.859 -0.871 -0.854 -0.869]
 [-0.864 -0.861 -0.864 -0.862 -0.856 -0.859]
 [-0.871 -0.867 -0.875 -0.861 -0.869 -0.858]]
Nash policies:  [(array([0.054, 0.042, 0.   , 0.098, 0.806, 0.   ]), array([0.626, 0.146, 0.195, 0.034, 0.   , 0.   ]))]
Frame: 16500000, Avg. RL Loss: 0.022, Avg. Q value: 0.011, Avg. Length: 485.2, P0 Avg. Reward: 0.085, P1 Avg. Reward: -0.085
Q table: 
 [[1.131 1.119 1.128 1.124 1.137 1.135]
 [1.105 1.139 1.123 1.13  1.126 1.135]
 [1.13  1.142 1.119 1.134 1.145 1.135]
 [1.136 1.129 1.137 1.135 1.118 1.13 ]
 [1.123 1.131 1.15  1.116 1.15  1.13 ]
 [1.124 1.122 1.125 1.126 1.138 1.135]]
Nash policies:  [(array([0.061, 0.   , 0.34 , 0.481, 0.118, 0.   ]), array([0.   , 0.   , 0.195, 0.19 , 0.041, 0.574]))]
Frame: 16750000, Avg. RL Loss: 0.022, Avg. Q value: -0.070, Avg. Length: 482.7, P0 Avg. Reward: -0.087, P1 Avg. Reward: 0.087
Q table: 
 [[-1.406 -1.409 -1.425 -1.446 -1.45  -1.431]
 [-1.421 -1.383 -1.427 -1.429 -1.468 -1.435]
 [-1.428 -1.409 -1.39  -1.434 -1.436 -1.433]
 [-1.429 -1.393 -1.417 -1.435 -1.426 -1.426]
 [-1.421 -1.389 -1.403 -1.421 -1.433 -1.422]
 [-1.415 -1.408 -1.411 -1.427 -1.437 -1.464]]
Nash policies:  [(array([0.   , 0.   , 0.   , 0.581, 0.419, 0.   ]), array([0.   , 0.   , 0.   , 0.352, 0.648, 0.   ]))]
Frame: 17000000, Avg. RL Loss: 0.022, Avg. Q value: -0.093, Avg. Length: 485.3, P0 Avg. Reward: 0.040, P1 Avg. Reward: -0.040
Q table: 
 [[0.851 0.852 0.826 0.846 0.851 0.882]
 [0.839 0.837 0.861 0.863 0.845 0.826]
 [0.857 0.837 0.84  0.864 0.855 0.851]
 [0.848 0.853 0.856 0.861 0.839 0.863]
 [0.869 0.854 0.858 0.861 0.85  0.837]
 [0.864 0.863 0.861 0.858 0.876 0.854]]
Nash policies:  [(array([0.039, 0.   , 0.   , 0.314, 0.   , 0.647]), array([0.177, 0.   , 0.32 , 0.   , 0.   , 0.503]))]
Frame: 17250000, Avg. RL Loss: 0.024, Avg. Q value: -0.064, Avg. Length: 498.4, P0 Avg. Reward: 0.004, P1 Avg. Reward: -0.004
Q table: 
 [[0.124 0.129 0.155 0.152 0.16  0.221]
 [0.126 0.176 0.124 0.132 0.116 0.107]
 [0.186 0.196 0.189 0.146 0.247 0.223]
 [0.121 0.206 0.208 0.162 0.166 0.186]
 [0.151 0.139 0.192 0.184 0.166 0.111]
 [0.131 0.132 0.162 0.124 0.149 0.201]]
Nash policies:  [(array([0.026, 0.   , 0.449, 0.016, 0.509, 0.   ]), array([0.056, 0.007, 0.   , 0.716, 0.   , 0.221]))]
Frame: 17500000, Avg. RL Loss: 0.022, Avg. Q value: -0.032, Avg. Length: 489.1, P0 Avg. Reward: -0.014, P1 Avg. Reward: 0.014
Q table: 
 [[1.299 1.307 1.267 1.303 1.309 1.289]
 [1.31  1.296 1.332 1.292 1.301 1.278]
 [1.305 1.323 1.307 1.304 1.312 1.293]
 [1.292 1.301 1.298 1.317 1.291 1.308]
 [1.322 1.278 1.301 1.285 1.296 1.276]
 [1.297 1.305 1.27  1.274 1.301 1.302]]
Nash policies:  [(array([0.   , 0.   , 0.389, 0.533, 0.078, 0.   ]), array([0.485, 0.   , 0.   , 0.   , 0.05 , 0.464]))]
Frame: 17750000, Avg. RL Loss: 0.021, Avg. Q value: -0.079, Avg. Length: 492.1, P0 Avg. Reward: -0.049, P1 Avg. Reward: 0.049
Q table: 
 [[-1.183 -1.16  -1.187 -1.189 -1.196 -1.202]
 [-1.172 -1.139 -1.171 -1.163 -1.203 -1.206]
 [-1.197 -1.188 -1.156 -1.205 -1.182 -1.184]
 [-1.188 -1.155 -1.142 -1.184 -1.191 -1.169]
 [-1.192 -1.151 -1.171 -1.189 -1.187 -1.182]
 [-1.168 -1.18  -1.162 -1.181 -1.187 -1.188]]
Nash policies:  [(array([0.   , 0.   , 0.225, 0.05 , 0.   , 0.725]), array([0.   , 0.   , 0.   , 0.174, 0.667, 0.159]))]
Frame: 18000000, Avg. RL Loss: 0.020, Avg. Q value: -0.135, Avg. Length: 483.2, P0 Avg. Reward: -0.144, P1 Avg. Reward: 0.144
Q table: 
 [[-1.483 -1.488 -1.474 -1.47  -1.496 -1.488]
 [-1.465 -1.479 -1.47  -1.479 -1.468 -1.486]
 [-1.488 -1.464 -1.463 -1.463 -1.469 -1.475]
 [-1.481 -1.484 -1.457 -1.469 -1.503 -1.481]
 [-1.477 -1.504 -1.49  -1.481 -1.468 -1.493]
 [-1.499 -1.476 -1.489 -1.49  -1.488 -1.495]]
Nash policies:  [(array([0.   , 0.384, 0.616, 0.   , 0.   , 0.   ]), array([0.33, 0.  , 0.  , 0.  , 0.  , 0.67]))]
Frame: 18250000, Avg. RL Loss: 0.021, Avg. Q value: -0.061, Avg. Length: 486.9, P0 Avg. Reward: 0.173, P1 Avg. Reward: -0.173
Q table: 
 [[1.332 1.281 1.3   1.326 1.314 1.328]
 [1.297 1.369 1.316 1.316 1.329 1.319]
 [1.29  1.348 1.315 1.296 1.309 1.319]
 [1.303 1.313 1.318 1.323 1.295 1.315]
 [1.308 1.288 1.304 1.277 1.288 1.282]
 [1.305 1.307 1.306 1.29  1.293 1.305]]
Nash policies:  [(array([0.342, 0.287, 0.   , 0.371, 0.   , 0.   ]), array([0.321, 0.   , 0.599, 0.   , 0.079, 0.   ]))]
Frame: 18500000, Avg. RL Loss: 0.020, Avg. Q value: -0.041, Avg. Length: 489.6, P0 Avg. Reward: 0.020, P1 Avg. Reward: -0.020
Q table: 
 [[-0.736 -0.751 -0.751 -0.735 -0.736 -0.729]
 [-0.742 -0.736 -0.748 -0.719 -0.732 -0.748]
 [-0.736 -0.749 -0.732 -0.731 -0.728 -0.728]
 [-0.746 -0.736 -0.743 -0.727 -0.725 -0.739]
 [-0.741 -0.741 -0.734 -0.738 -0.738 -0.746]
 [-0.748 -0.74  -0.74  -0.729 -0.74  -0.73 ]]
Nash policies:  [(array([0.   , 0.435, 0.295, 0.134, 0.136, 0.   ]), array([0.372, 0.442, 0.112, 0.   , 0.   , 0.074]))]
Frame: 18750000, Avg. RL Loss: 0.020, Avg. Q value: 0.110, Avg. Length: 485.3, P0 Avg. Reward: 0.103, P1 Avg. Reward: -0.103
Q table: 
 [[0.729 0.72  0.732 0.749 0.758 0.762]
 [0.74  0.758 0.73  0.74  0.744 0.739]
 [0.744 0.756 0.745 0.728 0.737 0.741]
 [0.779 0.747 0.752 0.73  0.751 0.745]
 [0.746 0.747 0.727 0.732 0.754 0.724]
 [0.747 0.743 0.725 0.741 0.767 0.739]]
Nash policies:  [(array([0.383, 0.224, 0.   , 0.393, 0.   , 0.   ]), array([0.   , 0.134, 0.323, 0.543, 0.   , 0.   ]))]
Frame: 19000000, Avg. RL Loss: 0.021, Avg. Q value: 0.057, Avg. Length: 502.1, P0 Avg. Reward: -0.084, P1 Avg. Reward: 0.084
Q table: 
 [[-1.13  -1.119 -1.137 -1.135 -1.144 -1.146]
 [-1.134 -1.126 -1.142 -1.125 -1.141 -1.14 ]
 [-1.142 -1.118 -1.125 -1.124 -1.152 -1.132]
 [-1.135 -1.097 -1.146 -1.152 -1.151 -1.152]
 [-1.132 -1.138 -1.133 -1.152 -1.142 -1.144]
 [-1.13  -1.117 -1.111 -1.137 -1.142 -1.139]]
Nash policies:  [(array([0.   , 0.954, 0.   , 0.   , 0.   , 0.046]), array([0.   , 0.   , 0.047, 0.   , 0.953, 0.   ]))]
Frame: 19250000, Avg. RL Loss: 0.020, Avg. Q value: -0.028, Avg. Length: 498.5, P0 Avg. Reward: 0.158, P1 Avg. Reward: -0.158
Q table: 
 [[-1.786 -1.777 -1.775 -1.802 -1.797 -1.782]
 [-1.774 -1.84  -1.8   -1.791 -1.93  -1.809]
 [-1.752 -1.759 -1.818 -1.804 -1.817 -1.791]
 [-1.818 -1.738 -1.818 -1.797 -1.803 -1.779]
 [-1.809 -1.799 -1.783 -1.818 -1.8   -1.803]
 [-1.833 -1.772 -1.771 -1.797 -1.813 -1.791]]
Nash policies:  [(array([0.58 , 0.   , 0.001, 0.419, 0.   , 0.   ]), array([0.113, 0.   , 0.   , 0.795, 0.092, 0.   ]))]
Frame: 19500000, Avg. RL Loss: 0.020, Avg. Q value: -0.018, Avg. Length: 508.3, P0 Avg. Reward: 0.014, P1 Avg. Reward: -0.014
Q table: 
 [[1.664 1.626 1.659 1.655 1.626 1.672]
 [1.643 1.636 1.62  1.622 1.646 1.622]
 [1.599 1.625 1.629 1.618 1.632 1.624]
 [1.654 1.626 1.643 1.685 1.615 1.61 ]
 [1.63  1.613 1.616 1.629 1.599 1.644]
 [1.626 1.652 1.61  1.611 1.627 1.643]]
Nash policies:  [(array([0.414, 0.417, 0.   , 0.011, 0.   , 0.158]), array([0.   , 0.478, 0.112, 0.161, 0.249, 0.   ]))]
Frame: 19750000, Avg. RL Loss: 0.021, Avg. Q value: 0.037, Avg. Length: 486.2, P0 Avg. Reward: 0.099, P1 Avg. Reward: -0.099
Q table: 
 [[-1.497 -1.486 -1.476 -1.491 -1.504 -1.526]
 [-1.509 -1.49  -1.461 -1.511 -1.485 -1.514]
 [-1.509 -1.504 -1.499 -1.469 -1.459 -1.504]
 [-1.493 -1.486 -1.548 -1.515 -1.447 -1.44 ]
 [-1.515 -1.502 -1.512 -1.482 -1.454 -1.474]
 [-1.494 -1.478 -1.492 -1.496 -1.5   -1.508]]
Nash policies:  [(array([0.   , 0.082, 0.   , 0.1  , 0.119, 0.698]), array([0.281, 0.   , 0.279, 0.166, 0.   , 0.275]))]
Frame: 20000000, Avg. RL Loss: 0.019, Avg. Q value: -0.055, Avg. Length: 496.3, P0 Avg. Reward: -0.093, P1 Avg. Reward: 0.093
Q table: 
 [[-1.379 -1.323 -1.346 -1.352 -1.325 -1.358]
 [-1.36  -1.329 -1.338 -1.343 -1.34  -1.353]
 [-1.345 -1.335 -1.352 -1.359 -1.344 -1.351]
 [-1.335 -1.367 -1.344 -1.373 -1.346 -1.376]
 [-1.368 -1.327 -1.31  -1.376 -1.353 -1.307]
 [-1.334 -1.35  -1.34  -1.334 -1.353 -1.349]]
Nash policies:  [(array([0.149, 0.   , 0.227, 0.   , 0.108, 0.516]), array([0.232, 0.   , 0.   , 0.043, 0.489, 0.236]))]
Frame: 20250000, Avg. RL Loss: 0.020, Avg. Q value: -0.019, Avg. Length: 496.6, P0 Avg. Reward: 0.010, P1 Avg. Reward: -0.010
Q table: 
 [[-0.668 -0.673 -0.677 -0.671 -0.656 -0.666]
 [-0.678 -0.679 -0.697 -0.669 -0.671 -0.68 ]
 [-0.666 -0.685 -0.673 -0.672 -0.679 -0.671]
 [-0.686 -0.673 -0.668 -0.679 -0.699 -0.674]
 [-0.661 -0.671 -0.683 -0.683 -0.667 -0.695]
 [-0.678 -0.666 -0.674 -0.671 -0.673 -0.677]]
Nash policies:  [(array([0.324, 0.   , 0.2  , 0.189, 0.   , 0.287]), array([0.178, 0.126, 0.641, 0.   , 0.054, 0.   ]))]
Frame: 20500000, Avg. RL Loss: 0.021, Avg. Q value: 0.064, Avg. Length: 490.6, P0 Avg. Reward: -0.173, P1 Avg. Reward: 0.173
Q table: 
 [[0.93  0.933 0.957 0.946 0.915 0.961]
 [0.926 0.934 0.909 0.901 0.924 0.913]
 [0.91  0.943 0.944 0.93  0.918 0.926]
 [0.948 0.941 0.957 0.944 0.921 0.926]
 [0.953 0.943 0.953 0.934 0.941 0.942]
 [0.929 0.95  0.94  0.941 0.934 0.944]]
Nash policies:  [(array([0.   , 0.   , 0.   , 0.   , 0.461, 0.539]), array([0.   , 0.   , 0.   , 0.499, 0.501, 0.   ]))]
Frame: 20750000, Avg. RL Loss: 0.019, Avg. Q value: 0.037, Avg. Length: 502.3, P0 Avg. Reward: -0.014, P1 Avg. Reward: 0.014
Q table: 
 [[-1.665 -1.65  -1.733 -1.704 -1.694 -1.698]
 [-1.757 -1.643 -1.612 -1.624 -1.761 -1.744]
 [-1.682 -1.686 -1.651 -1.771 -1.742 -1.674]
 [-1.714 -1.641 -1.695 -1.704 -1.717 -1.697]
 [-1.729 -1.637 -1.631 -1.717 -1.723 -1.715]
 [-1.709 -1.712 -1.606 -1.69  -1.736 -1.767]]
Nash policies:  [(array([0.689, 0.042, 0.   , 0.051, 0.218, 0.   ]), array([0.   , 0.   , 0.164, 0.195, 0.293, 0.348]))]
Frame: 21000000, Avg. RL Loss: 0.019, Avg. Q value: 0.006, Avg. Length: 480.7, P0 Avg. Reward: 0.142, P1 Avg. Reward: -0.142
Q table: 
 [[1.578 1.558 1.566 1.584 1.554 1.531]
 [1.568 1.578 1.594 1.567 1.579 1.575]
 [1.58  1.571 1.575 1.577 1.561 1.572]
 [1.593 1.554 1.587 1.577 1.567 1.57 ]
 [1.572 1.578 1.601 1.579 1.581 1.542]
 [1.572 1.577 1.557 1.593 1.584 1.575]]
Nash policies:  [(array([0.   , 0.312, 0.063, 0.129, 0.   , 0.496]), array([0.257, 0.147, 0.025, 0.   , 0.   , 0.57 ]))]
Frame: 21250000, Avg. RL Loss: 0.019, Avg. Q value: 0.006, Avg. Length: 489.0, P0 Avg. Reward: -0.110, P1 Avg. Reward: 0.110
Q table: 
 [[1.088 1.079 1.085 1.082 1.085 1.095]
 [1.09  1.09  1.081 1.087 1.09  1.082]
 [1.088 1.086 1.097 1.078 1.097 1.07 ]
 [1.079 1.106 1.075 1.083 1.062 1.086]
 [1.078 1.098 1.07  1.072 1.086 1.081]
 [1.081 1.09  1.08  1.07  1.071 1.082]]
Nash policies:  [(array([0.332, 0.548, 0.12 , 0.   , 0.   , 0.   ]), array([0.   , 0.   , 0.386, 0.528, 0.   , 0.086]))]
Frame: 21500000, Avg. RL Loss: 0.019, Avg. Q value: -0.022, Avg. Length: 498.4, P0 Avg. Reward: -0.137, P1 Avg. Reward: 0.137
Q table: 
 [[0.798 0.82  0.8   0.802 0.807 0.796]
 [0.795 0.797 0.798 0.79  0.803 0.815]
 [0.807 0.808 0.798 0.783 0.799 0.806]
 [0.797 0.809 0.793 0.788 0.788 0.803]
 [0.805 0.807 0.778 0.789 0.808 0.793]
 [0.814 0.81  0.789 0.796 0.793 0.799]]
Nash policies:  [(array([0.78 , 0.086, 0.092, 0.   , 0.   , 0.042]), array([0.263, 0.   , 0.344, 0.198, 0.   , 0.195]))]
Frame: 21750000, Avg. RL Loss: 0.018, Avg. Q value: -0.004, Avg. Length: 486.9, P0 Avg. Reward: 0.059, P1 Avg. Reward: -0.059
Q table: 
 [[-0.644 -0.634 -0.631 -0.651 -0.64  -0.637]
 [-0.651 -0.64  -0.644 -0.631 -0.647 -0.641]
 [-0.651 -0.636 -0.635 -0.649 -0.645 -0.64 ]
 [-0.633 -0.643 -0.639 -0.642 -0.65  -0.651]
 [-0.643 -0.63  -0.649 -0.647 -0.633 -0.654]
 [-0.636 -0.618 -0.643 -0.652 -0.66  -0.651]]
Nash policies:  [(array([0.39 , 0.275, 0.   , 0.221, 0.114, 0.   ]), array([0.296, 0.   , 0.   , 0.228, 0.272, 0.204]))]
Frame: 22000000, Avg. RL Loss: 0.018, Avg. Q value: 0.014, Avg. Length: 492.9, P0 Avg. Reward: -0.016, P1 Avg. Reward: 0.016
Q table: 
 [[1.724 1.745 1.767 1.703 1.769 1.733]
 [1.738 1.73  1.723 1.711 1.723 1.71 ]
 [1.712 1.729 1.712 1.722 1.726 1.702]
 [1.723 1.723 1.699 1.724 1.752 1.744]
 [1.727 1.749 1.729 1.742 1.764 1.743]
 [1.761 1.747 1.764 1.753 1.725 1.768]]
Nash policies:  [(array([0.09 , 0.   , 0.   , 0.   , 0.394, 0.516]), array([0.532, 0.   , 0.   , 0.007, 0.461, 0.   ]))]
Frame: 22250000, Avg. RL Loss: 0.019, Avg. Q value: 0.030, Avg. Length: 482.2, P0 Avg. Reward: 0.039, P1 Avg. Reward: -0.039
Q table: 
 [[1.409 1.396 1.438 1.423 1.395 1.376]
 [1.389 1.404 1.428 1.389 1.431 1.394]
 [1.419 1.428 1.423 1.425 1.42  1.405]
 [1.429 1.432 1.418 1.43  1.425 1.378]
 [1.405 1.417 1.426 1.411 1.405 1.402]
 [1.417 1.414 1.409 1.392 1.407 1.437]]
Nash policies:  [(array([0.   , 0.   , 0.697, 0.   , 0.   , 0.303]), array([0.   , 0.   , 0.   , 0.498, 0.   , 0.502]))]
Frame: 22500000, Avg. RL Loss: 0.020, Avg. Q value: 0.082, Avg. Length: 488.9, P0 Avg. Reward: 0.165, P1 Avg. Reward: -0.165
Q table: 
 [[1.143 1.134 1.139 1.128 1.129 1.131]
 [1.126 1.119 1.124 1.12  1.118 1.123]
 [1.112 1.135 1.101 1.127 1.121 1.127]
 [1.125 1.12  1.11  1.114 1.101 1.142]
 [1.122 1.113 1.126 1.12  1.119 1.117]
 [1.129 1.129 1.112 1.108 1.132 1.113]]
Nash policies:  [(array([1., 0., 0., 0., 0., 0.]), array([0., 0., 0., 1., 0., 0.]))]
Frame: 22750000, Avg. RL Loss: 0.020, Avg. Q value: 0.116, Avg. Length: 499.7, P0 Avg. Reward: -0.266, P1 Avg. Reward: 0.266
Q table: 
 [[2.046 2.043 2.056 2.088 2.085 2.059]
 [2.074 2.072 2.068 2.06  2.059 2.051]
 [2.055 2.057 2.092 2.052 2.09  2.045]
 [2.076 2.063 2.03  2.063 2.063 2.101]
 [2.068 2.036 2.05  2.04  2.046 2.036]
 [2.105 2.072 2.077 2.056 2.029 2.086]]
Nash policies:  [(array([0.172, 0.436, 0.112, 0.154, 0.   , 0.125]), array([0.   , 0.365, 0.118, 0.232, 0.16 , 0.125]))]
Frame: 23000000, Avg. RL Loss: 0.022, Avg. Q value: 0.224, Avg. Length: 494.5, P0 Avg. Reward: -0.024, P1 Avg. Reward: 0.024
Q table: 
 [[-1.156 -1.167 -1.14  -1.154 -1.139 -1.16 ]
 [-1.158 -1.141 -1.151 -1.141 -1.15  -1.14 ]
 [-1.143 -1.139 -1.154 -1.149 -1.145 -1.155]
 [-1.135 -1.141 -1.14  -1.137 -1.129 -1.14 ]
 [-1.157 -1.126 -1.128 -1.156 -1.155 -1.147]
 [-1.135 -1.128 -1.124 -1.149 -1.15  -1.15 ]]
Nash policies:  [(array([0.  , 0.  , 0.  , 0.94, 0.06, 0.  ]), array([0.   , 0.324, 0.   , 0.   , 0.   , 0.676]))]
Frame: 23250000, Avg. RL Loss: 0.022, Avg. Q value: 0.078, Avg. Length: 499.0, P0 Avg. Reward: -0.272, P1 Avg. Reward: 0.272
Q table: 
 [[1.663 1.624 1.652 1.628 1.613 1.625]
 [1.668 1.603 1.626 1.624 1.625 1.6  ]
 [1.607 1.617 1.634 1.611 1.633 1.612]
 [1.623 1.642 1.612 1.647 1.638 1.631]
 [1.645 1.652 1.657 1.648 1.654 1.648]
 [1.627 1.649 1.643 1.669 1.608 1.625]]
Nash policies:  [(array([0.024, 0.029, 0.   , 0.   , 0.946, 0.   ]), array([0.527, 0.   , 0.   , 0.458, 0.   , 0.015]))]
Frame: 23500000, Avg. RL Loss: 0.022, Avg. Q value: 0.128, Avg. Length: 501.6, P0 Avg. Reward: 0.118, P1 Avg. Reward: -0.118
Q table: 
 [[1.048 1.059 1.073 1.079 1.08  1.103]
 [1.064 1.053 1.027 1.043 1.062 1.06 ]
 [1.056 1.062 1.026 1.053 1.066 1.08 ]
 [1.103 1.097 1.087 1.068 1.076 1.024]
 [1.084 1.08  1.083 1.088 1.067 1.107]
 [1.059 1.098 1.067 1.072 1.078 1.069]]
Nash policies:  [(array([0.421, 0.   , 0.   , 0.357, 0.222, 0.   ]), array([0.219, 0.   , 0.   , 0.   , 0.655, 0.126]))]
Frame: 23750000, Avg. RL Loss: 0.024, Avg. Q value: 0.173, Avg. Length: 487.1, P0 Avg. Reward: 0.035, P1 Avg. Reward: -0.035
Q table: 
 [[1.411 1.395 1.382 1.398 1.414 1.406]
 [1.374 1.381 1.391 1.406 1.384 1.389]
 [1.436 1.392 1.382 1.383 1.412 1.398]
 [1.381 1.379 1.379 1.374 1.399 1.393]
 [1.401 1.393 1.374 1.384 1.379 1.367]
 [1.419 1.402 1.383 1.387 1.394 1.389]]
Nash policies:  [(array([0.021, 0.633, 0.   , 0.   , 0.   , 0.346]), array([0.   , 0.195, 0.687, 0.   , 0.118, 0.   ]))]
Frame: 24000000, Avg. RL Loss: 0.021, Avg. Q value: 0.101, Avg. Length: 500.4, P0 Avg. Reward: -0.044, P1 Avg. Reward: 0.044
Q table: 
 [[1.049 1.038 1.024 1.038 1.049 1.042]
 [1.038 1.051 1.05  1.044 1.017 1.057]
 [1.05  1.038 1.024 1.045 1.036 1.054]
 [1.039 1.037 1.051 1.047 1.029 1.041]
 [1.04  1.016 1.034 1.045 1.047 1.02 ]
 [1.043 1.021 1.027 1.039 1.034 1.042]]
Nash policies:  [(array([0.473, 0.042, 0.   , 0.485, 0.   , 0.   ]), array([0.   , 0.342, 0.292, 0.   , 0.366, 0.   ]))]
Frame: 24250000, Avg. RL Loss: 0.022, Avg. Q value: 0.110, Avg. Length: 496.0, P0 Avg. Reward: -0.028, P1 Avg. Reward: 0.028
Q table: 
 [[1.092 1.104 1.095 1.087 1.107 1.059]
 [1.049 1.106 1.088 1.054 1.069 1.065]
 [1.1   1.094 1.12  1.084 1.087 1.113]
 [1.086 1.09  1.087 1.067 1.068 1.123]
 [1.065 1.093 1.119 1.103 1.114 1.119]
 [1.09  1.097 1.094 1.07  1.043 1.102]]
Nash policies:  [(array([0. , 0. , 0.7, 0. , 0.3, 0. ]), array([0.355, 0.   , 0.   , 0.645, 0.   , 0.   ]))]
Frame: 24500000, Avg. RL Loss: 0.019, Avg. Q value: 0.100, Avg. Length: 494.6, P0 Avg. Reward: -0.036, P1 Avg. Reward: 0.036
Q table: 
 [[-0.874 -0.875 -0.874 -0.869 -0.889 -0.887]
 [-0.888 -0.861 -0.882 -0.892 -0.867 -0.882]
 [-0.882 -0.877 -0.87  -0.867 -0.863 -0.884]
 [-0.88  -0.877 -0.88  -0.868 -0.873 -0.851]
 [-0.882 -0.879 -0.878 -0.864 -0.86  -0.874]
 [-0.885 -0.879 -0.86  -0.872 -0.832 -0.877]]
Nash policies:  [(array([0.613, 0.   , 0.   , 0.238, 0.   , 0.149]), array([0.78 , 0.   , 0.   , 0.   , 0.149, 0.071]))]
Frame: 24750000, Avg. RL Loss: 0.019, Avg. Q value: 0.046, Avg. Length: 489.5, P0 Avg. Reward: 0.045, P1 Avg. Reward: -0.045
Q table: 
 [[-0.718 -0.715 -0.721 -0.712 -0.717 -0.717]
 [-0.72  -0.722 -0.725 -0.719 -0.712 -0.718]
 [-0.721 -0.698 -0.731 -0.719 -0.714 -0.715]
 [-0.729 -0.711 -0.713 -0.714 -0.715 -0.722]
 [-0.718 -0.713 -0.73  -0.718 -0.709 -0.723]
 [-0.728 -0.721 -0.713 -0.712 -0.699 -0.718]]
Nash policies:  [(array([0.846, 0.   , 0.   , 0.   , 0.   , 0.154]), array([0.462, 0.   , 0.538, 0.   , 0.   , 0.   ]))]
Frame: 25000000, Avg. RL Loss: 0.023, Avg. Q value: 0.119, Avg. Length: 492.6, P0 Avg. Reward: -0.108, P1 Avg. Reward: 0.108
Q table: 
 [[1.158 1.148 1.139 1.155 1.155 1.153]
 [1.121 1.141 1.138 1.158 1.145 1.127]
 [1.129 1.144 1.149 1.143 1.126 1.144]
 [1.164 1.169 1.141 1.144 1.139 1.149]
 [1.131 1.134 1.137 1.146 1.15  1.136]
 [1.161 1.165 1.155 1.157 1.155 1.155]]
Nash policies:  [(array([0.002, 0.   , 0.   , 0.   , 0.   , 0.998]), array([0.   , 0.   , 0.046, 0.   , 0.954, 0.   ]))]
Frame: 25250000, Avg. RL Loss: 0.021, Avg. Q value: 0.148, Avg. Length: 484.0, P0 Avg. Reward: 0.027, P1 Avg. Reward: -0.027
Q table: 
 [[0.95  0.928 0.922 0.915 0.944 0.92 ]
 [0.916 0.928 0.918 0.926 0.916 0.908]
 [0.915 0.913 0.896 0.887 0.901 0.88 ]
 [0.93  0.93  0.907 0.922 0.91  0.928]
 [0.929 0.957 0.907 0.929 0.917 0.94 ]
 [0.945 0.943 0.918 0.928 0.937 0.945]]
Nash policies:  [(array([0.601, 0.   , 0.   , 0.   , 0.   , 0.399]), array([0.   , 0.   , 0.735, 0.265, 0.   , 0.   ]))]
Frame: 25500000, Avg. RL Loss: 0.020, Avg. Q value: 0.029, Avg. Length: 489.6, P0 Avg. Reward: 0.055, P1 Avg. Reward: -0.055
Q table: 
 [[-1.324 -1.328 -1.331 -1.326 -1.34  -1.348]
 [-1.325 -1.338 -1.325 -1.337 -1.303 -1.336]
 [-1.324 -1.367 -1.328 -1.313 -1.321 -1.335]
 [-1.324 -1.334 -1.325 -1.33  -1.334 -1.316]
 [-1.312 -1.326 -1.341 -1.319 -1.325 -1.34 ]
 [-1.315 -1.326 -1.323 -1.322 -1.305 -1.336]]
Nash policies:  [(array([0.   , 0.   , 0.   , 0.348, 0.   , 0.652]), array([0.  , 0.72, 0.  , 0.  , 0.  , 0.28]))]
Frame: 25750000, Avg. RL Loss: 0.022, Avg. Q value: 0.103, Avg. Length: 493.0, P0 Avg. Reward: -0.004, P1 Avg. Reward: 0.004
Q table: 
 [[-0.044 -0.046 -0.043 -0.058 -0.06  -0.07 ]
 [-0.048 -0.045 -0.059 -0.06  -0.038 -0.048]
 [-0.071 -0.051 -0.066 -0.041 -0.06  -0.054]
 [-0.045 -0.047 -0.047 -0.058 -0.029 -0.063]
 [-0.041 -0.055 -0.038 -0.047 -0.036 -0.049]
 [-0.054 -0.048 -0.05  -0.05  -0.052 -0.055]]
Nash policies:  [(array([0.   , 0.327, 0.151, 0.   , 0.436, 0.086]), array([0.   , 0.46 , 0.094, 0.246, 0.   , 0.2  ]))]
Frame: 26000000, Avg. RL Loss: 0.022, Avg. Q value: 0.170, Avg. Length: 497.5, P0 Avg. Reward: 0.032, P1 Avg. Reward: -0.032
Q table: 
 [[-1.086 -1.11  -1.132 -1.123 -1.14  -1.142]
 [-1.119 -1.126 -1.115 -1.104 -1.114 -1.141]
 [-1.106 -1.125 -1.111 -1.111 -1.11  -1.132]
 [-1.124 -1.136 -1.113 -1.116 -1.134 -1.127]
 [-1.125 -1.13  -1.136 -1.125 -1.134 -1.109]
 [-1.129 -1.12  -1.133 -1.127 -1.134 -1.124]]
Nash policies:  [(array([0.   , 0.   , 0.431, 0.   , 0.219, 0.35 ]), array([0.   , 0.43 , 0.222, 0.   , 0.   , 0.348]))]
Frame: 26250000, Avg. RL Loss: 0.022, Avg. Q value: 0.085, Avg. Length: 488.0, P0 Avg. Reward: 0.054, P1 Avg. Reward: -0.054
Q table: 
 [[0.641 0.651 0.659 0.653 0.638 0.649]
 [0.655 0.656 0.632 0.643 0.644 0.64 ]
 [0.644 0.647 0.625 0.654 0.634 0.648]
 [0.65  0.634 0.643 0.644 0.652 0.624]
 [0.66  0.652 0.649 0.621 0.646 0.653]
 [0.664 0.665 0.664 0.659 0.657 0.65 ]]
Nash policies:  [(array([0.   , 0.   , 0.   , 0.   , 0.226, 0.774]), array([0.   , 0.   , 0.   , 0.081, 0.   , 0.919]))]
Frame: 26500000, Avg. RL Loss: 0.020, Avg. Q value: 0.118, Avg. Length: 469.2, P0 Avg. Reward: 0.081, P1 Avg. Reward: -0.081
Q table: 
 [[0.861 0.857 0.852 0.871 0.838 0.859]
 [0.861 0.854 0.847 0.859 0.847 0.856]
 [0.851 0.855 0.835 0.848 0.849 0.854]
 [0.849 0.86  0.848 0.862 0.839 0.869]
 [0.834 0.845 0.854 0.834 0.838 0.848]
 [0.86  0.855 0.851 0.866 0.856 0.87 ]]
Nash policies:  [(array([0.   , 0.   , 0.   , 0.   , 0.236, 0.764]), array([0.   , 0.   , 0.833, 0.   , 0.167, 0.   ]))]
Frame: 26750000, Avg. RL Loss: 0.021, Avg. Q value: 0.133, Avg. Length: 493.4, P0 Avg. Reward: 0.162, P1 Avg. Reward: -0.162
Q table: 
 [[2.231 2.23  2.207 2.193 2.249 2.203]
 [2.215 2.201 2.202 2.227 2.242 2.228]
 [2.222 2.237 2.201 2.223 2.216 2.249]
 [2.178 2.228 2.219 2.215 2.214 2.24 ]
 [2.161 2.18  2.22  2.194 2.167 2.217]
 [2.203 2.217 2.196 2.206 2.2   2.19 ]]
Nash policies:  [(array([0.354, 0.   , 0.286, 0.361, 0.   , 0.   ]), array([0.209, 0.   , 0.606, 0.186, 0.   , 0.   ]))]
Frame: 27000000, Avg. RL Loss: 0.022, Avg. Q value: 0.152, Avg. Length: 493.2, P0 Avg. Reward: 0.096, P1 Avg. Reward: -0.096
Q table: 
 [[-1.241 -1.217 -1.221 -1.244 -1.243 -1.26 ]
 [-1.254 -1.214 -1.229 -1.242 -1.242 -1.217]
 [-1.208 -1.212 -1.229 -1.219 -1.252 -1.226]
 [-1.209 -1.238 -1.213 -1.239 -1.24  -1.231]
 [-1.23  -1.199 -1.207 -1.229 -1.239 -1.235]
 [-1.222 -1.235 -1.225 -1.228 -1.234 -1.246]]
Nash policies:  [(array([0.  , 0.32, 0.  , 0.  , 0.  , 0.68]), array([0.   , 0.   , 0.   , 0.   , 0.782, 0.218]))]
Frame: 27250000, Avg. RL Loss: 0.021, Avg. Q value: 0.109, Avg. Length: 481.4, P0 Avg. Reward: 0.048, P1 Avg. Reward: -0.048
Q table: 
 [[1.792 1.809 1.809 1.828 1.848 1.794]
 [1.785 1.822 1.815 1.804 1.811 1.842]
 [1.823 1.828 1.852 1.795 1.797 1.861]
 [1.806 1.808 1.834 1.801 1.831 1.799]
 [1.792 1.788 1.793 1.815 1.832 1.781]
 [1.774 1.79  1.826 1.798 1.794 1.832]]
Nash policies:  [(array([0.446, 0.   , 0.554, 0.   , 0.   , 0.   ]), array([0.52, 0.  , 0.  , 0.48, 0.  , 0.  ]))]
Frame: 27500000, Avg. RL Loss: 0.022, Avg. Q value: 0.106, Avg. Length: 498.6, P0 Avg. Reward: 0.114, P1 Avg. Reward: -0.114
Q table: 
 [[-0.382 -0.347 -0.362 -0.357 -0.345 -0.363]
 [-0.401 -0.324 -0.332 -0.355 -0.384 -0.397]
 [-0.385 -0.342 -0.325 -0.345 -0.366 -0.368]
 [-0.347 -0.343 -0.336 -0.357 -0.385 -0.376]
 [-0.39  -0.355 -0.304 -0.355 -0.355 -0.363]
 [-0.368 -0.313 -0.293 -0.344 -0.37  -0.374]]
Nash policies:  [(array([0.601, 0.   , 0.   , 0.399, 0.   , 0.   ]), array([0.259, 0.   , 0.   , 0.   , 0.   , 0.741]))]
Frame: 27750000, Avg. RL Loss: 0.020, Avg. Q value: 0.109, Avg. Length: 485.6, P0 Avg. Reward: -0.068, P1 Avg. Reward: 0.068
Q table: 
 [[1.089 1.078 1.097 1.085 1.08  1.084]
 [1.071 1.083 1.077 1.063 1.091 1.108]
 [1.073 1.086 1.069 1.086 1.079 1.078]
 [1.08  1.094 1.082 1.085 1.093 1.088]
 [1.081 1.05  1.069 1.091 1.057 1.079]
 [1.074 1.067 1.044 1.06  1.044 1.067]]
Nash policies:  [(array([0.518, 0.   , 0.   , 0.465, 0.017, 0.   ]), array([0.18 , 0.108, 0.   , 0.712, 0.   , 0.   ]))]
Frame: 28000000, Avg. RL Loss: 0.020, Avg. Q value: 0.081, Avg. Length: 485.7, P0 Avg. Reward: -0.058, P1 Avg. Reward: 0.058
Q table: 
 [[-0.84  -0.862 -0.848 -0.853 -0.853 -0.847]
 [-0.857 -0.865 -0.842 -0.862 -0.841 -0.841]
 [-0.863 -0.866 -0.866 -0.854 -0.849 -0.849]
 [-0.864 -0.864 -0.865 -0.859 -0.845 -0.85 ]
 [-0.859 -0.878 -0.868 -0.853 -0.851 -0.849]
 [-0.864 -0.87  -0.871 -0.863 -0.846 -0.837]]
Nash policies:  [(array([1., 0., 0., 0., 0., 0.]), array([0., 1., 0., 0., 0., 0.]))]
Frame: 28250000, Avg. RL Loss: 0.019, Avg. Q value: 0.122, Avg. Length: 475.0, P0 Avg. Reward: 0.124, P1 Avg. Reward: -0.124
Q table: 
 [[-0.942 -0.923 -0.937 -0.913 -0.916 -0.937]
 [-0.924 -0.912 -0.933 -0.923 -0.907 -0.952]
 [-0.917 -0.941 -0.931 -0.927 -0.93  -0.93 ]
 [-0.921 -0.911 -0.92  -0.953 -0.927 -0.94 ]
 [-0.94  -0.933 -0.923 -0.931 -0.921 -0.908]
 [-0.903 -0.91  -0.917 -0.906 -0.921 -0.918]]
Nash policies:  [(array([0.   , 0.099, 0.   , 0.   , 0.177, 0.723]), array([0.   , 0.   , 0.217, 0.   , 0.628, 0.156]))]Load SlimeVolley env: SlimeVolley-v0
Load SlimeVolley env: SlimeVolley-v0
Load SlimeVolley env: SlimeVolley-v0
Load SlimeVolley env: SlimeVolley-v0
Load SlimeVolley env: SlimeVolley-v0
